
md10.edr: 0.0 - 20001.0; lambda = (0, 0.9)
    foreign lambdas:
        delta H to (0, 0.8) (20001 pts)
        delta H to (0, 0.9) (20001 pts)
        delta H to (0, 1) (20001 pts)



md11.edr: 0.0 - 20001.0; lambda = (0, 1)
    foreign lambdas:
        delta H to (0, 0.9) (20001 pts)
        delta H to (0, 1) (20001 pts)
        delta H to (0.2, 1) (20001 pts)



md12.edr: 0.0 - 20001.0; lambda = (0.2, 1)
    foreign lambdas:
        delta H to (0, 1) (20001 pts)
        delta H to (0.2, 1) (20001 pts)
        delta H to (0.4, 1) (20001 pts)



md13.edr: 0.0 - 20001.0; lambda = (0.4, 1)
    foreign lambdas:
        delta H to (0.2, 1) (20001 pts)
        delta H to (0.4, 1) (20001 pts)
        delta H to (0.6, 1) (20001 pts)



md14.edr: 0.0 - 20001.0; lambda = (0.6, 1)
    foreign lambdas:
        delta H to (0.4, 1) (20001 pts)
        delta H to (0.6, 1) (20001 pts)
        delta H to (0.8, 1) (20001 pts)



md15.edr: 0.0 - 20001.0; lambda = (0.8, 1)
    foreign lambdas:
        delta H to (0.6, 1) (20001 pts)
        delta H to (0.8, 1) (20001 pts)
        delta H to (1, 1) (20001 pts)



md16.edr: 0.0 - 20001.0; lambda = (1, 1)
    foreign lambdas:
        delta H to (0.8, 1) (20001 pts)
        delta H to (1, 1) (20001 pts)



md1.edr: 0.0 - 20001.0; lambda = (0, 0)
    foreign lambdas:
        delta H to (0, 0) (20001 pts)
        delta H to (0, 0.1) (20001 pts)



md2.edr: 0.0 - 20001.0; lambda = (0, 0.1)
    foreign lambdas:
        delta H to (0, 0) (20001 pts)
        delta H to (0, 0.1) (20001 pts)
        delta H to (0, 0.2) (20001 pts)



md3.edr: 0.0 - 20001.0; lambda = (0, 0.2)
    foreign lambdas:
        delta H to (0, 0.1) (20001 pts)
        delta H to (0, 0.2) (20001 pts)
        delta H to (0, 0.3) (20001 pts)



md4.edr: 0.0 - 20001.0; lambda = (0, 0.3)
    foreign lambdas:
        delta H to (0, 0.2) (20001 pts)
        delta H to (0, 0.3) (20001 pts)
        delta H to (0, 0.4) (20001 pts)



md5.edr: 0.0 - 20001.0; lambda = (0, 0.4)
    foreign lambdas:
        delta H to (0, 0.3) (20001 pts)
        delta H to (0, 0.4) (20001 pts)
        delta H to (0, 0.5) (20001 pts)



md6.edr: 0.0 - 20001.0; lambda = (0, 0.5)
    foreign lambdas:
        delta H to (0, 0.4) (20001 pts)
        delta H to (0, 0.5) (20001 pts)
        delta H to (0, 0.6) (20001 pts)



md7.edr: 0.0 - 20001.0; lambda = (0, 0.6)
    foreign lambdas:
        delta H to (0, 0.5) (20001 pts)
        delta H to (0, 0.6) (20001 pts)
        delta H to (0, 0.7) (20001 pts)



md8.edr: 0.0 - 20001.0; lambda = (0, 0.7)
    foreign lambdas:
        delta H to (0, 0.6) (20001 pts)
        delta H to (0, 0.7) (20001 pts)
        delta H to (0, 0.8) (20001 pts)



md9.edr: 0.0 - 20001.0; lambda = (0, 0.8)
    foreign lambdas:
        delta H to (0, 0.7) (20001 pts)
        delta H to (0, 0.8) (20001 pts)
        delta H to (0, 0.9) (20001 pts)



   Samples in time interval: 0.000 - 20001.000
Removing samples outside of: 0.000 - 11000.000

Temperature: 298.15 K

Detailed results in kT (see help for explanation):

 lam_A  lam_B      DG   +/-     s_A   +/-     s_B   +/-   stdev   +/- 
     0      1    1.35  0.08    0.82  0.05    0.89  0.05    1.34  0.02
     1      2    1.61  0.12    2.80  0.12    2.11  0.07    2.61  0.07
     2      3   -0.03  0.08    2.25  0.14    1.28  0.06    1.92  0.06
     3      4   -0.72  0.04    1.33  0.02    0.82  0.01    1.47  0.01
     4      5   -1.07  0.03    1.08  0.03    0.69  0.02    1.31  0.01
     5      6   -1.33  0.02    0.90  0.03    0.57  0.02    1.19  0.01
     6      7   -1.49  0.02    0.81  0.03    0.51  0.02    1.10  0.02
     7      8   -1.67  0.03    0.72  0.03    0.46  0.02    1.03  0.02
     8      9   -1.81  0.01    0.62  0.02    0.40  0.01    0.95  0.01
     9     10   -1.93  0.01    0.54  0.02    0.35  0.02    0.89  0.01
    10     11   -0.16  0.04    0.09  0.02    0.09  0.02    0.39  0.02
    11     12   -0.25  0.02   -0.00  0.04    0.01  0.04    0.40  0.01
    12     13   -0.34  0.04    0.09  0.05    0.10  0.05    0.42  0.03
    13     14   -0.77  0.08    0.33  0.03    0.37  0.03    0.65  0.02
    14     15   -1.58  0.13    0.44  0.11    0.51  0.11    0.95  0.06


Final results in kJ/mol:

point      0 -      1,   DG  3.35 +/-  0.19
point      1 -      2,   DG  3.98 +/-  0.29
point      2 -      3,   DG -0.08 +/-  0.19
point      3 -      4,   DG -1.78 +/-  0.09
point      4 -      5,   DG -2.66 +/-  0.09
point      5 -      6,   DG -3.29 +/-  0.05
point      6 -      7,   DG -3.70 +/-  0.05
point      7 -      8,   DG -4.14 +/-  0.06
point      8 -      9,   DG -4.50 +/-  0.03
point      9 -     10,   DG -4.79 +/-  0.02
point     10 -     11,   DG -0.39 +/-  0.11
point     11 -     12,   DG -0.62 +/-  0.06
point     12 -     13,   DG -0.85 +/-  0.11
point     13 -     14,   DG -1.91 +/-  0.19
point     14 -     15,   DG -3.92 +/-  0.32

total      0 -     15,   DG -25.31 +/-  1.06

