
md10.edr: 0.0 - 20001.0; lambda = (0, 0.9)
    foreign lambdas:
        delta H to (0, 0.8) (20001 pts)
        delta H to (0, 0.9) (20001 pts)
        delta H to (0, 1) (20001 pts)



md11.edr: 0.0 - 20001.0; lambda = (0, 1)
    foreign lambdas:
        delta H to (0, 0.9) (20001 pts)
        delta H to (0, 1) (20001 pts)
        delta H to (0.2, 1) (20001 pts)



md12.edr: 0.0 - 20001.0; lambda = (0.2, 1)
    foreign lambdas:
        delta H to (0, 1) (20001 pts)
        delta H to (0.2, 1) (20001 pts)
        delta H to (0.4, 1) (20001 pts)



md13.edr: 0.0 - 20001.0; lambda = (0.4, 1)
    foreign lambdas:
        delta H to (0.2, 1) (20001 pts)
        delta H to (0.4, 1) (20001 pts)
        delta H to (0.6, 1) (20001 pts)



md14.edr: 0.0 - 20001.0; lambda = (0.6, 1)
    foreign lambdas:
        delta H to (0.4, 1) (20001 pts)
        delta H to (0.6, 1) (20001 pts)
        delta H to (0.8, 1) (20001 pts)



md15.edr: 0.0 - 20001.0; lambda = (0.8, 1)
    foreign lambdas:
        delta H to (0.6, 1) (20001 pts)
        delta H to (0.8, 1) (20001 pts)
        delta H to (1, 1) (20001 pts)



md16.edr: 0.0 - 20001.0; lambda = (1, 1)
    foreign lambdas:
        delta H to (0.8, 1) (20001 pts)
        delta H to (1, 1) (20001 pts)



md1.edr: 0.0 - 20001.0; lambda = (0, 0)
    foreign lambdas:
        delta H to (0, 0) (20001 pts)
        delta H to (0, 0.1) (20001 pts)



md2.edr: 0.0 - 20001.0; lambda = (0, 0.1)
    foreign lambdas:
        delta H to (0, 0) (20001 pts)
        delta H to (0, 0.1) (20001 pts)
        delta H to (0, 0.2) (20001 pts)



md3.edr: 0.0 - 20001.0; lambda = (0, 0.2)
    foreign lambdas:
        delta H to (0, 0.1) (20001 pts)
        delta H to (0, 0.2) (20001 pts)
        delta H to (0, 0.3) (20001 pts)



md4.edr: 0.0 - 20001.0; lambda = (0, 0.3)
    foreign lambdas:
        delta H to (0, 0.2) (20001 pts)
        delta H to (0, 0.3) (20001 pts)
        delta H to (0, 0.4) (20001 pts)



md5.edr: 0.0 - 20001.0; lambda = (0, 0.4)
    foreign lambdas:
        delta H to (0, 0.3) (20001 pts)
        delta H to (0, 0.4) (20001 pts)
        delta H to (0, 0.5) (20001 pts)



md6.edr: 0.0 - 20001.0; lambda = (0, 0.5)
    foreign lambdas:
        delta H to (0, 0.4) (20001 pts)
        delta H to (0, 0.5) (20001 pts)
        delta H to (0, 0.6) (20001 pts)



md7.edr: 0.0 - 20001.0; lambda = (0, 0.6)
    foreign lambdas:
        delta H to (0, 0.5) (20001 pts)
        delta H to (0, 0.6) (20001 pts)
        delta H to (0, 0.7) (20001 pts)



md8.edr: 0.0 - 20001.0; lambda = (0, 0.7)
    foreign lambdas:
        delta H to (0, 0.6) (20001 pts)
        delta H to (0, 0.7) (20001 pts)
        delta H to (0, 0.8) (20001 pts)



md9.edr: 0.0 - 20001.0; lambda = (0, 0.8)
    foreign lambdas:
        delta H to (0, 0.7) (20001 pts)
        delta H to (0, 0.8) (20001 pts)
        delta H to (0, 0.9) (20001 pts)



   Samples in time interval: 0.000 - 20001.000
Removing samples outside of: 0.000 - 7000.000

Temperature: 298.15 K

Detailed results in kT (see help for explanation):

 lam_A  lam_B      DG   +/-     s_A   +/-     s_B   +/-   stdev   +/- 
     0      1    1.45  0.13    0.77  0.11    0.86  0.11    1.31  0.07
     1      2    1.65  0.23    3.04  0.16    2.26  0.20    2.76  0.18
     2      3   -0.11  0.04    2.13  0.03    1.23  0.04    1.87  0.02
     3      4   -0.72  0.03    1.34  0.06    0.83  0.03    1.47  0.03
     4      5   -1.07  0.04    1.09  0.03    0.70  0.02    1.31  0.02
     5      6   -1.33  0.03    0.87  0.05    0.56  0.03    1.18  0.02
     6      7   -1.49  0.03    0.84  0.05    0.53  0.03    1.12  0.02
     7      8   -1.69  0.03    0.71  0.04    0.46  0.03    1.03  0.02
     8      9   -1.82  0.02    0.60  0.02    0.38  0.01    0.95  0.01
     9     10   -1.94  0.01    0.57  0.02    0.38  0.02    0.91  0.01
    10     11   -0.20  0.02    0.08  0.02    0.09  0.03    0.40  0.01
    11     12   -0.27  0.03   -0.02  0.03   -0.02  0.03    0.40  0.01
    12     13   -0.37  0.04    0.12  0.07    0.14  0.07    0.44  0.03
    13     14   -0.84  0.08    0.33  0.04    0.38  0.05    0.67  0.03
    14     15   -1.68  0.10    0.46  0.13    0.53  0.13    0.95  0.05


Final results in kJ/mol:

point      0 -      1,   DG  3.60 +/-  0.31
point      1 -      2,   DG  4.09 +/-  0.57
point      2 -      3,   DG -0.26 +/-  0.10
point      3 -      4,   DG -1.79 +/-  0.08
point      4 -      5,   DG -2.66 +/-  0.09
point      5 -      6,   DG -3.30 +/-  0.08
point      6 -      7,   DG -3.70 +/-  0.08
point      7 -      8,   DG -4.18 +/-  0.08
point      8 -      9,   DG -4.52 +/-  0.04
point      9 -     10,   DG -4.80 +/-  0.04
point     10 -     11,   DG -0.50 +/-  0.06
point     11 -     12,   DG -0.66 +/-  0.07
point     12 -     13,   DG -0.92 +/-  0.11
point     13 -     14,   DG -2.09 +/-  0.20
point     14 -     15,   DG -4.17 +/-  0.24

total      0 -     15,   DG -25.88 +/-  1.14

