
md10.edr: 0.0 - 20001.0; lambda = (0, 0.9)
    foreign lambdas:
        delta H to (0, 0.8) (20001 pts)
        delta H to (0, 0.9) (20001 pts)
        delta H to (0, 1) (20001 pts)



md11.edr: 0.0 - 20001.0; lambda = (0, 1)
    foreign lambdas:
        delta H to (0, 0.9) (20001 pts)
        delta H to (0, 1) (20001 pts)
        delta H to (0.2, 1) (20001 pts)



md12.edr: 0.0 - 20001.0; lambda = (0.2, 1)
    foreign lambdas:
        delta H to (0, 1) (20001 pts)
        delta H to (0.2, 1) (20001 pts)
        delta H to (0.4, 1) (20001 pts)



md13.edr: 0.0 - 20001.0; lambda = (0.4, 1)
    foreign lambdas:
        delta H to (0.2, 1) (20001 pts)
        delta H to (0.4, 1) (20001 pts)
        delta H to (0.6, 1) (20001 pts)



md14.edr: 0.0 - 20001.0; lambda = (0.6, 1)
    foreign lambdas:
        delta H to (0.4, 1) (20001 pts)
        delta H to (0.6, 1) (20001 pts)
        delta H to (0.8, 1) (20001 pts)



md15.edr: 0.0 - 20001.0; lambda = (0.8, 1)
    foreign lambdas:
        delta H to (0.6, 1) (20001 pts)
        delta H to (0.8, 1) (20001 pts)
        delta H to (1, 1) (20001 pts)



md16.edr: 0.0 - 20001.0; lambda = (1, 1)
    foreign lambdas:
        delta H to (0.8, 1) (20001 pts)
        delta H to (1, 1) (20001 pts)



md1.edr: 0.0 - 20001.0; lambda = (0, 0)
    foreign lambdas:
        delta H to (0, 0) (20001 pts)
        delta H to (0, 0.1) (20001 pts)



md2.edr: 0.0 - 20001.0; lambda = (0, 0.1)
    foreign lambdas:
        delta H to (0, 0) (20001 pts)
        delta H to (0, 0.1) (20001 pts)
        delta H to (0, 0.2) (20001 pts)



md3.edr: 0.0 - 20001.0; lambda = (0, 0.2)
    foreign lambdas:
        delta H to (0, 0.1) (20001 pts)
        delta H to (0, 0.2) (20001 pts)
        delta H to (0, 0.3) (20001 pts)



md4.edr: 0.0 - 20001.0; lambda = (0, 0.3)
    foreign lambdas:
        delta H to (0, 0.2) (20001 pts)
        delta H to (0, 0.3) (20001 pts)
        delta H to (0, 0.4) (20001 pts)



md5.edr: 0.0 - 20001.0; lambda = (0, 0.4)
    foreign lambdas:
        delta H to (0, 0.3) (20001 pts)
        delta H to (0, 0.4) (20001 pts)
        delta H to (0, 0.5) (20001 pts)



md6.edr: 0.0 - 20001.0; lambda = (0, 0.5)
    foreign lambdas:
        delta H to (0, 0.4) (20001 pts)
        delta H to (0, 0.5) (20001 pts)
        delta H to (0, 0.6) (20001 pts)



md7.edr: 0.0 - 20001.0; lambda = (0, 0.6)
    foreign lambdas:
        delta H to (0, 0.5) (20001 pts)
        delta H to (0, 0.6) (20001 pts)
        delta H to (0, 0.7) (20001 pts)



md8.edr: 0.0 - 20001.0; lambda = (0, 0.7)
    foreign lambdas:
        delta H to (0, 0.6) (20001 pts)
        delta H to (0, 0.7) (20001 pts)
        delta H to (0, 0.8) (20001 pts)



md9.edr: 0.0 - 20001.0; lambda = (0, 0.8)
    foreign lambdas:
        delta H to (0, 0.7) (20001 pts)
        delta H to (0, 0.8) (20001 pts)
        delta H to (0, 0.9) (20001 pts)



   Samples in time interval: 0.000 - 20001.000
Removing samples outside of: 0.000 - 17000.000

Temperature: 298.15 K

Detailed results in kT (see help for explanation):

 lam_A  lam_B      DG   +/-     s_A   +/-     s_B   +/-   stdev   +/- 
     0      1    1.27  0.09    0.90  0.07    0.97  0.06    1.39  0.03
     1      2    1.48  0.09    2.60  0.20    1.93  0.14    2.46  0.13
     2      3    0.02  0.05    2.28  0.06    1.32  0.04    1.95  0.03
     3      4   -0.72  0.02    1.37  0.03    0.83  0.02    1.48  0.01
     4      5   -1.08  0.02    1.08  0.04    0.68  0.02    1.31  0.01
     5      6   -1.31  0.02    0.90  0.02    0.58  0.01    1.20  0.01
     6      7   -1.50  0.01    0.84  0.04    0.53  0.03    1.12  0.02
     7      8   -1.68  0.02    0.69  0.02    0.44  0.01    1.02  0.01
     8      9   -1.82  0.01    0.63  0.02    0.41  0.01    0.96  0.00
     9     10   -1.92  0.01    0.53  0.02    0.34  0.02    0.89  0.01
    10     11   -0.13  0.03    0.08  0.03    0.09  0.03    0.38  0.03
    11     12   -0.25  0.02    0.03  0.04    0.04  0.04    0.39  0.01
    12     13   -0.41  0.05    0.12  0.05    0.15  0.06    0.48  0.04
    13     14   -0.77  0.06    0.21  0.09    0.25  0.09    0.63  0.02
    14     15   -1.51  0.10    0.49  0.09    0.58  0.10    0.96  0.04


Final results in kJ/mol:

point      0 -      1,   DG  3.16 +/-  0.21
point      1 -      2,   DG  3.67 +/-  0.23
point      2 -      3,   DG  0.05 +/-  0.13
point      3 -      4,   DG -1.79 +/-  0.05
point      4 -      5,   DG -2.67 +/-  0.04
point      5 -      6,   DG -3.25 +/-  0.04
point      6 -      7,   DG -3.72 +/-  0.02
point      7 -      8,   DG -4.18 +/-  0.04
point      8 -      9,   DG -4.51 +/-  0.03
point      9 -     10,   DG -4.77 +/-  0.02
point     10 -     11,   DG -0.32 +/-  0.08
point     11 -     12,   DG -0.62 +/-  0.05
point     12 -     13,   DG -1.02 +/-  0.12
point     13 -     14,   DG -1.90 +/-  0.14
point     14 -     15,   DG -3.74 +/-  0.26

total      0 -     15,   DG -25.60 +/-  0.60

