
md10.edr: 0.0 - 20001.0; lambda = (0, 0.9)
    foreign lambdas:
        delta H to (0, 0.8) (20001 pts)
        delta H to (0, 0.9) (20001 pts)
        delta H to (0, 1) (20001 pts)



md11.edr: 0.0 - 20001.0; lambda = (0, 1)
    foreign lambdas:
        delta H to (0, 0.9) (20001 pts)
        delta H to (0, 1) (20001 pts)
        delta H to (0.2, 1) (20001 pts)



md12.edr: 0.0 - 20001.0; lambda = (0.2, 1)
    foreign lambdas:
        delta H to (0, 1) (20001 pts)
        delta H to (0.2, 1) (20001 pts)
        delta H to (0.4, 1) (20001 pts)



md13.edr: 0.0 - 20001.0; lambda = (0.4, 1)
    foreign lambdas:
        delta H to (0.2, 1) (20001 pts)
        delta H to (0.4, 1) (20001 pts)
        delta H to (0.6, 1) (20001 pts)



md14.edr: 0.0 - 20001.0; lambda = (0.6, 1)
    foreign lambdas:
        delta H to (0.4, 1) (20001 pts)
        delta H to (0.6, 1) (20001 pts)
        delta H to (0.8, 1) (20001 pts)



md15.edr: 0.0 - 20001.0; lambda = (0.8, 1)
    foreign lambdas:
        delta H to (0.6, 1) (20001 pts)
        delta H to (0.8, 1) (20001 pts)
        delta H to (1, 1) (20001 pts)



md16.edr: 0.0 - 20001.0; lambda = (1, 1)
    foreign lambdas:
        delta H to (0.8, 1) (20001 pts)
        delta H to (1, 1) (20001 pts)



md1.edr: 0.0 - 20001.0; lambda = (0, 0)
    foreign lambdas:
        delta H to (0, 0) (20001 pts)
        delta H to (0, 0.1) (20001 pts)



md2.edr: 0.0 - 20001.0; lambda = (0, 0.1)
    foreign lambdas:
        delta H to (0, 0) (20001 pts)
        delta H to (0, 0.1) (20001 pts)
        delta H to (0, 0.2) (20001 pts)



md3.edr: 0.0 - 20001.0; lambda = (0, 0.2)
    foreign lambdas:
        delta H to (0, 0.1) (20001 pts)
        delta H to (0, 0.2) (20001 pts)
        delta H to (0, 0.3) (20001 pts)



md4.edr: 0.0 - 20001.0; lambda = (0, 0.3)
    foreign lambdas:
        delta H to (0, 0.2) (20001 pts)
        delta H to (0, 0.3) (20001 pts)
        delta H to (0, 0.4) (20001 pts)



md5.edr: 0.0 - 20001.0; lambda = (0, 0.4)
    foreign lambdas:
        delta H to (0, 0.3) (20001 pts)
        delta H to (0, 0.4) (20001 pts)
        delta H to (0, 0.5) (20001 pts)



md6.edr: 0.0 - 20001.0; lambda = (0, 0.5)
    foreign lambdas:
        delta H to (0, 0.4) (20001 pts)
        delta H to (0, 0.5) (20001 pts)
        delta H to (0, 0.6) (20001 pts)



md7.edr: 0.0 - 20001.0; lambda = (0, 0.6)
    foreign lambdas:
        delta H to (0, 0.5) (20001 pts)
        delta H to (0, 0.6) (20001 pts)
        delta H to (0, 0.7) (20001 pts)



md8.edr: 0.0 - 20001.0; lambda = (0, 0.7)
    foreign lambdas:
        delta H to (0, 0.6) (20001 pts)
        delta H to (0, 0.7) (20001 pts)
        delta H to (0, 0.8) (20001 pts)



md9.edr: 0.0 - 20001.0; lambda = (0, 0.8)
    foreign lambdas:
        delta H to (0, 0.7) (20001 pts)
        delta H to (0, 0.8) (20001 pts)
        delta H to (0, 0.9) (20001 pts)



   Samples in time interval: 0.000 - 20001.000
Removing samples outside of: 0.000 - 9000.000

Temperature: 298.15 K

Detailed results in kT (see help for explanation):

 lam_A  lam_B      DG   +/-     s_A   +/-     s_B   +/-   stdev   +/- 
     0      1    1.40  0.08    0.79  0.06    0.88  0.07    1.33  0.04
     1      2    1.66  0.10    2.87  0.17    2.16  0.13    2.67  0.10
     2      3   -0.04  0.08    2.28  0.14    1.28  0.06    1.93  0.06
     3      4   -0.70  0.04    1.35  0.06    0.83  0.04    1.47  0.03
     4      5   -1.06  0.03    1.09  0.03    0.70  0.02    1.31  0.02
     5      6   -1.33  0.02    0.89  0.03    0.57  0.02    1.19  0.01
     6      7   -1.51  0.02    0.82  0.05    0.51  0.03    1.11  0.02
     7      8   -1.69  0.03    0.70  0.03    0.44  0.02    1.02  0.02
     8      9   -1.82  0.02    0.61  0.02    0.40  0.01    0.95  0.01
     9     10   -1.93  0.01    0.54  0.04    0.35  0.03    0.89  0.02
    10     11   -0.18  0.03    0.08  0.02    0.09  0.02    0.38  0.03
    11     12   -0.25  0.03   -0.02  0.03   -0.01  0.03    0.40  0.01
    12     13   -0.34  0.04    0.09  0.06    0.11  0.06    0.42  0.03
    13     14   -0.80  0.08    0.35  0.04    0.40  0.04    0.66  0.02
    14     15   -1.55  0.13    0.35  0.14    0.42  0.15    0.91  0.07


Final results in kJ/mol:

point      0 -      1,   DG  3.46 +/-  0.19
point      1 -      2,   DG  4.12 +/-  0.25
point      2 -      3,   DG -0.09 +/-  0.21
point      3 -      4,   DG -1.74 +/-  0.09
point      4 -      5,   DG -2.63 +/-  0.08
point      5 -      6,   DG -3.30 +/-  0.06
point      6 -      7,   DG -3.73 +/-  0.05
point      7 -      8,   DG -4.18 +/-  0.08
point      8 -      9,   DG -4.52 +/-  0.04
point      9 -     10,   DG -4.79 +/-  0.03
point     10 -     11,   DG -0.44 +/-  0.08
point     11 -     12,   DG -0.62 +/-  0.07
point     12 -     13,   DG -0.83 +/-  0.10
point     13 -     14,   DG -1.97 +/-  0.21
point     14 -     15,   DG -3.83 +/-  0.33

total      0 -     15,   DG -25.12 +/-  0.66

