
md10.edr: 0.0 - 20001.0; lambda = (0, 0.9)
    foreign lambdas:
        delta H to (0, 0.8) (20001 pts)
        delta H to (0, 0.9) (20001 pts)
        delta H to (0, 1) (20001 pts)



md11.edr: 0.0 - 20001.0; lambda = (0, 1)
    foreign lambdas:
        delta H to (0, 0.9) (20001 pts)
        delta H to (0, 1) (20001 pts)
        delta H to (0.2, 1) (20001 pts)



md12.edr: 0.0 - 20001.0; lambda = (0.2, 1)
    foreign lambdas:
        delta H to (0, 1) (20001 pts)
        delta H to (0.2, 1) (20001 pts)
        delta H to (0.4, 1) (20001 pts)



md13.edr: 0.0 - 20001.0; lambda = (0.4, 1)
    foreign lambdas:
        delta H to (0.2, 1) (20001 pts)
        delta H to (0.4, 1) (20001 pts)
        delta H to (0.6, 1) (20001 pts)



md14.edr: 0.0 - 20001.0; lambda = (0.6, 1)
    foreign lambdas:
        delta H to (0.4, 1) (20001 pts)
        delta H to (0.6, 1) (20001 pts)
        delta H to (0.8, 1) (20001 pts)



md15.edr: 0.0 - 20001.0; lambda = (0.8, 1)
    foreign lambdas:
        delta H to (0.6, 1) (20001 pts)
        delta H to (0.8, 1) (20001 pts)
        delta H to (1, 1) (20001 pts)



md16.edr: 0.0 - 20001.0; lambda = (1, 1)
    foreign lambdas:
        delta H to (0.8, 1) (20001 pts)
        delta H to (1, 1) (20001 pts)



md1.edr: 0.0 - 20001.0; lambda = (0, 0)
    foreign lambdas:
        delta H to (0, 0) (20001 pts)
        delta H to (0, 0.1) (20001 pts)



md2.edr: 0.0 - 20001.0; lambda = (0, 0.1)
    foreign lambdas:
        delta H to (0, 0) (20001 pts)
        delta H to (0, 0.1) (20001 pts)
        delta H to (0, 0.2) (20001 pts)



md3.edr: 0.0 - 20001.0; lambda = (0, 0.2)
    foreign lambdas:
        delta H to (0, 0.1) (20001 pts)
        delta H to (0, 0.2) (20001 pts)
        delta H to (0, 0.3) (20001 pts)



md4.edr: 0.0 - 20001.0; lambda = (0, 0.3)
    foreign lambdas:
        delta H to (0, 0.2) (20001 pts)
        delta H to (0, 0.3) (20001 pts)
        delta H to (0, 0.4) (20001 pts)



md5.edr: 0.0 - 20001.0; lambda = (0, 0.4)
    foreign lambdas:
        delta H to (0, 0.3) (20001 pts)
        delta H to (0, 0.4) (20001 pts)
        delta H to (0, 0.5) (20001 pts)



md6.edr: 0.0 - 20001.0; lambda = (0, 0.5)
    foreign lambdas:
        delta H to (0, 0.4) (20001 pts)
        delta H to (0, 0.5) (20001 pts)
        delta H to (0, 0.6) (20001 pts)



md7.edr: 0.0 - 20001.0; lambda = (0, 0.6)
    foreign lambdas:
        delta H to (0, 0.5) (20001 pts)
        delta H to (0, 0.6) (20001 pts)
        delta H to (0, 0.7) (20001 pts)



md8.edr: 0.0 - 20001.0; lambda = (0, 0.7)
    foreign lambdas:
        delta H to (0, 0.6) (20001 pts)
        delta H to (0, 0.7) (20001 pts)
        delta H to (0, 0.8) (20001 pts)



md9.edr: 0.0 - 20001.0; lambda = (0, 0.8)
    foreign lambdas:
        delta H to (0, 0.7) (20001 pts)
        delta H to (0, 0.8) (20001 pts)
        delta H to (0, 0.9) (20001 pts)



   Samples in time interval: 0.000 - 20001.000
Removing samples outside of: 0.000 - 3000.000

Temperature: 298.15 K

Detailed results in kT (see help for explanation):

 lam_A  lam_B      DG   +/-     s_A   +/-     s_B   +/-   stdev   +/- 
     0      1    1.58  0.17    0.77  0.23    0.89  0.25    1.32  0.15
     1      2    1.70  0.41    3.17  0.30    2.31  0.33    2.88  0.28
     2      3   -0.15  0.13    2.07  0.05    1.18  0.03    1.84  0.04
     3      4   -0.75  0.07    1.39  0.16    0.87  0.10    1.47  0.07
     4      5   -1.14  0.05    1.00  0.05    0.65  0.03    1.27  0.02
     5      6   -1.38  0.06    0.85  0.05    0.55  0.03    1.16  0.03
     6      7   -1.52  0.05    0.76  0.06    0.49  0.04    1.09  0.03
     7      8   -1.68  0.03    0.76  0.04    0.49  0.03    1.06  0.02
     8      9   -1.82  0.02    0.63  0.02    0.39  0.02    0.96  0.01
     9     10   -1.92  0.03    0.54  0.03    0.36  0.02    0.90  0.01
    10     11   -0.19  0.06    0.11  0.04    0.12  0.04    0.39  0.05
    11     12   -0.32  0.04    0.01  0.06    0.02  0.06    0.40  0.02
    12     13   -0.33  0.04   -0.01  0.06    0.00  0.06    0.39  0.03
    13     14   -0.70  0.10    0.37  0.07    0.43  0.09    0.66  0.07
    14     15   -1.49  0.16    0.36  0.18    0.42  0.18    0.88  0.09


Final results in kJ/mol:

point      0 -      1,   DG  3.91 +/-  0.41
point      1 -      2,   DG  4.21 +/-  1.02
point      2 -      3,   DG -0.36 +/-  0.32
point      3 -      4,   DG -1.87 +/-  0.17
point      4 -      5,   DG -2.83 +/-  0.12
point      5 -      6,   DG -3.43 +/-  0.15
point      6 -      7,   DG -3.76 +/-  0.12
point      7 -      8,   DG -4.18 +/-  0.06
point      8 -      9,   DG -4.52 +/-  0.05
point      9 -     10,   DG -4.77 +/-  0.07
point     10 -     11,   DG -0.48 +/-  0.16
point     11 -     12,   DG -0.80 +/-  0.11
point     12 -     13,   DG -0.82 +/-  0.11
point     13 -     14,   DG -1.75 +/-  0.24
point     14 -     15,   DG -3.69 +/-  0.41

total      0 -     15,   DG -25.14 +/-  2.25

