
md10.edr: 0.0 - 20001.0; lambda = (0, 0.9)
    foreign lambdas:
        delta H to (0, 0.8) (20001 pts)
        delta H to (0, 0.9) (20001 pts)
        delta H to (0, 1) (20001 pts)



md11.edr: 0.0 - 20001.0; lambda = (0, 1)
    foreign lambdas:
        delta H to (0, 0.9) (20001 pts)
        delta H to (0, 1) (20001 pts)
        delta H to (0.2, 1) (20001 pts)



md12.edr: 0.0 - 20001.0; lambda = (0.2, 1)
    foreign lambdas:
        delta H to (0, 1) (20001 pts)
        delta H to (0.2, 1) (20001 pts)
        delta H to (0.4, 1) (20001 pts)



md13.edr: 0.0 - 20001.0; lambda = (0.4, 1)
    foreign lambdas:
        delta H to (0.2, 1) (20001 pts)
        delta H to (0.4, 1) (20001 pts)
        delta H to (0.6, 1) (20001 pts)



md14.edr: 0.0 - 20001.0; lambda = (0.6, 1)
    foreign lambdas:
        delta H to (0.4, 1) (20001 pts)
        delta H to (0.6, 1) (20001 pts)
        delta H to (0.8, 1) (20001 pts)



md15.edr: 0.0 - 20001.0; lambda = (0.8, 1)
    foreign lambdas:
        delta H to (0.6, 1) (20001 pts)
        delta H to (0.8, 1) (20001 pts)
        delta H to (1, 1) (20001 pts)



md16.edr: 0.0 - 20001.0; lambda = (1, 1)
    foreign lambdas:
        delta H to (0.8, 1) (20001 pts)
        delta H to (1, 1) (20001 pts)



md1.edr: 0.0 - 20001.0; lambda = (0, 0)
    foreign lambdas:
        delta H to (0, 0) (20001 pts)
        delta H to (0, 0.1) (20001 pts)



md2.edr: 0.0 - 20001.0; lambda = (0, 0.1)
    foreign lambdas:
        delta H to (0, 0) (20001 pts)
        delta H to (0, 0.1) (20001 pts)
        delta H to (0, 0.2) (20001 pts)



md3.edr: 0.0 - 20001.0; lambda = (0, 0.2)
    foreign lambdas:
        delta H to (0, 0.1) (20001 pts)
        delta H to (0, 0.2) (20001 pts)
        delta H to (0, 0.3) (20001 pts)



md4.edr: 0.0 - 20001.0; lambda = (0, 0.3)
    foreign lambdas:
        delta H to (0, 0.2) (20001 pts)
        delta H to (0, 0.3) (20001 pts)
        delta H to (0, 0.4) (20001 pts)



md5.edr: 0.0 - 20001.0; lambda = (0, 0.4)
    foreign lambdas:
        delta H to (0, 0.3) (20001 pts)
        delta H to (0, 0.4) (20001 pts)
        delta H to (0, 0.5) (20001 pts)



md6.edr: 0.0 - 20001.0; lambda = (0, 0.5)
    foreign lambdas:
        delta H to (0, 0.4) (20001 pts)
        delta H to (0, 0.5) (20001 pts)
        delta H to (0, 0.6) (20001 pts)



md7.edr: 0.0 - 20001.0; lambda = (0, 0.6)
    foreign lambdas:
        delta H to (0, 0.5) (20001 pts)
        delta H to (0, 0.6) (20001 pts)
        delta H to (0, 0.7) (20001 pts)



md8.edr: 0.0 - 20001.0; lambda = (0, 0.7)
    foreign lambdas:
        delta H to (0, 0.6) (20001 pts)
        delta H to (0, 0.7) (20001 pts)
        delta H to (0, 0.8) (20001 pts)



md9.edr: 0.0 - 20001.0; lambda = (0, 0.8)
    foreign lambdas:
        delta H to (0, 0.7) (20001 pts)
        delta H to (0, 0.8) (20001 pts)
        delta H to (0, 0.9) (20001 pts)



   Samples in time interval: 0.000 - 20001.000
Removing samples outside of: 0.000 - 6000.000

Temperature: 298.15 K

Detailed results in kT (see help for explanation):

 lam_A  lam_B      DG   +/-     s_A   +/-     s_B   +/-   stdev   +/- 
     0      1    1.40  0.13    0.81  0.11    0.91  0.11    1.35  0.06
     1      2    1.55  0.23    2.95  0.18    2.17  0.19    2.67  0.17
     2      3   -0.11  0.07    2.11  0.08    1.23  0.05    1.87  0.04
     3      4   -0.73  0.03    1.33  0.06    0.83  0.04    1.46  0.03
     4      5   -1.08  0.05    1.07  0.04    0.69  0.02    1.31  0.02
     5      6   -1.33  0.04    0.89  0.05    0.57  0.03    1.19  0.03
     6      7   -1.49  0.03    0.81  0.04    0.51  0.02    1.11  0.02
     7      8   -1.66  0.02    0.73  0.03    0.47  0.02    1.04  0.01
     8      9   -1.82  0.01    0.60  0.02    0.38  0.02    0.95  0.01
     9     10   -1.94  0.01    0.57  0.04    0.38  0.02    0.91  0.01
    10     11   -0.20  0.03    0.09  0.02    0.09  0.02    0.39  0.02
    11     12   -0.28  0.02   -0.01  0.03    0.00  0.03    0.40  0.01
    12     13   -0.39  0.04    0.11  0.07    0.12  0.07    0.45  0.04
    13     14   -0.86  0.09    0.34  0.04    0.39  0.05    0.68  0.02
    14     15   -1.66  0.12    0.41  0.14    0.47  0.14    0.92  0.05


Final results in kJ/mol:

point      0 -      1,   DG  3.47 +/-  0.32
point      1 -      2,   DG  3.85 +/-  0.56
point      2 -      3,   DG -0.28 +/-  0.17
point      3 -      4,   DG -1.82 +/-  0.08
point      4 -      5,   DG -2.67 +/-  0.12
point      5 -      6,   DG -3.29 +/-  0.11
point      6 -      7,   DG -3.69 +/-  0.07
point      7 -      8,   DG -4.13 +/-  0.04
point      8 -      9,   DG -4.52 +/-  0.03
point      9 -     10,   DG -4.81 +/-  0.04
point     10 -     11,   DG -0.49 +/-  0.09
point     11 -     12,   DG -0.70 +/-  0.05
point     12 -     13,   DG -0.97 +/-  0.10
point     13 -     14,   DG -2.13 +/-  0.22
point     14 -     15,   DG -4.11 +/-  0.31

total      0 -     15,   DG -26.26 +/-  1.36

