
md10.edr: 0.0 - 20001.0; lambda = (0, 0.9)
    foreign lambdas:
        delta H to (0, 0.8) (20001 pts)
        delta H to (0, 0.9) (20001 pts)
        delta H to (0, 1) (20001 pts)



md11.edr: 0.0 - 20001.0; lambda = (0, 1)
    foreign lambdas:
        delta H to (0, 0.9) (20001 pts)
        delta H to (0, 1) (20001 pts)
        delta H to (0.2, 1) (20001 pts)



md12.edr: 0.0 - 20001.0; lambda = (0.2, 1)
    foreign lambdas:
        delta H to (0, 1) (20001 pts)
        delta H to (0.2, 1) (20001 pts)
        delta H to (0.4, 1) (20001 pts)



md13.edr: 0.0 - 20001.0; lambda = (0.4, 1)
    foreign lambdas:
        delta H to (0.2, 1) (20001 pts)
        delta H to (0.4, 1) (20001 pts)
        delta H to (0.6, 1) (20001 pts)



md14.edr: 0.0 - 20001.0; lambda = (0.6, 1)
    foreign lambdas:
        delta H to (0.4, 1) (20001 pts)
        delta H to (0.6, 1) (20001 pts)
        delta H to (0.8, 1) (20001 pts)



md15.edr: 0.0 - 20001.0; lambda = (0.8, 1)
    foreign lambdas:
        delta H to (0.6, 1) (20001 pts)
        delta H to (0.8, 1) (20001 pts)
        delta H to (1, 1) (20001 pts)



md16.edr: 0.0 - 20001.0; lambda = (1, 1)
    foreign lambdas:
        delta H to (0.8, 1) (20001 pts)
        delta H to (1, 1) (20001 pts)



md1.edr: 0.0 - 20001.0; lambda = (0, 0)
    foreign lambdas:
        delta H to (0, 0) (20001 pts)
        delta H to (0, 0.1) (20001 pts)



md2.edr: 0.0 - 20001.0; lambda = (0, 0.1)
    foreign lambdas:
        delta H to (0, 0) (20001 pts)
        delta H to (0, 0.1) (20001 pts)
        delta H to (0, 0.2) (20001 pts)



md3.edr: 0.0 - 20001.0; lambda = (0, 0.2)
    foreign lambdas:
        delta H to (0, 0.1) (20001 pts)
        delta H to (0, 0.2) (20001 pts)
        delta H to (0, 0.3) (20001 pts)



md4.edr: 0.0 - 20001.0; lambda = (0, 0.3)
    foreign lambdas:
        delta H to (0, 0.2) (20001 pts)
        delta H to (0, 0.3) (20001 pts)
        delta H to (0, 0.4) (20001 pts)



md5.edr: 0.0 - 20001.0; lambda = (0, 0.4)
    foreign lambdas:
        delta H to (0, 0.3) (20001 pts)
        delta H to (0, 0.4) (20001 pts)
        delta H to (0, 0.5) (20001 pts)



md6.edr: 0.0 - 20001.0; lambda = (0, 0.5)
    foreign lambdas:
        delta H to (0, 0.4) (20001 pts)
        delta H to (0, 0.5) (20001 pts)
        delta H to (0, 0.6) (20001 pts)



md7.edr: 0.0 - 20001.0; lambda = (0, 0.6)
    foreign lambdas:
        delta H to (0, 0.5) (20001 pts)
        delta H to (0, 0.6) (20001 pts)
        delta H to (0, 0.7) (20001 pts)



md8.edr: 0.0 - 20001.0; lambda = (0, 0.7)
    foreign lambdas:
        delta H to (0, 0.6) (20001 pts)
        delta H to (0, 0.7) (20001 pts)
        delta H to (0, 0.8) (20001 pts)



md9.edr: 0.0 - 20001.0; lambda = (0, 0.8)
    foreign lambdas:
        delta H to (0, 0.7) (20001 pts)
        delta H to (0, 0.8) (20001 pts)
        delta H to (0, 0.9) (20001 pts)



   Samples in time interval: 0.000 - 20001.000
Removing samples outside of: 0.000 - 12000.000

Temperature: 298.15 K

Detailed results in kT (see help for explanation):

 lam_A  lam_B      DG   +/-     s_A   +/-     s_B   +/-   stdev   +/- 
     0      1    1.34  0.08    0.86  0.07    0.93  0.06    1.36  0.03
     1      2    1.58  0.07    2.74  0.19    2.07  0.12    2.56  0.11
     2      3   -0.03  0.06    2.28  0.10    1.31  0.05    1.94  0.04
     3      4   -0.74  0.03    1.33  0.02    0.82  0.01    1.47  0.01
     4      5   -1.07  0.02    1.07  0.02    0.68  0.01    1.31  0.01
     5      6   -1.32  0.03    0.91  0.03    0.58  0.02    1.19  0.02
     6      7   -1.50  0.02    0.81  0.04    0.51  0.02    1.11  0.02
     7      8   -1.68  0.02    0.71  0.03    0.45  0.02    1.03  0.02
     8      9   -1.82  0.01    0.62  0.02    0.40  0.02    0.95  0.01
     9     10   -1.93  0.01    0.53  0.03    0.35  0.02    0.89  0.01
    10     11   -0.15  0.04    0.10  0.02    0.10  0.02    0.40  0.03
    11     12   -0.25  0.01   -0.00  0.03    0.01  0.03    0.40  0.01
    12     13   -0.35  0.03    0.10  0.06    0.11  0.06    0.42  0.02
    13     14   -0.76  0.08    0.30  0.07    0.35  0.08    0.64  0.04
    14     15   -1.57  0.09    0.46  0.16    0.54  0.17    0.96  0.07


Final results in kJ/mol:

point      0 -      1,   DG  3.33 +/-  0.19
point      1 -      2,   DG  3.91 +/-  0.18
point      2 -      3,   DG -0.07 +/-  0.16
point      3 -      4,   DG -1.83 +/-  0.07
point      4 -      5,   DG -2.66 +/-  0.05
point      5 -      6,   DG -3.28 +/-  0.07
point      6 -      7,   DG -3.71 +/-  0.04
point      7 -      8,   DG -4.16 +/-  0.05
point      8 -      9,   DG -4.50 +/-  0.03
point      9 -     10,   DG -4.77 +/-  0.03
point     10 -     11,   DG -0.37 +/-  0.09
point     11 -     12,   DG -0.62 +/-  0.04
point     12 -     13,   DG -0.87 +/-  0.07
point     13 -     14,   DG -1.88 +/-  0.19
point     14 -     15,   DG -3.89 +/-  0.24

total      0 -     15,   DG -25.38 +/-  0.31

