
md10.edr: 0.0 - 20001.0; lambda = (0, 0.9)
    foreign lambdas:
        delta H to (0, 0.8) (20001 pts)
        delta H to (0, 0.9) (20001 pts)
        delta H to (0, 1) (20001 pts)



md11.edr: 0.0 - 20001.0; lambda = (0, 1)
    foreign lambdas:
        delta H to (0, 0.9) (20001 pts)
        delta H to (0, 1) (20001 pts)
        delta H to (0.2, 1) (20001 pts)



md12.edr: 0.0 - 20001.0; lambda = (0.2, 1)
    foreign lambdas:
        delta H to (0, 1) (20001 pts)
        delta H to (0.2, 1) (20001 pts)
        delta H to (0.4, 1) (20001 pts)



md13.edr: 0.0 - 20001.0; lambda = (0.4, 1)
    foreign lambdas:
        delta H to (0.2, 1) (20001 pts)
        delta H to (0.4, 1) (20001 pts)
        delta H to (0.6, 1) (20001 pts)



md14.edr: 0.0 - 20001.0; lambda = (0.6, 1)
    foreign lambdas:
        delta H to (0.4, 1) (20001 pts)
        delta H to (0.6, 1) (20001 pts)
        delta H to (0.8, 1) (20001 pts)



md15.edr: 0.0 - 20001.0; lambda = (0.8, 1)
    foreign lambdas:
        delta H to (0.6, 1) (20001 pts)
        delta H to (0.8, 1) (20001 pts)
        delta H to (1, 1) (20001 pts)



md16.edr: 0.0 - 20001.0; lambda = (1, 1)
    foreign lambdas:
        delta H to (0.8, 1) (20001 pts)
        delta H to (1, 1) (20001 pts)



md1.edr: 0.0 - 20001.0; lambda = (0, 0)
    foreign lambdas:
        delta H to (0, 0) (20001 pts)
        delta H to (0, 0.1) (20001 pts)



md2.edr: 0.0 - 20001.0; lambda = (0, 0.1)
    foreign lambdas:
        delta H to (0, 0) (20001 pts)
        delta H to (0, 0.1) (20001 pts)
        delta H to (0, 0.2) (20001 pts)



md3.edr: 0.0 - 20001.0; lambda = (0, 0.2)
    foreign lambdas:
        delta H to (0, 0.1) (20001 pts)
        delta H to (0, 0.2) (20001 pts)
        delta H to (0, 0.3) (20001 pts)



md4.edr: 0.0 - 20001.0; lambda = (0, 0.3)
    foreign lambdas:
        delta H to (0, 0.2) (20001 pts)
        delta H to (0, 0.3) (20001 pts)
        delta H to (0, 0.4) (20001 pts)



md5.edr: 0.0 - 20001.0; lambda = (0, 0.4)
    foreign lambdas:
        delta H to (0, 0.3) (20001 pts)
        delta H to (0, 0.4) (20001 pts)
        delta H to (0, 0.5) (20001 pts)



md6.edr: 0.0 - 20001.0; lambda = (0, 0.5)
    foreign lambdas:
        delta H to (0, 0.4) (20001 pts)
        delta H to (0, 0.5) (20001 pts)
        delta H to (0, 0.6) (20001 pts)



md7.edr: 0.0 - 20001.0; lambda = (0, 0.6)
    foreign lambdas:
        delta H to (0, 0.5) (20001 pts)
        delta H to (0, 0.6) (20001 pts)
        delta H to (0, 0.7) (20001 pts)



md8.edr: 0.0 - 20001.0; lambda = (0, 0.7)
    foreign lambdas:
        delta H to (0, 0.6) (20001 pts)
        delta H to (0, 0.7) (20001 pts)
        delta H to (0, 0.8) (20001 pts)



md9.edr: 0.0 - 20001.0; lambda = (0, 0.8)
    foreign lambdas:
        delta H to (0, 0.7) (20001 pts)
        delta H to (0, 0.8) (20001 pts)
        delta H to (0, 0.9) (20001 pts)



   Samples in time interval: 0.000 - 20001.000
Removing samples outside of: 0.000 - 13000.000

Temperature: 298.15 K

Detailed results in kT (see help for explanation):

 lam_A  lam_B      DG   +/-     s_A   +/-     s_B   +/-   stdev   +/- 
     0      1    1.31  0.10    0.86  0.07    0.93  0.06    1.36  0.03
     1      2    1.53  0.09    2.70  0.21    2.03  0.14    2.52  0.13
     2      3   -0.01  0.06    2.25  0.06    1.30  0.04    1.94  0.03
     3      4   -0.73  0.03    1.36  0.04    0.84  0.02    1.48  0.02
     4      5   -1.08  0.02    1.06  0.03    0.67  0.02    1.30  0.02
     5      6   -1.32  0.02    0.91  0.03    0.58  0.02    1.20  0.01
     6      7   -1.50  0.02    0.82  0.04    0.52  0.02    1.11  0.02
     7      8   -1.68  0.02    0.70  0.02    0.45  0.02    1.02  0.01
     8      9   -1.81  0.01    0.63  0.01    0.40  0.01    0.95  0.01
     9     10   -1.92  0.01    0.54  0.02    0.35  0.01    0.89  0.01
    10     11   -0.15  0.03    0.11  0.03    0.11  0.03    0.40  0.02
    11     12   -0.25  0.02   -0.00  0.04    0.00  0.04    0.39  0.01
    12     13   -0.37  0.04    0.12  0.07    0.14  0.07    0.44  0.03
    13     14   -0.77  0.07    0.27  0.08    0.31  0.09    0.64  0.02
    14     15   -1.58  0.07    0.50  0.11    0.58  0.12    0.97  0.04


Final results in kJ/mol:

point      0 -      1,   DG  3.24 +/-  0.25
point      1 -      2,   DG  3.80 +/-  0.23
point      2 -      3,   DG -0.02 +/-  0.16
point      3 -      4,   DG -1.81 +/-  0.06
point      4 -      5,   DG -2.67 +/-  0.06
point      5 -      6,   DG -3.27 +/-  0.06
point      6 -      7,   DG -3.73 +/-  0.04
point      7 -      8,   DG -4.17 +/-  0.05
point      8 -      9,   DG -4.50 +/-  0.03
point      9 -     10,   DG -4.77 +/-  0.03
point     10 -     11,   DG -0.36 +/-  0.09
point     11 -     12,   DG -0.61 +/-  0.04
point     12 -     13,   DG -0.91 +/-  0.11
point     13 -     14,   DG -1.91 +/-  0.16
point     14 -     15,   DG -3.92 +/-  0.17

total      0 -     15,   DG -25.61 +/-  0.50

