
md10.edr: 0.0 - 20001.0; lambda = (0, 0.9)
    foreign lambdas:
        delta H to (0, 0.8) (20001 pts)
        delta H to (0, 0.9) (20001 pts)
        delta H to (0, 1) (20001 pts)



md11.edr: 0.0 - 20001.0; lambda = (0, 1)
    foreign lambdas:
        delta H to (0, 0.9) (20001 pts)
        delta H to (0, 1) (20001 pts)
        delta H to (0.2, 1) (20001 pts)



md12.edr: 0.0 - 20001.0; lambda = (0.2, 1)
    foreign lambdas:
        delta H to (0, 1) (20001 pts)
        delta H to (0.2, 1) (20001 pts)
        delta H to (0.4, 1) (20001 pts)



md13.edr: 0.0 - 20001.0; lambda = (0.4, 1)
    foreign lambdas:
        delta H to (0.2, 1) (20001 pts)
        delta H to (0.4, 1) (20001 pts)
        delta H to (0.6, 1) (20001 pts)



md14.edr: 0.0 - 20001.0; lambda = (0.6, 1)
    foreign lambdas:
        delta H to (0.4, 1) (20001 pts)
        delta H to (0.6, 1) (20001 pts)
        delta H to (0.8, 1) (20001 pts)



md15.edr: 0.0 - 20001.0; lambda = (0.8, 1)
    foreign lambdas:
        delta H to (0.6, 1) (20001 pts)
        delta H to (0.8, 1) (20001 pts)
        delta H to (1, 1) (20001 pts)



md16.edr: 0.0 - 20001.0; lambda = (1, 1)
    foreign lambdas:
        delta H to (0.8, 1) (20001 pts)
        delta H to (1, 1) (20001 pts)



md1.edr: 0.0 - 20001.0; lambda = (0, 0)
    foreign lambdas:
        delta H to (0, 0) (20001 pts)
        delta H to (0, 0.1) (20001 pts)



md2.edr: 0.0 - 20001.0; lambda = (0, 0.1)
    foreign lambdas:
        delta H to (0, 0) (20001 pts)
        delta H to (0, 0.1) (20001 pts)
        delta H to (0, 0.2) (20001 pts)



md3.edr: 0.0 - 20001.0; lambda = (0, 0.2)
    foreign lambdas:
        delta H to (0, 0.1) (20001 pts)
        delta H to (0, 0.2) (20001 pts)
        delta H to (0, 0.3) (20001 pts)



md4.edr: 0.0 - 20001.0; lambda = (0, 0.3)
    foreign lambdas:
        delta H to (0, 0.2) (20001 pts)
        delta H to (0, 0.3) (20001 pts)
        delta H to (0, 0.4) (20001 pts)



md5.edr: 0.0 - 20001.0; lambda = (0, 0.4)
    foreign lambdas:
        delta H to (0, 0.3) (20001 pts)
        delta H to (0, 0.4) (20001 pts)
        delta H to (0, 0.5) (20001 pts)



md6.edr: 0.0 - 20001.0; lambda = (0, 0.5)
    foreign lambdas:
        delta H to (0, 0.4) (20001 pts)
        delta H to (0, 0.5) (20001 pts)
        delta H to (0, 0.6) (20001 pts)



md7.edr: 0.0 - 20001.0; lambda = (0, 0.6)
    foreign lambdas:
        delta H to (0, 0.5) (20001 pts)
        delta H to (0, 0.6) (20001 pts)
        delta H to (0, 0.7) (20001 pts)



md8.edr: 0.0 - 20001.0; lambda = (0, 0.7)
    foreign lambdas:
        delta H to (0, 0.6) (20001 pts)
        delta H to (0, 0.7) (20001 pts)
        delta H to (0, 0.8) (20001 pts)



md9.edr: 0.0 - 20001.0; lambda = (0, 0.8)
    foreign lambdas:
        delta H to (0, 0.7) (20001 pts)
        delta H to (0, 0.8) (20001 pts)
        delta H to (0, 0.9) (20001 pts)



   Samples in time interval: 0.000 - 20001.000
Removing samples outside of: 0.000 - 4000.000

Temperature: 298.15 K

Detailed results in kT (see help for explanation):

 lam_A  lam_B      DG   +/-     s_A   +/-     s_B   +/-   stdev   +/- 
     0      1    1.49  0.15    0.78  0.14    0.89  0.16    1.34  0.06
     1      2    1.64  0.29    3.05  0.21    2.25  0.22    2.78  0.19
     2      3   -0.16  0.12    2.12  0.06    1.21  0.02    1.86  0.03
     3      4   -0.77  0.07    1.32  0.15    0.82  0.10    1.45  0.06
     4      5   -1.11  0.03    1.05  0.05    0.68  0.03    1.29  0.03
     5      6   -1.38  0.04    0.86  0.04    0.55  0.03    1.17  0.02
     6      7   -1.51  0.04    0.78  0.04    0.50  0.02    1.09  0.02
     7      8   -1.68  0.02    0.75  0.04    0.49  0.03    1.05  0.01
     8      9   -1.83  0.02    0.61  0.01    0.39  0.01    0.95  0.01
     9     10   -1.93  0.03    0.54  0.02    0.36  0.01    0.90  0.01
    10     11   -0.17  0.06    0.10  0.03    0.11  0.03    0.38  0.04
    11     12   -0.28  0.05    0.01  0.04    0.01  0.04    0.39  0.02
    12     13   -0.34  0.04    0.05  0.07    0.06  0.07    0.40  0.03
    13     14   -0.76  0.08    0.36  0.07    0.41  0.08    0.66  0.06
    14     15   -1.58  0.11    0.40  0.13    0.48  0.13    0.91  0.04


Final results in kJ/mol:

point      0 -      1,   DG  3.68 +/-  0.37
point      1 -      2,   DG  4.06 +/-  0.71
point      2 -      3,   DG -0.40 +/-  0.30
point      3 -      4,   DG -1.91 +/-  0.18
point      4 -      5,   DG -2.76 +/-  0.08
point      5 -      6,   DG -3.41 +/-  0.09
point      6 -      7,   DG -3.74 +/-  0.09
point      7 -      8,   DG -4.17 +/-  0.05
point      8 -      9,   DG -4.55 +/-  0.05
point      9 -     10,   DG -4.80 +/-  0.07
point     10 -     11,   DG -0.42 +/-  0.14
point     11 -     12,   DG -0.70 +/-  0.13
point     12 -     13,   DG -0.85 +/-  0.10
point     13 -     14,   DG -1.90 +/-  0.21
point     14 -     15,   DG -3.91 +/-  0.28

total      0 -     15,   DG -25.78 +/-  1.44

