
md10.edr: 0.0 - 20001.0; lambda = (0, 0.9)
    foreign lambdas:
        delta H to (0, 0.8) (20001 pts)
        delta H to (0, 0.9) (20001 pts)
        delta H to (0, 1) (20001 pts)



md11.edr: 0.0 - 20001.0; lambda = (0, 1)
    foreign lambdas:
        delta H to (0, 0.9) (20001 pts)
        delta H to (0, 1) (20001 pts)
        delta H to (0.2, 1) (20001 pts)



md12.edr: 0.0 - 20001.0; lambda = (0.2, 1)
    foreign lambdas:
        delta H to (0, 1) (20001 pts)
        delta H to (0.2, 1) (20001 pts)
        delta H to (0.4, 1) (20001 pts)



md13.edr: 0.0 - 20001.0; lambda = (0.4, 1)
    foreign lambdas:
        delta H to (0.2, 1) (20001 pts)
        delta H to (0.4, 1) (20001 pts)
        delta H to (0.6, 1) (20001 pts)



md14.edr: 0.0 - 20001.0; lambda = (0.6, 1)
    foreign lambdas:
        delta H to (0.4, 1) (20001 pts)
        delta H to (0.6, 1) (20001 pts)
        delta H to (0.8, 1) (20001 pts)



md15.edr: 0.0 - 20001.0; lambda = (0.8, 1)
    foreign lambdas:
        delta H to (0.6, 1) (20001 pts)
        delta H to (0.8, 1) (20001 pts)
        delta H to (1, 1) (20001 pts)



md16.edr: 0.0 - 20001.0; lambda = (1, 1)
    foreign lambdas:
        delta H to (0.8, 1) (20001 pts)
        delta H to (1, 1) (20001 pts)



md1.edr: 0.0 - 20001.0; lambda = (0, 0)
    foreign lambdas:
        delta H to (0, 0) (20001 pts)
        delta H to (0, 0.1) (20001 pts)



md2.edr: 0.0 - 20001.0; lambda = (0, 0.1)
    foreign lambdas:
        delta H to (0, 0) (20001 pts)
        delta H to (0, 0.1) (20001 pts)
        delta H to (0, 0.2) (20001 pts)



md3.edr: 0.0 - 20001.0; lambda = (0, 0.2)
    foreign lambdas:
        delta H to (0, 0.1) (20001 pts)
        delta H to (0, 0.2) (20001 pts)
        delta H to (0, 0.3) (20001 pts)



md4.edr: 0.0 - 20001.0; lambda = (0, 0.3)
    foreign lambdas:
        delta H to (0, 0.2) (20001 pts)
        delta H to (0, 0.3) (20001 pts)
        delta H to (0, 0.4) (20001 pts)



md5.edr: 0.0 - 20001.0; lambda = (0, 0.4)
    foreign lambdas:
        delta H to (0, 0.3) (20001 pts)
        delta H to (0, 0.4) (20001 pts)
        delta H to (0, 0.5) (20001 pts)



md6.edr: 0.0 - 20001.0; lambda = (0, 0.5)
    foreign lambdas:
        delta H to (0, 0.4) (20001 pts)
        delta H to (0, 0.5) (20001 pts)
        delta H to (0, 0.6) (20001 pts)



md7.edr: 0.0 - 20001.0; lambda = (0, 0.6)
    foreign lambdas:
        delta H to (0, 0.5) (20001 pts)
        delta H to (0, 0.6) (20001 pts)
        delta H to (0, 0.7) (20001 pts)



md8.edr: 0.0 - 20001.0; lambda = (0, 0.7)
    foreign lambdas:
        delta H to (0, 0.6) (20001 pts)
        delta H to (0, 0.7) (20001 pts)
        delta H to (0, 0.8) (20001 pts)



md9.edr: 0.0 - 20001.0; lambda = (0, 0.8)
    foreign lambdas:
        delta H to (0, 0.7) (20001 pts)
        delta H to (0, 0.8) (20001 pts)
        delta H to (0, 0.9) (20001 pts)



   Samples in time interval: 0.000 - 20001.000
Removing samples outside of: 0.000 - 20000.000

Temperature: 298.15 K

Detailed results in kT (see help for explanation):

 lam_A  lam_B      DG   +/-     s_A   +/-     s_B   +/-   stdev   +/- 
     0      1    1.23  0.09    0.90  0.06    0.96  0.05    1.38  0.03
     1      2    1.48  0.08    2.54  0.18    1.92  0.13    2.43  0.12
     2      3    0.04  0.06    2.29  0.05    1.32  0.03    1.96  0.03
     3      4   -0.72  0.03    1.37  0.03    0.84  0.02    1.48  0.01
     4      5   -1.08  0.02    1.08  0.02    0.69  0.01    1.31  0.01
     5      6   -1.32  0.02    0.90  0.02    0.58  0.01    1.19  0.01
     6      7   -1.50  0.00    0.83  0.02    0.54  0.02    1.12  0.01
     7      8   -1.68  0.01    0.70  0.01    0.44  0.01    1.03  0.01
     8      9   -1.82  0.01    0.63  0.01    0.41  0.01    0.96  0.00
     9     10   -1.92  0.01    0.54  0.01    0.35  0.01    0.89  0.01
    10     11   -0.12  0.03    0.08  0.01    0.08  0.01    0.38  0.01
    11     12   -0.26  0.01    0.06  0.04    0.07  0.04    0.41  0.01
    12     13   -0.43  0.05    0.10  0.04    0.13  0.04    0.48  0.04
    13     14   -0.76  0.04    0.20  0.08    0.24  0.08    0.63  0.02
    14     15   -1.54  0.06    0.54  0.05    0.62  0.06    0.98  0.03


Final results in kJ/mol:

point      0 -      1,   DG  3.05 +/-  0.22
point      1 -      2,   DG  3.67 +/-  0.20
point      2 -      3,   DG  0.10 +/-  0.14
point      3 -      4,   DG -1.77 +/-  0.06
point      4 -      5,   DG -2.67 +/-  0.05
point      5 -      6,   DG -3.26 +/-  0.04
point      6 -      7,   DG -3.72 +/-  0.01
point      7 -      8,   DG -4.18 +/-  0.02
point      8 -      9,   DG -4.51 +/-  0.01
point      9 -     10,   DG -4.76 +/-  0.02
point     10 -     11,   DG -0.30 +/-  0.07
point     11 -     12,   DG -0.65 +/-  0.04
point     12 -     13,   DG -1.07 +/-  0.13
point     13 -     14,   DG -1.87 +/-  0.09
point     14 -     15,   DG -3.81 +/-  0.14

total      0 -     15,   DG -25.76 +/-  0.29

