
md10.edr: 0.0 - 20001.0; lambda = (0, 0.9)
    foreign lambdas:
        delta H to (0, 0.8) (20001 pts)
        delta H to (0, 0.9) (20001 pts)
        delta H to (0, 1) (20001 pts)



md11.edr: 0.0 - 20001.0; lambda = (0, 1)
    foreign lambdas:
        delta H to (0, 0.9) (20001 pts)
        delta H to (0, 1) (20001 pts)
        delta H to (0.2, 1) (20001 pts)



md12.edr: 0.0 - 20001.0; lambda = (0.2, 1)
    foreign lambdas:
        delta H to (0, 1) (20001 pts)
        delta H to (0.2, 1) (20001 pts)
        delta H to (0.4, 1) (20001 pts)



md13.edr: 0.0 - 20001.0; lambda = (0.4, 1)
    foreign lambdas:
        delta H to (0.2, 1) (20001 pts)
        delta H to (0.4, 1) (20001 pts)
        delta H to (0.6, 1) (20001 pts)



md14.edr: 0.0 - 20001.0; lambda = (0.6, 1)
    foreign lambdas:
        delta H to (0.4, 1) (20001 pts)
        delta H to (0.6, 1) (20001 pts)
        delta H to (0.8, 1) (20001 pts)



md15.edr: 0.0 - 20001.0; lambda = (0.8, 1)
    foreign lambdas:
        delta H to (0.6, 1) (20001 pts)
        delta H to (0.8, 1) (20001 pts)
        delta H to (1, 1) (20001 pts)



md16.edr: 0.0 - 20001.0; lambda = (1, 1)
    foreign lambdas:
        delta H to (0.8, 1) (20001 pts)
        delta H to (1, 1) (20001 pts)



md1.edr: 0.0 - 20001.0; lambda = (0, 0)
    foreign lambdas:
        delta H to (0, 0) (20001 pts)
        delta H to (0, 0.1) (20001 pts)



md2.edr: 0.0 - 20001.0; lambda = (0, 0.1)
    foreign lambdas:
        delta H to (0, 0) (20001 pts)
        delta H to (0, 0.1) (20001 pts)
        delta H to (0, 0.2) (20001 pts)



md3.edr: 0.0 - 20001.0; lambda = (0, 0.2)
    foreign lambdas:
        delta H to (0, 0.1) (20001 pts)
        delta H to (0, 0.2) (20001 pts)
        delta H to (0, 0.3) (20001 pts)



md4.edr: 0.0 - 20001.0; lambda = (0, 0.3)
    foreign lambdas:
        delta H to (0, 0.2) (20001 pts)
        delta H to (0, 0.3) (20001 pts)
        delta H to (0, 0.4) (20001 pts)



md5.edr: 0.0 - 20001.0; lambda = (0, 0.4)
    foreign lambdas:
        delta H to (0, 0.3) (20001 pts)
        delta H to (0, 0.4) (20001 pts)
        delta H to (0, 0.5) (20001 pts)



md6.edr: 0.0 - 20001.0; lambda = (0, 0.5)
    foreign lambdas:
        delta H to (0, 0.4) (20001 pts)
        delta H to (0, 0.5) (20001 pts)
        delta H to (0, 0.6) (20001 pts)



md7.edr: 0.0 - 20001.0; lambda = (0, 0.6)
    foreign lambdas:
        delta H to (0, 0.5) (20001 pts)
        delta H to (0, 0.6) (20001 pts)
        delta H to (0, 0.7) (20001 pts)



md8.edr: 0.0 - 20001.0; lambda = (0, 0.7)
    foreign lambdas:
        delta H to (0, 0.6) (20001 pts)
        delta H to (0, 0.7) (20001 pts)
        delta H to (0, 0.8) (20001 pts)



md9.edr: 0.0 - 20001.0; lambda = (0, 0.8)
    foreign lambdas:
        delta H to (0, 0.7) (20001 pts)
        delta H to (0, 0.8) (20001 pts)
        delta H to (0, 0.9) (20001 pts)



   Samples in time interval: 0.000 - 20001.000
Removing samples outside of: 0.000 - 2000.000

Temperature: 298.15 K

Detailed results in kT (see help for explanation):

 lam_A  lam_B      DG   +/-     s_A   +/-     s_B   +/-   stdev   +/- 
     0      1    1.59  0.24    0.90  0.20    1.06  0.22    1.40  0.16
     1      2    1.44  0.44    3.14  0.34    2.12  0.39    2.73  0.38
     2      3   -0.21  0.10    2.02  0.06    1.20  0.06    1.83  0.05
     3      4   -0.78  0.08    1.30  0.11    0.82  0.06    1.43  0.05
     4      5   -1.13  0.08    1.05  0.05    0.69  0.04    1.29  0.04
     5      6   -1.41  0.07    0.81  0.06    0.51  0.04    1.13  0.03
     6      7   -1.50  0.05    0.75  0.04    0.49  0.03    1.08  0.02
     7      8   -1.70  0.02    0.80  0.05    0.52  0.04    1.06  0.03
     8      9   -1.84  0.02    0.60  0.02    0.38  0.02    0.96  0.01
     9     10   -1.94  0.02    0.56  0.02    0.38  0.02    0.90  0.01
    10     11   -0.12  0.04    0.06  0.02    0.06  0.02    0.32  0.04
    11     12   -0.26  0.05    0.08  0.03    0.09  0.03    0.36  0.02
    12     13   -0.29  0.04   -0.06  0.04   -0.05  0.04    0.36  0.02
    13     14   -0.62  0.06    0.38  0.06    0.43  0.08    0.62  0.06
    14     15   -1.49  0.19    0.44  0.19    0.51  0.18    0.94  0.10


Final results in kJ/mol:

point      0 -      1,   DG  3.94 +/-  0.60
point      1 -      2,   DG  3.57 +/-  1.10
point      2 -      3,   DG -0.52 +/-  0.26
point      3 -      4,   DG -1.93 +/-  0.19
point      4 -      5,   DG -2.81 +/-  0.21
point      5 -      6,   DG -3.51 +/-  0.16
point      6 -      7,   DG -3.73 +/-  0.13
point      7 -      8,   DG -4.21 +/-  0.05
point      8 -      9,   DG -4.55 +/-  0.05
point      9 -     10,   DG -4.80 +/-  0.05
point     10 -     11,   DG -0.29 +/-  0.11
point     11 -     12,   DG -0.64 +/-  0.12
point     12 -     13,   DG -0.72 +/-  0.09
point     13 -     14,   DG -1.53 +/-  0.14
point     14 -     15,   DG -3.70 +/-  0.47

total      0 -     15,   DG -25.43 +/-  2.82

