
md10.edr: 0.0 - 20001.0; lambda = (0, 0.9)
    foreign lambdas:
        delta H to (0, 0.8) (20001 pts)
        delta H to (0, 0.9) (20001 pts)
        delta H to (0, 1) (20001 pts)



md11.edr: 0.0 - 20001.0; lambda = (0, 1)
    foreign lambdas:
        delta H to (0, 0.9) (20001 pts)
        delta H to (0, 1) (20001 pts)
        delta H to (0.2, 1) (20001 pts)



md12.edr: 0.0 - 20001.0; lambda = (0.2, 1)
    foreign lambdas:
        delta H to (0, 1) (20001 pts)
        delta H to (0.2, 1) (20001 pts)
        delta H to (0.4, 1) (20001 pts)



md13.edr: 0.0 - 20001.0; lambda = (0.4, 1)
    foreign lambdas:
        delta H to (0.2, 1) (20001 pts)
        delta H to (0.4, 1) (20001 pts)
        delta H to (0.6, 1) (20001 pts)



md14.edr: 0.0 - 20001.0; lambda = (0.6, 1)
    foreign lambdas:
        delta H to (0.4, 1) (20001 pts)
        delta H to (0.6, 1) (20001 pts)
        delta H to (0.8, 1) (20001 pts)



md15.edr: 0.0 - 20001.0; lambda = (0.8, 1)
    foreign lambdas:
        delta H to (0.6, 1) (20001 pts)
        delta H to (0.8, 1) (20001 pts)
        delta H to (1, 1) (20001 pts)



md16.edr: 0.0 - 20001.0; lambda = (1, 1)
    foreign lambdas:
        delta H to (0.8, 1) (20001 pts)
        delta H to (1, 1) (20001 pts)



md1.edr: 0.0 - 20001.0; lambda = (0, 0)
    foreign lambdas:
        delta H to (0, 0) (20001 pts)
        delta H to (0, 0.1) (20001 pts)



md2.edr: 0.0 - 20001.0; lambda = (0, 0.1)
    foreign lambdas:
        delta H to (0, 0) (20001 pts)
        delta H to (0, 0.1) (20001 pts)
        delta H to (0, 0.2) (20001 pts)



md3.edr: 0.0 - 20001.0; lambda = (0, 0.2)
    foreign lambdas:
        delta H to (0, 0.1) (20001 pts)
        delta H to (0, 0.2) (20001 pts)
        delta H to (0, 0.3) (20001 pts)



md4.edr: 0.0 - 20001.0; lambda = (0, 0.3)
    foreign lambdas:
        delta H to (0, 0.2) (20001 pts)
        delta H to (0, 0.3) (20001 pts)
        delta H to (0, 0.4) (20001 pts)



md5.edr: 0.0 - 20001.0; lambda = (0, 0.4)
    foreign lambdas:
        delta H to (0, 0.3) (20001 pts)
        delta H to (0, 0.4) (20001 pts)
        delta H to (0, 0.5) (20001 pts)



md6.edr: 0.0 - 20001.0; lambda = (0, 0.5)
    foreign lambdas:
        delta H to (0, 0.4) (20001 pts)
        delta H to (0, 0.5) (20001 pts)
        delta H to (0, 0.6) (20001 pts)



md7.edr: 0.0 - 20001.0; lambda = (0, 0.6)
    foreign lambdas:
        delta H to (0, 0.5) (20001 pts)
        delta H to (0, 0.6) (20001 pts)
        delta H to (0, 0.7) (20001 pts)



md8.edr: 0.0 - 20001.0; lambda = (0, 0.7)
    foreign lambdas:
        delta H to (0, 0.6) (20001 pts)
        delta H to (0, 0.7) (20001 pts)
        delta H to (0, 0.8) (20001 pts)



md9.edr: 0.0 - 20001.0; lambda = (0, 0.8)
    foreign lambdas:
        delta H to (0, 0.7) (20001 pts)
        delta H to (0, 0.8) (20001 pts)
        delta H to (0, 0.9) (20001 pts)



   Samples in time interval: 0.000 - 20001.000
Removing samples outside of: 0.000 - 8000.000

Temperature: 298.15 K

Detailed results in kT (see help for explanation):

 lam_A  lam_B      DG   +/-     s_A   +/-     s_B   +/-   stdev   +/- 
     0      1    1.44  0.09    0.77  0.11    0.86  0.11    1.31  0.05
     1      2    1.69  0.23    2.97  0.14    2.24  0.17    2.73  0.15
     2      3   -0.07  0.07    2.20  0.09    1.26  0.05    1.91  0.04
     3      4   -0.71  0.04    1.34  0.06    0.82  0.04    1.46  0.03
     4      5   -1.06  0.03    1.08  0.03    0.70  0.02    1.31  0.02
     5      6   -1.33  0.03    0.88  0.03    0.57  0.02    1.18  0.02
     6      7   -1.50  0.03    0.82  0.03    0.51  0.02    1.11  0.01
     7      8   -1.68  0.01    0.72  0.03    0.45  0.02    1.03  0.02
     8      9   -1.82  0.00    0.62  0.02    0.40  0.02    0.95  0.01
     9     10   -1.94  0.01    0.55  0.04    0.36  0.02    0.90  0.01
    10     11   -0.19  0.04    0.09  0.02    0.09  0.02    0.39  0.02
    11     12   -0.25  0.04   -0.04  0.03   -0.03  0.03    0.40  0.01
    12     13   -0.34  0.04    0.12  0.05    0.13  0.05    0.43  0.03
    13     14   -0.82  0.08    0.34  0.02    0.39  0.02    0.66  0.03
    14     15   -1.63  0.11    0.42  0.10    0.49  0.10    0.91  0.05


Final results in kJ/mol:

point      0 -      1,   DG  3.56 +/-  0.23
point      1 -      2,   DG  4.18 +/-  0.56
point      2 -      3,   DG -0.17 +/-  0.18
point      3 -      4,   DG -1.77 +/-  0.09
point      4 -      5,   DG -2.64 +/-  0.08
point      5 -      6,   DG -3.30 +/-  0.06
point      6 -      7,   DG -3.71 +/-  0.06
point      7 -      8,   DG -4.17 +/-  0.03
point      8 -      9,   DG -4.52 +/-  0.01
point      9 -     10,   DG -4.80 +/-  0.03
point     10 -     11,   DG -0.48 +/-  0.09
point     11 -     12,   DG -0.62 +/-  0.10
point     12 -     13,   DG -0.85 +/-  0.11
point     13 -     14,   DG -2.03 +/-  0.21
point     14 -     15,   DG -4.04 +/-  0.27

total      0 -     15,   DG -25.36 +/-  1.36

