
md10.edr: 0.0 - 20001.0; lambda = (0, 0.9)
    foreign lambdas:
        delta H to (0, 0.8) (20001 pts)
        delta H to (0, 0.9) (20001 pts)
        delta H to (0, 1) (20001 pts)



md11.edr: 0.0 - 20001.0; lambda = (0, 1)
    foreign lambdas:
        delta H to (0, 0.9) (20001 pts)
        delta H to (0, 1) (20001 pts)
        delta H to (0.2, 1) (20001 pts)



md12.edr: 0.0 - 20001.0; lambda = (0.2, 1)
    foreign lambdas:
        delta H to (0, 1) (20001 pts)
        delta H to (0.2, 1) (20001 pts)
        delta H to (0.4, 1) (20001 pts)



md13.edr: 0.0 - 20001.0; lambda = (0.4, 1)
    foreign lambdas:
        delta H to (0.2, 1) (20001 pts)
        delta H to (0.4, 1) (20001 pts)
        delta H to (0.6, 1) (20001 pts)



md14.edr: 0.0 - 20001.0; lambda = (0.6, 1)
    foreign lambdas:
        delta H to (0.4, 1) (20001 pts)
        delta H to (0.6, 1) (20001 pts)
        delta H to (0.8, 1) (20001 pts)



md15.edr: 0.0 - 20001.0; lambda = (0.8, 1)
    foreign lambdas:
        delta H to (0.6, 1) (20001 pts)
        delta H to (0.8, 1) (20001 pts)
        delta H to (1, 1) (20001 pts)



md16.edr: 0.0 - 20001.0; lambda = (1, 1)
    foreign lambdas:
        delta H to (0.8, 1) (20001 pts)
        delta H to (1, 1) (20001 pts)



md1.edr: 0.0 - 20001.0; lambda = (0, 0)
    foreign lambdas:
        delta H to (0, 0) (20001 pts)
        delta H to (0, 0.1) (20001 pts)



md2.edr: 0.0 - 20001.0; lambda = (0, 0.1)
    foreign lambdas:
        delta H to (0, 0) (20001 pts)
        delta H to (0, 0.1) (20001 pts)
        delta H to (0, 0.2) (20001 pts)



md3.edr: 0.0 - 20001.0; lambda = (0, 0.2)
    foreign lambdas:
        delta H to (0, 0.1) (20001 pts)
        delta H to (0, 0.2) (20001 pts)
        delta H to (0, 0.3) (20001 pts)



md4.edr: 0.0 - 20001.0; lambda = (0, 0.3)
    foreign lambdas:
        delta H to (0, 0.2) (20001 pts)
        delta H to (0, 0.3) (20001 pts)
        delta H to (0, 0.4) (20001 pts)



md5.edr: 0.0 - 20001.0; lambda = (0, 0.4)
    foreign lambdas:
        delta H to (0, 0.3) (20001 pts)
        delta H to (0, 0.4) (20001 pts)
        delta H to (0, 0.5) (20001 pts)



md6.edr: 0.0 - 20001.0; lambda = (0, 0.5)
    foreign lambdas:
        delta H to (0, 0.4) (20001 pts)
        delta H to (0, 0.5) (20001 pts)
        delta H to (0, 0.6) (20001 pts)



md7.edr: 0.0 - 20001.0; lambda = (0, 0.6)
    foreign lambdas:
        delta H to (0, 0.5) (20001 pts)
        delta H to (0, 0.6) (20001 pts)
        delta H to (0, 0.7) (20001 pts)



md8.edr: 0.0 - 20001.0; lambda = (0, 0.7)
    foreign lambdas:
        delta H to (0, 0.6) (20001 pts)
        delta H to (0, 0.7) (20001 pts)
        delta H to (0, 0.8) (20001 pts)



md9.edr: 0.0 - 20001.0; lambda = (0, 0.8)
    foreign lambdas:
        delta H to (0, 0.7) (20001 pts)
        delta H to (0, 0.8) (20001 pts)
        delta H to (0, 0.9) (20001 pts)



   Samples in time interval: 0.000 - 20001.000
Removing samples outside of: 0.000 - 1000.000

Temperature: 298.15 K

Detailed results in kT (see help for explanation):

 lam_A  lam_B      DG   +/-     s_A   +/-     s_B   +/-   stdev   +/- 
     0      1    1.05  0.01    0.15  0.01    0.16  0.01    0.56  0.02
     1      2    3.03  0.06    0.71  0.06    0.85  0.05    1.30  0.03
     2      3    3.09  0.14    2.65  0.07    2.04  0.07    2.55  0.07
     3      4    1.14  0.06    2.48  0.14    1.37  0.02    2.00  0.03
     4      5    0.06  0.03    1.25  0.06    0.76  0.04    1.41  0.02
     5      6   -0.45  0.02    0.92  0.04    0.56  0.03    1.17  0.01
     6      7   -0.81  0.02    0.67  0.05    0.41  0.03    0.97  0.02
     7      8   -1.00  0.02    0.48  0.03    0.32  0.02    0.86  0.02
     8      9   -1.11  0.02    0.40  0.03    0.26  0.02    0.80  0.01
     9     10   -1.17  0.02    0.35  0.03    0.23  0.02    0.76  0.01
    10     11   -0.29  0.02    0.22  0.01    0.23  0.01    0.72  0.01
    11     12   -0.86  0.01    0.33  0.02    0.37  0.02    0.86  0.01
    12     13   -1.73  0.04    0.50  0.03    0.56  0.03    1.06  0.01
    13     14   -2.91  0.03    0.62  0.04    0.65  0.04    1.18  0.02
    14     15   -4.32  0.03    0.76  0.03    0.79  0.04    1.26  0.01


Final results in kJ/mol:

point      0 -      1,   DG  2.61 +/-  0.02
point      1 -      2,   DG  7.52 +/-  0.14
point      2 -      3,   DG  7.65 +/-  0.33
point      3 -      4,   DG  2.81 +/-  0.15
point      4 -      5,   DG  0.16 +/-  0.07
point      5 -      6,   DG -1.12 +/-  0.05
point      6 -      7,   DG -2.00 +/-  0.04
point      7 -      8,   DG -2.47 +/-  0.04
point      8 -      9,   DG -2.75 +/-  0.04
point      9 -     10,   DG -2.90 +/-  0.04
point     10 -     11,   DG -0.73 +/-  0.04
point     11 -     12,   DG -2.12 +/-  0.03
point     12 -     13,   DG -4.29 +/-  0.09
point     13 -     14,   DG -7.22 +/-  0.07
point     14 -     15,   DG -10.72 +/-  0.07

total      0 -     15,   DG -15.57 +/-  0.53

