
md10.edr: 0.0 - 20001.0; lambda = (0, 0.9)
    foreign lambdas:
        delta H to (0, 0.8) (20001 pts)
        delta H to (0, 0.9) (20001 pts)
        delta H to (0, 1) (20001 pts)



md11.edr: 0.0 - 20001.0; lambda = (0, 1)
    foreign lambdas:
        delta H to (0, 0.9) (20001 pts)
        delta H to (0, 1) (20001 pts)
        delta H to (0.2, 1) (20001 pts)



md12.edr: 0.0 - 20001.0; lambda = (0.2, 1)
    foreign lambdas:
        delta H to (0, 1) (20001 pts)
        delta H to (0.2, 1) (20001 pts)
        delta H to (0.4, 1) (20001 pts)



md13.edr: 0.0 - 20001.0; lambda = (0.4, 1)
    foreign lambdas:
        delta H to (0.2, 1) (20001 pts)
        delta H to (0.4, 1) (20001 pts)
        delta H to (0.6, 1) (20001 pts)



md14.edr: 0.0 - 20001.0; lambda = (0.6, 1)
    foreign lambdas:
        delta H to (0.4, 1) (20001 pts)
        delta H to (0.6, 1) (20001 pts)
        delta H to (0.8, 1) (20001 pts)



md15.edr: 0.0 - 20001.0; lambda = (0.8, 1)
    foreign lambdas:
        delta H to (0.6, 1) (20001 pts)
        delta H to (0.8, 1) (20001 pts)
        delta H to (1, 1) (20001 pts)



md16.edr: 0.0 - 20001.0; lambda = (1, 1)
    foreign lambdas:
        delta H to (0.8, 1) (20001 pts)
        delta H to (1, 1) (20001 pts)



md1.edr: 0.0 - 20001.0; lambda = (0, 0)
    foreign lambdas:
        delta H to (0, 0) (20001 pts)
        delta H to (0, 0.1) (20001 pts)



md2.edr: 0.0 - 20001.0; lambda = (0, 0.1)
    foreign lambdas:
        delta H to (0, 0) (20001 pts)
        delta H to (0, 0.1) (20001 pts)
        delta H to (0, 0.2) (20001 pts)



md3.edr: 0.0 - 20001.0; lambda = (0, 0.2)
    foreign lambdas:
        delta H to (0, 0.1) (20001 pts)
        delta H to (0, 0.2) (20001 pts)
        delta H to (0, 0.3) (20001 pts)



md4.edr: 0.0 - 20001.0; lambda = (0, 0.3)
    foreign lambdas:
        delta H to (0, 0.2) (20001 pts)
        delta H to (0, 0.3) (20001 pts)
        delta H to (0, 0.4) (20001 pts)



md5.edr: 0.0 - 20001.0; lambda = (0, 0.4)
    foreign lambdas:
        delta H to (0, 0.3) (20001 pts)
        delta H to (0, 0.4) (20001 pts)
        delta H to (0, 0.5) (20001 pts)



md6.edr: 0.0 - 20001.0; lambda = (0, 0.5)
    foreign lambdas:
        delta H to (0, 0.4) (20001 pts)
        delta H to (0, 0.5) (20001 pts)
        delta H to (0, 0.6) (20001 pts)



md7.edr: 0.0 - 20001.0; lambda = (0, 0.6)
    foreign lambdas:
        delta H to (0, 0.5) (20001 pts)
        delta H to (0, 0.6) (20001 pts)
        delta H to (0, 0.7) (20001 pts)



md8.edr: 0.0 - 20001.0; lambda = (0, 0.7)
    foreign lambdas:
        delta H to (0, 0.6) (20001 pts)
        delta H to (0, 0.7) (20001 pts)
        delta H to (0, 0.8) (20001 pts)



md9.edr: 0.0 - 20001.0; lambda = (0, 0.8)
    foreign lambdas:
        delta H to (0, 0.7) (20001 pts)
        delta H to (0, 0.8) (20001 pts)
        delta H to (0, 0.9) (20001 pts)



   Samples in time interval: 0.000 - 20001.000
Removing samples outside of: 0.000 - 8000.000

Temperature: 298.15 K

Detailed results in kT (see help for explanation):

 lam_A  lam_B      DG   +/-     s_A   +/-     s_B   +/-   stdev   +/- 
     0      1    1.07  0.00    0.15  0.01    0.16  0.00    0.56  0.00
     1      2    3.08  0.03    0.69  0.02    0.82  0.02    1.25  0.02
     2      3    3.19  0.05    2.68  0.05    2.16  0.05    2.63  0.04
     3      4    1.13  0.02    2.46  0.06    1.32  0.03    1.97  0.01
     4      5    0.09  0.01    1.30  0.01    0.77  0.01    1.42  0.01
     5      6   -0.44  0.01    0.92  0.01    0.57  0.01    1.17  0.01
     6      7   -0.77  0.01    0.65  0.01    0.42  0.01    0.98  0.01
     7      8   -0.96  0.01    0.51  0.01    0.34  0.01    0.88  0.01
     8      9   -1.09  0.00    0.41  0.00    0.28  0.00    0.80  0.00
     9     10   -1.18  0.01    0.36  0.01    0.25  0.01    0.75  0.00
    10     11   -0.25  0.00    0.25  0.01    0.27  0.01    0.73  0.00
    11     12   -0.86  0.01    0.34  0.00    0.38  0.00    0.85  0.01
    12     13   -1.73  0.02    0.49  0.01    0.55  0.01    1.04  0.01
    13     14   -2.92  0.01    0.64  0.02    0.67  0.02    1.18  0.01
    14     15   -4.34  0.02    0.75  0.01    0.77  0.01    1.26  0.01


Final results in kJ/mol:

point      0 -      1,   DG  2.65 +/-  0.01
point      1 -      2,   DG  7.64 +/-  0.06
point      2 -      3,   DG  7.92 +/-  0.12
point      3 -      4,   DG  2.81 +/-  0.04
point      4 -      5,   DG  0.22 +/-  0.03
point      5 -      6,   DG -1.08 +/-  0.01
point      6 -      7,   DG -1.90 +/-  0.02
point      7 -      8,   DG -2.38 +/-  0.02
point      8 -      9,   DG -2.71 +/-  0.01
point      9 -     10,   DG -2.92 +/-  0.01
point     10 -     11,   DG -0.62 +/-  0.01
point     11 -     12,   DG -2.13 +/-  0.02
point     12 -     13,   DG -4.29 +/-  0.04
point     13 -     14,   DG -7.24 +/-  0.03
point     14 -     15,   DG -10.76 +/-  0.04

total      0 -     15,   DG -14.80 +/-  0.15

