
md10.edr: 0.0 - 20001.0; lambda = (0, 0.9)
    foreign lambdas:
        delta H to (0, 0.8) (20001 pts)
        delta H to (0, 0.9) (20001 pts)
        delta H to (0, 1) (20001 pts)



md11.edr: 0.0 - 20001.0; lambda = (0, 1)
    foreign lambdas:
        delta H to (0, 0.9) (20001 pts)
        delta H to (0, 1) (20001 pts)
        delta H to (0.2, 1) (20001 pts)



md12.edr: 0.0 - 20001.0; lambda = (0.2, 1)
    foreign lambdas:
        delta H to (0, 1) (20001 pts)
        delta H to (0.2, 1) (20001 pts)
        delta H to (0.4, 1) (20001 pts)



md13.edr: 0.0 - 20001.0; lambda = (0.4, 1)
    foreign lambdas:
        delta H to (0.2, 1) (20001 pts)
        delta H to (0.4, 1) (20001 pts)
        delta H to (0.6, 1) (20001 pts)



md14.edr: 0.0 - 20001.0; lambda = (0.6, 1)
    foreign lambdas:
        delta H to (0.4, 1) (20001 pts)
        delta H to (0.6, 1) (20001 pts)
        delta H to (0.8, 1) (20001 pts)



md15.edr: 0.0 - 20001.0; lambda = (0.8, 1)
    foreign lambdas:
        delta H to (0.6, 1) (20001 pts)
        delta H to (0.8, 1) (20001 pts)
        delta H to (1, 1) (20001 pts)



md16.edr: 0.0 - 20001.0; lambda = (1, 1)
    foreign lambdas:
        delta H to (0.8, 1) (20001 pts)
        delta H to (1, 1) (20001 pts)



md1.edr: 0.0 - 20001.0; lambda = (0, 0)
    foreign lambdas:
        delta H to (0, 0) (20001 pts)
        delta H to (0, 0.1) (20001 pts)



md2.edr: 0.0 - 20001.0; lambda = (0, 0.1)
    foreign lambdas:
        delta H to (0, 0) (20001 pts)
        delta H to (0, 0.1) (20001 pts)
        delta H to (0, 0.2) (20001 pts)



md3.edr: 0.0 - 20001.0; lambda = (0, 0.2)
    foreign lambdas:
        delta H to (0, 0.1) (20001 pts)
        delta H to (0, 0.2) (20001 pts)
        delta H to (0, 0.3) (20001 pts)



md4.edr: 0.0 - 20001.0; lambda = (0, 0.3)
    foreign lambdas:
        delta H to (0, 0.2) (20001 pts)
        delta H to (0, 0.3) (20001 pts)
        delta H to (0, 0.4) (20001 pts)



md5.edr: 0.0 - 20001.0; lambda = (0, 0.4)
    foreign lambdas:
        delta H to (0, 0.3) (20001 pts)
        delta H to (0, 0.4) (20001 pts)
        delta H to (0, 0.5) (20001 pts)



md6.edr: 0.0 - 20001.0; lambda = (0, 0.5)
    foreign lambdas:
        delta H to (0, 0.4) (20001 pts)
        delta H to (0, 0.5) (20001 pts)
        delta H to (0, 0.6) (20001 pts)



md7.edr: 0.0 - 20001.0; lambda = (0, 0.6)
    foreign lambdas:
        delta H to (0, 0.5) (20001 pts)
        delta H to (0, 0.6) (20001 pts)
        delta H to (0, 0.7) (20001 pts)



md8.edr: 0.0 - 20001.0; lambda = (0, 0.7)
    foreign lambdas:
        delta H to (0, 0.6) (20001 pts)
        delta H to (0, 0.7) (20001 pts)
        delta H to (0, 0.8) (20001 pts)



md9.edr: 0.0 - 20001.0; lambda = (0, 0.8)
    foreign lambdas:
        delta H to (0, 0.7) (20001 pts)
        delta H to (0, 0.8) (20001 pts)
        delta H to (0, 0.9) (20001 pts)



   Samples in time interval: 0.000 - 20001.000
Removing samples outside of: 0.000 - 1000.000

Temperature: 298.15 K

Detailed results in kT (see help for explanation):

 lam_A  lam_B      DG   +/-     s_A   +/-     s_B   +/-   stdev   +/- 
     0      1    1.06  0.02    0.14  0.02    0.15  0.02    0.55  0.01
     1      2    3.15  0.05    0.62  0.05    0.72  0.06    1.18  0.03
     2      3    3.42  0.06    2.76  0.12    2.39  0.11    2.76  0.11
     3      4    1.15  0.06    2.43  0.13    1.34  0.07    1.96  0.05
     4      5    0.16  0.02    1.27  0.03    0.80  0.02    1.41  0.02
     5      6   -0.38  0.01    0.96  0.02    0.64  0.01    1.21  0.01
     6      7   -0.75  0.02    0.65  0.02    0.42  0.02    1.01  0.02
     7      8   -0.94  0.02    0.54  0.03    0.36  0.03    0.91  0.02
     8      9   -1.10  0.01    0.45  0.02    0.31  0.01    0.82  0.02
     9     10   -1.21  0.02    0.35  0.02    0.25  0.02    0.73  0.01
    10     11   -0.32  0.01    0.35  0.01    0.36  0.01    0.81  0.01
    11     12   -1.05  0.02    0.37  0.01    0.43  0.01    0.91  0.00
    12     13   -2.06  0.03    0.58  0.02    0.64  0.02    1.12  0.03
    13     14   -3.41  0.04    0.71  0.02    0.77  0.03    1.26  0.02
    14     15   -5.12  0.03    0.94  0.02    0.94  0.02    1.41  0.02


Final results in kJ/mol:

point      0 -      1,   DG  2.63 +/-  0.04
point      1 -      2,   DG  7.81 +/-  0.11
point      2 -      3,   DG  8.47 +/-  0.14
point      3 -      4,   DG  2.86 +/-  0.14
point      4 -      5,   DG  0.39 +/-  0.05
point      5 -      6,   DG -0.94 +/-  0.02
point      6 -      7,   DG -1.86 +/-  0.05
point      7 -      8,   DG -2.34 +/-  0.05
point      8 -      9,   DG -2.73 +/-  0.03
point      9 -     10,   DG -3.00 +/-  0.05
point     10 -     11,   DG -0.79 +/-  0.02
point     11 -     12,   DG -2.61 +/-  0.05
point     12 -     13,   DG -5.10 +/-  0.07
point     13 -     14,   DG -8.45 +/-  0.09
point     14 -     15,   DG -12.70 +/-  0.08

total      0 -     15,   DG -18.38 +/-  0.40

