
md10.edr: 0.0 - 20001.0; lambda = (0, 0.9)
    foreign lambdas:
        delta H to (0, 0.8) (20001 pts)
        delta H to (0, 0.9) (20001 pts)
        delta H to (0, 1) (20001 pts)



md11.edr: 0.0 - 20001.0; lambda = (0, 1)
    foreign lambdas:
        delta H to (0, 0.9) (20001 pts)
        delta H to (0, 1) (20001 pts)
        delta H to (0.2, 1) (20001 pts)



md12.edr: 0.0 - 20001.0; lambda = (0.2, 1)
    foreign lambdas:
        delta H to (0, 1) (20001 pts)
        delta H to (0.2, 1) (20001 pts)
        delta H to (0.4, 1) (20001 pts)



md13.edr: 0.0 - 20001.0; lambda = (0.4, 1)
    foreign lambdas:
        delta H to (0.2, 1) (20001 pts)
        delta H to (0.4, 1) (20001 pts)
        delta H to (0.6, 1) (20001 pts)



md14.edr: 0.0 - 20001.0; lambda = (0.6, 1)
    foreign lambdas:
        delta H to (0.4, 1) (20001 pts)
        delta H to (0.6, 1) (20001 pts)
        delta H to (0.8, 1) (20001 pts)



md15.edr: 0.0 - 20001.0; lambda = (0.8, 1)
    foreign lambdas:
        delta H to (0.6, 1) (20001 pts)
        delta H to (0.8, 1) (20001 pts)
        delta H to (1, 1) (20001 pts)



md16.edr: 0.0 - 20001.0; lambda = (1, 1)
    foreign lambdas:
        delta H to (0.8, 1) (20001 pts)
        delta H to (1, 1) (20001 pts)



md1.edr: 0.0 - 20001.0; lambda = (0, 0)
    foreign lambdas:
        delta H to (0, 0) (20001 pts)
        delta H to (0, 0.1) (20001 pts)



md2.edr: 0.0 - 20001.0; lambda = (0, 0.1)
    foreign lambdas:
        delta H to (0, 0) (20001 pts)
        delta H to (0, 0.1) (20001 pts)
        delta H to (0, 0.2) (20001 pts)



md3.edr: 0.0 - 20001.0; lambda = (0, 0.2)
    foreign lambdas:
        delta H to (0, 0.1) (20001 pts)
        delta H to (0, 0.2) (20001 pts)
        delta H to (0, 0.3) (20001 pts)



md4.edr: 0.0 - 20001.0; lambda = (0, 0.3)
    foreign lambdas:
        delta H to (0, 0.2) (20001 pts)
        delta H to (0, 0.3) (20001 pts)
        delta H to (0, 0.4) (20001 pts)



md5.edr: 0.0 - 20001.0; lambda = (0, 0.4)
    foreign lambdas:
        delta H to (0, 0.3) (20001 pts)
        delta H to (0, 0.4) (20001 pts)
        delta H to (0, 0.5) (20001 pts)



md6.edr: 0.0 - 20001.0; lambda = (0, 0.5)
    foreign lambdas:
        delta H to (0, 0.4) (20001 pts)
        delta H to (0, 0.5) (20001 pts)
        delta H to (0, 0.6) (20001 pts)



md7.edr: 0.0 - 20001.0; lambda = (0, 0.6)
    foreign lambdas:
        delta H to (0, 0.5) (20001 pts)
        delta H to (0, 0.6) (20001 pts)
        delta H to (0, 0.7) (20001 pts)



md8.edr: 0.0 - 20001.0; lambda = (0, 0.7)
    foreign lambdas:
        delta H to (0, 0.6) (20001 pts)
        delta H to (0, 0.7) (20001 pts)
        delta H to (0, 0.8) (20001 pts)



md9.edr: 0.0 - 20001.0; lambda = (0, 0.8)
    foreign lambdas:
        delta H to (0, 0.7) (20001 pts)
        delta H to (0, 0.8) (20001 pts)
        delta H to (0, 0.9) (20001 pts)



Temperature: 298.15 K

Detailed results in kT (see help for explanation):

 lam_A  lam_B      DG   +/-     s_A   +/-     s_B   +/-   stdev   +/- 
     0      1    1.13  0.01    0.79  0.08    0.85  0.08    1.33  0.04
     1      2    1.53  0.11    2.47  0.13    1.86  0.08    2.39  0.07
     2      3    0.13  0.06    2.40  0.14    1.35  0.07    2.00  0.05
     3      4   -0.71  0.04    1.44  0.04    0.87  0.02    1.49  0.02
     4      5   -1.12  0.02    1.02  0.02    0.65  0.02    1.27  0.01
     5      6   -1.34  0.01    0.88  0.02    0.57  0.01    1.17  0.01
     6      7   -1.51  0.01    0.79  0.01    0.51  0.01    1.10  0.00
     7      8   -1.68  0.01    0.70  0.01    0.44  0.01    1.02  0.01
     8      9   -1.84  0.01    0.62  0.01    0.40  0.01    0.95  0.01
     9     10   -1.93  0.02    0.52  0.01    0.34  0.01    0.89  0.01
    10     11   -0.08  0.02    0.08  0.02    0.08  0.02    0.35  0.02
    11     12   -0.21  0.01    0.05  0.03    0.06  0.03    0.35  0.02
    12     13   -0.32  0.04    0.05  0.02    0.07  0.03    0.40  0.02
    13     14   -0.50  0.04    0.11  0.06    0.15  0.06    0.52  0.03
    14     15   -1.03  0.09    0.37  0.13    0.48  0.14    0.88  0.07


Final results in kJ/mol:

point      0 -      1,   DG  2.79 +/-  0.04
point      1 -      2,   DG  3.79 +/-  0.27
point      2 -      3,   DG  0.32 +/-  0.15
point      3 -      4,   DG -1.75 +/-  0.10
point      4 -      5,   DG -2.77 +/-  0.05
point      5 -      6,   DG -3.32 +/-  0.03
point      6 -      7,   DG -3.75 +/-  0.02
point      7 -      8,   DG -4.18 +/-  0.03
point      8 -      9,   DG -4.55 +/-  0.02
point      9 -     10,   DG -4.79 +/-  0.04
point     10 -     11,   DG -0.21 +/-  0.04
point     11 -     12,   DG -0.53 +/-  0.03
point     12 -     13,   DG -0.80 +/-  0.10
point     13 -     14,   DG -1.25 +/-  0.10
point     14 -     15,   DG -2.54 +/-  0.22

total      0 -     15,   DG -23.54 +/-  0.71

