
md10.edr: 0.0 - 20001.0; lambda = (0, 0.9)
    foreign lambdas:
        delta H to (0, 0.8) (20001 pts)
        delta H to (0, 0.9) (20001 pts)
        delta H to (0, 1) (20001 pts)



md11.edr: 0.0 - 20001.0; lambda = (0, 1)
    foreign lambdas:
        delta H to (0, 0.9) (20001 pts)
        delta H to (0, 1) (20001 pts)
        delta H to (0.2, 1) (20001 pts)



md12.edr: 0.0 - 20001.0; lambda = (0.2, 1)
    foreign lambdas:
        delta H to (0, 1) (20001 pts)
        delta H to (0.2, 1) (20001 pts)
        delta H to (0.4, 1) (20001 pts)



md13.edr: 0.0 - 20001.0; lambda = (0.4, 1)
    foreign lambdas:
        delta H to (0.2, 1) (20001 pts)
        delta H to (0.4, 1) (20001 pts)
        delta H to (0.6, 1) (20001 pts)



md14.edr: 0.0 - 20001.0; lambda = (0.6, 1)
    foreign lambdas:
        delta H to (0.4, 1) (20001 pts)
        delta H to (0.6, 1) (20001 pts)
        delta H to (0.8, 1) (20001 pts)



md15.edr: 0.0 - 20001.0; lambda = (0.8, 1)
    foreign lambdas:
        delta H to (0.6, 1) (20001 pts)
        delta H to (0.8, 1) (20001 pts)
        delta H to (1, 1) (20001 pts)



md16.edr: 0.0 - 20001.0; lambda = (1, 1)
    foreign lambdas:
        delta H to (0.8, 1) (20001 pts)
        delta H to (1, 1) (20001 pts)



md1.edr: 0.0 - 20001.0; lambda = (0, 0)
    foreign lambdas:
        delta H to (0, 0) (20001 pts)
        delta H to (0, 0.1) (20001 pts)



md2.edr: 0.0 - 20001.0; lambda = (0, 0.1)
    foreign lambdas:
        delta H to (0, 0) (20001 pts)
        delta H to (0, 0.1) (20001 pts)
        delta H to (0, 0.2) (20001 pts)



md3.edr: 0.0 - 20001.0; lambda = (0, 0.2)
    foreign lambdas:
        delta H to (0, 0.1) (20001 pts)
        delta H to (0, 0.2) (20001 pts)
        delta H to (0, 0.3) (20001 pts)



md4.edr: 0.0 - 20001.0; lambda = (0, 0.3)
    foreign lambdas:
        delta H to (0, 0.2) (20001 pts)
        delta H to (0, 0.3) (20001 pts)
        delta H to (0, 0.4) (20001 pts)



md5.edr: 0.0 - 20001.0; lambda = (0, 0.4)
    foreign lambdas:
        delta H to (0, 0.3) (20001 pts)
        delta H to (0, 0.4) (20001 pts)
        delta H to (0, 0.5) (20001 pts)



md6.edr: 0.0 - 20001.0; lambda = (0, 0.5)
    foreign lambdas:
        delta H to (0, 0.4) (20001 pts)
        delta H to (0, 0.5) (20001 pts)
        delta H to (0, 0.6) (20001 pts)



md7.edr: 0.0 - 20001.0; lambda = (0, 0.6)
    foreign lambdas:
        delta H to (0, 0.5) (20001 pts)
        delta H to (0, 0.6) (20001 pts)
        delta H to (0, 0.7) (20001 pts)



md8.edr: 0.0 - 20001.0; lambda = (0, 0.7)
    foreign lambdas:
        delta H to (0, 0.6) (20001 pts)
        delta H to (0, 0.7) (20001 pts)
        delta H to (0, 0.8) (20001 pts)



md9.edr: 0.0 - 20001.0; lambda = (0, 0.8)
    foreign lambdas:
        delta H to (0, 0.7) (20001 pts)
        delta H to (0, 0.8) (20001 pts)
        delta H to (0, 0.9) (20001 pts)



   Samples in time interval: 0.000 - 20001.000
Removing samples outside of: 0.000 - 1000.000

Temperature: 298.15 K

Detailed results in kT (see help for explanation):

 lam_A  lam_B      DG   +/-     s_A   +/-     s_B   +/-   stdev   +/- 
     0      1    1.40  0.21    0.88  0.26    1.00  0.23    1.43  0.13
     1      2    1.24  0.26    2.94  0.54    1.96  0.31    2.47  0.31
     2      3    0.07  0.12    1.71  0.14    1.04  0.08    1.78  0.06
     3      4   -0.52  0.15    1.73  0.19    1.00  0.11    1.63  0.10
     4      5   -1.02  0.05    1.02  0.08    0.64  0.06    1.27  0.04
     5      6   -1.31  0.06    0.91  0.05    0.58  0.04    1.19  0.02
     6      7   -1.51  0.04    0.89  0.02    0.57  0.02    1.12  0.02
     7      8   -1.74  0.02    0.65  0.03    0.42  0.02    1.00  0.02
     8      9   -1.84  0.03    0.58  0.02    0.35  0.03    0.94  0.01
     9     10   -1.84  0.03    0.55  0.05    0.36  0.04    0.93  0.03
    10     11   -0.18  0.06    0.26  0.02    0.26  0.02    0.46  0.02
    11     12   -0.28  0.02   -0.16  0.04   -0.15  0.03    0.38  0.02
    12     13   -0.31  0.06    0.18  0.06    0.21  0.08    0.46  0.07
    13     14   -0.38  0.04   -0.14  0.11   -0.11  0.10    0.48  0.07
    14     15   -1.00  0.20    0.72  0.13    0.86  0.10    0.95  0.09

WARNING: Some of these results violate the Second Law of Thermodynamics: 
         This is can be the result of severe undersampling, or (more likely)
         there is something wrong with the simulations.


Final results in kJ/mol:

point      0 -      1,   DG  3.46 +/-  0.52
point      1 -      2,   DG  3.08 +/-  0.65
point      2 -      3,   DG  0.16 +/-  0.30
point      3 -      4,   DG -1.29 +/-  0.38
point      4 -      5,   DG -2.53 +/-  0.12
point      5 -      6,   DG -3.25 +/-  0.14
point      6 -      7,   DG -3.74 +/-  0.10
point      7 -      8,   DG -4.31 +/-  0.06
point      8 -      9,   DG -4.56 +/-  0.09
point      9 -     10,   DG -4.57 +/-  0.08
point     10 -     11,   DG -0.46 +/-  0.15
point     11 -     12,   DG -0.70 +/-  0.05
point     12 -     13,   DG -0.76 +/-  0.16
point     13 -     14,   DG -0.95 +/-  0.10
point     14 -     15,   DG -2.47 +/-  0.50

total      0 -     15,   DG -22.87 +/-  1.69

