
md10.edr: 0.0 - 20001.0; lambda = (0, 0.9)
    foreign lambdas:
        delta H to (0, 0.8) (20001 pts)
        delta H to (0, 0.9) (20001 pts)
        delta H to (0, 1) (20001 pts)



md11.edr: 0.0 - 20001.0; lambda = (0, 1)
    foreign lambdas:
        delta H to (0, 0.9) (20001 pts)
        delta H to (0, 1) (20001 pts)
        delta H to (0.2, 1) (20001 pts)



md12.edr: 0.0 - 20001.0; lambda = (0.2, 1)
    foreign lambdas:
        delta H to (0, 1) (20001 pts)
        delta H to (0.2, 1) (20001 pts)
        delta H to (0.4, 1) (20001 pts)



md13.edr: 0.0 - 20001.0; lambda = (0.4, 1)
    foreign lambdas:
        delta H to (0.2, 1) (20001 pts)
        delta H to (0.4, 1) (20001 pts)
        delta H to (0.6, 1) (20001 pts)



md14.edr: 0.0 - 20001.0; lambda = (0.6, 1)
    foreign lambdas:
        delta H to (0.4, 1) (20001 pts)
        delta H to (0.6, 1) (20001 pts)
        delta H to (0.8, 1) (20001 pts)



md15.edr: 0.0 - 20001.0; lambda = (0.8, 1)
    foreign lambdas:
        delta H to (0.6, 1) (20001 pts)
        delta H to (0.8, 1) (20001 pts)
        delta H to (1, 1) (20001 pts)



md16.edr: 0.0 - 20001.0; lambda = (1, 1)
    foreign lambdas:
        delta H to (0.8, 1) (20001 pts)
        delta H to (1, 1) (20001 pts)



md1.edr: 0.0 - 20001.0; lambda = (0, 0)
    foreign lambdas:
        delta H to (0, 0) (20001 pts)
        delta H to (0, 0.1) (20001 pts)



md2.edr: 0.0 - 20001.0; lambda = (0, 0.1)
    foreign lambdas:
        delta H to (0, 0) (20001 pts)
        delta H to (0, 0.1) (20001 pts)
        delta H to (0, 0.2) (20001 pts)



md3.edr: 0.0 - 20001.0; lambda = (0, 0.2)
    foreign lambdas:
        delta H to (0, 0.1) (20001 pts)
        delta H to (0, 0.2) (20001 pts)
        delta H to (0, 0.3) (20001 pts)



md4.edr: 0.0 - 20001.0; lambda = (0, 0.3)
    foreign lambdas:
        delta H to (0, 0.2) (20001 pts)
        delta H to (0, 0.3) (20001 pts)
        delta H to (0, 0.4) (20001 pts)



md5.edr: 0.0 - 20001.0; lambda = (0, 0.4)
    foreign lambdas:
        delta H to (0, 0.3) (20001 pts)
        delta H to (0, 0.4) (20001 pts)
        delta H to (0, 0.5) (20001 pts)



md6.edr: 0.0 - 20001.0; lambda = (0, 0.5)
    foreign lambdas:
        delta H to (0, 0.4) (20001 pts)
        delta H to (0, 0.5) (20001 pts)
        delta H to (0, 0.6) (20001 pts)



md7.edr: 0.0 - 20001.0; lambda = (0, 0.6)
    foreign lambdas:
        delta H to (0, 0.5) (20001 pts)
        delta H to (0, 0.6) (20001 pts)
        delta H to (0, 0.7) (20001 pts)



md8.edr: 0.0 - 20001.0; lambda = (0, 0.7)
    foreign lambdas:
        delta H to (0, 0.6) (20001 pts)
        delta H to (0, 0.7) (20001 pts)
        delta H to (0, 0.8) (20001 pts)



md9.edr: 0.0 - 20001.0; lambda = (0, 0.8)
    foreign lambdas:
        delta H to (0, 0.7) (20001 pts)
        delta H to (0, 0.8) (20001 pts)
        delta H to (0, 0.9) (20001 pts)



   Samples in time interval: 0.000 - 20001.000
Removing samples outside of: 0.000 - 14000.000

Temperature: 298.15 K

Detailed results in kT (see help for explanation):

 lam_A  lam_B      DG   +/-     s_A   +/-     s_B   +/-   stdev   +/- 
     0      1    1.13  0.06    0.69  0.09    0.77  0.08    1.28  0.05
     1      2    1.59  0.13    2.61  0.14    1.94  0.13    2.46  0.12
     2      3    0.12  0.07    2.37  0.13    1.34  0.06    1.99  0.05
     3      4   -0.71  0.07    1.43  0.07    0.85  0.04    1.48  0.03
     4      5   -1.11  0.03    1.02  0.05    0.65  0.03    1.26  0.02
     5      6   -1.35  0.02    0.86  0.01    0.56  0.01    1.16  0.01
     6      7   -1.51  0.02    0.79  0.03    0.51  0.02    1.10  0.01
     7      8   -1.68  0.01    0.70  0.02    0.45  0.01    1.02  0.01
     8      9   -1.83  0.01    0.62  0.02    0.39  0.02    0.94  0.01
     9     10   -1.94  0.02    0.53  0.01    0.35  0.00    0.89  0.01
    10     11   -0.10  0.02    0.09  0.03    0.09  0.03    0.36  0.02
    11     12   -0.21  0.02    0.02  0.03    0.03  0.03    0.33  0.01
    12     13   -0.28  0.02    0.05  0.03    0.06  0.03    0.37  0.02
    13     14   -0.47  0.03    0.13  0.07    0.17  0.08    0.51  0.03
    14     15   -0.94  0.09    0.30  0.12    0.41  0.14    0.83  0.07


Final results in kJ/mol:

point      0 -      1,   DG  2.81 +/-  0.14
point      1 -      2,   DG  3.93 +/-  0.32
point      2 -      3,   DG  0.29 +/-  0.17
point      3 -      4,   DG -1.77 +/-  0.17
point      4 -      5,   DG -2.75 +/-  0.08
point      5 -      6,   DG -3.34 +/-  0.06
point      6 -      7,   DG -3.74 +/-  0.04
point      7 -      8,   DG -4.18 +/-  0.02
point      8 -      9,   DG -4.53 +/-  0.03
point      9 -     10,   DG -4.80 +/-  0.06
point     10 -     11,   DG -0.24 +/-  0.06
point     11 -     12,   DG -0.51 +/-  0.05
point     12 -     13,   DG -0.70 +/-  0.04
point     13 -     14,   DG -1.17 +/-  0.07
point     14 -     15,   DG -2.33 +/-  0.23

total      0 -     15,   DG -23.04 +/-  0.67

