
md10.edr: 0.0 - 20001.0; lambda = (0, 0.9)
    foreign lambdas:
        delta H to (0, 0.8) (20001 pts)
        delta H to (0, 0.9) (20001 pts)
        delta H to (0, 1) (20001 pts)



md11.edr: 0.0 - 20001.0; lambda = (0, 1)
    foreign lambdas:
        delta H to (0, 0.9) (20001 pts)
        delta H to (0, 1) (20001 pts)
        delta H to (0.2, 1) (20001 pts)



md12.edr: 0.0 - 20001.0; lambda = (0.2, 1)
    foreign lambdas:
        delta H to (0, 1) (20001 pts)
        delta H to (0.2, 1) (20001 pts)
        delta H to (0.4, 1) (20001 pts)



md13.edr: 0.0 - 20001.0; lambda = (0.4, 1)
    foreign lambdas:
        delta H to (0.2, 1) (20001 pts)
        delta H to (0.4, 1) (20001 pts)
        delta H to (0.6, 1) (20001 pts)



md14.edr: 0.0 - 20001.0; lambda = (0.6, 1)
    foreign lambdas:
        delta H to (0.4, 1) (20001 pts)
        delta H to (0.6, 1) (20001 pts)
        delta H to (0.8, 1) (20001 pts)



md15.edr: 0.0 - 20001.0; lambda = (0.8, 1)
    foreign lambdas:
        delta H to (0.6, 1) (20001 pts)
        delta H to (0.8, 1) (20001 pts)
        delta H to (1, 1) (20001 pts)



md16.edr: 0.0 - 20001.0; lambda = (1, 1)
    foreign lambdas:
        delta H to (0.8, 1) (20001 pts)
        delta H to (1, 1) (20001 pts)



md1.edr: 0.0 - 20001.0; lambda = (0, 0)
    foreign lambdas:
        delta H to (0, 0) (20001 pts)
        delta H to (0, 0.1) (20001 pts)



md2.edr: 0.0 - 20001.0; lambda = (0, 0.1)
    foreign lambdas:
        delta H to (0, 0) (20001 pts)
        delta H to (0, 0.1) (20001 pts)
        delta H to (0, 0.2) (20001 pts)



md3.edr: 0.0 - 20001.0; lambda = (0, 0.2)
    foreign lambdas:
        delta H to (0, 0.1) (20001 pts)
        delta H to (0, 0.2) (20001 pts)
        delta H to (0, 0.3) (20001 pts)



md4.edr: 0.0 - 20001.0; lambda = (0, 0.3)
    foreign lambdas:
        delta H to (0, 0.2) (20001 pts)
        delta H to (0, 0.3) (20001 pts)
        delta H to (0, 0.4) (20001 pts)



md5.edr: 0.0 - 20001.0; lambda = (0, 0.4)
    foreign lambdas:
        delta H to (0, 0.3) (20001 pts)
        delta H to (0, 0.4) (20001 pts)
        delta H to (0, 0.5) (20001 pts)



md6.edr: 0.0 - 20001.0; lambda = (0, 0.5)
    foreign lambdas:
        delta H to (0, 0.4) (20001 pts)
        delta H to (0, 0.5) (20001 pts)
        delta H to (0, 0.6) (20001 pts)



md7.edr: 0.0 - 20001.0; lambda = (0, 0.6)
    foreign lambdas:
        delta H to (0, 0.5) (20001 pts)
        delta H to (0, 0.6) (20001 pts)
        delta H to (0, 0.7) (20001 pts)



md8.edr: 0.0 - 20001.0; lambda = (0, 0.7)
    foreign lambdas:
        delta H to (0, 0.6) (20001 pts)
        delta H to (0, 0.7) (20001 pts)
        delta H to (0, 0.8) (20001 pts)



md9.edr: 0.0 - 20001.0; lambda = (0, 0.8)
    foreign lambdas:
        delta H to (0, 0.7) (20001 pts)
        delta H to (0, 0.8) (20001 pts)
        delta H to (0, 0.9) (20001 pts)



   Samples in time interval: 0.000 - 20001.000
Removing samples outside of: 0.000 - 6000.000

Temperature: 298.15 K

Detailed results in kT (see help for explanation):

 lam_A  lam_B      DG   +/-     s_A   +/-     s_B   +/-   stdev   +/- 
     0      1    1.08  0.08    0.72  0.08    0.79  0.08    1.30  0.04
     1      2    1.52  0.10    2.58  0.12    1.93  0.07    2.44  0.05
     2      3    0.15  0.06    2.25  0.13    1.28  0.07    1.95  0.04
     3      4   -0.62  0.07    1.49  0.10    0.88  0.06    1.52  0.04
     4      5   -1.08  0.03    1.07  0.05    0.68  0.04    1.28  0.02
     5      6   -1.34  0.03    0.85  0.03    0.55  0.02    1.15  0.02
     6      7   -1.48  0.02    0.84  0.04    0.55  0.03    1.12  0.02
     7      8   -1.70  0.02    0.69  0.03    0.44  0.02    1.02  0.01
     8      9   -1.81  0.02    0.59  0.04    0.36  0.02    0.93  0.02
     9     10   -1.89  0.02    0.53  0.02    0.35  0.01    0.89  0.01
    10     11   -0.12  0.03    0.10  0.05    0.10  0.05    0.36  0.03
    11     12   -0.21  0.03   -0.01  0.05   -0.01  0.05    0.35  0.03
    12     13   -0.32  0.03    0.12  0.03    0.14  0.03    0.40  0.01
    13     14   -0.45  0.04   -0.01  0.04    0.01  0.04    0.47  0.01
    14     15   -0.89  0.15    0.42  0.20    0.57  0.22    0.89  0.14


Final results in kJ/mol:

point      0 -      1,   DG  2.68 +/-  0.20
point      1 -      2,   DG  3.76 +/-  0.25
point      2 -      3,   DG  0.38 +/-  0.14
point      3 -      4,   DG -1.54 +/-  0.17
point      4 -      5,   DG -2.67 +/-  0.08
point      5 -      6,   DG -3.32 +/-  0.07
point      6 -      7,   DG -3.68 +/-  0.05
point      7 -      8,   DG -4.21 +/-  0.05
point      8 -      9,   DG -4.48 +/-  0.05
point      9 -     10,   DG -4.68 +/-  0.05
point     10 -     11,   DG -0.30 +/-  0.08
point     11 -     12,   DG -0.52 +/-  0.08
point     12 -     13,   DG -0.80 +/-  0.07
point     13 -     14,   DG -1.11 +/-  0.11
point     14 -     15,   DG -2.19 +/-  0.36

total      0 -     15,   DG -22.70 +/-  0.50

