
md10.edr: 0.0 - 20001.0; lambda = (0, 0.9)
    foreign lambdas:
        delta H to (0, 0.8) (20001 pts)
        delta H to (0, 0.9) (20001 pts)
        delta H to (0, 1) (20001 pts)



md11.edr: 0.0 - 20001.0; lambda = (0, 1)
    foreign lambdas:
        delta H to (0, 0.9) (20001 pts)
        delta H to (0, 1) (20001 pts)
        delta H to (0.2, 1) (20001 pts)



md12.edr: 0.0 - 20001.0; lambda = (0.2, 1)
    foreign lambdas:
        delta H to (0, 1) (20001 pts)
        delta H to (0.2, 1) (20001 pts)
        delta H to (0.4, 1) (20001 pts)



md13.edr: 0.0 - 20001.0; lambda = (0.4, 1)
    foreign lambdas:
        delta H to (0.2, 1) (20001 pts)
        delta H to (0.4, 1) (20001 pts)
        delta H to (0.6, 1) (20001 pts)



md14.edr: 0.0 - 20001.0; lambda = (0.6, 1)
    foreign lambdas:
        delta H to (0.4, 1) (20001 pts)
        delta H to (0.6, 1) (20001 pts)
        delta H to (0.8, 1) (20001 pts)



md15.edr: 0.0 - 20001.0; lambda = (0.8, 1)
    foreign lambdas:
        delta H to (0.6, 1) (20001 pts)
        delta H to (0.8, 1) (20001 pts)
        delta H to (1, 1) (20001 pts)



md16.edr: 0.0 - 20001.0; lambda = (1, 1)
    foreign lambdas:
        delta H to (0.8, 1) (20001 pts)
        delta H to (1, 1) (20001 pts)



md1.edr: 0.0 - 20001.0; lambda = (0, 0)
    foreign lambdas:
        delta H to (0, 0) (20001 pts)
        delta H to (0, 0.1) (20001 pts)



md2.edr: 0.0 - 20001.0; lambda = (0, 0.1)
    foreign lambdas:
        delta H to (0, 0) (20001 pts)
        delta H to (0, 0.1) (20001 pts)
        delta H to (0, 0.2) (20001 pts)



md3.edr: 0.0 - 20001.0; lambda = (0, 0.2)
    foreign lambdas:
        delta H to (0, 0.1) (20001 pts)
        delta H to (0, 0.2) (20001 pts)
        delta H to (0, 0.3) (20001 pts)



md4.edr: 0.0 - 20001.0; lambda = (0, 0.3)
    foreign lambdas:
        delta H to (0, 0.2) (20001 pts)
        delta H to (0, 0.3) (20001 pts)
        delta H to (0, 0.4) (20001 pts)



md5.edr: 0.0 - 20001.0; lambda = (0, 0.4)
    foreign lambdas:
        delta H to (0, 0.3) (20001 pts)
        delta H to (0, 0.4) (20001 pts)
        delta H to (0, 0.5) (20001 pts)



md6.edr: 0.0 - 20001.0; lambda = (0, 0.5)
    foreign lambdas:
        delta H to (0, 0.4) (20001 pts)
        delta H to (0, 0.5) (20001 pts)
        delta H to (0, 0.6) (20001 pts)



md7.edr: 0.0 - 20001.0; lambda = (0, 0.6)
    foreign lambdas:
        delta H to (0, 0.5) (20001 pts)
        delta H to (0, 0.6) (20001 pts)
        delta H to (0, 0.7) (20001 pts)



md8.edr: 0.0 - 20001.0; lambda = (0, 0.7)
    foreign lambdas:
        delta H to (0, 0.6) (20001 pts)
        delta H to (0, 0.7) (20001 pts)
        delta H to (0, 0.8) (20001 pts)



md9.edr: 0.0 - 20001.0; lambda = (0, 0.8)
    foreign lambdas:
        delta H to (0, 0.7) (20001 pts)
        delta H to (0, 0.8) (20001 pts)
        delta H to (0, 0.9) (20001 pts)



   Samples in time interval: 0.000 - 20001.000
Removing samples outside of: 0.000 - 8000.000

Temperature: 298.15 K

Detailed results in kT (see help for explanation):

 lam_A  lam_B      DG   +/-     s_A   +/-     s_B   +/-   stdev   +/- 
     0      1    1.15  0.10    0.66  0.09    0.74  0.10    1.26  0.06
     1      2    1.59  0.18    2.73  0.19    2.04  0.19    2.54  0.16
     2      3    0.11  0.06    2.22  0.14    1.27  0.06    1.94  0.05
     3      4   -0.66  0.06    1.49  0.09    0.88  0.05    1.51  0.04
     4      5   -1.11  0.03    1.05  0.04    0.68  0.03    1.27  0.02
     5      6   -1.37  0.03    0.85  0.03    0.55  0.02    1.15  0.01
     6      7   -1.51  0.03    0.80  0.05    0.52  0.04    1.11  0.02
     7      8   -1.70  0.02    0.70  0.03    0.45  0.02    1.02  0.01
     8      9   -1.82  0.01    0.61  0.03    0.38  0.02    0.94  0.02
     9     10   -1.91  0.02    0.52  0.02    0.34  0.01    0.89  0.01
    10     11   -0.11  0.03    0.08  0.05    0.08  0.05    0.34  0.03
    11     12   -0.20  0.03    0.01  0.05    0.01  0.05    0.34  0.03
    12     13   -0.30  0.03    0.09  0.05    0.10  0.05    0.39  0.02
    13     14   -0.48  0.05    0.08  0.10    0.11  0.10    0.51  0.04
    14     15   -0.96  0.13    0.37  0.16    0.50  0.19    0.88  0.10


Final results in kJ/mol:

point      0 -      1,   DG  2.84 +/-  0.26
point      1 -      2,   DG  3.94 +/-  0.45
point      2 -      3,   DG  0.27 +/-  0.16
point      3 -      4,   DG -1.64 +/-  0.15
point      4 -      5,   DG -2.75 +/-  0.08
point      5 -      6,   DG -3.39 +/-  0.08
point      6 -      7,   DG -3.74 +/-  0.07
point      7 -      8,   DG -4.21 +/-  0.05
point      8 -      9,   DG -4.51 +/-  0.02
point      9 -     10,   DG -4.73 +/-  0.06
point     10 -     11,   DG -0.27 +/-  0.07
point     11 -     12,   DG -0.49 +/-  0.07
point     12 -     13,   DG -0.74 +/-  0.07
point     13 -     14,   DG -1.19 +/-  0.12
point     14 -     15,   DG -2.39 +/-  0.33

total      0 -     15,   DG -22.99 +/-  0.59

