
md10.edr: 0.0 - 20001.0; lambda = (0, 0.9)
    foreign lambdas:
        delta H to (0, 0.8) (20001 pts)
        delta H to (0, 0.9) (20001 pts)
        delta H to (0, 1) (20001 pts)



md11.edr: 0.0 - 20001.0; lambda = (0, 1)
    foreign lambdas:
        delta H to (0, 0.9) (20001 pts)
        delta H to (0, 1) (20001 pts)
        delta H to (0.2, 1) (20001 pts)



md12.edr: 0.0 - 20001.0; lambda = (0.2, 1)
    foreign lambdas:
        delta H to (0, 1) (20001 pts)
        delta H to (0.2, 1) (20001 pts)
        delta H to (0.4, 1) (20001 pts)



md13.edr: 0.0 - 20001.0; lambda = (0.4, 1)
    foreign lambdas:
        delta H to (0.2, 1) (20001 pts)
        delta H to (0.4, 1) (20001 pts)
        delta H to (0.6, 1) (20001 pts)



md14.edr: 0.0 - 20001.0; lambda = (0.6, 1)
    foreign lambdas:
        delta H to (0.4, 1) (20001 pts)
        delta H to (0.6, 1) (20001 pts)
        delta H to (0.8, 1) (20001 pts)



md15.edr: 0.0 - 20001.0; lambda = (0.8, 1)
    foreign lambdas:
        delta H to (0.6, 1) (20001 pts)
        delta H to (0.8, 1) (20001 pts)
        delta H to (1, 1) (20001 pts)



md16.edr: 0.0 - 20001.0; lambda = (1, 1)
    foreign lambdas:
        delta H to (0.8, 1) (20001 pts)
        delta H to (1, 1) (20001 pts)



md1.edr: 0.0 - 20001.0; lambda = (0, 0)
    foreign lambdas:
        delta H to (0, 0) (20001 pts)
        delta H to (0, 0.1) (20001 pts)



md2.edr: 0.0 - 20001.0; lambda = (0, 0.1)
    foreign lambdas:
        delta H to (0, 0) (20001 pts)
        delta H to (0, 0.1) (20001 pts)
        delta H to (0, 0.2) (20001 pts)



md3.edr: 0.0 - 20001.0; lambda = (0, 0.2)
    foreign lambdas:
        delta H to (0, 0.1) (20001 pts)
        delta H to (0, 0.2) (20001 pts)
        delta H to (0, 0.3) (20001 pts)



md4.edr: 0.0 - 20001.0; lambda = (0, 0.3)
    foreign lambdas:
        delta H to (0, 0.2) (20001 pts)
        delta H to (0, 0.3) (20001 pts)
        delta H to (0, 0.4) (20001 pts)



md5.edr: 0.0 - 20001.0; lambda = (0, 0.4)
    foreign lambdas:
        delta H to (0, 0.3) (20001 pts)
        delta H to (0, 0.4) (20001 pts)
        delta H to (0, 0.5) (20001 pts)



md6.edr: 0.0 - 20001.0; lambda = (0, 0.5)
    foreign lambdas:
        delta H to (0, 0.4) (20001 pts)
        delta H to (0, 0.5) (20001 pts)
        delta H to (0, 0.6) (20001 pts)



md7.edr: 0.0 - 20001.0; lambda = (0, 0.6)
    foreign lambdas:
        delta H to (0, 0.5) (20001 pts)
        delta H to (0, 0.6) (20001 pts)
        delta H to (0, 0.7) (20001 pts)



md8.edr: 0.0 - 20001.0; lambda = (0, 0.7)
    foreign lambdas:
        delta H to (0, 0.6) (20001 pts)
        delta H to (0, 0.7) (20001 pts)
        delta H to (0, 0.8) (20001 pts)



md9.edr: 0.0 - 20001.0; lambda = (0, 0.8)
    foreign lambdas:
        delta H to (0, 0.7) (20001 pts)
        delta H to (0, 0.8) (20001 pts)
        delta H to (0, 0.9) (20001 pts)



   Samples in time interval: 0.000 - 20001.000
Removing samples outside of: 0.000 - 4000.000

Temperature: 298.15 K

Detailed results in kT (see help for explanation):

 lam_A  lam_B      DG   +/-     s_A   +/-     s_B   +/-   stdev   +/- 
     0      1    1.16  0.07    0.75  0.11    0.81  0.12    1.30  0.06
     1      2    1.53  0.15    2.63  0.23    1.99  0.18    2.49  0.18
     2      3    0.17  0.07    2.17  0.22    1.23  0.10    1.92  0.07
     3      4   -0.56  0.07    1.54  0.12    0.91  0.07    1.54  0.05
     4      5   -1.05  0.02    1.10  0.08    0.71  0.06    1.30  0.04
     5      6   -1.35  0.04    0.86  0.05    0.56  0.03    1.16  0.02
     6      7   -1.51  0.01    0.81  0.03    0.53  0.02    1.11  0.01
     7      8   -1.69  0.02    0.67  0.03    0.42  0.02    1.01  0.01
     8      9   -1.82  0.03    0.59  0.04    0.36  0.02    0.94  0.02
     9     10   -1.88  0.02    0.54  0.02    0.35  0.01    0.90  0.01
    10     11   -0.14  0.04    0.13  0.05    0.14  0.06    0.38  0.03
    11     12   -0.22  0.04   -0.05  0.05   -0.05  0.05    0.35  0.02
    12     13   -0.30  0.03    0.13  0.03    0.14  0.04    0.39  0.03
    13     14   -0.39  0.04   -0.06  0.04   -0.04  0.04    0.44  0.03
    14     15   -1.04  0.11    0.69  0.09    0.86  0.10    1.02  0.07


Final results in kJ/mol:

point      0 -      1,   DG  2.87 +/-  0.18
point      1 -      2,   DG  3.80 +/-  0.37
point      2 -      3,   DG  0.42 +/-  0.18
point      3 -      4,   DG -1.39 +/-  0.18
point      4 -      5,   DG -2.59 +/-  0.06
point      5 -      6,   DG -3.35 +/-  0.10
point      6 -      7,   DG -3.74 +/-  0.02
point      7 -      8,   DG -4.19 +/-  0.06
point      8 -      9,   DG -4.51 +/-  0.06
point      9 -     10,   DG -4.65 +/-  0.04
point     10 -     11,   DG -0.34 +/-  0.10
point     11 -     12,   DG -0.55 +/-  0.09
point     12 -     13,   DG -0.75 +/-  0.08
point     13 -     14,   DG -0.96 +/-  0.10
point     14 -     15,   DG -2.58 +/-  0.26

total      0 -     15,   DG -22.51 +/-  0.65

