
md10.edr: 0.0 - 20001.0; lambda = (0, 0.9)
    foreign lambdas:
        delta H to (0, 0.8) (20001 pts)
        delta H to (0, 0.9) (20001 pts)
        delta H to (0, 1) (20001 pts)



md11.edr: 0.0 - 20001.0; lambda = (0, 1)
    foreign lambdas:
        delta H to (0, 0.9) (20001 pts)
        delta H to (0, 1) (20001 pts)
        delta H to (0.2, 1) (20001 pts)



md12.edr: 0.0 - 20001.0; lambda = (0.2, 1)
    foreign lambdas:
        delta H to (0, 1) (20001 pts)
        delta H to (0.2, 1) (20001 pts)
        delta H to (0.4, 1) (20001 pts)



md13.edr: 0.0 - 20001.0; lambda = (0.4, 1)
    foreign lambdas:
        delta H to (0.2, 1) (20001 pts)
        delta H to (0.4, 1) (20001 pts)
        delta H to (0.6, 1) (20001 pts)



md14.edr: 0.0 - 20001.0; lambda = (0.6, 1)
    foreign lambdas:
        delta H to (0.4, 1) (20001 pts)
        delta H to (0.6, 1) (20001 pts)
        delta H to (0.8, 1) (20001 pts)



md15.edr: 0.0 - 20001.0; lambda = (0.8, 1)
    foreign lambdas:
        delta H to (0.6, 1) (20001 pts)
        delta H to (0.8, 1) (20001 pts)
        delta H to (1, 1) (20001 pts)



md16.edr: 0.0 - 20001.0; lambda = (1, 1)
    foreign lambdas:
        delta H to (0.8, 1) (20001 pts)
        delta H to (1, 1) (20001 pts)



md1.edr: 0.0 - 20001.0; lambda = (0, 0)
    foreign lambdas:
        delta H to (0, 0) (20001 pts)
        delta H to (0, 0.1) (20001 pts)



md2.edr: 0.0 - 20001.0; lambda = (0, 0.1)
    foreign lambdas:
        delta H to (0, 0) (20001 pts)
        delta H to (0, 0.1) (20001 pts)
        delta H to (0, 0.2) (20001 pts)



md3.edr: 0.0 - 20001.0; lambda = (0, 0.2)
    foreign lambdas:
        delta H to (0, 0.1) (20001 pts)
        delta H to (0, 0.2) (20001 pts)
        delta H to (0, 0.3) (20001 pts)



md4.edr: 0.0 - 20001.0; lambda = (0, 0.3)
    foreign lambdas:
        delta H to (0, 0.2) (20001 pts)
        delta H to (0, 0.3) (20001 pts)
        delta H to (0, 0.4) (20001 pts)



md5.edr: 0.0 - 20001.0; lambda = (0, 0.4)
    foreign lambdas:
        delta H to (0, 0.3) (20001 pts)
        delta H to (0, 0.4) (20001 pts)
        delta H to (0, 0.5) (20001 pts)



md6.edr: 0.0 - 20001.0; lambda = (0, 0.5)
    foreign lambdas:
        delta H to (0, 0.4) (20001 pts)
        delta H to (0, 0.5) (20001 pts)
        delta H to (0, 0.6) (20001 pts)



md7.edr: 0.0 - 20001.0; lambda = (0, 0.6)
    foreign lambdas:
        delta H to (0, 0.5) (20001 pts)
        delta H to (0, 0.6) (20001 pts)
        delta H to (0, 0.7) (20001 pts)



md8.edr: 0.0 - 20001.0; lambda = (0, 0.7)
    foreign lambdas:
        delta H to (0, 0.6) (20001 pts)
        delta H to (0, 0.7) (20001 pts)
        delta H to (0, 0.8) (20001 pts)



md9.edr: 0.0 - 20001.0; lambda = (0, 0.8)
    foreign lambdas:
        delta H to (0, 0.7) (20001 pts)
        delta H to (0, 0.8) (20001 pts)
        delta H to (0, 0.9) (20001 pts)



   Samples in time interval: 0.000 - 20001.000
Removing samples outside of: 0.000 - 1000.000

Temperature: 298.15 K

Detailed results in kT (see help for explanation):

 lam_A  lam_B      DG   +/-     s_A   +/-     s_B   +/-   stdev   +/- 
     0      1    1.07  0.01    0.15  0.02    0.16  0.03    0.55  0.00
     1      2    3.12  0.03    0.65  0.02    0.74  0.03    1.19  0.01
     2      3    3.41  0.08    2.68  0.07    2.27  0.06    2.69  0.05
     3      4    1.39  0.05    2.41  0.15    1.39  0.05    2.02  0.05
     4      5    0.20  0.03    1.53  0.03    0.87  0.02    1.49  0.01
     5      6   -0.42  0.02    0.94  0.04    0.58  0.02    1.18  0.01
     6      7   -0.72  0.03    0.63  0.04    0.40  0.02    0.99  0.02
     7      8   -0.91  0.02    0.59  0.02    0.40  0.02    0.92  0.02
     8      9   -1.07  0.02    0.39  0.03    0.26  0.02    0.80  0.01
     9     10   -1.16  0.03    0.41  0.04    0.29  0.02    0.78  0.02
    10     11   -0.28  0.03    0.29  0.02    0.31  0.02    0.77  0.01
    11     12   -0.92  0.02    0.33  0.03    0.37  0.03    0.86  0.02
    12     13   -1.85  0.03    0.56  0.03    0.63  0.04    1.08  0.02
    13     14   -3.15  0.02    0.67  0.05    0.71  0.04    1.22  0.02
    14     15   -4.70  0.04    0.84  0.02    0.89  0.03    1.35  0.01


Final results in kJ/mol:

point      0 -      1,   DG  2.64 +/-  0.01
point      1 -      2,   DG  7.74 +/-  0.07
point      2 -      3,   DG  8.45 +/-  0.20
point      3 -      4,   DG  3.44 +/-  0.12
point      4 -      5,   DG  0.49 +/-  0.06
point      5 -      6,   DG -1.03 +/-  0.04
point      6 -      7,   DG -1.77 +/-  0.07
point      7 -      8,   DG -2.26 +/-  0.06
point      8 -      9,   DG -2.66 +/-  0.05
point      9 -     10,   DG -2.88 +/-  0.07
point     10 -     11,   DG -0.70 +/-  0.06
point     11 -     12,   DG -2.28 +/-  0.06
point     12 -     13,   DG -4.58 +/-  0.07
point     13 -     14,   DG -7.80 +/-  0.06
point     14 -     15,   DG -11.64 +/-  0.09

total      0 -     15,   DG -14.85 +/-  0.55

