
md10.edr: 0.0 - 20001.0; lambda = (0, 0.9)
    foreign lambdas:
        delta H to (0, 0.8) (20001 pts)
        delta H to (0, 0.9) (20001 pts)
        delta H to (0, 1) (20001 pts)



md11.edr: 0.0 - 20001.0; lambda = (0, 1)
    foreign lambdas:
        delta H to (0, 0.9) (20001 pts)
        delta H to (0, 1) (20001 pts)
        delta H to (0.2, 1) (20001 pts)



md12.edr: 0.0 - 20001.0; lambda = (0.2, 1)
    foreign lambdas:
        delta H to (0, 1) (20001 pts)
        delta H to (0.2, 1) (20001 pts)
        delta H to (0.4, 1) (20001 pts)



md13.edr: 0.0 - 20001.0; lambda = (0.4, 1)
    foreign lambdas:
        delta H to (0.2, 1) (20001 pts)
        delta H to (0.4, 1) (20001 pts)
        delta H to (0.6, 1) (20001 pts)



md14.edr: 0.0 - 20001.0; lambda = (0.6, 1)
    foreign lambdas:
        delta H to (0.4, 1) (20001 pts)
        delta H to (0.6, 1) (20001 pts)
        delta H to (0.8, 1) (20001 pts)



md15.edr: 0.0 - 20001.0; lambda = (0.8, 1)
    foreign lambdas:
        delta H to (0.6, 1) (20001 pts)
        delta H to (0.8, 1) (20001 pts)
        delta H to (1, 1) (20001 pts)



md16.edr: 0.0 - 20001.0; lambda = (1, 1)
    foreign lambdas:
        delta H to (0.8, 1) (20001 pts)
        delta H to (1, 1) (20001 pts)



md1.edr: 0.0 - 20001.0; lambda = (0, 0)
    foreign lambdas:
        delta H to (0, 0) (20001 pts)
        delta H to (0, 0.1) (20001 pts)



md2.edr: 0.0 - 20001.0; lambda = (0, 0.1)
    foreign lambdas:
        delta H to (0, 0) (20001 pts)
        delta H to (0, 0.1) (20001 pts)
        delta H to (0, 0.2) (20001 pts)



md3.edr: 0.0 - 20001.0; lambda = (0, 0.2)
    foreign lambdas:
        delta H to (0, 0.1) (20001 pts)
        delta H to (0, 0.2) (20001 pts)
        delta H to (0, 0.3) (20001 pts)



md4.edr: 0.0 - 20001.0; lambda = (0, 0.3)
    foreign lambdas:
        delta H to (0, 0.2) (20001 pts)
        delta H to (0, 0.3) (20001 pts)
        delta H to (0, 0.4) (20001 pts)



md5.edr: 0.0 - 20001.0; lambda = (0, 0.4)
    foreign lambdas:
        delta H to (0, 0.3) (20001 pts)
        delta H to (0, 0.4) (20001 pts)
        delta H to (0, 0.5) (20001 pts)



md6.edr: 0.0 - 20001.0; lambda = (0, 0.5)
    foreign lambdas:
        delta H to (0, 0.4) (20001 pts)
        delta H to (0, 0.5) (20001 pts)
        delta H to (0, 0.6) (20001 pts)



md7.edr: 0.0 - 20001.0; lambda = (0, 0.6)
    foreign lambdas:
        delta H to (0, 0.5) (20001 pts)
        delta H to (0, 0.6) (20001 pts)
        delta H to (0, 0.7) (20001 pts)



md8.edr: 0.0 - 20001.0; lambda = (0, 0.7)
    foreign lambdas:
        delta H to (0, 0.6) (20001 pts)
        delta H to (0, 0.7) (20001 pts)
        delta H to (0, 0.8) (20001 pts)



md9.edr: 0.0 - 20001.0; lambda = (0, 0.8)
    foreign lambdas:
        delta H to (0, 0.7) (20001 pts)
        delta H to (0, 0.8) (20001 pts)
        delta H to (0, 0.9) (20001 pts)



   Samples in time interval: 0.000 - 20001.000
Removing samples outside of: 0.000 - 1000.000

Temperature: 298.15 K

Detailed results in kT (see help for explanation):

 lam_A  lam_B      DG   +/-     s_A   +/-     s_B   +/-   stdev   +/- 
     0      1    1.05  0.02    0.16  0.01    0.17  0.01    0.57  0.01
     1      2    3.11  0.05    0.61  0.05    0.72  0.04    1.19  0.03
     2      3    3.38  0.09    2.73  0.12    2.28  0.11    2.71  0.07
     3      4    1.24  0.05    2.47  0.17    1.39  0.07    2.02  0.06
     4      5    0.14  0.03    1.33  0.05    0.78  0.03    1.43  0.02
     5      6   -0.36  0.03    0.93  0.03    0.60  0.02    1.19  0.01
     6      7   -0.69  0.03    0.65  0.05    0.42  0.03    1.01  0.02
     7      8   -0.90  0.01    0.60  0.01    0.41  0.01    0.92  0.00
     8      9   -1.08  0.02    0.40  0.02    0.27  0.02    0.81  0.01
     9     10   -1.16  0.02    0.38  0.04    0.25  0.03    0.76  0.02
    10     11   -0.29  0.02    0.25  0.01    0.27  0.01    0.76  0.02
    11     12   -0.92  0.03    0.36  0.02    0.41  0.02    0.89  0.01
    12     13   -1.88  0.04    0.55  0.01    0.63  0.01    1.10  0.02
    13     14   -3.17  0.05    0.66  0.02    0.70  0.01    1.22  0.03
    14     15   -4.73  0.04    0.87  0.04    0.91  0.04    1.34  0.02


Final results in kJ/mol:

point      0 -      1,   DG  2.60 +/-  0.06
point      1 -      2,   DG  7.71 +/-  0.12
point      2 -      3,   DG  8.39 +/-  0.22
point      3 -      4,   DG  3.08 +/-  0.14
point      4 -      5,   DG  0.35 +/-  0.08
point      5 -      6,   DG -0.90 +/-  0.08
point      6 -      7,   DG -1.70 +/-  0.07
point      7 -      8,   DG -2.22 +/-  0.02
point      8 -      9,   DG -2.68 +/-  0.06
point      9 -     10,   DG -2.88 +/-  0.06
point     10 -     11,   DG -0.71 +/-  0.04
point     11 -     12,   DG -2.27 +/-  0.07
point     12 -     13,   DG -4.65 +/-  0.09
point     13 -     14,   DG -7.85 +/-  0.13
point     14 -     15,   DG -11.72 +/-  0.10

total      0 -     15,   DG -15.43 +/-  0.77

