
md10.edr: 0.0 - 50001.0; lambda = (0, 0.9)
    foreign lambdas:
        delta H to (0, 0.8) (50001 pts)
        delta H to (0, 0.9) (50001 pts)
        delta H to (0, 1) (50001 pts)



md11.edr: 0.0 - 50001.0; lambda = (0, 1)
    foreign lambdas:
        delta H to (0, 0.9) (50001 pts)
        delta H to (0, 1) (50001 pts)
        delta H to (0.2, 1) (50001 pts)



md12.edr: 0.0 - 50001.0; lambda = (0.2, 1)
    foreign lambdas:
        delta H to (0, 1) (50001 pts)
        delta H to (0.2, 1) (50001 pts)
        delta H to (0.4, 1) (50001 pts)



md13.edr: 0.0 - 50001.0; lambda = (0.4, 1)
    foreign lambdas:
        delta H to (0.2, 1) (50001 pts)
        delta H to (0.4, 1) (50001 pts)
        delta H to (0.6, 1) (50001 pts)



md14.edr: 0.0 - 50001.0; lambda = (0.6, 1)
    foreign lambdas:
        delta H to (0.4, 1) (50001 pts)
        delta H to (0.6, 1) (50001 pts)
        delta H to (0.8, 1) (50001 pts)



md15.edr: 0.0 - 50001.0; lambda = (0.8, 1)
    foreign lambdas:
        delta H to (0.6, 1) (50001 pts)
        delta H to (0.8, 1) (50001 pts)
        delta H to (1, 1) (50001 pts)



md16.edr: 0.0 - 50001.0; lambda = (1, 1)
    foreign lambdas:
        delta H to (0.8, 1) (50001 pts)
        delta H to (1, 1) (50001 pts)



md1.edr: 0.0 - 50001.0; lambda = (0, 0)
    foreign lambdas:
        delta H to (0, 0) (50001 pts)
        delta H to (0, 0.1) (50001 pts)



md2.edr: 0.0 - 50001.0; lambda = (0, 0.1)
    foreign lambdas:
        delta H to (0, 0) (50001 pts)
        delta H to (0, 0.1) (50001 pts)
        delta H to (0, 0.2) (50001 pts)



md3.edr: 0.0 - 50001.0; lambda = (0, 0.2)
    foreign lambdas:
        delta H to (0, 0.1) (50001 pts)
        delta H to (0, 0.2) (50001 pts)
        delta H to (0, 0.3) (50001 pts)



md4.edr: 0.0 - 50001.0; lambda = (0, 0.3)
    foreign lambdas:
        delta H to (0, 0.2) (50001 pts)
        delta H to (0, 0.3) (50001 pts)
        delta H to (0, 0.4) (50001 pts)



md5.edr: 0.0 - 50001.0; lambda = (0, 0.4)
    foreign lambdas:
        delta H to (0, 0.3) (50001 pts)
        delta H to (0, 0.4) (50001 pts)
        delta H to (0, 0.5) (50001 pts)



md6.edr: 0.0 - 50001.0; lambda = (0, 0.5)
    foreign lambdas:
        delta H to (0, 0.4) (50001 pts)
        delta H to (0, 0.5) (50001 pts)
        delta H to (0, 0.6) (50001 pts)



md7.edr: 0.0 - 50001.0; lambda = (0, 0.6)
    foreign lambdas:
        delta H to (0, 0.5) (50001 pts)
        delta H to (0, 0.6) (50001 pts)
        delta H to (0, 0.7) (50001 pts)



md8.edr: 0.0 - 50001.0; lambda = (0, 0.7)
    foreign lambdas:
        delta H to (0, 0.6) (50001 pts)
        delta H to (0, 0.7) (50001 pts)
        delta H to (0, 0.8) (50001 pts)



md9.edr: 0.0 - 50001.0; lambda = (0, 0.8)
    foreign lambdas:
        delta H to (0, 0.7) (50001 pts)
        delta H to (0, 0.8) (50001 pts)
        delta H to (0, 0.9) (50001 pts)



   Samples in time interval: 0.000 - 50001.000
Removing samples outside of: 0.000 - 5000.000

Temperature: 298.15 K

Detailed results in kT (see help for explanation):

 lam_A  lam_B      DG   +/-     s_A   +/-     s_B   +/-   stdev   +/- 
     0      1    1.06  0.01    0.16  0.01    0.17  0.01    0.56  0.00
     1      2    3.11  0.02    0.64  0.01    0.75  0.02    1.21  0.01
     2      3    3.40  0.04    2.64  0.02    2.19  0.04    2.64  0.03
     3      4    1.30  0.02    2.61  0.04    1.42  0.02    2.04  0.01
     4      5    0.15  0.02    1.35  0.04    0.82  0.03    1.45  0.02
     5      6   -0.41  0.01    0.94  0.02    0.58  0.01    1.18  0.01
     6      7   -0.74  0.02    0.65  0.02    0.42  0.01    1.00  0.01
     7      8   -0.95  0.01    0.53  0.02    0.35  0.01    0.89  0.01
     8      9   -1.09  0.01    0.42  0.01    0.29  0.01    0.80  0.00
     9     10   -1.18  0.01    0.36  0.01    0.25  0.01    0.75  0.01
    10     11   -0.26  0.01    0.27  0.01    0.29  0.01    0.75  0.00
    11     12   -0.91  0.01    0.36  0.01    0.41  0.01    0.88  0.00
    12     13   -1.86  0.01    0.54  0.01    0.60  0.01    1.09  0.01
    13     14   -3.19  0.02    0.73  0.01    0.78  0.01    1.25  0.01
    14     15   -4.83  0.01    0.85  0.01    0.90  0.01    1.38  0.01


Final results in kJ/mol:

point      0 -      1,   DG  2.63 +/-  0.02
point      1 -      2,   DG  7.71 +/-  0.05
point      2 -      3,   DG  8.42 +/-  0.11
point      3 -      4,   DG  3.21 +/-  0.05
point      4 -      5,   DG  0.38 +/-  0.04
point      5 -      6,   DG -1.02 +/-  0.03
point      6 -      7,   DG -1.84 +/-  0.05
point      7 -      8,   DG -2.35 +/-  0.03
point      8 -      9,   DG -2.69 +/-  0.02
point      9 -     10,   DG -2.93 +/-  0.03
point     10 -     11,   DG -0.64 +/-  0.02
point     11 -     12,   DG -2.26 +/-  0.02
point     12 -     13,   DG -4.61 +/-  0.02
point     13 -     14,   DG -7.92 +/-  0.04
point     14 -     15,   DG -11.97 +/-  0.02

total      0 -     15,   DG -15.87 +/-  0.18

