
md10.edr: 0.0 - 50001.0; lambda = (0, 0.9)
    foreign lambdas:
        delta H to (0, 0.8) (50001 pts)
        delta H to (0, 0.9) (50001 pts)
        delta H to (0, 1) (50001 pts)



md11.edr: 0.0 - 50001.0; lambda = (0, 1)
    foreign lambdas:
        delta H to (0, 0.9) (50001 pts)
        delta H to (0, 1) (50001 pts)
        delta H to (0.2, 1) (50001 pts)



md12.edr: 0.0 - 50001.0; lambda = (0.2, 1)
    foreign lambdas:
        delta H to (0, 1) (50001 pts)
        delta H to (0.2, 1) (50001 pts)
        delta H to (0.4, 1) (50001 pts)



md13.edr: 0.0 - 50001.0; lambda = (0.4, 1)
    foreign lambdas:
        delta H to (0.2, 1) (50001 pts)
        delta H to (0.4, 1) (50001 pts)
        delta H to (0.6, 1) (50001 pts)



md14.edr: 0.0 - 50001.0; lambda = (0.6, 1)
    foreign lambdas:
        delta H to (0.4, 1) (50001 pts)
        delta H to (0.6, 1) (50001 pts)
        delta H to (0.8, 1) (50001 pts)



md15.edr: 0.0 - 50001.0; lambda = (0.8, 1)
    foreign lambdas:
        delta H to (0.6, 1) (50001 pts)
        delta H to (0.8, 1) (50001 pts)
        delta H to (1, 1) (50001 pts)



md16.edr: 0.0 - 50001.0; lambda = (1, 1)
    foreign lambdas:
        delta H to (0.8, 1) (50001 pts)
        delta H to (1, 1) (50001 pts)



md1.edr: 0.0 - 50001.0; lambda = (0, 0)
    foreign lambdas:
        delta H to (0, 0) (50001 pts)
        delta H to (0, 0.1) (50001 pts)



md2.edr: 0.0 - 50001.0; lambda = (0, 0.1)
    foreign lambdas:
        delta H to (0, 0) (50001 pts)
        delta H to (0, 0.1) (50001 pts)
        delta H to (0, 0.2) (50001 pts)



md3.edr: 0.0 - 50001.0; lambda = (0, 0.2)
    foreign lambdas:
        delta H to (0, 0.1) (50001 pts)
        delta H to (0, 0.2) (50001 pts)
        delta H to (0, 0.3) (50001 pts)



md4.edr: 0.0 - 50001.0; lambda = (0, 0.3)
    foreign lambdas:
        delta H to (0, 0.2) (50001 pts)
        delta H to (0, 0.3) (50001 pts)
        delta H to (0, 0.4) (50001 pts)



md5.edr: 0.0 - 50001.0; lambda = (0, 0.4)
    foreign lambdas:
        delta H to (0, 0.3) (50001 pts)
        delta H to (0, 0.4) (50001 pts)
        delta H to (0, 0.5) (50001 pts)



md6.edr: 0.0 - 50001.0; lambda = (0, 0.5)
    foreign lambdas:
        delta H to (0, 0.4) (50001 pts)
        delta H to (0, 0.5) (50001 pts)
        delta H to (0, 0.6) (50001 pts)



md7.edr: 0.0 - 50001.0; lambda = (0, 0.6)
    foreign lambdas:
        delta H to (0, 0.5) (50001 pts)
        delta H to (0, 0.6) (50001 pts)
        delta H to (0, 0.7) (50001 pts)



md8.edr: 0.0 - 50001.0; lambda = (0, 0.7)
    foreign lambdas:
        delta H to (0, 0.6) (50001 pts)
        delta H to (0, 0.7) (50001 pts)
        delta H to (0, 0.8) (50001 pts)



md9.edr: 0.0 - 50001.0; lambda = (0, 0.8)
    foreign lambdas:
        delta H to (0, 0.7) (50001 pts)
        delta H to (0, 0.8) (50001 pts)
        delta H to (0, 0.9) (50001 pts)



   Samples in time interval: 0.000 - 50001.000
Removing samples outside of: 0.000 - 1000.000

Temperature: 298.15 K

Detailed results in kT (see help for explanation):

 lam_A  lam_B      DG   +/-     s_A   +/-     s_B   +/-   stdev   +/- 
     0      1    1.08  0.02    0.15  0.01    0.16  0.01    0.55  0.00
     1      2    3.16  0.02    0.64  0.03    0.75  0.02    1.19  0.02
     2      3    3.48  0.07    2.65  0.09    2.26  0.03    2.70  0.04
     3      4    1.27  0.06    2.63  0.10    1.43  0.03    2.05  0.04
     4      5    0.12  0.03    1.34  0.07    0.81  0.04    1.43  0.03
     5      6   -0.40  0.03    0.90  0.04    0.54  0.03    1.16  0.02
     6      7   -0.71  0.03    0.71  0.04    0.46  0.02    1.02  0.02
     7      8   -0.96  0.02    0.53  0.02    0.36  0.01    0.90  0.01
     8      9   -1.08  0.02    0.39  0.01    0.25  0.01    0.80  0.01
     9     10   -1.15  0.02    0.39  0.02    0.26  0.01    0.80  0.02
    10     11   -0.26  0.02    0.28  0.02    0.29  0.01    0.76  0.01
    11     12   -0.92  0.03    0.37  0.02    0.42  0.02    0.88  0.01
    12     13   -1.87  0.03    0.53  0.02    0.59  0.03    1.09  0.01
    13     14   -3.20  0.03    0.74  0.01    0.79  0.02    1.25  0.02
    14     15   -4.82  0.03    0.84  0.03    0.89  0.03    1.40  0.01


Final results in kJ/mol:

point      0 -      1,   DG  2.69 +/-  0.04
point      1 -      2,   DG  7.84 +/-  0.06
point      2 -      3,   DG  8.61 +/-  0.18
point      3 -      4,   DG  3.15 +/-  0.15
point      4 -      5,   DG  0.31 +/-  0.06
point      5 -      6,   DG -1.00 +/-  0.08
point      6 -      7,   DG -1.77 +/-  0.08
point      7 -      8,   DG -2.37 +/-  0.04
point      8 -      9,   DG -2.69 +/-  0.04
point      9 -     10,   DG -2.86 +/-  0.06
point     10 -     11,   DG -0.64 +/-  0.06
point     11 -     12,   DG -2.28 +/-  0.07
point     12 -     13,   DG -4.63 +/-  0.08
point     13 -     14,   DG -7.92 +/-  0.07
point     14 -     15,   DG -11.96 +/-  0.08

total      0 -     15,   DG -15.52 +/-  0.53

