
md10.edr: 0.0 - 20001.0; lambda = (0, 0.9)
    foreign lambdas:
        delta H to (0, 0.8) (20001 pts)
        delta H to (0, 0.9) (20001 pts)
        delta H to (0, 1) (20001 pts)



md11.edr: 0.0 - 20001.0; lambda = (0, 1)
    foreign lambdas:
        delta H to (0, 0.9) (20001 pts)
        delta H to (0, 1) (20001 pts)
        delta H to (0.2, 1) (20001 pts)



md12.edr: 0.0 - 20001.0; lambda = (0.2, 1)
    foreign lambdas:
        delta H to (0, 1) (20001 pts)
        delta H to (0.2, 1) (20001 pts)
        delta H to (0.4, 1) (20001 pts)



md13.edr: 0.0 - 20001.0; lambda = (0.4, 1)
    foreign lambdas:
        delta H to (0.2, 1) (20001 pts)
        delta H to (0.4, 1) (20001 pts)
        delta H to (0.6, 1) (20001 pts)



md14.edr: 0.0 - 20001.0; lambda = (0.6, 1)
    foreign lambdas:
        delta H to (0.4, 1) (20001 pts)
        delta H to (0.6, 1) (20001 pts)
        delta H to (0.8, 1) (20001 pts)



md15.edr: 0.0 - 20001.0; lambda = (0.8, 1)
    foreign lambdas:
        delta H to (0.6, 1) (20001 pts)
        delta H to (0.8, 1) (20001 pts)
        delta H to (1, 1) (20001 pts)



md16.edr: 0.0 - 20001.0; lambda = (1, 1)
    foreign lambdas:
        delta H to (0.8, 1) (20001 pts)
        delta H to (1, 1) (20001 pts)



md1.edr: 0.0 - 20001.0; lambda = (0, 0)
    foreign lambdas:
        delta H to (0, 0) (20001 pts)
        delta H to (0, 0.1) (20001 pts)



md2.edr: 0.0 - 20001.0; lambda = (0, 0.1)
    foreign lambdas:
        delta H to (0, 0) (20001 pts)
        delta H to (0, 0.1) (20001 pts)
        delta H to (0, 0.2) (20001 pts)



md3.edr: 0.0 - 20001.0; lambda = (0, 0.2)
    foreign lambdas:
        delta H to (0, 0.1) (20001 pts)
        delta H to (0, 0.2) (20001 pts)
        delta H to (0, 0.3) (20001 pts)



md4.edr: 0.0 - 20001.0; lambda = (0, 0.3)
    foreign lambdas:
        delta H to (0, 0.2) (20001 pts)
        delta H to (0, 0.3) (20001 pts)
        delta H to (0, 0.4) (20001 pts)



md5.edr: 0.0 - 20001.0; lambda = (0, 0.4)
    foreign lambdas:
        delta H to (0, 0.3) (20001 pts)
        delta H to (0, 0.4) (20001 pts)
        delta H to (0, 0.5) (20001 pts)



md6.edr: 0.0 - 20001.0; lambda = (0, 0.5)
    foreign lambdas:
        delta H to (0, 0.4) (20001 pts)
        delta H to (0, 0.5) (20001 pts)
        delta H to (0, 0.6) (20001 pts)



md7.edr: 0.0 - 20001.0; lambda = (0, 0.6)
    foreign lambdas:
        delta H to (0, 0.5) (20001 pts)
        delta H to (0, 0.6) (20001 pts)
        delta H to (0, 0.7) (20001 pts)



md8.edr: 0.0 - 20001.0; lambda = (0, 0.7)
    foreign lambdas:
        delta H to (0, 0.6) (20001 pts)
        delta H to (0, 0.7) (20001 pts)
        delta H to (0, 0.8) (20001 pts)



md9.edr: 0.0 - 20001.0; lambda = (0, 0.8)
    foreign lambdas:
        delta H to (0, 0.7) (20001 pts)
        delta H to (0, 0.8) (20001 pts)
        delta H to (0, 0.9) (20001 pts)



   Samples in time interval: 0.000 - 20001.000
Removing samples outside of: 0.000 - 1000.000

Temperature: 298.15 K

Detailed results in kT (see help for explanation):

 lam_A  lam_B      DG   +/-     s_A   +/-     s_B   +/-   stdev   +/- 
     0      1    1.06  0.01    0.18  0.01    0.19  0.01    0.54  0.01
     1      2    3.07  0.04    0.65  0.02    0.76  0.02    1.19  0.02
     2      3    3.42  0.06    2.55  0.05    2.19  0.06    2.64  0.03
     3      4    1.30  0.04    2.64  0.07    1.39  0.02    2.02  0.02
     4      5    0.20  0.02    1.38  0.06    0.85  0.02    1.48  0.03
     5      6   -0.43  0.01    0.97  0.02    0.60  0.02    1.16  0.01
     6      7   -0.77  0.02    0.61  0.02    0.40  0.02    0.96  0.01
     7      8   -0.94  0.03    0.53  0.04    0.36  0.01    0.87  0.02
     8      9   -1.10  0.01    0.42  0.04    0.30  0.02    0.79  0.02
     9     10   -1.19  0.02    0.33  0.02    0.23  0.02    0.74  0.01
    10     11   -0.20  0.02    0.22  0.01    0.23  0.01    0.69  0.01
    11     12   -0.79  0.01    0.36  0.02    0.40  0.02    0.83  0.01
    12     13   -1.65  0.02    0.46  0.01    0.52  0.01    1.03  0.01
    13     14   -2.82  0.03    0.64  0.02    0.70  0.01    1.19  0.01
    14     15   -4.31  0.06    0.79  0.06    0.82  0.04    1.32  0.02


Final results in kJ/mol:

point      0 -      1,   DG  2.64 +/-  0.03
point      1 -      2,   DG  7.62 +/-  0.10
point      2 -      3,   DG  8.48 +/-  0.14
point      3 -      4,   DG  3.21 +/-  0.09
point      4 -      5,   DG  0.49 +/-  0.06
point      5 -      6,   DG -1.07 +/-  0.03
point      6 -      7,   DG -1.90 +/-  0.05
point      7 -      8,   DG -2.32 +/-  0.06
point      8 -      9,   DG -2.72 +/-  0.02
point      9 -     10,   DG -2.94 +/-  0.04
point     10 -     11,   DG -0.50 +/-  0.04
point     11 -     12,   DG -1.95 +/-  0.03
point     12 -     13,   DG -4.10 +/-  0.04
point     13 -     14,   DG -6.98 +/-  0.06
point     14 -     15,   DG -10.67 +/-  0.14

total      0 -     15,   DG -12.72 +/-  0.22

