
md10.edr: 0.0 - 20001.0; lambda = (0, 0.9)
    foreign lambdas:
        delta H to (0, 0.8) (20001 pts)
        delta H to (0, 0.9) (20001 pts)
        delta H to (0, 1) (20001 pts)



md11.edr: 0.0 - 20001.0; lambda = (0, 1)
    foreign lambdas:
        delta H to (0, 0.9) (20001 pts)
        delta H to (0, 1) (20001 pts)
        delta H to (0.2, 1) (20001 pts)



md12.edr: 0.0 - 20001.0; lambda = (0.2, 1)
    foreign lambdas:
        delta H to (0, 1) (20001 pts)
        delta H to (0.2, 1) (20001 pts)
        delta H to (0.4, 1) (20001 pts)



md13.edr: 0.0 - 20001.0; lambda = (0.4, 1)
    foreign lambdas:
        delta H to (0.2, 1) (20001 pts)
        delta H to (0.4, 1) (20001 pts)
        delta H to (0.6, 1) (20001 pts)



md14.edr: 0.0 - 20001.0; lambda = (0.6, 1)
    foreign lambdas:
        delta H to (0.4, 1) (20001 pts)
        delta H to (0.6, 1) (20001 pts)
        delta H to (0.8, 1) (20001 pts)



md15.edr: 0.0 - 20001.0; lambda = (0.8, 1)
    foreign lambdas:
        delta H to (0.6, 1) (20001 pts)
        delta H to (0.8, 1) (20001 pts)
        delta H to (1, 1) (20001 pts)



md16.edr: 0.0 - 20001.0; lambda = (1, 1)
    foreign lambdas:
        delta H to (0.8, 1) (20001 pts)
        delta H to (1, 1) (20001 pts)



md1.edr: 0.0 - 20001.0; lambda = (0, 0)
    foreign lambdas:
        delta H to (0, 0) (20001 pts)
        delta H to (0, 0.1) (20001 pts)



md2.edr: 0.0 - 20001.0; lambda = (0, 0.1)
    foreign lambdas:
        delta H to (0, 0) (20001 pts)
        delta H to (0, 0.1) (20001 pts)
        delta H to (0, 0.2) (20001 pts)



md3.edr: 0.0 - 20001.0; lambda = (0, 0.2)
    foreign lambdas:
        delta H to (0, 0.1) (20001 pts)
        delta H to (0, 0.2) (20001 pts)
        delta H to (0, 0.3) (20001 pts)



md4.edr: 0.0 - 20001.0; lambda = (0, 0.3)
    foreign lambdas:
        delta H to (0, 0.2) (20001 pts)
        delta H to (0, 0.3) (20001 pts)
        delta H to (0, 0.4) (20001 pts)



md5.edr: 0.0 - 20001.0; lambda = (0, 0.4)
    foreign lambdas:
        delta H to (0, 0.3) (20001 pts)
        delta H to (0, 0.4) (20001 pts)
        delta H to (0, 0.5) (20001 pts)



md6.edr: 0.0 - 20001.0; lambda = (0, 0.5)
    foreign lambdas:
        delta H to (0, 0.4) (20001 pts)
        delta H to (0, 0.5) (20001 pts)
        delta H to (0, 0.6) (20001 pts)



md7.edr: 0.0 - 20001.0; lambda = (0, 0.6)
    foreign lambdas:
        delta H to (0, 0.5) (20001 pts)
        delta H to (0, 0.6) (20001 pts)
        delta H to (0, 0.7) (20001 pts)



md8.edr: 0.0 - 20001.0; lambda = (0, 0.7)
    foreign lambdas:
        delta H to (0, 0.6) (20001 pts)
        delta H to (0, 0.7) (20001 pts)
        delta H to (0, 0.8) (20001 pts)



md9.edr: 0.0 - 20001.0; lambda = (0, 0.8)
    foreign lambdas:
        delta H to (0, 0.7) (20001 pts)
        delta H to (0, 0.8) (20001 pts)
        delta H to (0, 0.9) (20001 pts)



   Samples in time interval: 0.000 - 20001.000
Removing samples outside of: 0.000 - 1000.000

Temperature: 298.15 K

Detailed results in kT (see help for explanation):

 lam_A  lam_B      DG   +/-     s_A   +/-     s_B   +/-   stdev   +/- 
     0      1    1.08  0.01    0.16  0.02    0.17  0.02    0.57  0.00
     1      2    3.09  0.04    0.68  0.02    0.77  0.02    1.21  0.02
     2      3    3.46  0.06    2.51  0.09    2.14  0.05    2.57  0.07
     3      4    1.42  0.06    2.67  0.16    1.43  0.07    2.09  0.04
     4      5    0.24  0.04    1.47  0.08    0.87  0.04    1.50  0.03
     5      6   -0.38  0.04    0.95  0.03    0.60  0.01    1.19  0.03
     6      7   -0.74  0.03    0.66  0.04    0.43  0.02    0.99  0.02
     7      8   -0.95  0.02    0.50  0.03    0.35  0.03    0.88  0.02
     8      9   -1.07  0.02    0.38  0.02    0.26  0.02    0.80  0.02
     9     10   -1.15  0.01    0.40  0.02    0.28  0.01    0.76  0.01
    10     11   -0.30  0.02    0.35  0.01    0.37  0.01    0.80  0.01
    11     12   -1.07  0.01    0.40  0.02    0.45  0.02    0.94  0.02
    12     13   -2.15  0.03    0.63  0.02    0.68  0.03    1.15  0.01
    13     14   -3.46  0.05    0.63  0.03    0.64  0.03    1.20  0.01
    14     15   -5.00  0.04    0.90  0.07    0.93  0.06    1.35  0.04


Final results in kJ/mol:

point      0 -      1,   DG  2.68 +/-  0.02
point      1 -      2,   DG  7.67 +/-  0.10
point      2 -      3,   DG  8.58 +/-  0.15
point      3 -      4,   DG  3.53 +/-  0.16
point      4 -      5,   DG  0.59 +/-  0.11
point      5 -      6,   DG -0.94 +/-  0.09
point      6 -      7,   DG -1.83 +/-  0.07
point      7 -      8,   DG -2.35 +/-  0.06
point      8 -      9,   DG -2.64 +/-  0.04
point      9 -     10,   DG -2.84 +/-  0.02
point     10 -     11,   DG -0.75 +/-  0.06
point     11 -     12,   DG -2.65 +/-  0.02
point     12 -     13,   DG -5.33 +/-  0.07
point     13 -     14,   DG -8.57 +/-  0.12
point     14 -     15,   DG -12.39 +/-  0.09

total      0 -     15,   DG -17.25 +/-  0.39

