
md10.edr: 0.0 - 20001.0; lambda = (0, 0.9)
    foreign lambdas:
        delta H to (0, 0.8) (20001 pts)
        delta H to (0, 0.9) (20001 pts)
        delta H to (0, 1) (20001 pts)



md11.edr: 0.0 - 20001.0; lambda = (0, 1)
    foreign lambdas:
        delta H to (0, 0.9) (20001 pts)
        delta H to (0, 1) (20001 pts)
        delta H to (0.2, 1) (20001 pts)



md12.edr: 0.0 - 20001.0; lambda = (0.2, 1)
    foreign lambdas:
        delta H to (0, 1) (20001 pts)
        delta H to (0.2, 1) (20001 pts)
        delta H to (0.4, 1) (20001 pts)



md13.edr: 0.0 - 20001.0; lambda = (0.4, 1)
    foreign lambdas:
        delta H to (0.2, 1) (20001 pts)
        delta H to (0.4, 1) (20001 pts)
        delta H to (0.6, 1) (20001 pts)



md14.edr: 0.0 - 20001.0; lambda = (0.6, 1)
    foreign lambdas:
        delta H to (0.4, 1) (20001 pts)
        delta H to (0.6, 1) (20001 pts)
        delta H to (0.8, 1) (20001 pts)



md15.edr: 0.0 - 20001.0; lambda = (0.8, 1)
    foreign lambdas:
        delta H to (0.6, 1) (20001 pts)
        delta H to (0.8, 1) (20001 pts)
        delta H to (1, 1) (20001 pts)



md16.edr: 0.0 - 20001.0; lambda = (1, 1)
    foreign lambdas:
        delta H to (0.8, 1) (20001 pts)
        delta H to (1, 1) (20001 pts)



md1.edr: 0.0 - 20001.0; lambda = (0, 0)
    foreign lambdas:
        delta H to (0, 0) (20001 pts)
        delta H to (0, 0.1) (20001 pts)



md2.edr: 0.0 - 20001.0; lambda = (0, 0.1)
    foreign lambdas:
        delta H to (0, 0) (20001 pts)
        delta H to (0, 0.1) (20001 pts)
        delta H to (0, 0.2) (20001 pts)



md3.edr: 0.0 - 20001.0; lambda = (0, 0.2)
    foreign lambdas:
        delta H to (0, 0.1) (20001 pts)
        delta H to (0, 0.2) (20001 pts)
        delta H to (0, 0.3) (20001 pts)



md4.edr: 0.0 - 20001.0; lambda = (0, 0.3)
    foreign lambdas:
        delta H to (0, 0.2) (20001 pts)
        delta H to (0, 0.3) (20001 pts)
        delta H to (0, 0.4) (20001 pts)



md5.edr: 0.0 - 20001.0; lambda = (0, 0.4)
    foreign lambdas:
        delta H to (0, 0.3) (20001 pts)
        delta H to (0, 0.4) (20001 pts)
        delta H to (0, 0.5) (20001 pts)



md6.edr: 0.0 - 20001.0; lambda = (0, 0.5)
    foreign lambdas:
        delta H to (0, 0.4) (20001 pts)
        delta H to (0, 0.5) (20001 pts)
        delta H to (0, 0.6) (20001 pts)



md7.edr: 0.0 - 20001.0; lambda = (0, 0.6)
    foreign lambdas:
        delta H to (0, 0.5) (20001 pts)
        delta H to (0, 0.6) (20001 pts)
        delta H to (0, 0.7) (20001 pts)



md8.edr: 0.0 - 20001.0; lambda = (0, 0.7)
    foreign lambdas:
        delta H to (0, 0.6) (20001 pts)
        delta H to (0, 0.7) (20001 pts)
        delta H to (0, 0.8) (20001 pts)



md9.edr: 0.0 - 20001.0; lambda = (0, 0.8)
    foreign lambdas:
        delta H to (0, 0.7) (20001 pts)
        delta H to (0, 0.8) (20001 pts)
        delta H to (0, 0.9) (20001 pts)



   Samples in time interval: 0.000 - 20001.000
Removing samples outside of: 0.000 - 16000.000

Temperature: 298.15 K

Detailed results in kT (see help for explanation):

 lam_A  lam_B      DG   +/-     s_A   +/-     s_B   +/-   stdev   +/- 
     0      1    1.11  0.06    0.87  0.07    0.91  0.08    1.36  0.04
     1      2    1.49  0.10    2.39  0.05    1.86  0.06    2.34  0.04
     2      3    0.16  0.03    2.33  0.08    1.34  0.05    1.98  0.04
     3      4   -0.63  0.02    1.47  0.05    0.92  0.03    1.53  0.01
     4      5   -1.02  0.03    1.07  0.05    0.68  0.03    1.31  0.02
     5      6   -1.28  0.02    0.98  0.02    0.64  0.01    1.22  0.01
     6      7   -1.52  0.01    0.79  0.02    0.51  0.01    1.10  0.01
     7      8   -1.68  0.01    0.72  0.02    0.45  0.01    1.03  0.01
     8      9   -1.83  0.00    0.64  0.01    0.41  0.01    0.96  0.01
     9     10   -1.93  0.00    0.55  0.02    0.35  0.01    0.91  0.01
    10     11   -0.09  0.02    0.05  0.01    0.05  0.01    0.30  0.02
    11     12   -0.18  0.01    0.04  0.01    0.04  0.01    0.30  0.00
    12     13   -0.27  0.01    0.05  0.01    0.06  0.01    0.34  0.01
    13     14   -0.41  0.03    0.08  0.03    0.11  0.03    0.45  0.03
    14     15   -0.75  0.09    0.24  0.09    0.33  0.10    0.73  0.07


Final results in kJ/mol:

point      0 -      1,   DG  2.75 +/-  0.16
point      1 -      2,   DG  3.70 +/-  0.25
point      2 -      3,   DG  0.40 +/-  0.07
point      3 -      4,   DG -1.57 +/-  0.05
point      4 -      5,   DG -2.54 +/-  0.07
point      5 -      6,   DG -3.18 +/-  0.05
point      6 -      7,   DG -3.76 +/-  0.04
point      7 -      8,   DG -4.18 +/-  0.03
point      8 -      9,   DG -4.55 +/-  0.01
point      9 -     10,   DG -4.78 +/-  0.01
point     10 -     11,   DG -0.22 +/-  0.04
point     11 -     12,   DG -0.45 +/-  0.02
point     12 -     13,   DG -0.67 +/-  0.04
point     13 -     14,   DG -1.01 +/-  0.08
point     14 -     15,   DG -1.87 +/-  0.21

total      0 -     15,   DG -21.93 +/-  0.62

