
md10.edr: 0.0 - 20001.0; lambda = (0, 0.9)
    foreign lambdas:
        delta H to (0, 0.8) (20001 pts)
        delta H to (0, 0.9) (20001 pts)
        delta H to (0, 1) (20001 pts)



md11.edr: 0.0 - 20001.0; lambda = (0, 1)
    foreign lambdas:
        delta H to (0, 0.9) (20001 pts)
        delta H to (0, 1) (20001 pts)
        delta H to (0.2, 1) (20001 pts)



md12.edr: 0.0 - 20001.0; lambda = (0.2, 1)
    foreign lambdas:
        delta H to (0, 1) (20001 pts)
        delta H to (0.2, 1) (20001 pts)
        delta H to (0.4, 1) (20001 pts)



md13.edr: 0.0 - 20001.0; lambda = (0.4, 1)
    foreign lambdas:
        delta H to (0.2, 1) (20001 pts)
        delta H to (0.4, 1) (20001 pts)
        delta H to (0.6, 1) (20001 pts)



md14.edr: 0.0 - 20001.0; lambda = (0.6, 1)
    foreign lambdas:
        delta H to (0.4, 1) (20001 pts)
        delta H to (0.6, 1) (20001 pts)
        delta H to (0.8, 1) (20001 pts)



md15.edr: 0.0 - 20001.0; lambda = (0.8, 1)
    foreign lambdas:
        delta H to (0.6, 1) (20001 pts)
        delta H to (0.8, 1) (20001 pts)
        delta H to (1, 1) (20001 pts)



md16.edr: 0.0 - 20001.0; lambda = (1, 1)
    foreign lambdas:
        delta H to (0.8, 1) (20001 pts)
        delta H to (1, 1) (20001 pts)



md1.edr: 0.0 - 20001.0; lambda = (0, 0)
    foreign lambdas:
        delta H to (0, 0) (20001 pts)
        delta H to (0, 0.1) (20001 pts)



md2.edr: 0.0 - 20001.0; lambda = (0, 0.1)
    foreign lambdas:
        delta H to (0, 0) (20001 pts)
        delta H to (0, 0.1) (20001 pts)
        delta H to (0, 0.2) (20001 pts)



md3.edr: 0.0 - 20001.0; lambda = (0, 0.2)
    foreign lambdas:
        delta H to (0, 0.1) (20001 pts)
        delta H to (0, 0.2) (20001 pts)
        delta H to (0, 0.3) (20001 pts)



md4.edr: 0.0 - 20001.0; lambda = (0, 0.3)
    foreign lambdas:
        delta H to (0, 0.2) (20001 pts)
        delta H to (0, 0.3) (20001 pts)
        delta H to (0, 0.4) (20001 pts)



md5.edr: 0.0 - 20001.0; lambda = (0, 0.4)
    foreign lambdas:
        delta H to (0, 0.3) (20001 pts)
        delta H to (0, 0.4) (20001 pts)
        delta H to (0, 0.5) (20001 pts)



md6.edr: 0.0 - 20001.0; lambda = (0, 0.5)
    foreign lambdas:
        delta H to (0, 0.4) (20001 pts)
        delta H to (0, 0.5) (20001 pts)
        delta H to (0, 0.6) (20001 pts)



md7.edr: 0.0 - 20001.0; lambda = (0, 0.6)
    foreign lambdas:
        delta H to (0, 0.5) (20001 pts)
        delta H to (0, 0.6) (20001 pts)
        delta H to (0, 0.7) (20001 pts)



md8.edr: 0.0 - 20001.0; lambda = (0, 0.7)
    foreign lambdas:
        delta H to (0, 0.6) (20001 pts)
        delta H to (0, 0.7) (20001 pts)
        delta H to (0, 0.8) (20001 pts)



md9.edr: 0.0 - 20001.0; lambda = (0, 0.8)
    foreign lambdas:
        delta H to (0, 0.7) (20001 pts)
        delta H to (0, 0.8) (20001 pts)
        delta H to (0, 0.9) (20001 pts)



   Samples in time interval: 0.000 - 20001.000
Removing samples outside of: 0.000 - 11000.000

Temperature: 298.15 K

Detailed results in kT (see help for explanation):

 lam_A  lam_B      DG   +/-     s_A   +/-     s_B   +/-   stdev   +/- 
     0      1    1.13  0.07    0.84  0.09    0.90  0.10    1.37  0.04
     1      2    1.52  0.11    2.43  0.08    1.89  0.07    2.37  0.04
     2      3    0.13  0.04    2.36  0.10    1.35  0.06    1.98  0.05
     3      4   -0.65  0.03    1.46  0.03    0.91  0.03    1.53  0.02
     4      5   -1.02  0.02    1.07  0.04    0.68  0.03    1.31  0.02
     5      6   -1.28  0.04    0.98  0.01    0.64  0.01    1.22  0.01
     6      7   -1.52  0.02    0.80  0.03    0.51  0.02    1.10  0.01
     7      8   -1.69  0.02    0.70  0.02    0.44  0.01    1.02  0.01
     8      9   -1.83  0.01    0.64  0.02    0.41  0.01    0.96  0.01
     9     10   -1.93  0.01    0.54  0.02    0.35  0.01    0.90  0.01
    10     11   -0.07  0.01    0.06  0.02    0.06  0.02    0.29  0.01
    11     12   -0.17  0.01    0.04  0.02    0.04  0.02    0.30  0.02
    12     13   -0.27  0.02    0.05  0.04    0.06  0.04    0.34  0.02
    13     14   -0.44  0.03    0.11  0.06    0.14  0.07    0.47  0.03
    14     15   -0.74  0.08    0.15  0.08    0.24  0.09    0.69  0.05


Final results in kJ/mol:

point      0 -      1,   DG  2.79 +/-  0.18
point      1 -      2,   DG  3.78 +/-  0.28
point      2 -      3,   DG  0.33 +/-  0.11
point      3 -      4,   DG -1.60 +/-  0.06
point      4 -      5,   DG -2.54 +/-  0.06
point      5 -      6,   DG -3.18 +/-  0.09
point      6 -      7,   DG -3.77 +/-  0.04
point      7 -      8,   DG -4.18 +/-  0.04
point      8 -      9,   DG -4.53 +/-  0.03
point      9 -     10,   DG -4.79 +/-  0.03
point     10 -     11,   DG -0.18 +/-  0.03
point     11 -     12,   DG -0.42 +/-  0.02
point     12 -     13,   DG -0.67 +/-  0.05
point     13 -     14,   DG -1.09 +/-  0.07
point     14 -     15,   DG -1.83 +/-  0.21

total      0 -     15,   DG -21.88 +/-  0.77

