
md10.edr: 0.0 - 20001.0; lambda = (0, 0.9)
    foreign lambdas:
        delta H to (0, 0.8) (20001 pts)
        delta H to (0, 0.9) (20001 pts)
        delta H to (0, 1) (20001 pts)



md11.edr: 0.0 - 20001.0; lambda = (0, 1)
    foreign lambdas:
        delta H to (0, 0.9) (20001 pts)
        delta H to (0, 1) (20001 pts)
        delta H to (0.2, 1) (20001 pts)



md12.edr: 0.0 - 20001.0; lambda = (0.2, 1)
    foreign lambdas:
        delta H to (0, 1) (20001 pts)
        delta H to (0.2, 1) (20001 pts)
        delta H to (0.4, 1) (20001 pts)



md13.edr: 0.0 - 20001.0; lambda = (0.4, 1)
    foreign lambdas:
        delta H to (0.2, 1) (20001 pts)
        delta H to (0.4, 1) (20001 pts)
        delta H to (0.6, 1) (20001 pts)



md14.edr: 0.0 - 20001.0; lambda = (0.6, 1)
    foreign lambdas:
        delta H to (0.4, 1) (20001 pts)
        delta H to (0.6, 1) (20001 pts)
        delta H to (0.8, 1) (20001 pts)



md15.edr: 0.0 - 20001.0; lambda = (0.8, 1)
    foreign lambdas:
        delta H to (0.6, 1) (20001 pts)
        delta H to (0.8, 1) (20001 pts)
        delta H to (1, 1) (20001 pts)



md16.edr: 0.0 - 20001.0; lambda = (1, 1)
    foreign lambdas:
        delta H to (0.8, 1) (20001 pts)
        delta H to (1, 1) (20001 pts)



md1.edr: 0.0 - 20001.0; lambda = (0, 0)
    foreign lambdas:
        delta H to (0, 0) (20001 pts)
        delta H to (0, 0.1) (20001 pts)



md2.edr: 0.0 - 20001.0; lambda = (0, 0.1)
    foreign lambdas:
        delta H to (0, 0) (20001 pts)
        delta H to (0, 0.1) (20001 pts)
        delta H to (0, 0.2) (20001 pts)



md3.edr: 0.0 - 20001.0; lambda = (0, 0.2)
    foreign lambdas:
        delta H to (0, 0.1) (20001 pts)
        delta H to (0, 0.2) (20001 pts)
        delta H to (0, 0.3) (20001 pts)



md4.edr: 0.0 - 20001.0; lambda = (0, 0.3)
    foreign lambdas:
        delta H to (0, 0.2) (20001 pts)
        delta H to (0, 0.3) (20001 pts)
        delta H to (0, 0.4) (20001 pts)



md5.edr: 0.0 - 20001.0; lambda = (0, 0.4)
    foreign lambdas:
        delta H to (0, 0.3) (20001 pts)
        delta H to (0, 0.4) (20001 pts)
        delta H to (0, 0.5) (20001 pts)



md6.edr: 0.0 - 20001.0; lambda = (0, 0.5)
    foreign lambdas:
        delta H to (0, 0.4) (20001 pts)
        delta H to (0, 0.5) (20001 pts)
        delta H to (0, 0.6) (20001 pts)



md7.edr: 0.0 - 20001.0; lambda = (0, 0.6)
    foreign lambdas:
        delta H to (0, 0.5) (20001 pts)
        delta H to (0, 0.6) (20001 pts)
        delta H to (0, 0.7) (20001 pts)



md8.edr: 0.0 - 20001.0; lambda = (0, 0.7)
    foreign lambdas:
        delta H to (0, 0.6) (20001 pts)
        delta H to (0, 0.7) (20001 pts)
        delta H to (0, 0.8) (20001 pts)



md9.edr: 0.0 - 20001.0; lambda = (0, 0.8)
    foreign lambdas:
        delta H to (0, 0.7) (20001 pts)
        delta H to (0, 0.8) (20001 pts)
        delta H to (0, 0.9) (20001 pts)



   Samples in time interval: 0.000 - 20001.000
Removing samples outside of: 0.000 - 5000.000

Temperature: 298.15 K

Detailed results in kT (see help for explanation):

 lam_A  lam_B      DG   +/-     s_A   +/-     s_B   +/-   stdev   +/- 
     0      1    1.00  0.09    0.79  0.14    0.82  0.14    1.37  0.06
     1      2    1.48  0.07    2.37  0.14    1.83  0.10    2.35  0.06
     2      3    0.12  0.06    2.42  0.13    1.38  0.07    2.00  0.06
     3      4   -0.67  0.04    1.39  0.13    0.86  0.08    1.51  0.04
     4      5   -1.01  0.06    1.15  0.10    0.73  0.07    1.34  0.04
     5      6   -1.33  0.04    0.98  0.03    0.64  0.02    1.21  0.02
     6      7   -1.55  0.02    0.76  0.02    0.49  0.02    1.09  0.01
     7      8   -1.72  0.02    0.66  0.02    0.42  0.01    1.00  0.01
     8      9   -1.84  0.01    0.66  0.01    0.43  0.01    0.98  0.01
     9     10   -1.95  0.02    0.55  0.01    0.36  0.01    0.92  0.00
    10     11   -0.08  0.03    0.08  0.02    0.08  0.02    0.31  0.02
    11     12   -0.16  0.02    0.00  0.02    0.01  0.02    0.30  0.02
    12     13   -0.25  0.04    0.08  0.03    0.09  0.04    0.34  0.03
    13     14   -0.45  0.07    0.11  0.07    0.16  0.08    0.49  0.07
    14     15   -0.78  0.10    0.17  0.14    0.25  0.14    0.71  0.06


Final results in kJ/mol:

point      0 -      1,   DG  2.48 +/-  0.23
point      1 -      2,   DG  3.67 +/-  0.16
point      2 -      3,   DG  0.30 +/-  0.15
point      3 -      4,   DG -1.67 +/-  0.09
point      4 -      5,   DG -2.51 +/-  0.15
point      5 -      6,   DG -3.28 +/-  0.10
point      6 -      7,   DG -3.85 +/-  0.04
point      7 -      8,   DG -4.25 +/-  0.04
point      8 -      9,   DG -4.56 +/-  0.03
point      9 -     10,   DG -4.84 +/-  0.05
point     10 -     11,   DG -0.21 +/-  0.09
point     11 -     12,   DG -0.41 +/-  0.05
point     12 -     13,   DG -0.61 +/-  0.09
point     13 -     14,   DG -1.11 +/-  0.17
point     14 -     15,   DG -1.93 +/-  0.25

total      0 -     15,   DG -22.77 +/-  0.37

