
md10.edr: 0.0 - 20001.0; lambda = (0, 0.9)
    foreign lambdas:
        delta H to (0, 0.8) (20001 pts)
        delta H to (0, 0.9) (20001 pts)
        delta H to (0, 1) (20001 pts)



md11.edr: 0.0 - 20001.0; lambda = (0, 1)
    foreign lambdas:
        delta H to (0, 0.9) (20001 pts)
        delta H to (0, 1) (20001 pts)
        delta H to (0.2, 1) (20001 pts)



md12.edr: 0.0 - 20001.0; lambda = (0.2, 1)
    foreign lambdas:
        delta H to (0, 1) (20001 pts)
        delta H to (0.2, 1) (20001 pts)
        delta H to (0.4, 1) (20001 pts)



md13.edr: 0.0 - 20001.0; lambda = (0.4, 1)
    foreign lambdas:
        delta H to (0.2, 1) (20001 pts)
        delta H to (0.4, 1) (20001 pts)
        delta H to (0.6, 1) (20001 pts)



md14.edr: 0.0 - 20001.0; lambda = (0.6, 1)
    foreign lambdas:
        delta H to (0.4, 1) (20001 pts)
        delta H to (0.6, 1) (20001 pts)
        delta H to (0.8, 1) (20001 pts)



md15.edr: 0.0 - 20001.0; lambda = (0.8, 1)
    foreign lambdas:
        delta H to (0.6, 1) (20001 pts)
        delta H to (0.8, 1) (20001 pts)
        delta H to (1, 1) (20001 pts)



md16.edr: 0.0 - 20001.0; lambda = (1, 1)
    foreign lambdas:
        delta H to (0.8, 1) (20001 pts)
        delta H to (1, 1) (20001 pts)



md1.edr: 0.0 - 20001.0; lambda = (0, 0)
    foreign lambdas:
        delta H to (0, 0) (20001 pts)
        delta H to (0, 0.1) (20001 pts)



md2.edr: 0.0 - 20001.0; lambda = (0, 0.1)
    foreign lambdas:
        delta H to (0, 0) (20001 pts)
        delta H to (0, 0.1) (20001 pts)
        delta H to (0, 0.2) (20001 pts)



md3.edr: 0.0 - 20001.0; lambda = (0, 0.2)
    foreign lambdas:
        delta H to (0, 0.1) (20001 pts)
        delta H to (0, 0.2) (20001 pts)
        delta H to (0, 0.3) (20001 pts)



md4.edr: 0.0 - 20001.0; lambda = (0, 0.3)
    foreign lambdas:
        delta H to (0, 0.2) (20001 pts)
        delta H to (0, 0.3) (20001 pts)
        delta H to (0, 0.4) (20001 pts)



md5.edr: 0.0 - 20001.0; lambda = (0, 0.4)
    foreign lambdas:
        delta H to (0, 0.3) (20001 pts)
        delta H to (0, 0.4) (20001 pts)
        delta H to (0, 0.5) (20001 pts)



md6.edr: 0.0 - 20001.0; lambda = (0, 0.5)
    foreign lambdas:
        delta H to (0, 0.4) (20001 pts)
        delta H to (0, 0.5) (20001 pts)
        delta H to (0, 0.6) (20001 pts)



md7.edr: 0.0 - 20001.0; lambda = (0, 0.6)
    foreign lambdas:
        delta H to (0, 0.5) (20001 pts)
        delta H to (0, 0.6) (20001 pts)
        delta H to (0, 0.7) (20001 pts)



md8.edr: 0.0 - 20001.0; lambda = (0, 0.7)
    foreign lambdas:
        delta H to (0, 0.6) (20001 pts)
        delta H to (0, 0.7) (20001 pts)
        delta H to (0, 0.8) (20001 pts)



md9.edr: 0.0 - 20001.0; lambda = (0, 0.8)
    foreign lambdas:
        delta H to (0, 0.7) (20001 pts)
        delta H to (0, 0.8) (20001 pts)
        delta H to (0, 0.9) (20001 pts)



   Samples in time interval: 0.000 - 20001.000
Removing samples outside of: 0.000 - 4000.000

Temperature: 298.15 K

Detailed results in kT (see help for explanation):

 lam_A  lam_B      DG   +/-     s_A   +/-     s_B   +/-   stdev   +/- 
     0      1    0.99  0.15    0.73  0.11    0.75  0.12    1.34  0.04
     1      2    1.55  0.13    2.45  0.21    1.92  0.15    2.39  0.14
     2      3    0.12  0.07    2.41  0.18    1.39  0.10    1.99  0.09
     3      4   -0.66  0.05    1.37  0.12    0.85  0.08    1.51  0.04
     4      5   -1.00  0.09    1.19  0.11    0.76  0.06    1.36  0.05
     5      6   -1.33  0.05    0.96  0.05    0.62  0.03    1.20  0.03
     6      7   -1.54  0.02    0.77  0.06    0.50  0.04    1.10  0.02
     7      8   -1.71  0.02    0.67  0.03    0.43  0.01    1.01  0.01
     8      9   -1.84  0.02    0.67  0.01    0.44  0.01    0.98  0.01
     9     10   -1.95  0.02    0.55  0.03    0.35  0.03    0.92  0.01
    10     11   -0.10  0.03    0.09  0.03    0.09  0.03    0.32  0.02
    11     12   -0.18  0.02   -0.01  0.03   -0.01  0.03    0.30  0.03
    12     13   -0.24  0.04    0.07  0.05    0.09  0.05    0.34  0.04
    13     14   -0.46  0.06    0.13  0.09    0.18  0.11    0.50  0.07
    14     15   -0.87  0.09    0.23  0.14    0.31  0.15    0.74  0.06


Final results in kJ/mol:

point      0 -      1,   DG  2.46 +/-  0.38
point      1 -      2,   DG  3.84 +/-  0.32
point      2 -      3,   DG  0.30 +/-  0.19
point      3 -      4,   DG -1.65 +/-  0.12
point      4 -      5,   DG -2.47 +/-  0.23
point      5 -      6,   DG -3.31 +/-  0.14
point      6 -      7,   DG -3.82 +/-  0.05
point      7 -      8,   DG -4.23 +/-  0.05
point      8 -      9,   DG -4.56 +/-  0.05
point      9 -     10,   DG -4.84 +/-  0.06
point     10 -     11,   DG -0.24 +/-  0.07
point     11 -     12,   DG -0.43 +/-  0.06
point     12 -     13,   DG -0.59 +/-  0.10
point     13 -     14,   DG -1.13 +/-  0.15
point     14 -     15,   DG -2.15 +/-  0.22

total      0 -     15,   DG -22.83 +/-  0.52

