
md10.edr: 0.0 - 20001.0; lambda = (0, 0.9)
    foreign lambdas:
        delta H to (0, 0.8) (20001 pts)
        delta H to (0, 0.9) (20001 pts)
        delta H to (0, 1) (20001 pts)



md11.edr: 0.0 - 20001.0; lambda = (0, 1)
    foreign lambdas:
        delta H to (0, 0.9) (20001 pts)
        delta H to (0, 1) (20001 pts)
        delta H to (0.2, 1) (20001 pts)



md12.edr: 0.0 - 20001.0; lambda = (0.2, 1)
    foreign lambdas:
        delta H to (0, 1) (20001 pts)
        delta H to (0.2, 1) (20001 pts)
        delta H to (0.4, 1) (20001 pts)



md13.edr: 0.0 - 20001.0; lambda = (0.4, 1)
    foreign lambdas:
        delta H to (0.2, 1) (20001 pts)
        delta H to (0.4, 1) (20001 pts)
        delta H to (0.6, 1) (20001 pts)



md14.edr: 0.0 - 20001.0; lambda = (0.6, 1)
    foreign lambdas:
        delta H to (0.4, 1) (20001 pts)
        delta H to (0.6, 1) (20001 pts)
        delta H to (0.8, 1) (20001 pts)



md15.edr: 0.0 - 20001.0; lambda = (0.8, 1)
    foreign lambdas:
        delta H to (0.6, 1) (20001 pts)
        delta H to (0.8, 1) (20001 pts)
        delta H to (1, 1) (20001 pts)



md16.edr: 0.0 - 20001.0; lambda = (1, 1)
    foreign lambdas:
        delta H to (0.8, 1) (20001 pts)
        delta H to (1, 1) (20001 pts)



md1.edr: 0.0 - 20001.0; lambda = (0, 0)
    foreign lambdas:
        delta H to (0, 0) (20001 pts)
        delta H to (0, 0.1) (20001 pts)



md2.edr: 0.0 - 20001.0; lambda = (0, 0.1)
    foreign lambdas:
        delta H to (0, 0) (20001 pts)
        delta H to (0, 0.1) (20001 pts)
        delta H to (0, 0.2) (20001 pts)



md3.edr: 0.0 - 20001.0; lambda = (0, 0.2)
    foreign lambdas:
        delta H to (0, 0.1) (20001 pts)
        delta H to (0, 0.2) (20001 pts)
        delta H to (0, 0.3) (20001 pts)



md4.edr: 0.0 - 20001.0; lambda = (0, 0.3)
    foreign lambdas:
        delta H to (0, 0.2) (20001 pts)
        delta H to (0, 0.3) (20001 pts)
        delta H to (0, 0.4) (20001 pts)



md5.edr: 0.0 - 20001.0; lambda = (0, 0.4)
    foreign lambdas:
        delta H to (0, 0.3) (20001 pts)
        delta H to (0, 0.4) (20001 pts)
        delta H to (0, 0.5) (20001 pts)



md6.edr: 0.0 - 20001.0; lambda = (0, 0.5)
    foreign lambdas:
        delta H to (0, 0.4) (20001 pts)
        delta H to (0, 0.5) (20001 pts)
        delta H to (0, 0.6) (20001 pts)



md7.edr: 0.0 - 20001.0; lambda = (0, 0.6)
    foreign lambdas:
        delta H to (0, 0.5) (20001 pts)
        delta H to (0, 0.6) (20001 pts)
        delta H to (0, 0.7) (20001 pts)



md8.edr: 0.0 - 20001.0; lambda = (0, 0.7)
    foreign lambdas:
        delta H to (0, 0.6) (20001 pts)
        delta H to (0, 0.7) (20001 pts)
        delta H to (0, 0.8) (20001 pts)



md9.edr: 0.0 - 20001.0; lambda = (0, 0.8)
    foreign lambdas:
        delta H to (0, 0.7) (20001 pts)
        delta H to (0, 0.8) (20001 pts)
        delta H to (0, 0.9) (20001 pts)



   Samples in time interval: 0.000 - 20001.000
Removing samples outside of: 0.000 - 1000.000

Temperature: 298.15 K

Detailed results in kT (see help for explanation):

 lam_A  lam_B      DG   +/-     s_A   +/-     s_B   +/-   stdev   +/- 
     0      1    1.10  0.19    0.91  0.21    0.95  0.22    1.40  0.10
     1      2    1.62  0.37    2.27  0.30    1.79  0.22    2.31  0.16
     2      3    0.33  0.20    2.62  0.42    1.52  0.27    2.17  0.23
     3      4   -0.74  0.12    1.62  0.17    0.95  0.10    1.55  0.08
     4      5   -1.08  0.12    0.95  0.08    0.60  0.05    1.25  0.04
     5      6   -1.25  0.10    0.97  0.13    0.62  0.07    1.19  0.07
     6      7   -1.58  0.01    0.77  0.08    0.51  0.06    1.07  0.03
     7      8   -1.73  0.05    0.63  0.04    0.41  0.02    1.00  0.03
     8      9   -1.83  0.04    0.66  0.05    0.41  0.03    0.97  0.03
     9     10   -1.93  0.02    0.53  0.03    0.36  0.02    0.91  0.02
    10     11   -0.09  0.02    0.05  0.07    0.05  0.07    0.33  0.03
    11     12   -0.15  0.05    0.01  0.03    0.01  0.04    0.31  0.04
    12     13   -0.14  0.03   -0.02  0.03   -0.02  0.03    0.27  0.03
    13     14   -0.36  0.03    0.24  0.02    0.25  0.02    0.35  0.01
    14     15   -1.04  0.06    0.43  0.09    0.48  0.11    0.67  0.10


Final results in kJ/mol:

point      0 -      1,   DG  2.73 +/-  0.48
point      1 -      2,   DG  4.01 +/-  0.91
point      2 -      3,   DG  0.81 +/-  0.48
point      3 -      4,   DG -1.83 +/-  0.29
point      4 -      5,   DG -2.68 +/-  0.29
point      5 -      6,   DG -3.11 +/-  0.24
point      6 -      7,   DG -3.92 +/-  0.03
point      7 -      8,   DG -4.29 +/-  0.13
point      8 -      9,   DG -4.54 +/-  0.09
point      9 -     10,   DG -4.79 +/-  0.06
point     10 -     11,   DG -0.23 +/-  0.05
point     11 -     12,   DG -0.37 +/-  0.11
point     12 -     13,   DG -0.35 +/-  0.06
point     13 -     14,   DG -0.90 +/-  0.07
point     14 -     15,   DG -2.58 +/-  0.15

total      0 -     15,   DG -22.03 +/-  1.54

