
md10.edr: 0.0 - 20001.0; lambda = (0, 0.9)
    foreign lambdas:
        delta H to (0, 0.8) (20001 pts)
        delta H to (0, 0.9) (20001 pts)
        delta H to (0, 1) (20001 pts)



md11.edr: 0.0 - 20001.0; lambda = (0, 1)
    foreign lambdas:
        delta H to (0, 0.9) (20001 pts)
        delta H to (0, 1) (20001 pts)
        delta H to (0.2, 1) (20001 pts)



md12.edr: 0.0 - 20001.0; lambda = (0.2, 1)
    foreign lambdas:
        delta H to (0, 1) (20001 pts)
        delta H to (0.2, 1) (20001 pts)
        delta H to (0.4, 1) (20001 pts)



md13.edr: 0.0 - 20001.0; lambda = (0.4, 1)
    foreign lambdas:
        delta H to (0.2, 1) (20001 pts)
        delta H to (0.4, 1) (20001 pts)
        delta H to (0.6, 1) (20001 pts)



md14.edr: 0.0 - 20001.0; lambda = (0.6, 1)
    foreign lambdas:
        delta H to (0.4, 1) (20001 pts)
        delta H to (0.6, 1) (20001 pts)
        delta H to (0.8, 1) (20001 pts)



md15.edr: 0.0 - 20001.0; lambda = (0.8, 1)
    foreign lambdas:
        delta H to (0.6, 1) (20001 pts)
        delta H to (0.8, 1) (20001 pts)
        delta H to (1, 1) (20001 pts)



md16.edr: 0.0 - 20001.0; lambda = (1, 1)
    foreign lambdas:
        delta H to (0.8, 1) (20001 pts)
        delta H to (1, 1) (20001 pts)



md1.edr: 0.0 - 20001.0; lambda = (0, 0)
    foreign lambdas:
        delta H to (0, 0) (20001 pts)
        delta H to (0, 0.1) (20001 pts)



md2.edr: 0.0 - 20001.0; lambda = (0, 0.1)
    foreign lambdas:
        delta H to (0, 0) (20001 pts)
        delta H to (0, 0.1) (20001 pts)
        delta H to (0, 0.2) (20001 pts)



md3.edr: 0.0 - 20001.0; lambda = (0, 0.2)
    foreign lambdas:
        delta H to (0, 0.1) (20001 pts)
        delta H to (0, 0.2) (20001 pts)
        delta H to (0, 0.3) (20001 pts)



md4.edr: 0.0 - 20001.0; lambda = (0, 0.3)
    foreign lambdas:
        delta H to (0, 0.2) (20001 pts)
        delta H to (0, 0.3) (20001 pts)
        delta H to (0, 0.4) (20001 pts)



md5.edr: 0.0 - 20001.0; lambda = (0, 0.4)
    foreign lambdas:
        delta H to (0, 0.3) (20001 pts)
        delta H to (0, 0.4) (20001 pts)
        delta H to (0, 0.5) (20001 pts)



md6.edr: 0.0 - 20001.0; lambda = (0, 0.5)
    foreign lambdas:
        delta H to (0, 0.4) (20001 pts)
        delta H to (0, 0.5) (20001 pts)
        delta H to (0, 0.6) (20001 pts)



md7.edr: 0.0 - 20001.0; lambda = (0, 0.6)
    foreign lambdas:
        delta H to (0, 0.5) (20001 pts)
        delta H to (0, 0.6) (20001 pts)
        delta H to (0, 0.7) (20001 pts)



md8.edr: 0.0 - 20001.0; lambda = (0, 0.7)
    foreign lambdas:
        delta H to (0, 0.6) (20001 pts)
        delta H to (0, 0.7) (20001 pts)
        delta H to (0, 0.8) (20001 pts)



md9.edr: 0.0 - 20001.0; lambda = (0, 0.8)
    foreign lambdas:
        delta H to (0, 0.7) (20001 pts)
        delta H to (0, 0.8) (20001 pts)
        delta H to (0, 0.9) (20001 pts)



   Samples in time interval: 0.000 - 20001.000
Removing samples outside of: 0.000 - 11000.000

Temperature: 298.15 K

Detailed results in kT (see help for explanation):

 lam_A  lam_B      DG   +/-     s_A   +/-     s_B   +/-   stdev   +/- 
     0      1    1.07  0.01    0.15  0.00    0.16  0.00    0.55  0.00
     1      2    3.12  0.02    0.65  0.01    0.77  0.01    1.22  0.01
     2      3    3.31  0.02    2.70  0.02    2.21  0.03    2.66  0.03
     3      4    1.22  0.01    2.48  0.03    1.35  0.02    1.99  0.01
     4      5    0.11  0.01    1.38  0.02    0.82  0.01    1.44  0.01
     5      6   -0.45  0.01    0.87  0.00    0.54  0.00    1.15  0.00
     6      7   -0.75  0.01    0.66  0.01    0.42  0.01    0.99  0.00
     7      8   -0.94  0.01    0.51  0.01    0.34  0.00    0.89  0.01
     8      9   -1.07  0.01    0.42  0.01    0.29  0.01    0.80  0.01
     9     10   -1.17  0.01    0.36  0.00    0.25  0.00    0.75  0.01
    10     11   -0.22  0.00    0.25  0.01    0.26  0.01    0.70  0.01
    11     12   -0.79  0.01    0.31  0.01    0.35  0.01    0.82  0.01
    12     13   -1.62  0.01    0.47  0.01    0.53  0.01    1.01  0.01
    13     14   -2.80  0.01    0.64  0.01    0.69  0.00    1.18  0.00
    14     15   -4.23  0.00    0.74  0.01    0.77  0.01    1.27  0.01


Final results in kJ/mol:

point      0 -      1,   DG  2.64 +/-  0.01
point      1 -      2,   DG  7.72 +/-  0.04
point      2 -      3,   DG  8.20 +/-  0.05
point      3 -      4,   DG  3.03 +/-  0.03
point      4 -      5,   DG  0.27 +/-  0.02
point      5 -      6,   DG -1.11 +/-  0.02
point      6 -      7,   DG -1.85 +/-  0.02
point      7 -      8,   DG -2.33 +/-  0.02
point      8 -      9,   DG -2.66 +/-  0.01
point      9 -     10,   DG -2.89 +/-  0.01
point     10 -     11,   DG -0.54 +/-  0.01
point     11 -     12,   DG -1.97 +/-  0.02
point     12 -     13,   DG -4.01 +/-  0.02
point     13 -     14,   DG -6.93 +/-  0.02
point     14 -     15,   DG -10.48 +/-  0.01

total      0 -     15,   DG -12.91 +/-  0.13

