
md10.edr: 0.0 - 20001.0; lambda = (0, 0.9)
    foreign lambdas:
        delta H to (0, 0.8) (20001 pts)
        delta H to (0, 0.9) (20001 pts)
        delta H to (0, 1) (20001 pts)



md11.edr: 0.0 - 20001.0; lambda = (0, 1)
    foreign lambdas:
        delta H to (0, 0.9) (20001 pts)
        delta H to (0, 1) (20001 pts)
        delta H to (0.2, 1) (20001 pts)



md12.edr: 0.0 - 20001.0; lambda = (0.2, 1)
    foreign lambdas:
        delta H to (0, 1) (20001 pts)
        delta H to (0.2, 1) (20001 pts)
        delta H to (0.4, 1) (20001 pts)



md13.edr: 0.0 - 20001.0; lambda = (0.4, 1)
    foreign lambdas:
        delta H to (0.2, 1) (20001 pts)
        delta H to (0.4, 1) (20001 pts)
        delta H to (0.6, 1) (20001 pts)



md14.edr: 0.0 - 20001.0; lambda = (0.6, 1)
    foreign lambdas:
        delta H to (0.4, 1) (20001 pts)
        delta H to (0.6, 1) (20001 pts)
        delta H to (0.8, 1) (20001 pts)



md15.edr: 0.0 - 20001.0; lambda = (0.8, 1)
    foreign lambdas:
        delta H to (0.6, 1) (20001 pts)
        delta H to (0.8, 1) (20001 pts)
        delta H to (1, 1) (20001 pts)



md16.edr: 0.0 - 20001.0; lambda = (1, 1)
    foreign lambdas:
        delta H to (0.8, 1) (20001 pts)
        delta H to (1, 1) (20001 pts)



md1.edr: 0.0 - 20001.0; lambda = (0, 0)
    foreign lambdas:
        delta H to (0, 0) (20001 pts)
        delta H to (0, 0.1) (20001 pts)



md2.edr: 0.0 - 20001.0; lambda = (0, 0.1)
    foreign lambdas:
        delta H to (0, 0) (20001 pts)
        delta H to (0, 0.1) (20001 pts)
        delta H to (0, 0.2) (20001 pts)



md3.edr: 0.0 - 20001.0; lambda = (0, 0.2)
    foreign lambdas:
        delta H to (0, 0.1) (20001 pts)
        delta H to (0, 0.2) (20001 pts)
        delta H to (0, 0.3) (20001 pts)



md4.edr: 0.0 - 20001.0; lambda = (0, 0.3)
    foreign lambdas:
        delta H to (0, 0.2) (20001 pts)
        delta H to (0, 0.3) (20001 pts)
        delta H to (0, 0.4) (20001 pts)



md5.edr: 0.0 - 20001.0; lambda = (0, 0.4)
    foreign lambdas:
        delta H to (0, 0.3) (20001 pts)
        delta H to (0, 0.4) (20001 pts)
        delta H to (0, 0.5) (20001 pts)



md6.edr: 0.0 - 20001.0; lambda = (0, 0.5)
    foreign lambdas:
        delta H to (0, 0.4) (20001 pts)
        delta H to (0, 0.5) (20001 pts)
        delta H to (0, 0.6) (20001 pts)



md7.edr: 0.0 - 20001.0; lambda = (0, 0.6)
    foreign lambdas:
        delta H to (0, 0.5) (20001 pts)
        delta H to (0, 0.6) (20001 pts)
        delta H to (0, 0.7) (20001 pts)



md8.edr: 0.0 - 20001.0; lambda = (0, 0.7)
    foreign lambdas:
        delta H to (0, 0.6) (20001 pts)
        delta H to (0, 0.7) (20001 pts)
        delta H to (0, 0.8) (20001 pts)



md9.edr: 0.0 - 20001.0; lambda = (0, 0.8)
    foreign lambdas:
        delta H to (0, 0.7) (20001 pts)
        delta H to (0, 0.8) (20001 pts)
        delta H to (0, 0.9) (20001 pts)



   Samples in time interval: 0.000 - 20001.000
Removing samples outside of: 0.000 - 1000.000

Temperature: 298.15 K

Detailed results in kT (see help for explanation):

 lam_A  lam_B      DG   +/-     s_A   +/-     s_B   +/-   stdev   +/- 
     0      1    0.67  0.14    0.63  0.25    0.67  0.23    1.32  0.11
     1      2    1.09  0.37    2.45  0.34    1.70  0.24    2.31  0.18
     2      3   -0.09  0.24    2.00  0.22    1.08  0.19    1.84  0.13
     3      4   -0.68  0.13    1.59  0.14    0.93  0.09    1.57  0.08
     4      5   -1.11  0.07    1.04  0.08    0.65  0.05    1.27  0.03
     5      6   -1.26  0.07    0.88  0.09    0.56  0.08    1.22  0.03
     6      7   -1.43  0.06    0.95  0.10    0.58  0.05    1.17  0.05
     7      8   -1.69  0.02    0.76  0.06    0.48  0.04    1.04  0.04
     8      9   -1.87  0.02    0.64  0.04    0.42  0.04    0.97  0.02
     9     10   -1.96  0.03    0.55  0.03    0.33  0.02    0.92  0.03
    10     11   -0.04  0.03   -0.09  0.05   -0.10  0.05    0.37  0.05
    11     12   -0.10  0.03    0.16  0.09    0.16  0.09    0.44  0.07
    12     13   -0.50  0.14    0.24  0.15    0.28  0.16    0.59  0.11
    13     14   -0.66  0.22   -0.12  0.07   -0.08  0.07    0.60  0.08
    14     15   -1.12  0.17    0.53  0.19    0.65  0.20    0.89  0.13


Final results in kJ/mol:

point      0 -      1,   DG  1.66 +/-  0.36
point      1 -      2,   DG  2.71 +/-  0.91
point      2 -      3,   DG -0.23 +/-  0.59
point      3 -      4,   DG -1.69 +/-  0.32
point      4 -      5,   DG -2.76 +/-  0.18
point      5 -      6,   DG -3.12 +/-  0.17
point      6 -      7,   DG -3.53 +/-  0.16
point      7 -      8,   DG -4.19 +/-  0.05
point      8 -      9,   DG -4.63 +/-  0.05
point      9 -     10,   DG -4.85 +/-  0.08
point     10 -     11,   DG -0.09 +/-  0.06
point     11 -     12,   DG -0.25 +/-  0.09
point     12 -     13,   DG -1.23 +/-  0.35
point     13 -     14,   DG -1.63 +/-  0.54
point     14 -     15,   DG -2.77 +/-  0.43

total      0 -     15,   DG -26.60 +/-  2.63

