
md10.edr: 0.0 - 20001.0; lambda = (0, 0.9)
    foreign lambdas:
        delta H to (0, 0.8) (20001 pts)
        delta H to (0, 0.9) (20001 pts)
        delta H to (0, 1) (20001 pts)



md11.edr: 0.0 - 20001.0; lambda = (0, 1)
    foreign lambdas:
        delta H to (0, 0.9) (20001 pts)
        delta H to (0, 1) (20001 pts)
        delta H to (0.2, 1) (20001 pts)



md12.edr: 0.0 - 20001.0; lambda = (0.2, 1)
    foreign lambdas:
        delta H to (0, 1) (20001 pts)
        delta H to (0.2, 1) (20001 pts)
        delta H to (0.4, 1) (20001 pts)



md13.edr: 0.0 - 20001.0; lambda = (0.4, 1)
    foreign lambdas:
        delta H to (0.2, 1) (20001 pts)
        delta H to (0.4, 1) (20001 pts)
        delta H to (0.6, 1) (20001 pts)



md14.edr: 0.0 - 20001.0; lambda = (0.6, 1)
    foreign lambdas:
        delta H to (0.4, 1) (20001 pts)
        delta H to (0.6, 1) (20001 pts)
        delta H to (0.8, 1) (20001 pts)



md15.edr: 0.0 - 20001.0; lambda = (0.8, 1)
    foreign lambdas:
        delta H to (0.6, 1) (20001 pts)
        delta H to (0.8, 1) (20001 pts)
        delta H to (1, 1) (20001 pts)



md16.edr: 0.0 - 20001.0; lambda = (1, 1)
    foreign lambdas:
        delta H to (0.8, 1) (20001 pts)
        delta H to (1, 1) (20001 pts)



md1.edr: 0.0 - 20001.0; lambda = (0, 0)
    foreign lambdas:
        delta H to (0, 0) (20001 pts)
        delta H to (0, 0.1) (20001 pts)



md2.edr: 0.0 - 20001.0; lambda = (0, 0.1)
    foreign lambdas:
        delta H to (0, 0) (20001 pts)
        delta H to (0, 0.1) (20001 pts)
        delta H to (0, 0.2) (20001 pts)



md3.edr: 0.0 - 20001.0; lambda = (0, 0.2)
    foreign lambdas:
        delta H to (0, 0.1) (20001 pts)
        delta H to (0, 0.2) (20001 pts)
        delta H to (0, 0.3) (20001 pts)



md4.edr: 0.0 - 20001.0; lambda = (0, 0.3)
    foreign lambdas:
        delta H to (0, 0.2) (20001 pts)
        delta H to (0, 0.3) (20001 pts)
        delta H to (0, 0.4) (20001 pts)



md5.edr: 0.0 - 20001.0; lambda = (0, 0.4)
    foreign lambdas:
        delta H to (0, 0.3) (20001 pts)
        delta H to (0, 0.4) (20001 pts)
        delta H to (0, 0.5) (20001 pts)



md6.edr: 0.0 - 20001.0; lambda = (0, 0.5)
    foreign lambdas:
        delta H to (0, 0.4) (20001 pts)
        delta H to (0, 0.5) (20001 pts)
        delta H to (0, 0.6) (20001 pts)



md7.edr: 0.0 - 20001.0; lambda = (0, 0.6)
    foreign lambdas:
        delta H to (0, 0.5) (20001 pts)
        delta H to (0, 0.6) (20001 pts)
        delta H to (0, 0.7) (20001 pts)



md8.edr: 0.0 - 20001.0; lambda = (0, 0.7)
    foreign lambdas:
        delta H to (0, 0.6) (20001 pts)
        delta H to (0, 0.7) (20001 pts)
        delta H to (0, 0.8) (20001 pts)



md9.edr: 0.0 - 20001.0; lambda = (0, 0.8)
    foreign lambdas:
        delta H to (0, 0.7) (20001 pts)
        delta H to (0, 0.8) (20001 pts)
        delta H to (0, 0.9) (20001 pts)



   Samples in time interval: 0.000 - 20001.000
Removing samples outside of: 0.000 - 17000.000

Temperature: 298.15 K

Detailed results in kT (see help for explanation):

 lam_A  lam_B      DG   +/-     s_A   +/-     s_B   +/-   stdev   +/- 
     0      1    1.20  0.10    0.83  0.07    0.87  0.07    1.37  0.04
     1      2    1.74  0.17    2.38  0.10    1.90  0.08    2.39  0.06
     2      3    0.20  0.10    2.62  0.19    1.43  0.10    2.07  0.08
     3      4   -0.68  0.03    1.38  0.04    0.85  0.02    1.48  0.02
     4      5   -1.04  0.02    1.12  0.02    0.72  0.01    1.32  0.01
     5      6   -1.30  0.02    0.89  0.01    0.56  0.01    1.18  0.00
     6      7   -1.52  0.02    0.84  0.02    0.54  0.01    1.12  0.01
     7      8   -1.66  0.01    0.69  0.03    0.43  0.03    1.02  0.01
     8      9   -1.81  0.02    0.63  0.04    0.41  0.03    0.95  0.02
     9     10   -1.92  0.02    0.54  0.01    0.35  0.01    0.89  0.01
    10     11   -0.07  0.02    0.02  0.02    0.02  0.02    0.32  0.02
    11     12   -0.14  0.02    0.05  0.02    0.05  0.02    0.34  0.02
    12     13   -0.34  0.02    0.15  0.02    0.17  0.03    0.45  0.03
    13     14   -0.68  0.05    0.18  0.08    0.23  0.09    0.62  0.03
    14     15   -1.30  0.09    0.39  0.16    0.49  0.18    0.94  0.06


Final results in kJ/mol:

point      0 -      1,   DG  2.97 +/-  0.25
point      1 -      2,   DG  4.31 +/-  0.42
point      2 -      3,   DG  0.51 +/-  0.24
point      3 -      4,   DG -1.69 +/-  0.07
point      4 -      5,   DG -2.57 +/-  0.04
point      5 -      6,   DG -3.23 +/-  0.04
point      6 -      7,   DG -3.76 +/-  0.05
point      7 -      8,   DG -4.11 +/-  0.03
point      8 -      9,   DG -4.47 +/-  0.06
point      9 -     10,   DG -4.76 +/-  0.06
point     10 -     11,   DG -0.18 +/-  0.04
point     11 -     12,   DG -0.35 +/-  0.04
point     12 -     13,   DG -0.84 +/-  0.05
point     13 -     14,   DG -1.70 +/-  0.11
point     14 -     15,   DG -3.23 +/-  0.23

total      0 -     15,   DG -23.09 +/-  0.95

