
md10.edr: 0.0 - 20001.0; lambda = (0, 0.9)
    foreign lambdas:
        delta H to (0, 0.8) (20001 pts)
        delta H to (0, 0.9) (20001 pts)
        delta H to (0, 1) (20001 pts)



md11.edr: 0.0 - 20001.0; lambda = (0, 1)
    foreign lambdas:
        delta H to (0, 0.9) (20001 pts)
        delta H to (0, 1) (20001 pts)
        delta H to (0.2, 1) (20001 pts)



md12.edr: 0.0 - 20001.0; lambda = (0.2, 1)
    foreign lambdas:
        delta H to (0, 1) (20001 pts)
        delta H to (0.2, 1) (20001 pts)
        delta H to (0.4, 1) (20001 pts)



md13.edr: 0.0 - 20001.0; lambda = (0.4, 1)
    foreign lambdas:
        delta H to (0.2, 1) (20001 pts)
        delta H to (0.4, 1) (20001 pts)
        delta H to (0.6, 1) (20001 pts)



md14.edr: 0.0 - 20001.0; lambda = (0.6, 1)
    foreign lambdas:
        delta H to (0.4, 1) (20001 pts)
        delta H to (0.6, 1) (20001 pts)
        delta H to (0.8, 1) (20001 pts)



md15.edr: 0.0 - 20001.0; lambda = (0.8, 1)
    foreign lambdas:
        delta H to (0.6, 1) (20001 pts)
        delta H to (0.8, 1) (20001 pts)
        delta H to (1, 1) (20001 pts)



md16.edr: 0.0 - 20001.0; lambda = (1, 1)
    foreign lambdas:
        delta H to (0.8, 1) (20001 pts)
        delta H to (1, 1) (20001 pts)



md1.edr: 0.0 - 20001.0; lambda = (0, 0)
    foreign lambdas:
        delta H to (0, 0) (20001 pts)
        delta H to (0, 0.1) (20001 pts)



md2.edr: 0.0 - 20001.0; lambda = (0, 0.1)
    foreign lambdas:
        delta H to (0, 0) (20001 pts)
        delta H to (0, 0.1) (20001 pts)
        delta H to (0, 0.2) (20001 pts)



md3.edr: 0.0 - 20001.0; lambda = (0, 0.2)
    foreign lambdas:
        delta H to (0, 0.1) (20001 pts)
        delta H to (0, 0.2) (20001 pts)
        delta H to (0, 0.3) (20001 pts)



md4.edr: 0.0 - 20001.0; lambda = (0, 0.3)
    foreign lambdas:
        delta H to (0, 0.2) (20001 pts)
        delta H to (0, 0.3) (20001 pts)
        delta H to (0, 0.4) (20001 pts)



md5.edr: 0.0 - 20001.0; lambda = (0, 0.4)
    foreign lambdas:
        delta H to (0, 0.3) (20001 pts)
        delta H to (0, 0.4) (20001 pts)
        delta H to (0, 0.5) (20001 pts)



md6.edr: 0.0 - 20001.0; lambda = (0, 0.5)
    foreign lambdas:
        delta H to (0, 0.4) (20001 pts)
        delta H to (0, 0.5) (20001 pts)
        delta H to (0, 0.6) (20001 pts)



md7.edr: 0.0 - 20001.0; lambda = (0, 0.6)
    foreign lambdas:
        delta H to (0, 0.5) (20001 pts)
        delta H to (0, 0.6) (20001 pts)
        delta H to (0, 0.7) (20001 pts)



md8.edr: 0.0 - 20001.0; lambda = (0, 0.7)
    foreign lambdas:
        delta H to (0, 0.6) (20001 pts)
        delta H to (0, 0.7) (20001 pts)
        delta H to (0, 0.8) (20001 pts)



md9.edr: 0.0 - 20001.0; lambda = (0, 0.8)
    foreign lambdas:
        delta H to (0, 0.7) (20001 pts)
        delta H to (0, 0.8) (20001 pts)
        delta H to (0, 0.9) (20001 pts)



   Samples in time interval: 0.000 - 20001.000
Removing samples outside of: 0.000 - 9000.000

Temperature: 298.15 K

Detailed results in kT (see help for explanation):

 lam_A  lam_B      DG   +/-     s_A   +/-     s_B   +/-   stdev   +/- 
     0      1    1.11  0.10    0.77  0.06    0.80  0.06    1.35  0.04
     1      2    1.66  0.13    2.45  0.14    1.96  0.08    2.44  0.07
     2      3    0.09  0.10    2.47  0.24    1.34  0.11    1.99  0.10
     3      4   -0.70  0.02    1.37  0.06    0.85  0.02    1.48  0.02
     4      5   -1.06  0.01    1.12  0.02    0.72  0.02    1.32  0.02
     5      6   -1.32  0.01    0.87  0.02    0.55  0.02    1.17  0.01
     6      7   -1.52  0.02    0.82  0.01    0.53  0.01    1.11  0.01
     7      8   -1.66  0.02    0.70  0.03    0.43  0.02    1.03  0.01
     8      9   -1.80  0.02    0.62  0.03    0.40  0.02    0.95  0.02
     9     10   -1.91  0.02    0.55  0.00    0.36  0.01    0.90  0.01
    10     11   -0.06  0.03    0.01  0.02    0.00  0.02    0.35  0.02
    11     12   -0.12  0.03    0.06  0.02    0.07  0.02    0.36  0.02
    12     13   -0.31  0.05    0.13  0.01    0.14  0.02    0.42  0.04
    13     14   -0.69  0.04    0.24  0.08    0.27  0.08    0.60  0.04
    14     15   -1.33  0.14    0.36  0.11    0.43  0.12    0.87  0.06


Final results in kJ/mol:

point      0 -      1,   DG  2.76 +/-  0.24
point      1 -      2,   DG  4.10 +/-  0.33
point      2 -      3,   DG  0.23 +/-  0.24
point      3 -      4,   DG -1.73 +/-  0.06
point      4 -      5,   DG -2.62 +/-  0.02
point      5 -      6,   DG -3.28 +/-  0.04
point      6 -      7,   DG -3.78 +/-  0.05
point      7 -      8,   DG -4.11 +/-  0.04
point      8 -      9,   DG -4.46 +/-  0.05
point      9 -     10,   DG -4.74 +/-  0.06
point     10 -     11,   DG -0.14 +/-  0.06
point     11 -     12,   DG -0.31 +/-  0.07
point     12 -     13,   DG -0.78 +/-  0.11
point     13 -     14,   DG -1.72 +/-  0.11
point     14 -     15,   DG -3.29 +/-  0.34

total      0 -     15,   DG -23.86 +/-  0.74

