
md10.edr: 0.0 - 20001.0; lambda = (0, 0.9)
    foreign lambdas:
        delta H to (0, 0.8) (20001 pts)
        delta H to (0, 0.9) (20001 pts)
        delta H to (0, 1) (20001 pts)



md11.edr: 0.0 - 20001.0; lambda = (0, 1)
    foreign lambdas:
        delta H to (0, 0.9) (20001 pts)
        delta H to (0, 1) (20001 pts)
        delta H to (0.2, 1) (20001 pts)



md12.edr: 0.0 - 20001.0; lambda = (0.2, 1)
    foreign lambdas:
        delta H to (0, 1) (20001 pts)
        delta H to (0.2, 1) (20001 pts)
        delta H to (0.4, 1) (20001 pts)



md13.edr: 0.0 - 20001.0; lambda = (0.4, 1)
    foreign lambdas:
        delta H to (0.2, 1) (20001 pts)
        delta H to (0.4, 1) (20001 pts)
        delta H to (0.6, 1) (20001 pts)



md14.edr: 0.0 - 20001.0; lambda = (0.6, 1)
    foreign lambdas:
        delta H to (0.4, 1) (20001 pts)
        delta H to (0.6, 1) (20001 pts)
        delta H to (0.8, 1) (20001 pts)



md15.edr: 0.0 - 20001.0; lambda = (0.8, 1)
    foreign lambdas:
        delta H to (0.6, 1) (20001 pts)
        delta H to (0.8, 1) (20001 pts)
        delta H to (1, 1) (20001 pts)



md16.edr: 0.0 - 20001.0; lambda = (1, 1)
    foreign lambdas:
        delta H to (0.8, 1) (20001 pts)
        delta H to (1, 1) (20001 pts)



md1.edr: 0.0 - 20001.0; lambda = (0, 0)
    foreign lambdas:
        delta H to (0, 0) (20001 pts)
        delta H to (0, 0.1) (20001 pts)



md2.edr: 0.0 - 20001.0; lambda = (0, 0.1)
    foreign lambdas:
        delta H to (0, 0) (20001 pts)
        delta H to (0, 0.1) (20001 pts)
        delta H to (0, 0.2) (20001 pts)



md3.edr: 0.0 - 20001.0; lambda = (0, 0.2)
    foreign lambdas:
        delta H to (0, 0.1) (20001 pts)
        delta H to (0, 0.2) (20001 pts)
        delta H to (0, 0.3) (20001 pts)



md4.edr: 0.0 - 20001.0; lambda = (0, 0.3)
    foreign lambdas:
        delta H to (0, 0.2) (20001 pts)
        delta H to (0, 0.3) (20001 pts)
        delta H to (0, 0.4) (20001 pts)



md5.edr: 0.0 - 20001.0; lambda = (0, 0.4)
    foreign lambdas:
        delta H to (0, 0.3) (20001 pts)
        delta H to (0, 0.4) (20001 pts)
        delta H to (0, 0.5) (20001 pts)



md6.edr: 0.0 - 20001.0; lambda = (0, 0.5)
    foreign lambdas:
        delta H to (0, 0.4) (20001 pts)
        delta H to (0, 0.5) (20001 pts)
        delta H to (0, 0.6) (20001 pts)



md7.edr: 0.0 - 20001.0; lambda = (0, 0.6)
    foreign lambdas:
        delta H to (0, 0.5) (20001 pts)
        delta H to (0, 0.6) (20001 pts)
        delta H to (0, 0.7) (20001 pts)



md8.edr: 0.0 - 20001.0; lambda = (0, 0.7)
    foreign lambdas:
        delta H to (0, 0.6) (20001 pts)
        delta H to (0, 0.7) (20001 pts)
        delta H to (0, 0.8) (20001 pts)



md9.edr: 0.0 - 20001.0; lambda = (0, 0.8)
    foreign lambdas:
        delta H to (0, 0.7) (20001 pts)
        delta H to (0, 0.8) (20001 pts)
        delta H to (0, 0.9) (20001 pts)



   Samples in time interval: 0.000 - 20001.000
Removing samples outside of: 0.000 - 3000.000

Temperature: 298.15 K

Detailed results in kT (see help for explanation):

 lam_A  lam_B      DG   +/-     s_A   +/-     s_B   +/-   stdev   +/- 
     0      1    0.86  0.06    0.66  0.10    0.68  0.11    1.26  0.06
     1      2    1.44  0.12    2.48  0.15    1.99  0.18    2.46  0.12
     2      3   -0.06  0.11    2.09  0.08    1.13  0.05    1.84  0.06
     3      4   -0.67  0.06    1.49  0.09    0.91  0.04    1.54  0.04
     4      5   -1.04  0.03    1.07  0.06    0.69  0.04    1.30  0.03
     5      6   -1.31  0.04    0.91  0.03    0.58  0.02    1.19  0.02
     6      7   -1.50  0.03    0.81  0.07    0.51  0.04    1.11  0.03
     7      8   -1.64  0.03    0.77  0.03    0.48  0.02    1.06  0.02
     8      9   -1.83  0.01    0.63  0.04    0.41  0.03    0.94  0.02
     9     10   -1.98  0.02    0.56  0.03    0.37  0.02    0.90  0.02
    10     11   -0.03  0.02   -0.04  0.03   -0.04  0.03    0.36  0.02
    11     12   -0.10  0.03    0.10  0.03    0.11  0.03    0.41  0.01
    12     13   -0.35  0.08    0.15  0.06    0.17  0.07    0.47  0.07
    13     14   -0.61  0.13    0.08  0.06    0.12  0.07    0.56  0.07
    14     15   -1.33  0.11    0.60  0.11    0.69  0.13    0.97  0.07


Final results in kJ/mol:

point      0 -      1,   DG  2.12 +/-  0.16
point      1 -      2,   DG  3.56 +/-  0.29
point      2 -      3,   DG -0.14 +/-  0.28
point      3 -      4,   DG -1.65 +/-  0.15
point      4 -      5,   DG -2.59 +/-  0.08
point      5 -      6,   DG -3.24 +/-  0.10
point      6 -      7,   DG -3.71 +/-  0.07
point      7 -      8,   DG -4.07 +/-  0.07
point      8 -      9,   DG -4.54 +/-  0.03
point      9 -     10,   DG -4.92 +/-  0.05
point     10 -     11,   DG -0.08 +/-  0.04
point     11 -     12,   DG -0.24 +/-  0.07
point     12 -     13,   DG -0.87 +/-  0.19
point     13 -     14,   DG -1.50 +/-  0.33
point     14 -     15,   DG -3.30 +/-  0.26

total      0 -     15,   DG -25.17 +/-  0.68

