
md10.edr: 0.0 - 20001.0; lambda = (0, 0.9)
    foreign lambdas:
        delta H to (0, 0.8) (20001 pts)
        delta H to (0, 0.9) (20001 pts)
        delta H to (0, 1) (20001 pts)



md11.edr: 0.0 - 20001.0; lambda = (0, 1)
    foreign lambdas:
        delta H to (0, 0.9) (20001 pts)
        delta H to (0, 1) (20001 pts)
        delta H to (0.2, 1) (20001 pts)



md12.edr: 0.0 - 20001.0; lambda = (0.2, 1)
    foreign lambdas:
        delta H to (0, 1) (20001 pts)
        delta H to (0.2, 1) (20001 pts)
        delta H to (0.4, 1) (20001 pts)



md13.edr: 0.0 - 20001.0; lambda = (0.4, 1)
    foreign lambdas:
        delta H to (0.2, 1) (20001 pts)
        delta H to (0.4, 1) (20001 pts)
        delta H to (0.6, 1) (20001 pts)



md14.edr: 0.0 - 20001.0; lambda = (0.6, 1)
    foreign lambdas:
        delta H to (0.4, 1) (20001 pts)
        delta H to (0.6, 1) (20001 pts)
        delta H to (0.8, 1) (20001 pts)



md15.edr: 0.0 - 20001.0; lambda = (0.8, 1)
    foreign lambdas:
        delta H to (0.6, 1) (20001 pts)
        delta H to (0.8, 1) (20001 pts)
        delta H to (1, 1) (20001 pts)



md16.edr: 0.0 - 20001.0; lambda = (1, 1)
    foreign lambdas:
        delta H to (0.8, 1) (20001 pts)
        delta H to (1, 1) (20001 pts)



md1.edr: 0.0 - 20001.0; lambda = (0, 0)
    foreign lambdas:
        delta H to (0, 0) (20001 pts)
        delta H to (0, 0.1) (20001 pts)



md2.edr: 0.0 - 20001.0; lambda = (0, 0.1)
    foreign lambdas:
        delta H to (0, 0) (20001 pts)
        delta H to (0, 0.1) (20001 pts)
        delta H to (0, 0.2) (20001 pts)



md3.edr: 0.0 - 20001.0; lambda = (0, 0.2)
    foreign lambdas:
        delta H to (0, 0.1) (20001 pts)
        delta H to (0, 0.2) (20001 pts)
        delta H to (0, 0.3) (20001 pts)



md4.edr: 0.0 - 20001.0; lambda = (0, 0.3)
    foreign lambdas:
        delta H to (0, 0.2) (20001 pts)
        delta H to (0, 0.3) (20001 pts)
        delta H to (0, 0.4) (20001 pts)



md5.edr: 0.0 - 20001.0; lambda = (0, 0.4)
    foreign lambdas:
        delta H to (0, 0.3) (20001 pts)
        delta H to (0, 0.4) (20001 pts)
        delta H to (0, 0.5) (20001 pts)



md6.edr: 0.0 - 20001.0; lambda = (0, 0.5)
    foreign lambdas:
        delta H to (0, 0.4) (20001 pts)
        delta H to (0, 0.5) (20001 pts)
        delta H to (0, 0.6) (20001 pts)



md7.edr: 0.0 - 20001.0; lambda = (0, 0.6)
    foreign lambdas:
        delta H to (0, 0.5) (20001 pts)
        delta H to (0, 0.6) (20001 pts)
        delta H to (0, 0.7) (20001 pts)



md8.edr: 0.0 - 20001.0; lambda = (0, 0.7)
    foreign lambdas:
        delta H to (0, 0.6) (20001 pts)
        delta H to (0, 0.7) (20001 pts)
        delta H to (0, 0.8) (20001 pts)



md9.edr: 0.0 - 20001.0; lambda = (0, 0.8)
    foreign lambdas:
        delta H to (0, 0.7) (20001 pts)
        delta H to (0, 0.8) (20001 pts)
        delta H to (0, 0.9) (20001 pts)



   Samples in time interval: 0.000 - 20001.000
Removing samples outside of: 0.000 - 5000.000

Temperature: 298.15 K

Detailed results in kT (see help for explanation):

 lam_A  lam_B      DG   +/-     s_A   +/-     s_B   +/-   stdev   +/- 
     0      1    1.03  0.14    0.73  0.04    0.76  0.06    1.30  0.04
     1      2    1.60  0.18    2.47  0.16    2.00  0.13    2.48  0.10
     2      3    0.02  0.14    2.32  0.30    1.26  0.16    1.92  0.14
     3      4   -0.70  0.03    1.37  0.08    0.85  0.03    1.49  0.03
     4      5   -1.04  0.03    1.12  0.04    0.72  0.03    1.32  0.02
     5      6   -1.32  0.03    0.88  0.03    0.56  0.02    1.17  0.02
     6      7   -1.51  0.03    0.84  0.05    0.54  0.03    1.13  0.02
     7      8   -1.67  0.03    0.73  0.03    0.46  0.02    1.04  0.02
     8      9   -1.83  0.01    0.59  0.03    0.38  0.02    0.93  0.01
     9     10   -1.94  0.03    0.53  0.02    0.36  0.01    0.89  0.01
    10     11   -0.04  0.02   -0.01  0.03   -0.01  0.03    0.37  0.03
    11     12   -0.11  0.03    0.08  0.02    0.09  0.03    0.37  0.03
    12     13   -0.35  0.07    0.15  0.03    0.17  0.03    0.44  0.05
    13     14   -0.63  0.06    0.11  0.07    0.14  0.06    0.54  0.03
    14     15   -1.15  0.12    0.38  0.15    0.47  0.16    0.85  0.09


Final results in kJ/mol:

point      0 -      1,   DG  2.55 +/-  0.35
point      1 -      2,   DG  3.96 +/-  0.45
point      2 -      3,   DG  0.04 +/-  0.35
point      3 -      4,   DG -1.73 +/-  0.07
point      4 -      5,   DG -2.59 +/-  0.07
point      5 -      6,   DG -3.28 +/-  0.06
point      6 -      7,   DG -3.75 +/-  0.07
point      7 -      8,   DG -4.14 +/-  0.06
point      8 -      9,   DG -4.53 +/-  0.03
point      9 -     10,   DG -4.82 +/-  0.08
point     10 -     11,   DG -0.09 +/-  0.04
point     11 -     12,   DG -0.27 +/-  0.08
point     12 -     13,   DG -0.86 +/-  0.16
point     13 -     14,   DG -1.57 +/-  0.15
point     14 -     15,   DG -2.86 +/-  0.30

total      0 -     15,   DG -23.93 +/-  1.02

