
md10.edr: 0.0 - 20001.0; lambda = (0, 0.9)
    foreign lambdas:
        delta H to (0, 0.8) (20001 pts)
        delta H to (0, 0.9) (20001 pts)
        delta H to (0, 1) (20001 pts)



md11.edr: 0.0 - 20001.0; lambda = (0, 1)
    foreign lambdas:
        delta H to (0, 0.9) (20001 pts)
        delta H to (0, 1) (20001 pts)
        delta H to (0.2, 1) (20001 pts)



md12.edr: 0.0 - 20001.0; lambda = (0.2, 1)
    foreign lambdas:
        delta H to (0, 1) (20001 pts)
        delta H to (0.2, 1) (20001 pts)
        delta H to (0.4, 1) (20001 pts)



md13.edr: 0.0 - 20001.0; lambda = (0.4, 1)
    foreign lambdas:
        delta H to (0.2, 1) (20001 pts)
        delta H to (0.4, 1) (20001 pts)
        delta H to (0.6, 1) (20001 pts)



md14.edr: 0.0 - 20001.0; lambda = (0.6, 1)
    foreign lambdas:
        delta H to (0.4, 1) (20001 pts)
        delta H to (0.6, 1) (20001 pts)
        delta H to (0.8, 1) (20001 pts)



md15.edr: 0.0 - 20001.0; lambda = (0.8, 1)
    foreign lambdas:
        delta H to (0.6, 1) (20001 pts)
        delta H to (0.8, 1) (20001 pts)
        delta H to (1, 1) (20001 pts)



md16.edr: 0.0 - 20001.0; lambda = (1, 1)
    foreign lambdas:
        delta H to (0.8, 1) (20001 pts)
        delta H to (1, 1) (20001 pts)



md1.edr: 0.0 - 20001.0; lambda = (0, 0)
    foreign lambdas:
        delta H to (0, 0) (20001 pts)
        delta H to (0, 0.1) (20001 pts)



md2.edr: 0.0 - 20001.0; lambda = (0, 0.1)
    foreign lambdas:
        delta H to (0, 0) (20001 pts)
        delta H to (0, 0.1) (20001 pts)
        delta H to (0, 0.2) (20001 pts)



md3.edr: 0.0 - 20001.0; lambda = (0, 0.2)
    foreign lambdas:
        delta H to (0, 0.1) (20001 pts)
        delta H to (0, 0.2) (20001 pts)
        delta H to (0, 0.3) (20001 pts)



md4.edr: 0.0 - 20001.0; lambda = (0, 0.3)
    foreign lambdas:
        delta H to (0, 0.2) (20001 pts)
        delta H to (0, 0.3) (20001 pts)
        delta H to (0, 0.4) (20001 pts)



md5.edr: 0.0 - 20001.0; lambda = (0, 0.4)
    foreign lambdas:
        delta H to (0, 0.3) (20001 pts)
        delta H to (0, 0.4) (20001 pts)
        delta H to (0, 0.5) (20001 pts)



md6.edr: 0.0 - 20001.0; lambda = (0, 0.5)
    foreign lambdas:
        delta H to (0, 0.4) (20001 pts)
        delta H to (0, 0.5) (20001 pts)
        delta H to (0, 0.6) (20001 pts)



md7.edr: 0.0 - 20001.0; lambda = (0, 0.6)
    foreign lambdas:
        delta H to (0, 0.5) (20001 pts)
        delta H to (0, 0.6) (20001 pts)
        delta H to (0, 0.7) (20001 pts)



md8.edr: 0.0 - 20001.0; lambda = (0, 0.7)
    foreign lambdas:
        delta H to (0, 0.6) (20001 pts)
        delta H to (0, 0.7) (20001 pts)
        delta H to (0, 0.8) (20001 pts)



md9.edr: 0.0 - 20001.0; lambda = (0, 0.8)
    foreign lambdas:
        delta H to (0, 0.7) (20001 pts)
        delta H to (0, 0.8) (20001 pts)
        delta H to (0, 0.9) (20001 pts)



   Samples in time interval: 0.000 - 20001.000
Removing samples outside of: 0.000 - 7000.000

Temperature: 298.15 K

Detailed results in kT (see help for explanation):

 lam_A  lam_B      DG   +/-     s_A   +/-     s_B   +/-   stdev   +/- 
     0      1    1.02  0.11    0.75  0.05    0.77  0.05    1.32  0.04
     1      2    1.64  0.14    2.36  0.22    1.93  0.15    2.42  0.11
     2      3    0.08  0.17    2.51  0.34    1.33  0.19    1.99  0.17
     3      4   -0.71  0.02    1.37  0.07    0.85  0.03    1.49  0.03
     4      5   -1.06  0.02    1.12  0.03    0.72  0.02    1.32  0.01
     5      6   -1.33  0.02    0.89  0.02    0.57  0.01    1.18  0.02
     6      7   -1.53  0.03    0.83  0.03    0.53  0.02    1.12  0.01
     7      8   -1.67  0.01    0.72  0.02    0.45  0.02    1.04  0.01
     8      9   -1.81  0.02    0.59  0.02    0.38  0.02    0.93  0.02
     9     10   -1.92  0.03    0.55  0.01    0.37  0.01    0.90  0.01
    10     11   -0.04  0.01    0.01  0.03    0.01  0.03    0.36  0.03
    11     12   -0.11  0.03    0.06  0.03    0.06  0.03    0.37  0.03
    12     13   -0.31  0.05    0.14  0.01    0.16  0.01    0.43  0.03
    13     14   -0.67  0.06    0.20  0.07    0.24  0.07    0.58  0.05
    14     15   -1.25  0.10    0.34  0.12    0.43  0.13    0.87  0.07


Final results in kJ/mol:

point      0 -      1,   DG  2.53 +/-  0.26
point      1 -      2,   DG  4.06 +/-  0.35
point      2 -      3,   DG  0.21 +/-  0.41
point      3 -      4,   DG -1.76 +/-  0.05
point      4 -      5,   DG -2.63 +/-  0.05
point      5 -      6,   DG -3.30 +/-  0.05
point      6 -      7,   DG -3.80 +/-  0.08
point      7 -      8,   DG -4.13 +/-  0.02
point      8 -      9,   DG -4.48 +/-  0.04
point      9 -     10,   DG -4.75 +/-  0.08
point     10 -     11,   DG -0.11 +/-  0.03
point     11 -     12,   DG -0.28 +/-  0.07
point     12 -     13,   DG -0.77 +/-  0.12
point     13 -     14,   DG -1.66 +/-  0.14
point     14 -     15,   DG -3.10 +/-  0.24

total      0 -     15,   DG -23.97 +/-  0.77

