
md10.edr: 0.0 - 20001.0; lambda = (0, 0.9)
    foreign lambdas:
        delta H to (0, 0.8) (20001 pts)
        delta H to (0, 0.9) (20001 pts)
        delta H to (0, 1) (20001 pts)



md11.edr: 0.0 - 20001.0; lambda = (0, 1)
    foreign lambdas:
        delta H to (0, 0.9) (20001 pts)
        delta H to (0, 1) (20001 pts)
        delta H to (0.2, 1) (20001 pts)



md12.edr: 0.0 - 20001.0; lambda = (0.2, 1)
    foreign lambdas:
        delta H to (0, 1) (20001 pts)
        delta H to (0.2, 1) (20001 pts)
        delta H to (0.4, 1) (20001 pts)



md13.edr: 0.0 - 20001.0; lambda = (0.4, 1)
    foreign lambdas:
        delta H to (0.2, 1) (20001 pts)
        delta H to (0.4, 1) (20001 pts)
        delta H to (0.6, 1) (20001 pts)



md14.edr: 0.0 - 20001.0; lambda = (0.6, 1)
    foreign lambdas:
        delta H to (0.4, 1) (20001 pts)
        delta H to (0.6, 1) (20001 pts)
        delta H to (0.8, 1) (20001 pts)



md15.edr: 0.0 - 20001.0; lambda = (0.8, 1)
    foreign lambdas:
        delta H to (0.6, 1) (20001 pts)
        delta H to (0.8, 1) (20001 pts)
        delta H to (1, 1) (20001 pts)



md16.edr: 0.0 - 20001.0; lambda = (1, 1)
    foreign lambdas:
        delta H to (0.8, 1) (20001 pts)
        delta H to (1, 1) (20001 pts)



md1.edr: 0.0 - 20001.0; lambda = (0, 0)
    foreign lambdas:
        delta H to (0, 0) (20001 pts)
        delta H to (0, 0.1) (20001 pts)



md2.edr: 0.0 - 20001.0; lambda = (0, 0.1)
    foreign lambdas:
        delta H to (0, 0) (20001 pts)
        delta H to (0, 0.1) (20001 pts)
        delta H to (0, 0.2) (20001 pts)



md3.edr: 0.0 - 20001.0; lambda = (0, 0.2)
    foreign lambdas:
        delta H to (0, 0.1) (20001 pts)
        delta H to (0, 0.2) (20001 pts)
        delta H to (0, 0.3) (20001 pts)



md4.edr: 0.0 - 20001.0; lambda = (0, 0.3)
    foreign lambdas:
        delta H to (0, 0.2) (20001 pts)
        delta H to (0, 0.3) (20001 pts)
        delta H to (0, 0.4) (20001 pts)



md5.edr: 0.0 - 20001.0; lambda = (0, 0.4)
    foreign lambdas:
        delta H to (0, 0.3) (20001 pts)
        delta H to (0, 0.4) (20001 pts)
        delta H to (0, 0.5) (20001 pts)



md6.edr: 0.0 - 20001.0; lambda = (0, 0.5)
    foreign lambdas:
        delta H to (0, 0.4) (20001 pts)
        delta H to (0, 0.5) (20001 pts)
        delta H to (0, 0.6) (20001 pts)



md7.edr: 0.0 - 20001.0; lambda = (0, 0.6)
    foreign lambdas:
        delta H to (0, 0.5) (20001 pts)
        delta H to (0, 0.6) (20001 pts)
        delta H to (0, 0.7) (20001 pts)



md8.edr: 0.0 - 20001.0; lambda = (0, 0.7)
    foreign lambdas:
        delta H to (0, 0.6) (20001 pts)
        delta H to (0, 0.7) (20001 pts)
        delta H to (0, 0.8) (20001 pts)



md9.edr: 0.0 - 20001.0; lambda = (0, 0.8)
    foreign lambdas:
        delta H to (0, 0.7) (20001 pts)
        delta H to (0, 0.8) (20001 pts)
        delta H to (0, 0.9) (20001 pts)



   Samples in time interval: 0.000 - 20001.000
Removing samples outside of: 0.000 - 2000.000

Temperature: 298.15 K

Detailed results in kT (see help for explanation):

 lam_A  lam_B      DG   +/-     s_A   +/-     s_B   +/-   stdev   +/- 
     0      1    0.93  0.13    0.65  0.11    0.69  0.12    1.27  0.07
     1      2    1.47  0.26    2.54  0.12    1.96  0.19    2.48  0.12
     2      3    0.00  0.16    2.14  0.13    1.18  0.12    1.88  0.10
     3      4   -0.64  0.05    1.52  0.08    0.92  0.02    1.56  0.04
     4      5   -1.04  0.03    1.11  0.07    0.71  0.05    1.32  0.03
     5      6   -1.32  0.05    0.92  0.03    0.59  0.02    1.20  0.02
     6      7   -1.50  0.07    0.81  0.10    0.49  0.06    1.11  0.05
     7      8   -1.64  0.04    0.77  0.07    0.48  0.05    1.07  0.04
     8      9   -1.84  0.02    0.66  0.03    0.43  0.02    0.96  0.02
     9     10   -2.00  0.03    0.56  0.01    0.37  0.02    0.90  0.02
    10     11   -0.02  0.04   -0.06  0.04   -0.06  0.04    0.35  0.04
    11     12   -0.10  0.07    0.14  0.04    0.14  0.04    0.42  0.05
    12     13   -0.41  0.10    0.17  0.06    0.19  0.07    0.52  0.07
    13     14   -0.59  0.17   -0.02  0.07    0.03  0.07    0.58  0.10
    14     15   -1.25  0.15    0.63  0.16    0.75  0.23    1.01  0.12


Final results in kJ/mol:

point      0 -      1,   DG  2.30 +/-  0.31
point      1 -      2,   DG  3.65 +/-  0.65
point      2 -      3,   DG  0.01 +/-  0.39
point      3 -      4,   DG -1.59 +/-  0.11
point      4 -      5,   DG -2.57 +/-  0.09
point      5 -      6,   DG -3.27 +/-  0.13
point      6 -      7,   DG -3.72 +/-  0.17
point      7 -      8,   DG -4.07 +/-  0.10
point      8 -      9,   DG -4.55 +/-  0.04
point      9 -     10,   DG -4.97 +/-  0.08
point     10 -     11,   DG -0.06 +/-  0.11
point     11 -     12,   DG -0.26 +/-  0.18
point     12 -     13,   DG -1.03 +/-  0.24
point     13 -     14,   DG -1.46 +/-  0.43
point     14 -     15,   DG -3.09 +/-  0.36

total      0 -     15,   DG -24.67 +/-  1.74

