
md10.edr: 0.0 - 20001.0; lambda = (0, 0.9)
    foreign lambdas:
        delta H to (0, 0.8) (20001 pts)
        delta H to (0, 0.9) (20001 pts)
        delta H to (0, 1) (20001 pts)



md11.edr: 0.0 - 20001.0; lambda = (0, 1)
    foreign lambdas:
        delta H to (0, 0.9) (20001 pts)
        delta H to (0, 1) (20001 pts)
        delta H to (0.2, 1) (20001 pts)



md12.edr: 0.0 - 20001.0; lambda = (0.2, 1)
    foreign lambdas:
        delta H to (0, 1) (20001 pts)
        delta H to (0.2, 1) (20001 pts)
        delta H to (0.4, 1) (20001 pts)



md13.edr: 0.0 - 20001.0; lambda = (0.4, 1)
    foreign lambdas:
        delta H to (0.2, 1) (20001 pts)
        delta H to (0.4, 1) (20001 pts)
        delta H to (0.6, 1) (20001 pts)



md14.edr: 0.0 - 20001.0; lambda = (0.6, 1)
    foreign lambdas:
        delta H to (0.4, 1) (20001 pts)
        delta H to (0.6, 1) (20001 pts)
        delta H to (0.8, 1) (20001 pts)



md15.edr: 0.0 - 20001.0; lambda = (0.8, 1)
    foreign lambdas:
        delta H to (0.6, 1) (20001 pts)
        delta H to (0.8, 1) (20001 pts)
        delta H to (1, 1) (20001 pts)



md16.edr: 0.0 - 20001.0; lambda = (1, 1)
    foreign lambdas:
        delta H to (0.8, 1) (20001 pts)
        delta H to (1, 1) (20001 pts)



md1.edr: 0.0 - 20001.0; lambda = (0, 0)
    foreign lambdas:
        delta H to (0, 0) (20001 pts)
        delta H to (0, 0.1) (20001 pts)



md2.edr: 0.0 - 20001.0; lambda = (0, 0.1)
    foreign lambdas:
        delta H to (0, 0) (20001 pts)
        delta H to (0, 0.1) (20001 pts)
        delta H to (0, 0.2) (20001 pts)



md3.edr: 0.0 - 20001.0; lambda = (0, 0.2)
    foreign lambdas:
        delta H to (0, 0.1) (20001 pts)
        delta H to (0, 0.2) (20001 pts)
        delta H to (0, 0.3) (20001 pts)



md4.edr: 0.0 - 20001.0; lambda = (0, 0.3)
    foreign lambdas:
        delta H to (0, 0.2) (20001 pts)
        delta H to (0, 0.3) (20001 pts)
        delta H to (0, 0.4) (20001 pts)



md5.edr: 0.0 - 20001.0; lambda = (0, 0.4)
    foreign lambdas:
        delta H to (0, 0.3) (20001 pts)
        delta H to (0, 0.4) (20001 pts)
        delta H to (0, 0.5) (20001 pts)



md6.edr: 0.0 - 20001.0; lambda = (0, 0.5)
    foreign lambdas:
        delta H to (0, 0.4) (20001 pts)
        delta H to (0, 0.5) (20001 pts)
        delta H to (0, 0.6) (20001 pts)



md7.edr: 0.0 - 20001.0; lambda = (0, 0.6)
    foreign lambdas:
        delta H to (0, 0.5) (20001 pts)
        delta H to (0, 0.6) (20001 pts)
        delta H to (0, 0.7) (20001 pts)



md8.edr: 0.0 - 20001.0; lambda = (0, 0.7)
    foreign lambdas:
        delta H to (0, 0.6) (20001 pts)
        delta H to (0, 0.7) (20001 pts)
        delta H to (0, 0.8) (20001 pts)



md9.edr: 0.0 - 20001.0; lambda = (0, 0.8)
    foreign lambdas:
        delta H to (0, 0.7) (20001 pts)
        delta H to (0, 0.8) (20001 pts)
        delta H to (0, 0.9) (20001 pts)



   Samples in time interval: 0.000 - 20001.000
Removing samples outside of: 0.000 - 13000.000

Temperature: 298.15 K

Detailed results in kT (see help for explanation):

 lam_A  lam_B      DG   +/-     s_A   +/-     s_B   +/-   stdev   +/- 
     0      1    1.13  0.10    0.86  0.08    0.87  0.07    1.38  0.05
     1      2    1.63  0.06    2.37  0.14    1.89  0.10    2.38  0.08
     2      3    0.14  0.07    2.50  0.16    1.36  0.08    2.01  0.07
     3      4   -0.69  0.03    1.39  0.04    0.86  0.02    1.49  0.02
     4      5   -1.05  0.02    1.10  0.01    0.71  0.01    1.32  0.01
     5      6   -1.31  0.02    0.90  0.02    0.57  0.01    1.18  0.01
     6      7   -1.53  0.01    0.81  0.01    0.53  0.01    1.11  0.01
     7      8   -1.66  0.02    0.69  0.04    0.43  0.03    1.02  0.01
     8      9   -1.79  0.02    0.63  0.03    0.40  0.03    0.95  0.01
     9     10   -1.91  0.02    0.54  0.01    0.36  0.01    0.90  0.01
    10     11   -0.06  0.01    0.01  0.02    0.01  0.02    0.33  0.02
    11     12   -0.13  0.01    0.06  0.02    0.06  0.02    0.34  0.02
    12     13   -0.34  0.03    0.15  0.02    0.18  0.03    0.46  0.03
    13     14   -0.67  0.05    0.15  0.09    0.19  0.09    0.60  0.03
    14     15   -1.38  0.12    0.52  0.14    0.62  0.16    0.97  0.09


Final results in kJ/mol:

point      0 -      1,   DG  2.81 +/-  0.24
point      1 -      2,   DG  4.03 +/-  0.16
point      2 -      3,   DG  0.34 +/-  0.18
point      3 -      4,   DG -1.71 +/-  0.08
point      4 -      5,   DG -2.61 +/-  0.04
point      5 -      6,   DG -3.26 +/-  0.04
point      6 -      7,   DG -3.79 +/-  0.03
point      7 -      8,   DG -4.10 +/-  0.04
point      8 -      9,   DG -4.43 +/-  0.05
point      9 -     10,   DG -4.72 +/-  0.06
point     10 -     11,   DG -0.15 +/-  0.02
point     11 -     12,   DG -0.31 +/-  0.03
point     12 -     13,   DG -0.85 +/-  0.06
point     13 -     14,   DG -1.66 +/-  0.13
point     14 -     15,   DG -3.43 +/-  0.29

total      0 -     15,   DG -23.84 +/-  0.43

