
md10.edr: 0.0 - 20001.0; lambda = (0, 0.9)
    foreign lambdas:
        delta H to (0, 0.8) (20001 pts)
        delta H to (0, 0.9) (20001 pts)
        delta H to (0, 1) (20001 pts)



md11.edr: 0.0 - 20001.0; lambda = (0, 1)
    foreign lambdas:
        delta H to (0, 0.9) (20001 pts)
        delta H to (0, 1) (20001 pts)
        delta H to (0.2, 1) (20001 pts)



md12.edr: 0.0 - 20001.0; lambda = (0.2, 1)
    foreign lambdas:
        delta H to (0, 1) (20001 pts)
        delta H to (0.2, 1) (20001 pts)
        delta H to (0.4, 1) (20001 pts)



md13.edr: 0.0 - 20001.0; lambda = (0.4, 1)
    foreign lambdas:
        delta H to (0.2, 1) (20001 pts)
        delta H to (0.4, 1) (20001 pts)
        delta H to (0.6, 1) (20001 pts)



md14.edr: 0.0 - 20001.0; lambda = (0.6, 1)
    foreign lambdas:
        delta H to (0.4, 1) (20001 pts)
        delta H to (0.6, 1) (20001 pts)
        delta H to (0.8, 1) (20001 pts)



md15.edr: 0.0 - 20001.0; lambda = (0.8, 1)
    foreign lambdas:
        delta H to (0.6, 1) (20001 pts)
        delta H to (0.8, 1) (20001 pts)
        delta H to (1, 1) (20001 pts)



md16.edr: 0.0 - 20001.0; lambda = (1, 1)
    foreign lambdas:
        delta H to (0.8, 1) (20001 pts)
        delta H to (1, 1) (20001 pts)



md1.edr: 0.0 - 20001.0; lambda = (0, 0)
    foreign lambdas:
        delta H to (0, 0) (20001 pts)
        delta H to (0, 0.1) (20001 pts)



md2.edr: 0.0 - 20001.0; lambda = (0, 0.1)
    foreign lambdas:
        delta H to (0, 0) (20001 pts)
        delta H to (0, 0.1) (20001 pts)
        delta H to (0, 0.2) (20001 pts)



md3.edr: 0.0 - 20001.0; lambda = (0, 0.2)
    foreign lambdas:
        delta H to (0, 0.1) (20001 pts)
        delta H to (0, 0.2) (20001 pts)
        delta H to (0, 0.3) (20001 pts)



md4.edr: 0.0 - 20001.0; lambda = (0, 0.3)
    foreign lambdas:
        delta H to (0, 0.2) (20001 pts)
        delta H to (0, 0.3) (20001 pts)
        delta H to (0, 0.4) (20001 pts)



md5.edr: 0.0 - 20001.0; lambda = (0, 0.4)
    foreign lambdas:
        delta H to (0, 0.3) (20001 pts)
        delta H to (0, 0.4) (20001 pts)
        delta H to (0, 0.5) (20001 pts)



md6.edr: 0.0 - 20001.0; lambda = (0, 0.5)
    foreign lambdas:
        delta H to (0, 0.4) (20001 pts)
        delta H to (0, 0.5) (20001 pts)
        delta H to (0, 0.6) (20001 pts)



md7.edr: 0.0 - 20001.0; lambda = (0, 0.6)
    foreign lambdas:
        delta H to (0, 0.5) (20001 pts)
        delta H to (0, 0.6) (20001 pts)
        delta H to (0, 0.7) (20001 pts)



md8.edr: 0.0 - 20001.0; lambda = (0, 0.7)
    foreign lambdas:
        delta H to (0, 0.6) (20001 pts)
        delta H to (0, 0.7) (20001 pts)
        delta H to (0, 0.8) (20001 pts)



md9.edr: 0.0 - 20001.0; lambda = (0, 0.8)
    foreign lambdas:
        delta H to (0, 0.7) (20001 pts)
        delta H to (0, 0.8) (20001 pts)
        delta H to (0, 0.9) (20001 pts)



   Samples in time interval: 0.000 - 20001.000
Removing samples outside of: 0.000 - 12000.000

Temperature: 298.15 K

Detailed results in kT (see help for explanation):

 lam_A  lam_B      DG   +/-     s_A   +/-     s_B   +/-   stdev   +/- 
     0      1    1.06  0.01    0.17  0.00    0.18  0.00    0.56  0.00
     1      2    3.10  0.02    0.64  0.01    0.75  0.01    1.20  0.01
     2      3    3.38  0.02    2.64  0.03    2.21  0.02    2.64  0.02
     3      4    1.26  0.01    2.57  0.01    1.40  0.01    2.04  0.00
     4      5    0.14  0.01    1.35  0.01    0.81  0.01    1.45  0.01
     5      6   -0.40  0.01    0.93  0.02    0.57  0.01    1.18  0.00
     6      7   -0.73  0.00    0.68  0.01    0.43  0.00    1.01  0.00
     7      8   -0.94  0.01    0.54  0.00    0.35  0.01    0.90  0.00
     8      9   -1.08  0.01    0.42  0.01    0.29  0.01    0.81  0.00
     9     10   -1.17  0.00    0.37  0.01    0.26  0.01    0.76  0.00
    10     11   -0.28  0.01    0.31  0.00    0.33  0.01    0.80  0.00
    11     12   -1.03  0.01    0.42  0.00    0.48  0.00    0.95  0.00
    12     13   -2.11  0.01    0.60  0.01    0.65  0.01    1.14  0.00
    13     14   -3.48  0.01    0.73  0.01    0.76  0.01    1.25  0.01
    14     15   -5.08  0.01    0.83  0.00    0.87  0.01    1.35  0.00


Final results in kJ/mol:

point      0 -      1,   DG  2.64 +/-  0.02
point      1 -      2,   DG  7.68 +/-  0.04
point      2 -      3,   DG  8.38 +/-  0.04
point      3 -      4,   DG  3.13 +/-  0.02
point      4 -      5,   DG  0.34 +/-  0.02
point      5 -      6,   DG -1.00 +/-  0.01
point      6 -      7,   DG -1.81 +/-  0.01
point      7 -      8,   DG -2.32 +/-  0.02
point      8 -      9,   DG -2.67 +/-  0.02
point      9 -     10,   DG -2.90 +/-  0.01
point     10 -     11,   DG -0.70 +/-  0.02
point     11 -     12,   DG -2.56 +/-  0.02
point     12 -     13,   DG -5.22 +/-  0.02
point     13 -     14,   DG -8.64 +/-  0.01
point     14 -     15,   DG -12.59 +/-  0.03

total      0 -     15,   DG -18.24 +/-  0.13

