
md10.edr: 0.0 - 20001.0; lambda = (0, 0.9)
    foreign lambdas:
        delta H to (0, 0.8) (20001 pts)
        delta H to (0, 0.9) (20001 pts)
        delta H to (0, 1) (20001 pts)



md11.edr: 0.0 - 20001.0; lambda = (0, 1)
    foreign lambdas:
        delta H to (0, 0.9) (20001 pts)
        delta H to (0, 1) (20001 pts)
        delta H to (0.2, 1) (20001 pts)



md12.edr: 0.0 - 20001.0; lambda = (0.2, 1)
    foreign lambdas:
        delta H to (0, 1) (20001 pts)
        delta H to (0.2, 1) (20001 pts)
        delta H to (0.4, 1) (20001 pts)



md13.edr: 0.0 - 20001.0; lambda = (0.4, 1)
    foreign lambdas:
        delta H to (0.2, 1) (20001 pts)
        delta H to (0.4, 1) (20001 pts)
        delta H to (0.6, 1) (20001 pts)



md14.edr: 0.0 - 20001.0; lambda = (0.6, 1)
    foreign lambdas:
        delta H to (0.4, 1) (20001 pts)
        delta H to (0.6, 1) (20001 pts)
        delta H to (0.8, 1) (20001 pts)



md15.edr: 0.0 - 20001.0; lambda = (0.8, 1)
    foreign lambdas:
        delta H to (0.6, 1) (20001 pts)
        delta H to (0.8, 1) (20001 pts)
        delta H to (1, 1) (20001 pts)



md16.edr: 0.0 - 20001.0; lambda = (1, 1)
    foreign lambdas:
        delta H to (0.8, 1) (20001 pts)
        delta H to (1, 1) (20001 pts)



md1.edr: 0.0 - 20001.0; lambda = (0, 0)
    foreign lambdas:
        delta H to (0, 0) (20001 pts)
        delta H to (0, 0.1) (20001 pts)



md2.edr: 0.0 - 20001.0; lambda = (0, 0.1)
    foreign lambdas:
        delta H to (0, 0) (20001 pts)
        delta H to (0, 0.1) (20001 pts)
        delta H to (0, 0.2) (20001 pts)



md3.edr: 0.0 - 20001.0; lambda = (0, 0.2)
    foreign lambdas:
        delta H to (0, 0.1) (20001 pts)
        delta H to (0, 0.2) (20001 pts)
        delta H to (0, 0.3) (20001 pts)



md4.edr: 0.0 - 20001.0; lambda = (0, 0.3)
    foreign lambdas:
        delta H to (0, 0.2) (20001 pts)
        delta H to (0, 0.3) (20001 pts)
        delta H to (0, 0.4) (20001 pts)



md5.edr: 0.0 - 20001.0; lambda = (0, 0.4)
    foreign lambdas:
        delta H to (0, 0.3) (20001 pts)
        delta H to (0, 0.4) (20001 pts)
        delta H to (0, 0.5) (20001 pts)



md6.edr: 0.0 - 20001.0; lambda = (0, 0.5)
    foreign lambdas:
        delta H to (0, 0.4) (20001 pts)
        delta H to (0, 0.5) (20001 pts)
        delta H to (0, 0.6) (20001 pts)



md7.edr: 0.0 - 20001.0; lambda = (0, 0.6)
    foreign lambdas:
        delta H to (0, 0.5) (20001 pts)
        delta H to (0, 0.6) (20001 pts)
        delta H to (0, 0.7) (20001 pts)



md8.edr: 0.0 - 20001.0; lambda = (0, 0.7)
    foreign lambdas:
        delta H to (0, 0.6) (20001 pts)
        delta H to (0, 0.7) (20001 pts)
        delta H to (0, 0.8) (20001 pts)



md9.edr: 0.0 - 20001.0; lambda = (0, 0.8)
    foreign lambdas:
        delta H to (0, 0.7) (20001 pts)
        delta H to (0, 0.8) (20001 pts)
        delta H to (0, 0.9) (20001 pts)



   Samples in time interval: 0.000 - 20001.000
Removing samples outside of: 0.000 - 9000.000

Temperature: 298.15 K

Detailed results in kT (see help for explanation):

 lam_A  lam_B      DG   +/-     s_A   +/-     s_B   +/-   stdev   +/- 
     0      1    1.06  0.01    0.17  0.00    0.18  0.00    0.56  0.00
     1      2    3.09  0.02    0.64  0.01    0.75  0.02    1.20  0.01
     2      3    3.38  0.02    2.63  0.04    2.21  0.03    2.64  0.03
     3      4    1.26  0.01    2.57  0.04    1.40  0.01    2.04  0.01
     4      5    0.13  0.00    1.35  0.02    0.80  0.01    1.44  0.01
     5      6   -0.40  0.01    0.93  0.02    0.57  0.01    1.18  0.01
     6      7   -0.73  0.01    0.68  0.01    0.43  0.01    1.00  0.01
     7      8   -0.94  0.01    0.53  0.01    0.35  0.01    0.90  0.01
     8      9   -1.08  0.01    0.43  0.00    0.29  0.00    0.81  0.01
     9     10   -1.17  0.00    0.37  0.01    0.26  0.00    0.76  0.01
    10     11   -0.28  0.01    0.31  0.00    0.33  0.00    0.80  0.00
    11     12   -1.03  0.01    0.42  0.01    0.48  0.01    0.95  0.01
    12     13   -2.10  0.01    0.59  0.01    0.65  0.01    1.14  0.01
    13     14   -3.49  0.01    0.74  0.01    0.78  0.01    1.26  0.00
    14     15   -5.09  0.01    0.83  0.01    0.86  0.01    1.35  0.01


Final results in kJ/mol:

point      0 -      1,   DG  2.63 +/-  0.02
point      1 -      2,   DG  7.65 +/-  0.05
point      2 -      3,   DG  8.37 +/-  0.06
point      3 -      4,   DG  3.12 +/-  0.04
point      4 -      5,   DG  0.33 +/-  0.01
point      5 -      6,   DG -1.00 +/-  0.02
point      6 -      7,   DG -1.82 +/-  0.02
point      7 -      8,   DG -2.32 +/-  0.02
point      8 -      9,   DG -2.67 +/-  0.02
point      9 -     10,   DG -2.91 +/-  0.01
point     10 -     11,   DG -0.69 +/-  0.02
point     11 -     12,   DG -2.56 +/-  0.02
point     12 -     13,   DG -5.21 +/-  0.04
point     13 -     14,   DG -8.64 +/-  0.03
point     14 -     15,   DG -12.62 +/-  0.03

total      0 -     15,   DG -18.34 +/-  0.19

