
md10.edr: 0.0 - 20001.0; lambda = (0, 0.9)
    foreign lambdas:
        delta H to (0, 0.8) (20001 pts)
        delta H to (0, 0.9) (20001 pts)
        delta H to (0, 1) (20001 pts)



md11.edr: 0.0 - 20001.0; lambda = (0, 1)
    foreign lambdas:
        delta H to (0, 0.9) (20001 pts)
        delta H to (0, 1) (20001 pts)
        delta H to (0.2, 1) (20001 pts)



md12.edr: 0.0 - 20001.0; lambda = (0.2, 1)
    foreign lambdas:
        delta H to (0, 1) (20001 pts)
        delta H to (0.2, 1) (20001 pts)
        delta H to (0.4, 1) (20001 pts)



md13.edr: 0.0 - 20001.0; lambda = (0.4, 1)
    foreign lambdas:
        delta H to (0.2, 1) (20001 pts)
        delta H to (0.4, 1) (20001 pts)
        delta H to (0.6, 1) (20001 pts)



md14.edr: 0.0 - 20001.0; lambda = (0.6, 1)
    foreign lambdas:
        delta H to (0.4, 1) (20001 pts)
        delta H to (0.6, 1) (20001 pts)
        delta H to (0.8, 1) (20001 pts)



md15.edr: 0.0 - 20001.0; lambda = (0.8, 1)
    foreign lambdas:
        delta H to (0.6, 1) (20001 pts)
        delta H to (0.8, 1) (20001 pts)
        delta H to (1, 1) (20001 pts)



md16.edr: 0.0 - 20001.0; lambda = (1, 1)
    foreign lambdas:
        delta H to (0.8, 1) (20001 pts)
        delta H to (1, 1) (20001 pts)



md1.edr: 0.0 - 20001.0; lambda = (0, 0)
    foreign lambdas:
        delta H to (0, 0) (20001 pts)
        delta H to (0, 0.1) (20001 pts)



md2.edr: 0.0 - 20001.0; lambda = (0, 0.1)
    foreign lambdas:
        delta H to (0, 0) (20001 pts)
        delta H to (0, 0.1) (20001 pts)
        delta H to (0, 0.2) (20001 pts)



md3.edr: 0.0 - 20001.0; lambda = (0, 0.2)
    foreign lambdas:
        delta H to (0, 0.1) (20001 pts)
        delta H to (0, 0.2) (20001 pts)
        delta H to (0, 0.3) (20001 pts)



md4.edr: 0.0 - 20001.0; lambda = (0, 0.3)
    foreign lambdas:
        delta H to (0, 0.2) (20001 pts)
        delta H to (0, 0.3) (20001 pts)
        delta H to (0, 0.4) (20001 pts)



md5.edr: 0.0 - 20001.0; lambda = (0, 0.4)
    foreign lambdas:
        delta H to (0, 0.3) (20001 pts)
        delta H to (0, 0.4) (20001 pts)
        delta H to (0, 0.5) (20001 pts)



md6.edr: 0.0 - 20001.0; lambda = (0, 0.5)
    foreign lambdas:
        delta H to (0, 0.4) (20001 pts)
        delta H to (0, 0.5) (20001 pts)
        delta H to (0, 0.6) (20001 pts)



md7.edr: 0.0 - 20001.0; lambda = (0, 0.6)
    foreign lambdas:
        delta H to (0, 0.5) (20001 pts)
        delta H to (0, 0.6) (20001 pts)
        delta H to (0, 0.7) (20001 pts)



md8.edr: 0.0 - 20001.0; lambda = (0, 0.7)
    foreign lambdas:
        delta H to (0, 0.6) (20001 pts)
        delta H to (0, 0.7) (20001 pts)
        delta H to (0, 0.8) (20001 pts)



md9.edr: 0.0 - 20001.0; lambda = (0, 0.8)
    foreign lambdas:
        delta H to (0, 0.7) (20001 pts)
        delta H to (0, 0.8) (20001 pts)
        delta H to (0, 0.9) (20001 pts)



   Samples in time interval: 0.000 - 20001.000
Removing samples outside of: 0.000 - 2000.000

Temperature: 298.15 K

Detailed results in kT (see help for explanation):

 lam_A  lam_B      DG   +/-     s_A   +/-     s_B   +/-   stdev   +/- 
     0      1    1.32  0.18    0.62  0.14    0.63  0.14    1.28  0.07
     1      2    1.96  0.26    2.95  0.13    2.35  0.20    2.77  0.17
     2      3    0.07  0.09    2.37  0.11    1.40  0.06    1.99  0.06
     3      4   -0.78  0.02    1.30  0.11    0.80  0.09    1.45  0.05
     4      5   -1.03  0.07    1.03  0.06    0.64  0.04    1.28  0.04
     5      6   -1.29  0.02    0.96  0.07    0.63  0.04    1.20  0.02
     6      7   -1.50  0.04    0.75  0.03    0.49  0.02    1.09  0.02
     7      8   -1.66  0.02    0.75  0.04    0.48  0.03    1.06  0.02
     8      9   -1.78  0.03    0.63  0.04    0.37  0.03    0.97  0.01
     9     10   -1.92  0.03    0.58  0.05    0.39  0.03    0.90  0.03
    10     11   -0.14  0.02    0.01  0.01    0.01  0.01    0.34  0.03
    11     12   -0.19  0.02    0.04  0.03    0.04  0.03    0.38  0.05
    12     13   -0.50  0.07    0.26  0.08    0.29  0.09    0.54  0.05
    13     14   -0.89  0.11    0.10  0.07    0.13  0.07    0.63  0.04
    14     15   -1.20  0.06    0.19  0.12    0.24  0.12    0.81  0.03


Final results in kJ/mol:

point      0 -      1,   DG  3.28 +/-  0.45
point      1 -      2,   DG  4.85 +/-  0.64
point      2 -      3,   DG  0.16 +/-  0.22
point      3 -      4,   DG -1.93 +/-  0.06
point      4 -      5,   DG -2.55 +/-  0.16
point      5 -      6,   DG -3.19 +/-  0.05
point      6 -      7,   DG -3.73 +/-  0.09
point      7 -      8,   DG -4.11 +/-  0.04
point      8 -      9,   DG -4.41 +/-  0.07
point      9 -     10,   DG -4.75 +/-  0.08
point     10 -     11,   DG -0.35 +/-  0.06
point     11 -     12,   DG -0.48 +/-  0.04
point     12 -     13,   DG -1.24 +/-  0.18
point     13 -     14,   DG -2.20 +/-  0.28
point     14 -     15,   DG -2.98 +/-  0.14

total      0 -     15,   DG -23.63 +/-  1.36

