
md10.edr: 0.0 - 20001.0; lambda = (0, 0.9)
    foreign lambdas:
        delta H to (0, 0.8) (20001 pts)
        delta H to (0, 0.9) (20001 pts)
        delta H to (0, 1) (20001 pts)



md11.edr: 0.0 - 20001.0; lambda = (0, 1)
    foreign lambdas:
        delta H to (0, 0.9) (20001 pts)
        delta H to (0, 1) (20001 pts)
        delta H to (0.2, 1) (20001 pts)



md12.edr: 0.0 - 20001.0; lambda = (0.2, 1)
    foreign lambdas:
        delta H to (0, 1) (20001 pts)
        delta H to (0.2, 1) (20001 pts)
        delta H to (0.4, 1) (20001 pts)



md13.edr: 0.0 - 20001.0; lambda = (0.4, 1)
    foreign lambdas:
        delta H to (0.2, 1) (20001 pts)
        delta H to (0.4, 1) (20001 pts)
        delta H to (0.6, 1) (20001 pts)



md14.edr: 0.0 - 20001.0; lambda = (0.6, 1)
    foreign lambdas:
        delta H to (0.4, 1) (20001 pts)
        delta H to (0.6, 1) (20001 pts)
        delta H to (0.8, 1) (20001 pts)



md15.edr: 0.0 - 20001.0; lambda = (0.8, 1)
    foreign lambdas:
        delta H to (0.6, 1) (20001 pts)
        delta H to (0.8, 1) (20001 pts)
        delta H to (1, 1) (20001 pts)



md16.edr: 0.0 - 20001.0; lambda = (1, 1)
    foreign lambdas:
        delta H to (0.8, 1) (20001 pts)
        delta H to (1, 1) (20001 pts)



md1.edr: 0.0 - 20001.0; lambda = (0, 0)
    foreign lambdas:
        delta H to (0, 0) (20001 pts)
        delta H to (0, 0.1) (20001 pts)



md2.edr: 0.0 - 20001.0; lambda = (0, 0.1)
    foreign lambdas:
        delta H to (0, 0) (20001 pts)
        delta H to (0, 0.1) (20001 pts)
        delta H to (0, 0.2) (20001 pts)



md3.edr: 0.0 - 20001.0; lambda = (0, 0.2)
    foreign lambdas:
        delta H to (0, 0.1) (20001 pts)
        delta H to (0, 0.2) (20001 pts)
        delta H to (0, 0.3) (20001 pts)



md4.edr: 0.0 - 20001.0; lambda = (0, 0.3)
    foreign lambdas:
        delta H to (0, 0.2) (20001 pts)
        delta H to (0, 0.3) (20001 pts)
        delta H to (0, 0.4) (20001 pts)



md5.edr: 0.0 - 20001.0; lambda = (0, 0.4)
    foreign lambdas:
        delta H to (0, 0.3) (20001 pts)
        delta H to (0, 0.4) (20001 pts)
        delta H to (0, 0.5) (20001 pts)



md6.edr: 0.0 - 20001.0; lambda = (0, 0.5)
    foreign lambdas:
        delta H to (0, 0.4) (20001 pts)
        delta H to (0, 0.5) (20001 pts)
        delta H to (0, 0.6) (20001 pts)



md7.edr: 0.0 - 20001.0; lambda = (0, 0.6)
    foreign lambdas:
        delta H to (0, 0.5) (20001 pts)
        delta H to (0, 0.6) (20001 pts)
        delta H to (0, 0.7) (20001 pts)



md8.edr: 0.0 - 20001.0; lambda = (0, 0.7)
    foreign lambdas:
        delta H to (0, 0.6) (20001 pts)
        delta H to (0, 0.7) (20001 pts)
        delta H to (0, 0.8) (20001 pts)



md9.edr: 0.0 - 20001.0; lambda = (0, 0.8)
    foreign lambdas:
        delta H to (0, 0.7) (20001 pts)
        delta H to (0, 0.8) (20001 pts)
        delta H to (0, 0.9) (20001 pts)



   Samples in time interval: 0.000 - 20001.000
Removing samples outside of: 0.000 - 3000.000

Temperature: 298.15 K

Detailed results in kT (see help for explanation):

 lam_A  lam_B      DG   +/-     s_A   +/-     s_B   +/-   stdev   +/- 
     0      1    1.25  0.06    0.50  0.14    0.53  0.13    1.24  0.06
     1      2    2.11  0.20    2.88  0.13    2.31  0.16    2.71  0.13
     2      3    0.22  0.14    2.61  0.18    1.49  0.11    2.09  0.10
     3      4   -0.67  0.07    1.35  0.06    0.83  0.04    1.49  0.03
     4      5   -0.94  0.07    1.14  0.08    0.70  0.05    1.35  0.05
     5      6   -1.25  0.04    1.01  0.06    0.65  0.04    1.23  0.03
     6      7   -1.52  0.05    0.79  0.04    0.50  0.03    1.11  0.03
     7      8   -1.68  0.02    0.74  0.04    0.47  0.03    1.05  0.02
     8      9   -1.80  0.02    0.62  0.03    0.38  0.02    0.96  0.01
     9     10   -1.93  0.02    0.56  0.02    0.37  0.02    0.90  0.01
    10     11   -0.13  0.02    0.03  0.02    0.03  0.02    0.32  0.03
    11     12   -0.19  0.01    0.03  0.03    0.04  0.03    0.36  0.04
    12     13   -0.44  0.06    0.21  0.06    0.24  0.07    0.50  0.05
    13     14   -0.77  0.10    0.08  0.05    0.12  0.05    0.58  0.04
    14     15   -1.24  0.02    0.36  0.10    0.42  0.11    0.87  0.04


Final results in kJ/mol:

point      0 -      1,   DG  3.10 +/-  0.15
point      1 -      2,   DG  5.24 +/-  0.51
point      2 -      3,   DG  0.54 +/-  0.34
point      3 -      4,   DG -1.67 +/-  0.16
point      4 -      5,   DG -2.34 +/-  0.17
point      5 -      6,   DG -3.09 +/-  0.09
point      6 -      7,   DG -3.76 +/-  0.12
point      7 -      8,   DG -4.16 +/-  0.05
point      8 -      9,   DG -4.47 +/-  0.05
point      9 -     10,   DG -4.80 +/-  0.05
point     10 -     11,   DG -0.33 +/-  0.04
point     11 -     12,   DG -0.48 +/-  0.03
point     12 -     13,   DG -1.10 +/-  0.15
point     13 -     14,   DG -1.90 +/-  0.24
point     14 -     15,   DG -3.08 +/-  0.05

total      0 -     15,   DG -22.29 +/-  1.39

