
md10.edr: 0.0 - 20001.0; lambda = (0, 0.9)
    foreign lambdas:
        delta H to (0, 0.8) (20001 pts)
        delta H to (0, 0.9) (20001 pts)
        delta H to (0, 1) (20001 pts)



md11.edr: 0.0 - 20001.0; lambda = (0, 1)
    foreign lambdas:
        delta H to (0, 0.9) (20001 pts)
        delta H to (0, 1) (20001 pts)
        delta H to (0.2, 1) (20001 pts)



md12.edr: 0.0 - 20001.0; lambda = (0.2, 1)
    foreign lambdas:
        delta H to (0, 1) (20001 pts)
        delta H to (0.2, 1) (20001 pts)
        delta H to (0.4, 1) (20001 pts)



md13.edr: 0.0 - 20001.0; lambda = (0.4, 1)
    foreign lambdas:
        delta H to (0.2, 1) (20001 pts)
        delta H to (0.4, 1) (20001 pts)
        delta H to (0.6, 1) (20001 pts)



md14.edr: 0.0 - 20001.0; lambda = (0.6, 1)
    foreign lambdas:
        delta H to (0.4, 1) (20001 pts)
        delta H to (0.6, 1) (20001 pts)
        delta H to (0.8, 1) (20001 pts)



md15.edr: 0.0 - 20001.0; lambda = (0.8, 1)
    foreign lambdas:
        delta H to (0.6, 1) (20001 pts)
        delta H to (0.8, 1) (20001 pts)
        delta H to (1, 1) (20001 pts)



md16.edr: 0.0 - 20001.0; lambda = (1, 1)
    foreign lambdas:
        delta H to (0.8, 1) (20001 pts)
        delta H to (1, 1) (20001 pts)



md1.edr: 0.0 - 20001.0; lambda = (0, 0)
    foreign lambdas:
        delta H to (0, 0) (20001 pts)
        delta H to (0, 0.1) (20001 pts)



md2.edr: 0.0 - 20001.0; lambda = (0, 0.1)
    foreign lambdas:
        delta H to (0, 0) (20001 pts)
        delta H to (0, 0.1) (20001 pts)
        delta H to (0, 0.2) (20001 pts)



md3.edr: 0.0 - 20001.0; lambda = (0, 0.2)
    foreign lambdas:
        delta H to (0, 0.1) (20001 pts)
        delta H to (0, 0.2) (20001 pts)
        delta H to (0, 0.3) (20001 pts)



md4.edr: 0.0 - 20001.0; lambda = (0, 0.3)
    foreign lambdas:
        delta H to (0, 0.2) (20001 pts)
        delta H to (0, 0.3) (20001 pts)
        delta H to (0, 0.4) (20001 pts)



md5.edr: 0.0 - 20001.0; lambda = (0, 0.4)
    foreign lambdas:
        delta H to (0, 0.3) (20001 pts)
        delta H to (0, 0.4) (20001 pts)
        delta H to (0, 0.5) (20001 pts)



md6.edr: 0.0 - 20001.0; lambda = (0, 0.5)
    foreign lambdas:
        delta H to (0, 0.4) (20001 pts)
        delta H to (0, 0.5) (20001 pts)
        delta H to (0, 0.6) (20001 pts)



md7.edr: 0.0 - 20001.0; lambda = (0, 0.6)
    foreign lambdas:
        delta H to (0, 0.5) (20001 pts)
        delta H to (0, 0.6) (20001 pts)
        delta H to (0, 0.7) (20001 pts)



md8.edr: 0.0 - 20001.0; lambda = (0, 0.7)
    foreign lambdas:
        delta H to (0, 0.6) (20001 pts)
        delta H to (0, 0.7) (20001 pts)
        delta H to (0, 0.8) (20001 pts)



md9.edr: 0.0 - 20001.0; lambda = (0, 0.8)
    foreign lambdas:
        delta H to (0, 0.7) (20001 pts)
        delta H to (0, 0.8) (20001 pts)
        delta H to (0, 0.9) (20001 pts)



   Samples in time interval: 0.000 - 20001.000
Removing samples outside of: 0.000 - 4000.000

Temperature: 298.15 K

Detailed results in kT (see help for explanation):

 lam_A  lam_B      DG   +/-     s_A   +/-     s_B   +/-   stdev   +/- 
     0      1    1.20  0.08    0.50  0.12    0.52  0.12    1.21  0.06
     1      2    2.05  0.20    2.84  0.11    2.27  0.16    2.68  0.12
     2      3    0.20  0.11    2.54  0.13    1.45  0.08    2.06  0.08
     3      4   -0.65  0.07    1.35  0.08    0.83  0.05    1.49  0.04
     4      5   -0.93  0.08    1.17  0.07    0.71  0.04    1.37  0.04
     5      6   -1.24  0.03    1.05  0.07    0.67  0.05    1.24  0.03
     6      7   -1.51  0.04    0.77  0.04    0.48  0.03    1.10  0.02
     7      8   -1.66  0.03    0.75  0.04    0.48  0.03    1.05  0.02
     8      9   -1.82  0.02    0.63  0.03    0.39  0.02    0.96  0.01
     9     10   -1.94  0.01    0.55  0.03    0.36  0.02    0.89  0.01
    10     11   -0.12  0.02    0.02  0.01    0.02  0.01    0.31  0.03
    11     12   -0.21  0.01    0.06  0.02    0.06  0.02    0.36  0.03
    12     13   -0.42  0.05    0.15  0.07    0.17  0.08    0.46  0.05
    13     14   -0.69  0.09    0.10  0.06    0.13  0.06    0.55  0.05
    14     15   -1.30  0.06    0.48  0.13    0.55  0.14    0.91  0.04


Final results in kJ/mol:

point      0 -      1,   DG  2.97 +/-  0.19
point      1 -      2,   DG  5.07 +/-  0.49
point      2 -      3,   DG  0.50 +/-  0.27
point      3 -      4,   DG -1.61 +/-  0.16
point      4 -      5,   DG -2.29 +/-  0.19
point      5 -      6,   DG -3.08 +/-  0.08
point      6 -      7,   DG -3.75 +/-  0.11
point      7 -      8,   DG -4.12 +/-  0.06
point      8 -      9,   DG -4.50 +/-  0.04
point      9 -     10,   DG -4.81 +/-  0.03
point     10 -     11,   DG -0.31 +/-  0.04
point     11 -     12,   DG -0.51 +/-  0.02
point     12 -     13,   DG -1.04 +/-  0.12
point     13 -     14,   DG -1.71 +/-  0.23
point     14 -     15,   DG -3.23 +/-  0.14

total      0 -     15,   DG -22.43 +/-  1.16

