
md10.edr: 0.0 - 20001.0; lambda = (0, 0.9)
    foreign lambdas:
        delta H to (0, 0.8) (20001 pts)
        delta H to (0, 0.9) (20001 pts)
        delta H to (0, 1) (20001 pts)



md11.edr: 0.0 - 20001.0; lambda = (0, 1)
    foreign lambdas:
        delta H to (0, 0.9) (20001 pts)
        delta H to (0, 1) (20001 pts)
        delta H to (0.2, 1) (20001 pts)



md12.edr: 0.0 - 20001.0; lambda = (0.2, 1)
    foreign lambdas:
        delta H to (0, 1) (20001 pts)
        delta H to (0.2, 1) (20001 pts)
        delta H to (0.4, 1) (20001 pts)



md13.edr: 0.0 - 20001.0; lambda = (0.4, 1)
    foreign lambdas:
        delta H to (0.2, 1) (20001 pts)
        delta H to (0.4, 1) (20001 pts)
        delta H to (0.6, 1) (20001 pts)



md14.edr: 0.0 - 20001.0; lambda = (0.6, 1)
    foreign lambdas:
        delta H to (0.4, 1) (20001 pts)
        delta H to (0.6, 1) (20001 pts)
        delta H to (0.8, 1) (20001 pts)



md15.edr: 0.0 - 20001.0; lambda = (0.8, 1)
    foreign lambdas:
        delta H to (0.6, 1) (20001 pts)
        delta H to (0.8, 1) (20001 pts)
        delta H to (1, 1) (20001 pts)



md16.edr: 0.0 - 20001.0; lambda = (1, 1)
    foreign lambdas:
        delta H to (0.8, 1) (20001 pts)
        delta H to (1, 1) (20001 pts)



md1.edr: 0.0 - 20001.0; lambda = (0, 0)
    foreign lambdas:
        delta H to (0, 0) (20001 pts)
        delta H to (0, 0.1) (20001 pts)



md2.edr: 0.0 - 20001.0; lambda = (0, 0.1)
    foreign lambdas:
        delta H to (0, 0) (20001 pts)
        delta H to (0, 0.1) (20001 pts)
        delta H to (0, 0.2) (20001 pts)



md3.edr: 0.0 - 20001.0; lambda = (0, 0.2)
    foreign lambdas:
        delta H to (0, 0.1) (20001 pts)
        delta H to (0, 0.2) (20001 pts)
        delta H to (0, 0.3) (20001 pts)



md4.edr: 0.0 - 20001.0; lambda = (0, 0.3)
    foreign lambdas:
        delta H to (0, 0.2) (20001 pts)
        delta H to (0, 0.3) (20001 pts)
        delta H to (0, 0.4) (20001 pts)



md5.edr: 0.0 - 20001.0; lambda = (0, 0.4)
    foreign lambdas:
        delta H to (0, 0.3) (20001 pts)
        delta H to (0, 0.4) (20001 pts)
        delta H to (0, 0.5) (20001 pts)



md6.edr: 0.0 - 20001.0; lambda = (0, 0.5)
    foreign lambdas:
        delta H to (0, 0.4) (20001 pts)
        delta H to (0, 0.5) (20001 pts)
        delta H to (0, 0.6) (20001 pts)



md7.edr: 0.0 - 20001.0; lambda = (0, 0.6)
    foreign lambdas:
        delta H to (0, 0.5) (20001 pts)
        delta H to (0, 0.6) (20001 pts)
        delta H to (0, 0.7) (20001 pts)



md8.edr: 0.0 - 20001.0; lambda = (0, 0.7)
    foreign lambdas:
        delta H to (0, 0.6) (20001 pts)
        delta H to (0, 0.7) (20001 pts)
        delta H to (0, 0.8) (20001 pts)



md9.edr: 0.0 - 20001.0; lambda = (0, 0.8)
    foreign lambdas:
        delta H to (0, 0.7) (20001 pts)
        delta H to (0, 0.8) (20001 pts)
        delta H to (0, 0.9) (20001 pts)



   Samples in time interval: 0.000 - 20001.000
Removing samples outside of: 0.000 - 7000.000

Temperature: 298.15 K

Detailed results in kT (see help for explanation):

 lam_A  lam_B      DG   +/-     s_A   +/-     s_B   +/-   stdev   +/- 
     0      1    1.06  0.10    0.56  0.07    0.59  0.06    1.25  0.03
     1      2    1.79  0.19    2.68  0.12    2.06  0.11    2.53  0.10
     2      3    0.16  0.08    2.46  0.11    1.42  0.07    2.02  0.06
     3      4   -0.67  0.05    1.32  0.06    0.81  0.04    1.48  0.03
     4      5   -0.98  0.03    1.18  0.03    0.74  0.03    1.37  0.02
     5      6   -1.28  0.03    0.99  0.04    0.63  0.03    1.21  0.02
     6      7   -1.52  0.02    0.77  0.02    0.50  0.01    1.10  0.01
     7      8   -1.66  0.01    0.75  0.01    0.48  0.01    1.05  0.01
     8      9   -1.81  0.02    0.62  0.01    0.38  0.01    0.96  0.00
     9     10   -1.90  0.02    0.54  0.01    0.35  0.01    0.90  0.00
    10     11   -0.11  0.02    0.02  0.01    0.02  0.01    0.33  0.01
    11     12   -0.21  0.01    0.08  0.04    0.08  0.04    0.39  0.02
    12     13   -0.40  0.03    0.10  0.05    0.12  0.06    0.44  0.04
    13     14   -0.70  0.08    0.18  0.07    0.23  0.08    0.60  0.06
    14     15   -1.41  0.08    0.48  0.14    0.55  0.14    0.96  0.05


Final results in kJ/mol:

point      0 -      1,   DG  2.62 +/-  0.25
point      1 -      2,   DG  4.43 +/-  0.46
point      2 -      3,   DG  0.40 +/-  0.21
point      3 -      4,   DG -1.67 +/-  0.12
point      4 -      5,   DG -2.43 +/-  0.08
point      5 -      6,   DG -3.17 +/-  0.08
point      6 -      7,   DG -3.76 +/-  0.05
point      7 -      8,   DG -4.12 +/-  0.03
point      8 -      9,   DG -4.48 +/-  0.04
point      9 -     10,   DG -4.72 +/-  0.05
point     10 -     11,   DG -0.28 +/-  0.04
point     11 -     12,   DG -0.53 +/-  0.02
point     12 -     13,   DG -0.99 +/-  0.08
point     13 -     14,   DG -1.74 +/-  0.21
point     14 -     15,   DG -3.50 +/-  0.19

total      0 -     15,   DG -23.94 +/-  1.04

