
md10.edr: 0.0 - 20001.0; lambda = (0, 0.9)
    foreign lambdas:
        delta H to (0, 0.8) (20001 pts)
        delta H to (0, 0.9) (20001 pts)
        delta H to (0, 1) (20001 pts)



md11.edr: 0.0 - 20001.0; lambda = (0, 1)
    foreign lambdas:
        delta H to (0, 0.9) (20001 pts)
        delta H to (0, 1) (20001 pts)
        delta H to (0.2, 1) (20001 pts)



md12.edr: 0.0 - 20001.0; lambda = (0.2, 1)
    foreign lambdas:
        delta H to (0, 1) (20001 pts)
        delta H to (0.2, 1) (20001 pts)
        delta H to (0.4, 1) (20001 pts)



md13.edr: 0.0 - 20001.0; lambda = (0.4, 1)
    foreign lambdas:
        delta H to (0.2, 1) (20001 pts)
        delta H to (0.4, 1) (20001 pts)
        delta H to (0.6, 1) (20001 pts)



md14.edr: 0.0 - 20001.0; lambda = (0.6, 1)
    foreign lambdas:
        delta H to (0.4, 1) (20001 pts)
        delta H to (0.6, 1) (20001 pts)
        delta H to (0.8, 1) (20001 pts)



md15.edr: 0.0 - 20001.0; lambda = (0.8, 1)
    foreign lambdas:
        delta H to (0.6, 1) (20001 pts)
        delta H to (0.8, 1) (20001 pts)
        delta H to (1, 1) (20001 pts)



md16.edr: 0.0 - 20001.0; lambda = (1, 1)
    foreign lambdas:
        delta H to (0.8, 1) (20001 pts)
        delta H to (1, 1) (20001 pts)



md1.edr: 0.0 - 20001.0; lambda = (0, 0)
    foreign lambdas:
        delta H to (0, 0) (20001 pts)
        delta H to (0, 0.1) (20001 pts)



md2.edr: 0.0 - 20001.0; lambda = (0, 0.1)
    foreign lambdas:
        delta H to (0, 0) (20001 pts)
        delta H to (0, 0.1) (20001 pts)
        delta H to (0, 0.2) (20001 pts)



md3.edr: 0.0 - 20001.0; lambda = (0, 0.2)
    foreign lambdas:
        delta H to (0, 0.1) (20001 pts)
        delta H to (0, 0.2) (20001 pts)
        delta H to (0, 0.3) (20001 pts)



md4.edr: 0.0 - 20001.0; lambda = (0, 0.3)
    foreign lambdas:
        delta H to (0, 0.2) (20001 pts)
        delta H to (0, 0.3) (20001 pts)
        delta H to (0, 0.4) (20001 pts)



md5.edr: 0.0 - 20001.0; lambda = (0, 0.4)
    foreign lambdas:
        delta H to (0, 0.3) (20001 pts)
        delta H to (0, 0.4) (20001 pts)
        delta H to (0, 0.5) (20001 pts)



md6.edr: 0.0 - 20001.0; lambda = (0, 0.5)
    foreign lambdas:
        delta H to (0, 0.4) (20001 pts)
        delta H to (0, 0.5) (20001 pts)
        delta H to (0, 0.6) (20001 pts)



md7.edr: 0.0 - 20001.0; lambda = (0, 0.6)
    foreign lambdas:
        delta H to (0, 0.5) (20001 pts)
        delta H to (0, 0.6) (20001 pts)
        delta H to (0, 0.7) (20001 pts)



md8.edr: 0.0 - 20001.0; lambda = (0, 0.7)
    foreign lambdas:
        delta H to (0, 0.6) (20001 pts)
        delta H to (0, 0.7) (20001 pts)
        delta H to (0, 0.8) (20001 pts)



md9.edr: 0.0 - 20001.0; lambda = (0, 0.8)
    foreign lambdas:
        delta H to (0, 0.7) (20001 pts)
        delta H to (0, 0.8) (20001 pts)
        delta H to (0, 0.9) (20001 pts)



   Samples in time interval: 0.000 - 20001.000
Removing samples outside of: 0.000 - 18000.000

Temperature: 298.15 K

Detailed results in kT (see help for explanation):

 lam_A  lam_B      DG   +/-     s_A   +/-     s_B   +/-   stdev   +/- 
     0      1    1.08  0.07    0.69  0.08    0.74  0.09    1.31  0.04
     1      2    1.61  0.15    2.56  0.13    1.93  0.13    2.45  0.10
     2      3    0.15  0.03    2.39  0.05    1.36  0.04    2.00  0.02
     3      4   -0.68  0.02    1.39  0.04    0.85  0.02    1.49  0.01
     4      5   -1.02  0.03    1.11  0.04    0.71  0.02    1.32  0.02
     5      6   -1.30  0.01    0.95  0.02    0.62  0.01    1.20  0.01
     6      7   -1.54  0.01    0.77  0.01    0.50  0.01    1.09  0.01
     7      8   -1.68  0.01    0.75  0.01    0.47  0.01    1.05  0.00
     8      9   -1.83  0.01    0.60  0.01    0.37  0.01    0.96  0.00
     9     10   -1.91  0.01    0.56  0.01    0.36  0.01    0.91  0.00
    10     11   -0.09  0.01    0.04  0.01    0.04  0.01    0.33  0.01
    11     12   -0.19  0.02    0.06  0.01    0.06  0.01    0.36  0.01
    12     13   -0.39  0.01    0.14  0.03    0.16  0.03    0.45  0.02
    13     14   -0.77  0.04    0.21  0.07    0.28  0.07    0.67  0.04
    14     15   -1.32  0.09    0.28  0.13    0.36  0.12    0.93  0.03


Final results in kJ/mol:

point      0 -      1,   DG  2.68 +/-  0.18
point      1 -      2,   DG  3.99 +/-  0.37
point      2 -      3,   DG  0.38 +/-  0.08
point      3 -      4,   DG -1.68 +/-  0.04
point      4 -      5,   DG -2.54 +/-  0.08
point      5 -      6,   DG -3.23 +/-  0.04
point      6 -      7,   DG -3.81 +/-  0.02
point      7 -      8,   DG -4.18 +/-  0.03
point      8 -      9,   DG -4.52 +/-  0.02
point      9 -     10,   DG -4.73 +/-  0.04
point     10 -     11,   DG -0.22 +/-  0.03
point     11 -     12,   DG -0.47 +/-  0.04
point     12 -     13,   DG -0.98 +/-  0.03
point     13 -     14,   DG -1.90 +/-  0.11
point     14 -     15,   DG -3.27 +/-  0.23

total      0 -     15,   DG -24.47 +/-  0.59

