
md10.edr: 0.0 - 20001.0; lambda = (0, 0.9)
    foreign lambdas:
        delta H to (0, 0.8) (20001 pts)
        delta H to (0, 0.9) (20001 pts)
        delta H to (0, 1) (20001 pts)



md11.edr: 0.0 - 20001.0; lambda = (0, 1)
    foreign lambdas:
        delta H to (0, 0.9) (20001 pts)
        delta H to (0, 1) (20001 pts)
        delta H to (0.2, 1) (20001 pts)



md12.edr: 0.0 - 20001.0; lambda = (0.2, 1)
    foreign lambdas:
        delta H to (0, 1) (20001 pts)
        delta H to (0.2, 1) (20001 pts)
        delta H to (0.4, 1) (20001 pts)



md13.edr: 0.0 - 20001.0; lambda = (0.4, 1)
    foreign lambdas:
        delta H to (0.2, 1) (20001 pts)
        delta H to (0.4, 1) (20001 pts)
        delta H to (0.6, 1) (20001 pts)



md14.edr: 0.0 - 20001.0; lambda = (0.6, 1)
    foreign lambdas:
        delta H to (0.4, 1) (20001 pts)
        delta H to (0.6, 1) (20001 pts)
        delta H to (0.8, 1) (20001 pts)



md15.edr: 0.0 - 20001.0; lambda = (0.8, 1)
    foreign lambdas:
        delta H to (0.6, 1) (20001 pts)
        delta H to (0.8, 1) (20001 pts)
        delta H to (1, 1) (20001 pts)



md16.edr: 0.0 - 20001.0; lambda = (1, 1)
    foreign lambdas:
        delta H to (0.8, 1) (20001 pts)
        delta H to (1, 1) (20001 pts)



md1.edr: 0.0 - 20001.0; lambda = (0, 0)
    foreign lambdas:
        delta H to (0, 0) (20001 pts)
        delta H to (0, 0.1) (20001 pts)



md2.edr: 0.0 - 20001.0; lambda = (0, 0.1)
    foreign lambdas:
        delta H to (0, 0) (20001 pts)
        delta H to (0, 0.1) (20001 pts)
        delta H to (0, 0.2) (20001 pts)



md3.edr: 0.0 - 20001.0; lambda = (0, 0.2)
    foreign lambdas:
        delta H to (0, 0.1) (20001 pts)
        delta H to (0, 0.2) (20001 pts)
        delta H to (0, 0.3) (20001 pts)



md4.edr: 0.0 - 20001.0; lambda = (0, 0.3)
    foreign lambdas:
        delta H to (0, 0.2) (20001 pts)
        delta H to (0, 0.3) (20001 pts)
        delta H to (0, 0.4) (20001 pts)



md5.edr: 0.0 - 20001.0; lambda = (0, 0.4)
    foreign lambdas:
        delta H to (0, 0.3) (20001 pts)
        delta H to (0, 0.4) (20001 pts)
        delta H to (0, 0.5) (20001 pts)



md6.edr: 0.0 - 20001.0; lambda = (0, 0.5)
    foreign lambdas:
        delta H to (0, 0.4) (20001 pts)
        delta H to (0, 0.5) (20001 pts)
        delta H to (0, 0.6) (20001 pts)



md7.edr: 0.0 - 20001.0; lambda = (0, 0.6)
    foreign lambdas:
        delta H to (0, 0.5) (20001 pts)
        delta H to (0, 0.6) (20001 pts)
        delta H to (0, 0.7) (20001 pts)



md8.edr: 0.0 - 20001.0; lambda = (0, 0.7)
    foreign lambdas:
        delta H to (0, 0.6) (20001 pts)
        delta H to (0, 0.7) (20001 pts)
        delta H to (0, 0.8) (20001 pts)



md9.edr: 0.0 - 20001.0; lambda = (0, 0.8)
    foreign lambdas:
        delta H to (0, 0.7) (20001 pts)
        delta H to (0, 0.8) (20001 pts)
        delta H to (0, 0.9) (20001 pts)



   Samples in time interval: 0.000 - 20001.000
Removing samples outside of: 0.000 - 19000.000

Temperature: 298.15 K

Detailed results in kT (see help for explanation):

 lam_A  lam_B      DG   +/-     s_A   +/-     s_B   +/-   stdev   +/- 
     0      1    1.09  0.08    0.80  0.03    0.84  0.02    1.32  0.02
     1      2    1.60  0.15    2.34  0.09    1.83  0.09    2.36  0.07
     2      3    0.22  0.06    2.48  0.13    1.38  0.07    2.00  0.06
     3      4   -0.63  0.02    1.39  0.06    0.85  0.03    1.49  0.02
     4      5   -0.99  0.03    1.10  0.04    0.69  0.02    1.31  0.01
     5      6   -1.27  0.03    0.89  0.04    0.57  0.02    1.17  0.02
     6      7   -1.46  0.01    0.80  0.01    0.51  0.01    1.10  0.01
     7      8   -1.63  0.01    0.67  0.02    0.42  0.02    1.00  0.01
     8      9   -1.77  0.01    0.60  0.02    0.39  0.01    0.93  0.01
     9     10   -1.87  0.01    0.53  0.01    0.35  0.01    0.88  0.01
    10     11   -0.09  0.01    0.05  0.02    0.05  0.01    0.33  0.02
    11     12   -0.20  0.01    0.06  0.01    0.07  0.01    0.33  0.01
    12     13   -0.36  0.02    0.10  0.02    0.11  0.03    0.42  0.02
    13     14   -0.66  0.06    0.18  0.06    0.23  0.07    0.60  0.04
    14     15   -1.15  0.12    0.26  0.09    0.36  0.10    0.87  0.06


Final results in kJ/mol:

point      0 -      1,   DG  2.71 +/-  0.21
point      1 -      2,   DG  3.96 +/-  0.36
point      2 -      3,   DG  0.55 +/-  0.14
point      3 -      4,   DG -1.57 +/-  0.06
point      4 -      5,   DG -2.46 +/-  0.08
point      5 -      6,   DG -3.14 +/-  0.08
point      6 -      7,   DG -3.62 +/-  0.03
point      7 -      8,   DG -4.04 +/-  0.02
point      8 -      9,   DG -4.40 +/-  0.03
point      9 -     10,   DG -4.64 +/-  0.03
point     10 -     11,   DG -0.22 +/-  0.03
point     11 -     12,   DG -0.49 +/-  0.02
point     12 -     13,   DG -0.90 +/-  0.06
point     13 -     14,   DG -1.63 +/-  0.14
point     14 -     15,   DG -2.85 +/-  0.29

total      0 -     15,   DG -22.74 +/-  0.74

