
md10.edr: 0.0 - 20001.0; lambda = (0, 0.9)
    foreign lambdas:
        delta H to (0, 0.8) (20001 pts)
        delta H to (0, 0.9) (20001 pts)
        delta H to (0, 1) (20001 pts)



md11.edr: 0.0 - 20001.0; lambda = (0, 1)
    foreign lambdas:
        delta H to (0, 0.9) (20001 pts)
        delta H to (0, 1) (20001 pts)
        delta H to (0.2, 1) (20001 pts)



md12.edr: 0.0 - 20001.0; lambda = (0.2, 1)
    foreign lambdas:
        delta H to (0, 1) (20001 pts)
        delta H to (0.2, 1) (20001 pts)
        delta H to (0.4, 1) (20001 pts)



md13.edr: 0.0 - 20001.0; lambda = (0.4, 1)
    foreign lambdas:
        delta H to (0.2, 1) (20001 pts)
        delta H to (0.4, 1) (20001 pts)
        delta H to (0.6, 1) (20001 pts)



md14.edr: 0.0 - 20001.0; lambda = (0.6, 1)
    foreign lambdas:
        delta H to (0.4, 1) (20001 pts)
        delta H to (0.6, 1) (20001 pts)
        delta H to (0.8, 1) (20001 pts)



md15.edr: 0.0 - 20001.0; lambda = (0.8, 1)
    foreign lambdas:
        delta H to (0.6, 1) (20001 pts)
        delta H to (0.8, 1) (20001 pts)
        delta H to (1, 1) (20001 pts)



md16.edr: 0.0 - 20001.0; lambda = (1, 1)
    foreign lambdas:
        delta H to (0.8, 1) (20001 pts)
        delta H to (1, 1) (20001 pts)



md1.edr: 0.0 - 20001.0; lambda = (0, 0)
    foreign lambdas:
        delta H to (0, 0) (20001 pts)
        delta H to (0, 0.1) (20001 pts)



md2.edr: 0.0 - 20001.0; lambda = (0, 0.1)
    foreign lambdas:
        delta H to (0, 0) (20001 pts)
        delta H to (0, 0.1) (20001 pts)
        delta H to (0, 0.2) (20001 pts)



md3.edr: 0.0 - 20001.0; lambda = (0, 0.2)
    foreign lambdas:
        delta H to (0, 0.1) (20001 pts)
        delta H to (0, 0.2) (20001 pts)
        delta H to (0, 0.3) (20001 pts)



md4.edr: 0.0 - 20001.0; lambda = (0, 0.3)
    foreign lambdas:
        delta H to (0, 0.2) (20001 pts)
        delta H to (0, 0.3) (20001 pts)
        delta H to (0, 0.4) (20001 pts)



md5.edr: 0.0 - 20001.0; lambda = (0, 0.4)
    foreign lambdas:
        delta H to (0, 0.3) (20001 pts)
        delta H to (0, 0.4) (20001 pts)
        delta H to (0, 0.5) (20001 pts)



md6.edr: 0.0 - 20001.0; lambda = (0, 0.5)
    foreign lambdas:
        delta H to (0, 0.4) (20001 pts)
        delta H to (0, 0.5) (20001 pts)
        delta H to (0, 0.6) (20001 pts)



md7.edr: 0.0 - 20001.0; lambda = (0, 0.6)
    foreign lambdas:
        delta H to (0, 0.5) (20001 pts)
        delta H to (0, 0.6) (20001 pts)
        delta H to (0, 0.7) (20001 pts)



md8.edr: 0.0 - 20001.0; lambda = (0, 0.7)
    foreign lambdas:
        delta H to (0, 0.6) (20001 pts)
        delta H to (0, 0.7) (20001 pts)
        delta H to (0, 0.8) (20001 pts)



md9.edr: 0.0 - 20001.0; lambda = (0, 0.8)
    foreign lambdas:
        delta H to (0, 0.7) (20001 pts)
        delta H to (0, 0.8) (20001 pts)
        delta H to (0, 0.9) (20001 pts)



   Samples in time interval: 0.000 - 20001.000
Removing samples outside of: 0.000 - 7000.000

Temperature: 298.15 K

Detailed results in kT (see help for explanation):

 lam_A  lam_B      DG   +/-     s_A   +/-     s_B   +/-   stdev   +/- 
     0      1    1.14  0.09    0.77  0.04    0.82  0.04    1.30  0.03
     1      2    1.73  0.17    2.34  0.05    1.85  0.09    2.35  0.06
     2      3    0.25  0.11    2.66  0.16    1.49  0.09    2.10  0.08
     3      4   -0.70  0.04    1.32  0.07    0.80  0.04    1.45  0.03
     4      5   -1.03  0.04    1.09  0.02    0.70  0.02    1.30  0.02
     5      6   -1.30  0.03    0.82  0.03    0.53  0.02    1.14  0.01
     6      7   -1.42  0.02    0.79  0.02    0.50  0.02    1.10  0.01
     7      8   -1.61  0.01    0.70  0.02    0.45  0.01    1.02  0.01
     8      9   -1.77  0.01    0.64  0.02    0.41  0.01    0.95  0.01
     9     10   -1.86  0.02    0.51  0.01    0.33  0.01    0.88  0.01
    10     11   -0.10  0.04    0.04  0.04    0.04  0.04    0.34  0.01
    11     12   -0.21  0.05    0.07  0.02    0.08  0.02    0.35  0.03
    12     13   -0.34  0.03    0.05  0.05    0.06  0.04    0.39  0.02
    13     14   -0.70  0.09    0.30  0.09    0.36  0.10    0.64  0.07
    14     15   -1.35  0.15    0.28  0.12    0.36  0.14    0.88  0.07


Final results in kJ/mol:

point      0 -      1,   DG  2.81 +/-  0.22
point      1 -      2,   DG  4.28 +/-  0.42
point      2 -      3,   DG  0.62 +/-  0.27
point      3 -      4,   DG -1.73 +/-  0.11
point      4 -      5,   DG -2.55 +/-  0.11
point      5 -      6,   DG -3.22 +/-  0.08
point      6 -      7,   DG -3.53 +/-  0.05
point      7 -      8,   DG -3.99 +/-  0.02
point      8 -      9,   DG -4.38 +/-  0.03
point      9 -     10,   DG -4.62 +/-  0.05
point     10 -     11,   DG -0.24 +/-  0.09
point     11 -     12,   DG -0.52 +/-  0.12
point     12 -     13,   DG -0.85 +/-  0.07
point     13 -     14,   DG -1.74 +/-  0.22
point     14 -     15,   DG -3.33 +/-  0.37

total      0 -     15,   DG -22.99 +/-  1.04

