
md10.edr: 0.0 - 20001.0; lambda = (0, 0.9)
    foreign lambdas:
        delta H to (0, 0.8) (20001 pts)
        delta H to (0, 0.9) (20001 pts)
        delta H to (0, 1) (20001 pts)



md11.edr: 0.0 - 20001.0; lambda = (0, 1)
    foreign lambdas:
        delta H to (0, 0.9) (20001 pts)
        delta H to (0, 1) (20001 pts)
        delta H to (0.2, 1) (20001 pts)



md12.edr: 0.0 - 20001.0; lambda = (0.2, 1)
    foreign lambdas:
        delta H to (0, 1) (20001 pts)
        delta H to (0.2, 1) (20001 pts)
        delta H to (0.4, 1) (20001 pts)



md13.edr: 0.0 - 20001.0; lambda = (0.4, 1)
    foreign lambdas:
        delta H to (0.2, 1) (20001 pts)
        delta H to (0.4, 1) (20001 pts)
        delta H to (0.6, 1) (20001 pts)



md14.edr: 0.0 - 20001.0; lambda = (0.6, 1)
    foreign lambdas:
        delta H to (0.4, 1) (20001 pts)
        delta H to (0.6, 1) (20001 pts)
        delta H to (0.8, 1) (20001 pts)



md15.edr: 0.0 - 20001.0; lambda = (0.8, 1)
    foreign lambdas:
        delta H to (0.6, 1) (20001 pts)
        delta H to (0.8, 1) (20001 pts)
        delta H to (1, 1) (20001 pts)



md16.edr: 0.0 - 20001.0; lambda = (1, 1)
    foreign lambdas:
        delta H to (0.8, 1) (20001 pts)
        delta H to (1, 1) (20001 pts)



md1.edr: 0.0 - 20001.0; lambda = (0, 0)
    foreign lambdas:
        delta H to (0, 0) (20001 pts)
        delta H to (0, 0.1) (20001 pts)



md2.edr: 0.0 - 20001.0; lambda = (0, 0.1)
    foreign lambdas:
        delta H to (0, 0) (20001 pts)
        delta H to (0, 0.1) (20001 pts)
        delta H to (0, 0.2) (20001 pts)



md3.edr: 0.0 - 20001.0; lambda = (0, 0.2)
    foreign lambdas:
        delta H to (0, 0.1) (20001 pts)
        delta H to (0, 0.2) (20001 pts)
        delta H to (0, 0.3) (20001 pts)



md4.edr: 0.0 - 20001.0; lambda = (0, 0.3)
    foreign lambdas:
        delta H to (0, 0.2) (20001 pts)
        delta H to (0, 0.3) (20001 pts)
        delta H to (0, 0.4) (20001 pts)



md5.edr: 0.0 - 20001.0; lambda = (0, 0.4)
    foreign lambdas:
        delta H to (0, 0.3) (20001 pts)
        delta H to (0, 0.4) (20001 pts)
        delta H to (0, 0.5) (20001 pts)



md6.edr: 0.0 - 20001.0; lambda = (0, 0.5)
    foreign lambdas:
        delta H to (0, 0.4) (20001 pts)
        delta H to (0, 0.5) (20001 pts)
        delta H to (0, 0.6) (20001 pts)



md7.edr: 0.0 - 20001.0; lambda = (0, 0.6)
    foreign lambdas:
        delta H to (0, 0.5) (20001 pts)
        delta H to (0, 0.6) (20001 pts)
        delta H to (0, 0.7) (20001 pts)



md8.edr: 0.0 - 20001.0; lambda = (0, 0.7)
    foreign lambdas:
        delta H to (0, 0.6) (20001 pts)
        delta H to (0, 0.7) (20001 pts)
        delta H to (0, 0.8) (20001 pts)



md9.edr: 0.0 - 20001.0; lambda = (0, 0.8)
    foreign lambdas:
        delta H to (0, 0.7) (20001 pts)
        delta H to (0, 0.8) (20001 pts)
        delta H to (0, 0.9) (20001 pts)



   Samples in time interval: 0.000 - 20001.000
Removing samples outside of: 0.000 - 6000.000

Temperature: 298.15 K

Detailed results in kT (see help for explanation):

 lam_A  lam_B      DG   +/-     s_A   +/-     s_B   +/-   stdev   +/- 
     0      1    1.10  0.12    0.75  0.07    0.80  0.08    1.30  0.03
     1      2    1.74  0.20    2.30  0.08    1.81  0.10    2.32  0.07
     2      3    0.30  0.13    2.72  0.18    1.53  0.10    2.14  0.09
     3      4   -0.68  0.06    1.32  0.10    0.80  0.06    1.45  0.04
     4      5   -1.02  0.05    1.10  0.04    0.70  0.02    1.30  0.03
     5      6   -1.30  0.04    0.81  0.05    0.52  0.03    1.14  0.02
     6      7   -1.41  0.02    0.79  0.03    0.49  0.02    1.10  0.02
     7      8   -1.60  0.01    0.71  0.01    0.46  0.01    1.03  0.01
     8      9   -1.76  0.00    0.64  0.01    0.41  0.01    0.95  0.00
     9     10   -1.86  0.02    0.51  0.02    0.34  0.02    0.88  0.01
    10     11   -0.09  0.03    0.02  0.02    0.02  0.02    0.34  0.01
    11     12   -0.19  0.04    0.07  0.03    0.08  0.03    0.33  0.03
    12     13   -0.33  0.03    0.07  0.05    0.07  0.05    0.37  0.02
    13     14   -0.71  0.07    0.31  0.08    0.37  0.10    0.65  0.06
    14     15   -1.39  0.14    0.30  0.14    0.38  0.15    0.90  0.07


Final results in kJ/mol:

point      0 -      1,   DG  2.73 +/-  0.31
point      1 -      2,   DG  4.32 +/-  0.48
point      2 -      3,   DG  0.75 +/-  0.33
point      3 -      4,   DG -1.69 +/-  0.14
point      4 -      5,   DG -2.54 +/-  0.13
point      5 -      6,   DG -3.23 +/-  0.11
point      6 -      7,   DG -3.50 +/-  0.05
point      7 -      8,   DG -3.96 +/-  0.02
point      8 -      9,   DG -4.36 +/-  0.01
point      9 -     10,   DG -4.62 +/-  0.05
point     10 -     11,   DG -0.23 +/-  0.07
point     11 -     12,   DG -0.47 +/-  0.11
point     12 -     13,   DG -0.82 +/-  0.06
point     13 -     14,   DG -1.77 +/-  0.18
point     14 -     15,   DG -3.44 +/-  0.34

total      0 -     15,   DG -22.81 +/-  0.90

