
md10.edr: 0.0 - 20001.0; lambda = (0, 0.9)
    foreign lambdas:
        delta H to (0, 0.8) (20001 pts)
        delta H to (0, 0.9) (20001 pts)
        delta H to (0, 1) (20001 pts)



md11.edr: 0.0 - 20001.0; lambda = (0, 1)
    foreign lambdas:
        delta H to (0, 0.9) (20001 pts)
        delta H to (0, 1) (20001 pts)
        delta H to (0.2, 1) (20001 pts)



md12.edr: 0.0 - 20001.0; lambda = (0.2, 1)
    foreign lambdas:
        delta H to (0, 1) (20001 pts)
        delta H to (0.2, 1) (20001 pts)
        delta H to (0.4, 1) (20001 pts)



md13.edr: 0.0 - 20001.0; lambda = (0.4, 1)
    foreign lambdas:
        delta H to (0.2, 1) (20001 pts)
        delta H to (0.4, 1) (20001 pts)
        delta H to (0.6, 1) (20001 pts)



md14.edr: 0.0 - 20001.0; lambda = (0.6, 1)
    foreign lambdas:
        delta H to (0.4, 1) (20001 pts)
        delta H to (0.6, 1) (20001 pts)
        delta H to (0.8, 1) (20001 pts)



md15.edr: 0.0 - 20001.0; lambda = (0.8, 1)
    foreign lambdas:
        delta H to (0.6, 1) (20001 pts)
        delta H to (0.8, 1) (20001 pts)
        delta H to (1, 1) (20001 pts)



md16.edr: 0.0 - 20001.0; lambda = (1, 1)
    foreign lambdas:
        delta H to (0.8, 1) (20001 pts)
        delta H to (1, 1) (20001 pts)



md1.edr: 0.0 - 20001.0; lambda = (0, 0)
    foreign lambdas:
        delta H to (0, 0) (20001 pts)
        delta H to (0, 0.1) (20001 pts)



md2.edr: 0.0 - 20001.0; lambda = (0, 0.1)
    foreign lambdas:
        delta H to (0, 0) (20001 pts)
        delta H to (0, 0.1) (20001 pts)
        delta H to (0, 0.2) (20001 pts)



md3.edr: 0.0 - 20001.0; lambda = (0, 0.2)
    foreign lambdas:
        delta H to (0, 0.1) (20001 pts)
        delta H to (0, 0.2) (20001 pts)
        delta H to (0, 0.3) (20001 pts)



md4.edr: 0.0 - 20001.0; lambda = (0, 0.3)
    foreign lambdas:
        delta H to (0, 0.2) (20001 pts)
        delta H to (0, 0.3) (20001 pts)
        delta H to (0, 0.4) (20001 pts)



md5.edr: 0.0 - 20001.0; lambda = (0, 0.4)
    foreign lambdas:
        delta H to (0, 0.3) (20001 pts)
        delta H to (0, 0.4) (20001 pts)
        delta H to (0, 0.5) (20001 pts)



md6.edr: 0.0 - 20001.0; lambda = (0, 0.5)
    foreign lambdas:
        delta H to (0, 0.4) (20001 pts)
        delta H to (0, 0.5) (20001 pts)
        delta H to (0, 0.6) (20001 pts)



md7.edr: 0.0 - 20001.0; lambda = (0, 0.6)
    foreign lambdas:
        delta H to (0, 0.5) (20001 pts)
        delta H to (0, 0.6) (20001 pts)
        delta H to (0, 0.7) (20001 pts)



md8.edr: 0.0 - 20001.0; lambda = (0, 0.7)
    foreign lambdas:
        delta H to (0, 0.6) (20001 pts)
        delta H to (0, 0.7) (20001 pts)
        delta H to (0, 0.8) (20001 pts)



md9.edr: 0.0 - 20001.0; lambda = (0, 0.8)
    foreign lambdas:
        delta H to (0, 0.7) (20001 pts)
        delta H to (0, 0.8) (20001 pts)
        delta H to (0, 0.9) (20001 pts)



   Samples in time interval: 0.000 - 20001.000
Removing samples outside of: 0.000 - 9000.000

Temperature: 298.15 K

Detailed results in kT (see help for explanation):

 lam_A  lam_B      DG   +/-     s_A   +/-     s_B   +/-   stdev   +/- 
     0      1    1.09  0.10    0.81  0.05    0.85  0.05    1.33  0.03
     1      2    1.61  0.20    2.30  0.09    1.81  0.09    2.31  0.07
     2      3    0.20  0.13    2.58  0.19    1.44  0.11    2.06  0.10
     3      4   -0.68  0.05    1.28  0.09    0.78  0.04    1.44  0.03
     4      5   -1.00  0.04    1.15  0.05    0.72  0.03    1.32  0.02
     5      6   -1.31  0.04    0.83  0.03    0.53  0.02    1.14  0.02
     6      7   -1.44  0.02    0.79  0.01    0.49  0.01    1.09  0.01
     7      8   -1.62  0.01    0.70  0.01    0.45  0.01    1.02  0.01
     8      9   -1.77  0.01    0.62  0.02    0.40  0.01    0.95  0.01
     9     10   -1.86  0.01    0.50  0.01    0.33  0.01    0.88  0.01
    10     11   -0.09  0.01    0.04  0.02    0.04  0.02    0.32  0.02
    11     12   -0.20  0.04    0.07  0.02    0.08  0.02    0.35  0.03
    12     13   -0.35  0.03    0.07  0.04    0.08  0.04    0.41  0.03
    13     14   -0.66  0.07    0.24  0.09    0.29  0.10    0.60  0.06
    14     15   -1.27  0.13    0.31  0.10    0.40  0.11    0.87  0.06


Final results in kJ/mol:

point      0 -      1,   DG  2.71 +/-  0.24
point      1 -      2,   DG  3.99 +/-  0.49
point      2 -      3,   DG  0.49 +/-  0.31
point      3 -      4,   DG -1.67 +/-  0.12
point      4 -      5,   DG -2.48 +/-  0.11
point      5 -      6,   DG -3.24 +/-  0.10
point      6 -      7,   DG -3.58 +/-  0.05
point      7 -      8,   DG -4.01 +/-  0.02
point      8 -      9,   DG -4.40 +/-  0.03
point      9 -     10,   DG -4.60 +/-  0.01
point     10 -     11,   DG -0.22 +/-  0.03
point     11 -     12,   DG -0.50 +/-  0.10
point     12 -     13,   DG -0.86 +/-  0.07
point     13 -     14,   DG -1.65 +/-  0.18
point     14 -     15,   DG -3.14 +/-  0.32

total      0 -     15,   DG -23.17 +/-  0.79

