
md10.edr: 0.0 - 20001.0; lambda = (0, 0.9)
    foreign lambdas:
        delta H to (0, 0.8) (20001 pts)
        delta H to (0, 0.9) (20001 pts)
        delta H to (0, 1) (20001 pts)



md11.edr: 0.0 - 20001.0; lambda = (0, 1)
    foreign lambdas:
        delta H to (0, 0.9) (20001 pts)
        delta H to (0, 1) (20001 pts)
        delta H to (0.2, 1) (20001 pts)



md12.edr: 0.0 - 20001.0; lambda = (0.2, 1)
    foreign lambdas:
        delta H to (0, 1) (20001 pts)
        delta H to (0.2, 1) (20001 pts)
        delta H to (0.4, 1) (20001 pts)



md13.edr: 0.0 - 20001.0; lambda = (0.4, 1)
    foreign lambdas:
        delta H to (0.2, 1) (20001 pts)
        delta H to (0.4, 1) (20001 pts)
        delta H to (0.6, 1) (20001 pts)



md14.edr: 0.0 - 20001.0; lambda = (0.6, 1)
    foreign lambdas:
        delta H to (0.4, 1) (20001 pts)
        delta H to (0.6, 1) (20001 pts)
        delta H to (0.8, 1) (20001 pts)



md15.edr: 0.0 - 20001.0; lambda = (0.8, 1)
    foreign lambdas:
        delta H to (0.6, 1) (20001 pts)
        delta H to (0.8, 1) (20001 pts)
        delta H to (1, 1) (20001 pts)



md16.edr: 0.0 - 20001.0; lambda = (1, 1)
    foreign lambdas:
        delta H to (0.8, 1) (20001 pts)
        delta H to (1, 1) (20001 pts)



md1.edr: 0.0 - 20001.0; lambda = (0, 0)
    foreign lambdas:
        delta H to (0, 0) (20001 pts)
        delta H to (0, 0.1) (20001 pts)



md2.edr: 0.0 - 20001.0; lambda = (0, 0.1)
    foreign lambdas:
        delta H to (0, 0) (20001 pts)
        delta H to (0, 0.1) (20001 pts)
        delta H to (0, 0.2) (20001 pts)



md3.edr: 0.0 - 20001.0; lambda = (0, 0.2)
    foreign lambdas:
        delta H to (0, 0.1) (20001 pts)
        delta H to (0, 0.2) (20001 pts)
        delta H to (0, 0.3) (20001 pts)



md4.edr: 0.0 - 20001.0; lambda = (0, 0.3)
    foreign lambdas:
        delta H to (0, 0.2) (20001 pts)
        delta H to (0, 0.3) (20001 pts)
        delta H to (0, 0.4) (20001 pts)



md5.edr: 0.0 - 20001.0; lambda = (0, 0.4)
    foreign lambdas:
        delta H to (0, 0.3) (20001 pts)
        delta H to (0, 0.4) (20001 pts)
        delta H to (0, 0.5) (20001 pts)



md6.edr: 0.0 - 20001.0; lambda = (0, 0.5)
    foreign lambdas:
        delta H to (0, 0.4) (20001 pts)
        delta H to (0, 0.5) (20001 pts)
        delta H to (0, 0.6) (20001 pts)



md7.edr: 0.0 - 20001.0; lambda = (0, 0.6)
    foreign lambdas:
        delta H to (0, 0.5) (20001 pts)
        delta H to (0, 0.6) (20001 pts)
        delta H to (0, 0.7) (20001 pts)



md8.edr: 0.0 - 20001.0; lambda = (0, 0.7)
    foreign lambdas:
        delta H to (0, 0.6) (20001 pts)
        delta H to (0, 0.7) (20001 pts)
        delta H to (0, 0.8) (20001 pts)



md9.edr: 0.0 - 20001.0; lambda = (0, 0.8)
    foreign lambdas:
        delta H to (0, 0.7) (20001 pts)
        delta H to (0, 0.8) (20001 pts)
        delta H to (0, 0.9) (20001 pts)



   Samples in time interval: 0.000 - 20001.000
Removing samples outside of: 0.000 - 14000.000

Temperature: 298.15 K

Detailed results in kT (see help for explanation):

 lam_A  lam_B      DG   +/-     s_A   +/-     s_B   +/-   stdev   +/- 
     0      1    1.01  0.07    0.79  0.05    0.83  0.05    1.32  0.02
     1      2    1.54  0.14    2.27  0.03    1.78  0.05    2.32  0.03
     2      3    0.19  0.08    2.50  0.16    1.38  0.09    2.01  0.08
     3      4   -0.65  0.02    1.34  0.05    0.83  0.04    1.47  0.02
     4      5   -0.99  0.04    1.14  0.04    0.71  0.02    1.32  0.02
     5      6   -1.29  0.03    0.87  0.04    0.55  0.02    1.16  0.02
     6      7   -1.46  0.02    0.78  0.01    0.50  0.01    1.09  0.01
     7      8   -1.63  0.01    0.69  0.02    0.44  0.01    1.01  0.01
     8      9   -1.78  0.01    0.60  0.02    0.38  0.02    0.93  0.01
     9     10   -1.86  0.01    0.52  0.01    0.33  0.01    0.88  0.00
    10     11   -0.09  0.02    0.07  0.02    0.06  0.02    0.33  0.01
    11     12   -0.20  0.01    0.05  0.02    0.06  0.02    0.33  0.01
    12     13   -0.33  0.02    0.08  0.02    0.09  0.02    0.40  0.02
    13     14   -0.64  0.04    0.22  0.06    0.26  0.07    0.59  0.04
    14     15   -1.18  0.14    0.28  0.13    0.38  0.15    0.87  0.08


Final results in kJ/mol:

point      0 -      1,   DG  2.51 +/-  0.16
point      1 -      2,   DG  3.81 +/-  0.36
point      2 -      3,   DG  0.48 +/-  0.19
point      3 -      4,   DG -1.60 +/-  0.06
point      4 -      5,   DG -2.45 +/-  0.09
point      5 -      6,   DG -3.19 +/-  0.08
point      6 -      7,   DG -3.62 +/-  0.04
point      7 -      8,   DG -4.04 +/-  0.03
point      8 -      9,   DG -4.41 +/-  0.03
point      9 -     10,   DG -4.60 +/-  0.02
point     10 -     11,   DG -0.22 +/-  0.05
point     11 -     12,   DG -0.50 +/-  0.03
point     12 -     13,   DG -0.83 +/-  0.04
point     13 -     14,   DG -1.58 +/-  0.10
point     14 -     15,   DG -2.94 +/-  0.34

total      0 -     15,   DG -23.17 +/-  0.83

