
md10.edr: 0.0 - 20001.0; lambda = (0, 0.9)
    foreign lambdas:
        delta H to (0, 0.8) (20001 pts)
        delta H to (0, 0.9) (20001 pts)
        delta H to (0, 1) (20001 pts)



md11.edr: 0.0 - 20001.0; lambda = (0, 1)
    foreign lambdas:
        delta H to (0, 0.9) (20001 pts)
        delta H to (0, 1) (20001 pts)
        delta H to (0.2, 1) (20001 pts)



md12.edr: 0.0 - 20001.0; lambda = (0.2, 1)
    foreign lambdas:
        delta H to (0, 1) (20001 pts)
        delta H to (0.2, 1) (20001 pts)
        delta H to (0.4, 1) (20001 pts)



md13.edr: 0.0 - 20001.0; lambda = (0.4, 1)
    foreign lambdas:
        delta H to (0.2, 1) (20001 pts)
        delta H to (0.4, 1) (20001 pts)
        delta H to (0.6, 1) (20001 pts)



md14.edr: 0.0 - 20001.0; lambda = (0.6, 1)
    foreign lambdas:
        delta H to (0.4, 1) (20001 pts)
        delta H to (0.6, 1) (20001 pts)
        delta H to (0.8, 1) (20001 pts)



md15.edr: 0.0 - 20001.0; lambda = (0.8, 1)
    foreign lambdas:
        delta H to (0.6, 1) (20001 pts)
        delta H to (0.8, 1) (20001 pts)
        delta H to (1, 1) (20001 pts)



md16.edr: 0.0 - 20001.0; lambda = (1, 1)
    foreign lambdas:
        delta H to (0.8, 1) (20001 pts)
        delta H to (1, 1) (20001 pts)



md1.edr: 0.0 - 20001.0; lambda = (0, 0)
    foreign lambdas:
        delta H to (0, 0) (20001 pts)
        delta H to (0, 0.1) (20001 pts)



md2.edr: 0.0 - 20001.0; lambda = (0, 0.1)
    foreign lambdas:
        delta H to (0, 0) (20001 pts)
        delta H to (0, 0.1) (20001 pts)
        delta H to (0, 0.2) (20001 pts)



md3.edr: 0.0 - 20001.0; lambda = (0, 0.2)
    foreign lambdas:
        delta H to (0, 0.1) (20001 pts)
        delta H to (0, 0.2) (20001 pts)
        delta H to (0, 0.3) (20001 pts)



md4.edr: 0.0 - 20001.0; lambda = (0, 0.3)
    foreign lambdas:
        delta H to (0, 0.2) (20001 pts)
        delta H to (0, 0.3) (20001 pts)
        delta H to (0, 0.4) (20001 pts)



md5.edr: 0.0 - 20001.0; lambda = (0, 0.4)
    foreign lambdas:
        delta H to (0, 0.3) (20001 pts)
        delta H to (0, 0.4) (20001 pts)
        delta H to (0, 0.5) (20001 pts)



md6.edr: 0.0 - 20001.0; lambda = (0, 0.5)
    foreign lambdas:
        delta H to (0, 0.4) (20001 pts)
        delta H to (0, 0.5) (20001 pts)
        delta H to (0, 0.6) (20001 pts)



md7.edr: 0.0 - 20001.0; lambda = (0, 0.6)
    foreign lambdas:
        delta H to (0, 0.5) (20001 pts)
        delta H to (0, 0.6) (20001 pts)
        delta H to (0, 0.7) (20001 pts)



md8.edr: 0.0 - 20001.0; lambda = (0, 0.7)
    foreign lambdas:
        delta H to (0, 0.6) (20001 pts)
        delta H to (0, 0.7) (20001 pts)
        delta H to (0, 0.8) (20001 pts)



md9.edr: 0.0 - 20001.0; lambda = (0, 0.8)
    foreign lambdas:
        delta H to (0, 0.7) (20001 pts)
        delta H to (0, 0.8) (20001 pts)
        delta H to (0, 0.9) (20001 pts)



   Samples in time interval: 0.000 - 20001.000
Removing samples outside of: 0.000 - 10000.000

Temperature: 298.15 K

Detailed results in kT (see help for explanation):

 lam_A  lam_B      DG   +/-     s_A   +/-     s_B   +/-   stdev   +/- 
     0      1    1.06  0.08    0.81  0.04    0.85  0.04    1.33  0.02
     1      2    1.56  0.16    2.30  0.03    1.80  0.04    2.31  0.01
     2      3    0.19  0.12    2.53  0.17    1.42  0.10    2.04  0.09
     3      4   -0.67  0.05    1.30  0.08    0.80  0.04    1.45  0.03
     4      5   -1.01  0.05    1.13  0.04    0.72  0.02    1.32  0.02
     5      6   -1.31  0.03    0.84  0.04    0.54  0.03    1.15  0.01
     6      7   -1.45  0.02    0.78  0.02    0.49  0.02    1.09  0.01
     7      8   -1.62  0.02    0.71  0.01    0.46  0.01    1.02  0.01
     8      9   -1.78  0.01    0.61  0.02    0.39  0.01    0.94  0.01
     9     10   -1.86  0.01    0.51  0.01    0.33  0.01    0.88  0.00
    10     11   -0.08  0.02    0.06  0.02    0.05  0.02    0.33  0.01
    11     12   -0.20  0.03    0.06  0.02    0.07  0.02    0.34  0.02
    12     13   -0.34  0.03    0.08  0.03    0.09  0.03    0.41  0.03
    13     14   -0.66  0.08    0.23  0.09    0.28  0.11    0.59  0.07
    14     15   -1.27  0.15    0.34  0.10    0.43  0.11    0.88  0.05


Final results in kJ/mol:

point      0 -      1,   DG  2.64 +/-  0.20
point      1 -      2,   DG  3.88 +/-  0.40
point      2 -      3,   DG  0.47 +/-  0.29
point      3 -      4,   DG -1.67 +/-  0.13
point      4 -      5,   DG -2.50 +/-  0.12
point      5 -      6,   DG -3.25 +/-  0.07
point      6 -      7,   DG -3.59 +/-  0.06
point      7 -      8,   DG -4.02 +/-  0.04
point      8 -      9,   DG -4.40 +/-  0.03
point      9 -     10,   DG -4.60 +/-  0.02
point     10 -     11,   DG -0.19 +/-  0.04
point     11 -     12,   DG -0.49 +/-  0.08
point     12 -     13,   DG -0.85 +/-  0.07
point     13 -     14,   DG -1.63 +/-  0.19
point     14 -     15,   DG -3.15 +/-  0.38

total      0 -     15,   DG -23.35 +/-  0.62

