
md10.edr: 0.0 - 20001.0; lambda = (0, 0.9)
    foreign lambdas:
        delta H to (0, 0.8) (20001 pts)
        delta H to (0, 0.9) (20001 pts)
        delta H to (0, 1) (20001 pts)



md11.edr: 0.0 - 20001.0; lambda = (0, 1)
    foreign lambdas:
        delta H to (0, 0.9) (20001 pts)
        delta H to (0, 1) (20001 pts)
        delta H to (0.2, 1) (20001 pts)



md12.edr: 0.0 - 20001.0; lambda = (0.2, 1)
    foreign lambdas:
        delta H to (0, 1) (20001 pts)
        delta H to (0.2, 1) (20001 pts)
        delta H to (0.4, 1) (20001 pts)



md13.edr: 0.0 - 20001.0; lambda = (0.4, 1)
    foreign lambdas:
        delta H to (0.2, 1) (20001 pts)
        delta H to (0.4, 1) (20001 pts)
        delta H to (0.6, 1) (20001 pts)



md14.edr: 0.0 - 20001.0; lambda = (0.6, 1)
    foreign lambdas:
        delta H to (0.4, 1) (20001 pts)
        delta H to (0.6, 1) (20001 pts)
        delta H to (0.8, 1) (20001 pts)



md15.edr: 0.0 - 20001.0; lambda = (0.8, 1)
    foreign lambdas:
        delta H to (0.6, 1) (20001 pts)
        delta H to (0.8, 1) (20001 pts)
        delta H to (1, 1) (20001 pts)



md16.edr: 0.0 - 20001.0; lambda = (1, 1)
    foreign lambdas:
        delta H to (0.8, 1) (20001 pts)
        delta H to (1, 1) (20001 pts)



md1.edr: 0.0 - 20001.0; lambda = (0, 0)
    foreign lambdas:
        delta H to (0, 0) (20001 pts)
        delta H to (0, 0.1) (20001 pts)



md2.edr: 0.0 - 20001.0; lambda = (0, 0.1)
    foreign lambdas:
        delta H to (0, 0) (20001 pts)
        delta H to (0, 0.1) (20001 pts)
        delta H to (0, 0.2) (20001 pts)



md3.edr: 0.0 - 20001.0; lambda = (0, 0.2)
    foreign lambdas:
        delta H to (0, 0.1) (20001 pts)
        delta H to (0, 0.2) (20001 pts)
        delta H to (0, 0.3) (20001 pts)



md4.edr: 0.0 - 20001.0; lambda = (0, 0.3)
    foreign lambdas:
        delta H to (0, 0.2) (20001 pts)
        delta H to (0, 0.3) (20001 pts)
        delta H to (0, 0.4) (20001 pts)



md5.edr: 0.0 - 20001.0; lambda = (0, 0.4)
    foreign lambdas:
        delta H to (0, 0.3) (20001 pts)
        delta H to (0, 0.4) (20001 pts)
        delta H to (0, 0.5) (20001 pts)



md6.edr: 0.0 - 20001.0; lambda = (0, 0.5)
    foreign lambdas:
        delta H to (0, 0.4) (20001 pts)
        delta H to (0, 0.5) (20001 pts)
        delta H to (0, 0.6) (20001 pts)



md7.edr: 0.0 - 20001.0; lambda = (0, 0.6)
    foreign lambdas:
        delta H to (0, 0.5) (20001 pts)
        delta H to (0, 0.6) (20001 pts)
        delta H to (0, 0.7) (20001 pts)



md8.edr: 0.0 - 20001.0; lambda = (0, 0.7)
    foreign lambdas:
        delta H to (0, 0.6) (20001 pts)
        delta H to (0, 0.7) (20001 pts)
        delta H to (0, 0.8) (20001 pts)



md9.edr: 0.0 - 20001.0; lambda = (0, 0.8)
    foreign lambdas:
        delta H to (0, 0.7) (20001 pts)
        delta H to (0, 0.8) (20001 pts)
        delta H to (0, 0.9) (20001 pts)



   Samples in time interval: 0.000 - 20001.000
Removing samples outside of: 0.000 - 5000.000

Temperature: 298.15 K

Detailed results in kT (see help for explanation):

 lam_A  lam_B      DG   +/-     s_A   +/-     s_B   +/-   stdev   +/- 
     0      1    1.15  0.10    0.70  0.06    0.73  0.07    1.28  0.02
     1      2    1.93  0.14    2.34  0.09    1.88  0.12    2.34  0.08
     2      3    0.42  0.12    2.86  0.12    1.65  0.06    2.24  0.06
     3      4   -0.66  0.07    1.29  0.10    0.78  0.05    1.44  0.04
     4      5   -1.00  0.05    1.12  0.02    0.72  0.02    1.32  0.01
     5      6   -1.30  0.04    0.82  0.05    0.53  0.04    1.14  0.02
     6      7   -1.41  0.01    0.80  0.01    0.50  0.01    1.10  0.01
     7      8   -1.60  0.01    0.72  0.01    0.46  0.01    1.03  0.01
     8      9   -1.76  0.01    0.64  0.02    0.41  0.01    0.95  0.02
     9     10   -1.86  0.02    0.49  0.01    0.33  0.01    0.87  0.01
    10     11   -0.09  0.04    0.01  0.03    0.01  0.03    0.34  0.02
    11     12   -0.18  0.05    0.08  0.04    0.09  0.04    0.33  0.03
    12     13   -0.33  0.03    0.06  0.05    0.06  0.05    0.37  0.02
    13     14   -0.76  0.09    0.37  0.09    0.44  0.10    0.68  0.08
    14     15   -1.46  0.16    0.26  0.13    0.34  0.15    0.90  0.07


Final results in kJ/mol:

point      0 -      1,   DG  2.85 +/-  0.25
point      1 -      2,   DG  4.79 +/-  0.34
point      2 -      3,   DG  1.05 +/-  0.31
point      3 -      4,   DG -1.65 +/-  0.18
point      4 -      5,   DG -2.47 +/-  0.13
point      5 -      6,   DG -3.22 +/-  0.10
point      6 -      7,   DG -3.50 +/-  0.03
point      7 -      8,   DG -3.97 +/-  0.03
point      8 -      9,   DG -4.36 +/-  0.02
point      9 -     10,   DG -4.62 +/-  0.06
point     10 -     11,   DG -0.22 +/-  0.10
point     11 -     12,   DG -0.45 +/-  0.11
point     12 -     13,   DG -0.81 +/-  0.08
point     13 -     14,   DG -1.89 +/-  0.22
point     14 -     15,   DG -3.63 +/-  0.39

total      0 -     15,   DG -22.09 +/-  0.64

