
md10.edr: 0.0 - 20001.0; lambda = (0, 0.9)
    foreign lambdas:
        delta H to (0, 0.8) (20001 pts)
        delta H to (0, 0.9) (20001 pts)
        delta H to (0, 1) (20001 pts)



md11.edr: 0.0 - 20001.0; lambda = (0, 1)
    foreign lambdas:
        delta H to (0, 0.9) (20001 pts)
        delta H to (0, 1) (20001 pts)
        delta H to (0.2, 1) (20001 pts)



md12.edr: 0.0 - 20001.0; lambda = (0.2, 1)
    foreign lambdas:
        delta H to (0, 1) (20001 pts)
        delta H to (0.2, 1) (20001 pts)
        delta H to (0.4, 1) (20001 pts)



md13.edr: 0.0 - 20001.0; lambda = (0.4, 1)
    foreign lambdas:
        delta H to (0.2, 1) (20001 pts)
        delta H to (0.4, 1) (20001 pts)
        delta H to (0.6, 1) (20001 pts)



md14.edr: 0.0 - 20001.0; lambda = (0.6, 1)
    foreign lambdas:
        delta H to (0.4, 1) (20001 pts)
        delta H to (0.6, 1) (20001 pts)
        delta H to (0.8, 1) (20001 pts)



md15.edr: 0.0 - 20001.0; lambda = (0.8, 1)
    foreign lambdas:
        delta H to (0.6, 1) (20001 pts)
        delta H to (0.8, 1) (20001 pts)
        delta H to (1, 1) (20001 pts)



md16.edr: 0.0 - 20001.0; lambda = (1, 1)
    foreign lambdas:
        delta H to (0.8, 1) (20001 pts)
        delta H to (1, 1) (20001 pts)



md1.edr: 0.0 - 20001.0; lambda = (0, 0)
    foreign lambdas:
        delta H to (0, 0) (20001 pts)
        delta H to (0, 0.1) (20001 pts)



md2.edr: 0.0 - 20001.0; lambda = (0, 0.1)
    foreign lambdas:
        delta H to (0, 0) (20001 pts)
        delta H to (0, 0.1) (20001 pts)
        delta H to (0, 0.2) (20001 pts)



md3.edr: 0.0 - 20001.0; lambda = (0, 0.2)
    foreign lambdas:
        delta H to (0, 0.1) (20001 pts)
        delta H to (0, 0.2) (20001 pts)
        delta H to (0, 0.3) (20001 pts)



md4.edr: 0.0 - 20001.0; lambda = (0, 0.3)
    foreign lambdas:
        delta H to (0, 0.2) (20001 pts)
        delta H to (0, 0.3) (20001 pts)
        delta H to (0, 0.4) (20001 pts)



md5.edr: 0.0 - 20001.0; lambda = (0, 0.4)
    foreign lambdas:
        delta H to (0, 0.3) (20001 pts)
        delta H to (0, 0.4) (20001 pts)
        delta H to (0, 0.5) (20001 pts)



md6.edr: 0.0 - 20001.0; lambda = (0, 0.5)
    foreign lambdas:
        delta H to (0, 0.4) (20001 pts)
        delta H to (0, 0.5) (20001 pts)
        delta H to (0, 0.6) (20001 pts)



md7.edr: 0.0 - 20001.0; lambda = (0, 0.6)
    foreign lambdas:
        delta H to (0, 0.5) (20001 pts)
        delta H to (0, 0.6) (20001 pts)
        delta H to (0, 0.7) (20001 pts)



md8.edr: 0.0 - 20001.0; lambda = (0, 0.7)
    foreign lambdas:
        delta H to (0, 0.6) (20001 pts)
        delta H to (0, 0.7) (20001 pts)
        delta H to (0, 0.8) (20001 pts)



md9.edr: 0.0 - 20001.0; lambda = (0, 0.8)
    foreign lambdas:
        delta H to (0, 0.7) (20001 pts)
        delta H to (0, 0.8) (20001 pts)
        delta H to (0, 0.9) (20001 pts)



   Samples in time interval: 0.000 - 20001.000
Removing samples outside of: 0.000 - 15000.000

Temperature: 298.15 K

Detailed results in kT (see help for explanation):

 lam_A  lam_B      DG   +/-     s_A   +/-     s_B   +/-   stdev   +/- 
     0      1    1.03  0.06    0.82  0.04    0.86  0.04    1.34  0.02
     1      2    1.52  0.11    2.26  0.06    1.77  0.07    2.30  0.04
     2      3    0.20  0.06    2.49  0.11    1.38  0.06    2.01  0.05
     3      4   -0.64  0.02    1.34  0.06    0.83  0.04    1.47  0.03
     4      5   -0.98  0.04    1.13  0.03    0.71  0.01    1.32  0.02
     5      6   -1.28  0.03    0.88  0.04    0.56  0.03    1.16  0.02
     6      7   -1.46  0.02    0.79  0.01    0.50  0.01    1.09  0.00
     7      8   -1.63  0.02    0.68  0.02    0.43  0.02    1.00  0.01
     8      9   -1.78  0.01    0.60  0.02    0.38  0.01    0.93  0.01
     9     10   -1.86  0.01    0.51  0.01    0.33  0.01    0.88  0.00
    10     11   -0.09  0.02    0.06  0.02    0.06  0.02    0.34  0.02
    11     12   -0.20  0.01    0.05  0.01    0.06  0.02    0.33  0.02
    12     13   -0.34  0.01    0.08  0.02    0.09  0.02    0.40  0.02
    13     14   -0.63  0.06    0.20  0.07    0.25  0.08    0.58  0.04
    14     15   -1.15  0.13    0.27  0.09    0.37  0.10    0.86  0.07


Final results in kJ/mol:

point      0 -      1,   DG  2.56 +/-  0.14
point      1 -      2,   DG  3.77 +/-  0.28
point      2 -      3,   DG  0.50 +/-  0.14
point      3 -      4,   DG -1.58 +/-  0.06
point      4 -      5,   DG -2.43 +/-  0.09
point      5 -      6,   DG -3.17 +/-  0.08
point      6 -      7,   DG -3.61 +/-  0.05
point      7 -      8,   DG -4.04 +/-  0.04
point      8 -      9,   DG -4.40 +/-  0.03
point      9 -     10,   DG -4.61 +/-  0.02
point     10 -     11,   DG -0.22 +/-  0.04
point     11 -     12,   DG -0.50 +/-  0.03
point     12 -     13,   DG -0.85 +/-  0.03
point     13 -     14,   DG -1.57 +/-  0.15
point     14 -     15,   DG -2.86 +/-  0.31

total      0 -     15,   DG -23.03 +/-  0.51

