
md10.edr: 0.0 - 20001.0; lambda = (0, 0.9)
    foreign lambdas:
        delta H to (0, 0.8) (20001 pts)
        delta H to (0, 0.9) (20001 pts)
        delta H to (0, 1) (20001 pts)



md11.edr: 0.0 - 20001.0; lambda = (0, 1)
    foreign lambdas:
        delta H to (0, 0.9) (20001 pts)
        delta H to (0, 1) (20001 pts)
        delta H to (0.2, 1) (20001 pts)



md12.edr: 0.0 - 20001.0; lambda = (0.2, 1)
    foreign lambdas:
        delta H to (0, 1) (20001 pts)
        delta H to (0.2, 1) (20001 pts)
        delta H to (0.4, 1) (20001 pts)



md13.edr: 0.0 - 20001.0; lambda = (0.4, 1)
    foreign lambdas:
        delta H to (0.2, 1) (20001 pts)
        delta H to (0.4, 1) (20001 pts)
        delta H to (0.6, 1) (20001 pts)



md14.edr: 0.0 - 20001.0; lambda = (0.6, 1)
    foreign lambdas:
        delta H to (0.4, 1) (20001 pts)
        delta H to (0.6, 1) (20001 pts)
        delta H to (0.8, 1) (20001 pts)



md15.edr: 0.0 - 20001.0; lambda = (0.8, 1)
    foreign lambdas:
        delta H to (0.6, 1) (20001 pts)
        delta H to (0.8, 1) (20001 pts)
        delta H to (1, 1) (20001 pts)



md16.edr: 0.0 - 20001.0; lambda = (1, 1)
    foreign lambdas:
        delta H to (0.8, 1) (20001 pts)
        delta H to (1, 1) (20001 pts)



md1.edr: 0.0 - 20001.0; lambda = (0, 0)
    foreign lambdas:
        delta H to (0, 0) (20001 pts)
        delta H to (0, 0.1) (20001 pts)



md2.edr: 0.0 - 20001.0; lambda = (0, 0.1)
    foreign lambdas:
        delta H to (0, 0) (20001 pts)
        delta H to (0, 0.1) (20001 pts)
        delta H to (0, 0.2) (20001 pts)



md3.edr: 0.0 - 20001.0; lambda = (0, 0.2)
    foreign lambdas:
        delta H to (0, 0.1) (20001 pts)
        delta H to (0, 0.2) (20001 pts)
        delta H to (0, 0.3) (20001 pts)



md4.edr: 0.0 - 20001.0; lambda = (0, 0.3)
    foreign lambdas:
        delta H to (0, 0.2) (20001 pts)
        delta H to (0, 0.3) (20001 pts)
        delta H to (0, 0.4) (20001 pts)



md5.edr: 0.0 - 20001.0; lambda = (0, 0.4)
    foreign lambdas:
        delta H to (0, 0.3) (20001 pts)
        delta H to (0, 0.4) (20001 pts)
        delta H to (0, 0.5) (20001 pts)



md6.edr: 0.0 - 20001.0; lambda = (0, 0.5)
    foreign lambdas:
        delta H to (0, 0.4) (20001 pts)
        delta H to (0, 0.5) (20001 pts)
        delta H to (0, 0.6) (20001 pts)



md7.edr: 0.0 - 20001.0; lambda = (0, 0.6)
    foreign lambdas:
        delta H to (0, 0.5) (20001 pts)
        delta H to (0, 0.6) (20001 pts)
        delta H to (0, 0.7) (20001 pts)



md8.edr: 0.0 - 20001.0; lambda = (0, 0.7)
    foreign lambdas:
        delta H to (0, 0.6) (20001 pts)
        delta H to (0, 0.7) (20001 pts)
        delta H to (0, 0.8) (20001 pts)



md9.edr: 0.0 - 20001.0; lambda = (0, 0.8)
    foreign lambdas:
        delta H to (0, 0.7) (20001 pts)
        delta H to (0, 0.8) (20001 pts)
        delta H to (0, 0.9) (20001 pts)



   Samples in time interval: 0.000 - 20001.000
Removing samples outside of: 0.000 - 1000.000

Temperature: 298.15 K

Detailed results in kT (see help for explanation):

 lam_A  lam_B      DG   +/-     s_A   +/-     s_B   +/-   stdev   +/- 
     0      1    1.08  0.01    0.16  0.02    0.18  0.02    0.56  0.01
     1      2    3.06  0.06    0.72  0.05    0.85  0.06    1.26  0.04
     2      3    3.34  0.14    2.44  0.09    2.02  0.12    2.48  0.10
     3      4    1.38  0.07    2.71  0.08    1.45  0.03    2.11  0.02
     4      5    0.18  0.02    1.46  0.08    0.86  0.05    1.48  0.03
     5      6   -0.42  0.03    0.93  0.04    0.59  0.02    1.18  0.03
     6      7   -0.75  0.02    0.64  0.03    0.42  0.02    0.97  0.01
     7      8   -0.95  0.02    0.52  0.03    0.36  0.01    0.90  0.02
     8      9   -1.09  0.01    0.43  0.03    0.29  0.02    0.82  0.01
     9     10   -1.19  0.02    0.37  0.03    0.27  0.02    0.77  0.01
    10     11   -0.32  0.03    0.32  0.02    0.33  0.02    0.82  0.01
    11     12   -1.07  0.02    0.41  0.03    0.46  0.03    0.95  0.02
    12     13   -2.08  0.05    0.55  0.03    0.63  0.03    1.15  0.01
    13     14   -3.49  0.04    0.78  0.03    0.82  0.03    1.31  0.03
    14     15   -5.33  0.03    1.02  0.02    1.02  0.02    1.44  0.02


Final results in kJ/mol:

point      0 -      1,   DG  2.68 +/-  0.03
point      1 -      2,   DG  7.58 +/-  0.16
point      2 -      3,   DG  8.28 +/-  0.34
point      3 -      4,   DG  3.42 +/-  0.18
point      4 -      5,   DG  0.45 +/-  0.06
point      5 -      6,   DG -1.04 +/-  0.07
point      6 -      7,   DG -1.85 +/-  0.04
point      7 -      8,   DG -2.35 +/-  0.05
point      8 -      9,   DG -2.71 +/-  0.01
point      9 -     10,   DG -2.96 +/-  0.04
point     10 -     11,   DG -0.80 +/-  0.08
point     11 -     12,   DG -2.64 +/-  0.06
point     12 -     13,   DG -5.17 +/-  0.12
point     13 -     14,   DG -8.66 +/-  0.09
point     14 -     15,   DG -13.21 +/-  0.08

total      0 -     15,   DG -18.99 +/-  0.42

