
md10.edr: 0.0 - 20001.0; lambda = (0, 0.9)
    foreign lambdas:
        delta H to (0, 0.8) (20001 pts)
        delta H to (0, 0.9) (20001 pts)
        delta H to (0, 1) (20001 pts)



md11.edr: 0.0 - 20001.0; lambda = (0, 1)
    foreign lambdas:
        delta H to (0, 0.9) (20001 pts)
        delta H to (0, 1) (20001 pts)
        delta H to (0.2, 1) (20001 pts)



md12.edr: 0.0 - 20001.0; lambda = (0.2, 1)
    foreign lambdas:
        delta H to (0, 1) (20001 pts)
        delta H to (0.2, 1) (20001 pts)
        delta H to (0.4, 1) (20001 pts)



md13.edr: 0.0 - 20001.0; lambda = (0.4, 1)
    foreign lambdas:
        delta H to (0.2, 1) (20001 pts)
        delta H to (0.4, 1) (20001 pts)
        delta H to (0.6, 1) (20001 pts)



md14.edr: 0.0 - 20001.0; lambda = (0.6, 1)
    foreign lambdas:
        delta H to (0.4, 1) (20001 pts)
        delta H to (0.6, 1) (20001 pts)
        delta H to (0.8, 1) (20001 pts)



md15.edr: 0.0 - 20001.0; lambda = (0.8, 1)
    foreign lambdas:
        delta H to (0.6, 1) (20001 pts)
        delta H to (0.8, 1) (20001 pts)
        delta H to (1, 1) (20001 pts)



md16.edr: 0.0 - 20001.0; lambda = (1, 1)
    foreign lambdas:
        delta H to (0.8, 1) (20001 pts)
        delta H to (1, 1) (20001 pts)



md1.edr: 0.0 - 20001.0; lambda = (0, 0)
    foreign lambdas:
        delta H to (0, 0) (20001 pts)
        delta H to (0, 0.1) (20001 pts)



md2.edr: 0.0 - 20001.0; lambda = (0, 0.1)
    foreign lambdas:
        delta H to (0, 0) (20001 pts)
        delta H to (0, 0.1) (20001 pts)
        delta H to (0, 0.2) (20001 pts)



md3.edr: 0.0 - 20001.0; lambda = (0, 0.2)
    foreign lambdas:
        delta H to (0, 0.1) (20001 pts)
        delta H to (0, 0.2) (20001 pts)
        delta H to (0, 0.3) (20001 pts)



md4.edr: 0.0 - 20001.0; lambda = (0, 0.3)
    foreign lambdas:
        delta H to (0, 0.2) (20001 pts)
        delta H to (0, 0.3) (20001 pts)
        delta H to (0, 0.4) (20001 pts)



md5.edr: 0.0 - 20001.0; lambda = (0, 0.4)
    foreign lambdas:
        delta H to (0, 0.3) (20001 pts)
        delta H to (0, 0.4) (20001 pts)
        delta H to (0, 0.5) (20001 pts)



md6.edr: 0.0 - 20001.0; lambda = (0, 0.5)
    foreign lambdas:
        delta H to (0, 0.4) (20001 pts)
        delta H to (0, 0.5) (20001 pts)
        delta H to (0, 0.6) (20001 pts)



md7.edr: 0.0 - 20001.0; lambda = (0, 0.6)
    foreign lambdas:
        delta H to (0, 0.5) (20001 pts)
        delta H to (0, 0.6) (20001 pts)
        delta H to (0, 0.7) (20001 pts)



md8.edr: 0.0 - 20001.0; lambda = (0, 0.7)
    foreign lambdas:
        delta H to (0, 0.6) (20001 pts)
        delta H to (0, 0.7) (20001 pts)
        delta H to (0, 0.8) (20001 pts)



md9.edr: 0.0 - 20001.0; lambda = (0, 0.8)
    foreign lambdas:
        delta H to (0, 0.7) (20001 pts)
        delta H to (0, 0.8) (20001 pts)
        delta H to (0, 0.9) (20001 pts)



   Samples in time interval: 0.000 - 20001.000
Removing samples outside of: 0.000 - 3000.000

Temperature: 298.15 K

Detailed results in kT (see help for explanation):

 lam_A  lam_B      DG   +/-     s_A   +/-     s_B   +/-   stdev   +/- 
     0      1    1.06  0.01    0.16  0.01    0.17  0.01    0.56  0.01
     1      2    3.12  0.04    0.61  0.03    0.72  0.03    1.20  0.02
     2      3    3.43  0.06    2.69  0.06    2.25  0.06    2.65  0.05
     3      4    1.30  0.03    2.56  0.04    1.40  0.02    2.05  0.01
     4      5    0.16  0.01    1.39  0.03    0.80  0.01    1.45  0.01
     5      6   -0.39  0.01    0.95  0.02    0.59  0.01    1.20  0.01
     6      7   -0.73  0.01    0.67  0.02    0.43  0.01    1.01  0.01
     7      8   -0.94  0.01    0.54  0.02    0.36  0.01    0.90  0.01
     8      9   -1.08  0.01    0.41  0.02    0.28  0.02    0.81  0.01
     9     10   -1.16  0.01    0.37  0.01    0.26  0.01    0.77  0.01
    10     11   -0.22  0.01    0.26  0.01    0.28  0.01    0.72  0.00
    11     12   -0.82  0.01    0.32  0.01    0.36  0.01    0.84  0.01
    12     13   -1.66  0.01    0.48  0.02    0.54  0.02    1.03  0.01
    13     14   -2.87  0.02    0.67  0.02    0.72  0.02    1.21  0.01
    14     15   -4.37  0.03    0.78  0.02    0.81  0.02    1.30  0.01


Final results in kJ/mol:

point      0 -      1,   DG  2.62 +/-  0.02
point      1 -      2,   DG  7.74 +/-  0.10
point      2 -      3,   DG  8.50 +/-  0.15
point      3 -      4,   DG  3.21 +/-  0.08
point      4 -      5,   DG  0.39 +/-  0.03
point      5 -      6,   DG -0.96 +/-  0.02
point      6 -      7,   DG -1.80 +/-  0.02
point      7 -      8,   DG -2.33 +/-  0.04
point      8 -      9,   DG -2.67 +/-  0.04
point      9 -     10,   DG -2.89 +/-  0.02
point     10 -     11,   DG -0.55 +/-  0.02
point     11 -     12,   DG -2.04 +/-  0.03
point     12 -     13,   DG -4.12 +/-  0.02
point     13 -     14,   DG -7.12 +/-  0.06
point     14 -     15,   DG -10.84 +/-  0.08

total      0 -     15,   DG -12.86 +/-  0.39

