
md10.edr: 0.0 - 20001.0; lambda = (0, 0.9)
    foreign lambdas:
        delta H to (0, 0.8) (20001 pts)
        delta H to (0, 0.9) (20001 pts)
        delta H to (0, 1) (20001 pts)



md11.edr: 0.0 - 20001.0; lambda = (0, 1)
    foreign lambdas:
        delta H to (0, 0.9) (20001 pts)
        delta H to (0, 1) (20001 pts)
        delta H to (0.2, 1) (20001 pts)



md12.edr: 0.0 - 20001.0; lambda = (0.2, 1)
    foreign lambdas:
        delta H to (0, 1) (20001 pts)
        delta H to (0.2, 1) (20001 pts)
        delta H to (0.4, 1) (20001 pts)



md13.edr: 0.0 - 20001.0; lambda = (0.4, 1)
    foreign lambdas:
        delta H to (0.2, 1) (20001 pts)
        delta H to (0.4, 1) (20001 pts)
        delta H to (0.6, 1) (20001 pts)



md14.edr: 0.0 - 20001.0; lambda = (0.6, 1)
    foreign lambdas:
        delta H to (0.4, 1) (20001 pts)
        delta H to (0.6, 1) (20001 pts)
        delta H to (0.8, 1) (20001 pts)



md15.edr: 0.0 - 20001.0; lambda = (0.8, 1)
    foreign lambdas:
        delta H to (0.6, 1) (20001 pts)
        delta H to (0.8, 1) (20001 pts)
        delta H to (1, 1) (20001 pts)



md16.edr: 0.0 - 20001.0; lambda = (1, 1)
    foreign lambdas:
        delta H to (0.8, 1) (20001 pts)
        delta H to (1, 1) (20001 pts)



md1.edr: 0.0 - 20001.0; lambda = (0, 0)
    foreign lambdas:
        delta H to (0, 0) (20001 pts)
        delta H to (0, 0.1) (20001 pts)



md2.edr: 0.0 - 20001.0; lambda = (0, 0.1)
    foreign lambdas:
        delta H to (0, 0) (20001 pts)
        delta H to (0, 0.1) (20001 pts)
        delta H to (0, 0.2) (20001 pts)



md3.edr: 0.0 - 20001.0; lambda = (0, 0.2)
    foreign lambdas:
        delta H to (0, 0.1) (20001 pts)
        delta H to (0, 0.2) (20001 pts)
        delta H to (0, 0.3) (20001 pts)



md4.edr: 0.0 - 20001.0; lambda = (0, 0.3)
    foreign lambdas:
        delta H to (0, 0.2) (20001 pts)
        delta H to (0, 0.3) (20001 pts)
        delta H to (0, 0.4) (20001 pts)



md5.edr: 0.0 - 20001.0; lambda = (0, 0.4)
    foreign lambdas:
        delta H to (0, 0.3) (20001 pts)
        delta H to (0, 0.4) (20001 pts)
        delta H to (0, 0.5) (20001 pts)



md6.edr: 0.0 - 20001.0; lambda = (0, 0.5)
    foreign lambdas:
        delta H to (0, 0.4) (20001 pts)
        delta H to (0, 0.5) (20001 pts)
        delta H to (0, 0.6) (20001 pts)



md7.edr: 0.0 - 20001.0; lambda = (0, 0.6)
    foreign lambdas:
        delta H to (0, 0.5) (20001 pts)
        delta H to (0, 0.6) (20001 pts)
        delta H to (0, 0.7) (20001 pts)



md8.edr: 0.0 - 20001.0; lambda = (0, 0.7)
    foreign lambdas:
        delta H to (0, 0.6) (20001 pts)
        delta H to (0, 0.7) (20001 pts)
        delta H to (0, 0.8) (20001 pts)



md9.edr: 0.0 - 20001.0; lambda = (0, 0.8)
    foreign lambdas:
        delta H to (0, 0.7) (20001 pts)
        delta H to (0, 0.8) (20001 pts)
        delta H to (0, 0.9) (20001 pts)



   Samples in time interval: 0.000 - 20001.000
Removing samples outside of: 0.000 - 1000.000

Temperature: 298.15 K

Detailed results in kT (see help for explanation):

 lam_A  lam_B      DG   +/-     s_A   +/-     s_B   +/-   stdev   +/- 
     0      1    1.05  0.01    0.18  0.00    0.19  0.00    0.56  0.01
     1      2    3.10  0.08    0.60  0.06    0.71  0.07    1.19  0.03
     2      3    3.44  0.14    2.66  0.16    2.26  0.14    2.63  0.12
     3      4    1.33  0.04    2.55  0.11    1.38  0.05    2.05  0.04
     4      5    0.18  0.03    1.46  0.06    0.85  0.03    1.47  0.03
     5      6   -0.39  0.03    0.91  0.05    0.56  0.04    1.19  0.02
     6      7   -0.71  0.02    0.70  0.05    0.45  0.02    1.03  0.02
     7      8   -0.96  0.02    0.56  0.03    0.38  0.02    0.89  0.02
     8      9   -1.10  0.03    0.38  0.02    0.26  0.02    0.80  0.01
     9     10   -1.18  0.01    0.38  0.02    0.26  0.02    0.76  0.01
    10     11   -0.21  0.02    0.25  0.02    0.27  0.02    0.72  0.01
    11     12   -0.80  0.02    0.32  0.02    0.36  0.02    0.82  0.02
    12     13   -1.65  0.01    0.49  0.01    0.56  0.02    1.03  0.02
    13     14   -2.90  0.03    0.69  0.04    0.75  0.04    1.22  0.03
    14     15   -4.40  0.07    0.75  0.03    0.78  0.03    1.29  0.02


Final results in kJ/mol:

point      0 -      1,   DG  2.61 +/-  0.03
point      1 -      2,   DG  7.68 +/-  0.20
point      2 -      3,   DG  8.54 +/-  0.34
point      3 -      4,   DG  3.29 +/-  0.10
point      4 -      5,   DG  0.44 +/-  0.06
point      5 -      6,   DG -0.96 +/-  0.07
point      6 -      7,   DG -1.75 +/-  0.05
point      7 -      8,   DG -2.39 +/-  0.05
point      8 -      9,   DG -2.73 +/-  0.07
point      9 -     10,   DG -2.91 +/-  0.03
point     10 -     11,   DG -0.52 +/-  0.04
point     11 -     12,   DG -1.98 +/-  0.05
point     12 -     13,   DG -4.09 +/-  0.02
point     13 -     14,   DG -7.19 +/-  0.08
point     14 -     15,   DG -10.91 +/-  0.18

total      0 -     15,   DG -12.87 +/-  0.78

