
md10.edr: 0.0 - 20001.0; lambda = (0, 0.9)
    foreign lambdas:
        delta H to (0, 0.8) (20001 pts)
        delta H to (0, 0.9) (20001 pts)
        delta H to (0, 1) (20001 pts)



md11.edr: 0.0 - 20001.0; lambda = (0, 1)
    foreign lambdas:
        delta H to (0, 0.9) (20001 pts)
        delta H to (0, 1) (20001 pts)
        delta H to (0.2, 1) (20001 pts)



md12.edr: 0.0 - 20001.0; lambda = (0.2, 1)
    foreign lambdas:
        delta H to (0, 1) (20001 pts)
        delta H to (0.2, 1) (20001 pts)
        delta H to (0.4, 1) (20001 pts)



md13.edr: 0.0 - 20001.0; lambda = (0.4, 1)
    foreign lambdas:
        delta H to (0.2, 1) (20001 pts)
        delta H to (0.4, 1) (20001 pts)
        delta H to (0.6, 1) (20001 pts)



md14.edr: 0.0 - 20001.0; lambda = (0.6, 1)
    foreign lambdas:
        delta H to (0.4, 1) (20001 pts)
        delta H to (0.6, 1) (20001 pts)
        delta H to (0.8, 1) (20001 pts)



md15.edr: 0.0 - 20001.0; lambda = (0.8, 1)
    foreign lambdas:
        delta H to (0.6, 1) (20001 pts)
        delta H to (0.8, 1) (20001 pts)
        delta H to (1, 1) (20001 pts)



md16.edr: 0.0 - 20001.0; lambda = (1, 1)
    foreign lambdas:
        delta H to (0.8, 1) (20001 pts)
        delta H to (1, 1) (20001 pts)



md1.edr: 0.0 - 20001.0; lambda = (0, 0)
    foreign lambdas:
        delta H to (0, 0) (20001 pts)
        delta H to (0, 0.1) (20001 pts)



md2.edr: 0.0 - 20001.0; lambda = (0, 0.1)
    foreign lambdas:
        delta H to (0, 0) (20001 pts)
        delta H to (0, 0.1) (20001 pts)
        delta H to (0, 0.2) (20001 pts)



md3.edr: 0.0 - 20001.0; lambda = (0, 0.2)
    foreign lambdas:
        delta H to (0, 0.1) (20001 pts)
        delta H to (0, 0.2) (20001 pts)
        delta H to (0, 0.3) (20001 pts)



md4.edr: 0.0 - 20001.0; lambda = (0, 0.3)
    foreign lambdas:
        delta H to (0, 0.2) (20001 pts)
        delta H to (0, 0.3) (20001 pts)
        delta H to (0, 0.4) (20001 pts)



md5.edr: 0.0 - 20001.0; lambda = (0, 0.4)
    foreign lambdas:
        delta H to (0, 0.3) (20001 pts)
        delta H to (0, 0.4) (20001 pts)
        delta H to (0, 0.5) (20001 pts)



md6.edr: 0.0 - 20001.0; lambda = (0, 0.5)
    foreign lambdas:
        delta H to (0, 0.4) (20001 pts)
        delta H to (0, 0.5) (20001 pts)
        delta H to (0, 0.6) (20001 pts)



md7.edr: 0.0 - 20001.0; lambda = (0, 0.6)
    foreign lambdas:
        delta H to (0, 0.5) (20001 pts)
        delta H to (0, 0.6) (20001 pts)
        delta H to (0, 0.7) (20001 pts)



md8.edr: 0.0 - 20001.0; lambda = (0, 0.7)
    foreign lambdas:
        delta H to (0, 0.6) (20001 pts)
        delta H to (0, 0.7) (20001 pts)
        delta H to (0, 0.8) (20001 pts)



md9.edr: 0.0 - 20001.0; lambda = (0, 0.8)
    foreign lambdas:
        delta H to (0, 0.7) (20001 pts)
        delta H to (0, 0.8) (20001 pts)
        delta H to (0, 0.9) (20001 pts)



Temperature: 298.15 K

Detailed results in kT (see help for explanation):

 lam_A  lam_B      DG   +/-     s_A   +/-     s_B   +/-   stdev   +/- 
     0      1    1.11  0.07    0.88  0.03    0.94  0.03    1.39  0.03
     1      2    1.32  0.06    2.50  0.10    1.82  0.07    2.36  0.06
     2      3    0.03  0.05    2.12  0.08    1.23  0.04    1.87  0.04
     3      4   -0.69  0.04    1.42  0.05    0.86  0.03    1.49  0.03
     4      5   -1.05  0.01    1.03  0.03    0.66  0.02    1.27  0.01
     5      6   -1.31  0.02    0.89  0.01    0.58  0.01    1.17  0.01
     6      7   -1.51  0.01    0.77  0.01    0.49  0.01    1.09  0.01
     7      8   -1.66  0.01    0.71  0.01    0.44  0.01    1.02  0.01
     8      9   -1.80  0.01    0.63  0.01    0.40  0.01    0.95  0.01
     9     10   -1.90  0.01    0.52  0.01    0.33  0.00    0.88  0.01
    10     11   -0.04  0.02    0.07  0.02    0.07  0.02    0.34  0.02
    11     12   -0.20  0.02    0.09  0.01    0.10  0.01    0.35  0.02
    12     13   -0.36  0.02    0.07  0.04    0.08  0.04    0.43  0.01
    13     14   -0.68  0.06    0.23  0.07    0.28  0.08    0.62  0.04
    14     15   -1.28  0.09    0.32  0.12    0.40  0.12    0.91  0.04


Final results in kJ/mol:

point      0 -      1,   DG  2.75 +/-  0.18
point      1 -      2,   DG  3.28 +/-  0.16
point      2 -      3,   DG  0.08 +/-  0.12
point      3 -      4,   DG -1.70 +/-  0.10
point      4 -      5,   DG -2.61 +/-  0.04
point      5 -      6,   DG -3.24 +/-  0.05
point      6 -      7,   DG -3.76 +/-  0.02
point      7 -      8,   DG -4.12 +/-  0.03
point      8 -      9,   DG -4.47 +/-  0.03
point      9 -     10,   DG -4.72 +/-  0.02
point     10 -     11,   DG -0.10 +/-  0.04
point     11 -     12,   DG -0.49 +/-  0.06
point     12 -     13,   DG -0.90 +/-  0.04
point     13 -     14,   DG -1.68 +/-  0.15
point     14 -     15,   DG -3.18 +/-  0.23

total      0 -     15,   DG -24.86 +/-  0.31

