
md10.edr: 0.0 - 20001.0; lambda = (0, 0.9)
    foreign lambdas:
        delta H to (0, 0.8) (20001 pts)
        delta H to (0, 0.9) (20001 pts)
        delta H to (0, 1) (20001 pts)



md11.edr: 0.0 - 20001.0; lambda = (0, 1)
    foreign lambdas:
        delta H to (0, 0.9) (20001 pts)
        delta H to (0, 1) (20001 pts)
        delta H to (0.2, 1) (20001 pts)



md12.edr: 0.0 - 20001.0; lambda = (0.2, 1)
    foreign lambdas:
        delta H to (0, 1) (20001 pts)
        delta H to (0.2, 1) (20001 pts)
        delta H to (0.4, 1) (20001 pts)



md13.edr: 0.0 - 20001.0; lambda = (0.4, 1)
    foreign lambdas:
        delta H to (0.2, 1) (20001 pts)
        delta H to (0.4, 1) (20001 pts)
        delta H to (0.6, 1) (20001 pts)



md14.edr: 0.0 - 20001.0; lambda = (0.6, 1)
    foreign lambdas:
        delta H to (0.4, 1) (20001 pts)
        delta H to (0.6, 1) (20001 pts)
        delta H to (0.8, 1) (20001 pts)



md15.edr: 0.0 - 20001.0; lambda = (0.8, 1)
    foreign lambdas:
        delta H to (0.6, 1) (20001 pts)
        delta H to (0.8, 1) (20001 pts)
        delta H to (1, 1) (20001 pts)



md16.edr: 0.0 - 20001.0; lambda = (1, 1)
    foreign lambdas:
        delta H to (0.8, 1) (20001 pts)
        delta H to (1, 1) (20001 pts)



md1.edr: 0.0 - 20001.0; lambda = (0, 0)
    foreign lambdas:
        delta H to (0, 0) (20001 pts)
        delta H to (0, 0.1) (20001 pts)



md2.edr: 0.0 - 20001.0; lambda = (0, 0.1)
    foreign lambdas:
        delta H to (0, 0) (20001 pts)
        delta H to (0, 0.1) (20001 pts)
        delta H to (0, 0.2) (20001 pts)



md3.edr: 0.0 - 20001.0; lambda = (0, 0.2)
    foreign lambdas:
        delta H to (0, 0.1) (20001 pts)
        delta H to (0, 0.2) (20001 pts)
        delta H to (0, 0.3) (20001 pts)



md4.edr: 0.0 - 20001.0; lambda = (0, 0.3)
    foreign lambdas:
        delta H to (0, 0.2) (20001 pts)
        delta H to (0, 0.3) (20001 pts)
        delta H to (0, 0.4) (20001 pts)



md5.edr: 0.0 - 20001.0; lambda = (0, 0.4)
    foreign lambdas:
        delta H to (0, 0.3) (20001 pts)
        delta H to (0, 0.4) (20001 pts)
        delta H to (0, 0.5) (20001 pts)



md6.edr: 0.0 - 20001.0; lambda = (0, 0.5)
    foreign lambdas:
        delta H to (0, 0.4) (20001 pts)
        delta H to (0, 0.5) (20001 pts)
        delta H to (0, 0.6) (20001 pts)



md7.edr: 0.0 - 20001.0; lambda = (0, 0.6)
    foreign lambdas:
        delta H to (0, 0.5) (20001 pts)
        delta H to (0, 0.6) (20001 pts)
        delta H to (0, 0.7) (20001 pts)



md8.edr: 0.0 - 20001.0; lambda = (0, 0.7)
    foreign lambdas:
        delta H to (0, 0.6) (20001 pts)
        delta H to (0, 0.7) (20001 pts)
        delta H to (0, 0.8) (20001 pts)



md9.edr: 0.0 - 20001.0; lambda = (0, 0.8)
    foreign lambdas:
        delta H to (0, 0.7) (20001 pts)
        delta H to (0, 0.8) (20001 pts)
        delta H to (0, 0.9) (20001 pts)



   Samples in time interval: 0.000 - 20001.000
Removing samples outside of: 0.000 - 5000.000

Temperature: 298.15 K

Detailed results in kT (see help for explanation):

 lam_A  lam_B      DG   +/-     s_A   +/-     s_B   +/-   stdev   +/- 
     0      1    1.02  0.09    1.01  0.11    1.03  0.12    1.49  0.05
     1      2    1.19  0.15    2.27  0.18    1.64  0.13    2.22  0.08
     2      3    0.10  0.08    2.18  0.14    1.25  0.06    1.90  0.05
     3      4   -0.65  0.04    1.43  0.10    0.88  0.06    1.49  0.05
     4      5   -1.04  0.07    1.06  0.04    0.68  0.03    1.30  0.03
     5      6   -1.29  0.04    0.91  0.02    0.59  0.02    1.19  0.01
     6      7   -1.47  0.02    0.79  0.05    0.50  0.03    1.11  0.02
     7      8   -1.62  0.02    0.73  0.02    0.43  0.01    1.03  0.02
     8      9   -1.76  0.02    0.64  0.03    0.40  0.02    0.95  0.02
     9     10   -1.90  0.02    0.50  0.01    0.32  0.01    0.87  0.01
    10     11   -0.07  0.01    0.07  0.05    0.07  0.05    0.32  0.04
    11     12   -0.23  0.08    0.09  0.02    0.09  0.02    0.35  0.03
    12     13   -0.40  0.06    0.08  0.08    0.10  0.09    0.44  0.04
    13     14   -0.89  0.09    0.39  0.07    0.44  0.08    0.71  0.06
    14     15   -1.38  0.18    0.05  0.18    0.14  0.19    0.91  0.08


Final results in kJ/mol:

point      0 -      1,   DG  2.53 +/-  0.23
point      1 -      2,   DG  2.95 +/-  0.36
point      2 -      3,   DG  0.25 +/-  0.20
point      3 -      4,   DG -1.61 +/-  0.09
point      4 -      5,   DG -2.57 +/-  0.17
point      5 -      6,   DG -3.20 +/-  0.09
point      6 -      7,   DG -3.66 +/-  0.06
point      7 -      8,   DG -4.02 +/-  0.04
point      8 -      9,   DG -4.37 +/-  0.05
point      9 -     10,   DG -4.70 +/-  0.06
point     10 -     11,   DG -0.17 +/-  0.04
point     11 -     12,   DG -0.57 +/-  0.19
point     12 -     13,   DG -1.00 +/-  0.14
point     13 -     14,   DG -2.20 +/-  0.22
point     14 -     15,   DG -3.42 +/-  0.44

total      0 -     15,   DG -25.74 +/-  0.95

