
md10.edr: 0.0 - 20001.0; lambda = (0, 0.9)
    foreign lambdas:
        delta H to (0, 0.8) (20001 pts)
        delta H to (0, 0.9) (20001 pts)
        delta H to (0, 1) (20001 pts)



md11.edr: 0.0 - 20001.0; lambda = (0, 1)
    foreign lambdas:
        delta H to (0, 0.9) (20001 pts)
        delta H to (0, 1) (20001 pts)
        delta H to (0.2, 1) (20001 pts)



md12.edr: 0.0 - 20001.0; lambda = (0.2, 1)
    foreign lambdas:
        delta H to (0, 1) (20001 pts)
        delta H to (0.2, 1) (20001 pts)
        delta H to (0.4, 1) (20001 pts)



md13.edr: 0.0 - 20001.0; lambda = (0.4, 1)
    foreign lambdas:
        delta H to (0.2, 1) (20001 pts)
        delta H to (0.4, 1) (20001 pts)
        delta H to (0.6, 1) (20001 pts)



md14.edr: 0.0 - 20001.0; lambda = (0.6, 1)
    foreign lambdas:
        delta H to (0.4, 1) (20001 pts)
        delta H to (0.6, 1) (20001 pts)
        delta H to (0.8, 1) (20001 pts)



md15.edr: 0.0 - 20001.0; lambda = (0.8, 1)
    foreign lambdas:
        delta H to (0.6, 1) (20001 pts)
        delta H to (0.8, 1) (20001 pts)
        delta H to (1, 1) (20001 pts)



md16.edr: 0.0 - 20001.0; lambda = (1, 1)
    foreign lambdas:
        delta H to (0.8, 1) (20001 pts)
        delta H to (1, 1) (20001 pts)



md1.edr: 0.0 - 20001.0; lambda = (0, 0)
    foreign lambdas:
        delta H to (0, 0) (20001 pts)
        delta H to (0, 0.1) (20001 pts)



md2.edr: 0.0 - 20001.0; lambda = (0, 0.1)
    foreign lambdas:
        delta H to (0, 0) (20001 pts)
        delta H to (0, 0.1) (20001 pts)
        delta H to (0, 0.2) (20001 pts)



md3.edr: 0.0 - 20001.0; lambda = (0, 0.2)
    foreign lambdas:
        delta H to (0, 0.1) (20001 pts)
        delta H to (0, 0.2) (20001 pts)
        delta H to (0, 0.3) (20001 pts)



md4.edr: 0.0 - 20001.0; lambda = (0, 0.3)
    foreign lambdas:
        delta H to (0, 0.2) (20001 pts)
        delta H to (0, 0.3) (20001 pts)
        delta H to (0, 0.4) (20001 pts)



md5.edr: 0.0 - 20001.0; lambda = (0, 0.4)
    foreign lambdas:
        delta H to (0, 0.3) (20001 pts)
        delta H to (0, 0.4) (20001 pts)
        delta H to (0, 0.5) (20001 pts)



md6.edr: 0.0 - 20001.0; lambda = (0, 0.5)
    foreign lambdas:
        delta H to (0, 0.4) (20001 pts)
        delta H to (0, 0.5) (20001 pts)
        delta H to (0, 0.6) (20001 pts)



md7.edr: 0.0 - 20001.0; lambda = (0, 0.6)
    foreign lambdas:
        delta H to (0, 0.5) (20001 pts)
        delta H to (0, 0.6) (20001 pts)
        delta H to (0, 0.7) (20001 pts)



md8.edr: 0.0 - 20001.0; lambda = (0, 0.7)
    foreign lambdas:
        delta H to (0, 0.6) (20001 pts)
        delta H to (0, 0.7) (20001 pts)
        delta H to (0, 0.8) (20001 pts)



md9.edr: 0.0 - 20001.0; lambda = (0, 0.8)
    foreign lambdas:
        delta H to (0, 0.7) (20001 pts)
        delta H to (0, 0.8) (20001 pts)
        delta H to (0, 0.9) (20001 pts)



   Samples in time interval: 0.000 - 20001.000
Removing samples outside of: 0.000 - 1000.000

Temperature: 298.15 K

Detailed results in kT (see help for explanation):

 lam_A  lam_B      DG   +/-     s_A   +/-     s_B   +/-   stdev   +/- 
     0      1    0.81  0.15    1.15  0.11    1.13  0.13    1.49  0.08
     1      2    0.92  0.23    1.97  0.23    1.51  0.21    2.05  0.15
     2      3    0.11  0.14    1.92  0.15    1.15  0.10    1.81  0.08
     3      4   -0.68  0.03    1.58  0.09    0.95  0.08    1.55  0.05
     4      5   -1.10  0.07    0.94  0.08    0.58  0.06    1.23  0.05
     5      6   -1.35  0.07    0.96  0.11    0.64  0.07    1.20  0.05
     6      7   -1.51  0.04    0.69  0.08    0.44  0.05    1.06  0.02
     7      8   -1.63  0.02    0.71  0.05    0.43  0.03    1.00  0.03
     8      9   -1.77  0.02    0.57  0.05    0.35  0.03    0.91  0.03
     9     10   -1.89  0.03    0.54  0.04    0.35  0.03    0.86  0.02
    10     11   -0.12  0.04    0.25  0.04    0.24  0.04    0.42  0.02
    11     12   -0.52  0.03    0.16  0.02    0.16  0.03    0.37  0.02
    12     13   -0.58  0.08   -0.10  0.08   -0.09  0.08    0.42  0.03
    13     14   -1.01  0.15    0.52  0.08    0.56  0.19    0.76  0.09
    14     15   -1.21  0.13   -0.36  0.11   -0.33  0.10    0.79  0.07

WARNING: Some of these results violate the Second Law of Thermodynamics: 
         This is can be the result of severe undersampling, or (more likely)
         there is something wrong with the simulations.


Final results in kJ/mol:

point      0 -      1,   DG  2.02 +/-  0.38
point      1 -      2,   DG  2.27 +/-  0.58
point      2 -      3,   DG  0.27 +/-  0.35
point      3 -      4,   DG -1.67 +/-  0.07
point      4 -      5,   DG -2.74 +/-  0.18
point      5 -      6,   DG -3.36 +/-  0.18
point      6 -      7,   DG -3.75 +/-  0.10
point      7 -      8,   DG -4.04 +/-  0.04
point      8 -      9,   DG -4.38 +/-  0.05
point      9 -     10,   DG -4.69 +/-  0.07
point     10 -     11,   DG -0.31 +/-  0.11
point     11 -     12,   DG -1.30 +/-  0.07
point     12 -     13,   DG -1.43 +/-  0.19
point     13 -     14,   DG -2.50 +/-  0.37
point     14 -     15,   DG -3.00 +/-  0.33

total      0 -     15,   DG -28.60 +/-  1.14

