
md10.edr: 0.0 - 20001.0; lambda = (0, 0.9)
    foreign lambdas:
        delta H to (0, 0.8) (20001 pts)
        delta H to (0, 0.9) (20001 pts)
        delta H to (0, 1) (20001 pts)



md11.edr: 0.0 - 20001.0; lambda = (0, 1)
    foreign lambdas:
        delta H to (0, 0.9) (20001 pts)
        delta H to (0, 1) (20001 pts)
        delta H to (0.2, 1) (20001 pts)



md12.edr: 0.0 - 20001.0; lambda = (0.2, 1)
    foreign lambdas:
        delta H to (0, 1) (20001 pts)
        delta H to (0.2, 1) (20001 pts)
        delta H to (0.4, 1) (20001 pts)



md13.edr: 0.0 - 20001.0; lambda = (0.4, 1)
    foreign lambdas:
        delta H to (0.2, 1) (20001 pts)
        delta H to (0.4, 1) (20001 pts)
        delta H to (0.6, 1) (20001 pts)



md14.edr: 0.0 - 20001.0; lambda = (0.6, 1)
    foreign lambdas:
        delta H to (0.4, 1) (20001 pts)
        delta H to (0.6, 1) (20001 pts)
        delta H to (0.8, 1) (20001 pts)



md15.edr: 0.0 - 20001.0; lambda = (0.8, 1)
    foreign lambdas:
        delta H to (0.6, 1) (20001 pts)
        delta H to (0.8, 1) (20001 pts)
        delta H to (1, 1) (20001 pts)



md16.edr: 0.0 - 20001.0; lambda = (1, 1)
    foreign lambdas:
        delta H to (0.8, 1) (20001 pts)
        delta H to (1, 1) (20001 pts)



md1.edr: 0.0 - 20001.0; lambda = (0, 0)
    foreign lambdas:
        delta H to (0, 0) (20001 pts)
        delta H to (0, 0.1) (20001 pts)



md2.edr: 0.0 - 20001.0; lambda = (0, 0.1)
    foreign lambdas:
        delta H to (0, 0) (20001 pts)
        delta H to (0, 0.1) (20001 pts)
        delta H to (0, 0.2) (20001 pts)



md3.edr: 0.0 - 20001.0; lambda = (0, 0.2)
    foreign lambdas:
        delta H to (0, 0.1) (20001 pts)
        delta H to (0, 0.2) (20001 pts)
        delta H to (0, 0.3) (20001 pts)



md4.edr: 0.0 - 20001.0; lambda = (0, 0.3)
    foreign lambdas:
        delta H to (0, 0.2) (20001 pts)
        delta H to (0, 0.3) (20001 pts)
        delta H to (0, 0.4) (20001 pts)



md5.edr: 0.0 - 20001.0; lambda = (0, 0.4)
    foreign lambdas:
        delta H to (0, 0.3) (20001 pts)
        delta H to (0, 0.4) (20001 pts)
        delta H to (0, 0.5) (20001 pts)



md6.edr: 0.0 - 20001.0; lambda = (0, 0.5)
    foreign lambdas:
        delta H to (0, 0.4) (20001 pts)
        delta H to (0, 0.5) (20001 pts)
        delta H to (0, 0.6) (20001 pts)



md7.edr: 0.0 - 20001.0; lambda = (0, 0.6)
    foreign lambdas:
        delta H to (0, 0.5) (20001 pts)
        delta H to (0, 0.6) (20001 pts)
        delta H to (0, 0.7) (20001 pts)



md8.edr: 0.0 - 20001.0; lambda = (0, 0.7)
    foreign lambdas:
        delta H to (0, 0.6) (20001 pts)
        delta H to (0, 0.7) (20001 pts)
        delta H to (0, 0.8) (20001 pts)



md9.edr: 0.0 - 20001.0; lambda = (0, 0.8)
    foreign lambdas:
        delta H to (0, 0.7) (20001 pts)
        delta H to (0, 0.8) (20001 pts)
        delta H to (0, 0.9) (20001 pts)



   Samples in time interval: 0.000 - 20001.000
Removing samples outside of: 0.000 - 11000.000

Temperature: 298.15 K

Detailed results in kT (see help for explanation):

 lam_A  lam_B      DG   +/-     s_A   +/-     s_B   +/-   stdev   +/- 
     0      1    1.10  0.11    0.92  0.04    0.98  0.04    1.42  0.04
     1      2    1.24  0.17    2.53  0.12    1.82  0.12    2.36  0.10
     2      3   -0.01  0.06    2.02  0.17    1.17  0.07    1.82  0.06
     3      4   -0.66  0.03    1.41  0.07    0.88  0.04    1.49  0.03
     4      5   -1.05  0.01    1.04  0.02    0.67  0.02    1.29  0.01
     5      6   -1.30  0.01    0.90  0.02    0.58  0.01    1.18  0.01
     6      7   -1.49  0.02    0.76  0.02    0.48  0.01    1.09  0.01
     7      8   -1.64  0.02    0.74  0.02    0.45  0.02    1.03  0.01
     8      9   -1.79  0.02    0.62  0.02    0.40  0.01    0.95  0.01
     9     10   -1.90  0.01    0.51  0.01    0.33  0.00    0.88  0.01
    10     11   -0.07  0.01    0.05  0.02    0.05  0.02    0.31  0.02
    11     12   -0.20  0.04    0.07  0.02    0.08  0.02    0.34  0.03
    12     13   -0.35  0.03    0.07  0.05    0.08  0.06    0.41  0.02
    13     14   -0.74  0.07    0.31  0.08    0.36  0.09    0.65  0.06
    14     15   -1.32  0.04    0.22  0.13    0.30  0.14    0.87  0.04


Final results in kJ/mol:

point      0 -      1,   DG  2.73 +/-  0.27
point      1 -      2,   DG  3.06 +/-  0.43
point      2 -      3,   DG -0.02 +/-  0.15
point      3 -      4,   DG -1.65 +/-  0.08
point      4 -      5,   DG -2.60 +/-  0.04
point      5 -      6,   DG -3.23 +/-  0.03
point      6 -      7,   DG -3.70 +/-  0.04
point      7 -      8,   DG -4.07 +/-  0.04
point      8 -      9,   DG -4.45 +/-  0.04
point      9 -     10,   DG -4.70 +/-  0.04
point     10 -     11,   DG -0.19 +/-  0.02
point     11 -     12,   DG -0.50 +/-  0.10
point     12 -     13,   DG -0.86 +/-  0.08
point     13 -     14,   DG -1.83 +/-  0.18
point     14 -     15,   DG -3.27 +/-  0.10

total      0 -     15,   DG -25.26 +/-  0.62

