
md10.edr: 0.0 - 20001.0; lambda = (0, 0.9)
    foreign lambdas:
        delta H to (0, 0.8) (20001 pts)
        delta H to (0, 0.9) (20001 pts)
        delta H to (0, 1) (20001 pts)



md11.edr: 0.0 - 20001.0; lambda = (0, 1)
    foreign lambdas:
        delta H to (0, 0.9) (20001 pts)
        delta H to (0, 1) (20001 pts)
        delta H to (0.2, 1) (20001 pts)



md12.edr: 0.0 - 20001.0; lambda = (0.2, 1)
    foreign lambdas:
        delta H to (0, 1) (20001 pts)
        delta H to (0.2, 1) (20001 pts)
        delta H to (0.4, 1) (20001 pts)



md13.edr: 0.0 - 20001.0; lambda = (0.4, 1)
    foreign lambdas:
        delta H to (0.2, 1) (20001 pts)
        delta H to (0.4, 1) (20001 pts)
        delta H to (0.6, 1) (20001 pts)



md14.edr: 0.0 - 20001.0; lambda = (0.6, 1)
    foreign lambdas:
        delta H to (0.4, 1) (20001 pts)
        delta H to (0.6, 1) (20001 pts)
        delta H to (0.8, 1) (20001 pts)



md15.edr: 0.0 - 20001.0; lambda = (0.8, 1)
    foreign lambdas:
        delta H to (0.6, 1) (20001 pts)
        delta H to (0.8, 1) (20001 pts)
        delta H to (1, 1) (20001 pts)



md16.edr: 0.0 - 20001.0; lambda = (1, 1)
    foreign lambdas:
        delta H to (0.8, 1) (20001 pts)
        delta H to (1, 1) (20001 pts)



md1.edr: 0.0 - 20001.0; lambda = (0, 0)
    foreign lambdas:
        delta H to (0, 0) (20001 pts)
        delta H to (0, 0.1) (20001 pts)



md2.edr: 0.0 - 20001.0; lambda = (0, 0.1)
    foreign lambdas:
        delta H to (0, 0) (20001 pts)
        delta H to (0, 0.1) (20001 pts)
        delta H to (0, 0.2) (20001 pts)



md3.edr: 0.0 - 20001.0; lambda = (0, 0.2)
    foreign lambdas:
        delta H to (0, 0.1) (20001 pts)
        delta H to (0, 0.2) (20001 pts)
        delta H to (0, 0.3) (20001 pts)



md4.edr: 0.0 - 20001.0; lambda = (0, 0.3)
    foreign lambdas:
        delta H to (0, 0.2) (20001 pts)
        delta H to (0, 0.3) (20001 pts)
        delta H to (0, 0.4) (20001 pts)



md5.edr: 0.0 - 20001.0; lambda = (0, 0.4)
    foreign lambdas:
        delta H to (0, 0.3) (20001 pts)
        delta H to (0, 0.4) (20001 pts)
        delta H to (0, 0.5) (20001 pts)



md6.edr: 0.0 - 20001.0; lambda = (0, 0.5)
    foreign lambdas:
        delta H to (0, 0.4) (20001 pts)
        delta H to (0, 0.5) (20001 pts)
        delta H to (0, 0.6) (20001 pts)



md7.edr: 0.0 - 20001.0; lambda = (0, 0.6)
    foreign lambdas:
        delta H to (0, 0.5) (20001 pts)
        delta H to (0, 0.6) (20001 pts)
        delta H to (0, 0.7) (20001 pts)



md8.edr: 0.0 - 20001.0; lambda = (0, 0.7)
    foreign lambdas:
        delta H to (0, 0.6) (20001 pts)
        delta H to (0, 0.7) (20001 pts)
        delta H to (0, 0.8) (20001 pts)



md9.edr: 0.0 - 20001.0; lambda = (0, 0.8)
    foreign lambdas:
        delta H to (0, 0.7) (20001 pts)
        delta H to (0, 0.8) (20001 pts)
        delta H to (0, 0.9) (20001 pts)



   Samples in time interval: 0.000 - 20001.000
Removing samples outside of: 0.000 - 8000.000

Temperature: 298.15 K

Detailed results in kT (see help for explanation):

 lam_A  lam_B      DG   +/-     s_A   +/-     s_B   +/-   stdev   +/- 
     0      1    1.31  0.11    0.74  0.10    0.80  0.10    1.29  0.04
     1      2    1.75  0.14    2.74  0.25    2.10  0.19    2.56  0.18
     2      3    0.11  0.03    2.36  0.10    1.39  0.05    1.98  0.05
     3      4   -0.75  0.05    1.29  0.03    0.80  0.03    1.44  0.02
     4      5   -1.06  0.05    1.10  0.04    0.71  0.03    1.32  0.02
     5      6   -1.34  0.03    0.85  0.02    0.54  0.01    1.16  0.01
     6      7   -1.52  0.02    0.84  0.03    0.54  0.02    1.12  0.01
     7      8   -1.69  0.03    0.67  0.03    0.41  0.02    1.01  0.01
     8      9   -1.81  0.02    0.64  0.02    0.41  0.01    0.95  0.01
     9     10   -1.94  0.01    0.51  0.02    0.34  0.02    0.87  0.01
    10     11   -0.08  0.03    0.04  0.02    0.04  0.02    0.33  0.01
    11     12   -0.19  0.03    0.08  0.03    0.08  0.03    0.36  0.04
    12     13   -0.32  0.03    0.05  0.04    0.06  0.04    0.39  0.02
    13     14   -0.50  0.09    0.12  0.10    0.17  0.11    0.54  0.07
    14     15   -0.93  0.11    0.26  0.09    0.35  0.09    0.79  0.02


Final results in kJ/mol:

point      0 -      1,   DG  3.26 +/-  0.28
point      1 -      2,   DG  4.33 +/-  0.35
point      2 -      3,   DG  0.28 +/-  0.08
point      3 -      4,   DG -1.85 +/-  0.13
point      4 -      5,   DG -2.62 +/-  0.12
point      5 -      6,   DG -3.32 +/-  0.07
point      6 -      7,   DG -3.76 +/-  0.05
point      7 -      8,   DG -4.20 +/-  0.08
point      8 -      9,   DG -4.49 +/-  0.04
point      9 -     10,   DG -4.81 +/-  0.02
point     10 -     11,   DG -0.19 +/-  0.07
point     11 -     12,   DG -0.48 +/-  0.08
point     12 -     13,   DG -0.80 +/-  0.08
point     13 -     14,   DG -1.23 +/-  0.21
point     14 -     15,   DG -2.30 +/-  0.27

total      0 -     15,   DG -22.19 +/-  0.50

