
md10.edr: 0.0 - 20001.0; lambda = (0, 0.9)
    foreign lambdas:
        delta H to (0, 0.8) (20001 pts)
        delta H to (0, 0.9) (20001 pts)
        delta H to (0, 1) (20001 pts)



md11.edr: 0.0 - 20001.0; lambda = (0, 1)
    foreign lambdas:
        delta H to (0, 0.9) (20001 pts)
        delta H to (0, 1) (20001 pts)
        delta H to (0.2, 1) (20001 pts)



md12.edr: 0.0 - 20001.0; lambda = (0.2, 1)
    foreign lambdas:
        delta H to (0, 1) (20001 pts)
        delta H to (0.2, 1) (20001 pts)
        delta H to (0.4, 1) (20001 pts)



md13.edr: 0.0 - 20001.0; lambda = (0.4, 1)
    foreign lambdas:
        delta H to (0.2, 1) (20001 pts)
        delta H to (0.4, 1) (20001 pts)
        delta H to (0.6, 1) (20001 pts)



md14.edr: 0.0 - 20001.0; lambda = (0.6, 1)
    foreign lambdas:
        delta H to (0.4, 1) (20001 pts)
        delta H to (0.6, 1) (20001 pts)
        delta H to (0.8, 1) (20001 pts)



md15.edr: 0.0 - 20001.0; lambda = (0.8, 1)
    foreign lambdas:
        delta H to (0.6, 1) (20001 pts)
        delta H to (0.8, 1) (20001 pts)
        delta H to (1, 1) (20001 pts)



md16.edr: 0.0 - 20001.0; lambda = (1, 1)
    foreign lambdas:
        delta H to (0.8, 1) (20001 pts)
        delta H to (1, 1) (20001 pts)



md1.edr: 0.0 - 20001.0; lambda = (0, 0)
    foreign lambdas:
        delta H to (0, 0) (20001 pts)
        delta H to (0, 0.1) (20001 pts)



md2.edr: 0.0 - 20001.0; lambda = (0, 0.1)
    foreign lambdas:
        delta H to (0, 0) (20001 pts)
        delta H to (0, 0.1) (20001 pts)
        delta H to (0, 0.2) (20001 pts)



md3.edr: 0.0 - 20001.0; lambda = (0, 0.2)
    foreign lambdas:
        delta H to (0, 0.1) (20001 pts)
        delta H to (0, 0.2) (20001 pts)
        delta H to (0, 0.3) (20001 pts)



md4.edr: 0.0 - 20001.0; lambda = (0, 0.3)
    foreign lambdas:
        delta H to (0, 0.2) (20001 pts)
        delta H to (0, 0.3) (20001 pts)
        delta H to (0, 0.4) (20001 pts)



md5.edr: 0.0 - 20001.0; lambda = (0, 0.4)
    foreign lambdas:
        delta H to (0, 0.3) (20001 pts)
        delta H to (0, 0.4) (20001 pts)
        delta H to (0, 0.5) (20001 pts)



md6.edr: 0.0 - 20001.0; lambda = (0, 0.5)
    foreign lambdas:
        delta H to (0, 0.4) (20001 pts)
        delta H to (0, 0.5) (20001 pts)
        delta H to (0, 0.6) (20001 pts)



md7.edr: 0.0 - 20001.0; lambda = (0, 0.6)
    foreign lambdas:
        delta H to (0, 0.5) (20001 pts)
        delta H to (0, 0.6) (20001 pts)
        delta H to (0, 0.7) (20001 pts)



md8.edr: 0.0 - 20001.0; lambda = (0, 0.7)
    foreign lambdas:
        delta H to (0, 0.6) (20001 pts)
        delta H to (0, 0.7) (20001 pts)
        delta H to (0, 0.8) (20001 pts)



md9.edr: 0.0 - 20001.0; lambda = (0, 0.8)
    foreign lambdas:
        delta H to (0, 0.7) (20001 pts)
        delta H to (0, 0.8) (20001 pts)
        delta H to (0, 0.9) (20001 pts)



   Samples in time interval: 0.000 - 20001.000
Removing samples outside of: 0.000 - 4000.000

Temperature: 298.15 K

Detailed results in kT (see help for explanation):

 lam_A  lam_B      DG   +/-     s_A   +/-     s_B   +/-   stdev   +/- 
     0      1    1.42  0.11    0.78  0.13    0.85  0.12    1.31  0.06
     1      2    1.78  0.15    2.80  0.29    2.15  0.22    2.57  0.20
     2      3    0.14  0.05    2.33  0.17    1.38  0.08    1.97  0.06
     3      4   -0.73  0.08    1.34  0.10    0.82  0.06    1.46  0.05
     4      5   -1.08  0.05    1.10  0.03    0.71  0.02    1.32  0.02
     5      6   -1.39  0.04    0.84  0.03    0.54  0.03    1.14  0.02
     6      7   -1.54  0.02    0.82  0.05    0.53  0.02    1.11  0.02
     7      8   -1.73  0.03    0.66  0.03    0.41  0.02    1.00  0.02
     8      9   -1.82  0.02    0.61  0.02    0.39  0.01    0.94  0.01
     9     10   -1.94  0.01    0.50  0.02    0.33  0.02    0.86  0.01
    10     11   -0.09  0.02   -0.00  0.02   -0.00  0.02    0.33  0.02
    11     12   -0.20  0.05    0.12  0.04    0.12  0.04    0.41  0.05
    12     13   -0.31  0.06   -0.01  0.04   -0.00  0.04    0.42  0.03
    13     14   -0.59  0.14    0.28  0.13    0.35  0.14    0.64  0.11
    14     15   -1.07  0.21    0.13  0.15    0.22  0.16    0.81  0.09


Final results in kJ/mol:

point      0 -      1,   DG  3.52 +/-  0.27
point      1 -      2,   DG  4.40 +/-  0.38
point      2 -      3,   DG  0.34 +/-  0.12
point      3 -      4,   DG -1.82 +/-  0.20
point      4 -      5,   DG -2.68 +/-  0.12
point      5 -      6,   DG -3.45 +/-  0.09
point      6 -      7,   DG -3.82 +/-  0.06
point      7 -      8,   DG -4.28 +/-  0.07
point      8 -      9,   DG -4.52 +/-  0.04
point      9 -     10,   DG -4.81 +/-  0.02
point     10 -     11,   DG -0.21 +/-  0.04
point     11 -     12,   DG -0.49 +/-  0.12
point     12 -     13,   DG -0.77 +/-  0.14
point     13 -     14,   DG -1.46 +/-  0.34
point     14 -     15,   DG -2.66 +/-  0.52

total      0 -     15,   DG -22.69 +/-  0.68

