
md10.edr: 0.0 - 20001.0; lambda = (0, 0.9)
    foreign lambdas:
        delta H to (0, 0.8) (20001 pts)
        delta H to (0, 0.9) (20001 pts)
        delta H to (0, 1) (20001 pts)



md11.edr: 0.0 - 20001.0; lambda = (0, 1)
    foreign lambdas:
        delta H to (0, 0.9) (20001 pts)
        delta H to (0, 1) (20001 pts)
        delta H to (0.2, 1) (20001 pts)



md12.edr: 0.0 - 20001.0; lambda = (0.2, 1)
    foreign lambdas:
        delta H to (0, 1) (20001 pts)
        delta H to (0.2, 1) (20001 pts)
        delta H to (0.4, 1) (20001 pts)



md13.edr: 0.0 - 20001.0; lambda = (0.4, 1)
    foreign lambdas:
        delta H to (0.2, 1) (20001 pts)
        delta H to (0.4, 1) (20001 pts)
        delta H to (0.6, 1) (20001 pts)



md14.edr: 0.0 - 20001.0; lambda = (0.6, 1)
    foreign lambdas:
        delta H to (0.4, 1) (20001 pts)
        delta H to (0.6, 1) (20001 pts)
        delta H to (0.8, 1) (20001 pts)



md15.edr: 0.0 - 20001.0; lambda = (0.8, 1)
    foreign lambdas:
        delta H to (0.6, 1) (20001 pts)
        delta H to (0.8, 1) (20001 pts)
        delta H to (1, 1) (20001 pts)



md16.edr: 0.0 - 20001.0; lambda = (1, 1)
    foreign lambdas:
        delta H to (0.8, 1) (20001 pts)
        delta H to (1, 1) (20001 pts)



md1.edr: 0.0 - 20001.0; lambda = (0, 0)
    foreign lambdas:
        delta H to (0, 0) (20001 pts)
        delta H to (0, 0.1) (20001 pts)



md2.edr: 0.0 - 20001.0; lambda = (0, 0.1)
    foreign lambdas:
        delta H to (0, 0) (20001 pts)
        delta H to (0, 0.1) (20001 pts)
        delta H to (0, 0.2) (20001 pts)



md3.edr: 0.0 - 20001.0; lambda = (0, 0.2)
    foreign lambdas:
        delta H to (0, 0.1) (20001 pts)
        delta H to (0, 0.2) (20001 pts)
        delta H to (0, 0.3) (20001 pts)



md4.edr: 0.0 - 20001.0; lambda = (0, 0.3)
    foreign lambdas:
        delta H to (0, 0.2) (20001 pts)
        delta H to (0, 0.3) (20001 pts)
        delta H to (0, 0.4) (20001 pts)



md5.edr: 0.0 - 20001.0; lambda = (0, 0.4)
    foreign lambdas:
        delta H to (0, 0.3) (20001 pts)
        delta H to (0, 0.4) (20001 pts)
        delta H to (0, 0.5) (20001 pts)



md6.edr: 0.0 - 20001.0; lambda = (0, 0.5)
    foreign lambdas:
        delta H to (0, 0.4) (20001 pts)
        delta H to (0, 0.5) (20001 pts)
        delta H to (0, 0.6) (20001 pts)



md7.edr: 0.0 - 20001.0; lambda = (0, 0.6)
    foreign lambdas:
        delta H to (0, 0.5) (20001 pts)
        delta H to (0, 0.6) (20001 pts)
        delta H to (0, 0.7) (20001 pts)



md8.edr: 0.0 - 20001.0; lambda = (0, 0.7)
    foreign lambdas:
        delta H to (0, 0.6) (20001 pts)
        delta H to (0, 0.7) (20001 pts)
        delta H to (0, 0.8) (20001 pts)



md9.edr: 0.0 - 20001.0; lambda = (0, 0.8)
    foreign lambdas:
        delta H to (0, 0.7) (20001 pts)
        delta H to (0, 0.8) (20001 pts)
        delta H to (0, 0.9) (20001 pts)



   Samples in time interval: 0.000 - 20001.000
Removing samples outside of: 0.000 - 1000.000

Temperature: 298.15 K

Detailed results in kT (see help for explanation):

 lam_A  lam_B      DG   +/-     s_A   +/-     s_B   +/-   stdev   +/- 
     0      1    1.64  0.08    0.56  0.05    0.60  0.05    1.17  0.03
     1      2    2.30  0.09    3.25  0.17    2.76  0.10    3.11  0.12
     2      3    0.08  0.08    2.09  0.16    1.26  0.12    1.86  0.08
     3      4   -0.50  0.07    1.43  0.10    0.93  0.07    1.55  0.05
     4      5   -0.98  0.06    1.14  0.07    0.73  0.05    1.34  0.03
     5      6   -1.39  0.07    0.87  0.09    0.56  0.06    1.16  0.03
     6      7   -1.52  0.03    0.83  0.07    0.52  0.03    1.12  0.03
     7      8   -1.69  0.04    0.67  0.07    0.40  0.04    1.00  0.04
     8      9   -1.85  0.04    0.60  0.04    0.40  0.03    0.92  0.02
     9     10   -1.99  0.04    0.52  0.05    0.32  0.04    0.86  0.01
    10     11   -0.09  0.05   -0.00  0.03   -0.00  0.03    0.36  0.03
    11     12   -0.24  0.09    0.15  0.11    0.17  0.11    0.52  0.06
    12     13   -0.41  0.13    0.00  0.07    0.02  0.07    0.50  0.05
    13     14   -1.05  0.10    0.62  0.16    0.73  0.19    0.91  0.14
    14     15   -1.67  0.27   -0.11  0.09   -0.06  0.08    0.84  0.08


Final results in kJ/mol:

point      0 -      1,   DG  4.05 +/-  0.21
point      1 -      2,   DG  5.70 +/-  0.22
point      2 -      3,   DG  0.21 +/-  0.19
point      3 -      4,   DG -1.24 +/-  0.18
point      4 -      5,   DG -2.42 +/-  0.16
point      5 -      6,   DG -3.44 +/-  0.17
point      6 -      7,   DG -3.78 +/-  0.09
point      7 -      8,   DG -4.19 +/-  0.09
point      8 -      9,   DG -4.59 +/-  0.11
point      9 -     10,   DG -4.92 +/-  0.09
point     10 -     11,   DG -0.22 +/-  0.13
point     11 -     12,   DG -0.59 +/-  0.22
point     12 -     13,   DG -1.01 +/-  0.33
point     13 -     14,   DG -2.60 +/-  0.24
point     14 -     15,   DG -4.14 +/-  0.68

total      0 -     15,   DG -23.21 +/-  0.47

