
md10.edr: 0.0 - 20001.0; lambda = (0, 0.9)
    foreign lambdas:
        delta H to (0, 0.8) (20001 pts)
        delta H to (0, 0.9) (20001 pts)
        delta H to (0, 1) (20001 pts)



md11.edr: 0.0 - 20001.0; lambda = (0, 1)
    foreign lambdas:
        delta H to (0, 0.9) (20001 pts)
        delta H to (0, 1) (20001 pts)
        delta H to (0.2, 1) (20001 pts)



md12.edr: 0.0 - 20001.0; lambda = (0.2, 1)
    foreign lambdas:
        delta H to (0, 1) (20001 pts)
        delta H to (0.2, 1) (20001 pts)
        delta H to (0.4, 1) (20001 pts)



md13.edr: 0.0 - 20001.0; lambda = (0.4, 1)
    foreign lambdas:
        delta H to (0.2, 1) (20001 pts)
        delta H to (0.4, 1) (20001 pts)
        delta H to (0.6, 1) (20001 pts)



md14.edr: 0.0 - 20001.0; lambda = (0.6, 1)
    foreign lambdas:
        delta H to (0.4, 1) (20001 pts)
        delta H to (0.6, 1) (20001 pts)
        delta H to (0.8, 1) (20001 pts)



md15.edr: 0.0 - 20001.0; lambda = (0.8, 1)
    foreign lambdas:
        delta H to (0.6, 1) (20001 pts)
        delta H to (0.8, 1) (20001 pts)
        delta H to (1, 1) (20001 pts)



md16.edr: 0.0 - 20001.0; lambda = (1, 1)
    foreign lambdas:
        delta H to (0.8, 1) (20001 pts)
        delta H to (1, 1) (20001 pts)



md1.edr: 0.0 - 20001.0; lambda = (0, 0)
    foreign lambdas:
        delta H to (0, 0) (20001 pts)
        delta H to (0, 0.1) (20001 pts)



md2.edr: 0.0 - 20001.0; lambda = (0, 0.1)
    foreign lambdas:
        delta H to (0, 0) (20001 pts)
        delta H to (0, 0.1) (20001 pts)
        delta H to (0, 0.2) (20001 pts)



md3.edr: 0.0 - 20001.0; lambda = (0, 0.2)
    foreign lambdas:
        delta H to (0, 0.1) (20001 pts)
        delta H to (0, 0.2) (20001 pts)
        delta H to (0, 0.3) (20001 pts)



md4.edr: 0.0 - 20001.0; lambda = (0, 0.3)
    foreign lambdas:
        delta H to (0, 0.2) (20001 pts)
        delta H to (0, 0.3) (20001 pts)
        delta H to (0, 0.4) (20001 pts)



md5.edr: 0.0 - 20001.0; lambda = (0, 0.4)
    foreign lambdas:
        delta H to (0, 0.3) (20001 pts)
        delta H to (0, 0.4) (20001 pts)
        delta H to (0, 0.5) (20001 pts)



md6.edr: 0.0 - 20001.0; lambda = (0, 0.5)
    foreign lambdas:
        delta H to (0, 0.4) (20001 pts)
        delta H to (0, 0.5) (20001 pts)
        delta H to (0, 0.6) (20001 pts)



md7.edr: 0.0 - 20001.0; lambda = (0, 0.6)
    foreign lambdas:
        delta H to (0, 0.5) (20001 pts)
        delta H to (0, 0.6) (20001 pts)
        delta H to (0, 0.7) (20001 pts)



md8.edr: 0.0 - 20001.0; lambda = (0, 0.7)
    foreign lambdas:
        delta H to (0, 0.6) (20001 pts)
        delta H to (0, 0.7) (20001 pts)
        delta H to (0, 0.8) (20001 pts)



md9.edr: 0.0 - 20001.0; lambda = (0, 0.8)
    foreign lambdas:
        delta H to (0, 0.7) (20001 pts)
        delta H to (0, 0.8) (20001 pts)
        delta H to (0, 0.9) (20001 pts)



   Samples in time interval: 0.000 - 20001.000
Removing samples outside of: 0.000 - 7000.000

Temperature: 298.15 K

Detailed results in kT (see help for explanation):

 lam_A  lam_B      DG   +/-     s_A   +/-     s_B   +/-   stdev   +/- 
     0      1    1.36  0.15    0.72  0.08    0.78  0.08    1.28  0.03
     1      2    1.79  0.21    2.82  0.23    2.16  0.22    2.62  0.20
     2      3    0.11  0.03    2.32  0.05    1.37  0.03    1.96  0.02
     3      4   -0.75  0.05    1.32  0.02    0.81  0.01    1.44  0.02
     4      5   -1.08  0.04    1.08  0.04    0.70  0.03    1.31  0.02
     5      6   -1.34  0.03    0.85  0.03    0.54  0.02    1.16  0.02
     6      7   -1.51  0.02    0.85  0.02    0.54  0.02    1.12  0.01
     7      8   -1.70  0.03    0.67  0.03    0.42  0.02    1.02  0.01
     8      9   -1.82  0.01    0.63  0.02    0.40  0.01    0.95  0.01
     9     10   -1.94  0.01    0.51  0.01    0.33  0.01    0.87  0.01
    10     11   -0.08  0.02    0.04  0.02    0.04  0.02    0.33  0.01
    11     12   -0.19  0.03    0.08  0.04    0.09  0.04    0.37  0.05
    12     13   -0.32  0.04    0.04  0.03    0.05  0.03    0.40  0.03
    13     14   -0.51  0.10    0.14  0.10    0.19  0.12    0.55  0.08
    14     15   -0.97  0.13    0.27  0.09    0.36  0.09    0.81  0.02


Final results in kJ/mol:

point      0 -      1,   DG  3.36 +/-  0.37
point      1 -      2,   DG  4.43 +/-  0.53
point      2 -      3,   DG  0.27 +/-  0.07
point      3 -      4,   DG -1.85 +/-  0.13
point      4 -      5,   DG -2.67 +/-  0.11
point      5 -      6,   DG -3.33 +/-  0.09
point      6 -      7,   DG -3.75 +/-  0.05
point      7 -      8,   DG -4.22 +/-  0.08
point      8 -      9,   DG -4.51 +/-  0.02
point      9 -     10,   DG -4.80 +/-  0.03
point     10 -     11,   DG -0.19 +/-  0.05
point     11 -     12,   DG -0.48 +/-  0.08
point     12 -     13,   DG -0.80 +/-  0.10
point     13 -     14,   DG -1.27 +/-  0.25
point     14 -     15,   DG -2.41 +/-  0.31

total      0 -     15,   DG -22.21 +/-  0.86

