
md10.edr: 0.0 - 20001.0; lambda = (0, 0.9)
    foreign lambdas:
        delta H to (0, 0.8) (20001 pts)
        delta H to (0, 0.9) (20001 pts)
        delta H to (0, 1) (20001 pts)



md11.edr: 0.0 - 20001.0; lambda = (0, 1)
    foreign lambdas:
        delta H to (0, 0.9) (20001 pts)
        delta H to (0, 1) (20001 pts)
        delta H to (0.2, 1) (20001 pts)



md12.edr: 0.0 - 20001.0; lambda = (0.2, 1)
    foreign lambdas:
        delta H to (0, 1) (20001 pts)
        delta H to (0.2, 1) (20001 pts)
        delta H to (0.4, 1) (20001 pts)



md13.edr: 0.0 - 20001.0; lambda = (0.4, 1)
    foreign lambdas:
        delta H to (0.2, 1) (20001 pts)
        delta H to (0.4, 1) (20001 pts)
        delta H to (0.6, 1) (20001 pts)



md14.edr: 0.0 - 20001.0; lambda = (0.6, 1)
    foreign lambdas:
        delta H to (0.4, 1) (20001 pts)
        delta H to (0.6, 1) (20001 pts)
        delta H to (0.8, 1) (20001 pts)



md15.edr: 0.0 - 20001.0; lambda = (0.8, 1)
    foreign lambdas:
        delta H to (0.6, 1) (20001 pts)
        delta H to (0.8, 1) (20001 pts)
        delta H to (1, 1) (20001 pts)



md16.edr: 0.0 - 20001.0; lambda = (1, 1)
    foreign lambdas:
        delta H to (0.8, 1) (20001 pts)
        delta H to (1, 1) (20001 pts)



md1.edr: 0.0 - 20001.0; lambda = (0, 0)
    foreign lambdas:
        delta H to (0, 0) (20001 pts)
        delta H to (0, 0.1) (20001 pts)



md2.edr: 0.0 - 20001.0; lambda = (0, 0.1)
    foreign lambdas:
        delta H to (0, 0) (20001 pts)
        delta H to (0, 0.1) (20001 pts)
        delta H to (0, 0.2) (20001 pts)



md3.edr: 0.0 - 20001.0; lambda = (0, 0.2)
    foreign lambdas:
        delta H to (0, 0.1) (20001 pts)
        delta H to (0, 0.2) (20001 pts)
        delta H to (0, 0.3) (20001 pts)



md4.edr: 0.0 - 20001.0; lambda = (0, 0.3)
    foreign lambdas:
        delta H to (0, 0.2) (20001 pts)
        delta H to (0, 0.3) (20001 pts)
        delta H to (0, 0.4) (20001 pts)



md5.edr: 0.0 - 20001.0; lambda = (0, 0.4)
    foreign lambdas:
        delta H to (0, 0.3) (20001 pts)
        delta H to (0, 0.4) (20001 pts)
        delta H to (0, 0.5) (20001 pts)



md6.edr: 0.0 - 20001.0; lambda = (0, 0.5)
    foreign lambdas:
        delta H to (0, 0.4) (20001 pts)
        delta H to (0, 0.5) (20001 pts)
        delta H to (0, 0.6) (20001 pts)



md7.edr: 0.0 - 20001.0; lambda = (0, 0.6)
    foreign lambdas:
        delta H to (0, 0.5) (20001 pts)
        delta H to (0, 0.6) (20001 pts)
        delta H to (0, 0.7) (20001 pts)



md8.edr: 0.0 - 20001.0; lambda = (0, 0.7)
    foreign lambdas:
        delta H to (0, 0.6) (20001 pts)
        delta H to (0, 0.7) (20001 pts)
        delta H to (0, 0.8) (20001 pts)



md9.edr: 0.0 - 20001.0; lambda = (0, 0.8)
    foreign lambdas:
        delta H to (0, 0.7) (20001 pts)
        delta H to (0, 0.8) (20001 pts)
        delta H to (0, 0.9) (20001 pts)



   Samples in time interval: 0.000 - 20001.000
Removing samples outside of: 0.000 - 3000.000

Temperature: 298.15 K

Detailed results in kT (see help for explanation):

 lam_A  lam_B      DG   +/-     s_A   +/-     s_B   +/-   stdev   +/- 
     0      1    1.38  0.15    0.82  0.14    0.88  0.13    1.30  0.07
     1      2    1.73  0.23    2.71  0.30    2.13  0.27    2.56  0.24
     2      3    0.09  0.01    2.28  0.18    1.33  0.07    1.93  0.06
     3      4   -0.70  0.08    1.31  0.13    0.81  0.07    1.45  0.07
     4      5   -1.07  0.07    1.12  0.03    0.73  0.02    1.32  0.02
     5      6   -1.41  0.03    0.80  0.03    0.52  0.03    1.13  0.02
     6      7   -1.51  0.03    0.84  0.05    0.53  0.03    1.12  0.03
     7      8   -1.70  0.01    0.68  0.02    0.43  0.02    1.01  0.01
     8      9   -1.82  0.03    0.60  0.04    0.38  0.02    0.94  0.02
     9     10   -1.94  0.03    0.52  0.04    0.34  0.03    0.87  0.02
    10     11   -0.10  0.01   -0.01  0.03   -0.01  0.03    0.32  0.02
    11     12   -0.24  0.05    0.15  0.07    0.16  0.07    0.45  0.04
    12     13   -0.36  0.09   -0.04  0.04   -0.03  0.04    0.43  0.02
    13     14   -0.70  0.14    0.36  0.15    0.44  0.17    0.69  0.13
    14     15   -1.21  0.23    0.07  0.17    0.15  0.19    0.82  0.09


Final results in kJ/mol:

point      0 -      1,   DG  3.41 +/-  0.38
point      1 -      2,   DG  4.28 +/-  0.58
point      2 -      3,   DG  0.22 +/-  0.03
point      3 -      4,   DG -1.74 +/-  0.20
point      4 -      5,   DG -2.65 +/-  0.16
point      5 -      6,   DG -3.49 +/-  0.09
point      6 -      7,   DG -3.74 +/-  0.07
point      7 -      8,   DG -4.22 +/-  0.03
point      8 -      9,   DG -4.51 +/-  0.08
point      9 -     10,   DG -4.80 +/-  0.07
point     10 -     11,   DG -0.24 +/-  0.02
point     11 -     12,   DG -0.60 +/-  0.13
point     12 -     13,   DG -0.90 +/-  0.22
point     13 -     14,   DG -1.73 +/-  0.35
point     14 -     15,   DG -3.00 +/-  0.56

total      0 -     15,   DG -23.71 +/-  0.68

