
md10.edr: 0.0 - 20001.0; lambda = (0, 0.9)
    foreign lambdas:
        delta H to (0, 0.8) (20001 pts)
        delta H to (0, 0.9) (20001 pts)
        delta H to (0, 1) (20001 pts)



md11.edr: 0.0 - 20001.0; lambda = (0, 1)
    foreign lambdas:
        delta H to (0, 0.9) (20001 pts)
        delta H to (0, 1) (20001 pts)
        delta H to (0.2, 1) (20001 pts)



md12.edr: 0.0 - 20001.0; lambda = (0.2, 1)
    foreign lambdas:
        delta H to (0, 1) (20001 pts)
        delta H to (0.2, 1) (20001 pts)
        delta H to (0.4, 1) (20001 pts)



md13.edr: 0.0 - 20001.0; lambda = (0.4, 1)
    foreign lambdas:
        delta H to (0.2, 1) (20001 pts)
        delta H to (0.4, 1) (20001 pts)
        delta H to (0.6, 1) (20001 pts)



md14.edr: 0.0 - 20001.0; lambda = (0.6, 1)
    foreign lambdas:
        delta H to (0.4, 1) (20001 pts)
        delta H to (0.6, 1) (20001 pts)
        delta H to (0.8, 1) (20001 pts)



md15.edr: 0.0 - 20001.0; lambda = (0.8, 1)
    foreign lambdas:
        delta H to (0.6, 1) (20001 pts)
        delta H to (0.8, 1) (20001 pts)
        delta H to (1, 1) (20001 pts)



md16.edr: 0.0 - 20001.0; lambda = (1, 1)
    foreign lambdas:
        delta H to (0.8, 1) (20001 pts)
        delta H to (1, 1) (20001 pts)



md1.edr: 0.0 - 20001.0; lambda = (0, 0)
    foreign lambdas:
        delta H to (0, 0) (20001 pts)
        delta H to (0, 0.1) (20001 pts)



md2.edr: 0.0 - 20001.0; lambda = (0, 0.1)
    foreign lambdas:
        delta H to (0, 0) (20001 pts)
        delta H to (0, 0.1) (20001 pts)
        delta H to (0, 0.2) (20001 pts)



md3.edr: 0.0 - 20001.0; lambda = (0, 0.2)
    foreign lambdas:
        delta H to (0, 0.1) (20001 pts)
        delta H to (0, 0.2) (20001 pts)
        delta H to (0, 0.3) (20001 pts)



md4.edr: 0.0 - 20001.0; lambda = (0, 0.3)
    foreign lambdas:
        delta H to (0, 0.2) (20001 pts)
        delta H to (0, 0.3) (20001 pts)
        delta H to (0, 0.4) (20001 pts)



md5.edr: 0.0 - 20001.0; lambda = (0, 0.4)
    foreign lambdas:
        delta H to (0, 0.3) (20001 pts)
        delta H to (0, 0.4) (20001 pts)
        delta H to (0, 0.5) (20001 pts)



md6.edr: 0.0 - 20001.0; lambda = (0, 0.5)
    foreign lambdas:
        delta H to (0, 0.4) (20001 pts)
        delta H to (0, 0.5) (20001 pts)
        delta H to (0, 0.6) (20001 pts)



md7.edr: 0.0 - 20001.0; lambda = (0, 0.6)
    foreign lambdas:
        delta H to (0, 0.5) (20001 pts)
        delta H to (0, 0.6) (20001 pts)
        delta H to (0, 0.7) (20001 pts)



md8.edr: 0.0 - 20001.0; lambda = (0, 0.7)
    foreign lambdas:
        delta H to (0, 0.6) (20001 pts)
        delta H to (0, 0.7) (20001 pts)
        delta H to (0, 0.8) (20001 pts)



md9.edr: 0.0 - 20001.0; lambda = (0, 0.8)
    foreign lambdas:
        delta H to (0, 0.7) (20001 pts)
        delta H to (0, 0.8) (20001 pts)
        delta H to (0, 0.9) (20001 pts)



   Samples in time interval: 0.000 - 20001.000
Removing samples outside of: 0.000 - 2000.000

Temperature: 298.15 K

Detailed results in kT (see help for explanation):

 lam_A  lam_B      DG   +/-     s_A   +/-     s_B   +/-   stdev   +/- 
     0      1    1.56  0.11    0.71  0.09    0.78  0.10    1.22  0.03
     1      2    1.95  0.23    3.05  0.20    2.45  0.19    2.86  0.19
     2      3    0.08  0.06    2.08  0.10    1.25  0.07    1.87  0.04
     3      4   -0.60  0.06    1.44  0.11    0.90  0.06    1.53  0.05
     4      5   -1.06  0.06    1.13  0.06    0.73  0.04    1.33  0.03
     5      6   -1.42  0.04    0.81  0.02    0.52  0.02    1.12  0.02
     6      7   -1.53  0.03    0.80  0.07    0.52  0.05    1.10  0.03
     7      8   -1.70  0.04    0.69  0.03    0.43  0.03    1.02  0.02
     8      9   -1.83  0.04    0.58  0.03    0.38  0.03    0.93  0.02
     9     10   -1.93  0.03    0.50  0.04    0.32  0.04    0.86  0.02
    10     11   -0.11  0.04   -0.02  0.03   -0.02  0.03    0.33  0.03
    11     12   -0.24  0.07    0.15  0.07    0.16  0.07    0.47  0.04
    12     13   -0.37  0.09   -0.03  0.05   -0.02  0.05    0.46  0.03
    13     14   -0.73  0.17    0.38  0.15    0.48  0.17    0.73  0.15
    14     15   -1.26  0.27    0.05  0.11    0.12  0.12    0.81  0.07


Final results in kJ/mol:

point      0 -      1,   DG  3.87 +/-  0.26
point      1 -      2,   DG  4.83 +/-  0.57
point      2 -      3,   DG  0.21 +/-  0.15
point      3 -      4,   DG -1.49 +/-  0.15
point      4 -      5,   DG -2.62 +/-  0.14
point      5 -      6,   DG -3.51 +/-  0.11
point      6 -      7,   DG -3.79 +/-  0.07
point      7 -      8,   DG -4.21 +/-  0.09
point      8 -      9,   DG -4.53 +/-  0.09
point      9 -     10,   DG -4.79 +/-  0.07
point     10 -     11,   DG -0.28 +/-  0.09
point     11 -     12,   DG -0.60 +/-  0.16
point     12 -     13,   DG -0.92 +/-  0.23
point     13 -     14,   DG -1.82 +/-  0.41
point     14 -     15,   DG -3.12 +/-  0.68

total      0 -     15,   DG -22.78 +/-  0.41

