
md10.edr: 0.0 - 20001.0; lambda = (0, 0.9)
    foreign lambdas:
        delta H to (0, 0.8) (20001 pts)
        delta H to (0, 0.9) (20001 pts)
        delta H to (0, 1) (20001 pts)



md11.edr: 0.0 - 20001.0; lambda = (0, 1)
    foreign lambdas:
        delta H to (0, 0.9) (20001 pts)
        delta H to (0, 1) (20001 pts)
        delta H to (0.2, 1) (20001 pts)



md12.edr: 0.0 - 20001.0; lambda = (0.2, 1)
    foreign lambdas:
        delta H to (0, 1) (20001 pts)
        delta H to (0.2, 1) (20001 pts)
        delta H to (0.4, 1) (20001 pts)



md13.edr: 0.0 - 20001.0; lambda = (0.4, 1)
    foreign lambdas:
        delta H to (0.2, 1) (20001 pts)
        delta H to (0.4, 1) (20001 pts)
        delta H to (0.6, 1) (20001 pts)



md14.edr: 0.0 - 20001.0; lambda = (0.6, 1)
    foreign lambdas:
        delta H to (0.4, 1) (20001 pts)
        delta H to (0.6, 1) (20001 pts)
        delta H to (0.8, 1) (20001 pts)



md15.edr: 0.0 - 20001.0; lambda = (0.8, 1)
    foreign lambdas:
        delta H to (0.6, 1) (20001 pts)
        delta H to (0.8, 1) (20001 pts)
        delta H to (1, 1) (20001 pts)



md16.edr: 0.0 - 20001.0; lambda = (1, 1)
    foreign lambdas:
        delta H to (0.8, 1) (20001 pts)
        delta H to (1, 1) (20001 pts)



md1.edr: 0.0 - 20001.0; lambda = (0, 0)
    foreign lambdas:
        delta H to (0, 0) (20001 pts)
        delta H to (0, 0.1) (20001 pts)



md2.edr: 0.0 - 20001.0; lambda = (0, 0.1)
    foreign lambdas:
        delta H to (0, 0) (20001 pts)
        delta H to (0, 0.1) (20001 pts)
        delta H to (0, 0.2) (20001 pts)



md3.edr: 0.0 - 20001.0; lambda = (0, 0.2)
    foreign lambdas:
        delta H to (0, 0.1) (20001 pts)
        delta H to (0, 0.2) (20001 pts)
        delta H to (0, 0.3) (20001 pts)



md4.edr: 0.0 - 20001.0; lambda = (0, 0.3)
    foreign lambdas:
        delta H to (0, 0.2) (20001 pts)
        delta H to (0, 0.3) (20001 pts)
        delta H to (0, 0.4) (20001 pts)



md5.edr: 0.0 - 20001.0; lambda = (0, 0.4)
    foreign lambdas:
        delta H to (0, 0.3) (20001 pts)
        delta H to (0, 0.4) (20001 pts)
        delta H to (0, 0.5) (20001 pts)



md6.edr: 0.0 - 20001.0; lambda = (0, 0.5)
    foreign lambdas:
        delta H to (0, 0.4) (20001 pts)
        delta H to (0, 0.5) (20001 pts)
        delta H to (0, 0.6) (20001 pts)



md7.edr: 0.0 - 20001.0; lambda = (0, 0.6)
    foreign lambdas:
        delta H to (0, 0.5) (20001 pts)
        delta H to (0, 0.6) (20001 pts)
        delta H to (0, 0.7) (20001 pts)



md8.edr: 0.0 - 20001.0; lambda = (0, 0.7)
    foreign lambdas:
        delta H to (0, 0.6) (20001 pts)
        delta H to (0, 0.7) (20001 pts)
        delta H to (0, 0.8) (20001 pts)



md9.edr: 0.0 - 20001.0; lambda = (0, 0.8)
    foreign lambdas:
        delta H to (0, 0.7) (20001 pts)
        delta H to (0, 0.8) (20001 pts)
        delta H to (0, 0.9) (20001 pts)



   Samples in time interval: 0.000 - 20001.000
Removing samples outside of: 0.000 - 17000.000

Temperature: 298.15 K

Detailed results in kT (see help for explanation):

 lam_A  lam_B      DG   +/-     s_A   +/-     s_B   +/-   stdev   +/- 
     0      1    1.27  0.07    0.75  0.08    0.82  0.08    1.32  0.03
     1      2    1.72  0.12    2.63  0.15    2.01  0.12    2.49  0.10
     2      3    0.15  0.04    2.45  0.06    1.41  0.03    2.01  0.03
     3      4   -0.73  0.02    1.34  0.04    0.82  0.02    1.46  0.02
     4      5   -1.06  0.01    1.08  0.01    0.69  0.01    1.30  0.01
     5      6   -1.33  0.02    0.85  0.01    0.54  0.01    1.16  0.01
     6      7   -1.52  0.01    0.82  0.02    0.53  0.01    1.11  0.01
     7      8   -1.69  0.01    0.69  0.01    0.43  0.01    1.01  0.01
     8      9   -1.82  0.01    0.61  0.02    0.39  0.01    0.93  0.01
     9     10   -1.94  0.00    0.52  0.01    0.35  0.01    0.88  0.00
    10     11   -0.06  0.01    0.03  0.01    0.03  0.01    0.34  0.02
    11     12   -0.17  0.02    0.08  0.02    0.09  0.02    0.34  0.03
    12     13   -0.33  0.02    0.07  0.04    0.08  0.04    0.40  0.02
    13     14   -0.52  0.04    0.11  0.08    0.15  0.09    0.54  0.05
    14     15   -0.90  0.09    0.22  0.05    0.29  0.06    0.75  0.03


Final results in kJ/mol:

point      0 -      1,   DG  3.14 +/-  0.18
point      1 -      2,   DG  4.26 +/-  0.29
point      2 -      3,   DG  0.38 +/-  0.09
point      3 -      4,   DG -1.81 +/-  0.05
point      4 -      5,   DG -2.62 +/-  0.02
point      5 -      6,   DG -3.30 +/-  0.04
point      6 -      7,   DG -3.76 +/-  0.02
point      7 -      8,   DG -4.19 +/-  0.03
point      8 -      9,   DG -4.51 +/-  0.02
point      9 -     10,   DG -4.80 +/-  0.01
point     10 -     11,   DG -0.14 +/-  0.04
point     11 -     12,   DG -0.43 +/-  0.05
point     12 -     13,   DG -0.81 +/-  0.06
point     13 -     14,   DG -1.29 +/-  0.11
point     14 -     15,   DG -2.22 +/-  0.23

total      0 -     15,   DG -22.11 +/-  0.48

