
md10.edr: 0.0 - 20001.0; lambda = (0, 0.9)
    foreign lambdas:
        delta H to (0, 0.8) (20001 pts)
        delta H to (0, 0.9) (20001 pts)
        delta H to (0, 1) (20001 pts)



md11.edr: 0.0 - 20001.0; lambda = (0, 1)
    foreign lambdas:
        delta H to (0, 0.9) (20001 pts)
        delta H to (0, 1) (20001 pts)
        delta H to (0.2, 1) (20001 pts)



md12.edr: 0.0 - 20001.0; lambda = (0.2, 1)
    foreign lambdas:
        delta H to (0, 1) (20001 pts)
        delta H to (0.2, 1) (20001 pts)
        delta H to (0.4, 1) (20001 pts)



md13.edr: 0.0 - 20001.0; lambda = (0.4, 1)
    foreign lambdas:
        delta H to (0.2, 1) (20001 pts)
        delta H to (0.4, 1) (20001 pts)
        delta H to (0.6, 1) (20001 pts)



md14.edr: 0.0 - 20001.0; lambda = (0.6, 1)
    foreign lambdas:
        delta H to (0.4, 1) (20001 pts)
        delta H to (0.6, 1) (20001 pts)
        delta H to (0.8, 1) (20001 pts)



md15.edr: 0.0 - 20001.0; lambda = (0.8, 1)
    foreign lambdas:
        delta H to (0.6, 1) (20001 pts)
        delta H to (0.8, 1) (20001 pts)
        delta H to (1, 1) (20001 pts)



md16.edr: 0.0 - 20001.0; lambda = (1, 1)
    foreign lambdas:
        delta H to (0.8, 1) (20001 pts)
        delta H to (1, 1) (20001 pts)



md1.edr: 0.0 - 20001.0; lambda = (0, 0)
    foreign lambdas:
        delta H to (0, 0) (20001 pts)
        delta H to (0, 0.1) (20001 pts)



md2.edr: 0.0 - 20001.0; lambda = (0, 0.1)
    foreign lambdas:
        delta H to (0, 0) (20001 pts)
        delta H to (0, 0.1) (20001 pts)
        delta H to (0, 0.2) (20001 pts)



md3.edr: 0.0 - 20001.0; lambda = (0, 0.2)
    foreign lambdas:
        delta H to (0, 0.1) (20001 pts)
        delta H to (0, 0.2) (20001 pts)
        delta H to (0, 0.3) (20001 pts)



md4.edr: 0.0 - 20001.0; lambda = (0, 0.3)
    foreign lambdas:
        delta H to (0, 0.2) (20001 pts)
        delta H to (0, 0.3) (20001 pts)
        delta H to (0, 0.4) (20001 pts)



md5.edr: 0.0 - 20001.0; lambda = (0, 0.4)
    foreign lambdas:
        delta H to (0, 0.3) (20001 pts)
        delta H to (0, 0.4) (20001 pts)
        delta H to (0, 0.5) (20001 pts)



md6.edr: 0.0 - 20001.0; lambda = (0, 0.5)
    foreign lambdas:
        delta H to (0, 0.4) (20001 pts)
        delta H to (0, 0.5) (20001 pts)
        delta H to (0, 0.6) (20001 pts)



md7.edr: 0.0 - 20001.0; lambda = (0, 0.6)
    foreign lambdas:
        delta H to (0, 0.5) (20001 pts)
        delta H to (0, 0.6) (20001 pts)
        delta H to (0, 0.7) (20001 pts)



md8.edr: 0.0 - 20001.0; lambda = (0, 0.7)
    foreign lambdas:
        delta H to (0, 0.6) (20001 pts)
        delta H to (0, 0.7) (20001 pts)
        delta H to (0, 0.8) (20001 pts)



md9.edr: 0.0 - 20001.0; lambda = (0, 0.8)
    foreign lambdas:
        delta H to (0, 0.7) (20001 pts)
        delta H to (0, 0.8) (20001 pts)
        delta H to (0, 0.9) (20001 pts)



   Samples in time interval: 0.000 - 20001.000
Removing samples outside of: 0.000 - 10000.000

Temperature: 298.15 K

Detailed results in kT (see help for explanation):

 lam_A  lam_B      DG   +/-     s_A   +/-     s_B   +/-   stdev   +/- 
     0      1    1.25  0.11    0.78  0.07    0.84  0.07    1.33  0.04
     1      2    1.66  0.14    2.63  0.18    1.99  0.17    2.48  0.15
     2      3    0.12  0.03    2.38  0.08    1.38  0.04    1.98  0.03
     3      4   -0.75  0.05    1.34  0.06    0.83  0.04    1.45  0.03
     4      5   -1.07  0.04    1.07  0.04    0.68  0.03    1.30  0.02
     5      6   -1.33  0.03    0.85  0.01    0.54  0.01    1.16  0.01
     6      7   -1.52  0.02    0.84  0.02    0.54  0.01    1.12  0.01
     7      8   -1.69  0.02    0.68  0.02    0.42  0.01    1.02  0.01
     8      9   -1.81  0.01    0.63  0.02    0.41  0.01    0.95  0.01
     9     10   -1.94  0.00    0.51  0.01    0.34  0.00    0.87  0.01
    10     11   -0.08  0.01    0.03  0.02    0.03  0.02    0.32  0.01
    11     12   -0.19  0.01    0.08  0.02    0.09  0.02    0.34  0.04
    12     13   -0.34  0.03    0.07  0.04    0.08  0.04    0.40  0.02
    13     14   -0.49  0.06    0.06  0.09    0.11  0.11    0.52  0.06
    14     15   -0.85  0.12    0.25  0.07    0.33  0.07    0.77  0.03


Final results in kJ/mol:

point      0 -      1,   DG  3.10 +/-  0.27
point      1 -      2,   DG  4.11 +/-  0.34
point      2 -      3,   DG  0.30 +/-  0.06
point      3 -      4,   DG -1.85 +/-  0.11
point      4 -      5,   DG -2.66 +/-  0.09
point      5 -      6,   DG -3.30 +/-  0.07
point      6 -      7,   DG -3.76 +/-  0.04
point      7 -      8,   DG -4.18 +/-  0.05
point      8 -      9,   DG -4.49 +/-  0.02
point      9 -     10,   DG -4.80 +/-  0.01
point     10 -     11,   DG -0.19 +/-  0.03
point     11 -     12,   DG -0.47 +/-  0.04
point     12 -     13,   DG -0.85 +/-  0.07
point     13 -     14,   DG -1.22 +/-  0.15
point     14 -     15,   DG -2.10 +/-  0.29

total      0 -     15,   DG -22.37 +/-  0.43

