
md10.edr: 0.0 - 20001.0; lambda = (0, 0.9)
    foreign lambdas:
        delta H to (0, 0.8) (20001 pts)
        delta H to (0, 0.9) (20001 pts)
        delta H to (0, 1) (20001 pts)



md11.edr: 0.0 - 20001.0; lambda = (0, 1)
    foreign lambdas:
        delta H to (0, 0.9) (20001 pts)
        delta H to (0, 1) (20001 pts)
        delta H to (0.2, 1) (20001 pts)



md12.edr: 0.0 - 20001.0; lambda = (0.2, 1)
    foreign lambdas:
        delta H to (0, 1) (20001 pts)
        delta H to (0.2, 1) (20001 pts)
        delta H to (0.4, 1) (20001 pts)



md13.edr: 0.0 - 20001.0; lambda = (0.4, 1)
    foreign lambdas:
        delta H to (0.2, 1) (20001 pts)
        delta H to (0.4, 1) (20001 pts)
        delta H to (0.6, 1) (20001 pts)



md14.edr: 0.0 - 20001.0; lambda = (0.6, 1)
    foreign lambdas:
        delta H to (0.4, 1) (20001 pts)
        delta H to (0.6, 1) (20001 pts)
        delta H to (0.8, 1) (20001 pts)



md15.edr: 0.0 - 20001.0; lambda = (0.8, 1)
    foreign lambdas:
        delta H to (0.6, 1) (20001 pts)
        delta H to (0.8, 1) (20001 pts)
        delta H to (1, 1) (20001 pts)



md16.edr: 0.0 - 20001.0; lambda = (1, 1)
    foreign lambdas:
        delta H to (0.8, 1) (20001 pts)
        delta H to (1, 1) (20001 pts)



md1.edr: 0.0 - 20001.0; lambda = (0, 0)
    foreign lambdas:
        delta H to (0, 0) (20001 pts)
        delta H to (0, 0.1) (20001 pts)



md2.edr: 0.0 - 20001.0; lambda = (0, 0.1)
    foreign lambdas:
        delta H to (0, 0) (20001 pts)
        delta H to (0, 0.1) (20001 pts)
        delta H to (0, 0.2) (20001 pts)



md3.edr: 0.0 - 20001.0; lambda = (0, 0.2)
    foreign lambdas:
        delta H to (0, 0.1) (20001 pts)
        delta H to (0, 0.2) (20001 pts)
        delta H to (0, 0.3) (20001 pts)



md4.edr: 0.0 - 20001.0; lambda = (0, 0.3)
    foreign lambdas:
        delta H to (0, 0.2) (20001 pts)
        delta H to (0, 0.3) (20001 pts)
        delta H to (0, 0.4) (20001 pts)



md5.edr: 0.0 - 20001.0; lambda = (0, 0.4)
    foreign lambdas:
        delta H to (0, 0.3) (20001 pts)
        delta H to (0, 0.4) (20001 pts)
        delta H to (0, 0.5) (20001 pts)



md6.edr: 0.0 - 20001.0; lambda = (0, 0.5)
    foreign lambdas:
        delta H to (0, 0.4) (20001 pts)
        delta H to (0, 0.5) (20001 pts)
        delta H to (0, 0.6) (20001 pts)



md7.edr: 0.0 - 20001.0; lambda = (0, 0.6)
    foreign lambdas:
        delta H to (0, 0.5) (20001 pts)
        delta H to (0, 0.6) (20001 pts)
        delta H to (0, 0.7) (20001 pts)



md8.edr: 0.0 - 20001.0; lambda = (0, 0.7)
    foreign lambdas:
        delta H to (0, 0.6) (20001 pts)
        delta H to (0, 0.7) (20001 pts)
        delta H to (0, 0.8) (20001 pts)



md9.edr: 0.0 - 20001.0; lambda = (0, 0.8)
    foreign lambdas:
        delta H to (0, 0.7) (20001 pts)
        delta H to (0, 0.8) (20001 pts)
        delta H to (0, 0.9) (20001 pts)



   Samples in time interval: 0.000 - 20001.000
Removing samples outside of: 0.000 - 13000.000

Temperature: 298.15 K

Detailed results in kT (see help for explanation):

 lam_A  lam_B      DG   +/-     s_A   +/-     s_B   +/-   stdev   +/- 
     0      1    1.00  0.07    0.84  0.09    0.87  0.10    1.36  0.04
     1      2    1.39  0.15    2.37  0.11    1.80  0.09    2.32  0.06
     2      3    0.08  0.09    2.30  0.19    1.29  0.10    1.94  0.08
     3      4   -0.64  0.04    1.40  0.07    0.87  0.04    1.50  0.03
     4      5   -1.01  0.03    1.15  0.06    0.73  0.04    1.34  0.03
     5      6   -1.31  0.04    0.93  0.04    0.60  0.03    1.20  0.02
     6      7   -1.49  0.02    0.81  0.04    0.50  0.03    1.10  0.02
     7      8   -1.67  0.01    0.72  0.02    0.46  0.02    1.02  0.01
     8      9   -1.80  0.01    0.60  0.02    0.38  0.01    0.95  0.01
     9     10   -1.91  0.02    0.55  0.02    0.37  0.01    0.90  0.01
    10     11   -0.06  0.02    0.05  0.02    0.05  0.02    0.33  0.02
    11     12   -0.17  0.02    0.07  0.02    0.07  0.02    0.34  0.02
    12     13   -0.33  0.02    0.09  0.04    0.10  0.04    0.41  0.02
    13     14   -0.57  0.10    0.14  0.06    0.18  0.07    0.56  0.06
    14     15   -1.11  0.13    0.36  0.04    0.48  0.05    0.88  0.05


Final results in kJ/mol:

point      0 -      1,   DG  2.49 +/-  0.18
point      1 -      2,   DG  3.44 +/-  0.37
point      2 -      3,   DG  0.19 +/-  0.22
point      3 -      4,   DG -1.58 +/-  0.09
point      4 -      5,   DG -2.50 +/-  0.08
point      5 -      6,   DG -3.25 +/-  0.09
point      6 -      7,   DG -3.70 +/-  0.05
point      7 -      8,   DG -4.14 +/-  0.02
point      8 -      9,   DG -4.46 +/-  0.03
point      9 -     10,   DG -4.74 +/-  0.04
point     10 -     11,   DG -0.15 +/-  0.05
point     11 -     12,   DG -0.43 +/-  0.06
point     12 -     13,   DG -0.82 +/-  0.05
point     13 -     14,   DG -1.40 +/-  0.24
point     14 -     15,   DG -2.76 +/-  0.33

total      0 -     15,   DG -23.82 +/-  0.75

