
md10.edr: 0.0 - 20001.0; lambda = (0, 0.9)
    foreign lambdas:
        delta H to (0, 0.8) (20001 pts)
        delta H to (0, 0.9) (20001 pts)
        delta H to (0, 1) (20001 pts)



md11.edr: 0.0 - 20001.0; lambda = (0, 1)
    foreign lambdas:
        delta H to (0, 0.9) (20001 pts)
        delta H to (0, 1) (20001 pts)
        delta H to (0.2, 1) (20001 pts)



md12.edr: 0.0 - 20001.0; lambda = (0.2, 1)
    foreign lambdas:
        delta H to (0, 1) (20001 pts)
        delta H to (0.2, 1) (20001 pts)
        delta H to (0.4, 1) (20001 pts)



md13.edr: 0.0 - 20001.0; lambda = (0.4, 1)
    foreign lambdas:
        delta H to (0.2, 1) (20001 pts)
        delta H to (0.4, 1) (20001 pts)
        delta H to (0.6, 1) (20001 pts)



md14.edr: 0.0 - 20001.0; lambda = (0.6, 1)
    foreign lambdas:
        delta H to (0.4, 1) (20001 pts)
        delta H to (0.6, 1) (20001 pts)
        delta H to (0.8, 1) (20001 pts)



md15.edr: 0.0 - 20001.0; lambda = (0.8, 1)
    foreign lambdas:
        delta H to (0.6, 1) (20001 pts)
        delta H to (0.8, 1) (20001 pts)
        delta H to (1, 1) (20001 pts)



md16.edr: 0.0 - 20001.0; lambda = (1, 1)
    foreign lambdas:
        delta H to (0.8, 1) (20001 pts)
        delta H to (1, 1) (20001 pts)



md1.edr: 0.0 - 20001.0; lambda = (0, 0)
    foreign lambdas:
        delta H to (0, 0) (20001 pts)
        delta H to (0, 0.1) (20001 pts)



md2.edr: 0.0 - 20001.0; lambda = (0, 0.1)
    foreign lambdas:
        delta H to (0, 0) (20001 pts)
        delta H to (0, 0.1) (20001 pts)
        delta H to (0, 0.2) (20001 pts)



md3.edr: 0.0 - 20001.0; lambda = (0, 0.2)
    foreign lambdas:
        delta H to (0, 0.1) (20001 pts)
        delta H to (0, 0.2) (20001 pts)
        delta H to (0, 0.3) (20001 pts)



md4.edr: 0.0 - 20001.0; lambda = (0, 0.3)
    foreign lambdas:
        delta H to (0, 0.2) (20001 pts)
        delta H to (0, 0.3) (20001 pts)
        delta H to (0, 0.4) (20001 pts)



md5.edr: 0.0 - 20001.0; lambda = (0, 0.4)
    foreign lambdas:
        delta H to (0, 0.3) (20001 pts)
        delta H to (0, 0.4) (20001 pts)
        delta H to (0, 0.5) (20001 pts)



md6.edr: 0.0 - 20001.0; lambda = (0, 0.5)
    foreign lambdas:
        delta H to (0, 0.4) (20001 pts)
        delta H to (0, 0.5) (20001 pts)
        delta H to (0, 0.6) (20001 pts)



md7.edr: 0.0 - 20001.0; lambda = (0, 0.6)
    foreign lambdas:
        delta H to (0, 0.5) (20001 pts)
        delta H to (0, 0.6) (20001 pts)
        delta H to (0, 0.7) (20001 pts)



md8.edr: 0.0 - 20001.0; lambda = (0, 0.7)
    foreign lambdas:
        delta H to (0, 0.6) (20001 pts)
        delta H to (0, 0.7) (20001 pts)
        delta H to (0, 0.8) (20001 pts)



md9.edr: 0.0 - 20001.0; lambda = (0, 0.8)
    foreign lambdas:
        delta H to (0, 0.7) (20001 pts)
        delta H to (0, 0.8) (20001 pts)
        delta H to (0, 0.9) (20001 pts)



   Samples in time interval: 0.000 - 20001.000
Removing samples outside of: 0.000 - 15000.000

Temperature: 298.15 K

Detailed results in kT (see help for explanation):

 lam_A  lam_B      DG   +/-     s_A   +/-     s_B   +/-   stdev   +/- 
     0      1    1.01  0.07    0.84  0.05    0.87  0.05    1.36  0.02
     1      2    1.42  0.08    2.35  0.12    1.81  0.07    2.32  0.05
     2      3    0.10  0.06    2.32  0.14    1.31  0.06    1.96  0.05
     3      4   -0.63  0.02    1.40  0.09    0.86  0.05    1.50  0.03
     4      5   -0.99  0.03    1.16  0.04    0.74  0.03    1.35  0.02
     5      6   -1.31  0.03    0.92  0.03    0.60  0.02    1.19  0.01
     6      7   -1.50  0.02    0.80  0.05    0.50  0.03    1.10  0.02
     7      8   -1.67  0.01    0.71  0.02    0.45  0.01    1.02  0.01
     8      9   -1.80  0.01    0.61  0.02    0.39  0.01    0.95  0.01
     9     10   -1.91  0.01    0.55  0.01    0.36  0.01    0.90  0.00
    10     11   -0.05  0.02    0.05  0.01    0.05  0.01    0.33  0.02
    11     12   -0.17  0.02    0.07  0.02    0.07  0.02    0.34  0.02
    12     13   -0.33  0.02    0.09  0.02    0.10  0.02    0.40  0.01
    13     14   -0.60  0.08    0.18  0.07    0.23  0.08    0.59  0.06
    14     15   -1.17  0.14    0.34  0.06    0.44  0.07    0.90  0.03


Final results in kJ/mol:

point      0 -      1,   DG  2.50 +/-  0.17
point      1 -      2,   DG  3.51 +/-  0.21
point      2 -      3,   DG  0.25 +/-  0.15
point      3 -      4,   DG -1.57 +/-  0.05
point      4 -      5,   DG -2.47 +/-  0.06
point      5 -      6,   DG -3.25 +/-  0.07
point      6 -      7,   DG -3.72 +/-  0.05
point      7 -      8,   DG -4.14 +/-  0.02
point      8 -      9,   DG -4.46 +/-  0.03
point      9 -     10,   DG -4.75 +/-  0.03
point     10 -     11,   DG -0.13 +/-  0.05
point     11 -     12,   DG -0.42 +/-  0.06
point     12 -     13,   DG -0.81 +/-  0.06
point     13 -     14,   DG -1.49 +/-  0.20
point     14 -     15,   DG -2.91 +/-  0.34

total      0 -     15,   DG -23.85 +/-  0.70

