
md10.edr: 0.0 - 20001.0; lambda = (0, 0.9)
    foreign lambdas:
        delta H to (0, 0.8) (20001 pts)
        delta H to (0, 0.9) (20001 pts)
        delta H to (0, 1) (20001 pts)



md11.edr: 0.0 - 20001.0; lambda = (0, 1)
    foreign lambdas:
        delta H to (0, 0.9) (20001 pts)
        delta H to (0, 1) (20001 pts)
        delta H to (0.2, 1) (20001 pts)



md12.edr: 0.0 - 20001.0; lambda = (0.2, 1)
    foreign lambdas:
        delta H to (0, 1) (20001 pts)
        delta H to (0.2, 1) (20001 pts)
        delta H to (0.4, 1) (20001 pts)



md13.edr: 0.0 - 20001.0; lambda = (0.4, 1)
    foreign lambdas:
        delta H to (0.2, 1) (20001 pts)
        delta H to (0.4, 1) (20001 pts)
        delta H to (0.6, 1) (20001 pts)



md14.edr: 0.0 - 20001.0; lambda = (0.6, 1)
    foreign lambdas:
        delta H to (0.4, 1) (20001 pts)
        delta H to (0.6, 1) (20001 pts)
        delta H to (0.8, 1) (20001 pts)



md15.edr: 0.0 - 20001.0; lambda = (0.8, 1)
    foreign lambdas:
        delta H to (0.6, 1) (20001 pts)
        delta H to (0.8, 1) (20001 pts)
        delta H to (1, 1) (20001 pts)



md16.edr: 0.0 - 20001.0; lambda = (1, 1)
    foreign lambdas:
        delta H to (0.8, 1) (20001 pts)
        delta H to (1, 1) (20001 pts)



md1.edr: 0.0 - 20001.0; lambda = (0, 0)
    foreign lambdas:
        delta H to (0, 0) (20001 pts)
        delta H to (0, 0.1) (20001 pts)



md2.edr: 0.0 - 20001.0; lambda = (0, 0.1)
    foreign lambdas:
        delta H to (0, 0) (20001 pts)
        delta H to (0, 0.1) (20001 pts)
        delta H to (0, 0.2) (20001 pts)



md3.edr: 0.0 - 20001.0; lambda = (0, 0.2)
    foreign lambdas:
        delta H to (0, 0.1) (20001 pts)
        delta H to (0, 0.2) (20001 pts)
        delta H to (0, 0.3) (20001 pts)



md4.edr: 0.0 - 20001.0; lambda = (0, 0.3)
    foreign lambdas:
        delta H to (0, 0.2) (20001 pts)
        delta H to (0, 0.3) (20001 pts)
        delta H to (0, 0.4) (20001 pts)



md5.edr: 0.0 - 20001.0; lambda = (0, 0.4)
    foreign lambdas:
        delta H to (0, 0.3) (20001 pts)
        delta H to (0, 0.4) (20001 pts)
        delta H to (0, 0.5) (20001 pts)



md6.edr: 0.0 - 20001.0; lambda = (0, 0.5)
    foreign lambdas:
        delta H to (0, 0.4) (20001 pts)
        delta H to (0, 0.5) (20001 pts)
        delta H to (0, 0.6) (20001 pts)



md7.edr: 0.0 - 20001.0; lambda = (0, 0.6)
    foreign lambdas:
        delta H to (0, 0.5) (20001 pts)
        delta H to (0, 0.6) (20001 pts)
        delta H to (0, 0.7) (20001 pts)



md8.edr: 0.0 - 20001.0; lambda = (0, 0.7)
    foreign lambdas:
        delta H to (0, 0.6) (20001 pts)
        delta H to (0, 0.7) (20001 pts)
        delta H to (0, 0.8) (20001 pts)



md9.edr: 0.0 - 20001.0; lambda = (0, 0.8)
    foreign lambdas:
        delta H to (0, 0.7) (20001 pts)
        delta H to (0, 0.8) (20001 pts)
        delta H to (0, 0.9) (20001 pts)



   Samples in time interval: 0.000 - 20001.000
Removing samples outside of: 0.000 - 17000.000

Temperature: 298.15 K

Detailed results in kT (see help for explanation):

 lam_A  lam_B      DG   +/-     s_A   +/-     s_B   +/-   stdev   +/- 
     0      1    1.01  0.07    0.86  0.08    0.89  0.08    1.37  0.04
     1      2    1.46  0.09    2.28  0.14    1.77  0.10    2.29  0.06
     2      3    0.15  0.08    2.43  0.13    1.36  0.07    2.00  0.06
     3      4   -0.64  0.02    1.39  0.08    0.86  0.04    1.50  0.03
     4      5   -1.00  0.03    1.15  0.05    0.73  0.03    1.34  0.02
     5      6   -1.30  0.03    0.93  0.03    0.60  0.02    1.20  0.01
     6      7   -1.50  0.02    0.80  0.04    0.50  0.03    1.10  0.02
     7      8   -1.67  0.01    0.72  0.01    0.46  0.01    1.02  0.01
     8      9   -1.80  0.01    0.61  0.01    0.39  0.01    0.95  0.01
     9     10   -1.92  0.01    0.55  0.01    0.36  0.01    0.90  0.00
    10     11   -0.06  0.01    0.05  0.01    0.05  0.01    0.33  0.01
    11     12   -0.17  0.02    0.06  0.02    0.06  0.02    0.34  0.01
    12     13   -0.32  0.03    0.08  0.02    0.10  0.03    0.40  0.02
    13     14   -0.61  0.09    0.19  0.08    0.25  0.09    0.59  0.07
    14     15   -1.19  0.13    0.34  0.05    0.44  0.06    0.90  0.04


Final results in kJ/mol:

point      0 -      1,   DG  2.51 +/-  0.16
point      1 -      2,   DG  3.61 +/-  0.21
point      2 -      3,   DG  0.38 +/-  0.19
point      3 -      4,   DG -1.58 +/-  0.05
point      4 -      5,   DG -2.47 +/-  0.07
point      5 -      6,   DG -3.23 +/-  0.07
point      6 -      7,   DG -3.71 +/-  0.05
point      7 -      8,   DG -4.14 +/-  0.02
point      8 -      9,   DG -4.46 +/-  0.03
point      9 -     10,   DG -4.75 +/-  0.03
point     10 -     11,   DG -0.16 +/-  0.03
point     11 -     12,   DG -0.42 +/-  0.04
point     12 -     13,   DG -0.79 +/-  0.06
point     13 -     14,   DG -1.51 +/-  0.22
point     14 -     15,   DG -2.96 +/-  0.33

total      0 -     15,   DG -23.67 +/-  0.72

