
md10.edr: 0.0 - 20001.0; lambda = (0, 0.9)
    foreign lambdas:
        delta H to (0, 0.8) (20001 pts)
        delta H to (0, 0.9) (20001 pts)
        delta H to (0, 1) (20001 pts)



md11.edr: 0.0 - 20001.0; lambda = (0, 1)
    foreign lambdas:
        delta H to (0, 0.9) (20001 pts)
        delta H to (0, 1) (20001 pts)
        delta H to (0.2, 1) (20001 pts)



md12.edr: 0.0 - 20001.0; lambda = (0.2, 1)
    foreign lambdas:
        delta H to (0, 1) (20001 pts)
        delta H to (0.2, 1) (20001 pts)
        delta H to (0.4, 1) (20001 pts)



md13.edr: 0.0 - 20001.0; lambda = (0.4, 1)
    foreign lambdas:
        delta H to (0.2, 1) (20001 pts)
        delta H to (0.4, 1) (20001 pts)
        delta H to (0.6, 1) (20001 pts)



md14.edr: 0.0 - 20001.0; lambda = (0.6, 1)
    foreign lambdas:
        delta H to (0.4, 1) (20001 pts)
        delta H to (0.6, 1) (20001 pts)
        delta H to (0.8, 1) (20001 pts)



md15.edr: 0.0 - 20001.0; lambda = (0.8, 1)
    foreign lambdas:
        delta H to (0.6, 1) (20001 pts)
        delta H to (0.8, 1) (20001 pts)
        delta H to (1, 1) (20001 pts)



md16.edr: 0.0 - 20001.0; lambda = (1, 1)
    foreign lambdas:
        delta H to (0.8, 1) (20001 pts)
        delta H to (1, 1) (20001 pts)



md1.edr: 0.0 - 20001.0; lambda = (0, 0)
    foreign lambdas:
        delta H to (0, 0) (20001 pts)
        delta H to (0, 0.1) (20001 pts)



md2.edr: 0.0 - 20001.0; lambda = (0, 0.1)
    foreign lambdas:
        delta H to (0, 0) (20001 pts)
        delta H to (0, 0.1) (20001 pts)
        delta H to (0, 0.2) (20001 pts)



md3.edr: 0.0 - 20001.0; lambda = (0, 0.2)
    foreign lambdas:
        delta H to (0, 0.1) (20001 pts)
        delta H to (0, 0.2) (20001 pts)
        delta H to (0, 0.3) (20001 pts)



md4.edr: 0.0 - 20001.0; lambda = (0, 0.3)
    foreign lambdas:
        delta H to (0, 0.2) (20001 pts)
        delta H to (0, 0.3) (20001 pts)
        delta H to (0, 0.4) (20001 pts)



md5.edr: 0.0 - 20001.0; lambda = (0, 0.4)
    foreign lambdas:
        delta H to (0, 0.3) (20001 pts)
        delta H to (0, 0.4) (20001 pts)
        delta H to (0, 0.5) (20001 pts)



md6.edr: 0.0 - 20001.0; lambda = (0, 0.5)
    foreign lambdas:
        delta H to (0, 0.4) (20001 pts)
        delta H to (0, 0.5) (20001 pts)
        delta H to (0, 0.6) (20001 pts)



md7.edr: 0.0 - 20001.0; lambda = (0, 0.6)
    foreign lambdas:
        delta H to (0, 0.5) (20001 pts)
        delta H to (0, 0.6) (20001 pts)
        delta H to (0, 0.7) (20001 pts)



md8.edr: 0.0 - 20001.0; lambda = (0, 0.7)
    foreign lambdas:
        delta H to (0, 0.6) (20001 pts)
        delta H to (0, 0.7) (20001 pts)
        delta H to (0, 0.8) (20001 pts)



md9.edr: 0.0 - 20001.0; lambda = (0, 0.8)
    foreign lambdas:
        delta H to (0, 0.7) (20001 pts)
        delta H to (0, 0.8) (20001 pts)
        delta H to (0, 0.9) (20001 pts)



   Samples in time interval: 0.000 - 20001.000
Removing samples outside of: 0.000 - 1000.000

Temperature: 298.15 K

Detailed results in kT (see help for explanation):

 lam_A  lam_B      DG   +/-     s_A   +/-     s_B   +/-   stdev   +/- 
     0      1    1.45  0.18    0.70  0.18    0.71  0.17    1.32  0.10
     1      2    1.87  0.24    3.09  0.36    2.43  0.29    2.87  0.33
     2      3    0.07  0.22    2.03  0.40    1.14  0.22    1.84  0.18
     3      4   -0.50  0.09    1.62  0.05    1.04  0.02    1.60  0.02
     4      5   -0.94  0.07    1.08  0.13    0.72  0.09    1.35  0.07
     5      6   -1.30  0.07    1.06  0.06    0.68  0.04    1.27  0.04
     6      7   -1.54  0.05    0.71  0.05    0.42  0.04    1.04  0.03
     7      8   -1.66  0.03    0.79  0.06    0.52  0.05    1.06  0.02
     8      9   -1.88  0.07    0.61  0.07    0.38  0.04    0.94  0.04
     9     10   -1.95  0.05    0.48  0.04    0.30  0.04    0.88  0.01
    10     11   -0.05  0.02    0.02  0.03    0.02  0.03    0.24  0.02
    11     12   -0.15  0.06    0.08  0.07    0.09  0.07    0.34  0.05
    12     13   -0.32  0.13    0.08  0.02    0.09  0.02    0.41  0.04
    13     14   -0.39  0.04   -0.02  0.12    0.00  0.13    0.43  0.04
    14     15   -0.72  0.12    0.33  0.11    0.37  0.11    0.69  0.08


Final results in kJ/mol:

point      0 -      1,   DG  3.60 +/-  0.43
point      1 -      2,   DG  4.63 +/-  0.59
point      2 -      3,   DG  0.17 +/-  0.54
point      3 -      4,   DG -1.23 +/-  0.22
point      4 -      5,   DG -2.34 +/-  0.17
point      5 -      6,   DG -3.22 +/-  0.18
point      6 -      7,   DG -3.81 +/-  0.12
point      7 -      8,   DG -4.12 +/-  0.08
point      8 -      9,   DG -4.67 +/-  0.16
point      9 -     10,   DG -4.83 +/-  0.13
point     10 -     11,   DG -0.11 +/-  0.06
point     11 -     12,   DG -0.37 +/-  0.15
point     12 -     13,   DG -0.80 +/-  0.32
point     13 -     14,   DG -0.97 +/-  0.10
point     14 -     15,   DG -1.79 +/-  0.30

total      0 -     15,   DG -19.86 +/-  0.99

