
md10.edr: 0.0 - 20001.0; lambda = (0, 0.9)
    foreign lambdas:
        delta H to (0, 0.8) (20001 pts)
        delta H to (0, 0.9) (20001 pts)
        delta H to (0, 1) (20001 pts)



md11.edr: 0.0 - 20001.0; lambda = (0, 1)
    foreign lambdas:
        delta H to (0, 0.9) (20001 pts)
        delta H to (0, 1) (20001 pts)
        delta H to (0.2, 1) (20001 pts)



md12.edr: 0.0 - 20001.0; lambda = (0.2, 1)
    foreign lambdas:
        delta H to (0, 1) (20001 pts)
        delta H to (0.2, 1) (20001 pts)
        delta H to (0.4, 1) (20001 pts)



md13.edr: 0.0 - 20001.0; lambda = (0.4, 1)
    foreign lambdas:
        delta H to (0.2, 1) (20001 pts)
        delta H to (0.4, 1) (20001 pts)
        delta H to (0.6, 1) (20001 pts)



md14.edr: 0.0 - 20001.0; lambda = (0.6, 1)
    foreign lambdas:
        delta H to (0.4, 1) (20001 pts)
        delta H to (0.6, 1) (20001 pts)
        delta H to (0.8, 1) (20001 pts)



md15.edr: 0.0 - 20001.0; lambda = (0.8, 1)
    foreign lambdas:
        delta H to (0.6, 1) (20001 pts)
        delta H to (0.8, 1) (20001 pts)
        delta H to (1, 1) (20001 pts)



md16.edr: 0.0 - 20001.0; lambda = (1, 1)
    foreign lambdas:
        delta H to (0.8, 1) (20001 pts)
        delta H to (1, 1) (20001 pts)



md1.edr: 0.0 - 20001.0; lambda = (0, 0)
    foreign lambdas:
        delta H to (0, 0) (20001 pts)
        delta H to (0, 0.1) (20001 pts)



md2.edr: 0.0 - 20001.0; lambda = (0, 0.1)
    foreign lambdas:
        delta H to (0, 0) (20001 pts)
        delta H to (0, 0.1) (20001 pts)
        delta H to (0, 0.2) (20001 pts)



md3.edr: 0.0 - 20001.0; lambda = (0, 0.2)
    foreign lambdas:
        delta H to (0, 0.1) (20001 pts)
        delta H to (0, 0.2) (20001 pts)
        delta H to (0, 0.3) (20001 pts)



md4.edr: 0.0 - 20001.0; lambda = (0, 0.3)
    foreign lambdas:
        delta H to (0, 0.2) (20001 pts)
        delta H to (0, 0.3) (20001 pts)
        delta H to (0, 0.4) (20001 pts)



md5.edr: 0.0 - 20001.0; lambda = (0, 0.4)
    foreign lambdas:
        delta H to (0, 0.3) (20001 pts)
        delta H to (0, 0.4) (20001 pts)
        delta H to (0, 0.5) (20001 pts)



md6.edr: 0.0 - 20001.0; lambda = (0, 0.5)
    foreign lambdas:
        delta H to (0, 0.4) (20001 pts)
        delta H to (0, 0.5) (20001 pts)
        delta H to (0, 0.6) (20001 pts)



md7.edr: 0.0 - 20001.0; lambda = (0, 0.6)
    foreign lambdas:
        delta H to (0, 0.5) (20001 pts)
        delta H to (0, 0.6) (20001 pts)
        delta H to (0, 0.7) (20001 pts)



md8.edr: 0.0 - 20001.0; lambda = (0, 0.7)
    foreign lambdas:
        delta H to (0, 0.6) (20001 pts)
        delta H to (0, 0.7) (20001 pts)
        delta H to (0, 0.8) (20001 pts)



md9.edr: 0.0 - 20001.0; lambda = (0, 0.8)
    foreign lambdas:
        delta H to (0, 0.7) (20001 pts)
        delta H to (0, 0.8) (20001 pts)
        delta H to (0, 0.9) (20001 pts)



   Samples in time interval: 0.000 - 20001.000
Removing samples outside of: 0.000 - 2000.000

Temperature: 298.15 K

Detailed results in kT (see help for explanation):

 lam_A  lam_B      DG   +/-     s_A   +/-     s_B   +/-   stdev   +/- 
     0      1    1.38  0.16    0.84  0.16    0.91  0.15    1.36  0.08
     1      2    1.80  0.34    2.68  0.27    2.09  0.22    2.54  0.20
     2      3    0.20  0.18    2.38  0.38    1.33  0.24    2.00  0.21
     3      4   -0.57  0.10    1.57  0.12    0.99  0.06    1.57  0.06
     4      5   -1.00  0.07    1.11  0.07    0.73  0.04    1.34  0.04
     5      6   -1.40  0.08    1.01  0.06    0.65  0.03    1.21  0.04
     6      7   -1.58  0.04    0.65  0.07    0.40  0.04    1.03  0.02
     7      8   -1.68  0.03    0.78  0.04    0.51  0.03    1.05  0.02
     8      9   -1.84  0.04    0.62  0.04    0.38  0.03    0.95  0.02
     9     10   -1.93  0.03    0.51  0.04    0.33  0.04    0.89  0.01
    10     11   -0.05  0.06    0.11  0.05    0.11  0.05    0.34  0.04
    11     12   -0.24  0.06    0.08  0.07    0.09  0.07    0.39  0.04
    12     13   -0.37  0.09    0.04  0.03    0.05  0.03    0.43  0.05
    13     14   -0.47  0.08    0.05  0.09    0.08  0.10    0.46  0.06
    14     15   -0.78  0.07    0.23  0.11    0.27  0.11    0.66  0.03


Final results in kJ/mol:

point      0 -      1,   DG  3.43 +/-  0.39
point      1 -      2,   DG  4.47 +/-  0.85
point      2 -      3,   DG  0.50 +/-  0.46
point      3 -      4,   DG -1.42 +/-  0.25
point      4 -      5,   DG -2.48 +/-  0.18
point      5 -      6,   DG -3.46 +/-  0.19
point      6 -      7,   DG -3.91 +/-  0.10
point      7 -      8,   DG -4.17 +/-  0.08
point      8 -      9,   DG -4.57 +/-  0.10
point      9 -     10,   DG -4.79 +/-  0.06
point     10 -     11,   DG -0.13 +/-  0.14
point     11 -     12,   DG -0.59 +/-  0.16
point     12 -     13,   DG -0.92 +/-  0.22
point     13 -     14,   DG -1.17 +/-  0.19
point     14 -     15,   DG -1.93 +/-  0.17

total      0 -     15,   DG -21.14 +/-  0.92

