
md10.edr: 0.0 - 20001.0; lambda = (0, 0.9)
    foreign lambdas:
        delta H to (0, 0.8) (20001 pts)
        delta H to (0, 0.9) (20001 pts)
        delta H to (0, 1) (20001 pts)



md11.edr: 0.0 - 20001.0; lambda = (0, 1)
    foreign lambdas:
        delta H to (0, 0.9) (20001 pts)
        delta H to (0, 1) (20001 pts)
        delta H to (0.2, 1) (20001 pts)



md12.edr: 0.0 - 20001.0; lambda = (0.2, 1)
    foreign lambdas:
        delta H to (0, 1) (20001 pts)
        delta H to (0.2, 1) (20001 pts)
        delta H to (0.4, 1) (20001 pts)



md13.edr: 0.0 - 20001.0; lambda = (0.4, 1)
    foreign lambdas:
        delta H to (0.2, 1) (20001 pts)
        delta H to (0.4, 1) (20001 pts)
        delta H to (0.6, 1) (20001 pts)



md14.edr: 0.0 - 20001.0; lambda = (0.6, 1)
    foreign lambdas:
        delta H to (0.4, 1) (20001 pts)
        delta H to (0.6, 1) (20001 pts)
        delta H to (0.8, 1) (20001 pts)



md15.edr: 0.0 - 20001.0; lambda = (0.8, 1)
    foreign lambdas:
        delta H to (0.6, 1) (20001 pts)
        delta H to (0.8, 1) (20001 pts)
        delta H to (1, 1) (20001 pts)



md16.edr: 0.0 - 20001.0; lambda = (1, 1)
    foreign lambdas:
        delta H to (0.8, 1) (20001 pts)
        delta H to (1, 1) (20001 pts)



md1.edr: 0.0 - 20001.0; lambda = (0, 0)
    foreign lambdas:
        delta H to (0, 0) (20001 pts)
        delta H to (0, 0.1) (20001 pts)



md2.edr: 0.0 - 20001.0; lambda = (0, 0.1)
    foreign lambdas:
        delta H to (0, 0) (20001 pts)
        delta H to (0, 0.1) (20001 pts)
        delta H to (0, 0.2) (20001 pts)



md3.edr: 0.0 - 20001.0; lambda = (0, 0.2)
    foreign lambdas:
        delta H to (0, 0.1) (20001 pts)
        delta H to (0, 0.2) (20001 pts)
        delta H to (0, 0.3) (20001 pts)



md4.edr: 0.0 - 20001.0; lambda = (0, 0.3)
    foreign lambdas:
        delta H to (0, 0.2) (20001 pts)
        delta H to (0, 0.3) (20001 pts)
        delta H to (0, 0.4) (20001 pts)



md5.edr: 0.0 - 20001.0; lambda = (0, 0.4)
    foreign lambdas:
        delta H to (0, 0.3) (20001 pts)
        delta H to (0, 0.4) (20001 pts)
        delta H to (0, 0.5) (20001 pts)



md6.edr: 0.0 - 20001.0; lambda = (0, 0.5)
    foreign lambdas:
        delta H to (0, 0.4) (20001 pts)
        delta H to (0, 0.5) (20001 pts)
        delta H to (0, 0.6) (20001 pts)



md7.edr: 0.0 - 20001.0; lambda = (0, 0.6)
    foreign lambdas:
        delta H to (0, 0.5) (20001 pts)
        delta H to (0, 0.6) (20001 pts)
        delta H to (0, 0.7) (20001 pts)



md8.edr: 0.0 - 20001.0; lambda = (0, 0.7)
    foreign lambdas:
        delta H to (0, 0.6) (20001 pts)
        delta H to (0, 0.7) (20001 pts)
        delta H to (0, 0.8) (20001 pts)



md9.edr: 0.0 - 20001.0; lambda = (0, 0.8)
    foreign lambdas:
        delta H to (0, 0.7) (20001 pts)
        delta H to (0, 0.8) (20001 pts)
        delta H to (0, 0.9) (20001 pts)



   Samples in time interval: 0.000 - 20001.000
Removing samples outside of: 0.000 - 1000.000

Temperature: 298.15 K

Detailed results in kT (see help for explanation):

 lam_A  lam_B      DG   +/-     s_A   +/-     s_B   +/-   stdev   +/- 
     0      1    1.08  0.02    0.12  0.02    0.14  0.03    0.54  0.02
     1      2    3.18  0.04    0.66  0.03    0.77  0.05    1.19  0.02
     2      3    3.59  0.12    2.53  0.10    2.23  0.04    2.64  0.04
     3      4    1.45  0.08    2.73  0.13    1.52  0.06    2.14  0.07
     4      5    0.16  0.03    1.48  0.08    0.88  0.06    1.47  0.03
     5      6   -0.42  0.04    0.84  0.05    0.54  0.03    1.13  0.02
     6      7   -0.71  0.02    0.71  0.04    0.47  0.03    1.04  0.02
     7      8   -0.93  0.03    0.52  0.03    0.34  0.02    0.90  0.01
     8      9   -1.07  0.01    0.45  0.02    0.31  0.02    0.83  0.02
     9     10   -1.17  0.02    0.36  0.02    0.24  0.01    0.77  0.02
    10     11   -0.30  0.03    0.30  0.03    0.32  0.03    0.78  0.01
    11     12   -1.02  0.03    0.40  0.02    0.45  0.03    0.91  0.01
    12     13   -2.06  0.01    0.60  0.00    0.66  0.01    1.13  0.01
    13     14   -3.43  0.04    0.70  0.03    0.76  0.04    1.27  0.04
    14     15   -5.12  0.05    0.93  0.04    0.94  0.05    1.43  0.02


Final results in kJ/mol:

point      0 -      1,   DG  2.67 +/-  0.04
point      1 -      2,   DG  7.87 +/-  0.09
point      2 -      3,   DG  8.89 +/-  0.31
point      3 -      4,   DG  3.59 +/-  0.21
point      4 -      5,   DG  0.39 +/-  0.07
point      5 -      6,   DG -1.03 +/-  0.10
point      6 -      7,   DG -1.76 +/-  0.05
point      7 -      8,   DG -2.31 +/-  0.07
point      8 -      9,   DG -2.64 +/-  0.03
point      9 -     10,   DG -2.89 +/-  0.06
point     10 -     11,   DG -0.75 +/-  0.07
point     11 -     12,   DG -2.53 +/-  0.07
point     12 -     13,   DG -5.11 +/-  0.02
point     13 -     14,   DG -8.50 +/-  0.09
point     14 -     15,   DG -12.70 +/-  0.13

total      0 -     15,   DG -16.81 +/-  0.40

