
md10.edr: 0.0 - 20001.0; lambda = (0, 0.9)
    foreign lambdas:
        delta H to (0, 0.8) (20001 pts)
        delta H to (0, 0.9) (20001 pts)
        delta H to (0, 1) (20001 pts)



md11.edr: 0.0 - 20001.0; lambda = (0, 1)
    foreign lambdas:
        delta H to (0, 0.9) (20001 pts)
        delta H to (0, 1) (20001 pts)
        delta H to (0.2, 1) (20001 pts)



md12.edr: 0.0 - 20001.0; lambda = (0.2, 1)
    foreign lambdas:
        delta H to (0, 1) (20001 pts)
        delta H to (0.2, 1) (20001 pts)
        delta H to (0.4, 1) (20001 pts)



md13.edr: 0.0 - 20001.0; lambda = (0.4, 1)
    foreign lambdas:
        delta H to (0.2, 1) (20001 pts)
        delta H to (0.4, 1) (20001 pts)
        delta H to (0.6, 1) (20001 pts)



md14.edr: 0.0 - 20001.0; lambda = (0.6, 1)
    foreign lambdas:
        delta H to (0.4, 1) (20001 pts)
        delta H to (0.6, 1) (20001 pts)
        delta H to (0.8, 1) (20001 pts)



md15.edr: 0.0 - 20001.0; lambda = (0.8, 1)
    foreign lambdas:
        delta H to (0.6, 1) (20001 pts)
        delta H to (0.8, 1) (20001 pts)
        delta H to (1, 1) (20001 pts)



md16.edr: 0.0 - 20001.0; lambda = (1, 1)
    foreign lambdas:
        delta H to (0.8, 1) (20001 pts)
        delta H to (1, 1) (20001 pts)



md1.edr: 0.0 - 20001.0; lambda = (0, 0)
    foreign lambdas:
        delta H to (0, 0) (20001 pts)
        delta H to (0, 0.1) (20001 pts)



md2.edr: 0.0 - 20001.0; lambda = (0, 0.1)
    foreign lambdas:
        delta H to (0, 0) (20001 pts)
        delta H to (0, 0.1) (20001 pts)
        delta H to (0, 0.2) (20001 pts)



md3.edr: 0.0 - 20001.0; lambda = (0, 0.2)
    foreign lambdas:
        delta H to (0, 0.1) (20001 pts)
        delta H to (0, 0.2) (20001 pts)
        delta H to (0, 0.3) (20001 pts)



md4.edr: 0.0 - 20001.0; lambda = (0, 0.3)
    foreign lambdas:
        delta H to (0, 0.2) (20001 pts)
        delta H to (0, 0.3) (20001 pts)
        delta H to (0, 0.4) (20001 pts)



md5.edr: 0.0 - 20001.0; lambda = (0, 0.4)
    foreign lambdas:
        delta H to (0, 0.3) (20001 pts)
        delta H to (0, 0.4) (20001 pts)
        delta H to (0, 0.5) (20001 pts)



md6.edr: 0.0 - 20001.0; lambda = (0, 0.5)
    foreign lambdas:
        delta H to (0, 0.4) (20001 pts)
        delta H to (0, 0.5) (20001 pts)
        delta H to (0, 0.6) (20001 pts)



md7.edr: 0.0 - 20001.0; lambda = (0, 0.6)
    foreign lambdas:
        delta H to (0, 0.5) (20001 pts)
        delta H to (0, 0.6) (20001 pts)
        delta H to (0, 0.7) (20001 pts)



md8.edr: 0.0 - 20001.0; lambda = (0, 0.7)
    foreign lambdas:
        delta H to (0, 0.6) (20001 pts)
        delta H to (0, 0.7) (20001 pts)
        delta H to (0, 0.8) (20001 pts)



md9.edr: 0.0 - 20001.0; lambda = (0, 0.8)
    foreign lambdas:
        delta H to (0, 0.7) (20001 pts)
        delta H to (0, 0.8) (20001 pts)
        delta H to (0, 0.9) (20001 pts)



   Samples in time interval: 0.000 - 20001.000
Removing samples outside of: 0.000 - 9000.000

Temperature: 298.15 K

Detailed results in kT (see help for explanation):

 lam_A  lam_B      DG   +/-     s_A   +/-     s_B   +/-   stdev   +/- 
     0      1    1.06  0.01    0.14  0.00    0.15  0.00    0.56  0.00
     1      2    3.16  0.01    0.63  0.01    0.73  0.01    1.18  0.01
     2      3    3.58  0.02    2.57  0.03    2.25  0.02    2.65  0.02
     3      4    1.41  0.02    2.72  0.05    1.48  0.01    2.12  0.01
     4      5    0.19  0.01    1.44  0.02    0.85  0.01    1.48  0.00
     5      6   -0.39  0.00    0.94  0.02    0.58  0.01    1.19  0.01
     6      7   -0.72  0.01    0.68  0.02    0.44  0.01    1.02  0.01
     7      8   -0.93  0.01    0.54  0.01    0.36  0.00    0.91  0.01
     8      9   -1.07  0.01    0.43  0.01    0.29  0.00    0.83  0.01
     9     10   -1.17  0.01    0.39  0.01    0.27  0.01    0.78  0.01
    10     11   -0.31  0.00    0.31  0.01    0.32  0.00    0.79  0.00
    11     12   -1.03  0.01    0.40  0.01    0.45  0.01    0.92  0.01
    12     13   -2.05  0.00    0.58  0.01    0.64  0.01    1.12  0.01
    13     14   -3.43  0.00    0.74  0.01    0.79  0.01    1.28  0.01
    14     15   -5.12  0.01    0.90  0.01    0.91  0.01    1.40  0.01


Final results in kJ/mol:

point      0 -      1,   DG  2.64 +/-  0.01
point      1 -      2,   DG  7.82 +/-  0.02
point      2 -      3,   DG  8.88 +/-  0.05
point      3 -      4,   DG  3.50 +/-  0.05
point      4 -      5,   DG  0.47 +/-  0.02
point      5 -      6,   DG -0.96 +/-  0.01
point      6 -      7,   DG -1.78 +/-  0.02
point      7 -      8,   DG -2.31 +/-  0.02
point      8 -      9,   DG -2.65 +/-  0.02
point      9 -     10,   DG -2.89 +/-  0.02
point     10 -     11,   DG -0.76 +/-  0.01
point     11 -     12,   DG -2.54 +/-  0.02
point     12 -     13,   DG -5.08 +/-  0.01
point     13 -     14,   DG -8.51 +/-  0.01
point     14 -     15,   DG -12.68 +/-  0.02

total      0 -     15,   DG -16.85 +/-  0.06

