
md10.edr: 0.0 - 20001.0; lambda = (0, 0.9)
    foreign lambdas:
        delta H to (0, 0.8) (20001 pts)
        delta H to (0, 0.9) (20001 pts)
        delta H to (0, 1) (20001 pts)



md11.edr: 0.0 - 20001.0; lambda = (0, 1)
    foreign lambdas:
        delta H to (0, 0.9) (20001 pts)
        delta H to (0, 1) (20001 pts)
        delta H to (0.2, 1) (20001 pts)



md12.edr: 0.0 - 20001.0; lambda = (0.2, 1)
    foreign lambdas:
        delta H to (0, 1) (20001 pts)
        delta H to (0.2, 1) (20001 pts)
        delta H to (0.4, 1) (20001 pts)



md13.edr: 0.0 - 20001.0; lambda = (0.4, 1)
    foreign lambdas:
        delta H to (0.2, 1) (20001 pts)
        delta H to (0.4, 1) (20001 pts)
        delta H to (0.6, 1) (20001 pts)



md14.edr: 0.0 - 20001.0; lambda = (0.6, 1)
    foreign lambdas:
        delta H to (0.4, 1) (20001 pts)
        delta H to (0.6, 1) (20001 pts)
        delta H to (0.8, 1) (20001 pts)



md15.edr: 0.0 - 20001.0; lambda = (0.8, 1)
    foreign lambdas:
        delta H to (0.6, 1) (20001 pts)
        delta H to (0.8, 1) (20001 pts)
        delta H to (1, 1) (20001 pts)



md16.edr: 0.0 - 20001.0; lambda = (1, 1)
    foreign lambdas:
        delta H to (0.8, 1) (20001 pts)
        delta H to (1, 1) (20001 pts)



md1.edr: 0.0 - 20001.0; lambda = (0, 0)
    foreign lambdas:
        delta H to (0, 0) (20001 pts)
        delta H to (0, 0.1) (20001 pts)



md2.edr: 0.0 - 20001.0; lambda = (0, 0.1)
    foreign lambdas:
        delta H to (0, 0) (20001 pts)
        delta H to (0, 0.1) (20001 pts)
        delta H to (0, 0.2) (20001 pts)



md3.edr: 0.0 - 20001.0; lambda = (0, 0.2)
    foreign lambdas:
        delta H to (0, 0.1) (20001 pts)
        delta H to (0, 0.2) (20001 pts)
        delta H to (0, 0.3) (20001 pts)



md4.edr: 0.0 - 20001.0; lambda = (0, 0.3)
    foreign lambdas:
        delta H to (0, 0.2) (20001 pts)
        delta H to (0, 0.3) (20001 pts)
        delta H to (0, 0.4) (20001 pts)



md5.edr: 0.0 - 20001.0; lambda = (0, 0.4)
    foreign lambdas:
        delta H to (0, 0.3) (20001 pts)
        delta H to (0, 0.4) (20001 pts)
        delta H to (0, 0.5) (20001 pts)



md6.edr: 0.0 - 20001.0; lambda = (0, 0.5)
    foreign lambdas:
        delta H to (0, 0.4) (20001 pts)
        delta H to (0, 0.5) (20001 pts)
        delta H to (0, 0.6) (20001 pts)



md7.edr: 0.0 - 20001.0; lambda = (0, 0.6)
    foreign lambdas:
        delta H to (0, 0.5) (20001 pts)
        delta H to (0, 0.6) (20001 pts)
        delta H to (0, 0.7) (20001 pts)



md8.edr: 0.0 - 20001.0; lambda = (0, 0.7)
    foreign lambdas:
        delta H to (0, 0.6) (20001 pts)
        delta H to (0, 0.7) (20001 pts)
        delta H to (0, 0.8) (20001 pts)



md9.edr: 0.0 - 20001.0; lambda = (0, 0.8)
    foreign lambdas:
        delta H to (0, 0.7) (20001 pts)
        delta H to (0, 0.8) (20001 pts)
        delta H to (0, 0.9) (20001 pts)



   Samples in time interval: 0.000 - 20001.000
Removing samples outside of: 0.000 - 20000.000

Temperature: 298.15 K

Detailed results in kT (see help for explanation):

 lam_A  lam_B      DG   +/-     s_A   +/-     s_B   +/-   stdev   +/- 
     0      1    1.16  0.07    0.84  0.06    0.90  0.06    1.37  0.04
     1      2    1.44  0.10    2.60  0.15    1.96  0.12    2.48  0.10
     2      3    0.02  0.04    2.21  0.11    1.26  0.06    1.90  0.04
     3      4   -0.72  0.02    1.42  0.04    0.88  0.02    1.50  0.02
     4      5   -1.13  0.01    1.08  0.02    0.69  0.02    1.28  0.01
     5      6   -1.38  0.02    0.83  0.01    0.54  0.01    1.15  0.01
     6      7   -1.56  0.02    0.81  0.03    0.52  0.02    1.11  0.01
     7      8   -1.72  0.01    0.71  0.01    0.44  0.00    1.02  0.00
     8      9   -1.85  0.01    0.61  0.01    0.39  0.01    0.95  0.00
     9     10   -1.96  0.01    0.54  0.01    0.36  0.01    0.89  0.01
    10     11   -0.11  0.03    0.06  0.02    0.07  0.02    0.36  0.02
    11     12   -0.29  0.01    0.11  0.04    0.12  0.04    0.43  0.01
    12     13   -0.48  0.01    0.07  0.05    0.08  0.05    0.47  0.02
    13     14   -0.83  0.04    0.27  0.06    0.32  0.06    0.69  0.03
    14     15   -1.63  0.09    0.48  0.04    0.57  0.04    1.02  0.03


Final results in kJ/mol:

point      0 -      1,   DG  2.89 +/-  0.18
point      1 -      2,   DG  3.57 +/-  0.25
point      2 -      3,   DG  0.04 +/-  0.10
point      3 -      4,   DG -1.79 +/-  0.06
point      4 -      5,   DG -2.81 +/-  0.02
point      5 -      6,   DG -3.42 +/-  0.06
point      6 -      7,   DG -3.87 +/-  0.05
point      7 -      8,   DG -4.27 +/-  0.03
point      8 -      9,   DG -4.58 +/-  0.02
point      9 -     10,   DG -4.85 +/-  0.03
point     10 -     11,   DG -0.28 +/-  0.06
point     11 -     12,   DG -0.72 +/-  0.02
point     12 -     13,   DG -1.19 +/-  0.03
point     13 -     14,   DG -2.05 +/-  0.11
point     14 -     15,   DG -4.04 +/-  0.22

total      0 -     15,   DG -27.37 +/-  0.56

