
md10.edr: 0.0 - 20001.0; lambda = (0, 0.9)
    foreign lambdas:
        delta H to (0, 0.8) (20001 pts)
        delta H to (0, 0.9) (20001 pts)
        delta H to (0, 1) (20001 pts)



md11.edr: 0.0 - 20001.0; lambda = (0, 1)
    foreign lambdas:
        delta H to (0, 0.9) (20001 pts)
        delta H to (0, 1) (20001 pts)
        delta H to (0.2, 1) (20001 pts)



md12.edr: 0.0 - 20001.0; lambda = (0.2, 1)
    foreign lambdas:
        delta H to (0, 1) (20001 pts)
        delta H to (0.2, 1) (20001 pts)
        delta H to (0.4, 1) (20001 pts)



md13.edr: 0.0 - 20001.0; lambda = (0.4, 1)
    foreign lambdas:
        delta H to (0.2, 1) (20001 pts)
        delta H to (0.4, 1) (20001 pts)
        delta H to (0.6, 1) (20001 pts)



md14.edr: 0.0 - 20001.0; lambda = (0.6, 1)
    foreign lambdas:
        delta H to (0.4, 1) (20001 pts)
        delta H to (0.6, 1) (20001 pts)
        delta H to (0.8, 1) (20001 pts)



md15.edr: 0.0 - 20001.0; lambda = (0.8, 1)
    foreign lambdas:
        delta H to (0.6, 1) (20001 pts)
        delta H to (0.8, 1) (20001 pts)
        delta H to (1, 1) (20001 pts)



md16.edr: 0.0 - 20001.0; lambda = (1, 1)
    foreign lambdas:
        delta H to (0.8, 1) (20001 pts)
        delta H to (1, 1) (20001 pts)



md1.edr: 0.0 - 20001.0; lambda = (0, 0)
    foreign lambdas:
        delta H to (0, 0) (20001 pts)
        delta H to (0, 0.1) (20001 pts)



md2.edr: 0.0 - 20001.0; lambda = (0, 0.1)
    foreign lambdas:
        delta H to (0, 0) (20001 pts)
        delta H to (0, 0.1) (20001 pts)
        delta H to (0, 0.2) (20001 pts)



md3.edr: 0.0 - 20001.0; lambda = (0, 0.2)
    foreign lambdas:
        delta H to (0, 0.1) (20001 pts)
        delta H to (0, 0.2) (20001 pts)
        delta H to (0, 0.3) (20001 pts)



md4.edr: 0.0 - 20001.0; lambda = (0, 0.3)
    foreign lambdas:
        delta H to (0, 0.2) (20001 pts)
        delta H to (0, 0.3) (20001 pts)
        delta H to (0, 0.4) (20001 pts)



md5.edr: 0.0 - 20001.0; lambda = (0, 0.4)
    foreign lambdas:
        delta H to (0, 0.3) (20001 pts)
        delta H to (0, 0.4) (20001 pts)
        delta H to (0, 0.5) (20001 pts)



md6.edr: 0.0 - 20001.0; lambda = (0, 0.5)
    foreign lambdas:
        delta H to (0, 0.4) (20001 pts)
        delta H to (0, 0.5) (20001 pts)
        delta H to (0, 0.6) (20001 pts)



md7.edr: 0.0 - 20001.0; lambda = (0, 0.6)
    foreign lambdas:
        delta H to (0, 0.5) (20001 pts)
        delta H to (0, 0.6) (20001 pts)
        delta H to (0, 0.7) (20001 pts)



md8.edr: 0.0 - 20001.0; lambda = (0, 0.7)
    foreign lambdas:
        delta H to (0, 0.6) (20001 pts)
        delta H to (0, 0.7) (20001 pts)
        delta H to (0, 0.8) (20001 pts)



md9.edr: 0.0 - 20001.0; lambda = (0, 0.8)
    foreign lambdas:
        delta H to (0, 0.7) (20001 pts)
        delta H to (0, 0.8) (20001 pts)
        delta H to (0, 0.9) (20001 pts)



   Samples in time interval: 0.000 - 20001.000
Removing samples outside of: 0.000 - 1000.000

Temperature: 298.15 K

Detailed results in kT (see help for explanation):

 lam_A  lam_B      DG   +/-     s_A   +/-     s_B   +/-   stdev   +/- 
     0      1    0.62  0.21    0.77  0.12    0.75  0.14    1.32  0.10
     1      2    0.91  0.23    2.44  0.15    1.87  0.09    2.30  0.08
     2      3   -0.39  0.13    1.78  0.26    1.06  0.18    1.71  0.11
     3      4   -0.88  0.14    1.32  0.21    0.82  0.14    1.45  0.10
     4      5   -1.18  0.04    1.01  0.08    0.62  0.05    1.22  0.02
     5      6   -1.38  0.03    0.88  0.08    0.59  0.05    1.15  0.03
     6      7   -1.62  0.04    0.75  0.05    0.50  0.04    1.07  0.03
     7      8   -1.74  0.03    0.72  0.06    0.46  0.05    1.04  0.03
     8      9   -1.89  0.02    0.58  0.05    0.36  0.03    0.92  0.03
     9     10   -1.97  0.03    0.44  0.05    0.28  0.04    0.85  0.02
    10     11   -0.15  0.02   -0.01  0.02   -0.01  0.02    0.34  0.03
    11     12   -0.18  0.03    0.04  0.03    0.04  0.03    0.40  0.02
    12     13   -0.52  0.12    0.30  0.09    0.33  0.09    0.62  0.07
    13     14   -1.39  0.08    0.54  0.21    0.60  0.22    0.95  0.08
    14     15   -2.28  0.16    0.28  0.13    0.26  0.13    0.91  0.05


Final results in kJ/mol:

point      0 -      1,   DG  1.54 +/-  0.52
point      1 -      2,   DG  2.25 +/-  0.58
point      2 -      3,   DG -0.96 +/-  0.31
point      3 -      4,   DG -2.17 +/-  0.36
point      4 -      5,   DG -2.92 +/-  0.10
point      5 -      6,   DG -3.42 +/-  0.07
point      6 -      7,   DG -4.02 +/-  0.10
point      7 -      8,   DG -4.32 +/-  0.06
point      8 -      9,   DG -4.69 +/-  0.04
point      9 -     10,   DG -4.87 +/-  0.08
point     10 -     11,   DG -0.38 +/-  0.06
point     11 -     12,   DG -0.45 +/-  0.07
point     12 -     13,   DG -1.29 +/-  0.29
point     13 -     14,   DG -3.46 +/-  0.20
point     14 -     15,   DG -5.64 +/-  0.39

total      0 -     15,   DG -34.80 +/-  1.04

