
md10.edr: 0.0 - 20001.0; lambda = (0, 0.9)
    foreign lambdas:
        delta H to (0, 0.8) (20001 pts)
        delta H to (0, 0.9) (20001 pts)
        delta H to (0, 1) (20001 pts)



md11.edr: 0.0 - 20001.0; lambda = (0, 1)
    foreign lambdas:
        delta H to (0, 0.9) (20001 pts)
        delta H to (0, 1) (20001 pts)
        delta H to (0.2, 1) (20001 pts)



md12.edr: 0.0 - 20001.0; lambda = (0.2, 1)
    foreign lambdas:
        delta H to (0, 1) (20001 pts)
        delta H to (0.2, 1) (20001 pts)
        delta H to (0.4, 1) (20001 pts)



md13.edr: 0.0 - 20001.0; lambda = (0.4, 1)
    foreign lambdas:
        delta H to (0.2, 1) (20001 pts)
        delta H to (0.4, 1) (20001 pts)
        delta H to (0.6, 1) (20001 pts)



md14.edr: 0.0 - 20001.0; lambda = (0.6, 1)
    foreign lambdas:
        delta H to (0.4, 1) (20001 pts)
        delta H to (0.6, 1) (20001 pts)
        delta H to (0.8, 1) (20001 pts)



md15.edr: 0.0 - 20001.0; lambda = (0.8, 1)
    foreign lambdas:
        delta H to (0.6, 1) (20001 pts)
        delta H to (0.8, 1) (20001 pts)
        delta H to (1, 1) (20001 pts)



md16.edr: 0.0 - 20001.0; lambda = (1, 1)
    foreign lambdas:
        delta H to (0.8, 1) (20001 pts)
        delta H to (1, 1) (20001 pts)



md1.edr: 0.0 - 20001.0; lambda = (0, 0)
    foreign lambdas:
        delta H to (0, 0) (20001 pts)
        delta H to (0, 0.1) (20001 pts)



md2.edr: 0.0 - 20001.0; lambda = (0, 0.1)
    foreign lambdas:
        delta H to (0, 0) (20001 pts)
        delta H to (0, 0.1) (20001 pts)
        delta H to (0, 0.2) (20001 pts)



md3.edr: 0.0 - 20001.0; lambda = (0, 0.2)
    foreign lambdas:
        delta H to (0, 0.1) (20001 pts)
        delta H to (0, 0.2) (20001 pts)
        delta H to (0, 0.3) (20001 pts)



md4.edr: 0.0 - 20001.0; lambda = (0, 0.3)
    foreign lambdas:
        delta H to (0, 0.2) (20001 pts)
        delta H to (0, 0.3) (20001 pts)
        delta H to (0, 0.4) (20001 pts)



md5.edr: 0.0 - 20001.0; lambda = (0, 0.4)
    foreign lambdas:
        delta H to (0, 0.3) (20001 pts)
        delta H to (0, 0.4) (20001 pts)
        delta H to (0, 0.5) (20001 pts)



md6.edr: 0.0 - 20001.0; lambda = (0, 0.5)
    foreign lambdas:
        delta H to (0, 0.4) (20001 pts)
        delta H to (0, 0.5) (20001 pts)
        delta H to (0, 0.6) (20001 pts)



md7.edr: 0.0 - 20001.0; lambda = (0, 0.6)
    foreign lambdas:
        delta H to (0, 0.5) (20001 pts)
        delta H to (0, 0.6) (20001 pts)
        delta H to (0, 0.7) (20001 pts)



md8.edr: 0.0 - 20001.0; lambda = (0, 0.7)
    foreign lambdas:
        delta H to (0, 0.6) (20001 pts)
        delta H to (0, 0.7) (20001 pts)
        delta H to (0, 0.8) (20001 pts)



md9.edr: 0.0 - 20001.0; lambda = (0, 0.8)
    foreign lambdas:
        delta H to (0, 0.7) (20001 pts)
        delta H to (0, 0.8) (20001 pts)
        delta H to (0, 0.9) (20001 pts)



   Samples in time interval: 0.000 - 20001.000
Removing samples outside of: 0.000 - 9000.000

Temperature: 298.15 K

Detailed results in kT (see help for explanation):

 lam_A  lam_B      DG   +/-     s_A   +/-     s_B   +/-   stdev   +/- 
     0      1    1.12  0.13    0.81  0.06    0.86  0.06    1.36  0.04
     1      2    1.53  0.18    2.54  0.15    1.96  0.13    2.48  0.11
     2      3    0.05  0.08    2.37  0.15    1.31  0.08    1.96  0.06
     3      4   -0.75  0.03    1.39  0.08    0.85  0.05    1.48  0.03
     4      5   -1.11  0.03    1.07  0.04    0.68  0.03    1.28  0.02
     5      6   -1.35  0.03    0.86  0.01    0.56  0.01    1.16  0.01
     6      7   -1.56  0.02    0.83  0.05    0.54  0.03    1.11  0.02
     7      8   -1.74  0.02    0.71  0.01    0.45  0.01    1.02  0.01
     8      9   -1.86  0.01    0.59  0.03    0.37  0.03    0.94  0.02
     9     10   -1.96  0.01    0.56  0.02    0.37  0.01    0.90  0.01
    10     11   -0.09  0.03    0.05  0.03    0.05  0.03    0.35  0.03
    11     12   -0.30  0.03    0.15  0.05    0.16  0.05    0.44  0.02
    12     13   -0.44  0.05   -0.02  0.05   -0.00  0.05    0.46  0.04
    13     14   -0.77  0.09    0.33  0.06    0.41  0.07    0.72  0.05
    14     15   -1.59  0.16    0.41  0.07    0.51  0.06    1.01  0.04


Final results in kJ/mol:

point      0 -      1,   DG  2.78 +/-  0.33
point      1 -      2,   DG  3.78 +/-  0.46
point      2 -      3,   DG  0.12 +/-  0.19
point      3 -      4,   DG -1.85 +/-  0.07
point      4 -      5,   DG -2.75 +/-  0.07
point      5 -      6,   DG -3.34 +/-  0.07
point      6 -      7,   DG -3.86 +/-  0.06
point      7 -      8,   DG -4.32 +/-  0.05
point      8 -      9,   DG -4.60 +/-  0.03
point      9 -     10,   DG -4.85 +/-  0.01
point     10 -     11,   DG -0.23 +/-  0.08
point     11 -     12,   DG -0.73 +/-  0.09
point     12 -     13,   DG -1.10 +/-  0.13
point     13 -     14,   DG -1.91 +/-  0.22
point     14 -     15,   DG -3.95 +/-  0.41

total      0 -     15,   DG -26.81 +/-  1.73

