
md10.edr: 0.0 - 20001.0; lambda = (0, 0.9)
    foreign lambdas:
        delta H to (0, 0.8) (20001 pts)
        delta H to (0, 0.9) (20001 pts)
        delta H to (0, 1) (20001 pts)



md11.edr: 0.0 - 20001.0; lambda = (0, 1)
    foreign lambdas:
        delta H to (0, 0.9) (20001 pts)
        delta H to (0, 1) (20001 pts)
        delta H to (0.2, 1) (20001 pts)



md12.edr: 0.0 - 20001.0; lambda = (0.2, 1)
    foreign lambdas:
        delta H to (0, 1) (20001 pts)
        delta H to (0.2, 1) (20001 pts)
        delta H to (0.4, 1) (20001 pts)



md13.edr: 0.0 - 20001.0; lambda = (0.4, 1)
    foreign lambdas:
        delta H to (0.2, 1) (20001 pts)
        delta H to (0.4, 1) (20001 pts)
        delta H to (0.6, 1) (20001 pts)



md14.edr: 0.0 - 20001.0; lambda = (0.6, 1)
    foreign lambdas:
        delta H to (0.4, 1) (20001 pts)
        delta H to (0.6, 1) (20001 pts)
        delta H to (0.8, 1) (20001 pts)



md15.edr: 0.0 - 20001.0; lambda = (0.8, 1)
    foreign lambdas:
        delta H to (0.6, 1) (20001 pts)
        delta H to (0.8, 1) (20001 pts)
        delta H to (1, 1) (20001 pts)



md16.edr: 0.0 - 20001.0; lambda = (1, 1)
    foreign lambdas:
        delta H to (0.8, 1) (20001 pts)
        delta H to (1, 1) (20001 pts)



md1.edr: 0.0 - 20001.0; lambda = (0, 0)
    foreign lambdas:
        delta H to (0, 0) (20001 pts)
        delta H to (0, 0.1) (20001 pts)



md2.edr: 0.0 - 20001.0; lambda = (0, 0.1)
    foreign lambdas:
        delta H to (0, 0) (20001 pts)
        delta H to (0, 0.1) (20001 pts)
        delta H to (0, 0.2) (20001 pts)



md3.edr: 0.0 - 20001.0; lambda = (0, 0.2)
    foreign lambdas:
        delta H to (0, 0.1) (20001 pts)
        delta H to (0, 0.2) (20001 pts)
        delta H to (0, 0.3) (20001 pts)



md4.edr: 0.0 - 20001.0; lambda = (0, 0.3)
    foreign lambdas:
        delta H to (0, 0.2) (20001 pts)
        delta H to (0, 0.3) (20001 pts)
        delta H to (0, 0.4) (20001 pts)



md5.edr: 0.0 - 20001.0; lambda = (0, 0.4)
    foreign lambdas:
        delta H to (0, 0.3) (20001 pts)
        delta H to (0, 0.4) (20001 pts)
        delta H to (0, 0.5) (20001 pts)



md6.edr: 0.0 - 20001.0; lambda = (0, 0.5)
    foreign lambdas:
        delta H to (0, 0.4) (20001 pts)
        delta H to (0, 0.5) (20001 pts)
        delta H to (0, 0.6) (20001 pts)



md7.edr: 0.0 - 20001.0; lambda = (0, 0.6)
    foreign lambdas:
        delta H to (0, 0.5) (20001 pts)
        delta H to (0, 0.6) (20001 pts)
        delta H to (0, 0.7) (20001 pts)



md8.edr: 0.0 - 20001.0; lambda = (0, 0.7)
    foreign lambdas:
        delta H to (0, 0.6) (20001 pts)
        delta H to (0, 0.7) (20001 pts)
        delta H to (0, 0.8) (20001 pts)



md9.edr: 0.0 - 20001.0; lambda = (0, 0.8)
    foreign lambdas:
        delta H to (0, 0.7) (20001 pts)
        delta H to (0, 0.8) (20001 pts)
        delta H to (0, 0.9) (20001 pts)



   Samples in time interval: 0.000 - 20001.000
Removing samples outside of: 0.000 - 17000.000

Temperature: 298.15 K

Detailed results in kT (see help for explanation):

 lam_A  lam_B      DG   +/-     s_A   +/-     s_B   +/-   stdev   +/- 
     0      1    1.13  0.05    0.83  0.04    0.88  0.03    1.37  0.02
     1      2    1.45  0.08    2.57  0.07    1.94  0.05    2.46  0.05
     2      3    0.04  0.04    2.26  0.07    1.29  0.04    1.92  0.03
     3      4   -0.72  0.02    1.41  0.03    0.88  0.02    1.49  0.01
     4      5   -1.13  0.02    1.08  0.03    0.70  0.02    1.29  0.02
     5      6   -1.38  0.02    0.83  0.01    0.54  0.01    1.15  0.01
     6      7   -1.57  0.02    0.81  0.03    0.52  0.02    1.11  0.01
     7      8   -1.72  0.02    0.70  0.01    0.44  0.01    1.02  0.01
     8      9   -1.84  0.01    0.61  0.01    0.39  0.01    0.95  0.01
     9     10   -1.96  0.01    0.55  0.01    0.36  0.01    0.89  0.01
    10     11   -0.11  0.03    0.05  0.02    0.06  0.03    0.36  0.03
    11     12   -0.29  0.03    0.13  0.04    0.14  0.04    0.43  0.02
    12     13   -0.46  0.02    0.03  0.05    0.04  0.05    0.46  0.02
    13     14   -0.79  0.05    0.28  0.04    0.34  0.04    0.68  0.04
    14     15   -1.62  0.09    0.49  0.04    0.59  0.04    1.02  0.02


Final results in kJ/mol:

point      0 -      1,   DG  2.81 +/-  0.13
point      1 -      2,   DG  3.61 +/-  0.19
point      2 -      3,   DG  0.09 +/-  0.09
point      3 -      4,   DG -1.79 +/-  0.06
point      4 -      5,   DG -2.79 +/-  0.04
point      5 -      6,   DG -3.43 +/-  0.05
point      6 -      7,   DG -3.88 +/-  0.04
point      7 -      8,   DG -4.27 +/-  0.04
point      8 -      9,   DG -4.57 +/-  0.02
point      9 -     10,   DG -4.86 +/-  0.02
point     10 -     11,   DG -0.26 +/-  0.06
point     11 -     12,   DG -0.73 +/-  0.06
point     12 -     13,   DG -1.15 +/-  0.05
point     13 -     14,   DG -1.95 +/-  0.11
point     14 -     15,   DG -4.01 +/-  0.22

total      0 -     15,   DG -27.19 +/-  0.61

