
md10.edr: 0.0 - 20001.0; lambda = (0, 0.9)
    foreign lambdas:
        delta H to (0, 0.8) (20001 pts)
        delta H to (0, 0.9) (20001 pts)
        delta H to (0, 1) (20001 pts)



md11.edr: 0.0 - 20001.0; lambda = (0, 1)
    foreign lambdas:
        delta H to (0, 0.9) (20001 pts)
        delta H to (0, 1) (20001 pts)
        delta H to (0.2, 1) (20001 pts)



md12.edr: 0.0 - 20001.0; lambda = (0.2, 1)
    foreign lambdas:
        delta H to (0, 1) (20001 pts)
        delta H to (0.2, 1) (20001 pts)
        delta H to (0.4, 1) (20001 pts)



md13.edr: 0.0 - 20001.0; lambda = (0.4, 1)
    foreign lambdas:
        delta H to (0.2, 1) (20001 pts)
        delta H to (0.4, 1) (20001 pts)
        delta H to (0.6, 1) (20001 pts)



md14.edr: 0.0 - 20001.0; lambda = (0.6, 1)
    foreign lambdas:
        delta H to (0.4, 1) (20001 pts)
        delta H to (0.6, 1) (20001 pts)
        delta H to (0.8, 1) (20001 pts)



md15.edr: 0.0 - 20001.0; lambda = (0.8, 1)
    foreign lambdas:
        delta H to (0.6, 1) (20001 pts)
        delta H to (0.8, 1) (20001 pts)
        delta H to (1, 1) (20001 pts)



md16.edr: 0.0 - 20001.0; lambda = (1, 1)
    foreign lambdas:
        delta H to (0.8, 1) (20001 pts)
        delta H to (1, 1) (20001 pts)



md1.edr: 0.0 - 20001.0; lambda = (0, 0)
    foreign lambdas:
        delta H to (0, 0) (20001 pts)
        delta H to (0, 0.1) (20001 pts)



md2.edr: 0.0 - 20001.0; lambda = (0, 0.1)
    foreign lambdas:
        delta H to (0, 0) (20001 pts)
        delta H to (0, 0.1) (20001 pts)
        delta H to (0, 0.2) (20001 pts)



md3.edr: 0.0 - 20001.0; lambda = (0, 0.2)
    foreign lambdas:
        delta H to (0, 0.1) (20001 pts)
        delta H to (0, 0.2) (20001 pts)
        delta H to (0, 0.3) (20001 pts)



md4.edr: 0.0 - 20001.0; lambda = (0, 0.3)
    foreign lambdas:
        delta H to (0, 0.2) (20001 pts)
        delta H to (0, 0.3) (20001 pts)
        delta H to (0, 0.4) (20001 pts)



md5.edr: 0.0 - 20001.0; lambda = (0, 0.4)
    foreign lambdas:
        delta H to (0, 0.3) (20001 pts)
        delta H to (0, 0.4) (20001 pts)
        delta H to (0, 0.5) (20001 pts)



md6.edr: 0.0 - 20001.0; lambda = (0, 0.5)
    foreign lambdas:
        delta H to (0, 0.4) (20001 pts)
        delta H to (0, 0.5) (20001 pts)
        delta H to (0, 0.6) (20001 pts)



md7.edr: 0.0 - 20001.0; lambda = (0, 0.6)
    foreign lambdas:
        delta H to (0, 0.5) (20001 pts)
        delta H to (0, 0.6) (20001 pts)
        delta H to (0, 0.7) (20001 pts)



md8.edr: 0.0 - 20001.0; lambda = (0, 0.7)
    foreign lambdas:
        delta H to (0, 0.6) (20001 pts)
        delta H to (0, 0.7) (20001 pts)
        delta H to (0, 0.8) (20001 pts)



md9.edr: 0.0 - 20001.0; lambda = (0, 0.8)
    foreign lambdas:
        delta H to (0, 0.7) (20001 pts)
        delta H to (0, 0.8) (20001 pts)
        delta H to (0, 0.9) (20001 pts)



   Samples in time interval: 0.000 - 20001.000
Removing samples outside of: 0.000 - 3000.000

Temperature: 298.15 K

Detailed results in kT (see help for explanation):

 lam_A  lam_B      DG   +/-     s_A   +/-     s_B   +/-   stdev   +/- 
     0      1    0.99  0.23    0.86  0.09    0.89  0.07    1.41  0.06
     1      2    1.34  0.35    2.41  0.26    1.81  0.23    2.34  0.17
     2      3    0.01  0.17    2.32  0.28    1.30  0.16    1.95  0.13
     3      4   -0.80  0.06    1.50  0.13    0.93  0.09    1.52  0.06
     4      5   -1.17  0.04    0.95  0.02    0.60  0.02    1.22  0.01
     5      6   -1.37  0.04    0.89  0.05    0.59  0.03    1.16  0.02
     6      7   -1.60  0.03    0.73  0.04    0.48  0.02    1.08  0.02
     7      8   -1.70  0.02    0.74  0.02    0.46  0.01    1.05  0.01
     8      9   -1.85  0.02    0.61  0.02    0.38  0.02    0.95  0.01
     9     10   -1.96  0.03    0.53  0.03    0.35  0.02    0.89  0.02
    10     11   -0.12  0.02    0.02  0.00    0.02  0.00    0.32  0.01
    11     12   -0.25  0.02    0.10  0.03    0.11  0.03    0.40  0.02
    12     13   -0.46  0.07    0.09  0.07    0.11  0.07    0.51  0.05
    13     14   -0.93  0.16    0.36  0.11    0.45  0.11    0.82  0.08
    14     15   -1.93  0.15    0.55  0.25    0.61  0.27    1.12  0.15


Final results in kJ/mol:

point      0 -      1,   DG  2.46 +/-  0.56
point      1 -      2,   DG  3.32 +/-  0.87
point      2 -      3,   DG  0.03 +/-  0.43
point      3 -      4,   DG -1.98 +/-  0.16
point      4 -      5,   DG -2.90 +/-  0.09
point      5 -      6,   DG -3.40 +/-  0.10
point      6 -      7,   DG -3.97 +/-  0.08
point      7 -      8,   DG -4.23 +/-  0.06
point      8 -      9,   DG -4.58 +/-  0.05
point      9 -     10,   DG -4.86 +/-  0.06
point     10 -     11,   DG -0.31 +/-  0.04
point     11 -     12,   DG -0.62 +/-  0.06
point     12 -     13,   DG -1.13 +/-  0.17
point     13 -     14,   DG -2.29 +/-  0.40
point     14 -     15,   DG -4.77 +/-  0.36

total      0 -     15,   DG -29.24 +/-  2.65

