
md10.edr: 0.0 - 20001.0; lambda = (0, 0.9)
    foreign lambdas:
        delta H to (0, 0.8) (20001 pts)
        delta H to (0, 0.9) (20001 pts)
        delta H to (0, 1) (20001 pts)



md11.edr: 0.0 - 20001.0; lambda = (0, 1)
    foreign lambdas:
        delta H to (0, 0.9) (20001 pts)
        delta H to (0, 1) (20001 pts)
        delta H to (0.2, 1) (20001 pts)



md12.edr: 0.0 - 20001.0; lambda = (0.2, 1)
    foreign lambdas:
        delta H to (0, 1) (20001 pts)
        delta H to (0.2, 1) (20001 pts)
        delta H to (0.4, 1) (20001 pts)



md13.edr: 0.0 - 20001.0; lambda = (0.4, 1)
    foreign lambdas:
        delta H to (0.2, 1) (20001 pts)
        delta H to (0.4, 1) (20001 pts)
        delta H to (0.6, 1) (20001 pts)



md14.edr: 0.0 - 20001.0; lambda = (0.6, 1)
    foreign lambdas:
        delta H to (0.4, 1) (20001 pts)
        delta H to (0.6, 1) (20001 pts)
        delta H to (0.8, 1) (20001 pts)



md15.edr: 0.0 - 20001.0; lambda = (0.8, 1)
    foreign lambdas:
        delta H to (0.6, 1) (20001 pts)
        delta H to (0.8, 1) (20001 pts)
        delta H to (1, 1) (20001 pts)



md16.edr: 0.0 - 20001.0; lambda = (1, 1)
    foreign lambdas:
        delta H to (0.8, 1) (20001 pts)
        delta H to (1, 1) (20001 pts)



md1.edr: 0.0 - 20001.0; lambda = (0, 0)
    foreign lambdas:
        delta H to (0, 0) (20001 pts)
        delta H to (0, 0.1) (20001 pts)



md2.edr: 0.0 - 20001.0; lambda = (0, 0.1)
    foreign lambdas:
        delta H to (0, 0) (20001 pts)
        delta H to (0, 0.1) (20001 pts)
        delta H to (0, 0.2) (20001 pts)



md3.edr: 0.0 - 20001.0; lambda = (0, 0.2)
    foreign lambdas:
        delta H to (0, 0.1) (20001 pts)
        delta H to (0, 0.2) (20001 pts)
        delta H to (0, 0.3) (20001 pts)



md4.edr: 0.0 - 20001.0; lambda = (0, 0.3)
    foreign lambdas:
        delta H to (0, 0.2) (20001 pts)
        delta H to (0, 0.3) (20001 pts)
        delta H to (0, 0.4) (20001 pts)



md5.edr: 0.0 - 20001.0; lambda = (0, 0.4)
    foreign lambdas:
        delta H to (0, 0.3) (20001 pts)
        delta H to (0, 0.4) (20001 pts)
        delta H to (0, 0.5) (20001 pts)



md6.edr: 0.0 - 20001.0; lambda = (0, 0.5)
    foreign lambdas:
        delta H to (0, 0.4) (20001 pts)
        delta H to (0, 0.5) (20001 pts)
        delta H to (0, 0.6) (20001 pts)



md7.edr: 0.0 - 20001.0; lambda = (0, 0.6)
    foreign lambdas:
        delta H to (0, 0.5) (20001 pts)
        delta H to (0, 0.6) (20001 pts)
        delta H to (0, 0.7) (20001 pts)



md8.edr: 0.0 - 20001.0; lambda = (0, 0.7)
    foreign lambdas:
        delta H to (0, 0.6) (20001 pts)
        delta H to (0, 0.7) (20001 pts)
        delta H to (0, 0.8) (20001 pts)



md9.edr: 0.0 - 20001.0; lambda = (0, 0.8)
    foreign lambdas:
        delta H to (0, 0.7) (20001 pts)
        delta H to (0, 0.8) (20001 pts)
        delta H to (0, 0.9) (20001 pts)



   Samples in time interval: 0.000 - 20001.000
Removing samples outside of: 0.000 - 14000.000

Temperature: 298.15 K

Detailed results in kT (see help for explanation):

 lam_A  lam_B      DG   +/-     s_A   +/-     s_B   +/-   stdev   +/- 
     0      1    1.10  0.06    0.85  0.06    0.90  0.06    1.38  0.03
     1      2    1.41  0.12    2.51  0.09    1.92  0.09    2.44  0.08
     2      3    0.00  0.05    2.26  0.12    1.26  0.06    1.91  0.05
     3      4   -0.74  0.02    1.40  0.05    0.86  0.03    1.48  0.02
     4      5   -1.12  0.02    1.08  0.03    0.69  0.03    1.28  0.02
     5      6   -1.37  0.01    0.84  0.01    0.54  0.01    1.15  0.00
     6      7   -1.56  0.01    0.82  0.03    0.53  0.02    1.11  0.01
     7      8   -1.73  0.02    0.70  0.01    0.44  0.01    1.02  0.01
     8      9   -1.84  0.01    0.60  0.02    0.38  0.02    0.95  0.01
     9     10   -1.95  0.01    0.55  0.01    0.36  0.01    0.89  0.01
    10     11   -0.09  0.02    0.05  0.02    0.05  0.02    0.35  0.03
    11     12   -0.28  0.01    0.13  0.05    0.15  0.05    0.43  0.01
    12     13   -0.46  0.02    0.03  0.05    0.05  0.05    0.47  0.02
    13     14   -0.79  0.06    0.29  0.06    0.35  0.07    0.70  0.04
    14     15   -1.60  0.14    0.45  0.06    0.55  0.06    1.02  0.05


Final results in kJ/mol:

point      0 -      1,   DG  2.72 +/-  0.16
point      1 -      2,   DG  3.50 +/-  0.30
point      2 -      3,   DG  0.01 +/-  0.12
point      3 -      4,   DG -1.84 +/-  0.05
point      4 -      5,   DG -2.78 +/-  0.06
point      5 -      6,   DG -3.40 +/-  0.03
point      6 -      7,   DG -3.86 +/-  0.04
point      7 -      8,   DG -4.28 +/-  0.05
point      8 -      9,   DG -4.56 +/-  0.03
point      9 -     10,   DG -4.83 +/-  0.02
point     10 -     11,   DG -0.24 +/-  0.06
point     11 -     12,   DG -0.70 +/-  0.02
point     12 -     13,   DG -1.14 +/-  0.06
point     13 -     14,   DG -1.97 +/-  0.15
point     14 -     15,   DG -3.96 +/-  0.34

total      0 -     15,   DG -27.32 +/-  1.00

