
md10.edr: 0.0 - 20001.0; lambda = (0, 0.9)
    foreign lambdas:
        delta H to (0, 0.8) (20001 pts)
        delta H to (0, 0.9) (20001 pts)
        delta H to (0, 1) (20001 pts)



md11.edr: 0.0 - 20001.0; lambda = (0, 1)
    foreign lambdas:
        delta H to (0, 0.9) (20001 pts)
        delta H to (0, 1) (20001 pts)
        delta H to (0.2, 1) (20001 pts)



md12.edr: 0.0 - 20001.0; lambda = (0.2, 1)
    foreign lambdas:
        delta H to (0, 1) (20001 pts)
        delta H to (0.2, 1) (20001 pts)
        delta H to (0.4, 1) (20001 pts)



md13.edr: 0.0 - 20001.0; lambda = (0.4, 1)
    foreign lambdas:
        delta H to (0.2, 1) (20001 pts)
        delta H to (0.4, 1) (20001 pts)
        delta H to (0.6, 1) (20001 pts)



md14.edr: 0.0 - 20001.0; lambda = (0.6, 1)
    foreign lambdas:
        delta H to (0.4, 1) (20001 pts)
        delta H to (0.6, 1) (20001 pts)
        delta H to (0.8, 1) (20001 pts)



md15.edr: 0.0 - 20001.0; lambda = (0.8, 1)
    foreign lambdas:
        delta H to (0.6, 1) (20001 pts)
        delta H to (0.8, 1) (20001 pts)
        delta H to (1, 1) (20001 pts)



md16.edr: 0.0 - 20001.0; lambda = (1, 1)
    foreign lambdas:
        delta H to (0.8, 1) (20001 pts)
        delta H to (1, 1) (20001 pts)



md1.edr: 0.0 - 20001.0; lambda = (0, 0)
    foreign lambdas:
        delta H to (0, 0) (20001 pts)
        delta H to (0, 0.1) (20001 pts)



md2.edr: 0.0 - 20001.0; lambda = (0, 0.1)
    foreign lambdas:
        delta H to (0, 0) (20001 pts)
        delta H to (0, 0.1) (20001 pts)
        delta H to (0, 0.2) (20001 pts)



md3.edr: 0.0 - 20001.0; lambda = (0, 0.2)
    foreign lambdas:
        delta H to (0, 0.1) (20001 pts)
        delta H to (0, 0.2) (20001 pts)
        delta H to (0, 0.3) (20001 pts)



md4.edr: 0.0 - 20001.0; lambda = (0, 0.3)
    foreign lambdas:
        delta H to (0, 0.2) (20001 pts)
        delta H to (0, 0.3) (20001 pts)
        delta H to (0, 0.4) (20001 pts)



md5.edr: 0.0 - 20001.0; lambda = (0, 0.4)
    foreign lambdas:
        delta H to (0, 0.3) (20001 pts)
        delta H to (0, 0.4) (20001 pts)
        delta H to (0, 0.5) (20001 pts)



md6.edr: 0.0 - 20001.0; lambda = (0, 0.5)
    foreign lambdas:
        delta H to (0, 0.4) (20001 pts)
        delta H to (0, 0.5) (20001 pts)
        delta H to (0, 0.6) (20001 pts)



md7.edr: 0.0 - 20001.0; lambda = (0, 0.6)
    foreign lambdas:
        delta H to (0, 0.5) (20001 pts)
        delta H to (0, 0.6) (20001 pts)
        delta H to (0, 0.7) (20001 pts)



md8.edr: 0.0 - 20001.0; lambda = (0, 0.7)
    foreign lambdas:
        delta H to (0, 0.6) (20001 pts)
        delta H to (0, 0.7) (20001 pts)
        delta H to (0, 0.8) (20001 pts)



md9.edr: 0.0 - 20001.0; lambda = (0, 0.8)
    foreign lambdas:
        delta H to (0, 0.7) (20001 pts)
        delta H to (0, 0.8) (20001 pts)
        delta H to (0, 0.9) (20001 pts)



   Samples in time interval: 0.000 - 20001.000
Removing samples outside of: 0.000 - 5000.000

Temperature: 298.15 K

Detailed results in kT (see help for explanation):

 lam_A  lam_B      DG   +/-     s_A   +/-     s_B   +/-   stdev   +/- 
     0      1    1.07  0.01    0.16  0.01    0.17  0.01    0.55  0.00
     1      2    3.08  0.01    0.67  0.01    0.79  0.01    1.22  0.01
     2      3    3.37  0.03    2.55  0.02    2.12  0.03    2.57  0.02
     3      4    1.36  0.03    2.62  0.05    1.46  0.03    2.09  0.02
     4      5    0.15  0.01    1.42  0.02    0.84  0.01    1.48  0.01
     5      6   -0.41  0.01    0.91  0.01    0.57  0.01    1.17  0.01
     6      7   -0.73  0.01    0.68  0.01    0.44  0.01    1.01  0.01
     7      8   -0.94  0.01    0.51  0.01    0.34  0.00    0.90  0.01
     8      9   -1.07  0.01    0.44  0.01    0.30  0.01    0.83  0.00
     9     10   -1.18  0.01    0.37  0.01    0.25  0.01    0.77  0.01
    10     11   -0.24  0.01    0.28  0.01    0.30  0.01    0.76  0.01
    11     12   -0.91  0.01    0.37  0.01    0.42  0.02    0.90  0.01
    12     13   -1.88  0.01    0.55  0.02    0.61  0.02    1.09  0.00
    13     14   -3.15  0.00    0.67  0.02    0.70  0.02    1.21  0.01
    14     15   -4.62  0.02    0.77  0.01    0.79  0.02    1.29  0.01


Final results in kJ/mol:

point      0 -      1,   DG  2.64 +/-  0.02
point      1 -      2,   DG  7.64 +/-  0.02
point      2 -      3,   DG  8.37 +/-  0.07
point      3 -      4,   DG  3.38 +/-  0.06
point      4 -      5,   DG  0.37 +/-  0.03
point      5 -      6,   DG -1.03 +/-  0.03
point      6 -      7,   DG -1.82 +/-  0.02
point      7 -      8,   DG -2.32 +/-  0.01
point      8 -      9,   DG -2.66 +/-  0.02
point      9 -     10,   DG -2.92 +/-  0.02
point     10 -     11,   DG -0.59 +/-  0.02
point     11 -     12,   DG -2.24 +/-  0.03
point     12 -     13,   DG -4.65 +/-  0.04
point     13 -     14,   DG -7.82 +/-  0.01
point     14 -     15,   DG -11.45 +/-  0.04

total      0 -     15,   DG -15.09 +/-  0.15

