
md10.edr: 0.0 - 20001.0; lambda = (0, 0.9)
    foreign lambdas:
        delta H to (0, 0.8) (20001 pts)
        delta H to (0, 0.9) (20001 pts)
        delta H to (0, 1) (20001 pts)



md11.edr: 0.0 - 20001.0; lambda = (0, 1)
    foreign lambdas:
        delta H to (0, 0.9) (20001 pts)
        delta H to (0, 1) (20001 pts)
        delta H to (0.2, 1) (20001 pts)



md12.edr: 0.0 - 20001.0; lambda = (0.2, 1)
    foreign lambdas:
        delta H to (0, 1) (20001 pts)
        delta H to (0.2, 1) (20001 pts)
        delta H to (0.4, 1) (20001 pts)



md13.edr: 0.0 - 20001.0; lambda = (0.4, 1)
    foreign lambdas:
        delta H to (0.2, 1) (20001 pts)
        delta H to (0.4, 1) (20001 pts)
        delta H to (0.6, 1) (20001 pts)



md14.edr: 0.0 - 20001.0; lambda = (0.6, 1)
    foreign lambdas:
        delta H to (0.4, 1) (20001 pts)
        delta H to (0.6, 1) (20001 pts)
        delta H to (0.8, 1) (20001 pts)



md15.edr: 0.0 - 20001.0; lambda = (0.8, 1)
    foreign lambdas:
        delta H to (0.6, 1) (20001 pts)
        delta H to (0.8, 1) (20001 pts)
        delta H to (1, 1) (20001 pts)



md16.edr: 0.0 - 20001.0; lambda = (1, 1)
    foreign lambdas:
        delta H to (0.8, 1) (20001 pts)
        delta H to (1, 1) (20001 pts)



md1.edr: 0.0 - 20001.0; lambda = (0, 0)
    foreign lambdas:
        delta H to (0, 0) (20001 pts)
        delta H to (0, 0.1) (20001 pts)



md2.edr: 0.0 - 20001.0; lambda = (0, 0.1)
    foreign lambdas:
        delta H to (0, 0) (20001 pts)
        delta H to (0, 0.1) (20001 pts)
        delta H to (0, 0.2) (20001 pts)



md3.edr: 0.0 - 20001.0; lambda = (0, 0.2)
    foreign lambdas:
        delta H to (0, 0.1) (20001 pts)
        delta H to (0, 0.2) (20001 pts)
        delta H to (0, 0.3) (20001 pts)



md4.edr: 0.0 - 20001.0; lambda = (0, 0.3)
    foreign lambdas:
        delta H to (0, 0.2) (20001 pts)
        delta H to (0, 0.3) (20001 pts)
        delta H to (0, 0.4) (20001 pts)



md5.edr: 0.0 - 20001.0; lambda = (0, 0.4)
    foreign lambdas:
        delta H to (0, 0.3) (20001 pts)
        delta H to (0, 0.4) (20001 pts)
        delta H to (0, 0.5) (20001 pts)



md6.edr: 0.0 - 20001.0; lambda = (0, 0.5)
    foreign lambdas:
        delta H to (0, 0.4) (20001 pts)
        delta H to (0, 0.5) (20001 pts)
        delta H to (0, 0.6) (20001 pts)



md7.edr: 0.0 - 20001.0; lambda = (0, 0.6)
    foreign lambdas:
        delta H to (0, 0.5) (20001 pts)
        delta H to (0, 0.6) (20001 pts)
        delta H to (0, 0.7) (20001 pts)



md8.edr: 0.0 - 20001.0; lambda = (0, 0.7)
    foreign lambdas:
        delta H to (0, 0.6) (20001 pts)
        delta H to (0, 0.7) (20001 pts)
        delta H to (0, 0.8) (20001 pts)



md9.edr: 0.0 - 20001.0; lambda = (0, 0.8)
    foreign lambdas:
        delta H to (0, 0.7) (20001 pts)
        delta H to (0, 0.8) (20001 pts)
        delta H to (0, 0.9) (20001 pts)



   Samples in time interval: 0.000 - 20001.000
Removing samples outside of: 0.000 - 4000.000

Temperature: 298.15 K

Detailed results in kT (see help for explanation):

 lam_A  lam_B      DG   +/-     s_A   +/-     s_B   +/-   stdev   +/- 
     0      1    1.19  0.05    0.72  0.15    0.76  0.15    1.25  0.08
     1      2    1.83  0.20    2.50  0.17    2.04  0.18    2.49  0.16
     2      3    0.27  0.07    2.49  0.12    1.43  0.07    2.06  0.05
     3      4   -0.61  0.05    1.42  0.10    0.87  0.07    1.50  0.04
     4      5   -1.03  0.03    1.17  0.06    0.77  0.04    1.35  0.03
     5      6   -1.34  0.03    0.94  0.03    0.61  0.02    1.20  0.01
     6      7   -1.54  0.02    0.80  0.04    0.50  0.04    1.09  0.03
     7      8   -1.72  0.01    0.67  0.02    0.43  0.01    0.99  0.02
     8      9   -1.84  0.01    0.57  0.02    0.37  0.02    0.93  0.01
     9     10   -1.93  0.02    0.53  0.01    0.36  0.01    0.89  0.01
    10     11   -0.04  0.01   -0.01  0.02   -0.01  0.02    0.24  0.01
    11     12   -0.14  0.02    0.11  0.02    0.11  0.03    0.30  0.02
    12     13   -0.44  0.04    0.19  0.03    0.20  0.03    0.43  0.03
    13     14   -0.60  0.07   -0.04  0.06   -0.01  0.07    0.51  0.03
    14     15   -1.05  0.12    0.46  0.08    0.54  0.08    0.86  0.04


Final results in kJ/mol:

point      0 -      1,   DG  2.96 +/-  0.11
point      1 -      2,   DG  4.53 +/-  0.49
point      2 -      3,   DG  0.68 +/-  0.19
point      3 -      4,   DG -1.50 +/-  0.13
point      4 -      5,   DG -2.55 +/-  0.07
point      5 -      6,   DG -3.31 +/-  0.08
point      6 -      7,   DG -3.81 +/-  0.04
point      7 -      8,   DG -4.26 +/-  0.01
point      8 -      9,   DG -4.56 +/-  0.03
point      9 -     10,   DG -4.78 +/-  0.06
point     10 -     11,   DG -0.09 +/-  0.03
point     11 -     12,   DG -0.34 +/-  0.04
point     12 -     13,   DG -1.09 +/-  0.10
point     13 -     14,   DG -1.49 +/-  0.16
point     14 -     15,   DG -2.59 +/-  0.29

total      0 -     15,   DG -22.21 +/-  1.09

