
md10.edr: 0.0 - 20001.0; lambda = (0, 0.9)
    foreign lambdas:
        delta H to (0, 0.8) (20001 pts)
        delta H to (0, 0.9) (20001 pts)
        delta H to (0, 1) (20001 pts)



md11.edr: 0.0 - 20001.0; lambda = (0, 1)
    foreign lambdas:
        delta H to (0, 0.9) (20001 pts)
        delta H to (0, 1) (20001 pts)
        delta H to (0.2, 1) (20001 pts)



md12.edr: 0.0 - 20001.0; lambda = (0.2, 1)
    foreign lambdas:
        delta H to (0, 1) (20001 pts)
        delta H to (0.2, 1) (20001 pts)
        delta H to (0.4, 1) (20001 pts)



md13.edr: 0.0 - 20001.0; lambda = (0.4, 1)
    foreign lambdas:
        delta H to (0.2, 1) (20001 pts)
        delta H to (0.4, 1) (20001 pts)
        delta H to (0.6, 1) (20001 pts)



md14.edr: 0.0 - 20001.0; lambda = (0.6, 1)
    foreign lambdas:
        delta H to (0.4, 1) (20001 pts)
        delta H to (0.6, 1) (20001 pts)
        delta H to (0.8, 1) (20001 pts)



md15.edr: 0.0 - 20001.0; lambda = (0.8, 1)
    foreign lambdas:
        delta H to (0.6, 1) (20001 pts)
        delta H to (0.8, 1) (20001 pts)
        delta H to (1, 1) (20001 pts)



md16.edr: 0.0 - 20001.0; lambda = (1, 1)
    foreign lambdas:
        delta H to (0.8, 1) (20001 pts)
        delta H to (1, 1) (20001 pts)



md1.edr: 0.0 - 20001.0; lambda = (0, 0)
    foreign lambdas:
        delta H to (0, 0) (20001 pts)
        delta H to (0, 0.1) (20001 pts)



md2.edr: 0.0 - 20001.0; lambda = (0, 0.1)
    foreign lambdas:
        delta H to (0, 0) (20001 pts)
        delta H to (0, 0.1) (20001 pts)
        delta H to (0, 0.2) (20001 pts)



md3.edr: 0.0 - 20001.0; lambda = (0, 0.2)
    foreign lambdas:
        delta H to (0, 0.1) (20001 pts)
        delta H to (0, 0.2) (20001 pts)
        delta H to (0, 0.3) (20001 pts)



md4.edr: 0.0 - 20001.0; lambda = (0, 0.3)
    foreign lambdas:
        delta H to (0, 0.2) (20001 pts)
        delta H to (0, 0.3) (20001 pts)
        delta H to (0, 0.4) (20001 pts)



md5.edr: 0.0 - 20001.0; lambda = (0, 0.4)
    foreign lambdas:
        delta H to (0, 0.3) (20001 pts)
        delta H to (0, 0.4) (20001 pts)
        delta H to (0, 0.5) (20001 pts)



md6.edr: 0.0 - 20001.0; lambda = (0, 0.5)
    foreign lambdas:
        delta H to (0, 0.4) (20001 pts)
        delta H to (0, 0.5) (20001 pts)
        delta H to (0, 0.6) (20001 pts)



md7.edr: 0.0 - 20001.0; lambda = (0, 0.6)
    foreign lambdas:
        delta H to (0, 0.5) (20001 pts)
        delta H to (0, 0.6) (20001 pts)
        delta H to (0, 0.7) (20001 pts)



md8.edr: 0.0 - 20001.0; lambda = (0, 0.7)
    foreign lambdas:
        delta H to (0, 0.6) (20001 pts)
        delta H to (0, 0.7) (20001 pts)
        delta H to (0, 0.8) (20001 pts)



md9.edr: 0.0 - 20001.0; lambda = (0, 0.8)
    foreign lambdas:
        delta H to (0, 0.7) (20001 pts)
        delta H to (0, 0.8) (20001 pts)
        delta H to (0, 0.9) (20001 pts)



   Samples in time interval: 0.000 - 20001.000
Removing samples outside of: 0.000 - 11000.000

Temperature: 298.15 K

Detailed results in kT (see help for explanation):

 lam_A  lam_B      DG   +/-     s_A   +/-     s_B   +/-   stdev   +/- 
     0      1    1.16  0.06    0.85  0.08    0.92  0.08    1.36  0.05
     1      2    1.59  0.16    2.36  0.11    1.81  0.12    2.35  0.08
     2      3    0.23  0.06    2.47  0.12    1.40  0.07    2.04  0.05
     3      4   -0.65  0.04    1.47  0.06    0.90  0.03    1.52  0.02
     4      5   -1.07  0.02    1.07  0.06    0.68  0.04    1.30  0.03
     5      6   -1.32  0.02    0.93  0.03    0.60  0.02    1.19  0.01
     6      7   -1.53  0.01    0.79  0.02    0.51  0.02    1.09  0.01
     7      8   -1.72  0.01    0.69  0.02    0.44  0.01    1.01  0.01
     8      9   -1.84  0.01    0.60  0.01    0.39  0.01    0.94  0.01
     9     10   -1.92  0.01    0.51  0.01    0.34  0.01    0.88  0.01
    10     11   -0.07  0.02    0.05  0.02    0.05  0.02    0.29  0.03
    11     12   -0.17  0.02    0.05  0.03    0.05  0.03    0.32  0.01
    12     13   -0.36  0.03    0.14  0.03    0.15  0.03    0.41  0.02
    13     14   -0.59  0.07    0.08  0.06    0.11  0.06    0.52  0.05
    14     15   -1.09  0.06    0.39  0.10    0.47  0.10    0.84  0.03


Final results in kJ/mol:

point      0 -      1,   DG  2.87 +/-  0.14
point      1 -      2,   DG  3.93 +/-  0.40
point      2 -      3,   DG  0.56 +/-  0.15
point      3 -      4,   DG -1.61 +/-  0.09
point      4 -      5,   DG -2.64 +/-  0.06
point      5 -      6,   DG -3.27 +/-  0.04
point      6 -      7,   DG -3.80 +/-  0.04
point      7 -      8,   DG -4.26 +/-  0.02
point      8 -      9,   DG -4.56 +/-  0.01
point      9 -     10,   DG -4.76 +/-  0.02
point     10 -     11,   DG -0.18 +/-  0.05
point     11 -     12,   DG -0.43 +/-  0.04
point     12 -     13,   DG -0.90 +/-  0.08
point     13 -     14,   DG -1.46 +/-  0.17
point     14 -     15,   DG -2.70 +/-  0.16

total      0 -     15,   DG -23.22 +/-  0.71

