
md10.edr: 0.0 - 20001.0; lambda = (0, 0.9)
    foreign lambdas:
        delta H to (0, 0.8) (20001 pts)
        delta H to (0, 0.9) (20001 pts)
        delta H to (0, 1) (20001 pts)



md11.edr: 0.0 - 20001.0; lambda = (0, 1)
    foreign lambdas:
        delta H to (0, 0.9) (20001 pts)
        delta H to (0, 1) (20001 pts)
        delta H to (0.2, 1) (20001 pts)



md12.edr: 0.0 - 20001.0; lambda = (0.2, 1)
    foreign lambdas:
        delta H to (0, 1) (20001 pts)
        delta H to (0.2, 1) (20001 pts)
        delta H to (0.4, 1) (20001 pts)



md13.edr: 0.0 - 20001.0; lambda = (0.4, 1)
    foreign lambdas:
        delta H to (0.2, 1) (20001 pts)
        delta H to (0.4, 1) (20001 pts)
        delta H to (0.6, 1) (20001 pts)



md14.edr: 0.0 - 20001.0; lambda = (0.6, 1)
    foreign lambdas:
        delta H to (0.4, 1) (20001 pts)
        delta H to (0.6, 1) (20001 pts)
        delta H to (0.8, 1) (20001 pts)



md15.edr: 0.0 - 20001.0; lambda = (0.8, 1)
    foreign lambdas:
        delta H to (0.6, 1) (20001 pts)
        delta H to (0.8, 1) (20001 pts)
        delta H to (1, 1) (20001 pts)



md16.edr: 0.0 - 20001.0; lambda = (1, 1)
    foreign lambdas:
        delta H to (0.8, 1) (20001 pts)
        delta H to (1, 1) (20001 pts)



md1.edr: 0.0 - 20001.0; lambda = (0, 0)
    foreign lambdas:
        delta H to (0, 0) (20001 pts)
        delta H to (0, 0.1) (20001 pts)



md2.edr: 0.0 - 20001.0; lambda = (0, 0.1)
    foreign lambdas:
        delta H to (0, 0) (20001 pts)
        delta H to (0, 0.1) (20001 pts)
        delta H to (0, 0.2) (20001 pts)



md3.edr: 0.0 - 20001.0; lambda = (0, 0.2)
    foreign lambdas:
        delta H to (0, 0.1) (20001 pts)
        delta H to (0, 0.2) (20001 pts)
        delta H to (0, 0.3) (20001 pts)



md4.edr: 0.0 - 20001.0; lambda = (0, 0.3)
    foreign lambdas:
        delta H to (0, 0.2) (20001 pts)
        delta H to (0, 0.3) (20001 pts)
        delta H to (0, 0.4) (20001 pts)



md5.edr: 0.0 - 20001.0; lambda = (0, 0.4)
    foreign lambdas:
        delta H to (0, 0.3) (20001 pts)
        delta H to (0, 0.4) (20001 pts)
        delta H to (0, 0.5) (20001 pts)



md6.edr: 0.0 - 20001.0; lambda = (0, 0.5)
    foreign lambdas:
        delta H to (0, 0.4) (20001 pts)
        delta H to (0, 0.5) (20001 pts)
        delta H to (0, 0.6) (20001 pts)



md7.edr: 0.0 - 20001.0; lambda = (0, 0.6)
    foreign lambdas:
        delta H to (0, 0.5) (20001 pts)
        delta H to (0, 0.6) (20001 pts)
        delta H to (0, 0.7) (20001 pts)



md8.edr: 0.0 - 20001.0; lambda = (0, 0.7)
    foreign lambdas:
        delta H to (0, 0.6) (20001 pts)
        delta H to (0, 0.7) (20001 pts)
        delta H to (0, 0.8) (20001 pts)



md9.edr: 0.0 - 20001.0; lambda = (0, 0.8)
    foreign lambdas:
        delta H to (0, 0.7) (20001 pts)
        delta H to (0, 0.8) (20001 pts)
        delta H to (0, 0.9) (20001 pts)



   Samples in time interval: 0.000 - 20001.000
Removing samples outside of: 0.000 - 10000.000

Temperature: 298.15 K

Detailed results in kT (see help for explanation):

 lam_A  lam_B      DG   +/-     s_A   +/-     s_B   +/-   stdev   +/- 
     0      1    1.16  0.04    0.83  0.07    0.90  0.08    1.35  0.04
     1      2    1.59  0.17    2.40  0.08    1.84  0.12    2.38  0.09
     2      3    0.20  0.04    2.46  0.13    1.39  0.06    2.03  0.04
     3      4   -0.65  0.05    1.45  0.10    0.88  0.06    1.51  0.04
     4      5   -1.05  0.03    1.08  0.05    0.69  0.04    1.30  0.03
     5      6   -1.32  0.01    0.93  0.04    0.60  0.03    1.19  0.01
     6      7   -1.53  0.01    0.79  0.03    0.50  0.03    1.09  0.02
     7      8   -1.71  0.01    0.69  0.02    0.44  0.01    1.01  0.01
     8      9   -1.83  0.00    0.60  0.02    0.38  0.01    0.94  0.01
     9     10   -1.92  0.01    0.53  0.01    0.35  0.01    0.89  0.01
    10     11   -0.07  0.02    0.05  0.02    0.05  0.03    0.30  0.03
    11     12   -0.17  0.02    0.05  0.03    0.05  0.03    0.32  0.02
    12     13   -0.36  0.04    0.14  0.03    0.15  0.03    0.42  0.02
    13     14   -0.57  0.06    0.06  0.05    0.09  0.05    0.50  0.04
    14     15   -1.06  0.06    0.40  0.13    0.49  0.14    0.84  0.07


Final results in kJ/mol:

point      0 -      1,   DG  2.88 +/-  0.10
point      1 -      2,   DG  3.95 +/-  0.41
point      2 -      3,   DG  0.48 +/-  0.09
point      3 -      4,   DG -1.62 +/-  0.13
point      4 -      5,   DG -2.61 +/-  0.07
point      5 -      6,   DG -3.28 +/-  0.03
point      6 -      7,   DG -3.79 +/-  0.03
point      7 -      8,   DG -4.25 +/-  0.02
point      8 -      9,   DG -4.54 +/-  0.01
point      9 -     10,   DG -4.77 +/-  0.03
point     10 -     11,   DG -0.17 +/-  0.04
point     11 -     12,   DG -0.42 +/-  0.04
point     12 -     13,   DG -0.90 +/-  0.10
point     13 -     14,   DG -1.42 +/-  0.15
point     14 -     15,   DG -2.63 +/-  0.15

total      0 -     15,   DG -23.08 +/-  0.69

