
md10.edr: 0.0 - 20001.0; lambda = (0, 0.9)
    foreign lambdas:
        delta H to (0, 0.8) (20001 pts)
        delta H to (0, 0.9) (20001 pts)
        delta H to (0, 1) (20001 pts)



md11.edr: 0.0 - 20001.0; lambda = (0, 1)
    foreign lambdas:
        delta H to (0, 0.9) (20001 pts)
        delta H to (0, 1) (20001 pts)
        delta H to (0.2, 1) (20001 pts)



md12.edr: 0.0 - 20001.0; lambda = (0.2, 1)
    foreign lambdas:
        delta H to (0, 1) (20001 pts)
        delta H to (0.2, 1) (20001 pts)
        delta H to (0.4, 1) (20001 pts)



md13.edr: 0.0 - 20001.0; lambda = (0.4, 1)
    foreign lambdas:
        delta H to (0.2, 1) (20001 pts)
        delta H to (0.4, 1) (20001 pts)
        delta H to (0.6, 1) (20001 pts)



md14.edr: 0.0 - 20001.0; lambda = (0.6, 1)
    foreign lambdas:
        delta H to (0.4, 1) (20001 pts)
        delta H to (0.6, 1) (20001 pts)
        delta H to (0.8, 1) (20001 pts)



md15.edr: 0.0 - 20001.0; lambda = (0.8, 1)
    foreign lambdas:
        delta H to (0.6, 1) (20001 pts)
        delta H to (0.8, 1) (20001 pts)
        delta H to (1, 1) (20001 pts)



md16.edr: 0.0 - 20001.0; lambda = (1, 1)
    foreign lambdas:
        delta H to (0.8, 1) (20001 pts)
        delta H to (1, 1) (20001 pts)



md1.edr: 0.0 - 20001.0; lambda = (0, 0)
    foreign lambdas:
        delta H to (0, 0) (20001 pts)
        delta H to (0, 0.1) (20001 pts)



md2.edr: 0.0 - 20001.0; lambda = (0, 0.1)
    foreign lambdas:
        delta H to (0, 0) (20001 pts)
        delta H to (0, 0.1) (20001 pts)
        delta H to (0, 0.2) (20001 pts)



md3.edr: 0.0 - 20001.0; lambda = (0, 0.2)
    foreign lambdas:
        delta H to (0, 0.1) (20001 pts)
        delta H to (0, 0.2) (20001 pts)
        delta H to (0, 0.3) (20001 pts)



md4.edr: 0.0 - 20001.0; lambda = (0, 0.3)
    foreign lambdas:
        delta H to (0, 0.2) (20001 pts)
        delta H to (0, 0.3) (20001 pts)
        delta H to (0, 0.4) (20001 pts)



md5.edr: 0.0 - 20001.0; lambda = (0, 0.4)
    foreign lambdas:
        delta H to (0, 0.3) (20001 pts)
        delta H to (0, 0.4) (20001 pts)
        delta H to (0, 0.5) (20001 pts)



md6.edr: 0.0 - 20001.0; lambda = (0, 0.5)
    foreign lambdas:
        delta H to (0, 0.4) (20001 pts)
        delta H to (0, 0.5) (20001 pts)
        delta H to (0, 0.6) (20001 pts)



md7.edr: 0.0 - 20001.0; lambda = (0, 0.6)
    foreign lambdas:
        delta H to (0, 0.5) (20001 pts)
        delta H to (0, 0.6) (20001 pts)
        delta H to (0, 0.7) (20001 pts)



md8.edr: 0.0 - 20001.0; lambda = (0, 0.7)
    foreign lambdas:
        delta H to (0, 0.6) (20001 pts)
        delta H to (0, 0.7) (20001 pts)
        delta H to (0, 0.8) (20001 pts)



md9.edr: 0.0 - 20001.0; lambda = (0, 0.8)
    foreign lambdas:
        delta H to (0, 0.7) (20001 pts)
        delta H to (0, 0.8) (20001 pts)
        delta H to (0, 0.9) (20001 pts)



   Samples in time interval: 0.000 - 20001.000
Removing samples outside of: 0.000 - 3000.000

Temperature: 298.15 K

Detailed results in kT (see help for explanation):

 lam_A  lam_B      DG   +/-     s_A   +/-     s_B   +/-   stdev   +/- 
     0      1    1.16  0.05    0.75  0.16    0.79  0.16    1.25  0.08
     1      2    1.74  0.22    2.45  0.17    1.99  0.22    2.44  0.17
     2      3    0.27  0.07    2.41  0.10    1.38  0.07    2.02  0.06
     3      4   -0.57  0.06    1.50  0.08    0.93  0.05    1.53  0.04
     4      5   -1.07  0.02    1.12  0.08    0.75  0.05    1.33  0.03
     5      6   -1.36  0.03    0.96  0.06    0.62  0.04    1.20  0.02
     6      7   -1.55  0.03    0.76  0.04    0.47  0.03    1.07  0.02
     7      8   -1.72  0.01    0.65  0.01    0.42  0.02    0.98  0.01
     8      9   -1.85  0.01    0.59  0.02    0.39  0.01    0.94  0.02
     9     10   -1.96  0.01    0.56  0.03    0.37  0.02    0.90  0.01
    10     11   -0.03  0.01   -0.01  0.02   -0.02  0.02    0.24  0.01
    11     12   -0.14  0.03    0.12  0.03    0.12  0.03    0.31  0.01
    12     13   -0.47  0.06    0.21  0.02    0.23  0.01    0.45  0.02
    13     14   -0.62  0.09   -0.07  0.08   -0.05  0.09    0.52  0.04
    14     15   -0.97  0.11    0.39  0.11    0.47  0.12    0.81  0.04


Final results in kJ/mol:

point      0 -      1,   DG  2.87 +/-  0.13
point      1 -      2,   DG  4.31 +/-  0.55
point      2 -      3,   DG  0.66 +/-  0.16
point      3 -      4,   DG -1.42 +/-  0.14
point      4 -      5,   DG -2.66 +/-  0.05
point      5 -      6,   DG -3.38 +/-  0.08
point      6 -      7,   DG -3.85 +/-  0.07
point      7 -      8,   DG -4.26 +/-  0.03
point      8 -      9,   DG -4.60 +/-  0.01
point      9 -     10,   DG -4.86 +/-  0.04
point     10 -     11,   DG -0.08 +/-  0.03
point     11 -     12,   DG -0.34 +/-  0.08
point     12 -     13,   DG -1.17 +/-  0.14
point     13 -     14,   DG -1.55 +/-  0.21
point     14 -     15,   DG -2.41 +/-  0.28

total      0 -     15,   DG -22.74 +/-  1.14

