
md10.edr: 0.0 - 20001.0; lambda = (0, 0.9)
    foreign lambdas:
        delta H to (0, 0.8) (20001 pts)
        delta H to (0, 0.9) (20001 pts)
        delta H to (0, 1) (20001 pts)



md11.edr: 0.0 - 20001.0; lambda = (0, 1)
    foreign lambdas:
        delta H to (0, 0.9) (20001 pts)
        delta H to (0, 1) (20001 pts)
        delta H to (0.2, 1) (20001 pts)



md12.edr: 0.0 - 20001.0; lambda = (0.2, 1)
    foreign lambdas:
        delta H to (0, 1) (20001 pts)
        delta H to (0.2, 1) (20001 pts)
        delta H to (0.4, 1) (20001 pts)



md13.edr: 0.0 - 20001.0; lambda = (0.4, 1)
    foreign lambdas:
        delta H to (0.2, 1) (20001 pts)
        delta H to (0.4, 1) (20001 pts)
        delta H to (0.6, 1) (20001 pts)



md14.edr: 0.0 - 20001.0; lambda = (0.6, 1)
    foreign lambdas:
        delta H to (0.4, 1) (20001 pts)
        delta H to (0.6, 1) (20001 pts)
        delta H to (0.8, 1) (20001 pts)



md15.edr: 0.0 - 20001.0; lambda = (0.8, 1)
    foreign lambdas:
        delta H to (0.6, 1) (20001 pts)
        delta H to (0.8, 1) (20001 pts)
        delta H to (1, 1) (20001 pts)



md16.edr: 0.0 - 20001.0; lambda = (1, 1)
    foreign lambdas:
        delta H to (0.8, 1) (20001 pts)
        delta H to (1, 1) (20001 pts)



md1.edr: 0.0 - 20001.0; lambda = (0, 0)
    foreign lambdas:
        delta H to (0, 0) (20001 pts)
        delta H to (0, 0.1) (20001 pts)



md2.edr: 0.0 - 20001.0; lambda = (0, 0.1)
    foreign lambdas:
        delta H to (0, 0) (20001 pts)
        delta H to (0, 0.1) (20001 pts)
        delta H to (0, 0.2) (20001 pts)



md3.edr: 0.0 - 20001.0; lambda = (0, 0.2)
    foreign lambdas:
        delta H to (0, 0.1) (20001 pts)
        delta H to (0, 0.2) (20001 pts)
        delta H to (0, 0.3) (20001 pts)



md4.edr: 0.0 - 20001.0; lambda = (0, 0.3)
    foreign lambdas:
        delta H to (0, 0.2) (20001 pts)
        delta H to (0, 0.3) (20001 pts)
        delta H to (0, 0.4) (20001 pts)



md5.edr: 0.0 - 20001.0; lambda = (0, 0.4)
    foreign lambdas:
        delta H to (0, 0.3) (20001 pts)
        delta H to (0, 0.4) (20001 pts)
        delta H to (0, 0.5) (20001 pts)



md6.edr: 0.0 - 20001.0; lambda = (0, 0.5)
    foreign lambdas:
        delta H to (0, 0.4) (20001 pts)
        delta H to (0, 0.5) (20001 pts)
        delta H to (0, 0.6) (20001 pts)



md7.edr: 0.0 - 20001.0; lambda = (0, 0.6)
    foreign lambdas:
        delta H to (0, 0.5) (20001 pts)
        delta H to (0, 0.6) (20001 pts)
        delta H to (0, 0.7) (20001 pts)



md8.edr: 0.0 - 20001.0; lambda = (0, 0.7)
    foreign lambdas:
        delta H to (0, 0.6) (20001 pts)
        delta H to (0, 0.7) (20001 pts)
        delta H to (0, 0.8) (20001 pts)



md9.edr: 0.0 - 20001.0; lambda = (0, 0.8)
    foreign lambdas:
        delta H to (0, 0.7) (20001 pts)
        delta H to (0, 0.8) (20001 pts)
        delta H to (0, 0.9) (20001 pts)



   Samples in time interval: 0.000 - 20001.000
Removing samples outside of: 0.000 - 13000.000

Temperature: 298.15 K

Detailed results in kT (see help for explanation):

 lam_A  lam_B      DG   +/-     s_A   +/-     s_B   +/-   stdev   +/- 
     0      1    1.16  0.06    0.90  0.08    0.96  0.07    1.38  0.04
     1      2    1.54  0.14    2.33  0.07    1.80  0.07    2.34  0.06
     2      3    0.18  0.07    2.44  0.12    1.38  0.06    2.01  0.06
     3      4   -0.66  0.03    1.42  0.07    0.87  0.04    1.50  0.03
     4      5   -1.05  0.03    1.08  0.04    0.69  0.03    1.30  0.02
     5      6   -1.31  0.02    0.93  0.04    0.60  0.03    1.19  0.01
     6      7   -1.53  0.02    0.81  0.03    0.52  0.03    1.10  0.02
     7      8   -1.72  0.01    0.68  0.02    0.43  0.01    1.00  0.01
     8      9   -1.83  0.01    0.59  0.01    0.38  0.01    0.94  0.01
     9     10   -1.92  0.01    0.52  0.01    0.35  0.01    0.88  0.01
    10     11   -0.07  0.02    0.04  0.03    0.04  0.03    0.29  0.03
    11     12   -0.18  0.01    0.06  0.04    0.06  0.04    0.32  0.01
    12     13   -0.35  0.03    0.10  0.04    0.12  0.04    0.41  0.01
    13     14   -0.56  0.05    0.10  0.05    0.13  0.05    0.52  0.03
    14     15   -1.09  0.05    0.40  0.11    0.48  0.12    0.84  0.05


Final results in kJ/mol:

point      0 -      1,   DG  2.88 +/-  0.14
point      1 -      2,   DG  3.81 +/-  0.34
point      2 -      3,   DG  0.44 +/-  0.16
point      3 -      4,   DG -1.64 +/-  0.08
point      4 -      5,   DG -2.61 +/-  0.07
point      5 -      6,   DG -3.25 +/-  0.05
point      6 -      7,   DG -3.79 +/-  0.04
point      7 -      8,   DG -4.26 +/-  0.03
point      8 -      9,   DG -4.53 +/-  0.02
point      9 -     10,   DG -4.75 +/-  0.03
point     10 -     11,   DG -0.18 +/-  0.04
point     11 -     12,   DG -0.44 +/-  0.03
point     12 -     13,   DG -0.86 +/-  0.08
point     13 -     14,   DG -1.39 +/-  0.11
point     14 -     15,   DG -2.69 +/-  0.12

total      0 -     15,   DG -23.25 +/-  0.63

