
md10.edr: 0.0 - 20001.0; lambda = (0, 0.9)
    foreign lambdas:
        delta H to (0, 0.8) (20001 pts)
        delta H to (0, 0.9) (20001 pts)
        delta H to (0, 1) (20001 pts)



md11.edr: 0.0 - 20001.0; lambda = (0, 1)
    foreign lambdas:
        delta H to (0, 0.9) (20001 pts)
        delta H to (0, 1) (20001 pts)
        delta H to (0.2, 1) (20001 pts)



md12.edr: 0.0 - 20001.0; lambda = (0.2, 1)
    foreign lambdas:
        delta H to (0, 1) (20001 pts)
        delta H to (0.2, 1) (20001 pts)
        delta H to (0.4, 1) (20001 pts)



md13.edr: 0.0 - 20001.0; lambda = (0.4, 1)
    foreign lambdas:
        delta H to (0.2, 1) (20001 pts)
        delta H to (0.4, 1) (20001 pts)
        delta H to (0.6, 1) (20001 pts)



md14.edr: 0.0 - 20001.0; lambda = (0.6, 1)
    foreign lambdas:
        delta H to (0.4, 1) (20001 pts)
        delta H to (0.6, 1) (20001 pts)
        delta H to (0.8, 1) (20001 pts)



md15.edr: 0.0 - 20001.0; lambda = (0.8, 1)
    foreign lambdas:
        delta H to (0.6, 1) (20001 pts)
        delta H to (0.8, 1) (20001 pts)
        delta H to (1, 1) (20001 pts)



md16.edr: 0.0 - 20001.0; lambda = (1, 1)
    foreign lambdas:
        delta H to (0.8, 1) (20001 pts)
        delta H to (1, 1) (20001 pts)



md1.edr: 0.0 - 20001.0; lambda = (0, 0)
    foreign lambdas:
        delta H to (0, 0) (20001 pts)
        delta H to (0, 0.1) (20001 pts)



md2.edr: 0.0 - 20001.0; lambda = (0, 0.1)
    foreign lambdas:
        delta H to (0, 0) (20001 pts)
        delta H to (0, 0.1) (20001 pts)
        delta H to (0, 0.2) (20001 pts)



md3.edr: 0.0 - 20001.0; lambda = (0, 0.2)
    foreign lambdas:
        delta H to (0, 0.1) (20001 pts)
        delta H to (0, 0.2) (20001 pts)
        delta H to (0, 0.3) (20001 pts)



md4.edr: 0.0 - 20001.0; lambda = (0, 0.3)
    foreign lambdas:
        delta H to (0, 0.2) (20001 pts)
        delta H to (0, 0.3) (20001 pts)
        delta H to (0, 0.4) (20001 pts)



md5.edr: 0.0 - 20001.0; lambda = (0, 0.4)
    foreign lambdas:
        delta H to (0, 0.3) (20001 pts)
        delta H to (0, 0.4) (20001 pts)
        delta H to (0, 0.5) (20001 pts)



md6.edr: 0.0 - 20001.0; lambda = (0, 0.5)
    foreign lambdas:
        delta H to (0, 0.4) (20001 pts)
        delta H to (0, 0.5) (20001 pts)
        delta H to (0, 0.6) (20001 pts)



md7.edr: 0.0 - 20001.0; lambda = (0, 0.6)
    foreign lambdas:
        delta H to (0, 0.5) (20001 pts)
        delta H to (0, 0.6) (20001 pts)
        delta H to (0, 0.7) (20001 pts)



md8.edr: 0.0 - 20001.0; lambda = (0, 0.7)
    foreign lambdas:
        delta H to (0, 0.6) (20001 pts)
        delta H to (0, 0.7) (20001 pts)
        delta H to (0, 0.8) (20001 pts)



md9.edr: 0.0 - 20001.0; lambda = (0, 0.8)
    foreign lambdas:
        delta H to (0, 0.7) (20001 pts)
        delta H to (0, 0.8) (20001 pts)
        delta H to (0, 0.9) (20001 pts)



   Samples in time interval: 0.000 - 20001.000
Removing samples outside of: 0.000 - 2000.000

Temperature: 298.15 K

Detailed results in kT (see help for explanation):

 lam_A  lam_B      DG   +/-     s_A   +/-     s_B   +/-   stdev   +/- 
     0      1    1.10  0.03    0.84  0.15    0.88  0.15    1.29  0.09
     1      2    1.55  0.16    2.30  0.16    1.82  0.14    2.30  0.12
     2      3    0.32  0.12    2.33  0.17    1.37  0.10    2.01  0.09
     3      4   -0.48  0.10    1.53  0.15    0.95  0.08    1.55  0.06
     4      5   -1.04  0.03    1.19  0.10    0.79  0.06    1.36  0.04
     5      6   -1.37  0.04    1.00  0.07    0.65  0.05    1.22  0.02
     6      7   -1.57  0.03    0.73  0.04    0.44  0.03    1.05  0.03
     7      8   -1.71  0.02    0.67  0.01    0.44  0.01    0.99  0.01
     8      9   -1.85  0.02    0.60  0.04    0.39  0.03    0.95  0.01
     9     10   -1.94  0.02    0.55  0.04    0.36  0.02    0.90  0.01
    10     11   -0.04  0.01   -0.00  0.01   -0.01  0.02    0.26  0.01
    11     12   -0.13  0.03    0.10  0.03    0.10  0.03    0.31  0.02
    12     13   -0.46  0.06    0.23  0.03    0.25  0.03    0.44  0.02
    13     14   -0.72  0.09    0.01  0.07    0.04  0.08    0.54  0.05
    14     15   -1.08  0.12    0.33  0.16    0.41  0.17    0.84  0.06


Final results in kJ/mol:

point      0 -      1,   DG  2.73 +/-  0.07
point      1 -      2,   DG  3.83 +/-  0.40
point      2 -      3,   DG  0.78 +/-  0.29
point      3 -      4,   DG -1.19 +/-  0.25
point      4 -      5,   DG -2.58 +/-  0.06
point      5 -      6,   DG -3.40 +/-  0.11
point      6 -      7,   DG -3.88 +/-  0.07
point      7 -      8,   DG -4.24 +/-  0.05
point      8 -      9,   DG -4.58 +/-  0.04
point      9 -     10,   DG -4.81 +/-  0.05
point     10 -     11,   DG -0.10 +/-  0.03
point     11 -     12,   DG -0.32 +/-  0.08
point     12 -     13,   DG -1.15 +/-  0.15
point     13 -     14,   DG -1.78 +/-  0.23
point     14 -     15,   DG -2.67 +/-  0.30

total      0 -     15,   DG -23.36 +/-  1.21

