
md10.edr: 0.0 - 20001.0; lambda = (0, 0.9)
    foreign lambdas:
        delta H to (0, 0.8) (20001 pts)
        delta H to (0, 0.9) (20001 pts)
        delta H to (0, 1) (20001 pts)



md11.edr: 0.0 - 20001.0; lambda = (0, 1)
    foreign lambdas:
        delta H to (0, 0.9) (20001 pts)
        delta H to (0, 1) (20001 pts)
        delta H to (0.2, 1) (20001 pts)



md12.edr: 0.0 - 20001.0; lambda = (0.2, 1)
    foreign lambdas:
        delta H to (0, 1) (20001 pts)
        delta H to (0.2, 1) (20001 pts)
        delta H to (0.4, 1) (20001 pts)



md13.edr: 0.0 - 20001.0; lambda = (0.4, 1)
    foreign lambdas:
        delta H to (0.2, 1) (20001 pts)
        delta H to (0.4, 1) (20001 pts)
        delta H to (0.6, 1) (20001 pts)



md14.edr: 0.0 - 20001.0; lambda = (0.6, 1)
    foreign lambdas:
        delta H to (0.4, 1) (20001 pts)
        delta H to (0.6, 1) (20001 pts)
        delta H to (0.8, 1) (20001 pts)



md15.edr: 0.0 - 20001.0; lambda = (0.8, 1)
    foreign lambdas:
        delta H to (0.6, 1) (20001 pts)
        delta H to (0.8, 1) (20001 pts)
        delta H to (1, 1) (20001 pts)



md16.edr: 0.0 - 20001.0; lambda = (1, 1)
    foreign lambdas:
        delta H to (0.8, 1) (20001 pts)
        delta H to (1, 1) (20001 pts)



md1.edr: 0.0 - 20001.0; lambda = (0, 0)
    foreign lambdas:
        delta H to (0, 0) (20001 pts)
        delta H to (0, 0.1) (20001 pts)



md2.edr: 0.0 - 20001.0; lambda = (0, 0.1)
    foreign lambdas:
        delta H to (0, 0) (20001 pts)
        delta H to (0, 0.1) (20001 pts)
        delta H to (0, 0.2) (20001 pts)



md3.edr: 0.0 - 20001.0; lambda = (0, 0.2)
    foreign lambdas:
        delta H to (0, 0.1) (20001 pts)
        delta H to (0, 0.2) (20001 pts)
        delta H to (0, 0.3) (20001 pts)



md4.edr: 0.0 - 20001.0; lambda = (0, 0.3)
    foreign lambdas:
        delta H to (0, 0.2) (20001 pts)
        delta H to (0, 0.3) (20001 pts)
        delta H to (0, 0.4) (20001 pts)



md5.edr: 0.0 - 20001.0; lambda = (0, 0.4)
    foreign lambdas:
        delta H to (0, 0.3) (20001 pts)
        delta H to (0, 0.4) (20001 pts)
        delta H to (0, 0.5) (20001 pts)



md6.edr: 0.0 - 20001.0; lambda = (0, 0.5)
    foreign lambdas:
        delta H to (0, 0.4) (20001 pts)
        delta H to (0, 0.5) (20001 pts)
        delta H to (0, 0.6) (20001 pts)



md7.edr: 0.0 - 20001.0; lambda = (0, 0.6)
    foreign lambdas:
        delta H to (0, 0.5) (20001 pts)
        delta H to (0, 0.6) (20001 pts)
        delta H to (0, 0.7) (20001 pts)



md8.edr: 0.0 - 20001.0; lambda = (0, 0.7)
    foreign lambdas:
        delta H to (0, 0.6) (20001 pts)
        delta H to (0, 0.7) (20001 pts)
        delta H to (0, 0.8) (20001 pts)



md9.edr: 0.0 - 20001.0; lambda = (0, 0.8)
    foreign lambdas:
        delta H to (0, 0.7) (20001 pts)
        delta H to (0, 0.8) (20001 pts)
        delta H to (0, 0.9) (20001 pts)



   Samples in time interval: 0.000 - 20001.000
Removing samples outside of: 0.000 - 3000.000

Temperature: 298.15 K

Detailed results in kT (see help for explanation):

 lam_A  lam_B      DG   +/-     s_A   +/-     s_B   +/-   stdev   +/- 
     0      1    1.15  0.09    0.81  0.10    0.83  0.08    1.29  0.07
     1      2    1.59  0.21    2.54  0.18    2.06  0.17    2.52  0.14
     2      3    0.00  0.11    2.25  0.29    1.25  0.15    1.90  0.11
     3      4   -0.77  0.08    1.43  0.10    0.90  0.06    1.51  0.06
     4      5   -1.13  0.04    1.04  0.06    0.67  0.04    1.30  0.02
     5      6   -1.38  0.01    0.91  0.05    0.57  0.04    1.19  0.02
     6      7   -1.52  0.04    0.79  0.07    0.50  0.05    1.10  0.04
     7      8   -1.67  0.04    0.72  0.02    0.45  0.02    1.03  0.01
     8      9   -1.82  0.02    0.63  0.02    0.41  0.02    0.97  0.01
     9     10   -1.97  0.04    0.59  0.03    0.38  0.01    0.91  0.02
    10     11   -0.13  0.03    0.02  0.02    0.02  0.02    0.30  0.02
    11     12   -0.21  0.05    0.06  0.02    0.06  0.02    0.33  0.02
    12     13   -0.39  0.06    0.13  0.03    0.14  0.03    0.40  0.02
    13     14   -0.89  0.11    0.36  0.12    0.43  0.13    0.72  0.07
    14     15   -1.34  0.19    0.02  0.12    0.10  0.12    0.83  0.09


Final results in kJ/mol:

point      0 -      1,   DG  2.86 +/-  0.21
point      1 -      2,   DG  3.95 +/-  0.53
point      2 -      3,   DG  0.01 +/-  0.27
point      3 -      4,   DG -1.90 +/-  0.19
point      4 -      5,   DG -2.81 +/-  0.09
point      5 -      6,   DG -3.42 +/-  0.03
point      6 -      7,   DG -3.77 +/-  0.11
point      7 -      8,   DG -4.14 +/-  0.09
point      8 -      9,   DG -4.50 +/-  0.04
point      9 -     10,   DG -4.89 +/-  0.10
point     10 -     11,   DG -0.32 +/-  0.06
point     11 -     12,   DG -0.52 +/-  0.12
point     12 -     13,   DG -0.98 +/-  0.15
point     13 -     14,   DG -2.21 +/-  0.27
point     14 -     15,   DG -3.32 +/-  0.46

total      0 -     15,   DG -25.96 +/-  1.01

