
md10.edr: 0.0 - 20001.0; lambda = (0, 0.9)
    foreign lambdas:
        delta H to (0, 0.8) (20001 pts)
        delta H to (0, 0.9) (20001 pts)
        delta H to (0, 1) (20001 pts)



md11.edr: 0.0 - 20001.0; lambda = (0, 1)
    foreign lambdas:
        delta H to (0, 0.9) (20001 pts)
        delta H to (0, 1) (20001 pts)
        delta H to (0.2, 1) (20001 pts)



md12.edr: 0.0 - 20001.0; lambda = (0.2, 1)
    foreign lambdas:
        delta H to (0, 1) (20001 pts)
        delta H to (0.2, 1) (20001 pts)
        delta H to (0.4, 1) (20001 pts)



md13.edr: 0.0 - 20001.0; lambda = (0.4, 1)
    foreign lambdas:
        delta H to (0.2, 1) (20001 pts)
        delta H to (0.4, 1) (20001 pts)
        delta H to (0.6, 1) (20001 pts)



md14.edr: 0.0 - 20001.0; lambda = (0.6, 1)
    foreign lambdas:
        delta H to (0.4, 1) (20001 pts)
        delta H to (0.6, 1) (20001 pts)
        delta H to (0.8, 1) (20001 pts)



md15.edr: 0.0 - 20001.0; lambda = (0.8, 1)
    foreign lambdas:
        delta H to (0.6, 1) (20001 pts)
        delta H to (0.8, 1) (20001 pts)
        delta H to (1, 1) (20001 pts)



md16.edr: 0.0 - 20001.0; lambda = (1, 1)
    foreign lambdas:
        delta H to (0.8, 1) (20001 pts)
        delta H to (1, 1) (20001 pts)



md1.edr: 0.0 - 20001.0; lambda = (0, 0)
    foreign lambdas:
        delta H to (0, 0) (20001 pts)
        delta H to (0, 0.1) (20001 pts)



md2.edr: 0.0 - 20001.0; lambda = (0, 0.1)
    foreign lambdas:
        delta H to (0, 0) (20001 pts)
        delta H to (0, 0.1) (20001 pts)
        delta H to (0, 0.2) (20001 pts)



md3.edr: 0.0 - 20001.0; lambda = (0, 0.2)
    foreign lambdas:
        delta H to (0, 0.1) (20001 pts)
        delta H to (0, 0.2) (20001 pts)
        delta H to (0, 0.3) (20001 pts)



md4.edr: 0.0 - 20001.0; lambda = (0, 0.3)
    foreign lambdas:
        delta H to (0, 0.2) (20001 pts)
        delta H to (0, 0.3) (20001 pts)
        delta H to (0, 0.4) (20001 pts)



md5.edr: 0.0 - 20001.0; lambda = (0, 0.4)
    foreign lambdas:
        delta H to (0, 0.3) (20001 pts)
        delta H to (0, 0.4) (20001 pts)
        delta H to (0, 0.5) (20001 pts)



md6.edr: 0.0 - 20001.0; lambda = (0, 0.5)
    foreign lambdas:
        delta H to (0, 0.4) (20001 pts)
        delta H to (0, 0.5) (20001 pts)
        delta H to (0, 0.6) (20001 pts)



md7.edr: 0.0 - 20001.0; lambda = (0, 0.6)
    foreign lambdas:
        delta H to (0, 0.5) (20001 pts)
        delta H to (0, 0.6) (20001 pts)
        delta H to (0, 0.7) (20001 pts)



md8.edr: 0.0 - 20001.0; lambda = (0, 0.7)
    foreign lambdas:
        delta H to (0, 0.6) (20001 pts)
        delta H to (0, 0.7) (20001 pts)
        delta H to (0, 0.8) (20001 pts)



md9.edr: 0.0 - 20001.0; lambda = (0, 0.8)
    foreign lambdas:
        delta H to (0, 0.7) (20001 pts)
        delta H to (0, 0.8) (20001 pts)
        delta H to (0, 0.9) (20001 pts)



   Samples in time interval: 0.000 - 20001.000
Removing samples outside of: 0.000 - 12000.000

Temperature: 298.15 K

Detailed results in kT (see help for explanation):

 lam_A  lam_B      DG   +/-     s_A   +/-     s_B   +/-   stdev   +/- 
     0      1    1.19  0.13    0.96  0.04    0.99  0.03    1.41  0.02
     1      2    1.53  0.13    2.37  0.17    1.86  0.12    2.36  0.10
     2      3    0.17  0.10    2.35  0.10    1.34  0.07    1.97  0.05
     3      4   -0.66  0.05    1.52  0.05    0.94  0.03    1.56  0.03
     4      5   -1.10  0.03    1.13  0.04    0.72  0.03    1.33  0.02
     5      6   -1.38  0.03    0.90  0.03    0.58  0.03    1.19  0.02
     6      7   -1.56  0.02    0.84  0.03    0.53  0.02    1.13  0.01
     7      8   -1.73  0.02    0.72  0.02    0.45  0.01    1.03  0.01
     8      9   -1.86  0.01    0.62  0.02    0.39  0.02    0.96  0.01
     9     10   -1.99  0.02    0.58  0.02    0.38  0.01    0.91  0.01
    10     11   -0.08  0.02    0.04  0.01    0.04  0.01    0.32  0.02
    11     12   -0.20  0.01    0.07  0.02    0.08  0.02    0.36  0.01
    12     13   -0.36  0.02    0.09  0.02    0.10  0.02    0.41  0.01
    13     14   -0.74  0.06    0.28  0.05    0.34  0.06    0.65  0.04
    14     15   -1.36  0.06    0.28  0.10    0.35  0.10    0.87  0.04


Final results in kJ/mol:

point      0 -      1,   DG  2.96 +/-  0.32
point      1 -      2,   DG  3.79 +/-  0.31
point      2 -      3,   DG  0.41 +/-  0.24
point      3 -      4,   DG -1.64 +/-  0.11
point      4 -      5,   DG -2.74 +/-  0.08
point      5 -      6,   DG -3.41 +/-  0.09
point      6 -      7,   DG -3.86 +/-  0.06
point      7 -      8,   DG -4.28 +/-  0.06
point      8 -      9,   DG -4.61 +/-  0.03
point      9 -     10,   DG -4.92 +/-  0.05
point     10 -     11,   DG -0.21 +/-  0.04
point     11 -     12,   DG -0.49 +/-  0.03
point     12 -     13,   DG -0.90 +/-  0.06
point     13 -     14,   DG -1.85 +/-  0.14
point     14 -     15,   DG -3.38 +/-  0.14

total      0 -     15,   DG -25.13 +/-  0.77

