
md10.edr: 0.0 - 20001.0; lambda = (0, 0.9)
    foreign lambdas:
        delta H to (0, 0.8) (20001 pts)
        delta H to (0, 0.9) (20001 pts)
        delta H to (0, 1) (20001 pts)



md11.edr: 0.0 - 20001.0; lambda = (0, 1)
    foreign lambdas:
        delta H to (0, 0.9) (20001 pts)
        delta H to (0, 1) (20001 pts)
        delta H to (0.2, 1) (20001 pts)



md12.edr: 0.0 - 20001.0; lambda = (0.2, 1)
    foreign lambdas:
        delta H to (0, 1) (20001 pts)
        delta H to (0.2, 1) (20001 pts)
        delta H to (0.4, 1) (20001 pts)



md13.edr: 0.0 - 20001.0; lambda = (0.4, 1)
    foreign lambdas:
        delta H to (0.2, 1) (20001 pts)
        delta H to (0.4, 1) (20001 pts)
        delta H to (0.6, 1) (20001 pts)



md14.edr: 0.0 - 20001.0; lambda = (0.6, 1)
    foreign lambdas:
        delta H to (0.4, 1) (20001 pts)
        delta H to (0.6, 1) (20001 pts)
        delta H to (0.8, 1) (20001 pts)



md15.edr: 0.0 - 20001.0; lambda = (0.8, 1)
    foreign lambdas:
        delta H to (0.6, 1) (20001 pts)
        delta H to (0.8, 1) (20001 pts)
        delta H to (1, 1) (20001 pts)



md16.edr: 0.0 - 20001.0; lambda = (1, 1)
    foreign lambdas:
        delta H to (0.8, 1) (20001 pts)
        delta H to (1, 1) (20001 pts)



md1.edr: 0.0 - 20001.0; lambda = (0, 0)
    foreign lambdas:
        delta H to (0, 0) (20001 pts)
        delta H to (0, 0.1) (20001 pts)



md2.edr: 0.0 - 20001.0; lambda = (0, 0.1)
    foreign lambdas:
        delta H to (0, 0) (20001 pts)
        delta H to (0, 0.1) (20001 pts)
        delta H to (0, 0.2) (20001 pts)



md3.edr: 0.0 - 20001.0; lambda = (0, 0.2)
    foreign lambdas:
        delta H to (0, 0.1) (20001 pts)
        delta H to (0, 0.2) (20001 pts)
        delta H to (0, 0.3) (20001 pts)



md4.edr: 0.0 - 20001.0; lambda = (0, 0.3)
    foreign lambdas:
        delta H to (0, 0.2) (20001 pts)
        delta H to (0, 0.3) (20001 pts)
        delta H to (0, 0.4) (20001 pts)



md5.edr: 0.0 - 20001.0; lambda = (0, 0.4)
    foreign lambdas:
        delta H to (0, 0.3) (20001 pts)
        delta H to (0, 0.4) (20001 pts)
        delta H to (0, 0.5) (20001 pts)



md6.edr: 0.0 - 20001.0; lambda = (0, 0.5)
    foreign lambdas:
        delta H to (0, 0.4) (20001 pts)
        delta H to (0, 0.5) (20001 pts)
        delta H to (0, 0.6) (20001 pts)



md7.edr: 0.0 - 20001.0; lambda = (0, 0.6)
    foreign lambdas:
        delta H to (0, 0.5) (20001 pts)
        delta H to (0, 0.6) (20001 pts)
        delta H to (0, 0.7) (20001 pts)



md8.edr: 0.0 - 20001.0; lambda = (0, 0.7)
    foreign lambdas:
        delta H to (0, 0.6) (20001 pts)
        delta H to (0, 0.7) (20001 pts)
        delta H to (0, 0.8) (20001 pts)



md9.edr: 0.0 - 20001.0; lambda = (0, 0.8)
    foreign lambdas:
        delta H to (0, 0.7) (20001 pts)
        delta H to (0, 0.8) (20001 pts)
        delta H to (0, 0.9) (20001 pts)



   Samples in time interval: 0.000 - 20001.000
Removing samples outside of: 0.000 - 1000.000

Temperature: 298.15 K

Detailed results in kT (see help for explanation):

 lam_A  lam_B      DG   +/-     s_A   +/-     s_B   +/-   stdev   +/- 
     0      1    0.87  0.20    0.99  0.05    1.01  0.05    1.39  0.02
     1      2    1.30  0.28    1.92  0.16    1.51  0.16    2.12  0.10
     2      3    0.18  0.13    2.57  0.31    1.45  0.11    2.06  0.10
     3      4   -0.81  0.06    1.35  0.13    0.85  0.11    1.47  0.06
     4      5   -1.10  0.07    1.10  0.11    0.70  0.07    1.32  0.05
     5      6   -1.35  0.04    0.84  0.09    0.50  0.05    1.14  0.04
     6      7   -1.43  0.04    0.79  0.03    0.50  0.03    1.08  0.03
     7      8   -1.63  0.05    0.72  0.04    0.47  0.02    1.03  0.02
     8      9   -1.82  0.02    0.64  0.04    0.42  0.03    0.96  0.01
     9     10   -1.98  0.03    0.59  0.04    0.38  0.03    0.89  0.02
    10     11   -0.06  0.02   -0.03  0.04   -0.03  0.04    0.23  0.02
    11     12   -0.07  0.02    0.03  0.02    0.04  0.02    0.25  0.02
    12     13   -0.23  0.05    0.13  0.05    0.14  0.05    0.36  0.05
    13     14   -0.63  0.11    0.26  0.13    0.34  0.16    0.63  0.11
    14     15   -0.92  0.11   -0.04  0.15    0.01  0.13    0.60  0.09


Final results in kJ/mol:

point      0 -      1,   DG  2.16 +/-  0.50
point      1 -      2,   DG  3.23 +/-  0.70
point      2 -      3,   DG  0.46 +/-  0.32
point      3 -      4,   DG -2.00 +/-  0.16
point      4 -      5,   DG -2.72 +/-  0.18
point      5 -      6,   DG -3.35 +/-  0.11
point      6 -      7,   DG -3.55 +/-  0.10
point      7 -      8,   DG -4.04 +/-  0.13
point      8 -      9,   DG -4.52 +/-  0.06
point      9 -     10,   DG -4.92 +/-  0.08
point     10 -     11,   DG -0.14 +/-  0.05
point     11 -     12,   DG -0.16 +/-  0.06
point     12 -     13,   DG -0.57 +/-  0.12
point     13 -     14,   DG -1.56 +/-  0.27
point     14 -     15,   DG -2.29 +/-  0.28

total      0 -     15,   DG -23.97 +/-  1.22

