
md10.edr: 0.0 - 20001.0; lambda = (0, 0.9)
    foreign lambdas:
        delta H to (0, 0.8) (20001 pts)
        delta H to (0, 0.9) (20001 pts)
        delta H to (0, 1) (20001 pts)



md11.edr: 0.0 - 20001.0; lambda = (0, 1)
    foreign lambdas:
        delta H to (0, 0.9) (20001 pts)
        delta H to (0, 1) (20001 pts)
        delta H to (0.2, 1) (20001 pts)



md12.edr: 0.0 - 20001.0; lambda = (0.2, 1)
    foreign lambdas:
        delta H to (0, 1) (20001 pts)
        delta H to (0.2, 1) (20001 pts)
        delta H to (0.4, 1) (20001 pts)



md13.edr: 0.0 - 20001.0; lambda = (0.4, 1)
    foreign lambdas:
        delta H to (0.2, 1) (20001 pts)
        delta H to (0.4, 1) (20001 pts)
        delta H to (0.6, 1) (20001 pts)



md14.edr: 0.0 - 20001.0; lambda = (0.6, 1)
    foreign lambdas:
        delta H to (0.4, 1) (20001 pts)
        delta H to (0.6, 1) (20001 pts)
        delta H to (0.8, 1) (20001 pts)



md15.edr: 0.0 - 20001.0; lambda = (0.8, 1)
    foreign lambdas:
        delta H to (0.6, 1) (20001 pts)
        delta H to (0.8, 1) (20001 pts)
        delta H to (1, 1) (20001 pts)



md16.edr: 0.0 - 20001.0; lambda = (1, 1)
    foreign lambdas:
        delta H to (0.8, 1) (20001 pts)
        delta H to (1, 1) (20001 pts)



md1.edr: 0.0 - 20001.0; lambda = (0, 0)
    foreign lambdas:
        delta H to (0, 0) (20001 pts)
        delta H to (0, 0.1) (20001 pts)



md2.edr: 0.0 - 20001.0; lambda = (0, 0.1)
    foreign lambdas:
        delta H to (0, 0) (20001 pts)
        delta H to (0, 0.1) (20001 pts)
        delta H to (0, 0.2) (20001 pts)



md3.edr: 0.0 - 20001.0; lambda = (0, 0.2)
    foreign lambdas:
        delta H to (0, 0.1) (20001 pts)
        delta H to (0, 0.2) (20001 pts)
        delta H to (0, 0.3) (20001 pts)



md4.edr: 0.0 - 20001.0; lambda = (0, 0.3)
    foreign lambdas:
        delta H to (0, 0.2) (20001 pts)
        delta H to (0, 0.3) (20001 pts)
        delta H to (0, 0.4) (20001 pts)



md5.edr: 0.0 - 20001.0; lambda = (0, 0.4)
    foreign lambdas:
        delta H to (0, 0.3) (20001 pts)
        delta H to (0, 0.4) (20001 pts)
        delta H to (0, 0.5) (20001 pts)



md6.edr: 0.0 - 20001.0; lambda = (0, 0.5)
    foreign lambdas:
        delta H to (0, 0.4) (20001 pts)
        delta H to (0, 0.5) (20001 pts)
        delta H to (0, 0.6) (20001 pts)



md7.edr: 0.0 - 20001.0; lambda = (0, 0.6)
    foreign lambdas:
        delta H to (0, 0.5) (20001 pts)
        delta H to (0, 0.6) (20001 pts)
        delta H to (0, 0.7) (20001 pts)



md8.edr: 0.0 - 20001.0; lambda = (0, 0.7)
    foreign lambdas:
        delta H to (0, 0.6) (20001 pts)
        delta H to (0, 0.7) (20001 pts)
        delta H to (0, 0.8) (20001 pts)



md9.edr: 0.0 - 20001.0; lambda = (0, 0.8)
    foreign lambdas:
        delta H to (0, 0.7) (20001 pts)
        delta H to (0, 0.8) (20001 pts)
        delta H to (0, 0.9) (20001 pts)



   Samples in time interval: 0.000 - 20001.000
Removing samples outside of: 0.000 - 11000.000

Temperature: 298.15 K

Detailed results in kT (see help for explanation):

 lam_A  lam_B      DG   +/-     s_A   +/-     s_B   +/-   stdev   +/- 
     0      1    1.17  0.11    0.98  0.06    1.01  0.06    1.42  0.04
     1      2    1.48  0.13    2.33  0.19    1.83  0.15    2.33  0.11
     2      3    0.13  0.09    2.36  0.18    1.34  0.11    1.96  0.08
     3      4   -0.69  0.04    1.48  0.02    0.92  0.01    1.54  0.01
     4      5   -1.11  0.03    1.12  0.04    0.72  0.03    1.33  0.02
     5      6   -1.37  0.03    0.90  0.03    0.58  0.02    1.20  0.02
     6      7   -1.55  0.02    0.85  0.03    0.54  0.02    1.13  0.02
     7      8   -1.73  0.03    0.73  0.01    0.45  0.01    1.03  0.01
     8      9   -1.86  0.01    0.61  0.01    0.39  0.01    0.95  0.01
     9     10   -1.99  0.02    0.58  0.01    0.38  0.01    0.91  0.01
    10     11   -0.09  0.02    0.04  0.01    0.04  0.01    0.31  0.02
    11     12   -0.20  0.01    0.08  0.02    0.08  0.02    0.36  0.01
    12     13   -0.36  0.03    0.08  0.02    0.09  0.02    0.42  0.01
    13     14   -0.76  0.05    0.30  0.05    0.35  0.05    0.66  0.03
    14     15   -1.39  0.08    0.28  0.10    0.36  0.09    0.89  0.03


Final results in kJ/mol:

point      0 -      1,   DG  2.89 +/-  0.28
point      1 -      2,   DG  3.67 +/-  0.33
point      2 -      3,   DG  0.32 +/-  0.23
point      3 -      4,   DG -1.72 +/-  0.09
point      4 -      5,   DG -2.76 +/-  0.08
point      5 -      6,   DG -3.39 +/-  0.08
point      6 -      7,   DG -3.84 +/-  0.05
point      7 -      8,   DG -4.29 +/-  0.06
point      8 -      9,   DG -4.62 +/-  0.03
point      9 -     10,   DG -4.92 +/-  0.06
point     10 -     11,   DG -0.22 +/-  0.04
point     11 -     12,   DG -0.51 +/-  0.03
point     12 -     13,   DG -0.90 +/-  0.07
point     13 -     14,   DG -1.87 +/-  0.12
point     14 -     15,   DG -3.45 +/-  0.20

total      0 -     15,   DG -25.62 +/-  0.34

