
md10.edr: 0.0 - 20001.0; lambda = (0, 0.9)
    foreign lambdas:
        delta H to (0, 0.8) (20001 pts)
        delta H to (0, 0.9) (20001 pts)
        delta H to (0, 1) (20001 pts)



md11.edr: 0.0 - 20001.0; lambda = (0, 1)
    foreign lambdas:
        delta H to (0, 0.9) (20001 pts)
        delta H to (0, 1) (20001 pts)
        delta H to (0.2, 1) (20001 pts)



md12.edr: 0.0 - 20001.0; lambda = (0.2, 1)
    foreign lambdas:
        delta H to (0, 1) (20001 pts)
        delta H to (0.2, 1) (20001 pts)
        delta H to (0.4, 1) (20001 pts)



md13.edr: 0.0 - 20001.0; lambda = (0.4, 1)
    foreign lambdas:
        delta H to (0.2, 1) (20001 pts)
        delta H to (0.4, 1) (20001 pts)
        delta H to (0.6, 1) (20001 pts)



md14.edr: 0.0 - 20001.0; lambda = (0.6, 1)
    foreign lambdas:
        delta H to (0.4, 1) (20001 pts)
        delta H to (0.6, 1) (20001 pts)
        delta H to (0.8, 1) (20001 pts)



md15.edr: 0.0 - 20001.0; lambda = (0.8, 1)
    foreign lambdas:
        delta H to (0.6, 1) (20001 pts)
        delta H to (0.8, 1) (20001 pts)
        delta H to (1, 1) (20001 pts)



md16.edr: 0.0 - 20001.0; lambda = (1, 1)
    foreign lambdas:
        delta H to (0.8, 1) (20001 pts)
        delta H to (1, 1) (20001 pts)



md1.edr: 0.0 - 20001.0; lambda = (0, 0)
    foreign lambdas:
        delta H to (0, 0) (20001 pts)
        delta H to (0, 0.1) (20001 pts)



md2.edr: 0.0 - 20001.0; lambda = (0, 0.1)
    foreign lambdas:
        delta H to (0, 0) (20001 pts)
        delta H to (0, 0.1) (20001 pts)
        delta H to (0, 0.2) (20001 pts)



md3.edr: 0.0 - 20001.0; lambda = (0, 0.2)
    foreign lambdas:
        delta H to (0, 0.1) (20001 pts)
        delta H to (0, 0.2) (20001 pts)
        delta H to (0, 0.3) (20001 pts)



md4.edr: 0.0 - 20001.0; lambda = (0, 0.3)
    foreign lambdas:
        delta H to (0, 0.2) (20001 pts)
        delta H to (0, 0.3) (20001 pts)
        delta H to (0, 0.4) (20001 pts)



md5.edr: 0.0 - 20001.0; lambda = (0, 0.4)
    foreign lambdas:
        delta H to (0, 0.3) (20001 pts)
        delta H to (0, 0.4) (20001 pts)
        delta H to (0, 0.5) (20001 pts)



md6.edr: 0.0 - 20001.0; lambda = (0, 0.5)
    foreign lambdas:
        delta H to (0, 0.4) (20001 pts)
        delta H to (0, 0.5) (20001 pts)
        delta H to (0, 0.6) (20001 pts)



md7.edr: 0.0 - 20001.0; lambda = (0, 0.6)
    foreign lambdas:
        delta H to (0, 0.5) (20001 pts)
        delta H to (0, 0.6) (20001 pts)
        delta H to (0, 0.7) (20001 pts)



md8.edr: 0.0 - 20001.0; lambda = (0, 0.7)
    foreign lambdas:
        delta H to (0, 0.6) (20001 pts)
        delta H to (0, 0.7) (20001 pts)
        delta H to (0, 0.8) (20001 pts)



md9.edr: 0.0 - 20001.0; lambda = (0, 0.8)
    foreign lambdas:
        delta H to (0, 0.7) (20001 pts)
        delta H to (0, 0.8) (20001 pts)
        delta H to (0, 0.9) (20001 pts)



   Samples in time interval: 0.000 - 20001.000
Removing samples outside of: 0.000 - 2000.000

Temperature: 298.15 K

Detailed results in kT (see help for explanation):

 lam_A  lam_B      DG   +/-     s_A   +/-     s_B   +/-   stdev   +/- 
     0      1    1.01  0.05    0.94  0.09    0.92  0.08    1.36  0.07
     1      2    1.38  0.19    2.31  0.13    1.87  0.13    2.35  0.09
     2      3    0.04  0.12    2.18  0.25    1.23  0.12    1.88  0.09
     3      4   -0.72  0.06    1.51  0.09    0.95  0.07    1.56  0.05
     4      5   -1.11  0.03    1.09  0.05    0.71  0.03    1.31  0.02
     5      6   -1.38  0.02    0.88  0.05    0.55  0.04    1.17  0.03
     6      7   -1.48  0.04    0.73  0.06    0.45  0.04    1.07  0.02
     7      8   -1.61  0.02    0.73  0.02    0.47  0.02    1.03  0.01
     8      9   -1.81  0.01    0.66  0.02    0.43  0.02    0.97  0.01
     9     10   -2.02  0.03    0.58  0.03    0.40  0.01    0.89  0.01
    10     11   -0.11  0.03    0.01  0.03    0.01  0.03    0.29  0.03
    11     12   -0.19  0.06    0.06  0.02    0.07  0.02    0.32  0.02
    12     13   -0.37  0.08    0.12  0.04    0.13  0.04    0.42  0.04
    13     14   -0.78  0.12    0.27  0.12    0.34  0.14    0.67  0.09
    14     15   -1.18  0.22    0.06  0.11    0.15  0.10    0.78  0.09


Final results in kJ/mol:

point      0 -      1,   DG  2.50 +/-  0.13
point      1 -      2,   DG  3.43 +/-  0.46
point      2 -      3,   DG  0.10 +/-  0.30
point      3 -      4,   DG -1.78 +/-  0.16
point      4 -      5,   DG -2.76 +/-  0.07
point      5 -      6,   DG -3.43 +/-  0.05
point      6 -      7,   DG -3.66 +/-  0.10
point      7 -      8,   DG -4.00 +/-  0.05
point      8 -      9,   DG -4.50 +/-  0.01
point      9 -     10,   DG -5.01 +/-  0.07
point     10 -     11,   DG -0.28 +/-  0.07
point     11 -     12,   DG -0.46 +/-  0.14
point     12 -     13,   DG -0.92 +/-  0.19
point     13 -     14,   DG -1.93 +/-  0.29
point     14 -     15,   DG -2.93 +/-  0.56

total      0 -     15,   DG -25.63 +/-  1.26

