
md10.edr: 0.0 - 20001.0; lambda = (0, 0.9)
    foreign lambdas:
        delta H to (0, 0.8) (20001 pts)
        delta H to (0, 0.9) (20001 pts)
        delta H to (0, 1) (20001 pts)



md11.edr: 0.0 - 20001.0; lambda = (0, 1)
    foreign lambdas:
        delta H to (0, 0.9) (20001 pts)
        delta H to (0, 1) (20001 pts)
        delta H to (0.2, 1) (20001 pts)



md12.edr: 0.0 - 20001.0; lambda = (0.2, 1)
    foreign lambdas:
        delta H to (0, 1) (20001 pts)
        delta H to (0.2, 1) (20001 pts)
        delta H to (0.4, 1) (20001 pts)



md13.edr: 0.0 - 20001.0; lambda = (0.4, 1)
    foreign lambdas:
        delta H to (0.2, 1) (20001 pts)
        delta H to (0.4, 1) (20001 pts)
        delta H to (0.6, 1) (20001 pts)



md14.edr: 0.0 - 20001.0; lambda = (0.6, 1)
    foreign lambdas:
        delta H to (0.4, 1) (20001 pts)
        delta H to (0.6, 1) (20001 pts)
        delta H to (0.8, 1) (20001 pts)



md15.edr: 0.0 - 20001.0; lambda = (0.8, 1)
    foreign lambdas:
        delta H to (0.6, 1) (20001 pts)
        delta H to (0.8, 1) (20001 pts)
        delta H to (1, 1) (20001 pts)



md16.edr: 0.0 - 20001.0; lambda = (1, 1)
    foreign lambdas:
        delta H to (0.8, 1) (20001 pts)
        delta H to (1, 1) (20001 pts)



md1.edr: 0.0 - 20001.0; lambda = (0, 0)
    foreign lambdas:
        delta H to (0, 0) (20001 pts)
        delta H to (0, 0.1) (20001 pts)



md2.edr: 0.0 - 20001.0; lambda = (0, 0.1)
    foreign lambdas:
        delta H to (0, 0) (20001 pts)
        delta H to (0, 0.1) (20001 pts)
        delta H to (0, 0.2) (20001 pts)



md3.edr: 0.0 - 20001.0; lambda = (0, 0.2)
    foreign lambdas:
        delta H to (0, 0.1) (20001 pts)
        delta H to (0, 0.2) (20001 pts)
        delta H to (0, 0.3) (20001 pts)



md4.edr: 0.0 - 20001.0; lambda = (0, 0.3)
    foreign lambdas:
        delta H to (0, 0.2) (20001 pts)
        delta H to (0, 0.3) (20001 pts)
        delta H to (0, 0.4) (20001 pts)



md5.edr: 0.0 - 20001.0; lambda = (0, 0.4)
    foreign lambdas:
        delta H to (0, 0.3) (20001 pts)
        delta H to (0, 0.4) (20001 pts)
        delta H to (0, 0.5) (20001 pts)



md6.edr: 0.0 - 20001.0; lambda = (0, 0.5)
    foreign lambdas:
        delta H to (0, 0.4) (20001 pts)
        delta H to (0, 0.5) (20001 pts)
        delta H to (0, 0.6) (20001 pts)



md7.edr: 0.0 - 20001.0; lambda = (0, 0.6)
    foreign lambdas:
        delta H to (0, 0.5) (20001 pts)
        delta H to (0, 0.6) (20001 pts)
        delta H to (0, 0.7) (20001 pts)



md8.edr: 0.0 - 20001.0; lambda = (0, 0.7)
    foreign lambdas:
        delta H to (0, 0.6) (20001 pts)
        delta H to (0, 0.7) (20001 pts)
        delta H to (0, 0.8) (20001 pts)



md9.edr: 0.0 - 20001.0; lambda = (0, 0.8)
    foreign lambdas:
        delta H to (0, 0.7) (20001 pts)
        delta H to (0, 0.8) (20001 pts)
        delta H to (0, 0.9) (20001 pts)



   Samples in time interval: 0.000 - 20001.000
Removing samples outside of: 0.000 - 5000.000

Temperature: 298.15 K

Detailed results in kT (see help for explanation):

 lam_A  lam_B      DG   +/-     s_A   +/-     s_B   +/-   stdev   +/- 
     0      1    1.21  0.10    0.92  0.10    0.94  0.10    1.36  0.07
     1      2    1.58  0.15    2.42  0.18    1.94  0.20    2.43  0.14
     2      3    0.08  0.09    2.38  0.22    1.34  0.11    1.96  0.09
     3      4   -0.76  0.04    1.43  0.07    0.89  0.04    1.51  0.04
     4      5   -1.14  0.03    1.06  0.03    0.68  0.02    1.29  0.01
     5      6   -1.37  0.03    0.86  0.05    0.54  0.04    1.17  0.03
     6      7   -1.51  0.03    0.83  0.05    0.53  0.03    1.13  0.03
     7      8   -1.70  0.04    0.75  0.02    0.47  0.02    1.04  0.01
     8      9   -1.85  0.02    0.61  0.03    0.39  0.02    0.96  0.01
     9     10   -1.96  0.03    0.59  0.02    0.37  0.02    0.91  0.01
    10     11   -0.12  0.02    0.03  0.02    0.03  0.02    0.32  0.02
    11     12   -0.21  0.04    0.06  0.02    0.06  0.02    0.35  0.03
    12     13   -0.39  0.05    0.11  0.01    0.12  0.01    0.41  0.02
    13     14   -0.86  0.08    0.34  0.07    0.41  0.07    0.70  0.03
    14     15   -1.32  0.12    0.05  0.07    0.12  0.07    0.79  0.06


Final results in kJ/mol:

point      0 -      1,   DG  3.00 +/-  0.24
point      1 -      2,   DG  3.92 +/-  0.38
point      2 -      3,   DG  0.20 +/-  0.23
point      3 -      4,   DG -1.88 +/-  0.10
point      4 -      5,   DG -2.83 +/-  0.07
point      5 -      6,   DG -3.39 +/-  0.07
point      6 -      7,   DG -3.74 +/-  0.08
point      7 -      8,   DG -4.21 +/-  0.09
point      8 -      9,   DG -4.58 +/-  0.05
point      9 -     10,   DG -4.86 +/-  0.08
point     10 -     11,   DG -0.30 +/-  0.06
point     11 -     12,   DG -0.53 +/-  0.10
point     12 -     13,   DG -0.97 +/-  0.13
point     13 -     14,   DG -2.12 +/-  0.21
point     14 -     15,   DG -3.26 +/-  0.31

total      0 -     15,   DG -25.55 +/-  0.80

