
md10.edr: 0.0 - 20001.0; lambda = (0, 0.9)
    foreign lambdas:
        delta H to (0, 0.8) (20001 pts)
        delta H to (0, 0.9) (20001 pts)
        delta H to (0, 1) (20001 pts)



md11.edr: 0.0 - 20001.0; lambda = (0, 1)
    foreign lambdas:
        delta H to (0, 0.9) (20001 pts)
        delta H to (0, 1) (20001 pts)
        delta H to (0.2, 1) (20001 pts)



md12.edr: 0.0 - 20001.0; lambda = (0.2, 1)
    foreign lambdas:
        delta H to (0, 1) (20001 pts)
        delta H to (0.2, 1) (20001 pts)
        delta H to (0.4, 1) (20001 pts)



md13.edr: 0.0 - 20001.0; lambda = (0.4, 1)
    foreign lambdas:
        delta H to (0.2, 1) (20001 pts)
        delta H to (0.4, 1) (20001 pts)
        delta H to (0.6, 1) (20001 pts)



md14.edr: 0.0 - 20001.0; lambda = (0.6, 1)
    foreign lambdas:
        delta H to (0.4, 1) (20001 pts)
        delta H to (0.6, 1) (20001 pts)
        delta H to (0.8, 1) (20001 pts)



md15.edr: 0.0 - 20001.0; lambda = (0.8, 1)
    foreign lambdas:
        delta H to (0.6, 1) (20001 pts)
        delta H to (0.8, 1) (20001 pts)
        delta H to (1, 1) (20001 pts)



md16.edr: 0.0 - 20001.0; lambda = (1, 1)
    foreign lambdas:
        delta H to (0.8, 1) (20001 pts)
        delta H to (1, 1) (20001 pts)



md1.edr: 0.0 - 20001.0; lambda = (0, 0)
    foreign lambdas:
        delta H to (0, 0) (20001 pts)
        delta H to (0, 0.1) (20001 pts)



md2.edr: 0.0 - 20001.0; lambda = (0, 0.1)
    foreign lambdas:
        delta H to (0, 0) (20001 pts)
        delta H to (0, 0.1) (20001 pts)
        delta H to (0, 0.2) (20001 pts)



md3.edr: 0.0 - 20001.0; lambda = (0, 0.2)
    foreign lambdas:
        delta H to (0, 0.1) (20001 pts)
        delta H to (0, 0.2) (20001 pts)
        delta H to (0, 0.3) (20001 pts)



md4.edr: 0.0 - 20001.0; lambda = (0, 0.3)
    foreign lambdas:
        delta H to (0, 0.2) (20001 pts)
        delta H to (0, 0.3) (20001 pts)
        delta H to (0, 0.4) (20001 pts)



md5.edr: 0.0 - 20001.0; lambda = (0, 0.4)
    foreign lambdas:
        delta H to (0, 0.3) (20001 pts)
        delta H to (0, 0.4) (20001 pts)
        delta H to (0, 0.5) (20001 pts)



md6.edr: 0.0 - 20001.0; lambda = (0, 0.5)
    foreign lambdas:
        delta H to (0, 0.4) (20001 pts)
        delta H to (0, 0.5) (20001 pts)
        delta H to (0, 0.6) (20001 pts)



md7.edr: 0.0 - 20001.0; lambda = (0, 0.6)
    foreign lambdas:
        delta H to (0, 0.5) (20001 pts)
        delta H to (0, 0.6) (20001 pts)
        delta H to (0, 0.7) (20001 pts)



md8.edr: 0.0 - 20001.0; lambda = (0, 0.7)
    foreign lambdas:
        delta H to (0, 0.6) (20001 pts)
        delta H to (0, 0.7) (20001 pts)
        delta H to (0, 0.8) (20001 pts)



md9.edr: 0.0 - 20001.0; lambda = (0, 0.8)
    foreign lambdas:
        delta H to (0, 0.7) (20001 pts)
        delta H to (0, 0.8) (20001 pts)
        delta H to (0, 0.9) (20001 pts)



   Samples in time interval: 0.000 - 20001.000
Removing samples outside of: 0.000 - 19000.000

Temperature: 298.15 K

Detailed results in kT (see help for explanation):

 lam_A  lam_B      DG   +/-     s_A   +/-     s_B   +/-   stdev   +/- 
     0      1    1.18  0.07    0.89  0.07    0.92  0.07    1.37  0.04
     1      2    1.55  0.12    2.46  0.13    1.94  0.10    2.41  0.08
     2      3    0.14  0.06    2.28  0.09    1.30  0.04    1.94  0.03
     3      4   -0.63  0.04    1.52  0.03    0.95  0.02    1.56  0.02
     4      5   -1.09  0.02    1.13  0.03    0.72  0.01    1.32  0.01
     5      6   -1.39  0.02    0.90  0.02    0.59  0.02    1.19  0.01
     6      7   -1.56  0.01    0.82  0.02    0.52  0.01    1.12  0.01
     7      8   -1.73  0.02    0.72  0.01    0.45  0.01    1.03  0.01
     8      9   -1.87  0.01    0.61  0.01    0.39  0.01    0.96  0.01
     9     10   -1.98  0.01    0.56  0.02    0.37  0.01    0.91  0.01
    10     11   -0.09  0.02    0.05  0.01    0.05  0.01    0.33  0.01
    11     12   -0.21  0.01    0.06  0.01    0.07  0.01    0.37  0.01
    12     13   -0.37  0.02    0.09  0.02    0.11  0.02    0.43  0.02
    13     14   -0.74  0.04    0.27  0.04    0.32  0.05    0.65  0.03
    14     15   -1.38  0.09    0.31  0.11    0.41  0.11    0.93  0.06


Final results in kJ/mol:

point      0 -      1,   DG  2.92 +/-  0.18
point      1 -      2,   DG  3.83 +/-  0.30
point      2 -      3,   DG  0.36 +/-  0.14
point      3 -      4,   DG -1.57 +/-  0.11
point      4 -      5,   DG -2.71 +/-  0.06
point      5 -      6,   DG -3.44 +/-  0.06
point      6 -      7,   DG -3.87 +/-  0.03
point      7 -      8,   DG -4.30 +/-  0.04
point      8 -      9,   DG -4.64 +/-  0.03
point      9 -     10,   DG -4.91 +/-  0.02
point     10 -     11,   DG -0.23 +/-  0.04
point     11 -     12,   DG -0.51 +/-  0.04
point     12 -     13,   DG -0.91 +/-  0.05
point     13 -     14,   DG -1.84 +/-  0.10
point     14 -     15,   DG -3.42 +/-  0.23

total      0 -     15,   DG -25.21 +/-  0.80

