
md10.edr: 0.0 - 20001.0; lambda = (0, 0.9)
    foreign lambdas:
        delta H to (0, 0.8) (20001 pts)
        delta H to (0, 0.9) (20001 pts)
        delta H to (0, 1) (20001 pts)



md11.edr: 0.0 - 20001.0; lambda = (0, 1)
    foreign lambdas:
        delta H to (0, 0.9) (20001 pts)
        delta H to (0, 1) (20001 pts)
        delta H to (0.2, 1) (20001 pts)



md12.edr: 0.0 - 20001.0; lambda = (0.2, 1)
    foreign lambdas:
        delta H to (0, 1) (20001 pts)
        delta H to (0.2, 1) (20001 pts)
        delta H to (0.4, 1) (20001 pts)



md13.edr: 0.0 - 20001.0; lambda = (0.4, 1)
    foreign lambdas:
        delta H to (0.2, 1) (20001 pts)
        delta H to (0.4, 1) (20001 pts)
        delta H to (0.6, 1) (20001 pts)



md14.edr: 0.0 - 20001.0; lambda = (0.6, 1)
    foreign lambdas:
        delta H to (0.4, 1) (20001 pts)
        delta H to (0.6, 1) (20001 pts)
        delta H to (0.8, 1) (20001 pts)



md15.edr: 0.0 - 20001.0; lambda = (0.8, 1)
    foreign lambdas:
        delta H to (0.6, 1) (20001 pts)
        delta H to (0.8, 1) (20001 pts)
        delta H to (1, 1) (20001 pts)



md16.edr: 0.0 - 20001.0; lambda = (1, 1)
    foreign lambdas:
        delta H to (0.8, 1) (20001 pts)
        delta H to (1, 1) (20001 pts)



md1.edr: 0.0 - 20001.0; lambda = (0, 0)
    foreign lambdas:
        delta H to (0, 0) (20001 pts)
        delta H to (0, 0.1) (20001 pts)



md2.edr: 0.0 - 20001.0; lambda = (0, 0.1)
    foreign lambdas:
        delta H to (0, 0) (20001 pts)
        delta H to (0, 0.1) (20001 pts)
        delta H to (0, 0.2) (20001 pts)



md3.edr: 0.0 - 20001.0; lambda = (0, 0.2)
    foreign lambdas:
        delta H to (0, 0.1) (20001 pts)
        delta H to (0, 0.2) (20001 pts)
        delta H to (0, 0.3) (20001 pts)



md4.edr: 0.0 - 20001.0; lambda = (0, 0.3)
    foreign lambdas:
        delta H to (0, 0.2) (20001 pts)
        delta H to (0, 0.3) (20001 pts)
        delta H to (0, 0.4) (20001 pts)



md5.edr: 0.0 - 20001.0; lambda = (0, 0.4)
    foreign lambdas:
        delta H to (0, 0.3) (20001 pts)
        delta H to (0, 0.4) (20001 pts)
        delta H to (0, 0.5) (20001 pts)



md6.edr: 0.0 - 20001.0; lambda = (0, 0.5)
    foreign lambdas:
        delta H to (0, 0.4) (20001 pts)
        delta H to (0, 0.5) (20001 pts)
        delta H to (0, 0.6) (20001 pts)



md7.edr: 0.0 - 20001.0; lambda = (0, 0.6)
    foreign lambdas:
        delta H to (0, 0.5) (20001 pts)
        delta H to (0, 0.6) (20001 pts)
        delta H to (0, 0.7) (20001 pts)



md8.edr: 0.0 - 20001.0; lambda = (0, 0.7)
    foreign lambdas:
        delta H to (0, 0.6) (20001 pts)
        delta H to (0, 0.7) (20001 pts)
        delta H to (0, 0.8) (20001 pts)



md9.edr: 0.0 - 20001.0; lambda = (0, 0.8)
    foreign lambdas:
        delta H to (0, 0.7) (20001 pts)
        delta H to (0, 0.8) (20001 pts)
        delta H to (0, 0.9) (20001 pts)



   Samples in time interval: 0.000 - 20001.000
Removing samples outside of: 0.000 - 20000.000

Temperature: 298.15 K

Detailed results in kT (see help for explanation):

 lam_A  lam_B      DG   +/-     s_A   +/-     s_B   +/-   stdev   +/- 
     0      1    1.17  0.08    0.88  0.08    0.92  0.07    1.36  0.04
     1      2    1.56  0.12    2.45  0.13    1.94  0.11    2.41  0.08
     2      3    0.14  0.05    2.30  0.06    1.31  0.04    1.95  0.03
     3      4   -0.65  0.03    1.51  0.02    0.93  0.02    1.55  0.02
     4      5   -1.09  0.03    1.12  0.02    0.71  0.01    1.32  0.01
     5      6   -1.38  0.03    0.91  0.03    0.59  0.02    1.19  0.02
     6      7   -1.56  0.01    0.82  0.02    0.52  0.01    1.11  0.01
     7      8   -1.73  0.02    0.72  0.01    0.46  0.01    1.03  0.01
     8      9   -1.87  0.01    0.61  0.01    0.39  0.01    0.96  0.00
     9     10   -1.98  0.01    0.57  0.02    0.37  0.01    0.91  0.00
    10     11   -0.09  0.01    0.05  0.01    0.05  0.01    0.32  0.01
    11     12   -0.20  0.01    0.06  0.02    0.07  0.02    0.36  0.01
    12     13   -0.36  0.02    0.09  0.03    0.10  0.03    0.42  0.02
    13     14   -0.72  0.04    0.26  0.04    0.31  0.05    0.64  0.03
    14     15   -1.39  0.07    0.36  0.11    0.46  0.11    0.96  0.08


Final results in kJ/mol:

point      0 -      1,   DG  2.91 +/-  0.20
point      1 -      2,   DG  3.87 +/-  0.30
point      2 -      3,   DG  0.35 +/-  0.13
point      3 -      4,   DG -1.60 +/-  0.08
point      4 -      5,   DG -2.71 +/-  0.06
point      5 -      6,   DG -3.42 +/-  0.07
point      6 -      7,   DG -3.87 +/-  0.03
point      7 -      8,   DG -4.30 +/-  0.04
point      8 -      9,   DG -4.64 +/-  0.03
point      9 -     10,   DG -4.90 +/-  0.02
point     10 -     11,   DG -0.23 +/-  0.04
point     11 -     12,   DG -0.50 +/-  0.02
point     12 -     13,   DG -0.88 +/-  0.05
point     13 -     14,   DG -1.77 +/-  0.11
point     14 -     15,   DG -3.44 +/-  0.17

total      0 -     15,   DG -25.14 +/-  0.57

