
md10.edr: 0.0 - 20001.0; lambda = (0, 0.9)
    foreign lambdas:
        delta H to (0, 0.8) (20001 pts)
        delta H to (0, 0.9) (20001 pts)
        delta H to (0, 1) (20001 pts)



md11.edr: 0.0 - 20001.0; lambda = (0, 1)
    foreign lambdas:
        delta H to (0, 0.9) (20001 pts)
        delta H to (0, 1) (20001 pts)
        delta H to (0.2, 1) (20001 pts)



md12.edr: 0.0 - 20001.0; lambda = (0.2, 1)
    foreign lambdas:
        delta H to (0, 1) (20001 pts)
        delta H to (0.2, 1) (20001 pts)
        delta H to (0.4, 1) (20001 pts)



md13.edr: 0.0 - 20001.0; lambda = (0.4, 1)
    foreign lambdas:
        delta H to (0.2, 1) (20001 pts)
        delta H to (0.4, 1) (20001 pts)
        delta H to (0.6, 1) (20001 pts)



md14.edr: 0.0 - 20001.0; lambda = (0.6, 1)
    foreign lambdas:
        delta H to (0.4, 1) (20001 pts)
        delta H to (0.6, 1) (20001 pts)
        delta H to (0.8, 1) (20001 pts)



md15.edr: 0.0 - 20001.0; lambda = (0.8, 1)
    foreign lambdas:
        delta H to (0.6, 1) (20001 pts)
        delta H to (0.8, 1) (20001 pts)
        delta H to (1, 1) (20001 pts)



md16.edr: 0.0 - 20001.0; lambda = (1, 1)
    foreign lambdas:
        delta H to (0.8, 1) (20001 pts)
        delta H to (1, 1) (20001 pts)



md1.edr: 0.0 - 20001.0; lambda = (0, 0)
    foreign lambdas:
        delta H to (0, 0) (20001 pts)
        delta H to (0, 0.1) (20001 pts)



md2.edr: 0.0 - 20001.0; lambda = (0, 0.1)
    foreign lambdas:
        delta H to (0, 0) (20001 pts)
        delta H to (0, 0.1) (20001 pts)
        delta H to (0, 0.2) (20001 pts)



md3.edr: 0.0 - 20001.0; lambda = (0, 0.2)
    foreign lambdas:
        delta H to (0, 0.1) (20001 pts)
        delta H to (0, 0.2) (20001 pts)
        delta H to (0, 0.3) (20001 pts)



md4.edr: 0.0 - 20001.0; lambda = (0, 0.3)
    foreign lambdas:
        delta H to (0, 0.2) (20001 pts)
        delta H to (0, 0.3) (20001 pts)
        delta H to (0, 0.4) (20001 pts)



md5.edr: 0.0 - 20001.0; lambda = (0, 0.4)
    foreign lambdas:
        delta H to (0, 0.3) (20001 pts)
        delta H to (0, 0.4) (20001 pts)
        delta H to (0, 0.5) (20001 pts)



md6.edr: 0.0 - 20001.0; lambda = (0, 0.5)
    foreign lambdas:
        delta H to (0, 0.4) (20001 pts)
        delta H to (0, 0.5) (20001 pts)
        delta H to (0, 0.6) (20001 pts)



md7.edr: 0.0 - 20001.0; lambda = (0, 0.6)
    foreign lambdas:
        delta H to (0, 0.5) (20001 pts)
        delta H to (0, 0.6) (20001 pts)
        delta H to (0, 0.7) (20001 pts)



md8.edr: 0.0 - 20001.0; lambda = (0, 0.7)
    foreign lambdas:
        delta H to (0, 0.6) (20001 pts)
        delta H to (0, 0.7) (20001 pts)
        delta H to (0, 0.8) (20001 pts)



md9.edr: 0.0 - 20001.0; lambda = (0, 0.8)
    foreign lambdas:
        delta H to (0, 0.7) (20001 pts)
        delta H to (0, 0.8) (20001 pts)
        delta H to (0, 0.9) (20001 pts)



   Samples in time interval: 0.000 - 20001.000
Removing samples outside of: 0.000 - 18000.000

Temperature: 298.15 K

Detailed results in kT (see help for explanation):

 lam_A  lam_B      DG   +/-     s_A   +/-     s_B   +/-   stdev   +/- 
     0      1    1.16  0.05    0.89  0.04    0.96  0.05    1.36  0.03
     1      2    1.53  0.10    2.33  0.10    1.81  0.09    2.32  0.06
     2      3    0.17  0.05    2.46  0.14    1.38  0.06    2.01  0.06
     3      4   -0.68  0.01    1.38  0.02    0.86  0.02    1.48  0.01
     4      5   -1.07  0.03    1.06  0.02    0.69  0.02    1.29  0.01
     5      6   -1.31  0.02    0.88  0.01    0.57  0.01    1.18  0.01
     6      7   -1.51  0.00    0.80  0.01    0.51  0.01    1.10  0.00
     7      8   -1.71  0.01    0.69  0.02    0.44  0.01    1.01  0.01
     8      9   -1.84  0.01    0.58  0.01    0.37  0.01    0.93  0.00
     9     10   -1.92  0.00    0.54  0.01    0.35  0.01    0.89  0.00
    10     11   -0.08  0.01    0.02  0.01    0.02  0.01    0.28  0.01
    11     12   -0.15  0.01    0.05  0.01    0.05  0.01    0.28  0.02
    12     13   -0.28  0.02    0.08  0.02    0.09  0.02    0.34  0.01
    13     14   -0.48  0.06    0.11  0.06    0.15  0.07    0.51  0.04
    14     15   -0.66  0.08    0.03  0.07    0.09  0.07    0.65  0.04


Final results in kJ/mol:

point      0 -      1,   DG  2.86 +/-  0.11
point      1 -      2,   DG  3.80 +/-  0.25
point      2 -      3,   DG  0.42 +/-  0.13
point      3 -      4,   DG -1.68 +/-  0.02
point      4 -      5,   DG -2.65 +/-  0.06
point      5 -      6,   DG -3.25 +/-  0.04
point      6 -      7,   DG -3.75 +/-  0.00
point      7 -      8,   DG -4.23 +/-  0.03
point      8 -      9,   DG -4.55 +/-  0.03
point      9 -     10,   DG -4.77 +/-  0.01
point     10 -     11,   DG -0.19 +/-  0.03
point     11 -     12,   DG -0.36 +/-  0.02
point     12 -     13,   DG -0.69 +/-  0.04
point     13 -     14,   DG -1.19 +/-  0.14
point     14 -     15,   DG -1.63 +/-  0.21

total      0 -     15,   DG -21.86 +/-  0.43

