
md10.edr: 0.0 - 20001.0; lambda = (0, 0.9)
    foreign lambdas:
        delta H to (0, 0.8) (20001 pts)
        delta H to (0, 0.9) (20001 pts)
        delta H to (0, 1) (20001 pts)



md11.edr: 0.0 - 20001.0; lambda = (0, 1)
    foreign lambdas:
        delta H to (0, 0.9) (20001 pts)
        delta H to (0, 1) (20001 pts)
        delta H to (0.2, 1) (20001 pts)



md12.edr: 0.0 - 20001.0; lambda = (0.2, 1)
    foreign lambdas:
        delta H to (0, 1) (20001 pts)
        delta H to (0.2, 1) (20001 pts)
        delta H to (0.4, 1) (20001 pts)



md13.edr: 0.0 - 20001.0; lambda = (0.4, 1)
    foreign lambdas:
        delta H to (0.2, 1) (20001 pts)
        delta H to (0.4, 1) (20001 pts)
        delta H to (0.6, 1) (20001 pts)



md14.edr: 0.0 - 20001.0; lambda = (0.6, 1)
    foreign lambdas:
        delta H to (0.4, 1) (20001 pts)
        delta H to (0.6, 1) (20001 pts)
        delta H to (0.8, 1) (20001 pts)



md15.edr: 0.0 - 20001.0; lambda = (0.8, 1)
    foreign lambdas:
        delta H to (0.6, 1) (20001 pts)
        delta H to (0.8, 1) (20001 pts)
        delta H to (1, 1) (20001 pts)



md16.edr: 0.0 - 20001.0; lambda = (1, 1)
    foreign lambdas:
        delta H to (0.8, 1) (20001 pts)
        delta H to (1, 1) (20001 pts)



md1.edr: 0.0 - 20001.0; lambda = (0, 0)
    foreign lambdas:
        delta H to (0, 0) (20001 pts)
        delta H to (0, 0.1) (20001 pts)



md2.edr: 0.0 - 20001.0; lambda = (0, 0.1)
    foreign lambdas:
        delta H to (0, 0) (20001 pts)
        delta H to (0, 0.1) (20001 pts)
        delta H to (0, 0.2) (20001 pts)



md3.edr: 0.0 - 20001.0; lambda = (0, 0.2)
    foreign lambdas:
        delta H to (0, 0.1) (20001 pts)
        delta H to (0, 0.2) (20001 pts)
        delta H to (0, 0.3) (20001 pts)



md4.edr: 0.0 - 20001.0; lambda = (0, 0.3)
    foreign lambdas:
        delta H to (0, 0.2) (20001 pts)
        delta H to (0, 0.3) (20001 pts)
        delta H to (0, 0.4) (20001 pts)



md5.edr: 0.0 - 20001.0; lambda = (0, 0.4)
    foreign lambdas:
        delta H to (0, 0.3) (20001 pts)
        delta H to (0, 0.4) (20001 pts)
        delta H to (0, 0.5) (20001 pts)



md6.edr: 0.0 - 20001.0; lambda = (0, 0.5)
    foreign lambdas:
        delta H to (0, 0.4) (20001 pts)
        delta H to (0, 0.5) (20001 pts)
        delta H to (0, 0.6) (20001 pts)



md7.edr: 0.0 - 20001.0; lambda = (0, 0.6)
    foreign lambdas:
        delta H to (0, 0.5) (20001 pts)
        delta H to (0, 0.6) (20001 pts)
        delta H to (0, 0.7) (20001 pts)



md8.edr: 0.0 - 20001.0; lambda = (0, 0.7)
    foreign lambdas:
        delta H to (0, 0.6) (20001 pts)
        delta H to (0, 0.7) (20001 pts)
        delta H to (0, 0.8) (20001 pts)



md9.edr: 0.0 - 20001.0; lambda = (0, 0.8)
    foreign lambdas:
        delta H to (0, 0.7) (20001 pts)
        delta H to (0, 0.8) (20001 pts)
        delta H to (0, 0.9) (20001 pts)



   Samples in time interval: 0.000 - 20001.000
Removing samples outside of: 0.000 - 1000.000

Temperature: 298.15 K

Detailed results in kT (see help for explanation):

 lam_A  lam_B      DG   +/-     s_A   +/-     s_B   +/-   stdev   +/- 
     0      1    1.57  0.11    0.67  0.15    0.76  0.16    1.19  0.08
     1      2    1.90  0.23    3.13  0.23    2.51  0.18    2.90  0.20
     2      3    0.04  0.10    1.95  0.25    1.18  0.20    1.80  0.13
     3      4   -0.62  0.06    1.48  0.11    0.95  0.08    1.56  0.06
     4      5   -1.09  0.06    1.14  0.10    0.73  0.06    1.33  0.04
     5      6   -1.29  0.03    0.85  0.12    0.54  0.07    1.19  0.06
     6      7   -1.51  0.03    0.88  0.08    0.54  0.05    1.12  0.03
     7      8   -1.76  0.08    0.66  0.06    0.45  0.05    1.00  0.03
     8      9   -1.87  0.03    0.53  0.03    0.35  0.04    0.91  0.01
     9     10   -1.89  0.04    0.49  0.04    0.32  0.04    0.88  0.01
    10     11   -0.13  0.04    0.02  0.04    0.02  0.04    0.37  0.03
    11     12   -0.19  0.06    0.03  0.03    0.03  0.02    0.41  0.03
    12     13   -0.24  0.06    0.01  0.03    0.02  0.03    0.33  0.02
    13     14   -0.52  0.07    0.27  0.05    0.31  0.05    0.56  0.04
    14     15   -1.15  0.17    0.32  0.11    0.38  0.11    0.80  0.04


Final results in kJ/mol:

point      0 -      1,   DG  3.90 +/-  0.28
point      1 -      2,   DG  4.71 +/-  0.57
point      2 -      3,   DG  0.11 +/-  0.26
point      3 -      4,   DG -1.54 +/-  0.16
point      4 -      5,   DG -2.70 +/-  0.14
point      5 -      6,   DG -3.20 +/-  0.07
point      6 -      7,   DG -3.75 +/-  0.08
point      7 -      8,   DG -4.36 +/-  0.19
point      8 -      9,   DG -4.64 +/-  0.08
point      9 -     10,   DG -4.69 +/-  0.10
point     10 -     11,   DG -0.32 +/-  0.09
point     11 -     12,   DG -0.46 +/-  0.14
point     12 -     13,   DG -0.58 +/-  0.15
point     13 -     14,   DG -1.29 +/-  0.17
point     14 -     15,   DG -2.85 +/-  0.42

total      0 -     15,   DG -21.68 +/-  1.53

