
md10.edr: 0.0 - 20001.0; lambda = (0, 0.9)
    foreign lambdas:
        delta H to (0, 0.8) (20001 pts)
        delta H to (0, 0.9) (20001 pts)
        delta H to (0, 1) (20001 pts)



md11.edr: 0.0 - 20001.0; lambda = (0, 1)
    foreign lambdas:
        delta H to (0, 0.9) (20001 pts)
        delta H to (0, 1) (20001 pts)
        delta H to (0.2, 1) (20001 pts)



md12.edr: 0.0 - 20001.0; lambda = (0.2, 1)
    foreign lambdas:
        delta H to (0, 1) (20001 pts)
        delta H to (0.2, 1) (20001 pts)
        delta H to (0.4, 1) (20001 pts)



md13.edr: 0.0 - 20001.0; lambda = (0.4, 1)
    foreign lambdas:
        delta H to (0.2, 1) (20001 pts)
        delta H to (0.4, 1) (20001 pts)
        delta H to (0.6, 1) (20001 pts)



md14.edr: 0.0 - 20001.0; lambda = (0.6, 1)
    foreign lambdas:
        delta H to (0.4, 1) (20001 pts)
        delta H to (0.6, 1) (20001 pts)
        delta H to (0.8, 1) (20001 pts)



md15.edr: 0.0 - 20001.0; lambda = (0.8, 1)
    foreign lambdas:
        delta H to (0.6, 1) (20001 pts)
        delta H to (0.8, 1) (20001 pts)
        delta H to (1, 1) (20001 pts)



md16.edr: 0.0 - 20001.0; lambda = (1, 1)
    foreign lambdas:
        delta H to (0.8, 1) (20001 pts)
        delta H to (1, 1) (20001 pts)



md1.edr: 0.0 - 20001.0; lambda = (0, 0)
    foreign lambdas:
        delta H to (0, 0) (20001 pts)
        delta H to (0, 0.1) (20001 pts)



md2.edr: 0.0 - 20001.0; lambda = (0, 0.1)
    foreign lambdas:
        delta H to (0, 0) (20001 pts)
        delta H to (0, 0.1) (20001 pts)
        delta H to (0, 0.2) (20001 pts)



md3.edr: 0.0 - 20001.0; lambda = (0, 0.2)
    foreign lambdas:
        delta H to (0, 0.1) (20001 pts)
        delta H to (0, 0.2) (20001 pts)
        delta H to (0, 0.3) (20001 pts)



md4.edr: 0.0 - 20001.0; lambda = (0, 0.3)
    foreign lambdas:
        delta H to (0, 0.2) (20001 pts)
        delta H to (0, 0.3) (20001 pts)
        delta H to (0, 0.4) (20001 pts)



md5.edr: 0.0 - 20001.0; lambda = (0, 0.4)
    foreign lambdas:
        delta H to (0, 0.3) (20001 pts)
        delta H to (0, 0.4) (20001 pts)
        delta H to (0, 0.5) (20001 pts)



md6.edr: 0.0 - 20001.0; lambda = (0, 0.5)
    foreign lambdas:
        delta H to (0, 0.4) (20001 pts)
        delta H to (0, 0.5) (20001 pts)
        delta H to (0, 0.6) (20001 pts)



md7.edr: 0.0 - 20001.0; lambda = (0, 0.6)
    foreign lambdas:
        delta H to (0, 0.5) (20001 pts)
        delta H to (0, 0.6) (20001 pts)
        delta H to (0, 0.7) (20001 pts)



md8.edr: 0.0 - 20001.0; lambda = (0, 0.7)
    foreign lambdas:
        delta H to (0, 0.6) (20001 pts)
        delta H to (0, 0.7) (20001 pts)
        delta H to (0, 0.8) (20001 pts)



md9.edr: 0.0 - 20001.0; lambda = (0, 0.8)
    foreign lambdas:
        delta H to (0, 0.7) (20001 pts)
        delta H to (0, 0.8) (20001 pts)
        delta H to (0, 0.9) (20001 pts)



   Samples in time interval: 0.000 - 20001.000
Removing samples outside of: 0.000 - 11000.000

Temperature: 298.15 K

Detailed results in kT (see help for explanation):

 lam_A  lam_B      DG   +/-     s_A   +/-     s_B   +/-   stdev   +/- 
     0      1    1.10  0.04    0.92  0.07    0.96  0.06    1.37  0.04
     1      2    1.49  0.09    2.24  0.17    1.77  0.12    2.29  0.08
     2      3    0.16  0.15    2.46  0.22    1.36  0.11    2.00  0.11
     3      4   -0.68  0.05    1.40  0.09    0.87  0.05    1.48  0.04
     4      5   -1.07  0.03    1.04  0.02    0.67  0.01    1.29  0.02
     5      6   -1.29  0.02    0.88  0.02    0.56  0.01    1.18  0.01
     6      7   -1.51  0.01    0.82  0.02    0.52  0.02    1.10  0.01
     7      8   -1.72  0.01    0.68  0.01    0.43  0.01    1.00  0.01
     8      9   -1.82  0.01    0.57  0.01    0.35  0.01    0.93  0.01
     9     10   -1.92  0.02    0.55  0.01    0.36  0.01    0.89  0.00
    10     11   -0.08  0.02    0.03  0.01    0.03  0.01    0.29  0.02
    11     12   -0.16  0.02    0.05  0.01    0.05  0.01    0.30  0.03
    12     13   -0.27  0.03    0.06  0.02    0.07  0.02    0.34  0.01
    13     14   -0.42  0.04    0.08  0.06    0.11  0.06    0.46  0.03
    14     15   -0.63  0.11    0.10  0.06    0.17  0.07    0.63  0.07


Final results in kJ/mol:

point      0 -      1,   DG  2.73 +/-  0.09
point      1 -      2,   DG  3.68 +/-  0.24
point      2 -      3,   DG  0.41 +/-  0.38
point      3 -      4,   DG -1.68 +/-  0.13
point      4 -      5,   DG -2.66 +/-  0.07
point      5 -      6,   DG -3.21 +/-  0.06
point      6 -      7,   DG -3.73 +/-  0.03
point      7 -      8,   DG -4.27 +/-  0.04
point      8 -      9,   DG -4.52 +/-  0.03
point      9 -     10,   DG -4.76 +/-  0.05
point     10 -     11,   DG -0.19 +/-  0.04
point     11 -     12,   DG -0.39 +/-  0.04
point     12 -     13,   DG -0.68 +/-  0.08
point     13 -     14,   DG -1.05 +/-  0.11
point     14 -     15,   DG -1.57 +/-  0.28

total      0 -     15,   DG -21.91 +/-  0.66

