
md10.edr: 0.0 - 20001.0; lambda = (0, 0.9)
    foreign lambdas:
        delta H to (0, 0.8) (20001 pts)
        delta H to (0, 0.9) (20001 pts)
        delta H to (0, 1) (20001 pts)



md11.edr: 0.0 - 20001.0; lambda = (0, 1)
    foreign lambdas:
        delta H to (0, 0.9) (20001 pts)
        delta H to (0, 1) (20001 pts)
        delta H to (0.2, 1) (20001 pts)



md12.edr: 0.0 - 20001.0; lambda = (0.2, 1)
    foreign lambdas:
        delta H to (0, 1) (20001 pts)
        delta H to (0.2, 1) (20001 pts)
        delta H to (0.4, 1) (20001 pts)



md13.edr: 0.0 - 20001.0; lambda = (0.4, 1)
    foreign lambdas:
        delta H to (0.2, 1) (20001 pts)
        delta H to (0.4, 1) (20001 pts)
        delta H to (0.6, 1) (20001 pts)



md14.edr: 0.0 - 20001.0; lambda = (0.6, 1)
    foreign lambdas:
        delta H to (0.4, 1) (20001 pts)
        delta H to (0.6, 1) (20001 pts)
        delta H to (0.8, 1) (20001 pts)



md15.edr: 0.0 - 20001.0; lambda = (0.8, 1)
    foreign lambdas:
        delta H to (0.6, 1) (20001 pts)
        delta H to (0.8, 1) (20001 pts)
        delta H to (1, 1) (20001 pts)



md16.edr: 0.0 - 20001.0; lambda = (1, 1)
    foreign lambdas:
        delta H to (0.8, 1) (20001 pts)
        delta H to (1, 1) (20001 pts)



md1.edr: 0.0 - 20001.0; lambda = (0, 0)
    foreign lambdas:
        delta H to (0, 0) (20001 pts)
        delta H to (0, 0.1) (20001 pts)



md2.edr: 0.0 - 20001.0; lambda = (0, 0.1)
    foreign lambdas:
        delta H to (0, 0) (20001 pts)
        delta H to (0, 0.1) (20001 pts)
        delta H to (0, 0.2) (20001 pts)



md3.edr: 0.0 - 20001.0; lambda = (0, 0.2)
    foreign lambdas:
        delta H to (0, 0.1) (20001 pts)
        delta H to (0, 0.2) (20001 pts)
        delta H to (0, 0.3) (20001 pts)



md4.edr: 0.0 - 20001.0; lambda = (0, 0.3)
    foreign lambdas:
        delta H to (0, 0.2) (20001 pts)
        delta H to (0, 0.3) (20001 pts)
        delta H to (0, 0.4) (20001 pts)



md5.edr: 0.0 - 20001.0; lambda = (0, 0.4)
    foreign lambdas:
        delta H to (0, 0.3) (20001 pts)
        delta H to (0, 0.4) (20001 pts)
        delta H to (0, 0.5) (20001 pts)



md6.edr: 0.0 - 20001.0; lambda = (0, 0.5)
    foreign lambdas:
        delta H to (0, 0.4) (20001 pts)
        delta H to (0, 0.5) (20001 pts)
        delta H to (0, 0.6) (20001 pts)



md7.edr: 0.0 - 20001.0; lambda = (0, 0.6)
    foreign lambdas:
        delta H to (0, 0.5) (20001 pts)
        delta H to (0, 0.6) (20001 pts)
        delta H to (0, 0.7) (20001 pts)



md8.edr: 0.0 - 20001.0; lambda = (0, 0.7)
    foreign lambdas:
        delta H to (0, 0.6) (20001 pts)
        delta H to (0, 0.7) (20001 pts)
        delta H to (0, 0.8) (20001 pts)



md9.edr: 0.0 - 20001.0; lambda = (0, 0.8)
    foreign lambdas:
        delta H to (0, 0.7) (20001 pts)
        delta H to (0, 0.8) (20001 pts)
        delta H to (0, 0.9) (20001 pts)



   Samples in time interval: 0.000 - 20001.000
Removing samples outside of: 0.000 - 3000.000

Temperature: 298.15 K

Detailed results in kT (see help for explanation):

 lam_A  lam_B      DG   +/-     s_A   +/-     s_B   +/-   stdev   +/- 
     0      1    1.18  0.15    0.96  0.11    0.99  0.09    1.42  0.07
     1      2    1.35  0.18    2.52  0.23    1.95  0.19    2.37  0.18
     2      3    0.03  0.03    1.99  0.13    1.18  0.08    1.82  0.05
     3      4   -0.66  0.07    1.47  0.06    0.94  0.04    1.52  0.03
     4      5   -1.18  0.04    0.98  0.07    0.63  0.05    1.24  0.04
     5      6   -1.32  0.02    0.84  0.03    0.55  0.01    1.17  0.02
     6      7   -1.51  0.01    0.83  0.03    0.53  0.01    1.10  0.02
     7      8   -1.74  0.03    0.67  0.01    0.45  0.01    1.01  0.01
     8      9   -1.83  0.02    0.56  0.02    0.34  0.01    0.93  0.01
     9     10   -1.91  0.01    0.54  0.02    0.35  0.01    0.89  0.01
    10     11   -0.12  0.02    0.02  0.01    0.02  0.01    0.34  0.03
    11     12   -0.19  0.03    0.05  0.01    0.05  0.01    0.36  0.06
    12     13   -0.24  0.03    0.00  0.02    0.01  0.02    0.32  0.03
    13     14   -0.55  0.03    0.30  0.04    0.34  0.04    0.56  0.03
    14     15   -0.92  0.15    0.03  0.17    0.10  0.17    0.74  0.07


Final results in kJ/mol:

point      0 -      1,   DG  2.92 +/-  0.37
point      1 -      2,   DG  3.34 +/-  0.44
point      2 -      3,   DG  0.08 +/-  0.06
point      3 -      4,   DG -1.64 +/-  0.16
point      4 -      5,   DG -2.92 +/-  0.10
point      5 -      6,   DG -3.28 +/-  0.05
point      6 -      7,   DG -3.75 +/-  0.03
point      7 -      8,   DG -4.32 +/-  0.07
point      8 -      9,   DG -4.55 +/-  0.04
point      9 -     10,   DG -4.73 +/-  0.03
point     10 -     11,   DG -0.29 +/-  0.05
point     11 -     12,   DG -0.46 +/-  0.06
point     12 -     13,   DG -0.60 +/-  0.06
point     13 -     14,   DG -1.36 +/-  0.06
point     14 -     15,   DG -2.28 +/-  0.36

total      0 -     15,   DG -23.84 +/-  0.95

