
md10.edr: 0.0 - 20001.0; lambda = (0, 0.9)
    foreign lambdas:
        delta H to (0, 0.8) (20001 pts)
        delta H to (0, 0.9) (20001 pts)
        delta H to (0, 1) (20001 pts)



md11.edr: 0.0 - 20001.0; lambda = (0, 1)
    foreign lambdas:
        delta H to (0, 0.9) (20001 pts)
        delta H to (0, 1) (20001 pts)
        delta H to (0.2, 1) (20001 pts)



md12.edr: 0.0 - 20001.0; lambda = (0.2, 1)
    foreign lambdas:
        delta H to (0, 1) (20001 pts)
        delta H to (0.2, 1) (20001 pts)
        delta H to (0.4, 1) (20001 pts)



md13.edr: 0.0 - 20001.0; lambda = (0.4, 1)
    foreign lambdas:
        delta H to (0.2, 1) (20001 pts)
        delta H to (0.4, 1) (20001 pts)
        delta H to (0.6, 1) (20001 pts)



md14.edr: 0.0 - 20001.0; lambda = (0.6, 1)
    foreign lambdas:
        delta H to (0.4, 1) (20001 pts)
        delta H to (0.6, 1) (20001 pts)
        delta H to (0.8, 1) (20001 pts)



md15.edr: 0.0 - 20001.0; lambda = (0.8, 1)
    foreign lambdas:
        delta H to (0.6, 1) (20001 pts)
        delta H to (0.8, 1) (20001 pts)
        delta H to (1, 1) (20001 pts)



md16.edr: 0.0 - 20001.0; lambda = (1, 1)
    foreign lambdas:
        delta H to (0.8, 1) (20001 pts)
        delta H to (1, 1) (20001 pts)



md1.edr: 0.0 - 20001.0; lambda = (0, 0)
    foreign lambdas:
        delta H to (0, 0) (20001 pts)
        delta H to (0, 0.1) (20001 pts)



md2.edr: 0.0 - 20001.0; lambda = (0, 0.1)
    foreign lambdas:
        delta H to (0, 0) (20001 pts)
        delta H to (0, 0.1) (20001 pts)
        delta H to (0, 0.2) (20001 pts)



md3.edr: 0.0 - 20001.0; lambda = (0, 0.2)
    foreign lambdas:
        delta H to (0, 0.1) (20001 pts)
        delta H to (0, 0.2) (20001 pts)
        delta H to (0, 0.3) (20001 pts)



md4.edr: 0.0 - 20001.0; lambda = (0, 0.3)
    foreign lambdas:
        delta H to (0, 0.2) (20001 pts)
        delta H to (0, 0.3) (20001 pts)
        delta H to (0, 0.4) (20001 pts)



md5.edr: 0.0 - 20001.0; lambda = (0, 0.4)
    foreign lambdas:
        delta H to (0, 0.3) (20001 pts)
        delta H to (0, 0.4) (20001 pts)
        delta H to (0, 0.5) (20001 pts)



md6.edr: 0.0 - 20001.0; lambda = (0, 0.5)
    foreign lambdas:
        delta H to (0, 0.4) (20001 pts)
        delta H to (0, 0.5) (20001 pts)
        delta H to (0, 0.6) (20001 pts)



md7.edr: 0.0 - 20001.0; lambda = (0, 0.6)
    foreign lambdas:
        delta H to (0, 0.5) (20001 pts)
        delta H to (0, 0.6) (20001 pts)
        delta H to (0, 0.7) (20001 pts)



md8.edr: 0.0 - 20001.0; lambda = (0, 0.7)
    foreign lambdas:
        delta H to (0, 0.6) (20001 pts)
        delta H to (0, 0.7) (20001 pts)
        delta H to (0, 0.8) (20001 pts)



md9.edr: 0.0 - 20001.0; lambda = (0, 0.8)
    foreign lambdas:
        delta H to (0, 0.7) (20001 pts)
        delta H to (0, 0.8) (20001 pts)
        delta H to (0, 0.9) (20001 pts)



   Samples in time interval: 0.000 - 20001.000
Removing samples outside of: 0.000 - 5000.000

Temperature: 298.15 K

Detailed results in kT (see help for explanation):

 lam_A  lam_B      DG   +/-     s_A   +/-     s_B   +/-   stdev   +/- 
     0      1    1.11  0.14    0.99  0.11    1.01  0.12    1.42  0.05
     1      2    1.23  0.21    2.40  0.13    1.83  0.12    2.31  0.11
     2      3   -0.01  0.11    2.00  0.15    1.17  0.07    1.85  0.06
     3      4   -0.62  0.06    1.53  0.09    0.91  0.04    1.53  0.03
     4      5   -1.00  0.04    1.07  0.05    0.69  0.03    1.30  0.02
     5      6   -1.26  0.02    0.92  0.04    0.61  0.03    1.21  0.02
     6      7   -1.47  0.02    0.88  0.04    0.56  0.03    1.14  0.02
     7      8   -1.69  0.01    0.73  0.04    0.47  0.03    1.04  0.02
     8      9   -1.83  0.01    0.63  0.03    0.39  0.02    0.96  0.01
     9     10   -1.93  0.02    0.57  0.02    0.36  0.01    0.92  0.01
    10     11   -0.19  0.04    0.10  0.03    0.11  0.03    0.41  0.02
    11     12   -0.28  0.04   -0.02  0.06   -0.01  0.06    0.43  0.04
    12     13   -0.39  0.09    0.12  0.02    0.14  0.02    0.48  0.05
    13     14   -0.87  0.16    0.34  0.13    0.43  0.15    0.82  0.10
    14     15   -1.76  0.31    0.45  0.12    0.53  0.12    1.13  0.03


Final results in kJ/mol:

point      0 -      1,   DG  2.74 +/-  0.34
point      1 -      2,   DG  3.05 +/-  0.53
point      2 -      3,   DG -0.01 +/-  0.27
point      3 -      4,   DG -1.54 +/-  0.14
point      4 -      5,   DG -2.47 +/-  0.11
point      5 -      6,   DG -3.12 +/-  0.06
point      6 -      7,   DG -3.65 +/-  0.06
point      7 -      8,   DG -4.19 +/-  0.01
point      8 -      9,   DG -4.54 +/-  0.03
point      9 -     10,   DG -4.79 +/-  0.04
point     10 -     11,   DG -0.47 +/-  0.10
point     11 -     12,   DG -0.69 +/-  0.10
point     12 -     13,   DG -0.98 +/-  0.22
point     13 -     14,   DG -2.17 +/-  0.39
point     14 -     15,   DG -4.36 +/-  0.76

total      0 -     15,   DG -27.20 +/-  2.14

