
md10.edr: 0.0 - 20001.0; lambda = (0, 0.9)
    foreign lambdas:
        delta H to (0, 0.8) (20001 pts)
        delta H to (0, 0.9) (20001 pts)
        delta H to (0, 1) (20001 pts)



md11.edr: 0.0 - 20001.0; lambda = (0, 1)
    foreign lambdas:
        delta H to (0, 0.9) (20001 pts)
        delta H to (0, 1) (20001 pts)
        delta H to (0.2, 1) (20001 pts)



md12.edr: 0.0 - 20001.0; lambda = (0.2, 1)
    foreign lambdas:
        delta H to (0, 1) (20001 pts)
        delta H to (0.2, 1) (20001 pts)
        delta H to (0.4, 1) (20001 pts)



md13.edr: 0.0 - 20001.0; lambda = (0.4, 1)
    foreign lambdas:
        delta H to (0.2, 1) (20001 pts)
        delta H to (0.4, 1) (20001 pts)
        delta H to (0.6, 1) (20001 pts)



md14.edr: 0.0 - 20001.0; lambda = (0.6, 1)
    foreign lambdas:
        delta H to (0.4, 1) (20001 pts)
        delta H to (0.6, 1) (20001 pts)
        delta H to (0.8, 1) (20001 pts)



md15.edr: 0.0 - 20001.0; lambda = (0.8, 1)
    foreign lambdas:
        delta H to (0.6, 1) (20001 pts)
        delta H to (0.8, 1) (20001 pts)
        delta H to (1, 1) (20001 pts)



md16.edr: 0.0 - 20001.0; lambda = (1, 1)
    foreign lambdas:
        delta H to (0.8, 1) (20001 pts)
        delta H to (1, 1) (20001 pts)



md1.edr: 0.0 - 20001.0; lambda = (0, 0)
    foreign lambdas:
        delta H to (0, 0) (20001 pts)
        delta H to (0, 0.1) (20001 pts)



md2.edr: 0.0 - 20001.0; lambda = (0, 0.1)
    foreign lambdas:
        delta H to (0, 0) (20001 pts)
        delta H to (0, 0.1) (20001 pts)
        delta H to (0, 0.2) (20001 pts)



md3.edr: 0.0 - 20001.0; lambda = (0, 0.2)
    foreign lambdas:
        delta H to (0, 0.1) (20001 pts)
        delta H to (0, 0.2) (20001 pts)
        delta H to (0, 0.3) (20001 pts)



md4.edr: 0.0 - 20001.0; lambda = (0, 0.3)
    foreign lambdas:
        delta H to (0, 0.2) (20001 pts)
        delta H to (0, 0.3) (20001 pts)
        delta H to (0, 0.4) (20001 pts)



md5.edr: 0.0 - 20001.0; lambda = (0, 0.4)
    foreign lambdas:
        delta H to (0, 0.3) (20001 pts)
        delta H to (0, 0.4) (20001 pts)
        delta H to (0, 0.5) (20001 pts)



md6.edr: 0.0 - 20001.0; lambda = (0, 0.5)
    foreign lambdas:
        delta H to (0, 0.4) (20001 pts)
        delta H to (0, 0.5) (20001 pts)
        delta H to (0, 0.6) (20001 pts)



md7.edr: 0.0 - 20001.0; lambda = (0, 0.6)
    foreign lambdas:
        delta H to (0, 0.5) (20001 pts)
        delta H to (0, 0.6) (20001 pts)
        delta H to (0, 0.7) (20001 pts)



md8.edr: 0.0 - 20001.0; lambda = (0, 0.7)
    foreign lambdas:
        delta H to (0, 0.6) (20001 pts)
        delta H to (0, 0.7) (20001 pts)
        delta H to (0, 0.8) (20001 pts)



md9.edr: 0.0 - 20001.0; lambda = (0, 0.8)
    foreign lambdas:
        delta H to (0, 0.7) (20001 pts)
        delta H to (0, 0.8) (20001 pts)
        delta H to (0, 0.9) (20001 pts)



   Samples in time interval: 0.000 - 20001.000
Removing samples outside of: 0.000 - 4000.000

Temperature: 298.15 K

Detailed results in kT (see help for explanation):

 lam_A  lam_B      DG   +/-     s_A   +/-     s_B   +/-   stdev   +/- 
     0      1    1.02  0.12    1.06  0.13    1.07  0.14    1.44  0.07
     1      2    1.07  0.11    2.25  0.08    1.74  0.04    2.22  0.03
     2      3   -0.07  0.12    1.87  0.10    1.11  0.03    1.80  0.05
     3      4   -0.64  0.10    1.55  0.13    0.91  0.06    1.54  0.05
     4      5   -1.00  0.07    1.05  0.08    0.67  0.05    1.29  0.04
     5      6   -1.26  0.03    0.94  0.04    0.63  0.02    1.22  0.02
     6      7   -1.49  0.03    0.84  0.04    0.54  0.03    1.13  0.02
     7      8   -1.69  0.01    0.74  0.05    0.48  0.03    1.06  0.02
     8      9   -1.83  0.02    0.65  0.03    0.39  0.02    0.97  0.01
     9     10   -1.93  0.02    0.56  0.02    0.35  0.01    0.92  0.01
    10     11   -0.20  0.04    0.10  0.03    0.10  0.03    0.41  0.03
    11     12   -0.27  0.06   -0.03  0.07   -0.02  0.07    0.44  0.05
    12     13   -0.36  0.09    0.11  0.06    0.13  0.06    0.47  0.06
    13     14   -0.88  0.20    0.39  0.13    0.49  0.14    0.85  0.10
    14     15   -1.92  0.34    0.55  0.10    0.60  0.09    1.14  0.06


Final results in kJ/mol:

point      0 -      1,   DG  2.52 +/-  0.30
point      1 -      2,   DG  2.64 +/-  0.26
point      2 -      3,   DG -0.17 +/-  0.30
point      3 -      4,   DG -1.59 +/-  0.25
point      4 -      5,   DG -2.48 +/-  0.18
point      5 -      6,   DG -3.13 +/-  0.07
point      6 -      7,   DG -3.69 +/-  0.07
point      7 -      8,   DG -4.19 +/-  0.03
point      8 -      9,   DG -4.53 +/-  0.05
point      9 -     10,   DG -4.78 +/-  0.04
point     10 -     11,   DG -0.50 +/-  0.10
point     11 -     12,   DG -0.68 +/-  0.14
point     12 -     13,   DG -0.90 +/-  0.21
point     13 -     14,   DG -2.19 +/-  0.50
point     14 -     15,   DG -4.76 +/-  0.83

total      0 -     15,   DG -28.42 +/-  2.05

