
md10.edr: 0.0 - 20001.0; lambda = (0, 0.9)
    foreign lambdas:
        delta H to (0, 0.8) (20001 pts)
        delta H to (0, 0.9) (20001 pts)
        delta H to (0, 1) (20001 pts)



md11.edr: 0.0 - 20001.0; lambda = (0, 1)
    foreign lambdas:
        delta H to (0, 0.9) (20001 pts)
        delta H to (0, 1) (20001 pts)
        delta H to (0.2, 1) (20001 pts)



md12.edr: 0.0 - 20001.0; lambda = (0.2, 1)
    foreign lambdas:
        delta H to (0, 1) (20001 pts)
        delta H to (0.2, 1) (20001 pts)
        delta H to (0.4, 1) (20001 pts)



md13.edr: 0.0 - 20001.0; lambda = (0.4, 1)
    foreign lambdas:
        delta H to (0.2, 1) (20001 pts)
        delta H to (0.4, 1) (20001 pts)
        delta H to (0.6, 1) (20001 pts)



md14.edr: 0.0 - 20001.0; lambda = (0.6, 1)
    foreign lambdas:
        delta H to (0.4, 1) (20001 pts)
        delta H to (0.6, 1) (20001 pts)
        delta H to (0.8, 1) (20001 pts)



md15.edr: 0.0 - 20001.0; lambda = (0.8, 1)
    foreign lambdas:
        delta H to (0.6, 1) (20001 pts)
        delta H to (0.8, 1) (20001 pts)
        delta H to (1, 1) (20001 pts)



md16.edr: 0.0 - 20001.0; lambda = (1, 1)
    foreign lambdas:
        delta H to (0.8, 1) (20001 pts)
        delta H to (1, 1) (20001 pts)



md1.edr: 0.0 - 20001.0; lambda = (0, 0)
    foreign lambdas:
        delta H to (0, 0) (20001 pts)
        delta H to (0, 0.1) (20001 pts)



md2.edr: 0.0 - 20001.0; lambda = (0, 0.1)
    foreign lambdas:
        delta H to (0, 0) (20001 pts)
        delta H to (0, 0.1) (20001 pts)
        delta H to (0, 0.2) (20001 pts)



md3.edr: 0.0 - 20001.0; lambda = (0, 0.2)
    foreign lambdas:
        delta H to (0, 0.1) (20001 pts)
        delta H to (0, 0.2) (20001 pts)
        delta H to (0, 0.3) (20001 pts)



md4.edr: 0.0 - 20001.0; lambda = (0, 0.3)
    foreign lambdas:
        delta H to (0, 0.2) (20001 pts)
        delta H to (0, 0.3) (20001 pts)
        delta H to (0, 0.4) (20001 pts)



md5.edr: 0.0 - 20001.0; lambda = (0, 0.4)
    foreign lambdas:
        delta H to (0, 0.3) (20001 pts)
        delta H to (0, 0.4) (20001 pts)
        delta H to (0, 0.5) (20001 pts)



md6.edr: 0.0 - 20001.0; lambda = (0, 0.5)
    foreign lambdas:
        delta H to (0, 0.4) (20001 pts)
        delta H to (0, 0.5) (20001 pts)
        delta H to (0, 0.6) (20001 pts)



md7.edr: 0.0 - 20001.0; lambda = (0, 0.6)
    foreign lambdas:
        delta H to (0, 0.5) (20001 pts)
        delta H to (0, 0.6) (20001 pts)
        delta H to (0, 0.7) (20001 pts)



md8.edr: 0.0 - 20001.0; lambda = (0, 0.7)
    foreign lambdas:
        delta H to (0, 0.6) (20001 pts)
        delta H to (0, 0.7) (20001 pts)
        delta H to (0, 0.8) (20001 pts)



md9.edr: 0.0 - 20001.0; lambda = (0, 0.8)
    foreign lambdas:
        delta H to (0, 0.7) (20001 pts)
        delta H to (0, 0.8) (20001 pts)
        delta H to (0, 0.9) (20001 pts)



   Samples in time interval: 0.000 - 20001.000
Removing samples outside of: 0.000 - 3000.000

Temperature: 298.15 K

Detailed results in kT (see help for explanation):

 lam_A  lam_B      DG   +/-     s_A   +/-     s_B   +/-   stdev   +/- 
     0      1    0.96  0.17    0.99  0.12    1.01  0.14    1.41  0.07
     1      2    0.97  0.10    2.30  0.07    1.73  0.08    2.20  0.07
     2      3   -0.15  0.08    1.76  0.05    1.09  0.04    1.77  0.05
     3      4   -0.69  0.07    1.45  0.07    0.87  0.03    1.50  0.02
     4      5   -0.99  0.07    1.06  0.08    0.68  0.05    1.30  0.03
     5      6   -1.25  0.03    0.96  0.05    0.63  0.04    1.23  0.02
     6      7   -1.48  0.02    0.86  0.04    0.55  0.03    1.14  0.02
     7      8   -1.69  0.02    0.78  0.04    0.50  0.03    1.07  0.02
     8      9   -1.83  0.02    0.61  0.03    0.37  0.02    0.96  0.02
     9     10   -1.92  0.02    0.57  0.02    0.36  0.01    0.92  0.01
    10     11   -0.23  0.04    0.09  0.02    0.10  0.02    0.41  0.03
    11     12   -0.31  0.04   -0.01  0.07    0.00  0.07    0.47  0.04
    12     13   -0.43  0.10    0.11  0.06    0.14  0.07    0.51  0.08
    13     14   -1.10  0.12    0.54  0.14    0.62  0.15    0.89  0.08
    14     15   -2.23  0.24    0.51  0.09    0.54  0.09    1.08  0.04


Final results in kJ/mol:

point      0 -      1,   DG  2.37 +/-  0.42
point      1 -      2,   DG  2.40 +/-  0.24
point      2 -      3,   DG -0.38 +/-  0.19
point      3 -      4,   DG -1.70 +/-  0.18
point      4 -      5,   DG -2.45 +/-  0.18
point      5 -      6,   DG -3.09 +/-  0.09
point      6 -      7,   DG -3.66 +/-  0.04
point      7 -      8,   DG -4.19 +/-  0.06
point      8 -      9,   DG -4.53 +/-  0.04
point      9 -     10,   DG -4.76 +/-  0.05
point     10 -     11,   DG -0.56 +/-  0.10
point     11 -     12,   DG -0.78 +/-  0.09
point     12 -     13,   DG -1.06 +/-  0.24
point     13 -     14,   DG -2.74 +/-  0.30
point     14 -     15,   DG -5.52 +/-  0.60

total      0 -     15,   DG -30.65 +/-  0.62

