
md10.edr: 0.0 - 20001.0; lambda = (0, 0.9)
    foreign lambdas:
        delta H to (0, 0.8) (20001 pts)
        delta H to (0, 0.9) (20001 pts)
        delta H to (0, 1) (20001 pts)



md11.edr: 0.0 - 20001.0; lambda = (0, 1)
    foreign lambdas:
        delta H to (0, 0.9) (20001 pts)
        delta H to (0, 1) (20001 pts)
        delta H to (0.2, 1) (20001 pts)



md12.edr: 0.0 - 20001.0; lambda = (0.2, 1)
    foreign lambdas:
        delta H to (0, 1) (20001 pts)
        delta H to (0.2, 1) (20001 pts)
        delta H to (0.4, 1) (20001 pts)



md13.edr: 0.0 - 20001.0; lambda = (0.4, 1)
    foreign lambdas:
        delta H to (0.2, 1) (20001 pts)
        delta H to (0.4, 1) (20001 pts)
        delta H to (0.6, 1) (20001 pts)



md14.edr: 0.0 - 20001.0; lambda = (0.6, 1)
    foreign lambdas:
        delta H to (0.4, 1) (20001 pts)
        delta H to (0.6, 1) (20001 pts)
        delta H to (0.8, 1) (20001 pts)



md15.edr: 0.0 - 20001.0; lambda = (0.8, 1)
    foreign lambdas:
        delta H to (0.6, 1) (20001 pts)
        delta H to (0.8, 1) (20001 pts)
        delta H to (1, 1) (20001 pts)



md16.edr: 0.0 - 20001.0; lambda = (1, 1)
    foreign lambdas:
        delta H to (0.8, 1) (20001 pts)
        delta H to (1, 1) (20001 pts)



md1.edr: 0.0 - 20001.0; lambda = (0, 0)
    foreign lambdas:
        delta H to (0, 0) (20001 pts)
        delta H to (0, 0.1) (20001 pts)



md2.edr: 0.0 - 20001.0; lambda = (0, 0.1)
    foreign lambdas:
        delta H to (0, 0) (20001 pts)
        delta H to (0, 0.1) (20001 pts)
        delta H to (0, 0.2) (20001 pts)



md3.edr: 0.0 - 20001.0; lambda = (0, 0.2)
    foreign lambdas:
        delta H to (0, 0.1) (20001 pts)
        delta H to (0, 0.2) (20001 pts)
        delta H to (0, 0.3) (20001 pts)



md4.edr: 0.0 - 20001.0; lambda = (0, 0.3)
    foreign lambdas:
        delta H to (0, 0.2) (20001 pts)
        delta H to (0, 0.3) (20001 pts)
        delta H to (0, 0.4) (20001 pts)



md5.edr: 0.0 - 20001.0; lambda = (0, 0.4)
    foreign lambdas:
        delta H to (0, 0.3) (20001 pts)
        delta H to (0, 0.4) (20001 pts)
        delta H to (0, 0.5) (20001 pts)



md6.edr: 0.0 - 20001.0; lambda = (0, 0.5)
    foreign lambdas:
        delta H to (0, 0.4) (20001 pts)
        delta H to (0, 0.5) (20001 pts)
        delta H to (0, 0.6) (20001 pts)



md7.edr: 0.0 - 20001.0; lambda = (0, 0.6)
    foreign lambdas:
        delta H to (0, 0.5) (20001 pts)
        delta H to (0, 0.6) (20001 pts)
        delta H to (0, 0.7) (20001 pts)



md8.edr: 0.0 - 20001.0; lambda = (0, 0.7)
    foreign lambdas:
        delta H to (0, 0.6) (20001 pts)
        delta H to (0, 0.7) (20001 pts)
        delta H to (0, 0.8) (20001 pts)



md9.edr: 0.0 - 20001.0; lambda = (0, 0.8)
    foreign lambdas:
        delta H to (0, 0.7) (20001 pts)
        delta H to (0, 0.8) (20001 pts)
        delta H to (0, 0.9) (20001 pts)



   Samples in time interval: 0.000 - 20001.000
Removing samples outside of: 0.000 - 16000.000

Temperature: 298.15 K

Detailed results in kT (see help for explanation):

 lam_A  lam_B      DG   +/-     s_A   +/-     s_B   +/-   stdev   +/- 
     0      1    1.21  0.08    0.82  0.06    0.88  0.05    1.34  0.03
     1      2    1.50  0.14    2.62  0.08    1.99  0.08    2.47  0.07
     2      3    0.10  0.07    2.10  0.08    1.23  0.04    1.89  0.03
     3      4   -0.61  0.03    1.50  0.04    0.91  0.02    1.54  0.02
     4      5   -1.00  0.03    1.11  0.03    0.71  0.01    1.32  0.02
     5      6   -1.28  0.03    0.91  0.03    0.59  0.02    1.20  0.01
     6      7   -1.50  0.02    0.85  0.01    0.54  0.01    1.12  0.01
     7      8   -1.70  0.01    0.73  0.02    0.46  0.01    1.04  0.01
     8      9   -1.85  0.01    0.63  0.02    0.40  0.02    0.96  0.01
     9     10   -1.95  0.02    0.53  0.02    0.34  0.01    0.90  0.01
    10     11   -0.16  0.02    0.09  0.01    0.09  0.01    0.38  0.01
    11     12   -0.30  0.03    0.04  0.04    0.06  0.04    0.43  0.03
    12     13   -0.38  0.03    0.03  0.05    0.05  0.05    0.46  0.02
    13     14   -0.81  0.09    0.38  0.08    0.46  0.09    0.77  0.05
    14     15   -1.72  0.13    0.44  0.20    0.52  0.21    1.05  0.12


Final results in kJ/mol:

point      0 -      1,   DG  3.01 +/-  0.21
point      1 -      2,   DG  3.71 +/-  0.36
point      2 -      3,   DG  0.24 +/-  0.16
point      3 -      4,   DG -1.52 +/-  0.07
point      4 -      5,   DG -2.47 +/-  0.07
point      5 -      6,   DG -3.17 +/-  0.08
point      6 -      7,   DG -3.71 +/-  0.04
point      7 -      8,   DG -4.22 +/-  0.03
point      8 -      9,   DG -4.59 +/-  0.03
point      9 -     10,   DG -4.83 +/-  0.04
point     10 -     11,   DG -0.41 +/-  0.04
point     11 -     12,   DG -0.74 +/-  0.08
point     12 -     13,   DG -0.95 +/-  0.09
point     13 -     14,   DG -2.01 +/-  0.22
point     14 -     15,   DG -4.26 +/-  0.32

total      0 -     15,   DG -25.91 +/-  1.12

