
md10.edr: 0.0 - 20001.0; lambda = (0, 0.9)
    foreign lambdas:
        delta H to (0, 0.8) (20001 pts)
        delta H to (0, 0.9) (20001 pts)
        delta H to (0, 1) (20001 pts)



md11.edr: 0.0 - 20001.0; lambda = (0, 1)
    foreign lambdas:
        delta H to (0, 0.9) (20001 pts)
        delta H to (0, 1) (20001 pts)
        delta H to (0.2, 1) (20001 pts)



md12.edr: 0.0 - 20001.0; lambda = (0.2, 1)
    foreign lambdas:
        delta H to (0, 1) (20001 pts)
        delta H to (0.2, 1) (20001 pts)
        delta H to (0.4, 1) (20001 pts)



md13.edr: 0.0 - 20001.0; lambda = (0.4, 1)
    foreign lambdas:
        delta H to (0.2, 1) (20001 pts)
        delta H to (0.4, 1) (20001 pts)
        delta H to (0.6, 1) (20001 pts)



md14.edr: 0.0 - 20001.0; lambda = (0.6, 1)
    foreign lambdas:
        delta H to (0.4, 1) (20001 pts)
        delta H to (0.6, 1) (20001 pts)
        delta H to (0.8, 1) (20001 pts)



md15.edr: 0.0 - 20001.0; lambda = (0.8, 1)
    foreign lambdas:
        delta H to (0.6, 1) (20001 pts)
        delta H to (0.8, 1) (20001 pts)
        delta H to (1, 1) (20001 pts)



md16.edr: 0.0 - 20001.0; lambda = (1, 1)
    foreign lambdas:
        delta H to (0.8, 1) (20001 pts)
        delta H to (1, 1) (20001 pts)



md1.edr: 0.0 - 20001.0; lambda = (0, 0)
    foreign lambdas:
        delta H to (0, 0) (20001 pts)
        delta H to (0, 0.1) (20001 pts)



md2.edr: 0.0 - 20001.0; lambda = (0, 0.1)
    foreign lambdas:
        delta H to (0, 0) (20001 pts)
        delta H to (0, 0.1) (20001 pts)
        delta H to (0, 0.2) (20001 pts)



md3.edr: 0.0 - 20001.0; lambda = (0, 0.2)
    foreign lambdas:
        delta H to (0, 0.1) (20001 pts)
        delta H to (0, 0.2) (20001 pts)
        delta H to (0, 0.3) (20001 pts)



md4.edr: 0.0 - 20001.0; lambda = (0, 0.3)
    foreign lambdas:
        delta H to (0, 0.2) (20001 pts)
        delta H to (0, 0.3) (20001 pts)
        delta H to (0, 0.4) (20001 pts)



md5.edr: 0.0 - 20001.0; lambda = (0, 0.4)
    foreign lambdas:
        delta H to (0, 0.3) (20001 pts)
        delta H to (0, 0.4) (20001 pts)
        delta H to (0, 0.5) (20001 pts)



md6.edr: 0.0 - 20001.0; lambda = (0, 0.5)
    foreign lambdas:
        delta H to (0, 0.4) (20001 pts)
        delta H to (0, 0.5) (20001 pts)
        delta H to (0, 0.6) (20001 pts)



md7.edr: 0.0 - 20001.0; lambda = (0, 0.6)
    foreign lambdas:
        delta H to (0, 0.5) (20001 pts)
        delta H to (0, 0.6) (20001 pts)
        delta H to (0, 0.7) (20001 pts)



md8.edr: 0.0 - 20001.0; lambda = (0, 0.7)
    foreign lambdas:
        delta H to (0, 0.6) (20001 pts)
        delta H to (0, 0.7) (20001 pts)
        delta H to (0, 0.8) (20001 pts)



md9.edr: 0.0 - 20001.0; lambda = (0, 0.8)
    foreign lambdas:
        delta H to (0, 0.7) (20001 pts)
        delta H to (0, 0.8) (20001 pts)
        delta H to (0, 0.9) (20001 pts)



   Samples in time interval: 0.000 - 20001.000
Removing samples outside of: 0.000 - 18000.000

Temperature: 298.15 K

Detailed results in kT (see help for explanation):

 lam_A  lam_B      DG   +/-     s_A   +/-     s_B   +/-   stdev   +/- 
     0      1    1.20  0.06    0.85  0.09    0.89  0.08    1.35  0.04
     1      2    1.47  0.14    2.57  0.10    1.95  0.08    2.44  0.08
     2      3    0.10  0.07    2.12  0.09    1.24  0.04    1.90  0.04
     3      4   -0.61  0.02    1.49  0.04    0.90  0.03    1.53  0.01
     4      5   -0.99  0.03    1.12  0.04    0.71  0.02    1.33  0.02
     5      6   -1.27  0.02    0.92  0.03    0.59  0.02    1.20  0.01
     6      7   -1.50  0.01    0.84  0.01    0.53  0.01    1.12  0.01
     7      8   -1.70  0.01    0.73  0.01    0.46  0.01    1.03  0.01
     8      9   -1.85  0.01    0.63  0.02    0.40  0.02    0.96  0.01
     9     10   -1.95  0.02    0.54  0.02    0.34  0.01    0.90  0.01
    10     11   -0.16  0.03    0.07  0.02    0.08  0.02    0.37  0.02
    11     12   -0.28  0.03    0.05  0.05    0.06  0.05    0.42  0.02
    12     13   -0.38  0.03    0.05  0.06    0.06  0.06    0.47  0.02
    13     14   -0.78  0.10    0.33  0.12    0.41  0.13    0.75  0.07
    14     15   -1.66  0.11    0.47  0.16    0.56  0.19    1.06  0.09


Final results in kJ/mol:

point      0 -      1,   DG  2.97 +/-  0.14
point      1 -      2,   DG  3.65 +/-  0.36
point      2 -      3,   DG  0.25 +/-  0.17
point      3 -      4,   DG -1.51 +/-  0.05
point      4 -      5,   DG -2.46 +/-  0.07
point      5 -      6,   DG -3.16 +/-  0.06
point      6 -      7,   DG -3.72 +/-  0.02
point      7 -      8,   DG -4.21 +/-  0.03
point      8 -      9,   DG -4.58 +/-  0.02
point      9 -     10,   DG -4.83 +/-  0.04
point     10 -     11,   DG -0.39 +/-  0.07
point     11 -     12,   DG -0.70 +/-  0.07
point     12 -     13,   DG -0.95 +/-  0.06
point     13 -     14,   DG -1.93 +/-  0.24
point     14 -     15,   DG -4.11 +/-  0.26

total      0 -     15,   DG -25.67 +/-  0.99

