
md10.edr: 0.0 - 20001.0; lambda = (0, 0.9)
    foreign lambdas:
        delta H to (0, 0.8) (20001 pts)
        delta H to (0, 0.9) (20001 pts)
        delta H to (0, 1) (20001 pts)



md11.edr: 0.0 - 20001.0; lambda = (0, 1)
    foreign lambdas:
        delta H to (0, 0.9) (20001 pts)
        delta H to (0, 1) (20001 pts)
        delta H to (0.2, 1) (20001 pts)



md12.edr: 0.0 - 20001.0; lambda = (0.2, 1)
    foreign lambdas:
        delta H to (0, 1) (20001 pts)
        delta H to (0.2, 1) (20001 pts)
        delta H to (0.4, 1) (20001 pts)



md13.edr: 0.0 - 20001.0; lambda = (0.4, 1)
    foreign lambdas:
        delta H to (0.2, 1) (20001 pts)
        delta H to (0.4, 1) (20001 pts)
        delta H to (0.6, 1) (20001 pts)



md14.edr: 0.0 - 20001.0; lambda = (0.6, 1)
    foreign lambdas:
        delta H to (0.4, 1) (20001 pts)
        delta H to (0.6, 1) (20001 pts)
        delta H to (0.8, 1) (20001 pts)



md15.edr: 0.0 - 20001.0; lambda = (0.8, 1)
    foreign lambdas:
        delta H to (0.6, 1) (20001 pts)
        delta H to (0.8, 1) (20001 pts)
        delta H to (1, 1) (20001 pts)



md16.edr: 0.0 - 20001.0; lambda = (1, 1)
    foreign lambdas:
        delta H to (0.8, 1) (20001 pts)
        delta H to (1, 1) (20001 pts)



md1.edr: 0.0 - 20001.0; lambda = (0, 0)
    foreign lambdas:
        delta H to (0, 0) (20001 pts)
        delta H to (0, 0.1) (20001 pts)



md2.edr: 0.0 - 20001.0; lambda = (0, 0.1)
    foreign lambdas:
        delta H to (0, 0) (20001 pts)
        delta H to (0, 0.1) (20001 pts)
        delta H to (0, 0.2) (20001 pts)



md3.edr: 0.0 - 20001.0; lambda = (0, 0.2)
    foreign lambdas:
        delta H to (0, 0.1) (20001 pts)
        delta H to (0, 0.2) (20001 pts)
        delta H to (0, 0.3) (20001 pts)



md4.edr: 0.0 - 20001.0; lambda = (0, 0.3)
    foreign lambdas:
        delta H to (0, 0.2) (20001 pts)
        delta H to (0, 0.3) (20001 pts)
        delta H to (0, 0.4) (20001 pts)



md5.edr: 0.0 - 20001.0; lambda = (0, 0.4)
    foreign lambdas:
        delta H to (0, 0.3) (20001 pts)
        delta H to (0, 0.4) (20001 pts)
        delta H to (0, 0.5) (20001 pts)



md6.edr: 0.0 - 20001.0; lambda = (0, 0.5)
    foreign lambdas:
        delta H to (0, 0.4) (20001 pts)
        delta H to (0, 0.5) (20001 pts)
        delta H to (0, 0.6) (20001 pts)



md7.edr: 0.0 - 20001.0; lambda = (0, 0.6)
    foreign lambdas:
        delta H to (0, 0.5) (20001 pts)
        delta H to (0, 0.6) (20001 pts)
        delta H to (0, 0.7) (20001 pts)



md8.edr: 0.0 - 20001.0; lambda = (0, 0.7)
    foreign lambdas:
        delta H to (0, 0.6) (20001 pts)
        delta H to (0, 0.7) (20001 pts)
        delta H to (0, 0.8) (20001 pts)



md9.edr: 0.0 - 20001.0; lambda = (0, 0.8)
    foreign lambdas:
        delta H to (0, 0.7) (20001 pts)
        delta H to (0, 0.8) (20001 pts)
        delta H to (0, 0.9) (20001 pts)



   Samples in time interval: 0.000 - 20001.000
Removing samples outside of: 0.000 - 1000.000

Temperature: 298.15 K

Detailed results in kT (see help for explanation):

 lam_A  lam_B      DG   +/-     s_A   +/-     s_B   +/-   stdev   +/- 
     0      1    0.62  0.18    0.69  0.08    0.71  0.11    1.28  0.05
     1      2    0.86  0.11    2.28  0.19    1.62  0.17    2.15  0.09
     2      3   -0.03  0.12    1.71  0.14    1.09  0.08    1.82  0.06
     3      4   -0.56  0.09    1.56  0.25    0.85  0.10    1.55  0.06
     4      5   -0.84  0.06    1.22  0.14    0.77  0.09    1.37  0.06
     5      6   -1.21  0.09    1.04  0.04    0.70  0.03    1.28  0.02
     6      7   -1.45  0.05    0.85  0.07    0.53  0.05    1.14  0.03
     7      8   -1.69  0.04    0.89  0.05    0.59  0.04    1.12  0.02
     8      9   -1.87  0.02    0.57  0.05    0.33  0.03    0.93  0.02
     9     10   -1.97  0.03    0.60  0.06    0.37  0.03    0.90  0.02
    10     11   -0.12  0.03    0.07  0.05    0.07  0.06    0.35  0.03
    11     12   -0.36  0.13    0.17  0.09    0.19  0.10    0.53  0.08
    12     13   -0.68  0.06    0.12  0.16    0.15  0.24    0.62  0.08
    13     14   -1.15  0.10    0.31  0.12    0.36  0.14    0.73  0.06
    14     15   -2.05  0.17    0.54  0.22    0.62  0.21    1.03  0.10


Final results in kJ/mol:

point      0 -      1,   DG  1.53 +/-  0.43
point      1 -      2,   DG  2.14 +/-  0.27
point      2 -      3,   DG -0.07 +/-  0.29
point      3 -      4,   DG -1.38 +/-  0.22
point      4 -      5,   DG -2.08 +/-  0.16
point      5 -      6,   DG -3.00 +/-  0.22
point      6 -      7,   DG -3.59 +/-  0.12
point      7 -      8,   DG -4.20 +/-  0.09
point      8 -      9,   DG -4.64 +/-  0.06
point      9 -     10,   DG -4.87 +/-  0.07
point     10 -     11,   DG -0.30 +/-  0.07
point     11 -     12,   DG -0.90 +/-  0.33
point     12 -     13,   DG -1.69 +/-  0.16
point     13 -     14,   DG -2.85 +/-  0.26
point     14 -     15,   DG -5.09 +/-  0.41

total      0 -     15,   DG -30.98 +/-  0.77

