
md10.edr: 0.0 - 20001.0; lambda = (0, 0.9)
    foreign lambdas:
        delta H to (0, 0.8) (20001 pts)
        delta H to (0, 0.9) (20001 pts)
        delta H to (0, 1) (20001 pts)



md11.edr: 0.0 - 20001.0; lambda = (0, 1)
    foreign lambdas:
        delta H to (0, 0.9) (20001 pts)
        delta H to (0, 1) (20001 pts)
        delta H to (0.2, 1) (20001 pts)



md12.edr: 0.0 - 20001.0; lambda = (0.2, 1)
    foreign lambdas:
        delta H to (0, 1) (20001 pts)
        delta H to (0.2, 1) (20001 pts)
        delta H to (0.4, 1) (20001 pts)



md13.edr: 0.0 - 20001.0; lambda = (0.4, 1)
    foreign lambdas:
        delta H to (0.2, 1) (20001 pts)
        delta H to (0.4, 1) (20001 pts)
        delta H to (0.6, 1) (20001 pts)



md14.edr: 0.0 - 20001.0; lambda = (0.6, 1)
    foreign lambdas:
        delta H to (0.4, 1) (20001 pts)
        delta H to (0.6, 1) (20001 pts)
        delta H to (0.8, 1) (20001 pts)



md15.edr: 0.0 - 20001.0; lambda = (0.8, 1)
    foreign lambdas:
        delta H to (0.6, 1) (20001 pts)
        delta H to (0.8, 1) (20001 pts)
        delta H to (1, 1) (20001 pts)



md16.edr: 0.0 - 20001.0; lambda = (1, 1)
    foreign lambdas:
        delta H to (0.8, 1) (20001 pts)
        delta H to (1, 1) (20001 pts)



md1.edr: 0.0 - 20001.0; lambda = (0, 0)
    foreign lambdas:
        delta H to (0, 0) (20001 pts)
        delta H to (0, 0.1) (20001 pts)



md2.edr: 0.0 - 20001.0; lambda = (0, 0.1)
    foreign lambdas:
        delta H to (0, 0) (20001 pts)
        delta H to (0, 0.1) (20001 pts)
        delta H to (0, 0.2) (20001 pts)



md3.edr: 0.0 - 20001.0; lambda = (0, 0.2)
    foreign lambdas:
        delta H to (0, 0.1) (20001 pts)
        delta H to (0, 0.2) (20001 pts)
        delta H to (0, 0.3) (20001 pts)



md4.edr: 0.0 - 20001.0; lambda = (0, 0.3)
    foreign lambdas:
        delta H to (0, 0.2) (20001 pts)
        delta H to (0, 0.3) (20001 pts)
        delta H to (0, 0.4) (20001 pts)



md5.edr: 0.0 - 20001.0; lambda = (0, 0.4)
    foreign lambdas:
        delta H to (0, 0.3) (20001 pts)
        delta H to (0, 0.4) (20001 pts)
        delta H to (0, 0.5) (20001 pts)



md6.edr: 0.0 - 20001.0; lambda = (0, 0.5)
    foreign lambdas:
        delta H to (0, 0.4) (20001 pts)
        delta H to (0, 0.5) (20001 pts)
        delta H to (0, 0.6) (20001 pts)



md7.edr: 0.0 - 20001.0; lambda = (0, 0.6)
    foreign lambdas:
        delta H to (0, 0.5) (20001 pts)
        delta H to (0, 0.6) (20001 pts)
        delta H to (0, 0.7) (20001 pts)



md8.edr: 0.0 - 20001.0; lambda = (0, 0.7)
    foreign lambdas:
        delta H to (0, 0.6) (20001 pts)
        delta H to (0, 0.7) (20001 pts)
        delta H to (0, 0.8) (20001 pts)



md9.edr: 0.0 - 20001.0; lambda = (0, 0.8)
    foreign lambdas:
        delta H to (0, 0.7) (20001 pts)
        delta H to (0, 0.8) (20001 pts)
        delta H to (0, 0.9) (20001 pts)



   Samples in time interval: 0.000 - 20001.000
Removing samples outside of: 0.000 - 6000.000

Temperature: 298.15 K

Detailed results in kT (see help for explanation):

 lam_A  lam_B      DG   +/-     s_A   +/-     s_B   +/-   stdev   +/- 
     0      1    1.07  0.01    0.15  0.01    0.16  0.01    0.56  0.00
     1      2    3.14  0.01    0.63  0.01    0.73  0.01    1.19  0.01
     2      3    3.51  0.03    2.63  0.04    2.23  0.02    2.64  0.03
     3      4    1.39  0.03    2.66  0.06    1.46  0.02    2.09  0.02
     4      5    0.20  0.01    1.40  0.02    0.84  0.01    1.48  0.01
     5      6   -0.38  0.01    0.96  0.01    0.60  0.01    1.21  0.01
     6      7   -0.74  0.01    0.70  0.02    0.44  0.01    1.02  0.00
     7      8   -0.95  0.01    0.52  0.02    0.34  0.01    0.89  0.01
     8      9   -1.07  0.01    0.44  0.01    0.30  0.01    0.82  0.00
     9     10   -1.16  0.01    0.38  0.01    0.27  0.01    0.77  0.01
    10     11   -0.28  0.01    0.29  0.01    0.31  0.01    0.77  0.00
    11     12   -0.96  0.01    0.37  0.01    0.42  0.01    0.89  0.01
    12     13   -1.92  0.01    0.55  0.02    0.61  0.02    1.09  0.01
    13     14   -3.24  0.01    0.70  0.01    0.75  0.01    1.23  0.00
    14     15   -4.84  0.01    0.85  0.02    0.88  0.02    1.36  0.02


Final results in kJ/mol:

point      0 -      1,   DG  2.64 +/-  0.01
point      1 -      2,   DG  7.79 +/-  0.03
point      2 -      3,   DG  8.70 +/-  0.08
point      3 -      4,   DG  3.43 +/-  0.07
point      4 -      5,   DG  0.51 +/-  0.03
point      5 -      6,   DG -0.94 +/-  0.03
point      6 -      7,   DG -1.83 +/-  0.02
point      7 -      8,   DG -2.35 +/-  0.03
point      8 -      9,   DG -2.65 +/-  0.02
point      9 -     10,   DG -2.88 +/-  0.01
point     10 -     11,   DG -0.69 +/-  0.02
point     11 -     12,   DG -2.37 +/-  0.02
point     12 -     13,   DG -4.77 +/-  0.01
point     13 -     14,   DG -8.03 +/-  0.03
point     14 -     15,   DG -12.00 +/-  0.04

total      0 -     15,   DG -15.44 +/-  0.11

