
md10.edr: 0.0 - 20001.0; lambda = (0, 0.9)
    foreign lambdas:
        delta H to (0, 0.8) (20001 pts)
        delta H to (0, 0.9) (20001 pts)
        delta H to (0, 1) (20001 pts)



md11.edr: 0.0 - 20001.0; lambda = (0, 1)
    foreign lambdas:
        delta H to (0, 0.9) (20001 pts)
        delta H to (0, 1) (20001 pts)
        delta H to (0.2, 1) (20001 pts)



md12.edr: 0.0 - 20001.0; lambda = (0.2, 1)
    foreign lambdas:
        delta H to (0, 1) (20001 pts)
        delta H to (0.2, 1) (20001 pts)
        delta H to (0.4, 1) (20001 pts)



md13.edr: 0.0 - 20001.0; lambda = (0.4, 1)
    foreign lambdas:
        delta H to (0.2, 1) (20001 pts)
        delta H to (0.4, 1) (20001 pts)
        delta H to (0.6, 1) (20001 pts)



md14.edr: 0.0 - 20001.0; lambda = (0.6, 1)
    foreign lambdas:
        delta H to (0.4, 1) (20001 pts)
        delta H to (0.6, 1) (20001 pts)
        delta H to (0.8, 1) (20001 pts)



md15.edr: 0.0 - 20001.0; lambda = (0.8, 1)
    foreign lambdas:
        delta H to (0.6, 1) (20001 pts)
        delta H to (0.8, 1) (20001 pts)
        delta H to (1, 1) (20001 pts)



md16.edr: 0.0 - 20001.0; lambda = (1, 1)
    foreign lambdas:
        delta H to (0.8, 1) (20001 pts)
        delta H to (1, 1) (20001 pts)



md1.edr: 0.0 - 20001.0; lambda = (0, 0)
    foreign lambdas:
        delta H to (0, 0) (20001 pts)
        delta H to (0, 0.1) (20001 pts)



md2.edr: 0.0 - 20001.0; lambda = (0, 0.1)
    foreign lambdas:
        delta H to (0, 0) (20001 pts)
        delta H to (0, 0.1) (20001 pts)
        delta H to (0, 0.2) (20001 pts)



md3.edr: 0.0 - 20001.0; lambda = (0, 0.2)
    foreign lambdas:
        delta H to (0, 0.1) (20001 pts)
        delta H to (0, 0.2) (20001 pts)
        delta H to (0, 0.3) (20001 pts)



md4.edr: 0.0 - 20001.0; lambda = (0, 0.3)
    foreign lambdas:
        delta H to (0, 0.2) (20001 pts)
        delta H to (0, 0.3) (20001 pts)
        delta H to (0, 0.4) (20001 pts)



md5.edr: 0.0 - 20001.0; lambda = (0, 0.4)
    foreign lambdas:
        delta H to (0, 0.3) (20001 pts)
        delta H to (0, 0.4) (20001 pts)
        delta H to (0, 0.5) (20001 pts)



md6.edr: 0.0 - 20001.0; lambda = (0, 0.5)
    foreign lambdas:
        delta H to (0, 0.4) (20001 pts)
        delta H to (0, 0.5) (20001 pts)
        delta H to (0, 0.6) (20001 pts)



md7.edr: 0.0 - 20001.0; lambda = (0, 0.6)
    foreign lambdas:
        delta H to (0, 0.5) (20001 pts)
        delta H to (0, 0.6) (20001 pts)
        delta H to (0, 0.7) (20001 pts)



md8.edr: 0.0 - 20001.0; lambda = (0, 0.7)
    foreign lambdas:
        delta H to (0, 0.6) (20001 pts)
        delta H to (0, 0.7) (20001 pts)
        delta H to (0, 0.8) (20001 pts)



md9.edr: 0.0 - 20001.0; lambda = (0, 0.8)
    foreign lambdas:
        delta H to (0, 0.7) (20001 pts)
        delta H to (0, 0.8) (20001 pts)
        delta H to (0, 0.9) (20001 pts)



Temperature: 298.15 K

Detailed results in kT (see help for explanation):

 lam_A  lam_B      DG   +/-     s_A   +/-     s_B   +/-   stdev   +/- 
     0      1    1.10  0.07    0.90  0.02    0.93  0.02    1.39  0.01
     1      2    1.51  0.06    2.33  0.12    1.83  0.08    2.34  0.05
     2      3    0.13  0.09    2.44  0.12    1.35  0.07    2.00  0.06
     3      4   -0.71  0.02    1.38  0.05    0.85  0.02    1.47  0.02
     4      5   -1.08  0.02    1.05  0.01    0.68  0.01    1.29  0.01
     5      6   -1.34  0.02    0.88  0.03    0.58  0.02    1.18  0.01
     6      7   -1.53  0.01    0.82  0.02    0.52  0.02    1.12  0.01
     7      8   -1.69  0.00    0.71  0.02    0.44  0.01    1.03  0.01
     8      9   -1.83  0.01    0.62  0.02    0.40  0.01    0.95  0.01
     9     10   -1.96  0.01    0.54  0.01    0.36  0.01    0.90  0.01
    10     11   -0.07  0.01    0.05  0.02    0.05  0.02    0.35  0.02
    11     12   -0.16  0.02    0.05  0.01    0.05  0.01    0.33  0.01
    12     13   -0.25  0.01    0.04  0.01    0.04  0.01    0.33  0.01
    13     14   -0.37  0.02    0.08  0.03    0.10  0.03    0.43  0.02
    14     15   -0.73  0.04    0.26  0.04    0.32  0.05    0.68  0.02


Final results in kJ/mol:

point      0 -      1,   DG  2.74 +/-  0.16
point      1 -      2,   DG  3.75 +/-  0.16
point      2 -      3,   DG  0.33 +/-  0.22
point      3 -      4,   DG -1.76 +/-  0.05
point      4 -      5,   DG -2.69 +/-  0.05
point      5 -      6,   DG -3.33 +/-  0.05
point      6 -      7,   DG -3.80 +/-  0.02
point      7 -      8,   DG -4.19 +/-  0.01
point      8 -      9,   DG -4.54 +/-  0.01
point      9 -     10,   DG -4.85 +/-  0.02
point     10 -     11,   DG -0.17 +/-  0.03
point     11 -     12,   DG -0.41 +/-  0.04
point     12 -     13,   DG -0.61 +/-  0.01
point     13 -     14,   DG -0.91 +/-  0.05
point     14 -     15,   DG -1.80 +/-  0.10

total      0 -     15,   DG -22.24 +/-  0.58

