
md10.edr: 0.0 - 20001.0; lambda = (0, 0.9)
    foreign lambdas:
        delta H to (0, 0.8) (20001 pts)
        delta H to (0, 0.9) (20001 pts)
        delta H to (0, 1) (20001 pts)



md11.edr: 0.0 - 20001.0; lambda = (0, 1)
    foreign lambdas:
        delta H to (0, 0.9) (20001 pts)
        delta H to (0, 1) (20001 pts)
        delta H to (0.2, 1) (20001 pts)



md12.edr: 0.0 - 20001.0; lambda = (0.2, 1)
    foreign lambdas:
        delta H to (0, 1) (20001 pts)
        delta H to (0.2, 1) (20001 pts)
        delta H to (0.4, 1) (20001 pts)



md13.edr: 0.0 - 20001.0; lambda = (0.4, 1)
    foreign lambdas:
        delta H to (0.2, 1) (20001 pts)
        delta H to (0.4, 1) (20001 pts)
        delta H to (0.6, 1) (20001 pts)



md14.edr: 0.0 - 20001.0; lambda = (0.6, 1)
    foreign lambdas:
        delta H to (0.4, 1) (20001 pts)
        delta H to (0.6, 1) (20001 pts)
        delta H to (0.8, 1) (20001 pts)



md15.edr: 0.0 - 20001.0; lambda = (0.8, 1)
    foreign lambdas:
        delta H to (0.6, 1) (20001 pts)
        delta H to (0.8, 1) (20001 pts)
        delta H to (1, 1) (20001 pts)



md16.edr: 0.0 - 20001.0; lambda = (1, 1)
    foreign lambdas:
        delta H to (0.8, 1) (20001 pts)
        delta H to (1, 1) (20001 pts)



md1.edr: 0.0 - 20001.0; lambda = (0, 0)
    foreign lambdas:
        delta H to (0, 0) (20001 pts)
        delta H to (0, 0.1) (20001 pts)



md2.edr: 0.0 - 20001.0; lambda = (0, 0.1)
    foreign lambdas:
        delta H to (0, 0) (20001 pts)
        delta H to (0, 0.1) (20001 pts)
        delta H to (0, 0.2) (20001 pts)



md3.edr: 0.0 - 20001.0; lambda = (0, 0.2)
    foreign lambdas:
        delta H to (0, 0.1) (20001 pts)
        delta H to (0, 0.2) (20001 pts)
        delta H to (0, 0.3) (20001 pts)



md4.edr: 0.0 - 20001.0; lambda = (0, 0.3)
    foreign lambdas:
        delta H to (0, 0.2) (20001 pts)
        delta H to (0, 0.3) (20001 pts)
        delta H to (0, 0.4) (20001 pts)



md5.edr: 0.0 - 20001.0; lambda = (0, 0.4)
    foreign lambdas:
        delta H to (0, 0.3) (20001 pts)
        delta H to (0, 0.4) (20001 pts)
        delta H to (0, 0.5) (20001 pts)



md6.edr: 0.0 - 20001.0; lambda = (0, 0.5)
    foreign lambdas:
        delta H to (0, 0.4) (20001 pts)
        delta H to (0, 0.5) (20001 pts)
        delta H to (0, 0.6) (20001 pts)



md7.edr: 0.0 - 20001.0; lambda = (0, 0.6)
    foreign lambdas:
        delta H to (0, 0.5) (20001 pts)
        delta H to (0, 0.6) (20001 pts)
        delta H to (0, 0.7) (20001 pts)



md8.edr: 0.0 - 20001.0; lambda = (0, 0.7)
    foreign lambdas:
        delta H to (0, 0.6) (20001 pts)
        delta H to (0, 0.7) (20001 pts)
        delta H to (0, 0.8) (20001 pts)



md9.edr: 0.0 - 20001.0; lambda = (0, 0.8)
    foreign lambdas:
        delta H to (0, 0.7) (20001 pts)
        delta H to (0, 0.8) (20001 pts)
        delta H to (0, 0.9) (20001 pts)



   Samples in time interval: 0.000 - 20001.000
Removing samples outside of: 0.000 - 6000.000

Temperature: 298.15 K

Detailed results in kT (see help for explanation):

 lam_A  lam_B      DG   +/-     s_A   +/-     s_B   +/-   stdev   +/- 
     0      1    1.15  0.10    0.94  0.07    0.96  0.07    1.41  0.03
     1      2    1.46  0.12    2.43  0.17    1.92  0.15    2.38  0.12
     2      3   -0.02  0.14    2.27  0.13    1.25  0.08    1.91  0.07
     3      4   -0.73  0.05    1.36  0.08    0.83  0.04    1.47  0.03
     4      5   -1.13  0.02    1.05  0.05    0.67  0.03    1.27  0.02
     5      6   -1.40  0.03    0.87  0.03    0.58  0.02    1.17  0.01
     6      7   -1.55  0.01    0.78  0.05    0.48  0.04    1.11  0.01
     7      8   -1.70  0.02    0.75  0.03    0.47  0.02    1.05  0.01
     8      9   -1.83  0.02    0.63  0.02    0.39  0.02    0.96  0.01
     9     10   -1.96  0.01    0.54  0.02    0.35  0.02    0.90  0.01
    10     11   -0.10  0.02    0.04  0.02    0.04  0.02    0.34  0.01
    11     12   -0.17  0.01    0.03  0.03    0.03  0.03    0.31  0.01
    12     13   -0.23  0.03    0.04  0.03    0.04  0.03    0.32  0.02
    13     14   -0.37  0.03    0.10  0.04    0.12  0.05    0.44  0.04
    14     15   -0.63  0.09    0.13  0.07    0.17  0.08    0.59  0.06


Final results in kJ/mol:

point      0 -      1,   DG  2.85 +/-  0.25
point      1 -      2,   DG  3.62 +/-  0.30
point      2 -      3,   DG -0.04 +/-  0.34
point      3 -      4,   DG -1.81 +/-  0.13
point      4 -      5,   DG -2.79 +/-  0.06
point      5 -      6,   DG -3.48 +/-  0.08
point      6 -      7,   DG -3.85 +/-  0.03
point      7 -      8,   DG -4.21 +/-  0.05
point      8 -      9,   DG -4.55 +/-  0.05
point      9 -     10,   DG -4.86 +/-  0.02
point     10 -     11,   DG -0.25 +/-  0.05
point     11 -     12,   DG -0.41 +/-  0.03
point     12 -     13,   DG -0.58 +/-  0.06
point     13 -     14,   DG -0.92 +/-  0.09
point     14 -     15,   DG -1.56 +/-  0.23

total      0 -     15,   DG -22.83 +/-  0.94

