
md10.edr: 0.0 - 20001.0; lambda = (0, 0.9)
    foreign lambdas:
        delta H to (0, 0.8) (20001 pts)
        delta H to (0, 0.9) (20001 pts)
        delta H to (0, 1) (20001 pts)



md11.edr: 0.0 - 20001.0; lambda = (0, 1)
    foreign lambdas:
        delta H to (0, 0.9) (20001 pts)
        delta H to (0, 1) (20001 pts)
        delta H to (0.2, 1) (20001 pts)



md12.edr: 0.0 - 20001.0; lambda = (0.2, 1)
    foreign lambdas:
        delta H to (0, 1) (20001 pts)
        delta H to (0.2, 1) (20001 pts)
        delta H to (0.4, 1) (20001 pts)



md13.edr: 0.0 - 20001.0; lambda = (0.4, 1)
    foreign lambdas:
        delta H to (0.2, 1) (20001 pts)
        delta H to (0.4, 1) (20001 pts)
        delta H to (0.6, 1) (20001 pts)



md14.edr: 0.0 - 20001.0; lambda = (0.6, 1)
    foreign lambdas:
        delta H to (0.4, 1) (20001 pts)
        delta H to (0.6, 1) (20001 pts)
        delta H to (0.8, 1) (20001 pts)



md15.edr: 0.0 - 20001.0; lambda = (0.8, 1)
    foreign lambdas:
        delta H to (0.6, 1) (20001 pts)
        delta H to (0.8, 1) (20001 pts)
        delta H to (1, 1) (20001 pts)



md16.edr: 0.0 - 20001.0; lambda = (1, 1)
    foreign lambdas:
        delta H to (0.8, 1) (20001 pts)
        delta H to (1, 1) (20001 pts)



md1.edr: 0.0 - 20001.0; lambda = (0, 0)
    foreign lambdas:
        delta H to (0, 0) (20001 pts)
        delta H to (0, 0.1) (20001 pts)



md2.edr: 0.0 - 20001.0; lambda = (0, 0.1)
    foreign lambdas:
        delta H to (0, 0) (20001 pts)
        delta H to (0, 0.1) (20001 pts)
        delta H to (0, 0.2) (20001 pts)



md3.edr: 0.0 - 20001.0; lambda = (0, 0.2)
    foreign lambdas:
        delta H to (0, 0.1) (20001 pts)
        delta H to (0, 0.2) (20001 pts)
        delta H to (0, 0.3) (20001 pts)



md4.edr: 0.0 - 20001.0; lambda = (0, 0.3)
    foreign lambdas:
        delta H to (0, 0.2) (20001 pts)
        delta H to (0, 0.3) (20001 pts)
        delta H to (0, 0.4) (20001 pts)



md5.edr: 0.0 - 20001.0; lambda = (0, 0.4)
    foreign lambdas:
        delta H to (0, 0.3) (20001 pts)
        delta H to (0, 0.4) (20001 pts)
        delta H to (0, 0.5) (20001 pts)



md6.edr: 0.0 - 20001.0; lambda = (0, 0.5)
    foreign lambdas:
        delta H to (0, 0.4) (20001 pts)
        delta H to (0, 0.5) (20001 pts)
        delta H to (0, 0.6) (20001 pts)



md7.edr: 0.0 - 20001.0; lambda = (0, 0.6)
    foreign lambdas:
        delta H to (0, 0.5) (20001 pts)
        delta H to (0, 0.6) (20001 pts)
        delta H to (0, 0.7) (20001 pts)



md8.edr: 0.0 - 20001.0; lambda = (0, 0.7)
    foreign lambdas:
        delta H to (0, 0.6) (20001 pts)
        delta H to (0, 0.7) (20001 pts)
        delta H to (0, 0.8) (20001 pts)



md9.edr: 0.0 - 20001.0; lambda = (0, 0.8)
    foreign lambdas:
        delta H to (0, 0.7) (20001 pts)
        delta H to (0, 0.8) (20001 pts)
        delta H to (0, 0.9) (20001 pts)



   Samples in time interval: 0.000 - 20001.000
Removing samples outside of: 0.000 - 1000.000

Temperature: 298.15 K

Detailed results in kT (see help for explanation):

 lam_A  lam_B      DG   +/-     s_A   +/-     s_B   +/-   stdev   +/- 
     0      1    1.33  0.13    1.06  0.11    1.13  0.12    1.39  0.07
     1      2    1.27  0.20    2.69  0.25    2.18  0.24    2.60  0.27
     2      3   -0.49  0.07    1.70  0.15    0.93  0.13    1.63  0.08
     3      4   -0.86  0.05    1.24  0.15    0.77  0.11    1.43  0.06
     4      5   -1.16  0.03    1.04  0.11    0.66  0.08    1.27  0.04
     5      6   -1.34  0.04    0.77  0.03    0.51  0.02    1.16  0.02
     6      7   -1.50  0.07    0.93  0.04    0.57  0.02    1.16  0.02
     7      8   -1.68  0.07    0.71  0.07    0.45  0.04    1.04  0.03
     8      9   -1.85  0.02    0.67  0.02    0.44  0.02    0.97  0.01
     9     10   -1.95  0.02    0.44  0.02    0.28  0.01    0.85  0.02
    10     11   -0.12  0.05    0.06  0.05    0.07  0.05    0.32  0.03
    11     12   -0.15  0.04   -0.04  0.07   -0.03  0.07    0.33  0.03
    12     13   -0.16  0.03    0.05  0.05    0.05  0.05    0.25  0.04
    13     14   -0.42  0.07    0.21  0.04    0.25  0.05    0.53  0.05
    14     15   -0.85  0.11    0.18  0.06    0.22  0.06    0.69  0.07


Final results in kJ/mol:

point      0 -      1,   DG  3.29 +/-  0.33
point      1 -      2,   DG  3.15 +/-  0.49
point      2 -      3,   DG -1.21 +/-  0.16
point      3 -      4,   DG -2.13 +/-  0.12
point      4 -      5,   DG -2.88 +/-  0.08
point      5 -      6,   DG -3.33 +/-  0.11
point      6 -      7,   DG -3.72 +/-  0.17
point      7 -      8,   DG -4.17 +/-  0.17
point      8 -      9,   DG -4.59 +/-  0.05
point      9 -     10,   DG -4.82 +/-  0.04
point     10 -     11,   DG -0.29 +/-  0.13
point     11 -     12,   DG -0.36 +/-  0.10
point     12 -     13,   DG -0.39 +/-  0.07
point     13 -     14,   DG -1.04 +/-  0.18
point     14 -     15,   DG -2.11 +/-  0.28

total      0 -     15,   DG -24.62 +/-  0.87

