
md10.edr: 0.0 - 20001.0; lambda = (0, 0.9)
    foreign lambdas:
        delta H to (0, 0.8) (20001 pts)
        delta H to (0, 0.9) (20001 pts)
        delta H to (0, 1) (20001 pts)



md11.edr: 0.0 - 20001.0; lambda = (0, 1)
    foreign lambdas:
        delta H to (0, 0.9) (20001 pts)
        delta H to (0, 1) (20001 pts)
        delta H to (0.2, 1) (20001 pts)



md12.edr: 0.0 - 20001.0; lambda = (0.2, 1)
    foreign lambdas:
        delta H to (0, 1) (20001 pts)
        delta H to (0.2, 1) (20001 pts)
        delta H to (0.4, 1) (20001 pts)



md13.edr: 0.0 - 20001.0; lambda = (0.4, 1)
    foreign lambdas:
        delta H to (0.2, 1) (20001 pts)
        delta H to (0.4, 1) (20001 pts)
        delta H to (0.6, 1) (20001 pts)



md14.edr: 0.0 - 20001.0; lambda = (0.6, 1)
    foreign lambdas:
        delta H to (0.4, 1) (20001 pts)
        delta H to (0.6, 1) (20001 pts)
        delta H to (0.8, 1) (20001 pts)



md15.edr: 0.0 - 20001.0; lambda = (0.8, 1)
    foreign lambdas:
        delta H to (0.6, 1) (20001 pts)
        delta H to (0.8, 1) (20001 pts)
        delta H to (1, 1) (20001 pts)



md16.edr: 0.0 - 20001.0; lambda = (1, 1)
    foreign lambdas:
        delta H to (0.8, 1) (20001 pts)
        delta H to (1, 1) (20001 pts)



md1.edr: 0.0 - 20001.0; lambda = (0, 0)
    foreign lambdas:
        delta H to (0, 0) (20001 pts)
        delta H to (0, 0.1) (20001 pts)



md2.edr: 0.0 - 20001.0; lambda = (0, 0.1)
    foreign lambdas:
        delta H to (0, 0) (20001 pts)
        delta H to (0, 0.1) (20001 pts)
        delta H to (0, 0.2) (20001 pts)



md3.edr: 0.0 - 20001.0; lambda = (0, 0.2)
    foreign lambdas:
        delta H to (0, 0.1) (20001 pts)
        delta H to (0, 0.2) (20001 pts)
        delta H to (0, 0.3) (20001 pts)



md4.edr: 0.0 - 20001.0; lambda = (0, 0.3)
    foreign lambdas:
        delta H to (0, 0.2) (20001 pts)
        delta H to (0, 0.3) (20001 pts)
        delta H to (0, 0.4) (20001 pts)



md5.edr: 0.0 - 20001.0; lambda = (0, 0.4)
    foreign lambdas:
        delta H to (0, 0.3) (20001 pts)
        delta H to (0, 0.4) (20001 pts)
        delta H to (0, 0.5) (20001 pts)



md6.edr: 0.0 - 20001.0; lambda = (0, 0.5)
    foreign lambdas:
        delta H to (0, 0.4) (20001 pts)
        delta H to (0, 0.5) (20001 pts)
        delta H to (0, 0.6) (20001 pts)



md7.edr: 0.0 - 20001.0; lambda = (0, 0.6)
    foreign lambdas:
        delta H to (0, 0.5) (20001 pts)
        delta H to (0, 0.6) (20001 pts)
        delta H to (0, 0.7) (20001 pts)



md8.edr: 0.0 - 20001.0; lambda = (0, 0.7)
    foreign lambdas:
        delta H to (0, 0.6) (20001 pts)
        delta H to (0, 0.7) (20001 pts)
        delta H to (0, 0.8) (20001 pts)



md9.edr: 0.0 - 20001.0; lambda = (0, 0.8)
    foreign lambdas:
        delta H to (0, 0.7) (20001 pts)
        delta H to (0, 0.8) (20001 pts)
        delta H to (0, 0.9) (20001 pts)



   Samples in time interval: 0.000 - 20001.000
Removing samples outside of: 0.000 - 9000.000

Temperature: 298.15 K

Detailed results in kT (see help for explanation):

 lam_A  lam_B      DG   +/-     s_A   +/-     s_B   +/-   stdev   +/- 
     0      1    1.24  0.08    0.87  0.09    0.90  0.08    1.38  0.04
     1      2    1.64  0.17    2.53  0.12    2.00  0.11    2.44  0.08
     2      3    0.08  0.11    2.42  0.13    1.35  0.09    1.99  0.08
     3      4   -0.73  0.06    1.35  0.06    0.82  0.03    1.46  0.03
     4      5   -1.11  0.04    1.08  0.03    0.68  0.02    1.28  0.01
     5      6   -1.38  0.05    0.85  0.06    0.56  0.04    1.17  0.03
     6      7   -1.52  0.03    0.83  0.07    0.52  0.05    1.13  0.02
     7      8   -1.69  0.01    0.73  0.03    0.46  0.02    1.04  0.01
     8      9   -1.83  0.02    0.63  0.01    0.39  0.01    0.96  0.01
     9     10   -1.95  0.01    0.54  0.01    0.35  0.01    0.90  0.01
    10     11   -0.08  0.02    0.05  0.01    0.04  0.01    0.34  0.03
    11     12   -0.17  0.00    0.05  0.02    0.05  0.02    0.32  0.02
    12     13   -0.24  0.02    0.02  0.01    0.03  0.01    0.33  0.02
    13     14   -0.34  0.04    0.07  0.05    0.09  0.06    0.43  0.04
    14     15   -0.66  0.04    0.22  0.08    0.28  0.09    0.65  0.04


Final results in kJ/mol:

point      0 -      1,   DG  3.08 +/-  0.19
point      1 -      2,   DG  4.07 +/-  0.43
point      2 -      3,   DG  0.21 +/-  0.28
point      3 -      4,   DG -1.82 +/-  0.14
point      4 -      5,   DG -2.76 +/-  0.09
point      5 -      6,   DG -3.43 +/-  0.11
point      6 -      7,   DG -3.77 +/-  0.08
point      7 -      8,   DG -4.20 +/-  0.03
point      8 -      9,   DG -4.54 +/-  0.04
point      9 -     10,   DG -4.83 +/-  0.02
point     10 -     11,   DG -0.19 +/-  0.05
point     11 -     12,   DG -0.42 +/-  0.01
point     12 -     13,   DG -0.61 +/-  0.06
point     13 -     14,   DG -0.85 +/-  0.10
point     14 -     15,   DG -1.63 +/-  0.09

total      0 -     15,   DG -21.69 +/-  1.16

