
md10.edr: 0.0 - 20001.0; lambda = (0, 0.9)
    foreign lambdas:
        delta H to (0, 0.8) (20001 pts)
        delta H to (0, 0.9) (20001 pts)
        delta H to (0, 1) (20001 pts)



md11.edr: 0.0 - 20001.0; lambda = (0, 1)
    foreign lambdas:
        delta H to (0, 0.9) (20001 pts)
        delta H to (0, 1) (20001 pts)
        delta H to (0.2, 1) (20001 pts)



md12.edr: 0.0 - 20001.0; lambda = (0.2, 1)
    foreign lambdas:
        delta H to (0, 1) (20001 pts)
        delta H to (0.2, 1) (20001 pts)
        delta H to (0.4, 1) (20001 pts)



md13.edr: 0.0 - 20001.0; lambda = (0.4, 1)
    foreign lambdas:
        delta H to (0.2, 1) (20001 pts)
        delta H to (0.4, 1) (20001 pts)
        delta H to (0.6, 1) (20001 pts)



md14.edr: 0.0 - 20001.0; lambda = (0.6, 1)
    foreign lambdas:
        delta H to (0.4, 1) (20001 pts)
        delta H to (0.6, 1) (20001 pts)
        delta H to (0.8, 1) (20001 pts)



md15.edr: 0.0 - 20001.0; lambda = (0.8, 1)
    foreign lambdas:
        delta H to (0.6, 1) (20001 pts)
        delta H to (0.8, 1) (20001 pts)
        delta H to (1, 1) (20001 pts)



md16.edr: 0.0 - 20001.0; lambda = (1, 1)
    foreign lambdas:
        delta H to (0.8, 1) (20001 pts)
        delta H to (1, 1) (20001 pts)



md1.edr: 0.0 - 20001.0; lambda = (0, 0)
    foreign lambdas:
        delta H to (0, 0) (20001 pts)
        delta H to (0, 0.1) (20001 pts)



md2.edr: 0.0 - 20001.0; lambda = (0, 0.1)
    foreign lambdas:
        delta H to (0, 0) (20001 pts)
        delta H to (0, 0.1) (20001 pts)
        delta H to (0, 0.2) (20001 pts)



md3.edr: 0.0 - 20001.0; lambda = (0, 0.2)
    foreign lambdas:
        delta H to (0, 0.1) (20001 pts)
        delta H to (0, 0.2) (20001 pts)
        delta H to (0, 0.3) (20001 pts)



md4.edr: 0.0 - 20001.0; lambda = (0, 0.3)
    foreign lambdas:
        delta H to (0, 0.2) (20001 pts)
        delta H to (0, 0.3) (20001 pts)
        delta H to (0, 0.4) (20001 pts)



md5.edr: 0.0 - 20001.0; lambda = (0, 0.4)
    foreign lambdas:
        delta H to (0, 0.3) (20001 pts)
        delta H to (0, 0.4) (20001 pts)
        delta H to (0, 0.5) (20001 pts)



md6.edr: 0.0 - 20001.0; lambda = (0, 0.5)
    foreign lambdas:
        delta H to (0, 0.4) (20001 pts)
        delta H to (0, 0.5) (20001 pts)
        delta H to (0, 0.6) (20001 pts)



md7.edr: 0.0 - 20001.0; lambda = (0, 0.6)
    foreign lambdas:
        delta H to (0, 0.5) (20001 pts)
        delta H to (0, 0.6) (20001 pts)
        delta H to (0, 0.7) (20001 pts)



md8.edr: 0.0 - 20001.0; lambda = (0, 0.7)
    foreign lambdas:
        delta H to (0, 0.6) (20001 pts)
        delta H to (0, 0.7) (20001 pts)
        delta H to (0, 0.8) (20001 pts)



md9.edr: 0.0 - 20001.0; lambda = (0, 0.8)
    foreign lambdas:
        delta H to (0, 0.7) (20001 pts)
        delta H to (0, 0.8) (20001 pts)
        delta H to (0, 0.9) (20001 pts)



   Samples in time interval: 0.000 - 20001.000
Removing samples outside of: 0.000 - 15000.000

Temperature: 298.15 K

Detailed results in kT (see help for explanation):

 lam_A  lam_B      DG   +/-     s_A   +/-     s_B   +/-   stdev   +/- 
     0      1    1.12  0.10    0.91  0.04    0.93  0.04    1.40  0.02
     1      2    1.56  0.13    2.31  0.16    1.82  0.14    2.33  0.08
     2      3    0.16  0.11    2.52  0.14    1.39  0.08    2.03  0.07
     3      4   -0.72  0.04    1.38  0.05    0.83  0.02    1.47  0.02
     4      5   -1.09  0.02    1.06  0.02    0.68  0.01    1.28  0.01
     5      6   -1.35  0.02    0.86  0.02    0.57  0.02    1.17  0.01
     6      7   -1.52  0.02    0.82  0.04    0.51  0.02    1.11  0.02
     7      8   -1.69  0.00    0.73  0.01    0.46  0.01    1.04  0.01
     8      9   -1.84  0.01    0.61  0.02    0.39  0.01    0.95  0.01
     9     10   -1.96  0.01    0.55  0.02    0.36  0.02    0.90  0.01
    10     11   -0.07  0.01    0.06  0.01    0.06  0.01    0.35  0.01
    11     12   -0.17  0.01    0.04  0.01    0.04  0.01    0.33  0.01
    12     13   -0.25  0.01    0.03  0.02    0.04  0.02    0.33  0.01
    13     14   -0.37  0.03    0.08  0.03    0.10  0.03    0.43  0.03
    14     15   -0.72  0.05    0.25  0.06    0.31  0.07    0.67  0.03


Final results in kJ/mol:

point      0 -      1,   DG  2.77 +/-  0.24
point      1 -      2,   DG  3.86 +/-  0.33
point      2 -      3,   DG  0.41 +/-  0.28
point      3 -      4,   DG -1.79 +/-  0.09
point      4 -      5,   DG -2.71 +/-  0.06
point      5 -      6,   DG -3.35 +/-  0.05
point      6 -      7,   DG -3.78 +/-  0.04
point      7 -      8,   DG -4.20 +/-  0.01
point      8 -      9,   DG -4.56 +/-  0.02
point      9 -     10,   DG -4.85 +/-  0.02
point     10 -     11,   DG -0.17 +/-  0.04
point     11 -     12,   DG -0.42 +/-  0.03
point     12 -     13,   DG -0.61 +/-  0.02
point     13 -     14,   DG -0.91 +/-  0.07
point     14 -     15,   DG -1.79 +/-  0.12

total      0 -     15,   DG -22.11 +/-  0.88

