
md10.edr: 0.0 - 20001.0; lambda = (0, 0.9)
    foreign lambdas:
        delta H to (0, 0.8) (20001 pts)
        delta H to (0, 0.9) (20001 pts)
        delta H to (0, 1) (20001 pts)



md11.edr: 0.0 - 20001.0; lambda = (0, 1)
    foreign lambdas:
        delta H to (0, 0.9) (20001 pts)
        delta H to (0, 1) (20001 pts)
        delta H to (0.2, 1) (20001 pts)



md12.edr: 0.0 - 20001.0; lambda = (0.2, 1)
    foreign lambdas:
        delta H to (0, 1) (20001 pts)
        delta H to (0.2, 1) (20001 pts)
        delta H to (0.4, 1) (20001 pts)



md13.edr: 0.0 - 20001.0; lambda = (0.4, 1)
    foreign lambdas:
        delta H to (0.2, 1) (20001 pts)
        delta H to (0.4, 1) (20001 pts)
        delta H to (0.6, 1) (20001 pts)



md14.edr: 0.0 - 20001.0; lambda = (0.6, 1)
    foreign lambdas:
        delta H to (0.4, 1) (20001 pts)
        delta H to (0.6, 1) (20001 pts)
        delta H to (0.8, 1) (20001 pts)



md15.edr: 0.0 - 20001.0; lambda = (0.8, 1)
    foreign lambdas:
        delta H to (0.6, 1) (20001 pts)
        delta H to (0.8, 1) (20001 pts)
        delta H to (1, 1) (20001 pts)



md16.edr: 0.0 - 20001.0; lambda = (1, 1)
    foreign lambdas:
        delta H to (0.8, 1) (20001 pts)
        delta H to (1, 1) (20001 pts)



md1.edr: 0.0 - 20001.0; lambda = (0, 0)
    foreign lambdas:
        delta H to (0, 0) (20001 pts)
        delta H to (0, 0.1) (20001 pts)



md2.edr: 0.0 - 20001.0; lambda = (0, 0.1)
    foreign lambdas:
        delta H to (0, 0) (20001 pts)
        delta H to (0, 0.1) (20001 pts)
        delta H to (0, 0.2) (20001 pts)



md3.edr: 0.0 - 20001.0; lambda = (0, 0.2)
    foreign lambdas:
        delta H to (0, 0.1) (20001 pts)
        delta H to (0, 0.2) (20001 pts)
        delta H to (0, 0.3) (20001 pts)



md4.edr: 0.0 - 20001.0; lambda = (0, 0.3)
    foreign lambdas:
        delta H to (0, 0.2) (20001 pts)
        delta H to (0, 0.3) (20001 pts)
        delta H to (0, 0.4) (20001 pts)



md5.edr: 0.0 - 20001.0; lambda = (0, 0.4)
    foreign lambdas:
        delta H to (0, 0.3) (20001 pts)
        delta H to (0, 0.4) (20001 pts)
        delta H to (0, 0.5) (20001 pts)



md6.edr: 0.0 - 20001.0; lambda = (0, 0.5)
    foreign lambdas:
        delta H to (0, 0.4) (20001 pts)
        delta H to (0, 0.5) (20001 pts)
        delta H to (0, 0.6) (20001 pts)



md7.edr: 0.0 - 20001.0; lambda = (0, 0.6)
    foreign lambdas:
        delta H to (0, 0.5) (20001 pts)
        delta H to (0, 0.6) (20001 pts)
        delta H to (0, 0.7) (20001 pts)



md8.edr: 0.0 - 20001.0; lambda = (0, 0.7)
    foreign lambdas:
        delta H to (0, 0.6) (20001 pts)
        delta H to (0, 0.7) (20001 pts)
        delta H to (0, 0.8) (20001 pts)



md9.edr: 0.0 - 20001.0; lambda = (0, 0.8)
    foreign lambdas:
        delta H to (0, 0.7) (20001 pts)
        delta H to (0, 0.8) (20001 pts)
        delta H to (0, 0.9) (20001 pts)



   Samples in time interval: 0.000 - 20001.000
Removing samples outside of: 0.000 - 16000.000

Temperature: 298.15 K

Detailed results in kT (see help for explanation):

 lam_A  lam_B      DG   +/-     s_A   +/-     s_B   +/-   stdev   +/- 
     0      1    1.11  0.08    0.91  0.03    0.93  0.03    1.40  0.01
     1      2    1.55  0.09    2.31  0.14    1.82  0.10    2.32  0.06
     2      3    0.16  0.12    2.49  0.19    1.38  0.09    2.02  0.08
     3      4   -0.71  0.04    1.39  0.05    0.85  0.03    1.48  0.02
     4      5   -1.10  0.02    1.05  0.02    0.67  0.01    1.28  0.01
     5      6   -1.35  0.02    0.86  0.03    0.57  0.02    1.17  0.01
     6      7   -1.53  0.02    0.82  0.03    0.51  0.02    1.11  0.02
     7      8   -1.69  0.01    0.72  0.02    0.45  0.01    1.03  0.01
     8      9   -1.83  0.00    0.62  0.02    0.39  0.02    0.95  0.01
     9     10   -1.96  0.01    0.55  0.01    0.36  0.01    0.90  0.01
    10     11   -0.08  0.01    0.07  0.02    0.06  0.02    0.36  0.01
    11     12   -0.17  0.01    0.04  0.01    0.04  0.01    0.33  0.01
    12     13   -0.25  0.01    0.04  0.01    0.05  0.01    0.33  0.00
    13     14   -0.36  0.03    0.07  0.02    0.09  0.03    0.42  0.03
    14     15   -0.71  0.05    0.26  0.06    0.32  0.07    0.67  0.04


Final results in kJ/mol:

point      0 -      1,   DG  2.76 +/-  0.21
point      1 -      2,   DG  3.83 +/-  0.22
point      2 -      3,   DG  0.40 +/-  0.30
point      3 -      4,   DG -1.77 +/-  0.09
point      4 -      5,   DG -2.71 +/-  0.05
point      5 -      6,   DG -3.35 +/-  0.05
point      6 -      7,   DG -3.79 +/-  0.05
point      7 -      8,   DG -4.20 +/-  0.02
point      8 -      9,   DG -4.55 +/-  0.01
point      9 -     10,   DG -4.85 +/-  0.02
point     10 -     11,   DG -0.19 +/-  0.04
point     11 -     12,   DG -0.43 +/-  0.02
point     12 -     13,   DG -0.62 +/-  0.02
point     13 -     14,   DG -0.90 +/-  0.07
point     14 -     15,   DG -1.76 +/-  0.12

total      0 -     15,   DG -22.13 +/-  0.78

