
md10.edr: 0.0 - 20001.0; lambda = (0, 0.9)
    foreign lambdas:
        delta H to (0, 0.8) (20001 pts)
        delta H to (0, 0.9) (20001 pts)
        delta H to (0, 1) (20001 pts)



md11.edr: 0.0 - 20001.0; lambda = (0, 1)
    foreign lambdas:
        delta H to (0, 0.9) (20001 pts)
        delta H to (0, 1) (20001 pts)
        delta H to (0.2, 1) (20001 pts)



md12.edr: 0.0 - 20001.0; lambda = (0.2, 1)
    foreign lambdas:
        delta H to (0, 1) (20001 pts)
        delta H to (0.2, 1) (20001 pts)
        delta H to (0.4, 1) (20001 pts)



md13.edr: 0.0 - 20001.0; lambda = (0.4, 1)
    foreign lambdas:
        delta H to (0.2, 1) (20001 pts)
        delta H to (0.4, 1) (20001 pts)
        delta H to (0.6, 1) (20001 pts)



md14.edr: 0.0 - 20001.0; lambda = (0.6, 1)
    foreign lambdas:
        delta H to (0.4, 1) (20001 pts)
        delta H to (0.6, 1) (20001 pts)
        delta H to (0.8, 1) (20001 pts)



md15.edr: 0.0 - 20001.0; lambda = (0.8, 1)
    foreign lambdas:
        delta H to (0.6, 1) (20001 pts)
        delta H to (0.8, 1) (20001 pts)
        delta H to (1, 1) (20001 pts)



md16.edr: 0.0 - 20001.0; lambda = (1, 1)
    foreign lambdas:
        delta H to (0.8, 1) (20001 pts)
        delta H to (1, 1) (20001 pts)



md1.edr: 0.0 - 20001.0; lambda = (0, 0)
    foreign lambdas:
        delta H to (0, 0) (20001 pts)
        delta H to (0, 0.1) (20001 pts)



md2.edr: 0.0 - 20001.0; lambda = (0, 0.1)
    foreign lambdas:
        delta H to (0, 0) (20001 pts)
        delta H to (0, 0.1) (20001 pts)
        delta H to (0, 0.2) (20001 pts)



md3.edr: 0.0 - 20001.0; lambda = (0, 0.2)
    foreign lambdas:
        delta H to (0, 0.1) (20001 pts)
        delta H to (0, 0.2) (20001 pts)
        delta H to (0, 0.3) (20001 pts)



md4.edr: 0.0 - 20001.0; lambda = (0, 0.3)
    foreign lambdas:
        delta H to (0, 0.2) (20001 pts)
        delta H to (0, 0.3) (20001 pts)
        delta H to (0, 0.4) (20001 pts)



md5.edr: 0.0 - 20001.0; lambda = (0, 0.4)
    foreign lambdas:
        delta H to (0, 0.3) (20001 pts)
        delta H to (0, 0.4) (20001 pts)
        delta H to (0, 0.5) (20001 pts)



md6.edr: 0.0 - 20001.0; lambda = (0, 0.5)
    foreign lambdas:
        delta H to (0, 0.4) (20001 pts)
        delta H to (0, 0.5) (20001 pts)
        delta H to (0, 0.6) (20001 pts)



md7.edr: 0.0 - 20001.0; lambda = (0, 0.6)
    foreign lambdas:
        delta H to (0, 0.5) (20001 pts)
        delta H to (0, 0.6) (20001 pts)
        delta H to (0, 0.7) (20001 pts)



md8.edr: 0.0 - 20001.0; lambda = (0, 0.7)
    foreign lambdas:
        delta H to (0, 0.6) (20001 pts)
        delta H to (0, 0.7) (20001 pts)
        delta H to (0, 0.8) (20001 pts)



md9.edr: 0.0 - 20001.0; lambda = (0, 0.8)
    foreign lambdas:
        delta H to (0, 0.7) (20001 pts)
        delta H to (0, 0.8) (20001 pts)
        delta H to (0, 0.9) (20001 pts)



   Samples in time interval: 0.000 - 20001.000
Removing samples outside of: 0.000 - 2000.000

Temperature: 298.15 K

Detailed results in kT (see help for explanation):

 lam_A  lam_B      DG   +/-     s_A   +/-     s_B   +/-   stdev   +/- 
     0      1    1.21  0.13    0.94  0.12    0.96  0.13    1.37  0.04
     1      2    1.42  0.07    2.60  0.22    2.11  0.15    2.53  0.15
     2      3   -0.31  0.15    1.98  0.15    1.10  0.13    1.76  0.08
     3      4   -0.82  0.06    1.20  0.06    0.75  0.04    1.41  0.04
     4      5   -1.13  0.04    1.06  0.06    0.69  0.04    1.28  0.02
     5      6   -1.34  0.03    0.81  0.03    0.54  0.02    1.17  0.01
     6      7   -1.51  0.05    0.91  0.04    0.57  0.02    1.15  0.02
     7      8   -1.71  0.05    0.73  0.06    0.46  0.04    1.04  0.03
     8      9   -1.84  0.02    0.62  0.02    0.39  0.02    0.95  0.01
     9     10   -1.94  0.02    0.50  0.03    0.32  0.02    0.88  0.02
    10     11   -0.15  0.04    0.05  0.03    0.06  0.03    0.31  0.02
    11     12   -0.18  0.03   -0.03  0.05   -0.02  0.05    0.31  0.02
    12     13   -0.17  0.02    0.02  0.03    0.02  0.03    0.26  0.02
    13     14   -0.43  0.02    0.24  0.02    0.28  0.03    0.54  0.03
    14     15   -0.74  0.11    0.03  0.10    0.07  0.10    0.66  0.07


Final results in kJ/mol:

point      0 -      1,   DG  3.00 +/-  0.32
point      1 -      2,   DG  3.53 +/-  0.16
point      2 -      3,   DG -0.76 +/-  0.36
point      3 -      4,   DG -2.04 +/-  0.16
point      4 -      5,   DG -2.79 +/-  0.11
point      5 -      6,   DG -3.33 +/-  0.08
point      6 -      7,   DG -3.75 +/-  0.13
point      7 -      8,   DG -4.25 +/-  0.13
point      8 -      9,   DG -4.57 +/-  0.04
point      9 -     10,   DG -4.82 +/-  0.04
point     10 -     11,   DG -0.36 +/-  0.10
point     11 -     12,   DG -0.44 +/-  0.08
point     12 -     13,   DG -0.43 +/-  0.06
point     13 -     14,   DG -1.07 +/-  0.05
point     14 -     15,   DG -1.83 +/-  0.28

total      0 -     15,   DG -23.91 +/-  0.67

