
md10.edr: 0.0 - 20001.0; lambda = (0, 0.9)
    foreign lambdas:
        delta H to (0, 0.8) (20001 pts)
        delta H to (0, 0.9) (20001 pts)
        delta H to (0, 1) (20001 pts)



md11.edr: 0.0 - 20001.0; lambda = (0, 1)
    foreign lambdas:
        delta H to (0, 0.9) (20001 pts)
        delta H to (0, 1) (20001 pts)
        delta H to (0.2, 1) (20001 pts)



md12.edr: 0.0 - 20001.0; lambda = (0.2, 1)
    foreign lambdas:
        delta H to (0, 1) (20001 pts)
        delta H to (0.2, 1) (20001 pts)
        delta H to (0.4, 1) (20001 pts)



md13.edr: 0.0 - 20001.0; lambda = (0.4, 1)
    foreign lambdas:
        delta H to (0.2, 1) (20001 pts)
        delta H to (0.4, 1) (20001 pts)
        delta H to (0.6, 1) (20001 pts)



md14.edr: 0.0 - 20001.0; lambda = (0.6, 1)
    foreign lambdas:
        delta H to (0.4, 1) (20001 pts)
        delta H to (0.6, 1) (20001 pts)
        delta H to (0.8, 1) (20001 pts)



md15.edr: 0.0 - 20001.0; lambda = (0.8, 1)
    foreign lambdas:
        delta H to (0.6, 1) (20001 pts)
        delta H to (0.8, 1) (20001 pts)
        delta H to (1, 1) (20001 pts)



md16.edr: 0.0 - 20001.0; lambda = (1, 1)
    foreign lambdas:
        delta H to (0.8, 1) (20001 pts)
        delta H to (1, 1) (20001 pts)



md1.edr: 0.0 - 20001.0; lambda = (0, 0)
    foreign lambdas:
        delta H to (0, 0) (20001 pts)
        delta H to (0, 0.1) (20001 pts)



md2.edr: 0.0 - 20001.0; lambda = (0, 0.1)
    foreign lambdas:
        delta H to (0, 0) (20001 pts)
        delta H to (0, 0.1) (20001 pts)
        delta H to (0, 0.2) (20001 pts)



md3.edr: 0.0 - 20001.0; lambda = (0, 0.2)
    foreign lambdas:
        delta H to (0, 0.1) (20001 pts)
        delta H to (0, 0.2) (20001 pts)
        delta H to (0, 0.3) (20001 pts)



md4.edr: 0.0 - 20001.0; lambda = (0, 0.3)
    foreign lambdas:
        delta H to (0, 0.2) (20001 pts)
        delta H to (0, 0.3) (20001 pts)
        delta H to (0, 0.4) (20001 pts)



md5.edr: 0.0 - 20001.0; lambda = (0, 0.4)
    foreign lambdas:
        delta H to (0, 0.3) (20001 pts)
        delta H to (0, 0.4) (20001 pts)
        delta H to (0, 0.5) (20001 pts)



md6.edr: 0.0 - 20001.0; lambda = (0, 0.5)
    foreign lambdas:
        delta H to (0, 0.4) (20001 pts)
        delta H to (0, 0.5) (20001 pts)
        delta H to (0, 0.6) (20001 pts)



md7.edr: 0.0 - 20001.0; lambda = (0, 0.6)
    foreign lambdas:
        delta H to (0, 0.5) (20001 pts)
        delta H to (0, 0.6) (20001 pts)
        delta H to (0, 0.7) (20001 pts)



md8.edr: 0.0 - 20001.0; lambda = (0, 0.7)
    foreign lambdas:
        delta H to (0, 0.6) (20001 pts)
        delta H to (0, 0.7) (20001 pts)
        delta H to (0, 0.8) (20001 pts)



md9.edr: 0.0 - 20001.0; lambda = (0, 0.8)
    foreign lambdas:
        delta H to (0, 0.7) (20001 pts)
        delta H to (0, 0.8) (20001 pts)
        delta H to (0, 0.9) (20001 pts)



   Samples in time interval: 0.000 - 20001.000
Removing samples outside of: 0.000 - 3000.000

Temperature: 298.15 K

Detailed results in kT (see help for explanation):

 lam_A  lam_B      DG   +/-     s_A   +/-     s_B   +/-   stdev   +/- 
     0      1    1.15  0.12    0.99  0.10    1.01  0.12    1.42  0.05
     1      2    1.29  0.10    2.49  0.16    1.96  0.12    2.40  0.13
     2      3   -0.25  0.12    2.02  0.16    1.16  0.11    1.80  0.08
     3      4   -0.84  0.04    1.23  0.06    0.76  0.05    1.41  0.03
     4      5   -1.16  0.04    1.03  0.06    0.66  0.04    1.25  0.03
     5      6   -1.41  0.06    0.85  0.03    0.57  0.03    1.17  0.01
     6      7   -1.56  0.06    0.79  0.09    0.48  0.06    1.11  0.04
     7      8   -1.70  0.04    0.76  0.04    0.47  0.03    1.05  0.02
     8      9   -1.83  0.03    0.60  0.02    0.37  0.03    0.94  0.01
     9     10   -1.95  0.02    0.53  0.03    0.35  0.03    0.88  0.02
    10     11   -0.09  0.05    0.06  0.04    0.05  0.04    0.34  0.02
    11     12   -0.16  0.03    0.01  0.05    0.02  0.05    0.30  0.01
    12     13   -0.23  0.04    0.06  0.03    0.06  0.04    0.32  0.03
    13     14   -0.44  0.01    0.14  0.07    0.18  0.08    0.51  0.03
    14     15   -0.69  0.10    0.08  0.09    0.12  0.09    0.63  0.07


Final results in kJ/mol:

point      0 -      1,   DG  2.84 +/-  0.30
point      1 -      2,   DG  3.21 +/-  0.25
point      2 -      3,   DG -0.63 +/-  0.30
point      3 -      4,   DG -2.08 +/-  0.11
point      4 -      5,   DG -2.87 +/-  0.10
point      5 -      6,   DG -3.50 +/-  0.16
point      6 -      7,   DG -3.88 +/-  0.15
point      7 -      8,   DG -4.23 +/-  0.09
point      8 -      9,   DG -4.53 +/-  0.07
point      9 -     10,   DG -4.82 +/-  0.04
point     10 -     11,   DG -0.22 +/-  0.13
point     11 -     12,   DG -0.39 +/-  0.07
point     12 -     13,   DG -0.57 +/-  0.09
point     13 -     14,   DG -1.08 +/-  0.04
point     14 -     15,   DG -1.72 +/-  0.25

total      0 -     15,   DG -24.46 +/-  0.69

