
md10.edr: 0.0 - 20001.0; lambda = (0, 0.9)
    foreign lambdas:
        delta H to (0, 0.8) (20001 pts)
        delta H to (0, 0.9) (20001 pts)
        delta H to (0, 1) (20001 pts)



md11.edr: 0.0 - 20001.0; lambda = (0, 1)
    foreign lambdas:
        delta H to (0, 0.9) (20001 pts)
        delta H to (0, 1) (20001 pts)
        delta H to (0.2, 1) (20001 pts)



md12.edr: 0.0 - 20001.0; lambda = (0.2, 1)
    foreign lambdas:
        delta H to (0, 1) (20001 pts)
        delta H to (0.2, 1) (20001 pts)
        delta H to (0.4, 1) (20001 pts)



md13.edr: 0.0 - 20001.0; lambda = (0.4, 1)
    foreign lambdas:
        delta H to (0.2, 1) (20001 pts)
        delta H to (0.4, 1) (20001 pts)
        delta H to (0.6, 1) (20001 pts)



md14.edr: 0.0 - 20001.0; lambda = (0.6, 1)
    foreign lambdas:
        delta H to (0.4, 1) (20001 pts)
        delta H to (0.6, 1) (20001 pts)
        delta H to (0.8, 1) (20001 pts)



md15.edr: 0.0 - 20001.0; lambda = (0.8, 1)
    foreign lambdas:
        delta H to (0.6, 1) (20001 pts)
        delta H to (0.8, 1) (20001 pts)
        delta H to (1, 1) (20001 pts)



md16.edr: 0.0 - 20001.0; lambda = (1, 1)
    foreign lambdas:
        delta H to (0.8, 1) (20001 pts)
        delta H to (1, 1) (20001 pts)



md1.edr: 0.0 - 20001.0; lambda = (0, 0)
    foreign lambdas:
        delta H to (0, 0) (20001 pts)
        delta H to (0, 0.1) (20001 pts)



md2.edr: 0.0 - 20001.0; lambda = (0, 0.1)
    foreign lambdas:
        delta H to (0, 0) (20001 pts)
        delta H to (0, 0.1) (20001 pts)
        delta H to (0, 0.2) (20001 pts)



md3.edr: 0.0 - 20001.0; lambda = (0, 0.2)
    foreign lambdas:
        delta H to (0, 0.1) (20001 pts)
        delta H to (0, 0.2) (20001 pts)
        delta H to (0, 0.3) (20001 pts)



md4.edr: 0.0 - 20001.0; lambda = (0, 0.3)
    foreign lambdas:
        delta H to (0, 0.2) (20001 pts)
        delta H to (0, 0.3) (20001 pts)
        delta H to (0, 0.4) (20001 pts)



md5.edr: 0.0 - 20001.0; lambda = (0, 0.4)
    foreign lambdas:
        delta H to (0, 0.3) (20001 pts)
        delta H to (0, 0.4) (20001 pts)
        delta H to (0, 0.5) (20001 pts)



md6.edr: 0.0 - 20001.0; lambda = (0, 0.5)
    foreign lambdas:
        delta H to (0, 0.4) (20001 pts)
        delta H to (0, 0.5) (20001 pts)
        delta H to (0, 0.6) (20001 pts)



md7.edr: 0.0 - 20001.0; lambda = (0, 0.6)
    foreign lambdas:
        delta H to (0, 0.5) (20001 pts)
        delta H to (0, 0.6) (20001 pts)
        delta H to (0, 0.7) (20001 pts)



md8.edr: 0.0 - 20001.0; lambda = (0, 0.7)
    foreign lambdas:
        delta H to (0, 0.6) (20001 pts)
        delta H to (0, 0.7) (20001 pts)
        delta H to (0, 0.8) (20001 pts)



md9.edr: 0.0 - 20001.0; lambda = (0, 0.8)
    foreign lambdas:
        delta H to (0, 0.7) (20001 pts)
        delta H to (0, 0.8) (20001 pts)
        delta H to (0, 0.9) (20001 pts)



   Samples in time interval: 0.000 - 20001.000
Removing samples outside of: 0.000 - 1000.000

Temperature: 298.15 K

Detailed results in kT (see help for explanation):

 lam_A  lam_B      DG   +/-     s_A   +/-     s_B   +/-   stdev   +/- 
     0      1    1.03  0.02    0.13  0.01    0.14  0.01    0.55  0.01
     1      2    3.10  0.03    0.65  0.02    0.77  0.03    1.21  0.02
     2      3    3.31  0.09    2.67  0.09    2.15  0.06    2.66  0.04
     3      4    1.27  0.06    2.57  0.09    1.44  0.05    2.06  0.04
     4      5    0.08  0.06    1.36  0.08    0.80  0.06    1.43  0.04
     5      6   -0.41  0.02    0.87  0.03    0.56  0.02    1.18  0.01
     6      7   -0.75  0.02    0.72  0.04    0.46  0.02    1.03  0.01
     7      8   -0.97  0.01    0.49  0.04    0.32  0.03    0.89  0.01
     8      9   -1.10  0.02    0.48  0.04    0.32  0.03    0.82  0.02
     9     10   -1.20  0.02    0.33  0.01    0.23  0.01    0.75  0.01
    10     11   -0.26  0.02    0.28  0.01    0.30  0.02    0.76  0.01
    11     12   -0.93  0.03    0.37  0.02    0.42  0.02    0.88  0.01
    12     13   -1.89  0.03    0.54  0.03    0.62  0.03    1.08  0.02
    13     14   -3.20  0.03    0.69  0.05    0.75  0.04    1.26  0.03
    14     15   -4.79  0.03    0.85  0.07    0.85  0.07    1.34  0.03


Final results in kJ/mol:

point      0 -      1,   DG  2.55 +/-  0.04
point      1 -      2,   DG  7.68 +/-  0.06
point      2 -      3,   DG  8.21 +/-  0.23
point      3 -      4,   DG  3.16 +/-  0.15
point      4 -      5,   DG  0.20 +/-  0.14
point      5 -      6,   DG -1.02 +/-  0.04
point      6 -      7,   DG -1.86 +/-  0.04
point      7 -      8,   DG -2.40 +/-  0.03
point      8 -      9,   DG -2.73 +/-  0.05
point      9 -     10,   DG -2.98 +/-  0.05
point     10 -     11,   DG -0.64 +/-  0.04
point     11 -     12,   DG -2.30 +/-  0.08
point     12 -     13,   DG -4.67 +/-  0.06
point     13 -     14,   DG -7.92 +/-  0.08
point     14 -     15,   DG -11.88 +/-  0.08

total      0 -     15,   DG -16.61 +/-  0.48

