
md10.edr: 0.0 - 20001.0; lambda = (0, 0.9)
    foreign lambdas:
        delta H to (0, 0.8) (20001 pts)
        delta H to (0, 0.9) (20001 pts)
        delta H to (0, 1) (20001 pts)



md11.edr: 0.0 - 20001.0; lambda = (0, 1)
    foreign lambdas:
        delta H to (0, 0.9) (20001 pts)
        delta H to (0, 1) (20001 pts)
        delta H to (0.2, 1) (20001 pts)



md12.edr: 0.0 - 20001.0; lambda = (0.2, 1)
    foreign lambdas:
        delta H to (0, 1) (20001 pts)
        delta H to (0.2, 1) (20001 pts)
        delta H to (0.4, 1) (20001 pts)



md13.edr: 0.0 - 20001.0; lambda = (0.4, 1)
    foreign lambdas:
        delta H to (0.2, 1) (20001 pts)
        delta H to (0.4, 1) (20001 pts)
        delta H to (0.6, 1) (20001 pts)



md14.edr: 0.0 - 20001.0; lambda = (0.6, 1)
    foreign lambdas:
        delta H to (0.4, 1) (20001 pts)
        delta H to (0.6, 1) (20001 pts)
        delta H to (0.8, 1) (20001 pts)



md15.edr: 0.0 - 20001.0; lambda = (0.8, 1)
    foreign lambdas:
        delta H to (0.6, 1) (20001 pts)
        delta H to (0.8, 1) (20001 pts)
        delta H to (1, 1) (20001 pts)



md16.edr: 0.0 - 20001.0; lambda = (1, 1)
    foreign lambdas:
        delta H to (0.8, 1) (20001 pts)
        delta H to (1, 1) (20001 pts)



md1.edr: 0.0 - 20001.0; lambda = (0, 0)
    foreign lambdas:
        delta H to (0, 0) (20001 pts)
        delta H to (0, 0.1) (20001 pts)



md2.edr: 0.0 - 20001.0; lambda = (0, 0.1)
    foreign lambdas:
        delta H to (0, 0) (20001 pts)
        delta H to (0, 0.1) (20001 pts)
        delta H to (0, 0.2) (20001 pts)



md3.edr: 0.0 - 20001.0; lambda = (0, 0.2)
    foreign lambdas:
        delta H to (0, 0.1) (20001 pts)
        delta H to (0, 0.2) (20001 pts)
        delta H to (0, 0.3) (20001 pts)



md4.edr: 0.0 - 20001.0; lambda = (0, 0.3)
    foreign lambdas:
        delta H to (0, 0.2) (20001 pts)
        delta H to (0, 0.3) (20001 pts)
        delta H to (0, 0.4) (20001 pts)



md5.edr: 0.0 - 20001.0; lambda = (0, 0.4)
    foreign lambdas:
        delta H to (0, 0.3) (20001 pts)
        delta H to (0, 0.4) (20001 pts)
        delta H to (0, 0.5) (20001 pts)



md6.edr: 0.0 - 20001.0; lambda = (0, 0.5)
    foreign lambdas:
        delta H to (0, 0.4) (20001 pts)
        delta H to (0, 0.5) (20001 pts)
        delta H to (0, 0.6) (20001 pts)



md7.edr: 0.0 - 20001.0; lambda = (0, 0.6)
    foreign lambdas:
        delta H to (0, 0.5) (20001 pts)
        delta H to (0, 0.6) (20001 pts)
        delta H to (0, 0.7) (20001 pts)



md8.edr: 0.0 - 20001.0; lambda = (0, 0.7)
    foreign lambdas:
        delta H to (0, 0.6) (20001 pts)
        delta H to (0, 0.7) (20001 pts)
        delta H to (0, 0.8) (20001 pts)



md9.edr: 0.0 - 20001.0; lambda = (0, 0.8)
    foreign lambdas:
        delta H to (0, 0.7) (20001 pts)
        delta H to (0, 0.8) (20001 pts)
        delta H to (0, 0.9) (20001 pts)



   Samples in time interval: 0.000 - 20001.000
Removing samples outside of: 0.000 - 4000.000

Temperature: 298.15 K

Detailed results in kT (see help for explanation):

 lam_A  lam_B      DG   +/-     s_A   +/-     s_B   +/-   stdev   +/- 
     0      1    1.28  0.10    0.55  0.13    0.62  0.15    1.27  0.05
     1      2    1.87  0.32    2.89  0.16    2.20  0.22    2.67  0.14
     2      3    0.05  0.12    2.50  0.18    1.38  0.10    2.02  0.09
     3      4   -0.83  0.07    1.33  0.06    0.84  0.03    1.45  0.03
     4      5   -1.14  0.06    1.04  0.07    0.66  0.05    1.29  0.03
     5      6   -1.35  0.02    0.90  0.04    0.59  0.03    1.19  0.01
     6      7   -1.51  0.03    0.79  0.07    0.50  0.06    1.12  0.04
     7      8   -1.67  0.04    0.77  0.03    0.49  0.02    1.06  0.01
     8      9   -1.83  0.04    0.61  0.01    0.37  0.01    0.95  0.01
     9     10   -1.94  0.03    0.54  0.02    0.35  0.02    0.88  0.01
    10     11   -0.02  0.01    0.09  0.04    0.09  0.04    0.37  0.04
    11     12   -0.18  0.03    0.07  0.03    0.07  0.03    0.36  0.02
    12     13   -0.32  0.03    0.07  0.02    0.08  0.02    0.38  0.02
    13     14   -0.75  0.13    0.35  0.10    0.42  0.12    0.69  0.08
    14     15   -1.62  0.15    0.45  0.11    0.49  0.13    0.97  0.04


Final results in kJ/mol:

point      0 -      1,   DG  3.17 +/-  0.25
point      1 -      2,   DG  4.64 +/-  0.79
point      2 -      3,   DG  0.12 +/-  0.31
point      3 -      4,   DG -2.07 +/-  0.17
point      4 -      5,   DG -2.84 +/-  0.15
point      5 -      6,   DG -3.35 +/-  0.04
point      6 -      7,   DG -3.74 +/-  0.07
point      7 -      8,   DG -4.14 +/-  0.11
point      8 -      9,   DG -4.54 +/-  0.09
point      9 -     10,   DG -4.81 +/-  0.08
point     10 -     11,   DG -0.06 +/-  0.03
point     11 -     12,   DG -0.44 +/-  0.08
point     12 -     13,   DG -0.79 +/-  0.07
point     13 -     14,   DG -1.85 +/-  0.32
point     14 -     15,   DG -4.01 +/-  0.38

total      0 -     15,   DG -24.70 +/-  1.03

