
md10.edr: 0.0 - 20001.0; lambda = (0, 0.9)
    foreign lambdas:
        delta H to (0, 0.8) (20001 pts)
        delta H to (0, 0.9) (20001 pts)
        delta H to (0, 1) (20001 pts)



md11.edr: 0.0 - 20001.0; lambda = (0, 1)
    foreign lambdas:
        delta H to (0, 0.9) (20001 pts)
        delta H to (0, 1) (20001 pts)
        delta H to (0.2, 1) (20001 pts)



md12.edr: 0.0 - 20001.0; lambda = (0.2, 1)
    foreign lambdas:
        delta H to (0, 1) (20001 pts)
        delta H to (0.2, 1) (20001 pts)
        delta H to (0.4, 1) (20001 pts)



md13.edr: 0.0 - 20001.0; lambda = (0.4, 1)
    foreign lambdas:
        delta H to (0.2, 1) (20001 pts)
        delta H to (0.4, 1) (20001 pts)
        delta H to (0.6, 1) (20001 pts)



md14.edr: 0.0 - 20001.0; lambda = (0.6, 1)
    foreign lambdas:
        delta H to (0.4, 1) (20001 pts)
        delta H to (0.6, 1) (20001 pts)
        delta H to (0.8, 1) (20001 pts)



md15.edr: 0.0 - 20001.0; lambda = (0.8, 1)
    foreign lambdas:
        delta H to (0.6, 1) (20001 pts)
        delta H to (0.8, 1) (20001 pts)
        delta H to (1, 1) (20001 pts)



md16.edr: 0.0 - 20001.0; lambda = (1, 1)
    foreign lambdas:
        delta H to (0.8, 1) (20001 pts)
        delta H to (1, 1) (20001 pts)



md1.edr: 0.0 - 20001.0; lambda = (0, 0)
    foreign lambdas:
        delta H to (0, 0) (20001 pts)
        delta H to (0, 0.1) (20001 pts)



md2.edr: 0.0 - 20001.0; lambda = (0, 0.1)
    foreign lambdas:
        delta H to (0, 0) (20001 pts)
        delta H to (0, 0.1) (20001 pts)
        delta H to (0, 0.2) (20001 pts)



md3.edr: 0.0 - 20001.0; lambda = (0, 0.2)
    foreign lambdas:
        delta H to (0, 0.1) (20001 pts)
        delta H to (0, 0.2) (20001 pts)
        delta H to (0, 0.3) (20001 pts)



md4.edr: 0.0 - 20001.0; lambda = (0, 0.3)
    foreign lambdas:
        delta H to (0, 0.2) (20001 pts)
        delta H to (0, 0.3) (20001 pts)
        delta H to (0, 0.4) (20001 pts)



md5.edr: 0.0 - 20001.0; lambda = (0, 0.4)
    foreign lambdas:
        delta H to (0, 0.3) (20001 pts)
        delta H to (0, 0.4) (20001 pts)
        delta H to (0, 0.5) (20001 pts)



md6.edr: 0.0 - 20001.0; lambda = (0, 0.5)
    foreign lambdas:
        delta H to (0, 0.4) (20001 pts)
        delta H to (0, 0.5) (20001 pts)
        delta H to (0, 0.6) (20001 pts)



md7.edr: 0.0 - 20001.0; lambda = (0, 0.6)
    foreign lambdas:
        delta H to (0, 0.5) (20001 pts)
        delta H to (0, 0.6) (20001 pts)
        delta H to (0, 0.7) (20001 pts)



md8.edr: 0.0 - 20001.0; lambda = (0, 0.7)
    foreign lambdas:
        delta H to (0, 0.6) (20001 pts)
        delta H to (0, 0.7) (20001 pts)
        delta H to (0, 0.8) (20001 pts)



md9.edr: 0.0 - 20001.0; lambda = (0, 0.8)
    foreign lambdas:
        delta H to (0, 0.7) (20001 pts)
        delta H to (0, 0.8) (20001 pts)
        delta H to (0, 0.9) (20001 pts)



   Samples in time interval: 0.000 - 20001.000
Removing samples outside of: 0.000 - 6000.000

Temperature: 298.15 K

Detailed results in kT (see help for explanation):

 lam_A  lam_B      DG   +/-     s_A   +/-     s_B   +/-   stdev   +/- 
     0      1    1.26  0.07    0.69  0.16    0.75  0.16    1.32  0.05
     1      2    1.75  0.26    2.76  0.17    2.10  0.18    2.57  0.12
     2      3    0.09  0.07    2.45  0.13    1.38  0.07    2.01  0.06
     3      4   -0.81  0.06    1.36  0.04    0.85  0.02    1.46  0.02
     4      5   -1.14  0.04    1.02  0.05    0.66  0.04    1.28  0.02
     5      6   -1.35  0.02    0.90  0.03    0.59  0.01    1.20  0.01
     6      7   -1.51  0.02    0.82  0.03    0.52  0.02    1.13  0.02
     7      8   -1.69  0.02    0.76  0.02    0.48  0.02    1.06  0.01
     8      9   -1.85  0.03    0.61  0.03    0.37  0.02    0.95  0.01
     9     10   -1.95  0.01    0.56  0.02    0.36  0.02    0.90  0.01
    10     11   -0.04  0.04    0.10  0.04    0.09  0.04    0.39  0.04
    11     12   -0.18  0.02    0.06  0.02    0.06  0.02    0.36  0.02
    12     13   -0.30  0.04    0.05  0.03    0.06  0.03    0.38  0.03
    13     14   -0.70  0.14    0.34  0.10    0.41  0.11    0.68  0.09
    14     15   -1.39  0.18    0.27  0.17    0.35  0.19    0.92  0.10


Final results in kJ/mol:

point      0 -      1,   DG  3.13 +/-  0.17
point      1 -      2,   DG  4.34 +/-  0.65
point      2 -      3,   DG  0.21 +/-  0.18
point      3 -      4,   DG -2.02 +/-  0.15
point      4 -      5,   DG -2.82 +/-  0.09
point      5 -      6,   DG -3.34 +/-  0.05
point      6 -      7,   DG -3.75 +/-  0.04
point      7 -      8,   DG -4.18 +/-  0.05
point      8 -      9,   DG -4.59 +/-  0.07
point      9 -     10,   DG -4.83 +/-  0.04
point     10 -     11,   DG -0.09 +/-  0.09
point     11 -     12,   DG -0.46 +/-  0.04
point     12 -     13,   DG -0.73 +/-  0.10
point     13 -     14,   DG -1.74 +/-  0.34
point     14 -     15,   DG -3.44 +/-  0.44

total      0 -     15,   DG -24.30 +/-  1.08

