
md10.edr: 0.0 - 20001.0; lambda = (0, 0.9)
    foreign lambdas:
        delta H to (0, 0.8) (20001 pts)
        delta H to (0, 0.9) (20001 pts)
        delta H to (0, 1) (20001 pts)



md11.edr: 0.0 - 20001.0; lambda = (0, 1)
    foreign lambdas:
        delta H to (0, 0.9) (20001 pts)
        delta H to (0, 1) (20001 pts)
        delta H to (0.2, 1) (20001 pts)



md12.edr: 0.0 - 20001.0; lambda = (0.2, 1)
    foreign lambdas:
        delta H to (0, 1) (20001 pts)
        delta H to (0.2, 1) (20001 pts)
        delta H to (0.4, 1) (20001 pts)



md13.edr: 0.0 - 20001.0; lambda = (0.4, 1)
    foreign lambdas:
        delta H to (0.2, 1) (20001 pts)
        delta H to (0.4, 1) (20001 pts)
        delta H to (0.6, 1) (20001 pts)



md14.edr: 0.0 - 20001.0; lambda = (0.6, 1)
    foreign lambdas:
        delta H to (0.4, 1) (20001 pts)
        delta H to (0.6, 1) (20001 pts)
        delta H to (0.8, 1) (20001 pts)



md15.edr: 0.0 - 20001.0; lambda = (0.8, 1)
    foreign lambdas:
        delta H to (0.6, 1) (20001 pts)
        delta H to (0.8, 1) (20001 pts)
        delta H to (1, 1) (20001 pts)



md16.edr: 0.0 - 20001.0; lambda = (1, 1)
    foreign lambdas:
        delta H to (0.8, 1) (20001 pts)
        delta H to (1, 1) (20001 pts)



md1.edr: 0.0 - 20001.0; lambda = (0, 0)
    foreign lambdas:
        delta H to (0, 0) (20001 pts)
        delta H to (0, 0.1) (20001 pts)



md2.edr: 0.0 - 20001.0; lambda = (0, 0.1)
    foreign lambdas:
        delta H to (0, 0) (20001 pts)
        delta H to (0, 0.1) (20001 pts)
        delta H to (0, 0.2) (20001 pts)



md3.edr: 0.0 - 20001.0; lambda = (0, 0.2)
    foreign lambdas:
        delta H to (0, 0.1) (20001 pts)
        delta H to (0, 0.2) (20001 pts)
        delta H to (0, 0.3) (20001 pts)



md4.edr: 0.0 - 20001.0; lambda = (0, 0.3)
    foreign lambdas:
        delta H to (0, 0.2) (20001 pts)
        delta H to (0, 0.3) (20001 pts)
        delta H to (0, 0.4) (20001 pts)



md5.edr: 0.0 - 20001.0; lambda = (0, 0.4)
    foreign lambdas:
        delta H to (0, 0.3) (20001 pts)
        delta H to (0, 0.4) (20001 pts)
        delta H to (0, 0.5) (20001 pts)



md6.edr: 0.0 - 20001.0; lambda = (0, 0.5)
    foreign lambdas:
        delta H to (0, 0.4) (20001 pts)
        delta H to (0, 0.5) (20001 pts)
        delta H to (0, 0.6) (20001 pts)



md7.edr: 0.0 - 20001.0; lambda = (0, 0.6)
    foreign lambdas:
        delta H to (0, 0.5) (20001 pts)
        delta H to (0, 0.6) (20001 pts)
        delta H to (0, 0.7) (20001 pts)



md8.edr: 0.0 - 20001.0; lambda = (0, 0.7)
    foreign lambdas:
        delta H to (0, 0.6) (20001 pts)
        delta H to (0, 0.7) (20001 pts)
        delta H to (0, 0.8) (20001 pts)



md9.edr: 0.0 - 20001.0; lambda = (0, 0.8)
    foreign lambdas:
        delta H to (0, 0.7) (20001 pts)
        delta H to (0, 0.8) (20001 pts)
        delta H to (0, 0.9) (20001 pts)



   Samples in time interval: 0.000 - 20001.000
Removing samples outside of: 0.000 - 19000.000

Temperature: 298.15 K

Detailed results in kT (see help for explanation):

 lam_A  lam_B      DG   +/-     s_A   +/-     s_B   +/-   stdev   +/- 
     0      1    1.09  0.05    0.79  0.10    0.84  0.10    1.35  0.04
     1      2    1.56  0.11    2.45  0.20    1.89  0.12    2.40  0.10
     2      3    0.10  0.07    2.47  0.20    1.38  0.10    2.00  0.08
     3      4   -0.73  0.03    1.38  0.05    0.86  0.03    1.49  0.02
     4      5   -1.10  0.02    1.07  0.02    0.68  0.01    1.29  0.01
     5      6   -1.36  0.01    0.91  0.01    0.59  0.01    1.18  0.00
     6      7   -1.53  0.01    0.80  0.02    0.51  0.01    1.11  0.01
     7      8   -1.71  0.01    0.75  0.02    0.47  0.01    1.05  0.01
     8      9   -1.86  0.01    0.63  0.01    0.40  0.01    0.97  0.01
     9     10   -1.97  0.01    0.56  0.01    0.36  0.01    0.91  0.01
    10     11   -0.07  0.02    0.07  0.01    0.07  0.01    0.36  0.02
    11     12   -0.20  0.02    0.06  0.02    0.07  0.02    0.37  0.01
    12     13   -0.35  0.06    0.08  0.06    0.10  0.07    0.45  0.04
    13     14   -0.80  0.07    0.35  0.05    0.42  0.05    0.73  0.02
    14     15   -1.62  0.12    0.39  0.11    0.46  0.10    0.97  0.04


Final results in kJ/mol:

point      0 -      1,   DG  2.71 +/-  0.13
point      1 -      2,   DG  3.87 +/-  0.28
point      2 -      3,   DG  0.25 +/-  0.18
point      3 -      4,   DG -1.82 +/-  0.08
point      4 -      5,   DG -2.74 +/-  0.04
point      5 -      6,   DG -3.36 +/-  0.02
point      6 -      7,   DG -3.80 +/-  0.02
point      7 -      8,   DG -4.24 +/-  0.03
point      8 -      9,   DG -4.62 +/-  0.04
point      9 -     10,   DG -4.89 +/-  0.03
point     10 -     11,   DG -0.17 +/-  0.04
point     11 -     12,   DG -0.50 +/-  0.06
point     12 -     13,   DG -0.87 +/-  0.14
point     13 -     14,   DG -1.98 +/-  0.17
point     14 -     15,   DG -4.01 +/-  0.29

total      0 -     15,   DG -26.17 +/-  0.60

