
md10.edr: 0.0 - 20001.0; lambda = (0, 0.9)
    foreign lambdas:
        delta H to (0, 0.8) (20001 pts)
        delta H to (0, 0.9) (20001 pts)
        delta H to (0, 1) (20001 pts)



md11.edr: 0.0 - 20001.0; lambda = (0, 1)
    foreign lambdas:
        delta H to (0, 0.9) (20001 pts)
        delta H to (0, 1) (20001 pts)
        delta H to (0.2, 1) (20001 pts)



md12.edr: 0.0 - 20001.0; lambda = (0.2, 1)
    foreign lambdas:
        delta H to (0, 1) (20001 pts)
        delta H to (0.2, 1) (20001 pts)
        delta H to (0.4, 1) (20001 pts)



md13.edr: 0.0 - 20001.0; lambda = (0.4, 1)
    foreign lambdas:
        delta H to (0.2, 1) (20001 pts)
        delta H to (0.4, 1) (20001 pts)
        delta H to (0.6, 1) (20001 pts)



md14.edr: 0.0 - 20001.0; lambda = (0.6, 1)
    foreign lambdas:
        delta H to (0.4, 1) (20001 pts)
        delta H to (0.6, 1) (20001 pts)
        delta H to (0.8, 1) (20001 pts)



md15.edr: 0.0 - 20001.0; lambda = (0.8, 1)
    foreign lambdas:
        delta H to (0.6, 1) (20001 pts)
        delta H to (0.8, 1) (20001 pts)
        delta H to (1, 1) (20001 pts)



md16.edr: 0.0 - 20001.0; lambda = (1, 1)
    foreign lambdas:
        delta H to (0.8, 1) (20001 pts)
        delta H to (1, 1) (20001 pts)



md1.edr: 0.0 - 20001.0; lambda = (0, 0)
    foreign lambdas:
        delta H to (0, 0) (20001 pts)
        delta H to (0, 0.1) (20001 pts)



md2.edr: 0.0 - 20001.0; lambda = (0, 0.1)
    foreign lambdas:
        delta H to (0, 0) (20001 pts)
        delta H to (0, 0.1) (20001 pts)
        delta H to (0, 0.2) (20001 pts)



md3.edr: 0.0 - 20001.0; lambda = (0, 0.2)
    foreign lambdas:
        delta H to (0, 0.1) (20001 pts)
        delta H to (0, 0.2) (20001 pts)
        delta H to (0, 0.3) (20001 pts)



md4.edr: 0.0 - 20001.0; lambda = (0, 0.3)
    foreign lambdas:
        delta H to (0, 0.2) (20001 pts)
        delta H to (0, 0.3) (20001 pts)
        delta H to (0, 0.4) (20001 pts)



md5.edr: 0.0 - 20001.0; lambda = (0, 0.4)
    foreign lambdas:
        delta H to (0, 0.3) (20001 pts)
        delta H to (0, 0.4) (20001 pts)
        delta H to (0, 0.5) (20001 pts)



md6.edr: 0.0 - 20001.0; lambda = (0, 0.5)
    foreign lambdas:
        delta H to (0, 0.4) (20001 pts)
        delta H to (0, 0.5) (20001 pts)
        delta H to (0, 0.6) (20001 pts)



md7.edr: 0.0 - 20001.0; lambda = (0, 0.6)
    foreign lambdas:
        delta H to (0, 0.5) (20001 pts)
        delta H to (0, 0.6) (20001 pts)
        delta H to (0, 0.7) (20001 pts)



md8.edr: 0.0 - 20001.0; lambda = (0, 0.7)
    foreign lambdas:
        delta H to (0, 0.6) (20001 pts)
        delta H to (0, 0.7) (20001 pts)
        delta H to (0, 0.8) (20001 pts)



md9.edr: 0.0 - 20001.0; lambda = (0, 0.8)
    foreign lambdas:
        delta H to (0, 0.7) (20001 pts)
        delta H to (0, 0.8) (20001 pts)
        delta H to (0, 0.9) (20001 pts)



   Samples in time interval: 0.000 - 20001.000
Removing samples outside of: 0.000 - 5000.000

Temperature: 298.15 K

Detailed results in kT (see help for explanation):

 lam_A  lam_B      DG   +/-     s_A   +/-     s_B   +/-   stdev   +/- 
     0      1    1.21  0.09    0.66  0.17    0.72  0.17    1.31  0.06
     1      2    1.74  0.25    2.72  0.23    2.06  0.21    2.53  0.17
     2      3    0.07  0.10    2.52  0.09    1.40  0.06    2.03  0.06
     3      4   -0.86  0.05    1.32  0.09    0.84  0.05    1.44  0.03
     4      5   -1.15  0.05    1.00  0.06    0.64  0.05    1.28  0.03
     5      6   -1.35  0.03    0.92  0.04    0.60  0.03    1.20  0.02
     6      7   -1.51  0.03    0.80  0.06    0.51  0.05    1.13  0.03
     7      8   -1.68  0.04    0.76  0.02    0.48  0.02    1.06  0.02
     8      9   -1.84  0.02    0.61  0.02    0.37  0.01    0.95  0.01
     9     10   -1.94  0.03    0.56  0.02    0.36  0.02    0.90  0.02
    10     11   -0.02  0.01    0.12  0.04    0.11  0.04    0.39  0.03
    11     12   -0.19  0.03    0.06  0.02    0.06  0.02    0.36  0.02
    12     13   -0.32  0.03    0.07  0.03    0.08  0.03    0.40  0.02
    13     14   -0.76  0.11    0.36  0.09    0.43  0.11    0.70  0.08
    14     15   -1.52  0.18    0.33  0.14    0.39  0.16    0.95  0.05


Final results in kJ/mol:

point      0 -      1,   DG  2.99 +/-  0.23
point      1 -      2,   DG  4.32 +/-  0.63
point      2 -      3,   DG  0.16 +/-  0.26
point      3 -      4,   DG -2.13 +/-  0.13
point      4 -      5,   DG -2.84 +/-  0.11
point      5 -      6,   DG -3.33 +/-  0.07
point      6 -      7,   DG -3.74 +/-  0.06
point      7 -      8,   DG -4.16 +/-  0.10
point      8 -      9,   DG -4.56 +/-  0.05
point      9 -     10,   DG -4.80 +/-  0.06
point     10 -     11,   DG -0.04 +/-  0.03
point     11 -     12,   DG -0.46 +/-  0.07
point     12 -     13,   DG -0.80 +/-  0.06
point     13 -     14,   DG -1.89 +/-  0.27
point     14 -     15,   DG -3.77 +/-  0.44

total      0 -     15,   DG -25.05 +/-  0.83

