
md10.edr: 0.0 - 20001.0; lambda = (0, 0.9)
    foreign lambdas:
        delta H to (0, 0.8) (20001 pts)
        delta H to (0, 0.9) (20001 pts)
        delta H to (0, 1) (20001 pts)



md11.edr: 0.0 - 20001.0; lambda = (0, 1)
    foreign lambdas:
        delta H to (0, 0.9) (20001 pts)
        delta H to (0, 1) (20001 pts)
        delta H to (0.2, 1) (20001 pts)



md12.edr: 0.0 - 20001.0; lambda = (0.2, 1)
    foreign lambdas:
        delta H to (0, 1) (20001 pts)
        delta H to (0.2, 1) (20001 pts)
        delta H to (0.4, 1) (20001 pts)



md13.edr: 0.0 - 20001.0; lambda = (0.4, 1)
    foreign lambdas:
        delta H to (0.2, 1) (20001 pts)
        delta H to (0.4, 1) (20001 pts)
        delta H to (0.6, 1) (20001 pts)



md14.edr: 0.0 - 20001.0; lambda = (0.6, 1)
    foreign lambdas:
        delta H to (0.4, 1) (20001 pts)
        delta H to (0.6, 1) (20001 pts)
        delta H to (0.8, 1) (20001 pts)



md15.edr: 0.0 - 20001.0; lambda = (0.8, 1)
    foreign lambdas:
        delta H to (0.6, 1) (20001 pts)
        delta H to (0.8, 1) (20001 pts)
        delta H to (1, 1) (20001 pts)



md16.edr: 0.0 - 20001.0; lambda = (1, 1)
    foreign lambdas:
        delta H to (0.8, 1) (20001 pts)
        delta H to (1, 1) (20001 pts)



md1.edr: 0.0 - 20001.0; lambda = (0, 0)
    foreign lambdas:
        delta H to (0, 0) (20001 pts)
        delta H to (0, 0.1) (20001 pts)



md2.edr: 0.0 - 20001.0; lambda = (0, 0.1)
    foreign lambdas:
        delta H to (0, 0) (20001 pts)
        delta H to (0, 0.1) (20001 pts)
        delta H to (0, 0.2) (20001 pts)



md3.edr: 0.0 - 20001.0; lambda = (0, 0.2)
    foreign lambdas:
        delta H to (0, 0.1) (20001 pts)
        delta H to (0, 0.2) (20001 pts)
        delta H to (0, 0.3) (20001 pts)



md4.edr: 0.0 - 20001.0; lambda = (0, 0.3)
    foreign lambdas:
        delta H to (0, 0.2) (20001 pts)
        delta H to (0, 0.3) (20001 pts)
        delta H to (0, 0.4) (20001 pts)



md5.edr: 0.0 - 20001.0; lambda = (0, 0.4)
    foreign lambdas:
        delta H to (0, 0.3) (20001 pts)
        delta H to (0, 0.4) (20001 pts)
        delta H to (0, 0.5) (20001 pts)



md6.edr: 0.0 - 20001.0; lambda = (0, 0.5)
    foreign lambdas:
        delta H to (0, 0.4) (20001 pts)
        delta H to (0, 0.5) (20001 pts)
        delta H to (0, 0.6) (20001 pts)



md7.edr: 0.0 - 20001.0; lambda = (0, 0.6)
    foreign lambdas:
        delta H to (0, 0.5) (20001 pts)
        delta H to (0, 0.6) (20001 pts)
        delta H to (0, 0.7) (20001 pts)



md8.edr: 0.0 - 20001.0; lambda = (0, 0.7)
    foreign lambdas:
        delta H to (0, 0.6) (20001 pts)
        delta H to (0, 0.7) (20001 pts)
        delta H to (0, 0.8) (20001 pts)



md9.edr: 0.0 - 20001.0; lambda = (0, 0.8)
    foreign lambdas:
        delta H to (0, 0.7) (20001 pts)
        delta H to (0, 0.8) (20001 pts)
        delta H to (0, 0.9) (20001 pts)



   Samples in time interval: 0.000 - 20001.000
Removing samples outside of: 0.000 - 2000.000

Temperature: 298.15 K

Detailed results in kT (see help for explanation):

 lam_A  lam_B      DG   +/-     s_A   +/-     s_B   +/-   stdev   +/- 
     0      1    1.06  0.01    0.15  0.01    0.16  0.01    0.57  0.01
     1      2    3.14  0.04    0.60  0.03    0.70  0.04    1.18  0.02
     2      3    3.61  0.09    2.58  0.05    2.23  0.08    2.62  0.04
     3      4    1.45  0.03    2.74  0.07    1.51  0.05    2.14  0.04
     4      5    0.22  0.03    1.40  0.03    0.85  0.02    1.46  0.01
     5      6   -0.37  0.03    0.96  0.03    0.59  0.02    1.20  0.02
     6      7   -0.70  0.02    0.66  0.01    0.42  0.02    1.03  0.01
     7      8   -0.91  0.01    0.57  0.03    0.36  0.02    0.93  0.01
     8      9   -1.07  0.02    0.45  0.02    0.31  0.01    0.83  0.01
     9     10   -1.16  0.01    0.34  0.01    0.23  0.00    0.76  0.01
    10     11   -0.32  0.02    0.33  0.02    0.35  0.01    0.82  0.01
    11     12   -1.08  0.01    0.42  0.01    0.47  0.01    0.95  0.01
    12     13   -2.15  0.02    0.60  0.02    0.66  0.02    1.16  0.02
    13     14   -3.48  0.02    0.67  0.01    0.70  0.01    1.23  0.01
    14     15   -5.02  0.02    0.84  0.01    0.90  0.01    1.37  0.01


Final results in kJ/mol:

point      0 -      1,   DG  2.62 +/-  0.03
point      1 -      2,   DG  7.78 +/-  0.09
point      2 -      3,   DG  8.94 +/-  0.21
point      3 -      4,   DG  3.60 +/-  0.08
point      4 -      5,   DG  0.55 +/-  0.07
point      5 -      6,   DG -0.92 +/-  0.07
point      6 -      7,   DG -1.73 +/-  0.06
point      7 -      8,   DG -2.25 +/-  0.03
point      8 -      9,   DG -2.64 +/-  0.04
point      9 -     10,   DG -2.87 +/-  0.03
point     10 -     11,   DG -0.79 +/-  0.04
point     11 -     12,   DG -2.69 +/-  0.02
point     12 -     13,   DG -5.33 +/-  0.04
point     13 -     14,   DG -8.62 +/-  0.05
point     14 -     15,   DG -12.44 +/-  0.04

total      0 -     15,   DG -16.79 +/-  0.59

