
md10.edr: 0.0 - 20001.0; lambda = (0, 0.9)
    foreign lambdas:
        delta H to (0, 0.8) (20001 pts)
        delta H to (0, 0.9) (20001 pts)
        delta H to (0, 1) (20001 pts)



md11.edr: 0.0 - 20001.0; lambda = (0, 1)
    foreign lambdas:
        delta H to (0, 0.9) (20001 pts)
        delta H to (0, 1) (20001 pts)
        delta H to (0.2, 1) (20001 pts)



md12.edr: 0.0 - 20001.0; lambda = (0.2, 1)
    foreign lambdas:
        delta H to (0, 1) (20001 pts)
        delta H to (0.2, 1) (20001 pts)
        delta H to (0.4, 1) (20001 pts)



md13.edr: 0.0 - 20001.0; lambda = (0.4, 1)
    foreign lambdas:
        delta H to (0.2, 1) (20001 pts)
        delta H to (0.4, 1) (20001 pts)
        delta H to (0.6, 1) (20001 pts)



md14.edr: 0.0 - 20001.0; lambda = (0.6, 1)
    foreign lambdas:
        delta H to (0.4, 1) (20001 pts)
        delta H to (0.6, 1) (20001 pts)
        delta H to (0.8, 1) (20001 pts)



md15.edr: 0.0 - 20001.0; lambda = (0.8, 1)
    foreign lambdas:
        delta H to (0.6, 1) (20001 pts)
        delta H to (0.8, 1) (20001 pts)
        delta H to (1, 1) (20001 pts)



md16.edr: 0.0 - 20001.0; lambda = (1, 1)
    foreign lambdas:
        delta H to (0.8, 1) (20001 pts)
        delta H to (1, 1) (20001 pts)



md1.edr: 0.0 - 20001.0; lambda = (0, 0)
    foreign lambdas:
        delta H to (0, 0) (20001 pts)
        delta H to (0, 0.1) (20001 pts)



md2.edr: 0.0 - 20001.0; lambda = (0, 0.1)
    foreign lambdas:
        delta H to (0, 0) (20001 pts)
        delta H to (0, 0.1) (20001 pts)
        delta H to (0, 0.2) (20001 pts)



md3.edr: 0.0 - 20001.0; lambda = (0, 0.2)
    foreign lambdas:
        delta H to (0, 0.1) (20001 pts)
        delta H to (0, 0.2) (20001 pts)
        delta H to (0, 0.3) (20001 pts)



md4.edr: 0.0 - 20001.0; lambda = (0, 0.3)
    foreign lambdas:
        delta H to (0, 0.2) (20001 pts)
        delta H to (0, 0.3) (20001 pts)
        delta H to (0, 0.4) (20001 pts)



md5.edr: 0.0 - 20001.0; lambda = (0, 0.4)
    foreign lambdas:
        delta H to (0, 0.3) (20001 pts)
        delta H to (0, 0.4) (20001 pts)
        delta H to (0, 0.5) (20001 pts)



md6.edr: 0.0 - 20001.0; lambda = (0, 0.5)
    foreign lambdas:
        delta H to (0, 0.4) (20001 pts)
        delta H to (0, 0.5) (20001 pts)
        delta H to (0, 0.6) (20001 pts)



md7.edr: 0.0 - 20001.0; lambda = (0, 0.6)
    foreign lambdas:
        delta H to (0, 0.5) (20001 pts)
        delta H to (0, 0.6) (20001 pts)
        delta H to (0, 0.7) (20001 pts)



md8.edr: 0.0 - 20001.0; lambda = (0, 0.7)
    foreign lambdas:
        delta H to (0, 0.6) (20001 pts)
        delta H to (0, 0.7) (20001 pts)
        delta H to (0, 0.8) (20001 pts)



md9.edr: 0.0 - 20001.0; lambda = (0, 0.8)
    foreign lambdas:
        delta H to (0, 0.7) (20001 pts)
        delta H to (0, 0.8) (20001 pts)
        delta H to (0, 0.9) (20001 pts)



   Samples in time interval: 0.000 - 20001.000
Removing samples outside of: 0.000 - 4000.000

Temperature: 298.15 K

Detailed results in kT (see help for explanation):

 lam_A  lam_B      DG   +/-     s_A   +/-     s_B   +/-   stdev   +/- 
     0      1    1.06  0.01    0.15  0.01    0.16  0.01    0.56  0.01
     1      2    3.14  0.02    0.62  0.01    0.73  0.01    1.18  0.00
     2      3    3.47  0.02    2.68  0.03    2.28  0.03    2.69  0.03
     3      4    1.31  0.02    2.57  0.02    1.41  0.03    2.05  0.02
     4      5    0.17  0.02    1.40  0.04    0.85  0.02    1.48  0.02
     5      6   -0.41  0.03    0.92  0.03    0.58  0.02    1.19  0.02
     6      7   -0.74  0.01    0.67  0.01    0.43  0.01    1.00  0.01
     7      8   -0.94  0.01    0.53  0.01    0.36  0.01    0.89  0.01
     8      9   -1.10  0.01    0.43  0.00    0.30  0.00    0.81  0.01
     9     10   -1.17  0.01    0.34  0.01    0.23  0.01    0.75  0.01
    10     11   -0.24  0.01    0.27  0.01    0.29  0.01    0.74  0.00
    11     12   -0.89  0.01    0.36  0.01    0.41  0.01    0.88  0.01
    12     13   -1.81  0.02    0.51  0.02    0.58  0.02    1.07  0.01
    13     14   -3.09  0.00    0.70  0.02    0.75  0.03    1.24  0.01
    14     15   -4.65  0.03    0.81  0.03    0.84  0.02    1.33  0.01


Final results in kJ/mol:

point      0 -      1,   DG  2.63 +/-  0.02
point      1 -      2,   DG  7.79 +/-  0.05
point      2 -      3,   DG  8.60 +/-  0.06
point      3 -      4,   DG  3.26 +/-  0.05
point      4 -      5,   DG  0.43 +/-  0.06
point      5 -      6,   DG -1.02 +/-  0.06
point      6 -      7,   DG -1.83 +/-  0.03
point      7 -      8,   DG -2.34 +/-  0.02
point      8 -      9,   DG -2.71 +/-  0.03
point      9 -     10,   DG -2.91 +/-  0.01
point     10 -     11,   DG -0.60 +/-  0.02
point     11 -     12,   DG -2.21 +/-  0.03
point     12 -     13,   DG -4.49 +/-  0.04
point     13 -     14,   DG -7.65 +/-  0.01
point     14 -     15,   DG -11.52 +/-  0.06

total      0 -     15,   DG -14.59 +/-  0.17

