
md10.edr: 0.0 - 20001.0; lambda = (0, 0.9)
    foreign lambdas:
        delta H to (0, 0.8) (20001 pts)
        delta H to (0, 0.9) (20001 pts)
        delta H to (0, 1) (20001 pts)



md11.edr: 0.0 - 20001.0; lambda = (0, 1)
    foreign lambdas:
        delta H to (0, 0.9) (20001 pts)
        delta H to (0, 1) (20001 pts)
        delta H to (0.2, 1) (20001 pts)



md12.edr: 0.0 - 20001.0; lambda = (0.2, 1)
    foreign lambdas:
        delta H to (0, 1) (20001 pts)
        delta H to (0.2, 1) (20001 pts)
        delta H to (0.4, 1) (20001 pts)



md13.edr: 0.0 - 20001.0; lambda = (0.4, 1)
    foreign lambdas:
        delta H to (0.2, 1) (20001 pts)
        delta H to (0.4, 1) (20001 pts)
        delta H to (0.6, 1) (20001 pts)



md14.edr: 0.0 - 20001.0; lambda = (0.6, 1)
    foreign lambdas:
        delta H to (0.4, 1) (20001 pts)
        delta H to (0.6, 1) (20001 pts)
        delta H to (0.8, 1) (20001 pts)



md15.edr: 0.0 - 20001.0; lambda = (0.8, 1)
    foreign lambdas:
        delta H to (0.6, 1) (20001 pts)
        delta H to (0.8, 1) (20001 pts)
        delta H to (1, 1) (20001 pts)



md16.edr: 0.0 - 20001.0; lambda = (1, 1)
    foreign lambdas:
        delta H to (0.8, 1) (20001 pts)
        delta H to (1, 1) (20001 pts)



md1.edr: 0.0 - 20001.0; lambda = (0, 0)
    foreign lambdas:
        delta H to (0, 0) (20001 pts)
        delta H to (0, 0.1) (20001 pts)



md2.edr: 0.0 - 20001.0; lambda = (0, 0.1)
    foreign lambdas:
        delta H to (0, 0) (20001 pts)
        delta H to (0, 0.1) (20001 pts)
        delta H to (0, 0.2) (20001 pts)



md3.edr: 0.0 - 20001.0; lambda = (0, 0.2)
    foreign lambdas:
        delta H to (0, 0.1) (20001 pts)
        delta H to (0, 0.2) (20001 pts)
        delta H to (0, 0.3) (20001 pts)



md4.edr: 0.0 - 20001.0; lambda = (0, 0.3)
    foreign lambdas:
        delta H to (0, 0.2) (20001 pts)
        delta H to (0, 0.3) (20001 pts)
        delta H to (0, 0.4) (20001 pts)



md5.edr: 0.0 - 20001.0; lambda = (0, 0.4)
    foreign lambdas:
        delta H to (0, 0.3) (20001 pts)
        delta H to (0, 0.4) (20001 pts)
        delta H to (0, 0.5) (20001 pts)



md6.edr: 0.0 - 20001.0; lambda = (0, 0.5)
    foreign lambdas:
        delta H to (0, 0.4) (20001 pts)
        delta H to (0, 0.5) (20001 pts)
        delta H to (0, 0.6) (20001 pts)



md7.edr: 0.0 - 20001.0; lambda = (0, 0.6)
    foreign lambdas:
        delta H to (0, 0.5) (20001 pts)
        delta H to (0, 0.6) (20001 pts)
        delta H to (0, 0.7) (20001 pts)



md8.edr: 0.0 - 20001.0; lambda = (0, 0.7)
    foreign lambdas:
        delta H to (0, 0.6) (20001 pts)
        delta H to (0, 0.7) (20001 pts)
        delta H to (0, 0.8) (20001 pts)



md9.edr: 0.0 - 20001.0; lambda = (0, 0.8)
    foreign lambdas:
        delta H to (0, 0.7) (20001 pts)
        delta H to (0, 0.8) (20001 pts)
        delta H to (0, 0.9) (20001 pts)



   Samples in time interval: 0.000 - 20001.000
Removing samples outside of: 0.000 - 1000.000

Temperature: 298.15 K

Detailed results in kT (see help for explanation):

 lam_A  lam_B      DG   +/-     s_A   +/-     s_B   +/-   stdev   +/- 
     0      1    1.06  0.01    0.14  0.01    0.15  0.01    0.56  0.01
     1      2    3.17  0.05    0.60  0.04    0.70  0.06    1.17  0.05
     2      3    3.49  0.13    2.76  0.08    2.31  0.17    2.71  0.12
     3      4    1.28  0.07    2.56  0.06    1.45  0.02    2.07  0.03
     4      5    0.13  0.05    1.32  0.06    0.81  0.03    1.43  0.03
     5      6   -0.39  0.02    0.90  0.03    0.59  0.02    1.19  0.02
     6      7   -0.73  0.01    0.69  0.03    0.44  0.01    1.00  0.02
     7      8   -0.94  0.02    0.53  0.01    0.36  0.02    0.90  0.01
     8      9   -1.10  0.03    0.43  0.01    0.29  0.01    0.80  0.01
     9     10   -1.18  0.02    0.34  0.02    0.24  0.01    0.76  0.02
    10     11   -0.25  0.02    0.29  0.01    0.32  0.01    0.74  0.01
    11     12   -0.93  0.01    0.37  0.02    0.42  0.02    0.88  0.03
    12     13   -1.80  0.02    0.45  0.03    0.51  0.03    1.04  0.02
    13     14   -3.07  0.04    0.75  0.03    0.82  0.03    1.24  0.02
    14     15   -4.63  0.02    0.74  0.05    0.77  0.04    1.31  0.02


Final results in kJ/mol:

point      0 -      1,   DG  2.63 +/-  0.03
point      1 -      2,   DG  7.87 +/-  0.13
point      2 -      3,   DG  8.64 +/-  0.32
point      3 -      4,   DG  3.18 +/-  0.16
point      4 -      5,   DG  0.33 +/-  0.12
point      5 -      6,   DG -0.96 +/-  0.04
point      6 -      7,   DG -1.81 +/-  0.02
point      7 -      8,   DG -2.34 +/-  0.04
point      8 -      9,   DG -2.73 +/-  0.07
point      9 -     10,   DG -2.93 +/-  0.05
point     10 -     11,   DG -0.62 +/-  0.05
point     11 -     12,   DG -2.31 +/-  0.02
point     12 -     13,   DG -4.47 +/-  0.06
point     13 -     14,   DG -7.60 +/-  0.11
point     14 -     15,   DG -11.47 +/-  0.04

total      0 -     15,   DG -14.59 +/-  0.55

