
md10.edr: 0.0 - 20001.0; lambda = (0, 0.9)
    foreign lambdas:
        delta H to (0, 0.8) (20001 pts)
        delta H to (0, 0.9) (20001 pts)
        delta H to (0, 1) (20001 pts)



md11.edr: 0.0 - 20001.0; lambda = (0, 1)
    foreign lambdas:
        delta H to (0, 0.9) (20001 pts)
        delta H to (0, 1) (20001 pts)
        delta H to (0.2, 1) (20001 pts)



md12.edr: 0.0 - 20001.0; lambda = (0.2, 1)
    foreign lambdas:
        delta H to (0, 1) (20001 pts)
        delta H to (0.2, 1) (20001 pts)
        delta H to (0.4, 1) (20001 pts)



md13.edr: 0.0 - 20001.0; lambda = (0.4, 1)
    foreign lambdas:
        delta H to (0.2, 1) (20001 pts)
        delta H to (0.4, 1) (20001 pts)
        delta H to (0.6, 1) (20001 pts)



md14.edr: 0.0 - 20001.0; lambda = (0.6, 1)
    foreign lambdas:
        delta H to (0.4, 1) (20001 pts)
        delta H to (0.6, 1) (20001 pts)
        delta H to (0.8, 1) (20001 pts)



md15.edr: 0.0 - 20001.0; lambda = (0.8, 1)
    foreign lambdas:
        delta H to (0.6, 1) (20001 pts)
        delta H to (0.8, 1) (20001 pts)
        delta H to (1, 1) (20001 pts)



md16.edr: 0.0 - 20001.0; lambda = (1, 1)
    foreign lambdas:
        delta H to (0.8, 1) (20001 pts)
        delta H to (1, 1) (20001 pts)



md1.edr: 0.0 - 20001.0; lambda = (0, 0)
    foreign lambdas:
        delta H to (0, 0) (20001 pts)
        delta H to (0, 0.1) (20001 pts)



md2.edr: 0.0 - 20001.0; lambda = (0, 0.1)
    foreign lambdas:
        delta H to (0, 0) (20001 pts)
        delta H to (0, 0.1) (20001 pts)
        delta H to (0, 0.2) (20001 pts)



md3.edr: 0.0 - 20001.0; lambda = (0, 0.2)
    foreign lambdas:
        delta H to (0, 0.1) (20001 pts)
        delta H to (0, 0.2) (20001 pts)
        delta H to (0, 0.3) (20001 pts)



md4.edr: 0.0 - 20001.0; lambda = (0, 0.3)
    foreign lambdas:
        delta H to (0, 0.2) (20001 pts)
        delta H to (0, 0.3) (20001 pts)
        delta H to (0, 0.4) (20001 pts)



md5.edr: 0.0 - 20001.0; lambda = (0, 0.4)
    foreign lambdas:
        delta H to (0, 0.3) (20001 pts)
        delta H to (0, 0.4) (20001 pts)
        delta H to (0, 0.5) (20001 pts)



md6.edr: 0.0 - 20001.0; lambda = (0, 0.5)
    foreign lambdas:
        delta H to (0, 0.4) (20001 pts)
        delta H to (0, 0.5) (20001 pts)
        delta H to (0, 0.6) (20001 pts)



md7.edr: 0.0 - 20001.0; lambda = (0, 0.6)
    foreign lambdas:
        delta H to (0, 0.5) (20001 pts)
        delta H to (0, 0.6) (20001 pts)
        delta H to (0, 0.7) (20001 pts)



md8.edr: 0.0 - 20001.0; lambda = (0, 0.7)
    foreign lambdas:
        delta H to (0, 0.6) (20001 pts)
        delta H to (0, 0.7) (20001 pts)
        delta H to (0, 0.8) (20001 pts)



md9.edr: 0.0 - 20001.0; lambda = (0, 0.8)
    foreign lambdas:
        delta H to (0, 0.7) (20001 pts)
        delta H to (0, 0.8) (20001 pts)
        delta H to (0, 0.9) (20001 pts)



   Samples in time interval: 0.000 - 20001.000
Removing samples outside of: 0.000 - 2000.000

Temperature: 298.15 K

Detailed results in kT (see help for explanation):

 lam_A  lam_B      DG   +/-     s_A   +/-     s_B   +/-   stdev   +/- 
     0      1    0.93  0.11    0.80  0.09    0.78  0.09    1.31  0.05
     1      2    1.45  0.20    2.33  0.18    1.88  0.12    2.27  0.09
     2      3    0.16  0.14    2.16  0.22    1.27  0.15    1.93  0.11
     3      4   -0.60  0.05    1.42  0.07    0.87  0.04    1.50  0.03
     4      5   -1.01  0.04    1.23  0.06    0.78  0.04    1.36  0.02
     5      6   -1.37  0.03    0.85  0.03    0.55  0.03    1.15  0.01
     6      7   -1.53  0.05    0.72  0.05    0.46  0.04    1.08  0.02
     7      8   -1.70  0.03    0.81  0.03    0.53  0.02    1.07  0.01
     8      9   -1.87  0.02    0.58  0.03    0.36  0.03    0.94  0.01
     9     10   -1.94  0.02    0.49  0.03    0.31  0.02    0.86  0.01
    10     11   -0.05  0.03    0.07  0.02    0.06  0.02    0.29  0.03
    11     12   -0.22  0.03    0.11  0.02    0.11  0.02    0.34  0.02
    12     13   -0.40  0.01    0.07  0.04    0.09  0.04    0.43  0.02
    13     14   -0.52  0.09    0.03  0.08    0.05  0.08    0.49  0.04
    14     15   -1.02  0.09    0.44  0.13    0.51  0.17    0.77  0.10


Final results in kJ/mol:

point      0 -      1,   DG  2.30 +/-  0.28
point      1 -      2,   DG  3.58 +/-  0.49
point      2 -      3,   DG  0.39 +/-  0.34
point      3 -      4,   DG -1.48 +/-  0.12
point      4 -      5,   DG -2.51 +/-  0.11
point      5 -      6,   DG -3.40 +/-  0.08
point      6 -      7,   DG -3.79 +/-  0.12
point      7 -      8,   DG -4.23 +/-  0.08
point      8 -      9,   DG -4.64 +/-  0.04
point      9 -     10,   DG -4.81 +/-  0.05
point     10 -     11,   DG -0.11 +/-  0.08
point     11 -     12,   DG -0.54 +/-  0.06
point     12 -     13,   DG -1.00 +/-  0.04
point     13 -     14,   DG -1.30 +/-  0.23
point     14 -     15,   DG -2.53 +/-  0.21

total      0 -     15,   DG -24.06 +/-  0.74

