
md10.edr: 0.0 - 20001.0; lambda = (0, 0.9)
    foreign lambdas:
        delta H to (0, 0.8) (20001 pts)
        delta H to (0, 0.9) (20001 pts)
        delta H to (0, 1) (20001 pts)



md11.edr: 0.0 - 20001.0; lambda = (0, 1)
    foreign lambdas:
        delta H to (0, 0.9) (20001 pts)
        delta H to (0, 1) (20001 pts)
        delta H to (0.2, 1) (20001 pts)



md12.edr: 0.0 - 20001.0; lambda = (0.2, 1)
    foreign lambdas:
        delta H to (0, 1) (20001 pts)
        delta H to (0.2, 1) (20001 pts)
        delta H to (0.4, 1) (20001 pts)



md13.edr: 0.0 - 20001.0; lambda = (0.4, 1)
    foreign lambdas:
        delta H to (0.2, 1) (20001 pts)
        delta H to (0.4, 1) (20001 pts)
        delta H to (0.6, 1) (20001 pts)



md14.edr: 0.0 - 20001.0; lambda = (0.6, 1)
    foreign lambdas:
        delta H to (0.4, 1) (20001 pts)
        delta H to (0.6, 1) (20001 pts)
        delta H to (0.8, 1) (20001 pts)



md15.edr: 0.0 - 20001.0; lambda = (0.8, 1)
    foreign lambdas:
        delta H to (0.6, 1) (20001 pts)
        delta H to (0.8, 1) (20001 pts)
        delta H to (1, 1) (20001 pts)



md16.edr: 0.0 - 20001.0; lambda = (1, 1)
    foreign lambdas:
        delta H to (0.8, 1) (20001 pts)
        delta H to (1, 1) (20001 pts)



md1.edr: 0.0 - 20001.0; lambda = (0, 0)
    foreign lambdas:
        delta H to (0, 0) (20001 pts)
        delta H to (0, 0.1) (20001 pts)



md2.edr: 0.0 - 20001.0; lambda = (0, 0.1)
    foreign lambdas:
        delta H to (0, 0) (20001 pts)
        delta H to (0, 0.1) (20001 pts)
        delta H to (0, 0.2) (20001 pts)



md3.edr: 0.0 - 20001.0; lambda = (0, 0.2)
    foreign lambdas:
        delta H to (0, 0.1) (20001 pts)
        delta H to (0, 0.2) (20001 pts)
        delta H to (0, 0.3) (20001 pts)



md4.edr: 0.0 - 20001.0; lambda = (0, 0.3)
    foreign lambdas:
        delta H to (0, 0.2) (20001 pts)
        delta H to (0, 0.3) (20001 pts)
        delta H to (0, 0.4) (20001 pts)



md5.edr: 0.0 - 20001.0; lambda = (0, 0.4)
    foreign lambdas:
        delta H to (0, 0.3) (20001 pts)
        delta H to (0, 0.4) (20001 pts)
        delta H to (0, 0.5) (20001 pts)



md6.edr: 0.0 - 20001.0; lambda = (0, 0.5)
    foreign lambdas:
        delta H to (0, 0.4) (20001 pts)
        delta H to (0, 0.5) (20001 pts)
        delta H to (0, 0.6) (20001 pts)



md7.edr: 0.0 - 20001.0; lambda = (0, 0.6)
    foreign lambdas:
        delta H to (0, 0.5) (20001 pts)
        delta H to (0, 0.6) (20001 pts)
        delta H to (0, 0.7) (20001 pts)



md8.edr: 0.0 - 20001.0; lambda = (0, 0.7)
    foreign lambdas:
        delta H to (0, 0.6) (20001 pts)
        delta H to (0, 0.7) (20001 pts)
        delta H to (0, 0.8) (20001 pts)



md9.edr: 0.0 - 20001.0; lambda = (0, 0.8)
    foreign lambdas:
        delta H to (0, 0.7) (20001 pts)
        delta H to (0, 0.8) (20001 pts)
        delta H to (0, 0.9) (20001 pts)



   Samples in time interval: 0.000 - 20001.000
Removing samples outside of: 0.000 - 5000.000

Temperature: 298.15 K

Detailed results in kT (see help for explanation):

 lam_A  lam_B      DG   +/-     s_A   +/-     s_B   +/-   stdev   +/- 
     0      1    1.36  0.20    0.56  0.12    0.59  0.10    1.26  0.05
     1      2    1.90  0.28    3.09  0.31    2.36  0.28    2.77  0.29
     2      3    0.10  0.08    2.13  0.09    1.25  0.04    1.91  0.05
     3      4   -0.62  0.03    1.48  0.08    0.90  0.04    1.54  0.03
     4      5   -1.07  0.03    1.15  0.06    0.73  0.03    1.34  0.02
     5      6   -1.37  0.03    0.92  0.05    0.58  0.03    1.18  0.02
     6      7   -1.57  0.02    0.75  0.02    0.48  0.01    1.08  0.01
     7      8   -1.74  0.02    0.73  0.04    0.46  0.04    1.02  0.02
     8      9   -1.84  0.03    0.60  0.03    0.38  0.02    0.95  0.01
     9     10   -1.93  0.02    0.52  0.03    0.33  0.02    0.88  0.02
    10     11   -0.06  0.02    0.08  0.02    0.07  0.02    0.31  0.03
    11     12   -0.26  0.03    0.12  0.01    0.13  0.01    0.37  0.01
    12     13   -0.53  0.06    0.14  0.05    0.16  0.06    0.50  0.04
    13     14   -0.83  0.16    0.14  0.07    0.19  0.08    0.66  0.07
    14     15   -1.15  0.09    0.13  0.16    0.19  0.17    0.76  0.06


Final results in kJ/mol:

point      0 -      1,   DG  3.37 +/-  0.49
point      1 -      2,   DG  4.72 +/-  0.69
point      2 -      3,   DG  0.24 +/-  0.21
point      3 -      4,   DG -1.53 +/-  0.08
point      4 -      5,   DG -2.65 +/-  0.09
point      5 -      6,   DG -3.39 +/-  0.08
point      6 -      7,   DG -3.89 +/-  0.05
point      7 -      8,   DG -4.32 +/-  0.05
point      8 -      9,   DG -4.56 +/-  0.06
point      9 -     10,   DG -4.78 +/-  0.05
point     10 -     11,   DG -0.15 +/-  0.06
point     11 -     12,   DG -0.64 +/-  0.08
point     12 -     13,   DG -1.32 +/-  0.14
point     13 -     14,   DG -2.06 +/-  0.40
point     14 -     15,   DG -2.86 +/-  0.21

total      0 -     15,   DG -23.79 +/-  1.12

