
md10.edr: 0.0 - 20001.0; lambda = (0, 0.9)
    foreign lambdas:
        delta H to (0, 0.8) (20001 pts)
        delta H to (0, 0.9) (20001 pts)
        delta H to (0, 1) (20001 pts)



md11.edr: 0.0 - 20001.0; lambda = (0, 1)
    foreign lambdas:
        delta H to (0, 0.9) (20001 pts)
        delta H to (0, 1) (20001 pts)
        delta H to (0.2, 1) (20001 pts)



md12.edr: 0.0 - 20001.0; lambda = (0.2, 1)
    foreign lambdas:
        delta H to (0, 1) (20001 pts)
        delta H to (0.2, 1) (20001 pts)
        delta H to (0.4, 1) (20001 pts)



md13.edr: 0.0 - 20001.0; lambda = (0.4, 1)
    foreign lambdas:
        delta H to (0.2, 1) (20001 pts)
        delta H to (0.4, 1) (20001 pts)
        delta H to (0.6, 1) (20001 pts)



md14.edr: 0.0 - 20001.0; lambda = (0.6, 1)
    foreign lambdas:
        delta H to (0.4, 1) (20001 pts)
        delta H to (0.6, 1) (20001 pts)
        delta H to (0.8, 1) (20001 pts)



md15.edr: 0.0 - 20001.0; lambda = (0.8, 1)
    foreign lambdas:
        delta H to (0.6, 1) (20001 pts)
        delta H to (0.8, 1) (20001 pts)
        delta H to (1, 1) (20001 pts)



md16.edr: 0.0 - 20001.0; lambda = (1, 1)
    foreign lambdas:
        delta H to (0.8, 1) (20001 pts)
        delta H to (1, 1) (20001 pts)



md1.edr: 0.0 - 20001.0; lambda = (0, 0)
    foreign lambdas:
        delta H to (0, 0) (20001 pts)
        delta H to (0, 0.1) (20001 pts)



md2.edr: 0.0 - 20001.0; lambda = (0, 0.1)
    foreign lambdas:
        delta H to (0, 0) (20001 pts)
        delta H to (0, 0.1) (20001 pts)
        delta H to (0, 0.2) (20001 pts)



md3.edr: 0.0 - 20001.0; lambda = (0, 0.2)
    foreign lambdas:
        delta H to (0, 0.1) (20001 pts)
        delta H to (0, 0.2) (20001 pts)
        delta H to (0, 0.3) (20001 pts)



md4.edr: 0.0 - 20001.0; lambda = (0, 0.3)
    foreign lambdas:
        delta H to (0, 0.2) (20001 pts)
        delta H to (0, 0.3) (20001 pts)
        delta H to (0, 0.4) (20001 pts)



md5.edr: 0.0 - 20001.0; lambda = (0, 0.4)
    foreign lambdas:
        delta H to (0, 0.3) (20001 pts)
        delta H to (0, 0.4) (20001 pts)
        delta H to (0, 0.5) (20001 pts)



md6.edr: 0.0 - 20001.0; lambda = (0, 0.5)
    foreign lambdas:
        delta H to (0, 0.4) (20001 pts)
        delta H to (0, 0.5) (20001 pts)
        delta H to (0, 0.6) (20001 pts)



md7.edr: 0.0 - 20001.0; lambda = (0, 0.6)
    foreign lambdas:
        delta H to (0, 0.5) (20001 pts)
        delta H to (0, 0.6) (20001 pts)
        delta H to (0, 0.7) (20001 pts)



md8.edr: 0.0 - 20001.0; lambda = (0, 0.7)
    foreign lambdas:
        delta H to (0, 0.6) (20001 pts)
        delta H to (0, 0.7) (20001 pts)
        delta H to (0, 0.8) (20001 pts)



md9.edr: 0.0 - 20001.0; lambda = (0, 0.8)
    foreign lambdas:
        delta H to (0, 0.7) (20001 pts)
        delta H to (0, 0.8) (20001 pts)
        delta H to (0, 0.9) (20001 pts)



   Samples in time interval: 0.000 - 20001.000
Removing samples outside of: 0.000 - 1000.000

Temperature: 298.15 K

Detailed results in kT (see help for explanation):

 lam_A  lam_B      DG   +/-     s_A   +/-     s_B   +/-   stdev   +/- 
     0      1    0.82  0.12    0.94  0.15    0.86  0.15    1.37  0.10
     1      2    1.46  0.12    2.00  0.15    1.71  0.13    2.13  0.08
     2      3    0.24  0.20    2.38  0.23    1.39  0.14    2.03  0.11
     3      4   -0.65  0.10    1.45  0.12    0.85  0.05    1.48  0.06
     4      5   -1.08  0.05    1.17  0.07    0.75  0.03    1.32  0.02
     5      6   -1.41  0.05    0.83  0.08    0.53  0.06    1.13  0.03
     6      7   -1.52  0.08    0.70  0.06    0.45  0.06    1.07  0.02
     7      8   -1.67  0.06    0.79  0.07    0.50  0.05    1.06  0.03
     8      9   -1.84  0.03    0.65  0.05    0.40  0.04    0.98  0.02
     9     10   -1.91  0.02    0.46  0.04    0.28  0.03    0.86  0.02
    10     11   -0.02  0.04    0.12  0.05    0.11  0.04    0.33  0.04
    11     12   -0.26  0.05    0.13  0.02    0.13  0.02    0.36  0.02
    12     13   -0.45  0.07    0.05  0.04    0.07  0.05    0.46  0.05
    13     14   -0.39  0.07   -0.13  0.05   -0.10  0.05    0.45  0.06
    14     15   -0.94  0.08    0.65  0.06    0.77  0.25    0.88  0.13

WARNING: Some of these results violate the Second Law of Thermodynamics: 
         This is can be the result of severe undersampling, or (more likely)
         there is something wrong with the simulations.


Final results in kJ/mol:

point      0 -      1,   DG  2.04 +/-  0.30
point      1 -      2,   DG  3.61 +/-  0.30
point      2 -      3,   DG  0.60 +/-  0.48
point      3 -      4,   DG -1.62 +/-  0.24
point      4 -      5,   DG -2.68 +/-  0.13
point      5 -      6,   DG -3.49 +/-  0.11
point      6 -      7,   DG -3.77 +/-  0.20
point      7 -      8,   DG -4.15 +/-  0.14
point      8 -      9,   DG -4.57 +/-  0.08
point      9 -     10,   DG -4.74 +/-  0.06
point     10 -     11,   DG -0.05 +/-  0.11
point     11 -     12,   DG -0.65 +/-  0.11
point     12 -     13,   DG -1.11 +/-  0.16
point     13 -     14,   DG -0.97 +/-  0.19
point     14 -     15,   DG -2.34 +/-  0.19

total      0 -     15,   DG -23.87 +/-  0.93

