
md10.edr: 0.0 - 20001.0; lambda = (0, 0.9)
    foreign lambdas:
        delta H to (0, 0.8) (20001 pts)
        delta H to (0, 0.9) (20001 pts)
        delta H to (0, 1) (20001 pts)



md11.edr: 0.0 - 20001.0; lambda = (0, 1)
    foreign lambdas:
        delta H to (0, 0.9) (20001 pts)
        delta H to (0, 1) (20001 pts)
        delta H to (0.2, 1) (20001 pts)



md12.edr: 0.0 - 20001.0; lambda = (0.2, 1)
    foreign lambdas:
        delta H to (0, 1) (20001 pts)
        delta H to (0.2, 1) (20001 pts)
        delta H to (0.4, 1) (20001 pts)



md13.edr: 0.0 - 20001.0; lambda = (0.4, 1)
    foreign lambdas:
        delta H to (0.2, 1) (20001 pts)
        delta H to (0.4, 1) (20001 pts)
        delta H to (0.6, 1) (20001 pts)



md14.edr: 0.0 - 20001.0; lambda = (0.6, 1)
    foreign lambdas:
        delta H to (0.4, 1) (20001 pts)
        delta H to (0.6, 1) (20001 pts)
        delta H to (0.8, 1) (20001 pts)



md15.edr: 0.0 - 20001.0; lambda = (0.8, 1)
    foreign lambdas:
        delta H to (0.6, 1) (20001 pts)
        delta H to (0.8, 1) (20001 pts)
        delta H to (1, 1) (20001 pts)



md16.edr: 0.0 - 20001.0; lambda = (1, 1)
    foreign lambdas:
        delta H to (0.8, 1) (20001 pts)
        delta H to (1, 1) (20001 pts)



md1.edr: 0.0 - 20001.0; lambda = (0, 0)
    foreign lambdas:
        delta H to (0, 0) (20001 pts)
        delta H to (0, 0.1) (20001 pts)



md2.edr: 0.0 - 20001.0; lambda = (0, 0.1)
    foreign lambdas:
        delta H to (0, 0) (20001 pts)
        delta H to (0, 0.1) (20001 pts)
        delta H to (0, 0.2) (20001 pts)



md3.edr: 0.0 - 20001.0; lambda = (0, 0.2)
    foreign lambdas:
        delta H to (0, 0.1) (20001 pts)
        delta H to (0, 0.2) (20001 pts)
        delta H to (0, 0.3) (20001 pts)



md4.edr: 0.0 - 20001.0; lambda = (0, 0.3)
    foreign lambdas:
        delta H to (0, 0.2) (20001 pts)
        delta H to (0, 0.3) (20001 pts)
        delta H to (0, 0.4) (20001 pts)



md5.edr: 0.0 - 20001.0; lambda = (0, 0.4)
    foreign lambdas:
        delta H to (0, 0.3) (20001 pts)
        delta H to (0, 0.4) (20001 pts)
        delta H to (0, 0.5) (20001 pts)



md6.edr: 0.0 - 20001.0; lambda = (0, 0.5)
    foreign lambdas:
        delta H to (0, 0.4) (20001 pts)
        delta H to (0, 0.5) (20001 pts)
        delta H to (0, 0.6) (20001 pts)



md7.edr: 0.0 - 20001.0; lambda = (0, 0.6)
    foreign lambdas:
        delta H to (0, 0.5) (20001 pts)
        delta H to (0, 0.6) (20001 pts)
        delta H to (0, 0.7) (20001 pts)



md8.edr: 0.0 - 20001.0; lambda = (0, 0.7)
    foreign lambdas:
        delta H to (0, 0.6) (20001 pts)
        delta H to (0, 0.7) (20001 pts)
        delta H to (0, 0.8) (20001 pts)



md9.edr: 0.0 - 20001.0; lambda = (0, 0.8)
    foreign lambdas:
        delta H to (0, 0.7) (20001 pts)
        delta H to (0, 0.8) (20001 pts)
        delta H to (0, 0.9) (20001 pts)



   Samples in time interval: 0.000 - 20001.000
Removing samples outside of: 0.000 - 6000.000

Temperature: 298.15 K

Detailed results in kT (see help for explanation):

 lam_A  lam_B      DG   +/-     s_A   +/-     s_B   +/-   stdev   +/- 
     0      1    1.36  0.18    0.62  0.12    0.66  0.11    1.28  0.05
     1      2    1.78  0.29    3.07  0.27    2.31  0.26    2.74  0.28
     2      3    0.03  0.08    2.04  0.11    1.21  0.05    1.87  0.05
     3      4   -0.64  0.04    1.49  0.05    0.90  0.02    1.53  0.02
     4      5   -1.08  0.02    1.12  0.05    0.71  0.03    1.32  0.02
     5      6   -1.36  0.01    0.91  0.04    0.59  0.02    1.18  0.02
     6      7   -1.57  0.02    0.75  0.03    0.48  0.02    1.08  0.01
     7      8   -1.74  0.02    0.73  0.03    0.46  0.03    1.02  0.02
     8      9   -1.84  0.01    0.62  0.03    0.39  0.02    0.96  0.01
     9     10   -1.94  0.02    0.51  0.03    0.33  0.02    0.88  0.01
    10     11   -0.07  0.02    0.07  0.02    0.07  0.02    0.32  0.02
    11     12   -0.27  0.03    0.14  0.03    0.14  0.03    0.40  0.03
    12     13   -0.54  0.06    0.13  0.03    0.15  0.03    0.51  0.03
    13     14   -0.84  0.15    0.15  0.10    0.20  0.10    0.66  0.08
    14     15   -1.16  0.09    0.12  0.16    0.18  0.17    0.77  0.04


Final results in kJ/mol:

point      0 -      1,   DG  3.36 +/-  0.45
point      1 -      2,   DG  4.40 +/-  0.73
point      2 -      3,   DG  0.09 +/-  0.20
point      3 -      4,   DG -1.60 +/-  0.11
point      4 -      5,   DG -2.67 +/-  0.05
point      5 -      6,   DG -3.38 +/-  0.03
point      6 -      7,   DG -3.89 +/-  0.04
point      7 -      8,   DG -4.31 +/-  0.05
point      8 -      9,   DG -4.57 +/-  0.03
point      9 -     10,   DG -4.81 +/-  0.05
point     10 -     11,   DG -0.17 +/-  0.06
point     11 -     12,   DG -0.67 +/-  0.08
point     12 -     13,   DG -1.34 +/-  0.15
point     13 -     14,   DG -2.09 +/-  0.37
point     14 -     15,   DG -2.88 +/-  0.22

total      0 -     15,   DG -24.52 +/-  1.31

