
md10.edr: 0.0 - 20001.0; lambda = (0, 0.9)
    foreign lambdas:
        delta H to (0, 0.8) (20001 pts)
        delta H to (0, 0.9) (20001 pts)
        delta H to (0, 1) (20001 pts)



md11.edr: 0.0 - 20001.0; lambda = (0, 1)
    foreign lambdas:
        delta H to (0, 0.9) (20001 pts)
        delta H to (0, 1) (20001 pts)
        delta H to (0.2, 1) (20001 pts)



md12.edr: 0.0 - 20001.0; lambda = (0.2, 1)
    foreign lambdas:
        delta H to (0, 1) (20001 pts)
        delta H to (0.2, 1) (20001 pts)
        delta H to (0.4, 1) (20001 pts)



md13.edr: 0.0 - 20001.0; lambda = (0.4, 1)
    foreign lambdas:
        delta H to (0.2, 1) (20001 pts)
        delta H to (0.4, 1) (20001 pts)
        delta H to (0.6, 1) (20001 pts)



md14.edr: 0.0 - 20001.0; lambda = (0.6, 1)
    foreign lambdas:
        delta H to (0.4, 1) (20001 pts)
        delta H to (0.6, 1) (20001 pts)
        delta H to (0.8, 1) (20001 pts)



md15.edr: 0.0 - 20001.0; lambda = (0.8, 1)
    foreign lambdas:
        delta H to (0.6, 1) (20001 pts)
        delta H to (0.8, 1) (20001 pts)
        delta H to (1, 1) (20001 pts)



md16.edr: 0.0 - 20001.0; lambda = (1, 1)
    foreign lambdas:
        delta H to (0.8, 1) (20001 pts)
        delta H to (1, 1) (20001 pts)



md1.edr: 0.0 - 20001.0; lambda = (0, 0)
    foreign lambdas:
        delta H to (0, 0) (20001 pts)
        delta H to (0, 0.1) (20001 pts)



md2.edr: 0.0 - 20001.0; lambda = (0, 0.1)
    foreign lambdas:
        delta H to (0, 0) (20001 pts)
        delta H to (0, 0.1) (20001 pts)
        delta H to (0, 0.2) (20001 pts)



md3.edr: 0.0 - 20001.0; lambda = (0, 0.2)
    foreign lambdas:
        delta H to (0, 0.1) (20001 pts)
        delta H to (0, 0.2) (20001 pts)
        delta H to (0, 0.3) (20001 pts)



md4.edr: 0.0 - 20001.0; lambda = (0, 0.3)
    foreign lambdas:
        delta H to (0, 0.2) (20001 pts)
        delta H to (0, 0.3) (20001 pts)
        delta H to (0, 0.4) (20001 pts)



md5.edr: 0.0 - 20001.0; lambda = (0, 0.4)
    foreign lambdas:
        delta H to (0, 0.3) (20001 pts)
        delta H to (0, 0.4) (20001 pts)
        delta H to (0, 0.5) (20001 pts)



md6.edr: 0.0 - 20001.0; lambda = (0, 0.5)
    foreign lambdas:
        delta H to (0, 0.4) (20001 pts)
        delta H to (0, 0.5) (20001 pts)
        delta H to (0, 0.6) (20001 pts)



md7.edr: 0.0 - 20001.0; lambda = (0, 0.6)
    foreign lambdas:
        delta H to (0, 0.5) (20001 pts)
        delta H to (0, 0.6) (20001 pts)
        delta H to (0, 0.7) (20001 pts)



md8.edr: 0.0 - 20001.0; lambda = (0, 0.7)
    foreign lambdas:
        delta H to (0, 0.6) (20001 pts)
        delta H to (0, 0.7) (20001 pts)
        delta H to (0, 0.8) (20001 pts)



md9.edr: 0.0 - 20001.0; lambda = (0, 0.8)
    foreign lambdas:
        delta H to (0, 0.7) (20001 pts)
        delta H to (0, 0.8) (20001 pts)
        delta H to (0, 0.9) (20001 pts)



   Samples in time interval: 0.000 - 20001.000
Removing samples outside of: 0.000 - 11000.000

Temperature: 298.15 K

Detailed results in kT (see help for explanation):

 lam_A  lam_B      DG   +/-     s_A   +/-     s_B   +/-   stdev   +/- 
     0      1    1.28  0.11    0.72  0.10    0.77  0.11    1.31  0.05
     1      2    1.63  0.24    2.84  0.18    2.13  0.20    2.59  0.18
     2      3    0.06  0.07    2.10  0.10    1.24  0.05    1.89  0.04
     3      4   -0.66  0.04    1.49  0.03    0.90  0.01    1.53  0.01
     4      5   -1.07  0.02    1.09  0.05    0.68  0.03    1.30  0.02
     5      6   -1.34  0.02    0.90  0.03    0.58  0.01    1.18  0.02
     6      7   -1.55  0.01    0.80  0.04    0.51  0.03    1.11  0.02
     7      8   -1.71  0.02    0.70  0.03    0.44  0.03    1.01  0.02
     8      9   -1.83  0.02    0.62  0.02    0.40  0.01    0.95  0.01
     9     10   -1.93  0.01    0.53  0.02    0.34  0.01    0.89  0.01
    10     11   -0.07  0.01    0.06  0.01    0.06  0.01    0.30  0.01
    11     12   -0.29  0.04    0.15  0.04    0.16  0.04    0.41  0.03
    12     13   -0.51  0.05    0.06  0.06    0.08  0.06    0.48  0.02
    13     14   -0.80  0.10    0.22  0.07    0.26  0.08    0.65  0.05
    14     15   -1.17  0.12    0.10  0.07    0.17  0.08    0.80  0.04


Final results in kJ/mol:

point      0 -      1,   DG  3.17 +/-  0.28
point      1 -      2,   DG  4.04 +/-  0.58
point      2 -      3,   DG  0.14 +/-  0.18
point      3 -      4,   DG -1.64 +/-  0.10
point      4 -      5,   DG -2.66 +/-  0.05
point      5 -      6,   DG -3.33 +/-  0.05
point      6 -      7,   DG -3.85 +/-  0.03
point      7 -      8,   DG -4.25 +/-  0.04
point      8 -      9,   DG -4.55 +/-  0.04
point      9 -     10,   DG -4.80 +/-  0.02
point     10 -     11,   DG -0.19 +/-  0.03
point     11 -     12,   DG -0.71 +/-  0.10
point     12 -     13,   DG -1.26 +/-  0.12
point     13 -     14,   DG -1.99 +/-  0.24
point     14 -     15,   DG -2.90 +/-  0.30

total      0 -     15,   DG -24.77 +/-  1.29

