
md10.edr: 0.0 - 20001.0; lambda = (0, 0.9)
    foreign lambdas:
        delta H to (0, 0.8) (20001 pts)
        delta H to (0, 0.9) (20001 pts)
        delta H to (0, 1) (20001 pts)



md11.edr: 0.0 - 20001.0; lambda = (0, 1)
    foreign lambdas:
        delta H to (0, 0.9) (20001 pts)
        delta H to (0, 1) (20001 pts)
        delta H to (0.2, 1) (20001 pts)



md12.edr: 0.0 - 20001.0; lambda = (0.2, 1)
    foreign lambdas:
        delta H to (0, 1) (20001 pts)
        delta H to (0.2, 1) (20001 pts)
        delta H to (0.4, 1) (20001 pts)



md13.edr: 0.0 - 20001.0; lambda = (0.4, 1)
    foreign lambdas:
        delta H to (0.2, 1) (20001 pts)
        delta H to (0.4, 1) (20001 pts)
        delta H to (0.6, 1) (20001 pts)



md14.edr: 0.0 - 20001.0; lambda = (0.6, 1)
    foreign lambdas:
        delta H to (0.4, 1) (20001 pts)
        delta H to (0.6, 1) (20001 pts)
        delta H to (0.8, 1) (20001 pts)



md15.edr: 0.0 - 20001.0; lambda = (0.8, 1)
    foreign lambdas:
        delta H to (0.6, 1) (20001 pts)
        delta H to (0.8, 1) (20001 pts)
        delta H to (1, 1) (20001 pts)



md16.edr: 0.0 - 20001.0; lambda = (1, 1)
    foreign lambdas:
        delta H to (0.8, 1) (20001 pts)
        delta H to (1, 1) (20001 pts)



md1.edr: 0.0 - 20001.0; lambda = (0, 0)
    foreign lambdas:
        delta H to (0, 0) (20001 pts)
        delta H to (0, 0.1) (20001 pts)



md2.edr: 0.0 - 20001.0; lambda = (0, 0.1)
    foreign lambdas:
        delta H to (0, 0) (20001 pts)
        delta H to (0, 0.1) (20001 pts)
        delta H to (0, 0.2) (20001 pts)



md3.edr: 0.0 - 20001.0; lambda = (0, 0.2)
    foreign lambdas:
        delta H to (0, 0.1) (20001 pts)
        delta H to (0, 0.2) (20001 pts)
        delta H to (0, 0.3) (20001 pts)



md4.edr: 0.0 - 20001.0; lambda = (0, 0.3)
    foreign lambdas:
        delta H to (0, 0.2) (20001 pts)
        delta H to (0, 0.3) (20001 pts)
        delta H to (0, 0.4) (20001 pts)



md5.edr: 0.0 - 20001.0; lambda = (0, 0.4)
    foreign lambdas:
        delta H to (0, 0.3) (20001 pts)
        delta H to (0, 0.4) (20001 pts)
        delta H to (0, 0.5) (20001 pts)



md6.edr: 0.0 - 20001.0; lambda = (0, 0.5)
    foreign lambdas:
        delta H to (0, 0.4) (20001 pts)
        delta H to (0, 0.5) (20001 pts)
        delta H to (0, 0.6) (20001 pts)



md7.edr: 0.0 - 20001.0; lambda = (0, 0.6)
    foreign lambdas:
        delta H to (0, 0.5) (20001 pts)
        delta H to (0, 0.6) (20001 pts)
        delta H to (0, 0.7) (20001 pts)



md8.edr: 0.0 - 20001.0; lambda = (0, 0.7)
    foreign lambdas:
        delta H to (0, 0.6) (20001 pts)
        delta H to (0, 0.7) (20001 pts)
        delta H to (0, 0.8) (20001 pts)



md9.edr: 0.0 - 20001.0; lambda = (0, 0.8)
    foreign lambdas:
        delta H to (0, 0.7) (20001 pts)
        delta H to (0, 0.8) (20001 pts)
        delta H to (0, 0.9) (20001 pts)



   Samples in time interval: 0.000 - 20001.000
Removing samples outside of: 0.000 - 3000.000

Temperature: 298.15 K

Detailed results in kT (see help for explanation):

 lam_A  lam_B      DG   +/-     s_A   +/-     s_B   +/-   stdev   +/- 
     0      1    1.27  0.29    0.67  0.11    0.68  0.09    1.34  0.04
     1      2    1.68  0.33    2.95  0.40    2.17  0.35    2.58  0.38
     2      3    0.11  0.04    2.08  0.06    1.24  0.04    1.88  0.03
     3      4   -0.60  0.05    1.46  0.08    0.90  0.05    1.52  0.04
     4      5   -1.03  0.05    1.15  0.07    0.73  0.04    1.34  0.03
     5      6   -1.35  0.03    0.92  0.05    0.58  0.02    1.18  0.02
     6      7   -1.56  0.04    0.72  0.03    0.46  0.02    1.08  0.02
     7      8   -1.73  0.03    0.79  0.02    0.51  0.02    1.05  0.02
     8      9   -1.86  0.02    0.59  0.03    0.37  0.02    0.94  0.01
     9     10   -1.95  0.01    0.51  0.02    0.32  0.02    0.86  0.01
    10     11   -0.07  0.03    0.07  0.02    0.07  0.01    0.30  0.02
    11     12   -0.26  0.05    0.12  0.03    0.12  0.04    0.36  0.03
    12     13   -0.46  0.06    0.08  0.03    0.09  0.03    0.45  0.02
    13     14   -0.63  0.10    0.07  0.06    0.09  0.06    0.51  0.03
    14     15   -1.02  0.08    0.30  0.14    0.35  0.16    0.70  0.07


Final results in kJ/mol:

point      0 -      1,   DG  3.14 +/-  0.72
point      1 -      2,   DG  4.17 +/-  0.81
point      2 -      3,   DG  0.28 +/-  0.09
point      3 -      4,   DG -1.48 +/-  0.13
point      4 -      5,   DG -2.55 +/-  0.13
point      5 -      6,   DG -3.34 +/-  0.07
point      6 -      7,   DG -3.87 +/-  0.09
point      7 -      8,   DG -4.29 +/-  0.09
point      8 -      9,   DG -4.60 +/-  0.04
point      9 -     10,   DG -4.82 +/-  0.03
point     10 -     11,   DG -0.17 +/-  0.06
point     11 -     12,   DG -0.64 +/-  0.12
point     12 -     13,   DG -1.15 +/-  0.15
point     13 -     14,   DG -1.56 +/-  0.25
point     14 -     15,   DG -2.53 +/-  0.19

total      0 -     15,   DG -23.40 +/-  1.05

