
md10.edr: 0.0 - 20001.0; lambda = (0, 0.9)
    foreign lambdas:
        delta H to (0, 0.8) (20001 pts)
        delta H to (0, 0.9) (20001 pts)
        delta H to (0, 1) (20001 pts)



md11.edr: 0.0 - 20001.0; lambda = (0, 1)
    foreign lambdas:
        delta H to (0, 0.9) (20001 pts)
        delta H to (0, 1) (20001 pts)
        delta H to (0.2, 1) (20001 pts)



md12.edr: 0.0 - 20001.0; lambda = (0.2, 1)
    foreign lambdas:
        delta H to (0, 1) (20001 pts)
        delta H to (0.2, 1) (20001 pts)
        delta H to (0.4, 1) (20001 pts)



md13.edr: 0.0 - 20001.0; lambda = (0.4, 1)
    foreign lambdas:
        delta H to (0.2, 1) (20001 pts)
        delta H to (0.4, 1) (20001 pts)
        delta H to (0.6, 1) (20001 pts)



md14.edr: 0.0 - 20001.0; lambda = (0.6, 1)
    foreign lambdas:
        delta H to (0.4, 1) (20001 pts)
        delta H to (0.6, 1) (20001 pts)
        delta H to (0.8, 1) (20001 pts)



md15.edr: 0.0 - 20001.0; lambda = (0.8, 1)
    foreign lambdas:
        delta H to (0.6, 1) (20001 pts)
        delta H to (0.8, 1) (20001 pts)
        delta H to (1, 1) (20001 pts)



md16.edr: 0.0 - 20001.0; lambda = (1, 1)
    foreign lambdas:
        delta H to (0.8, 1) (20001 pts)
        delta H to (1, 1) (20001 pts)



md1.edr: 0.0 - 20001.0; lambda = (0, 0)
    foreign lambdas:
        delta H to (0, 0) (20001 pts)
        delta H to (0, 0.1) (20001 pts)



md2.edr: 0.0 - 20001.0; lambda = (0, 0.1)
    foreign lambdas:
        delta H to (0, 0) (20001 pts)
        delta H to (0, 0.1) (20001 pts)
        delta H to (0, 0.2) (20001 pts)



md3.edr: 0.0 - 20001.0; lambda = (0, 0.2)
    foreign lambdas:
        delta H to (0, 0.1) (20001 pts)
        delta H to (0, 0.2) (20001 pts)
        delta H to (0, 0.3) (20001 pts)



md4.edr: 0.0 - 20001.0; lambda = (0, 0.3)
    foreign lambdas:
        delta H to (0, 0.2) (20001 pts)
        delta H to (0, 0.3) (20001 pts)
        delta H to (0, 0.4) (20001 pts)



md5.edr: 0.0 - 20001.0; lambda = (0, 0.4)
    foreign lambdas:
        delta H to (0, 0.3) (20001 pts)
        delta H to (0, 0.4) (20001 pts)
        delta H to (0, 0.5) (20001 pts)



md6.edr: 0.0 - 20001.0; lambda = (0, 0.5)
    foreign lambdas:
        delta H to (0, 0.4) (20001 pts)
        delta H to (0, 0.5) (20001 pts)
        delta H to (0, 0.6) (20001 pts)



md7.edr: 0.0 - 20001.0; lambda = (0, 0.6)
    foreign lambdas:
        delta H to (0, 0.5) (20001 pts)
        delta H to (0, 0.6) (20001 pts)
        delta H to (0, 0.7) (20001 pts)



md8.edr: 0.0 - 20001.0; lambda = (0, 0.7)
    foreign lambdas:
        delta H to (0, 0.6) (20001 pts)
        delta H to (0, 0.7) (20001 pts)
        delta H to (0, 0.8) (20001 pts)



md9.edr: 0.0 - 20001.0; lambda = (0, 0.8)
    foreign lambdas:
        delta H to (0, 0.7) (20001 pts)
        delta H to (0, 0.8) (20001 pts)
        delta H to (0, 0.9) (20001 pts)



   Samples in time interval: 0.000 - 20001.000
Removing samples outside of: 0.000 - 18000.000

Temperature: 298.15 K

Detailed results in kT (see help for explanation):

 lam_A  lam_B      DG   +/-     s_A   +/-     s_B   +/-   stdev   +/- 
     0      1    1.23  0.05    0.73  0.05    0.78  0.05    1.30  0.01
     1      2    1.69  0.08    2.69  0.16    2.09  0.10    2.54  0.08
     2      3    0.07  0.09    2.32  0.20    1.31  0.11    1.95  0.09
     3      4   -0.69  0.04    1.41  0.05    0.85  0.03    1.50  0.02
     4      5   -1.06  0.03    1.10  0.03    0.69  0.02    1.31  0.02
     5      6   -1.34  0.02    0.90  0.02    0.58  0.01    1.18  0.01
     6      7   -1.55  0.01    0.80  0.03    0.51  0.02    1.10  0.01
     7      8   -1.71  0.01    0.70  0.02    0.43  0.02    1.01  0.01
     8      9   -1.84  0.00    0.63  0.01    0.40  0.01    0.95  0.01
     9     10   -1.95  0.01    0.52  0.02    0.34  0.01    0.88  0.01
    10     11   -0.09  0.02    0.06  0.01    0.06  0.01    0.32  0.01
    11     12   -0.24  0.03    0.09  0.04    0.10  0.05    0.38  0.03
    12     13   -0.47  0.03    0.13  0.05    0.15  0.05    0.48  0.02
    13     14   -0.77  0.09    0.15  0.08    0.19  0.08    0.61  0.05
    14     15   -1.15  0.09    0.19  0.09    0.26  0.09    0.80  0.02


Final results in kJ/mol:

point      0 -      1,   DG  3.05 +/-  0.11
point      1 -      2,   DG  4.19 +/-  0.19
point      2 -      3,   DG  0.18 +/-  0.23
point      3 -      4,   DG -1.71 +/-  0.10
point      4 -      5,   DG -2.64 +/-  0.07
point      5 -      6,   DG -3.32 +/-  0.04
point      6 -      7,   DG -3.85 +/-  0.02
point      7 -      8,   DG -4.25 +/-  0.02
point      8 -      9,   DG -4.56 +/-  0.01
point      9 -     10,   DG -4.82 +/-  0.02
point     10 -     11,   DG -0.23 +/-  0.06
point     11 -     12,   DG -0.60 +/-  0.08
point     12 -     13,   DG -1.16 +/-  0.09
point     13 -     14,   DG -1.90 +/-  0.22
point     14 -     15,   DG -2.86 +/-  0.22

total      0 -     15,   DG -24.47 +/-  0.86

