
md10.edr: 0.0 - 20001.0; lambda = (0, 0.9)
    foreign lambdas:
        delta H to (0, 0.8) (20001 pts)
        delta H to (0, 0.9) (20001 pts)
        delta H to (0, 1) (20001 pts)



md11.edr: 0.0 - 20001.0; lambda = (0, 1)
    foreign lambdas:
        delta H to (0, 0.9) (20001 pts)
        delta H to (0, 1) (20001 pts)
        delta H to (0.2, 1) (20001 pts)



md12.edr: 0.0 - 20001.0; lambda = (0.2, 1)
    foreign lambdas:
        delta H to (0, 1) (20001 pts)
        delta H to (0.2, 1) (20001 pts)
        delta H to (0.4, 1) (20001 pts)



md13.edr: 0.0 - 20001.0; lambda = (0.4, 1)
    foreign lambdas:
        delta H to (0.2, 1) (20001 pts)
        delta H to (0.4, 1) (20001 pts)
        delta H to (0.6, 1) (20001 pts)



md14.edr: 0.0 - 20001.0; lambda = (0.6, 1)
    foreign lambdas:
        delta H to (0.4, 1) (20001 pts)
        delta H to (0.6, 1) (20001 pts)
        delta H to (0.8, 1) (20001 pts)



md15.edr: 0.0 - 20001.0; lambda = (0.8, 1)
    foreign lambdas:
        delta H to (0.6, 1) (20001 pts)
        delta H to (0.8, 1) (20001 pts)
        delta H to (1, 1) (20001 pts)



md16.edr: 0.0 - 20001.0; lambda = (1, 1)
    foreign lambdas:
        delta H to (0.8, 1) (20001 pts)
        delta H to (1, 1) (20001 pts)



md1.edr: 0.0 - 20001.0; lambda = (0, 0)
    foreign lambdas:
        delta H to (0, 0) (20001 pts)
        delta H to (0, 0.1) (20001 pts)



md2.edr: 0.0 - 20001.0; lambda = (0, 0.1)
    foreign lambdas:
        delta H to (0, 0) (20001 pts)
        delta H to (0, 0.1) (20001 pts)
        delta H to (0, 0.2) (20001 pts)



md3.edr: 0.0 - 20001.0; lambda = (0, 0.2)
    foreign lambdas:
        delta H to (0, 0.1) (20001 pts)
        delta H to (0, 0.2) (20001 pts)
        delta H to (0, 0.3) (20001 pts)



md4.edr: 0.0 - 20001.0; lambda = (0, 0.3)
    foreign lambdas:
        delta H to (0, 0.2) (20001 pts)
        delta H to (0, 0.3) (20001 pts)
        delta H to (0, 0.4) (20001 pts)



md5.edr: 0.0 - 20001.0; lambda = (0, 0.4)
    foreign lambdas:
        delta H to (0, 0.3) (20001 pts)
        delta H to (0, 0.4) (20001 pts)
        delta H to (0, 0.5) (20001 pts)



md6.edr: 0.0 - 20001.0; lambda = (0, 0.5)
    foreign lambdas:
        delta H to (0, 0.4) (20001 pts)
        delta H to (0, 0.5) (20001 pts)
        delta H to (0, 0.6) (20001 pts)



md7.edr: 0.0 - 20001.0; lambda = (0, 0.6)
    foreign lambdas:
        delta H to (0, 0.5) (20001 pts)
        delta H to (0, 0.6) (20001 pts)
        delta H to (0, 0.7) (20001 pts)



md8.edr: 0.0 - 20001.0; lambda = (0, 0.7)
    foreign lambdas:
        delta H to (0, 0.6) (20001 pts)
        delta H to (0, 0.7) (20001 pts)
        delta H to (0, 0.8) (20001 pts)



md9.edr: 0.0 - 20001.0; lambda = (0, 0.8)
    foreign lambdas:
        delta H to (0, 0.7) (20001 pts)
        delta H to (0, 0.8) (20001 pts)
        delta H to (0, 0.9) (20001 pts)



   Samples in time interval: 0.000 - 20001.000
Removing samples outside of: 0.000 - 13000.000

Temperature: 298.15 K

Detailed results in kT (see help for explanation):

 lam_A  lam_B      DG   +/-     s_A   +/-     s_B   +/-   stdev   +/- 
     0      1    1.24  0.12    0.73  0.08    0.79  0.08    1.31  0.03
     1      2    1.68  0.20    2.71  0.20    2.06  0.18    2.53  0.17
     2      3    0.10  0.08    2.31  0.22    1.32  0.11    1.96  0.09
     3      4   -0.69  0.05    1.44  0.05    0.87  0.03    1.51  0.03
     4      5   -1.08  0.01    1.09  0.03    0.68  0.02    1.30  0.02
     5      6   -1.34  0.01    0.90  0.02    0.58  0.01    1.18  0.01
     6      7   -1.54  0.01    0.79  0.02    0.50  0.02    1.10  0.01
     7      8   -1.71  0.02    0.71  0.02    0.44  0.02    1.02  0.01
     8      9   -1.83  0.00    0.62  0.02    0.40  0.01    0.95  0.01
     9     10   -1.94  0.01    0.53  0.01    0.34  0.00    0.88  0.01
    10     11   -0.09  0.01    0.06  0.01    0.06  0.01    0.31  0.01
    11     12   -0.27  0.04    0.12  0.05    0.13  0.05    0.40  0.03
    12     13   -0.48  0.06    0.07  0.06    0.09  0.07    0.48  0.03
    13     14   -0.76  0.10    0.20  0.06    0.25  0.07    0.64  0.05
    14     15   -1.13  0.09    0.12  0.08    0.19  0.08    0.79  0.03


Final results in kJ/mol:

point      0 -      1,   DG  3.07 +/-  0.30
point      1 -      2,   DG  4.16 +/-  0.49
point      2 -      3,   DG  0.25 +/-  0.19
point      3 -      4,   DG -1.71 +/-  0.12
point      4 -      5,   DG -2.67 +/-  0.04
point      5 -      6,   DG -3.33 +/-  0.03
point      6 -      7,   DG -3.83 +/-  0.04
point      7 -      8,   DG -4.23 +/-  0.04
point      8 -      9,   DG -4.54 +/-  0.01
point      9 -     10,   DG -4.80 +/-  0.02
point     10 -     11,   DG -0.22 +/-  0.03
point     11 -     12,   DG -0.68 +/-  0.09
point     12 -     13,   DG -1.18 +/-  0.15
point     13 -     14,   DG -1.89 +/-  0.25
point     14 -     15,   DG -2.81 +/-  0.23

total      0 -     15,   DG -24.40 +/-  1.01

