
md10.edr: 0.0 - 20001.0; lambda = (0, 0.9)
    foreign lambdas:
        delta H to (0, 0.8) (20001 pts)
        delta H to (0, 0.9) (20001 pts)
        delta H to (0, 1) (20001 pts)



md11.edr: 0.0 - 20001.0; lambda = (0, 1)
    foreign lambdas:
        delta H to (0, 0.9) (20001 pts)
        delta H to (0, 1) (20001 pts)
        delta H to (0.2, 1) (20001 pts)



md12.edr: 0.0 - 20001.0; lambda = (0.2, 1)
    foreign lambdas:
        delta H to (0, 1) (20001 pts)
        delta H to (0.2, 1) (20001 pts)
        delta H to (0.4, 1) (20001 pts)



md13.edr: 0.0 - 20001.0; lambda = (0.4, 1)
    foreign lambdas:
        delta H to (0.2, 1) (20001 pts)
        delta H to (0.4, 1) (20001 pts)
        delta H to (0.6, 1) (20001 pts)



md14.edr: 0.0 - 20001.0; lambda = (0.6, 1)
    foreign lambdas:
        delta H to (0.4, 1) (20001 pts)
        delta H to (0.6, 1) (20001 pts)
        delta H to (0.8, 1) (20001 pts)



md15.edr: 0.0 - 20001.0; lambda = (0.8, 1)
    foreign lambdas:
        delta H to (0.6, 1) (20001 pts)
        delta H to (0.8, 1) (20001 pts)
        delta H to (1, 1) (20001 pts)



md16.edr: 0.0 - 20001.0; lambda = (1, 1)
    foreign lambdas:
        delta H to (0.8, 1) (20001 pts)
        delta H to (1, 1) (20001 pts)



md1.edr: 0.0 - 20001.0; lambda = (0, 0)
    foreign lambdas:
        delta H to (0, 0) (20001 pts)
        delta H to (0, 0.1) (20001 pts)



md2.edr: 0.0 - 20001.0; lambda = (0, 0.1)
    foreign lambdas:
        delta H to (0, 0) (20001 pts)
        delta H to (0, 0.1) (20001 pts)
        delta H to (0, 0.2) (20001 pts)



md3.edr: 0.0 - 20001.0; lambda = (0, 0.2)
    foreign lambdas:
        delta H to (0, 0.1) (20001 pts)
        delta H to (0, 0.2) (20001 pts)
        delta H to (0, 0.3) (20001 pts)



md4.edr: 0.0 - 20001.0; lambda = (0, 0.3)
    foreign lambdas:
        delta H to (0, 0.2) (20001 pts)
        delta H to (0, 0.3) (20001 pts)
        delta H to (0, 0.4) (20001 pts)



md5.edr: 0.0 - 20001.0; lambda = (0, 0.4)
    foreign lambdas:
        delta H to (0, 0.3) (20001 pts)
        delta H to (0, 0.4) (20001 pts)
        delta H to (0, 0.5) (20001 pts)



md6.edr: 0.0 - 20001.0; lambda = (0, 0.5)
    foreign lambdas:
        delta H to (0, 0.4) (20001 pts)
        delta H to (0, 0.5) (20001 pts)
        delta H to (0, 0.6) (20001 pts)



md7.edr: 0.0 - 20001.0; lambda = (0, 0.6)
    foreign lambdas:
        delta H to (0, 0.5) (20001 pts)
        delta H to (0, 0.6) (20001 pts)
        delta H to (0, 0.7) (20001 pts)



md8.edr: 0.0 - 20001.0; lambda = (0, 0.7)
    foreign lambdas:
        delta H to (0, 0.6) (20001 pts)
        delta H to (0, 0.7) (20001 pts)
        delta H to (0, 0.8) (20001 pts)



md9.edr: 0.0 - 20001.0; lambda = (0, 0.8)
    foreign lambdas:
        delta H to (0, 0.7) (20001 pts)
        delta H to (0, 0.8) (20001 pts)
        delta H to (0, 0.9) (20001 pts)



   Samples in time interval: 0.000 - 20001.000
Removing samples outside of: 0.000 - 12000.000

Temperature: 298.15 K

Detailed results in kT (see help for explanation):

 lam_A  lam_B      DG   +/-     s_A   +/-     s_B   +/-   stdev   +/- 
     0      1    1.27  0.13    0.73  0.09    0.78  0.09    1.31  0.04
     1      2    1.65  0.21    2.79  0.19    2.11  0.19    2.57  0.19
     2      3    0.08  0.06    2.17  0.14    1.28  0.07    1.91  0.06
     3      4   -0.67  0.04    1.47  0.05    0.88  0.03    1.52  0.02
     4      5   -1.07  0.03    1.08  0.05    0.68  0.03    1.30  0.03
     5      6   -1.35  0.02    0.90  0.01    0.58  0.01    1.18  0.01
     6      7   -1.55  0.01    0.79  0.03    0.50  0.02    1.10  0.01
     7      8   -1.71  0.02    0.70  0.03    0.44  0.02    1.02  0.01
     8      9   -1.83  0.01    0.62  0.02    0.40  0.01    0.95  0.01
     9     10   -1.94  0.01    0.54  0.01    0.34  0.01    0.89  0.01
    10     11   -0.08  0.01    0.06  0.01    0.06  0.01    0.31  0.01
    11     12   -0.28  0.04    0.13  0.05    0.14  0.05    0.41  0.04
    12     13   -0.49  0.06    0.07  0.05    0.08  0.05    0.49  0.02
    13     14   -0.79  0.09    0.22  0.06    0.26  0.07    0.65  0.05
    14     15   -1.15  0.09    0.10  0.08    0.17  0.08    0.79  0.04


Final results in kJ/mol:

point      0 -      1,   DG  3.15 +/-  0.32
point      1 -      2,   DG  4.08 +/-  0.52
point      2 -      3,   DG  0.19 +/-  0.15
point      3 -      4,   DG -1.67 +/-  0.11
point      4 -      5,   DG -2.65 +/-  0.07
point      5 -      6,   DG -3.34 +/-  0.04
point      6 -      7,   DG -3.85 +/-  0.04
point      7 -      8,   DG -4.25 +/-  0.05
point      8 -      9,   DG -4.55 +/-  0.02
point      9 -     10,   DG -4.80 +/-  0.02
point     10 -     11,   DG -0.21 +/-  0.03
point     11 -     12,   DG -0.70 +/-  0.10
point     12 -     13,   DG -1.22 +/-  0.14
point     13 -     14,   DG -1.96 +/-  0.23
point     14 -     15,   DG -2.86 +/-  0.23

total      0 -     15,   DG -24.62 +/-  1.09

