
md10.edr: 0.0 - 20001.0; lambda = (0, 0.9)
    foreign lambdas:
        delta H to (0, 0.8) (20001 pts)
        delta H to (0, 0.9) (20001 pts)
        delta H to (0, 1) (20001 pts)



md11.edr: 0.0 - 20001.0; lambda = (0, 1)
    foreign lambdas:
        delta H to (0, 0.9) (20001 pts)
        delta H to (0, 1) (20001 pts)
        delta H to (0.2, 1) (20001 pts)



md12.edr: 0.0 - 20001.0; lambda = (0.2, 1)
    foreign lambdas:
        delta H to (0, 1) (20001 pts)
        delta H to (0.2, 1) (20001 pts)
        delta H to (0.4, 1) (20001 pts)



md13.edr: 0.0 - 20001.0; lambda = (0.4, 1)
    foreign lambdas:
        delta H to (0.2, 1) (20001 pts)
        delta H to (0.4, 1) (20001 pts)
        delta H to (0.6, 1) (20001 pts)



md14.edr: 0.0 - 20001.0; lambda = (0.6, 1)
    foreign lambdas:
        delta H to (0.4, 1) (20001 pts)
        delta H to (0.6, 1) (20001 pts)
        delta H to (0.8, 1) (20001 pts)



md15.edr: 0.0 - 20001.0; lambda = (0.8, 1)
    foreign lambdas:
        delta H to (0.6, 1) (20001 pts)
        delta H to (0.8, 1) (20001 pts)
        delta H to (1, 1) (20001 pts)



md16.edr: 0.0 - 20001.0; lambda = (1, 1)
    foreign lambdas:
        delta H to (0.8, 1) (20001 pts)
        delta H to (1, 1) (20001 pts)



md1.edr: 0.0 - 20001.0; lambda = (0, 0)
    foreign lambdas:
        delta H to (0, 0) (20001 pts)
        delta H to (0, 0.1) (20001 pts)



md2.edr: 0.0 - 20001.0; lambda = (0, 0.1)
    foreign lambdas:
        delta H to (0, 0) (20001 pts)
        delta H to (0, 0.1) (20001 pts)
        delta H to (0, 0.2) (20001 pts)



md3.edr: 0.0 - 20001.0; lambda = (0, 0.2)
    foreign lambdas:
        delta H to (0, 0.1) (20001 pts)
        delta H to (0, 0.2) (20001 pts)
        delta H to (0, 0.3) (20001 pts)



md4.edr: 0.0 - 20001.0; lambda = (0, 0.3)
    foreign lambdas:
        delta H to (0, 0.2) (20001 pts)
        delta H to (0, 0.3) (20001 pts)
        delta H to (0, 0.4) (20001 pts)



md5.edr: 0.0 - 20001.0; lambda = (0, 0.4)
    foreign lambdas:
        delta H to (0, 0.3) (20001 pts)
        delta H to (0, 0.4) (20001 pts)
        delta H to (0, 0.5) (20001 pts)



md6.edr: 0.0 - 20001.0; lambda = (0, 0.5)
    foreign lambdas:
        delta H to (0, 0.4) (20001 pts)
        delta H to (0, 0.5) (20001 pts)
        delta H to (0, 0.6) (20001 pts)



md7.edr: 0.0 - 20001.0; lambda = (0, 0.6)
    foreign lambdas:
        delta H to (0, 0.5) (20001 pts)
        delta H to (0, 0.6) (20001 pts)
        delta H to (0, 0.7) (20001 pts)



md8.edr: 0.0 - 20001.0; lambda = (0, 0.7)
    foreign lambdas:
        delta H to (0, 0.6) (20001 pts)
        delta H to (0, 0.7) (20001 pts)
        delta H to (0, 0.8) (20001 pts)



md9.edr: 0.0 - 20001.0; lambda = (0, 0.8)
    foreign lambdas:
        delta H to (0, 0.7) (20001 pts)
        delta H to (0, 0.8) (20001 pts)
        delta H to (0, 0.9) (20001 pts)



   Samples in time interval: 0.000 - 20001.000
Removing samples outside of: 0.000 - 4000.000

Temperature: 298.15 K

Detailed results in kT (see help for explanation):

 lam_A  lam_B      DG   +/-     s_A   +/-     s_B   +/-   stdev   +/- 
     0      1    1.37  0.24    0.54  0.13    0.58  0.12    1.27  0.06
     1      2    1.90  0.35    3.12  0.32    2.33  0.32    2.76  0.33
     2      3    0.16  0.05    2.13  0.11    1.25  0.07    1.92  0.05
     3      4   -0.59  0.04    1.53  0.06    0.93  0.03    1.55  0.03
     4      5   -1.05  0.03    1.12  0.04    0.71  0.03    1.33  0.02
     5      6   -1.34  0.02    0.94  0.05    0.60  0.02    1.19  0.02
     6      7   -1.57  0.03    0.74  0.04    0.48  0.03    1.08  0.02
     7      8   -1.74  0.03    0.73  0.05    0.47  0.04    1.02  0.02
     8      9   -1.83  0.02    0.59  0.01    0.37  0.01    0.95  0.01
     9     10   -1.92  0.02    0.53  0.03    0.34  0.02    0.88  0.02
    10     11   -0.08  0.02    0.07  0.00    0.07  0.00    0.29  0.01
    11     12   -0.27  0.05    0.13  0.04    0.14  0.04    0.37  0.03
    12     13   -0.50  0.06    0.09  0.04    0.11  0.04    0.46  0.01
    13     14   -0.71  0.13    0.11  0.08    0.14  0.08    0.58  0.06
    14     15   -1.10  0.07    0.24  0.15    0.31  0.17    0.73  0.06


Final results in kJ/mol:

point      0 -      1,   DG  3.39 +/-  0.60
point      1 -      2,   DG  4.70 +/-  0.87
point      2 -      3,   DG  0.40 +/-  0.13
point      3 -      4,   DG -1.46 +/-  0.10
point      4 -      5,   DG -2.60 +/-  0.08
point      5 -      6,   DG -3.32 +/-  0.06
point      6 -      7,   DG -3.88 +/-  0.08
point      7 -      8,   DG -4.31 +/-  0.06
point      8 -      9,   DG -4.54 +/-  0.05
point      9 -     10,   DG -4.77 +/-  0.04
point     10 -     11,   DG -0.19 +/-  0.06
point     11 -     12,   DG -0.68 +/-  0.11
point     12 -     13,   DG -1.24 +/-  0.16
point     13 -     14,   DG -1.76 +/-  0.31
point     14 -     15,   DG -2.72 +/-  0.18

total      0 -     15,   DG -22.97 +/-  0.87

