
md10.edr: 0.0 - 20001.0; lambda = (0, 0.9)
    foreign lambdas:
        delta H to (0, 0.8) (20001 pts)
        delta H to (0, 0.9) (20001 pts)
        delta H to (0, 1) (20001 pts)



md11.edr: 0.0 - 20001.0; lambda = (0, 1)
    foreign lambdas:
        delta H to (0, 0.9) (20001 pts)
        delta H to (0, 1) (20001 pts)
        delta H to (0.2, 1) (20001 pts)



md12.edr: 0.0 - 20001.0; lambda = (0.2, 1)
    foreign lambdas:
        delta H to (0, 1) (20001 pts)
        delta H to (0.2, 1) (20001 pts)
        delta H to (0.4, 1) (20001 pts)



md13.edr: 0.0 - 20001.0; lambda = (0.4, 1)
    foreign lambdas:
        delta H to (0.2, 1) (20001 pts)
        delta H to (0.4, 1) (20001 pts)
        delta H to (0.6, 1) (20001 pts)



md14.edr: 0.0 - 20001.0; lambda = (0.6, 1)
    foreign lambdas:
        delta H to (0.4, 1) (20001 pts)
        delta H to (0.6, 1) (20001 pts)
        delta H to (0.8, 1) (20001 pts)



md15.edr: 0.0 - 20001.0; lambda = (0.8, 1)
    foreign lambdas:
        delta H to (0.6, 1) (20001 pts)
        delta H to (0.8, 1) (20001 pts)
        delta H to (1, 1) (20001 pts)



md16.edr: 0.0 - 20001.0; lambda = (1, 1)
    foreign lambdas:
        delta H to (0.8, 1) (20001 pts)
        delta H to (1, 1) (20001 pts)



md1.edr: 0.0 - 20001.0; lambda = (0, 0)
    foreign lambdas:
        delta H to (0, 0) (20001 pts)
        delta H to (0, 0.1) (20001 pts)



md2.edr: 0.0 - 20001.0; lambda = (0, 0.1)
    foreign lambdas:
        delta H to (0, 0) (20001 pts)
        delta H to (0, 0.1) (20001 pts)
        delta H to (0, 0.2) (20001 pts)



md3.edr: 0.0 - 20001.0; lambda = (0, 0.2)
    foreign lambdas:
        delta H to (0, 0.1) (20001 pts)
        delta H to (0, 0.2) (20001 pts)
        delta H to (0, 0.3) (20001 pts)



md4.edr: 0.0 - 20001.0; lambda = (0, 0.3)
    foreign lambdas:
        delta H to (0, 0.2) (20001 pts)
        delta H to (0, 0.3) (20001 pts)
        delta H to (0, 0.4) (20001 pts)



md5.edr: 0.0 - 20001.0; lambda = (0, 0.4)
    foreign lambdas:
        delta H to (0, 0.3) (20001 pts)
        delta H to (0, 0.4) (20001 pts)
        delta H to (0, 0.5) (20001 pts)



md6.edr: 0.0 - 20001.0; lambda = (0, 0.5)
    foreign lambdas:
        delta H to (0, 0.4) (20001 pts)
        delta H to (0, 0.5) (20001 pts)
        delta H to (0, 0.6) (20001 pts)



md7.edr: 0.0 - 20001.0; lambda = (0, 0.6)
    foreign lambdas:
        delta H to (0, 0.5) (20001 pts)
        delta H to (0, 0.6) (20001 pts)
        delta H to (0, 0.7) (20001 pts)



md8.edr: 0.0 - 20001.0; lambda = (0, 0.7)
    foreign lambdas:
        delta H to (0, 0.6) (20001 pts)
        delta H to (0, 0.7) (20001 pts)
        delta H to (0, 0.8) (20001 pts)



md9.edr: 0.0 - 20001.0; lambda = (0, 0.8)
    foreign lambdas:
        delta H to (0, 0.7) (20001 pts)
        delta H to (0, 0.8) (20001 pts)
        delta H to (0, 0.9) (20001 pts)



   Samples in time interval: 0.000 - 20001.000
Removing samples outside of: 0.000 - 9000.000

Temperature: 298.15 K

Detailed results in kT (see help for explanation):

 lam_A  lam_B      DG   +/-     s_A   +/-     s_B   +/-   stdev   +/- 
     0      1    1.06  0.01    0.14  0.01    0.16  0.01    0.56  0.00
     1      2    3.10  0.02    0.66  0.02    0.77  0.02    1.23  0.01
     2      3    3.34  0.04    2.65  0.03    2.18  0.04    2.61  0.03
     3      4    1.27  0.01    2.54  0.02    1.40  0.01    2.05  0.01
     4      5    0.12  0.01    1.37  0.01    0.81  0.01    1.45  0.00
     5      6   -0.43  0.01    0.91  0.01    0.57  0.01    1.17  0.01
     6      7   -0.75  0.01    0.66  0.01    0.42  0.01    1.00  0.01
     7      8   -0.95  0.01    0.52  0.00    0.35  0.00    0.89  0.00
     8      9   -1.08  0.01    0.43  0.01    0.29  0.01    0.81  0.01
     9     10   -1.18  0.01    0.36  0.00    0.25  0.00    0.76  0.00
    10     11   -0.28  0.00    0.28  0.01    0.30  0.01    0.76  0.01
    11     12   -0.94  0.01    0.36  0.00    0.41  0.00    0.88  0.00
    12     13   -1.86  0.01    0.52  0.01    0.58  0.01    1.07  0.00
    13     14   -3.13  0.01    0.69  0.01    0.73  0.01    1.22  0.00
    14     15   -4.69  0.01    0.82  0.01    0.85  0.01    1.33  0.01


Final results in kJ/mol:

point      0 -      1,   DG  2.62 +/-  0.01
point      1 -      2,   DG  7.68 +/-  0.04
point      2 -      3,   DG  8.27 +/-  0.09
point      3 -      4,   DG  3.14 +/-  0.03
point      4 -      5,   DG  0.30 +/-  0.02
point      5 -      6,   DG -1.06 +/-  0.03
point      6 -      7,   DG -1.86 +/-  0.02
point      7 -      8,   DG -2.34 +/-  0.02
point      8 -      9,   DG -2.69 +/-  0.02
point      9 -     10,   DG -2.93 +/-  0.01
point     10 -     11,   DG -0.68 +/-  0.01
point     11 -     12,   DG -2.32 +/-  0.02
point     12 -     13,   DG -4.62 +/-  0.02
point     13 -     14,   DG -7.77 +/-  0.03
point     14 -     15,   DG -11.62 +/-  0.03

total      0 -     15,   DG -15.90 +/-  0.26

