
md10.edr: 0.0 - 20001.0; lambda = (0, 0.9)
    foreign lambdas:
        delta H to (0, 0.8) (20001 pts)
        delta H to (0, 0.9) (20001 pts)
        delta H to (0, 1) (20001 pts)



md11.edr: 0.0 - 20001.0; lambda = (0, 1)
    foreign lambdas:
        delta H to (0, 0.9) (20001 pts)
        delta H to (0, 1) (20001 pts)
        delta H to (0.2, 1) (20001 pts)



md12.edr: 0.0 - 20001.0; lambda = (0.2, 1)
    foreign lambdas:
        delta H to (0, 1) (20001 pts)
        delta H to (0.2, 1) (20001 pts)
        delta H to (0.4, 1) (20001 pts)



md13.edr: 0.0 - 20001.0; lambda = (0.4, 1)
    foreign lambdas:
        delta H to (0.2, 1) (20001 pts)
        delta H to (0.4, 1) (20001 pts)
        delta H to (0.6, 1) (20001 pts)



md14.edr: 0.0 - 20001.0; lambda = (0.6, 1)
    foreign lambdas:
        delta H to (0.4, 1) (20001 pts)
        delta H to (0.6, 1) (20001 pts)
        delta H to (0.8, 1) (20001 pts)



md15.edr: 0.0 - 20001.0; lambda = (0.8, 1)
    foreign lambdas:
        delta H to (0.6, 1) (20001 pts)
        delta H to (0.8, 1) (20001 pts)
        delta H to (1, 1) (20001 pts)



md16.edr: 0.0 - 20001.0; lambda = (1, 1)
    foreign lambdas:
        delta H to (0.8, 1) (20001 pts)
        delta H to (1, 1) (20001 pts)



md1.edr: 0.0 - 20001.0; lambda = (0, 0)
    foreign lambdas:
        delta H to (0, 0) (20001 pts)
        delta H to (0, 0.1) (20001 pts)



md2.edr: 0.0 - 20001.0; lambda = (0, 0.1)
    foreign lambdas:
        delta H to (0, 0) (20001 pts)
        delta H to (0, 0.1) (20001 pts)
        delta H to (0, 0.2) (20001 pts)



md3.edr: 0.0 - 20001.0; lambda = (0, 0.2)
    foreign lambdas:
        delta H to (0, 0.1) (20001 pts)
        delta H to (0, 0.2) (20001 pts)
        delta H to (0, 0.3) (20001 pts)



md4.edr: 0.0 - 20001.0; lambda = (0, 0.3)
    foreign lambdas:
        delta H to (0, 0.2) (20001 pts)
        delta H to (0, 0.3) (20001 pts)
        delta H to (0, 0.4) (20001 pts)



md5.edr: 0.0 - 20001.0; lambda = (0, 0.4)
    foreign lambdas:
        delta H to (0, 0.3) (20001 pts)
        delta H to (0, 0.4) (20001 pts)
        delta H to (0, 0.5) (20001 pts)



md6.edr: 0.0 - 20001.0; lambda = (0, 0.5)
    foreign lambdas:
        delta H to (0, 0.4) (20001 pts)
        delta H to (0, 0.5) (20001 pts)
        delta H to (0, 0.6) (20001 pts)



md7.edr: 0.0 - 20001.0; lambda = (0, 0.6)
    foreign lambdas:
        delta H to (0, 0.5) (20001 pts)
        delta H to (0, 0.6) (20001 pts)
        delta H to (0, 0.7) (20001 pts)



md8.edr: 0.0 - 20001.0; lambda = (0, 0.7)
    foreign lambdas:
        delta H to (0, 0.6) (20001 pts)
        delta H to (0, 0.7) (20001 pts)
        delta H to (0, 0.8) (20001 pts)



md9.edr: 0.0 - 20001.0; lambda = (0, 0.8)
    foreign lambdas:
        delta H to (0, 0.7) (20001 pts)
        delta H to (0, 0.8) (20001 pts)
        delta H to (0, 0.9) (20001 pts)



   Samples in time interval: 0.000 - 20001.000
Removing samples outside of: 0.000 - 1000.000

Temperature: 298.15 K

Detailed results in kT (see help for explanation):

 lam_A  lam_B      DG   +/-     s_A   +/-     s_B   +/-   stdev   +/- 
     0      1    1.07  0.01    0.15  0.02    0.16  0.02    0.56  0.01
     1      2    3.10  0.03    0.67  0.06    0.78  0.06    1.24  0.03
     2      3    3.29  0.10    2.67  0.11    2.14  0.07    2.57  0.06
     3      4    1.26  0.07    2.54  0.09    1.41  0.04    2.04  0.05
     4      5    0.07  0.03    1.40  0.05    0.82  0.01    1.43  0.02
     5      6   -0.44  0.01    0.81  0.03    0.52  0.03    1.14  0.02
     6      7   -0.72  0.01    0.71  0.02    0.46  0.02    1.02  0.02
     7      8   -0.97  0.01    0.52  0.02    0.35  0.01    0.87  0.00
     8      9   -1.08  0.02    0.38  0.03    0.25  0.02    0.80  0.02
     9     10   -1.15  0.01    0.39  0.03    0.28  0.02    0.77  0.02
    10     11   -0.27  0.03    0.30  0.02    0.30  0.02    0.75  0.01
    11     12   -0.93  0.02    0.36  0.02    0.40  0.03    0.86  0.01
    12     13   -1.84  0.03    0.52  0.02    0.57  0.03    1.06  0.02
    13     14   -3.13  0.03    0.72  0.02    0.76  0.03    1.23  0.03
    14     15   -4.68  0.03    0.78  0.05    0.81  0.05    1.30  0.03


Final results in kJ/mol:

point      0 -      1,   DG  2.64 +/-  0.02
point      1 -      2,   DG  7.68 +/-  0.08
point      2 -      3,   DG  8.17 +/-  0.26
point      3 -      4,   DG  3.11 +/-  0.17
point      4 -      5,   DG  0.18 +/-  0.07
point      5 -      6,   DG -1.08 +/-  0.03
point      6 -      7,   DG -1.80 +/-  0.03
point      7 -      8,   DG -2.40 +/-  0.03
point      8 -      9,   DG -2.68 +/-  0.05
point      9 -     10,   DG -2.85 +/-  0.04
point     10 -     11,   DG -0.66 +/-  0.06
point     11 -     12,   DG -2.31 +/-  0.05
point     12 -     13,   DG -4.56 +/-  0.06
point     13 -     14,   DG -7.77 +/-  0.07
point     14 -     15,   DG -11.60 +/-  0.08

total      0 -     15,   DG -15.93 +/-  0.59

