
md10.edr: 0.0 - 20001.0; lambda = (0, 0.9)
    foreign lambdas:
        delta H to (0, 0.8) (20001 pts)
        delta H to (0, 0.9) (20001 pts)
        delta H to (0, 1) (20001 pts)



md11.edr: 0.0 - 20001.0; lambda = (0, 1)
    foreign lambdas:
        delta H to (0, 0.9) (20001 pts)
        delta H to (0, 1) (20001 pts)
        delta H to (0.2, 1) (20001 pts)



md12.edr: 0.0 - 20001.0; lambda = (0.2, 1)
    foreign lambdas:
        delta H to (0, 1) (20001 pts)
        delta H to (0.2, 1) (20001 pts)
        delta H to (0.4, 1) (20001 pts)



md13.edr: 0.0 - 20001.0; lambda = (0.4, 1)
    foreign lambdas:
        delta H to (0.2, 1) (20001 pts)
        delta H to (0.4, 1) (20001 pts)
        delta H to (0.6, 1) (20001 pts)



md14.edr: 0.0 - 20001.0; lambda = (0.6, 1)
    foreign lambdas:
        delta H to (0.4, 1) (20001 pts)
        delta H to (0.6, 1) (20001 pts)
        delta H to (0.8, 1) (20001 pts)



md15.edr: 0.0 - 20001.0; lambda = (0.8, 1)
    foreign lambdas:
        delta H to (0.6, 1) (20001 pts)
        delta H to (0.8, 1) (20001 pts)
        delta H to (1, 1) (20001 pts)



md16.edr: 0.0 - 20001.0; lambda = (1, 1)
    foreign lambdas:
        delta H to (0.8, 1) (20001 pts)
        delta H to (1, 1) (20001 pts)



md1.edr: 0.0 - 20001.0; lambda = (0, 0)
    foreign lambdas:
        delta H to (0, 0) (20001 pts)
        delta H to (0, 0.1) (20001 pts)



md2.edr: 0.0 - 20001.0; lambda = (0, 0.1)
    foreign lambdas:
        delta H to (0, 0) (20001 pts)
        delta H to (0, 0.1) (20001 pts)
        delta H to (0, 0.2) (20001 pts)



md3.edr: 0.0 - 20001.0; lambda = (0, 0.2)
    foreign lambdas:
        delta H to (0, 0.1) (20001 pts)
        delta H to (0, 0.2) (20001 pts)
        delta H to (0, 0.3) (20001 pts)



md4.edr: 0.0 - 20001.0; lambda = (0, 0.3)
    foreign lambdas:
        delta H to (0, 0.2) (20001 pts)
        delta H to (0, 0.3) (20001 pts)
        delta H to (0, 0.4) (20001 pts)



md5.edr: 0.0 - 20001.0; lambda = (0, 0.4)
    foreign lambdas:
        delta H to (0, 0.3) (20001 pts)
        delta H to (0, 0.4) (20001 pts)
        delta H to (0, 0.5) (20001 pts)



md6.edr: 0.0 - 20001.0; lambda = (0, 0.5)
    foreign lambdas:
        delta H to (0, 0.4) (20001 pts)
        delta H to (0, 0.5) (20001 pts)
        delta H to (0, 0.6) (20001 pts)



md7.edr: 0.0 - 20001.0; lambda = (0, 0.6)
    foreign lambdas:
        delta H to (0, 0.5) (20001 pts)
        delta H to (0, 0.6) (20001 pts)
        delta H to (0, 0.7) (20001 pts)



md8.edr: 0.0 - 20001.0; lambda = (0, 0.7)
    foreign lambdas:
        delta H to (0, 0.6) (20001 pts)
        delta H to (0, 0.7) (20001 pts)
        delta H to (0, 0.8) (20001 pts)



md9.edr: 0.0 - 20001.0; lambda = (0, 0.8)
    foreign lambdas:
        delta H to (0, 0.7) (20001 pts)
        delta H to (0, 0.8) (20001 pts)
        delta H to (0, 0.9) (20001 pts)



   Samples in time interval: 0.000 - 20001.000
Removing samples outside of: 0.000 - 4000.000

Temperature: 298.15 K

Detailed results in kT (see help for explanation):

 lam_A  lam_B      DG   +/-     s_A   +/-     s_B   +/-   stdev   +/- 
     0      1    1.07  0.00    0.13  0.00    0.15  0.01    0.55  0.01
     1      2    3.15  0.02    0.66  0.02    0.78  0.03    1.20  0.03
     2      3    3.36  0.07    2.71  0.04    2.26  0.08    2.70  0.04
     3      4    1.24  0.02    2.47  0.04    1.34  0.03    1.99  0.03
     4      5    0.17  0.02    1.39  0.02    0.82  0.01    1.46  0.01
     5      6   -0.40  0.02    0.93  0.03    0.58  0.02    1.18  0.02
     6      7   -0.73  0.01    0.67  0.01    0.42  0.01    1.01  0.00
     7      8   -0.92  0.02    0.52  0.02    0.34  0.02    0.89  0.01
     8      9   -1.07  0.00    0.45  0.02    0.31  0.01    0.81  0.01
     9     10   -1.17  0.01    0.34  0.01    0.24  0.01    0.75  0.01
    10     11   -0.23  0.01    0.24  0.01    0.26  0.01    0.71  0.00
    11     12   -0.78  0.01    0.30  0.01    0.34  0.01    0.81  0.01
    12     13   -1.59  0.02    0.46  0.01    0.52  0.01    1.00  0.01
    13     14   -2.70  0.01    0.60  0.02    0.63  0.01    1.14  0.01
    14     15   -4.01  0.02    0.68  0.01    0.70  0.01    1.19  0.01


Final results in kJ/mol:

point      0 -      1,   DG  2.65 +/-  0.01
point      1 -      2,   DG  7.81 +/-  0.05
point      2 -      3,   DG  8.33 +/-  0.18
point      3 -      4,   DG  3.08 +/-  0.06
point      4 -      5,   DG  0.41 +/-  0.06
point      5 -      6,   DG -0.99 +/-  0.04
point      6 -      7,   DG -1.82 +/-  0.03
point      7 -      8,   DG -2.29 +/-  0.04
point      8 -      9,   DG -2.66 +/-  0.01
point      9 -     10,   DG -2.90 +/-  0.04
point     10 -     11,   DG -0.56 +/-  0.02
point     11 -     12,   DG -1.94 +/-  0.03
point     12 -     13,   DG -3.93 +/-  0.05
point     13 -     14,   DG -6.70 +/-  0.03
point     14 -     15,   DG -9.94 +/-  0.05

total      0 -     15,   DG -11.47 +/-  0.32

