
md10.edr: 0.0 - 20001.0; lambda = (0, 0.9)
    foreign lambdas:
        delta H to (0, 0.8) (20001 pts)
        delta H to (0, 0.9) (20001 pts)
        delta H to (0, 1) (20001 pts)



md11.edr: 0.0 - 20001.0; lambda = (0, 1)
    foreign lambdas:
        delta H to (0, 0.9) (20001 pts)
        delta H to (0, 1) (20001 pts)
        delta H to (0.2, 1) (20001 pts)



md12.edr: 0.0 - 20001.0; lambda = (0.2, 1)
    foreign lambdas:
        delta H to (0, 1) (20001 pts)
        delta H to (0.2, 1) (20001 pts)
        delta H to (0.4, 1) (20001 pts)



md13.edr: 0.0 - 20001.0; lambda = (0.4, 1)
    foreign lambdas:
        delta H to (0.2, 1) (20001 pts)
        delta H to (0.4, 1) (20001 pts)
        delta H to (0.6, 1) (20001 pts)



md14.edr: 0.0 - 20001.0; lambda = (0.6, 1)
    foreign lambdas:
        delta H to (0.4, 1) (20001 pts)
        delta H to (0.6, 1) (20001 pts)
        delta H to (0.8, 1) (20001 pts)



md15.edr: 0.0 - 20001.0; lambda = (0.8, 1)
    foreign lambdas:
        delta H to (0.6, 1) (20001 pts)
        delta H to (0.8, 1) (20001 pts)
        delta H to (1, 1) (20001 pts)



md16.edr: 0.0 - 20001.0; lambda = (1, 1)
    foreign lambdas:
        delta H to (0.8, 1) (20001 pts)
        delta H to (1, 1) (20001 pts)



md1.edr: 0.0 - 20001.0; lambda = (0, 0)
    foreign lambdas:
        delta H to (0, 0) (20001 pts)
        delta H to (0, 0.1) (20001 pts)



md2.edr: 0.0 - 20001.0; lambda = (0, 0.1)
    foreign lambdas:
        delta H to (0, 0) (20001 pts)
        delta H to (0, 0.1) (20001 pts)
        delta H to (0, 0.2) (20001 pts)



md3.edr: 0.0 - 20001.0; lambda = (0, 0.2)
    foreign lambdas:
        delta H to (0, 0.1) (20001 pts)
        delta H to (0, 0.2) (20001 pts)
        delta H to (0, 0.3) (20001 pts)



md4.edr: 0.0 - 20001.0; lambda = (0, 0.3)
    foreign lambdas:
        delta H to (0, 0.2) (20001 pts)
        delta H to (0, 0.3) (20001 pts)
        delta H to (0, 0.4) (20001 pts)



md5.edr: 0.0 - 20001.0; lambda = (0, 0.4)
    foreign lambdas:
        delta H to (0, 0.3) (20001 pts)
        delta H to (0, 0.4) (20001 pts)
        delta H to (0, 0.5) (20001 pts)



md6.edr: 0.0 - 20001.0; lambda = (0, 0.5)
    foreign lambdas:
        delta H to (0, 0.4) (20001 pts)
        delta H to (0, 0.5) (20001 pts)
        delta H to (0, 0.6) (20001 pts)



md7.edr: 0.0 - 20001.0; lambda = (0, 0.6)
    foreign lambdas:
        delta H to (0, 0.5) (20001 pts)
        delta H to (0, 0.6) (20001 pts)
        delta H to (0, 0.7) (20001 pts)



md8.edr: 0.0 - 20001.0; lambda = (0, 0.7)
    foreign lambdas:
        delta H to (0, 0.6) (20001 pts)
        delta H to (0, 0.7) (20001 pts)
        delta H to (0, 0.8) (20001 pts)



md9.edr: 0.0 - 20001.0; lambda = (0, 0.8)
    foreign lambdas:
        delta H to (0, 0.7) (20001 pts)
        delta H to (0, 0.8) (20001 pts)
        delta H to (0, 0.9) (20001 pts)



   Samples in time interval: 0.000 - 20001.000
Removing samples outside of: 0.000 - 3000.000

Temperature: 298.15 K

Detailed results in kT (see help for explanation):

 lam_A  lam_B      DG   +/-     s_A   +/-     s_B   +/-   stdev   +/- 
     0      1    1.07  0.01    0.13  0.01    0.14  0.01    0.55  0.01
     1      2    3.16  0.03    0.66  0.02    0.78  0.03    1.20  0.03
     2      3    3.38  0.07    2.70  0.08    2.27  0.10    2.71  0.06
     3      4    1.25  0.02    2.49  0.08    1.34  0.03    2.00  0.03
     4      5    0.16  0.02    1.40  0.02    0.83  0.01    1.46  0.01
     5      6   -0.41  0.01    0.91  0.01    0.57  0.01    1.17  0.01
     6      7   -0.74  0.01    0.68  0.01    0.42  0.01    1.00  0.01
     7      8   -0.93  0.01    0.51  0.02    0.33  0.01    0.88  0.01
     8      9   -1.07  0.01    0.45  0.02    0.31  0.02    0.82  0.01
     9     10   -1.17  0.02    0.34  0.01    0.24  0.00    0.75  0.01
    10     11   -0.23  0.01    0.25  0.00    0.26  0.00    0.71  0.00
    11     12   -0.78  0.01    0.29  0.01    0.33  0.01    0.81  0.01
    12     13   -1.57  0.01    0.46  0.02    0.52  0.02    1.00  0.01
    13     14   -2.69  0.00    0.60  0.02    0.63  0.02    1.14  0.01
    14     15   -3.99  0.02    0.67  0.02    0.69  0.02    1.19  0.01


Final results in kJ/mol:

point      0 -      1,   DG  2.66 +/-  0.02
point      1 -      2,   DG  7.83 +/-  0.08
point      2 -      3,   DG  8.38 +/-  0.17
point      3 -      4,   DG  3.09 +/-  0.05
point      4 -      5,   DG  0.40 +/-  0.04
point      5 -      6,   DG -1.01 +/-  0.03
point      6 -      7,   DG -1.83 +/-  0.03
point      7 -      8,   DG -2.30 +/-  0.03
point      8 -      9,   DG -2.65 +/-  0.02
point      9 -     10,   DG -2.90 +/-  0.05
point     10 -     11,   DG -0.57 +/-  0.02
point     11 -     12,   DG -1.94 +/-  0.03
point     12 -     13,   DG -3.89 +/-  0.04
point     13 -     14,   DG -6.67 +/-  0.01
point     14 -     15,   DG -9.88 +/-  0.04

total      0 -     15,   DG -11.27 +/-  0.24

