
md10.edr: 0.0 - 20001.0; lambda = (0, 0.9)
    foreign lambdas:
        delta H to (0, 0.8) (20001 pts)
        delta H to (0, 0.9) (20001 pts)
        delta H to (0, 1) (20001 pts)



md11.edr: 0.0 - 20001.0; lambda = (0, 1)
    foreign lambdas:
        delta H to (0, 0.9) (20001 pts)
        delta H to (0, 1) (20001 pts)
        delta H to (0.2, 1) (20001 pts)



md12.edr: 0.0 - 20001.0; lambda = (0.2, 1)
    foreign lambdas:
        delta H to (0, 1) (20001 pts)
        delta H to (0.2, 1) (20001 pts)
        delta H to (0.4, 1) (20001 pts)



md13.edr: 0.0 - 20001.0; lambda = (0.4, 1)
    foreign lambdas:
        delta H to (0.2, 1) (20001 pts)
        delta H to (0.4, 1) (20001 pts)
        delta H to (0.6, 1) (20001 pts)



md14.edr: 0.0 - 20001.0; lambda = (0.6, 1)
    foreign lambdas:
        delta H to (0.4, 1) (20001 pts)
        delta H to (0.6, 1) (20001 pts)
        delta H to (0.8, 1) (20001 pts)



md15.edr: 0.0 - 20001.0; lambda = (0.8, 1)
    foreign lambdas:
        delta H to (0.6, 1) (20001 pts)
        delta H to (0.8, 1) (20001 pts)
        delta H to (1, 1) (20001 pts)



md16.edr: 0.0 - 20001.0; lambda = (1, 1)
    foreign lambdas:
        delta H to (0.8, 1) (20001 pts)
        delta H to (1, 1) (20001 pts)



md1.edr: 0.0 - 20001.0; lambda = (0, 0)
    foreign lambdas:
        delta H to (0, 0) (20001 pts)
        delta H to (0, 0.1) (20001 pts)



md2.edr: 0.0 - 20001.0; lambda = (0, 0.1)
    foreign lambdas:
        delta H to (0, 0) (20001 pts)
        delta H to (0, 0.1) (20001 pts)
        delta H to (0, 0.2) (20001 pts)



md3.edr: 0.0 - 20001.0; lambda = (0, 0.2)
    foreign lambdas:
        delta H to (0, 0.1) (20001 pts)
        delta H to (0, 0.2) (20001 pts)
        delta H to (0, 0.3) (20001 pts)



md4.edr: 0.0 - 20001.0; lambda = (0, 0.3)
    foreign lambdas:
        delta H to (0, 0.2) (20001 pts)
        delta H to (0, 0.3) (20001 pts)
        delta H to (0, 0.4) (20001 pts)



md5.edr: 0.0 - 20001.0; lambda = (0, 0.4)
    foreign lambdas:
        delta H to (0, 0.3) (20001 pts)
        delta H to (0, 0.4) (20001 pts)
        delta H to (0, 0.5) (20001 pts)



md6.edr: 0.0 - 20001.0; lambda = (0, 0.5)
    foreign lambdas:
        delta H to (0, 0.4) (20001 pts)
        delta H to (0, 0.5) (20001 pts)
        delta H to (0, 0.6) (20001 pts)



md7.edr: 0.0 - 20001.0; lambda = (0, 0.6)
    foreign lambdas:
        delta H to (0, 0.5) (20001 pts)
        delta H to (0, 0.6) (20001 pts)
        delta H to (0, 0.7) (20001 pts)



md8.edr: 0.0 - 20001.0; lambda = (0, 0.7)
    foreign lambdas:
        delta H to (0, 0.6) (20001 pts)
        delta H to (0, 0.7) (20001 pts)
        delta H to (0, 0.8) (20001 pts)



md9.edr: 0.0 - 20001.0; lambda = (0, 0.8)
    foreign lambdas:
        delta H to (0, 0.7) (20001 pts)
        delta H to (0, 0.8) (20001 pts)
        delta H to (0, 0.9) (20001 pts)



   Samples in time interval: 0.000 - 20001.000
Removing samples outside of: 0.000 - 1000.000

Temperature: 298.15 K

Detailed results in kT (see help for explanation):

 lam_A  lam_B      DG   +/-     s_A   +/-     s_B   +/-   stdev   +/- 
     0      1    1.06  0.02    0.15  0.02    0.16  0.02    0.58  0.02
     1      2    3.09  0.05    0.66  0.03    0.75  0.03    1.23  0.02
     2      3    3.37  0.07    2.64  0.08    2.17  0.07    2.56  0.04
     3      4    1.31  0.08    2.58  0.12    1.49  0.07    2.11  0.05
     4      5    0.10  0.03    1.35  0.05    0.81  0.03    1.44  0.02
     5      6   -0.43  0.03    0.89  0.04    0.55  0.03    1.18  0.02
     6      7   -0.73  0.03    0.68  0.03    0.45  0.01    1.02  0.02
     7      8   -0.97  0.01    0.54  0.03    0.36  0.02    0.90  0.01
     8      9   -1.10  0.02    0.41  0.02    0.29  0.01    0.83  0.01
     9     10   -1.20  0.01    0.38  0.01    0.26  0.01    0.76  0.01
    10     11   -0.28  0.02    0.30  0.02    0.32  0.03    0.80  0.02
    11     12   -1.02  0.02    0.42  0.03    0.46  0.03    0.95  0.02
    12     13   -2.07  0.04    0.59  0.04    0.65  0.03    1.13  0.02
    13     14   -3.47  0.07    0.74  0.02    0.79  0.01    1.28  0.02
    14     15   -5.15  0.04    0.89  0.03    0.89  0.03    1.39  0.01


Final results in kJ/mol:

point      0 -      1,   DG  2.62 +/-  0.04
point      1 -      2,   DG  7.67 +/-  0.12
point      2 -      3,   DG  8.36 +/-  0.18
point      3 -      4,   DG  3.26 +/-  0.19
point      4 -      5,   DG  0.24 +/-  0.08
point      5 -      6,   DG -1.06 +/-  0.07
point      6 -      7,   DG -1.80 +/-  0.07
point      7 -      8,   DG -2.40 +/-  0.04
point      8 -      9,   DG -2.72 +/-  0.05
point      9 -     10,   DG -2.98 +/-  0.03
point     10 -     11,   DG -0.69 +/-  0.06
point     11 -     12,   DG -2.52 +/-  0.05
point     12 -     13,   DG -5.14 +/-  0.11
point     13 -     14,   DG -8.60 +/-  0.16
point     14 -     15,   DG -12.77 +/-  0.10

total      0 -     15,   DG -18.54 +/-  0.24

