
md10.edr: 0.0 - 20001.0; lambda = (0, 0.9)
    foreign lambdas:
        delta H to (0, 0.8) (20001 pts)
        delta H to (0, 0.9) (20001 pts)
        delta H to (0, 1) (20001 pts)



md11.edr: 0.0 - 20001.0; lambda = (0, 1)
    foreign lambdas:
        delta H to (0, 0.9) (20001 pts)
        delta H to (0, 1) (20001 pts)
        delta H to (0.2, 1) (20001 pts)



md12.edr: 0.0 - 20001.0; lambda = (0.2, 1)
    foreign lambdas:
        delta H to (0, 1) (20001 pts)
        delta H to (0.2, 1) (20001 pts)
        delta H to (0.4, 1) (20001 pts)



md13.edr: 0.0 - 20001.0; lambda = (0.4, 1)
    foreign lambdas:
        delta H to (0.2, 1) (20001 pts)
        delta H to (0.4, 1) (20001 pts)
        delta H to (0.6, 1) (20001 pts)



md14.edr: 0.0 - 20001.0; lambda = (0.6, 1)
    foreign lambdas:
        delta H to (0.4, 1) (20001 pts)
        delta H to (0.6, 1) (20001 pts)
        delta H to (0.8, 1) (20001 pts)



md15.edr: 0.0 - 20001.0; lambda = (0.8, 1)
    foreign lambdas:
        delta H to (0.6, 1) (20001 pts)
        delta H to (0.8, 1) (20001 pts)
        delta H to (1, 1) (20001 pts)



md16.edr: 0.0 - 20001.0; lambda = (1, 1)
    foreign lambdas:
        delta H to (0.8, 1) (20001 pts)
        delta H to (1, 1) (20001 pts)



md1.edr: 0.0 - 20001.0; lambda = (0, 0)
    foreign lambdas:
        delta H to (0, 0) (20001 pts)
        delta H to (0, 0.1) (20001 pts)



md2.edr: 0.0 - 20001.0; lambda = (0, 0.1)
    foreign lambdas:
        delta H to (0, 0) (20001 pts)
        delta H to (0, 0.1) (20001 pts)
        delta H to (0, 0.2) (20001 pts)



md3.edr: 0.0 - 20001.0; lambda = (0, 0.2)
    foreign lambdas:
        delta H to (0, 0.1) (20001 pts)
        delta H to (0, 0.2) (20001 pts)
        delta H to (0, 0.3) (20001 pts)



md4.edr: 0.0 - 20001.0; lambda = (0, 0.3)
    foreign lambdas:
        delta H to (0, 0.2) (20001 pts)
        delta H to (0, 0.3) (20001 pts)
        delta H to (0, 0.4) (20001 pts)



md5.edr: 0.0 - 20001.0; lambda = (0, 0.4)
    foreign lambdas:
        delta H to (0, 0.3) (20001 pts)
        delta H to (0, 0.4) (20001 pts)
        delta H to (0, 0.5) (20001 pts)



md6.edr: 0.0 - 20001.0; lambda = (0, 0.5)
    foreign lambdas:
        delta H to (0, 0.4) (20001 pts)
        delta H to (0, 0.5) (20001 pts)
        delta H to (0, 0.6) (20001 pts)



md7.edr: 0.0 - 20001.0; lambda = (0, 0.6)
    foreign lambdas:
        delta H to (0, 0.5) (20001 pts)
        delta H to (0, 0.6) (20001 pts)
        delta H to (0, 0.7) (20001 pts)



md8.edr: 0.0 - 20001.0; lambda = (0, 0.7)
    foreign lambdas:
        delta H to (0, 0.6) (20001 pts)
        delta H to (0, 0.7) (20001 pts)
        delta H to (0, 0.8) (20001 pts)



md9.edr: 0.0 - 20001.0; lambda = (0, 0.8)
    foreign lambdas:
        delta H to (0, 0.7) (20001 pts)
        delta H to (0, 0.8) (20001 pts)
        delta H to (0, 0.9) (20001 pts)



   Samples in time interval: 0.000 - 20001.000
Removing samples outside of: 0.000 - 1000.000

Temperature: 298.15 K

Detailed results in kT (see help for explanation):

 lam_A  lam_B      DG   +/-     s_A   +/-     s_B   +/-   stdev   +/- 
     0      1    1.07  0.01    0.16  0.00    0.17  0.00    0.57  0.01
     1      2    3.07  0.03    0.68  0.04    0.79  0.05    1.25  0.03
     2      3    3.25  0.06    2.65  0.09    2.18  0.12    2.61  0.09
     3      4    1.25  0.08    2.42  0.08    1.35  0.06    2.01  0.04
     4      5    0.15  0.04    1.42  0.04    0.82  0.03    1.45  0.02
     5      6   -0.40  0.04    0.91  0.04    0.56  0.02    1.19  0.02
     6      7   -0.72  0.02    0.69  0.04    0.43  0.04    1.02  0.01
     7      8   -0.92  0.02    0.55  0.05    0.37  0.03    0.90  0.03
     8      9   -1.09  0.02    0.44  0.03    0.31  0.03    0.81  0.01
     9     10   -1.22  0.01    0.36  0.03    0.26  0.01    0.73  0.02
    10     11   -0.28  0.00    0.27  0.02    0.29  0.02    0.78  0.02
    11     12   -0.93  0.02    0.36  0.03    0.41  0.02    0.90  0.02
    12     13   -1.95  0.03    0.61  0.03    0.67  0.03    1.11  0.02
    13     14   -3.30  0.06    0.68  0.03    0.73  0.03    1.24  0.02
    14     15   -4.88  0.06    0.84  0.04    0.86  0.03    1.34  0.02


Final results in kJ/mol:

point      0 -      1,   DG  2.65 +/-  0.03
point      1 -      2,   DG  7.61 +/-  0.07
point      2 -      3,   DG  8.06 +/-  0.16
point      3 -      4,   DG  3.09 +/-  0.20
point      4 -      5,   DG  0.37 +/-  0.10
point      5 -      6,   DG -1.00 +/-  0.10
point      6 -      7,   DG -1.77 +/-  0.05
point      7 -      8,   DG -2.28 +/-  0.04
point      8 -      9,   DG -2.70 +/-  0.04
point      9 -     10,   DG -3.02 +/-  0.03
point     10 -     11,   DG -0.70 +/-  0.01
point     11 -     12,   DG -2.31 +/-  0.06
point     12 -     13,   DG -4.83 +/-  0.07
point     13 -     14,   DG -8.19 +/-  0.14
point     14 -     15,   DG -12.09 +/-  0.14

total      0 -     15,   DG -17.12 +/-  0.34

