
md10.edr: 0.0 - 20001.0; lambda = (0, 0.9)
    foreign lambdas:
        delta H to (0, 0.8) (20001 pts)
        delta H to (0, 0.9) (20001 pts)
        delta H to (0, 1) (20001 pts)



md11.edr: 0.0 - 20001.0; lambda = (0, 1)
    foreign lambdas:
        delta H to (0, 0.9) (20001 pts)
        delta H to (0, 1) (20001 pts)
        delta H to (0.2, 1) (20001 pts)



md12.edr: 0.0 - 20001.0; lambda = (0.2, 1)
    foreign lambdas:
        delta H to (0, 1) (20001 pts)
        delta H to (0.2, 1) (20001 pts)
        delta H to (0.4, 1) (20001 pts)



md13.edr: 0.0 - 20001.0; lambda = (0.4, 1)
    foreign lambdas:
        delta H to (0.2, 1) (20001 pts)
        delta H to (0.4, 1) (20001 pts)
        delta H to (0.6, 1) (20001 pts)



md14.edr: 0.0 - 20001.0; lambda = (0.6, 1)
    foreign lambdas:
        delta H to (0.4, 1) (20001 pts)
        delta H to (0.6, 1) (20001 pts)
        delta H to (0.8, 1) (20001 pts)



md15.edr: 0.0 - 20001.0; lambda = (0.8, 1)
    foreign lambdas:
        delta H to (0.6, 1) (20001 pts)
        delta H to (0.8, 1) (20001 pts)
        delta H to (1, 1) (20001 pts)



md16.edr: 0.0 - 20001.0; lambda = (1, 1)
    foreign lambdas:
        delta H to (0.8, 1) (20001 pts)
        delta H to (1, 1) (20001 pts)



md1.edr: 0.0 - 20001.0; lambda = (0, 0)
    foreign lambdas:
        delta H to (0, 0) (20001 pts)
        delta H to (0, 0.1) (20001 pts)



md2.edr: 0.0 - 20001.0; lambda = (0, 0.1)
    foreign lambdas:
        delta H to (0, 0) (20001 pts)
        delta H to (0, 0.1) (20001 pts)
        delta H to (0, 0.2) (20001 pts)



md3.edr: 0.0 - 20001.0; lambda = (0, 0.2)
    foreign lambdas:
        delta H to (0, 0.1) (20001 pts)
        delta H to (0, 0.2) (20001 pts)
        delta H to (0, 0.3) (20001 pts)



md4.edr: 0.0 - 20001.0; lambda = (0, 0.3)
    foreign lambdas:
        delta H to (0, 0.2) (20001 pts)
        delta H to (0, 0.3) (20001 pts)
        delta H to (0, 0.4) (20001 pts)



md5.edr: 0.0 - 20001.0; lambda = (0, 0.4)
    foreign lambdas:
        delta H to (0, 0.3) (20001 pts)
        delta H to (0, 0.4) (20001 pts)
        delta H to (0, 0.5) (20001 pts)



md6.edr: 0.0 - 20001.0; lambda = (0, 0.5)
    foreign lambdas:
        delta H to (0, 0.4) (20001 pts)
        delta H to (0, 0.5) (20001 pts)
        delta H to (0, 0.6) (20001 pts)



md7.edr: 0.0 - 20001.0; lambda = (0, 0.6)
    foreign lambdas:
        delta H to (0, 0.5) (20001 pts)
        delta H to (0, 0.6) (20001 pts)
        delta H to (0, 0.7) (20001 pts)



md8.edr: 0.0 - 20001.0; lambda = (0, 0.7)
    foreign lambdas:
        delta H to (0, 0.6) (20001 pts)
        delta H to (0, 0.7) (20001 pts)
        delta H to (0, 0.8) (20001 pts)



md9.edr: 0.0 - 20001.0; lambda = (0, 0.8)
    foreign lambdas:
        delta H to (0, 0.7) (20001 pts)
        delta H to (0, 0.8) (20001 pts)
        delta H to (0, 0.9) (20001 pts)



   Samples in time interval: 0.000 - 20001.000
Removing samples outside of: 0.000 - 2000.000

Temperature: 298.15 K

Detailed results in kT (see help for explanation):

 lam_A  lam_B      DG   +/-     s_A   +/-     s_B   +/-   stdev   +/- 
     0      1    1.06  0.01    0.16  0.00    0.18  0.00    0.57  0.01
     1      2    3.06  0.02    0.67  0.01    0.78  0.02    1.25  0.01
     2      3    3.24  0.04    2.68  0.05    2.18  0.06    2.62  0.03
     3      4    1.23  0.06    2.42  0.06    1.38  0.04    2.02  0.02
     4      5    0.12  0.02    1.36  0.04    0.80  0.02    1.44  0.02
     5      6   -0.41  0.02    0.92  0.02    0.58  0.01    1.19  0.01
     6      7   -0.74  0.02    0.66  0.02    0.42  0.01    1.01  0.01
     7      8   -0.93  0.02    0.53  0.02    0.35  0.01    0.90  0.01
     8      9   -1.08  0.02    0.43  0.01    0.30  0.01    0.81  0.01
     9     10   -1.20  0.01    0.37  0.01    0.27  0.01    0.75  0.01
    10     11   -0.28  0.01    0.27  0.02    0.29  0.02    0.78  0.01
    11     12   -0.93  0.01    0.37  0.02    0.42  0.02    0.90  0.01
    12     13   -1.96  0.02    0.61  0.02    0.68  0.02    1.13  0.02
    13     14   -3.31  0.03    0.68  0.02    0.72  0.03    1.24  0.02
    14     15   -4.89  0.03    0.86  0.02    0.88  0.01    1.37  0.01


Final results in kJ/mol:

point      0 -      1,   DG  2.63 +/-  0.02
point      1 -      2,   DG  7.60 +/-  0.05
point      2 -      3,   DG  8.04 +/-  0.09
point      3 -      4,   DG  3.04 +/-  0.15
point      4 -      5,   DG  0.30 +/-  0.05
point      5 -      6,   DG -1.03 +/-  0.05
point      6 -      7,   DG -1.82 +/-  0.05
point      7 -      8,   DG -2.30 +/-  0.04
point      8 -      9,   DG -2.67 +/-  0.04
point      9 -     10,   DG -2.96 +/-  0.03
point     10 -     11,   DG -0.69 +/-  0.02
point     11 -     12,   DG -2.31 +/-  0.03
point     12 -     13,   DG -4.87 +/-  0.04
point     13 -     14,   DG -8.21 +/-  0.07
point     14 -     15,   DG -12.13 +/-  0.09

total      0 -     15,   DG -17.39 +/-  0.47

