
md10.edr: 0.0 - 20001.0; lambda = (0, 0.9)
    foreign lambdas:
        delta H to (0, 0.8) (20001 pts)
        delta H to (0, 0.9) (20001 pts)
        delta H to (0, 1) (20001 pts)



md11.edr: 0.0 - 20001.0; lambda = (0, 1)
    foreign lambdas:
        delta H to (0, 0.9) (20001 pts)
        delta H to (0, 1) (20001 pts)
        delta H to (0.2, 1) (20001 pts)



md12.edr: 0.0 - 20001.0; lambda = (0.2, 1)
    foreign lambdas:
        delta H to (0, 1) (20001 pts)
        delta H to (0.2, 1) (20001 pts)
        delta H to (0.4, 1) (20001 pts)



md13.edr: 0.0 - 20001.0; lambda = (0.4, 1)
    foreign lambdas:
        delta H to (0.2, 1) (20001 pts)
        delta H to (0.4, 1) (20001 pts)
        delta H to (0.6, 1) (20001 pts)



md14.edr: 0.0 - 20001.0; lambda = (0.6, 1)
    foreign lambdas:
        delta H to (0.4, 1) (20001 pts)
        delta H to (0.6, 1) (20001 pts)
        delta H to (0.8, 1) (20001 pts)



md15.edr: 0.0 - 20001.0; lambda = (0.8, 1)
    foreign lambdas:
        delta H to (0.6, 1) (20001 pts)
        delta H to (0.8, 1) (20001 pts)
        delta H to (1, 1) (20001 pts)



md16.edr: 0.0 - 20001.0; lambda = (1, 1)
    foreign lambdas:
        delta H to (0.8, 1) (20001 pts)
        delta H to (1, 1) (20001 pts)



md1.edr: 0.0 - 20001.0; lambda = (0, 0)
    foreign lambdas:
        delta H to (0, 0) (20001 pts)
        delta H to (0, 0.1) (20001 pts)



md2.edr: 0.0 - 20001.0; lambda = (0, 0.1)
    foreign lambdas:
        delta H to (0, 0) (20001 pts)
        delta H to (0, 0.1) (20001 pts)
        delta H to (0, 0.2) (20001 pts)



md3.edr: 0.0 - 20001.0; lambda = (0, 0.2)
    foreign lambdas:
        delta H to (0, 0.1) (20001 pts)
        delta H to (0, 0.2) (20001 pts)
        delta H to (0, 0.3) (20001 pts)



md4.edr: 0.0 - 20001.0; lambda = (0, 0.3)
    foreign lambdas:
        delta H to (0, 0.2) (20001 pts)
        delta H to (0, 0.3) (20001 pts)
        delta H to (0, 0.4) (20001 pts)



md5.edr: 0.0 - 20001.0; lambda = (0, 0.4)
    foreign lambdas:
        delta H to (0, 0.3) (20001 pts)
        delta H to (0, 0.4) (20001 pts)
        delta H to (0, 0.5) (20001 pts)



md6.edr: 0.0 - 20001.0; lambda = (0, 0.5)
    foreign lambdas:
        delta H to (0, 0.4) (20001 pts)
        delta H to (0, 0.5) (20001 pts)
        delta H to (0, 0.6) (20001 pts)



md7.edr: 0.0 - 20001.0; lambda = (0, 0.6)
    foreign lambdas:
        delta H to (0, 0.5) (20001 pts)
        delta H to (0, 0.6) (20001 pts)
        delta H to (0, 0.7) (20001 pts)



md8.edr: 0.0 - 20001.0; lambda = (0, 0.7)
    foreign lambdas:
        delta H to (0, 0.6) (20001 pts)
        delta H to (0, 0.7) (20001 pts)
        delta H to (0, 0.8) (20001 pts)



md9.edr: 0.0 - 20001.0; lambda = (0, 0.8)
    foreign lambdas:
        delta H to (0, 0.7) (20001 pts)
        delta H to (0, 0.8) (20001 pts)
        delta H to (0, 0.9) (20001 pts)



   Samples in time interval: 0.000 - 20001.000
Removing samples outside of: 0.000 - 1000.000

Temperature: 298.15 K

Detailed results in kT (see help for explanation):

 lam_A  lam_B      DG   +/-     s_A   +/-     s_B   +/-   stdev   +/- 
     0      1    1.04  0.02    0.17  0.01    0.18  0.01    0.58  0.01
     1      2    3.06  0.07    0.63  0.03    0.74  0.04    1.20  0.02
     2      3    3.42  0.09    2.56  0.10    2.14  0.11    2.58  0.07
     3      4    1.46  0.07    2.58  0.05    1.47  0.03    2.10  0.04
     4      5    0.27  0.03    1.47  0.07    0.84  0.04    1.54  0.02
     5      6   -0.38  0.02    1.09  0.04    0.64  0.02    1.24  0.02
     6      7   -0.74  0.02    0.63  0.03    0.42  0.02    0.98  0.02
     7      8   -0.93  0.03    0.54  0.03    0.37  0.03    0.91  0.02
     8      9   -1.10  0.02    0.44  0.04    0.30  0.02    0.82  0.01
     9     10   -1.19  0.01    0.37  0.02    0.25  0.01    0.77  0.01
    10     11   -0.29  0.01    0.33  0.02    0.36  0.02    0.84  0.01
    11     12   -1.08  0.01    0.43  0.02    0.49  0.02    0.99  0.01
    12     13   -2.26  0.02    0.69  0.03    0.76  0.02    1.23  0.03
    13     14   -3.75  0.06    0.73  0.03    0.75  0.04    1.28  0.03
    14     15   -5.37  0.08    0.87  0.04    0.90  0.05    1.39  0.02


Final results in kJ/mol:

point      0 -      1,   DG  2.59 +/-  0.04
point      1 -      2,   DG  7.59 +/-  0.18
point      2 -      3,   DG  8.48 +/-  0.23
point      3 -      4,   DG  3.62 +/-  0.16
point      4 -      5,   DG  0.67 +/-  0.06
point      5 -      6,   DG -0.94 +/-  0.04
point      6 -      7,   DG -1.84 +/-  0.04
point      7 -      8,   DG -2.30 +/-  0.06
point      8 -      9,   DG -2.72 +/-  0.05
point      9 -     10,   DG -2.96 +/-  0.02
point     10 -     11,   DG -0.71 +/-  0.03
point     11 -     12,   DG -2.67 +/-  0.03
point     12 -     13,   DG -5.61 +/-  0.06
point     13 -     14,   DG -9.30 +/-  0.14
point     14 -     15,   DG -13.30 +/-  0.20

total      0 -     15,   DG -19.40 +/-  0.45

