
md10.edr: 0.0 - 20001.0; lambda = (0, 0.9)
    foreign lambdas:
        delta H to (0, 0.8) (20001 pts)
        delta H to (0, 0.9) (20001 pts)
        delta H to (0, 1) (20001 pts)



md11.edr: 0.0 - 20001.0; lambda = (0, 1)
    foreign lambdas:
        delta H to (0, 0.9) (20001 pts)
        delta H to (0, 1) (20001 pts)
        delta H to (0.2, 1) (20001 pts)



md12.edr: 0.0 - 20001.0; lambda = (0.2, 1)
    foreign lambdas:
        delta H to (0, 1) (20001 pts)
        delta H to (0.2, 1) (20001 pts)
        delta H to (0.4, 1) (20001 pts)



md13.edr: 0.0 - 20001.0; lambda = (0.4, 1)
    foreign lambdas:
        delta H to (0.2, 1) (20001 pts)
        delta H to (0.4, 1) (20001 pts)
        delta H to (0.6, 1) (20001 pts)



md14.edr: 0.0 - 20001.0; lambda = (0.6, 1)
    foreign lambdas:
        delta H to (0.4, 1) (20001 pts)
        delta H to (0.6, 1) (20001 pts)
        delta H to (0.8, 1) (20001 pts)



md15.edr: 0.0 - 20001.0; lambda = (0.8, 1)
    foreign lambdas:
        delta H to (0.6, 1) (20001 pts)
        delta H to (0.8, 1) (20001 pts)
        delta H to (1, 1) (20001 pts)



md16.edr: 0.0 - 20001.0; lambda = (1, 1)
    foreign lambdas:
        delta H to (0.8, 1) (20001 pts)
        delta H to (1, 1) (20001 pts)



md1.edr: 0.0 - 20001.0; lambda = (0, 0)
    foreign lambdas:
        delta H to (0, 0) (20001 pts)
        delta H to (0, 0.1) (20001 pts)



md2.edr: 0.0 - 20001.0; lambda = (0, 0.1)
    foreign lambdas:
        delta H to (0, 0) (20001 pts)
        delta H to (0, 0.1) (20001 pts)
        delta H to (0, 0.2) (20001 pts)



md3.edr: 0.0 - 20001.0; lambda = (0, 0.2)
    foreign lambdas:
        delta H to (0, 0.1) (20001 pts)
        delta H to (0, 0.2) (20001 pts)
        delta H to (0, 0.3) (20001 pts)



md4.edr: 0.0 - 20001.0; lambda = (0, 0.3)
    foreign lambdas:
        delta H to (0, 0.2) (20001 pts)
        delta H to (0, 0.3) (20001 pts)
        delta H to (0, 0.4) (20001 pts)



md5.edr: 0.0 - 20001.0; lambda = (0, 0.4)
    foreign lambdas:
        delta H to (0, 0.3) (20001 pts)
        delta H to (0, 0.4) (20001 pts)
        delta H to (0, 0.5) (20001 pts)



md6.edr: 0.0 - 20001.0; lambda = (0, 0.5)
    foreign lambdas:
        delta H to (0, 0.4) (20001 pts)
        delta H to (0, 0.5) (20001 pts)
        delta H to (0, 0.6) (20001 pts)



md7.edr: 0.0 - 20001.0; lambda = (0, 0.6)
    foreign lambdas:
        delta H to (0, 0.5) (20001 pts)
        delta H to (0, 0.6) (20001 pts)
        delta H to (0, 0.7) (20001 pts)



md8.edr: 0.0 - 20001.0; lambda = (0, 0.7)
    foreign lambdas:
        delta H to (0, 0.6) (20001 pts)
        delta H to (0, 0.7) (20001 pts)
        delta H to (0, 0.8) (20001 pts)



md9.edr: 0.0 - 20001.0; lambda = (0, 0.8)
    foreign lambdas:
        delta H to (0, 0.7) (20001 pts)
        delta H to (0, 0.8) (20001 pts)
        delta H to (0, 0.9) (20001 pts)



   Samples in time interval: 0.000 - 20001.000
Removing samples outside of: 0.000 - 1000.000

Temperature: 298.15 K

Detailed results in kT (see help for explanation):

 lam_A  lam_B      DG   +/-     s_A   +/-     s_B   +/-   stdev   +/- 
     0      1    1.07  0.02    0.12  0.01    0.14  0.01    0.55  0.01
     1      2    3.17  0.03    0.65  0.04    0.75  0.05    1.19  0.02
     2      3    3.61  0.05    2.55  0.16    2.26  0.12    2.63  0.10
     3      4    1.41  0.07    2.76  0.22    1.50  0.08    2.13  0.06
     4      5    0.19  0.02    1.40  0.05    0.84  0.02    1.48  0.02
     5      6   -0.40  0.02    0.96  0.05    0.59  0.03    1.22  0.02
     6      7   -0.74  0.02    0.69  0.05    0.41  0.03    1.02  0.02
     7      8   -0.93  0.02    0.58  0.03    0.36  0.02    0.91  0.02
     8      9   -1.08  0.00    0.44  0.03    0.30  0.03    0.82  0.02
     9     10   -1.17  0.02    0.38  0.03    0.26  0.02    0.77  0.02
    10     11   -0.23  0.02    0.24  0.01    0.25  0.01    0.68  0.01
    11     12   -0.79  0.01    0.31  0.02    0.36  0.03    0.81  0.02
    12     13   -1.64  0.02    0.49  0.03    0.55  0.03    1.01  0.02
    13     14   -2.78  0.03    0.59  0.04    0.65  0.04    1.15  0.02
    14     15   -4.20  0.02    0.77  0.06    0.81  0.06    1.28  0.03


Final results in kJ/mol:

point      0 -      1,   DG  2.65 +/-  0.05
point      1 -      2,   DG  7.87 +/-  0.08
point      2 -      3,   DG  8.94 +/-  0.13
point      3 -      4,   DG  3.48 +/-  0.18
point      4 -      5,   DG  0.46 +/-  0.06
point      5 -      6,   DG -0.99 +/-  0.04
point      6 -      7,   DG -1.82 +/-  0.04
point      7 -      8,   DG -2.30 +/-  0.04
point      8 -      9,   DG -2.67 +/-  0.01
point      9 -     10,   DG -2.90 +/-  0.04
point     10 -     11,   DG -0.57 +/-  0.05
point     11 -     12,   DG -1.97 +/-  0.03
point     12 -     13,   DG -4.06 +/-  0.06
point     13 -     14,   DG -6.90 +/-  0.06
point     14 -     15,   DG -10.40 +/-  0.05

total      0 -     15,   DG -11.17 +/-  0.21

