
md10.edr: 0.0 - 20001.0; lambda = (0, 0.9)
    foreign lambdas:
        delta H to (0, 0.8) (20001 pts)
        delta H to (0, 0.9) (20001 pts)
        delta H to (0, 1) (20001 pts)



md11.edr: 0.0 - 20001.0; lambda = (0, 1)
    foreign lambdas:
        delta H to (0, 0.9) (20001 pts)
        delta H to (0, 1) (20001 pts)
        delta H to (0.2, 1) (20001 pts)



md12.edr: 0.0 - 20001.0; lambda = (0.2, 1)
    foreign lambdas:
        delta H to (0, 1) (20001 pts)
        delta H to (0.2, 1) (20001 pts)
        delta H to (0.4, 1) (20001 pts)



md13.edr: 0.0 - 20001.0; lambda = (0.4, 1)
    foreign lambdas:
        delta H to (0.2, 1) (20001 pts)
        delta H to (0.4, 1) (20001 pts)
        delta H to (0.6, 1) (20001 pts)



md14.edr: 0.0 - 20001.0; lambda = (0.6, 1)
    foreign lambdas:
        delta H to (0.4, 1) (20001 pts)
        delta H to (0.6, 1) (20001 pts)
        delta H to (0.8, 1) (20001 pts)



md15.edr: 0.0 - 20001.0; lambda = (0.8, 1)
    foreign lambdas:
        delta H to (0.6, 1) (20001 pts)
        delta H to (0.8, 1) (20001 pts)
        delta H to (1, 1) (20001 pts)



md16.edr: 0.0 - 20001.0; lambda = (1, 1)
    foreign lambdas:
        delta H to (0.8, 1) (20001 pts)
        delta H to (1, 1) (20001 pts)



md1.edr: 0.0 - 20001.0; lambda = (0, 0)
    foreign lambdas:
        delta H to (0, 0) (20001 pts)
        delta H to (0, 0.1) (20001 pts)



md2.edr: 0.0 - 20001.0; lambda = (0, 0.1)
    foreign lambdas:
        delta H to (0, 0) (20001 pts)
        delta H to (0, 0.1) (20001 pts)
        delta H to (0, 0.2) (20001 pts)



md3.edr: 0.0 - 20001.0; lambda = (0, 0.2)
    foreign lambdas:
        delta H to (0, 0.1) (20001 pts)
        delta H to (0, 0.2) (20001 pts)
        delta H to (0, 0.3) (20001 pts)



md4.edr: 0.0 - 20001.0; lambda = (0, 0.3)
    foreign lambdas:
        delta H to (0, 0.2) (20001 pts)
        delta H to (0, 0.3) (20001 pts)
        delta H to (0, 0.4) (20001 pts)



md5.edr: 0.0 - 20001.0; lambda = (0, 0.4)
    foreign lambdas:
        delta H to (0, 0.3) (20001 pts)
        delta H to (0, 0.4) (20001 pts)
        delta H to (0, 0.5) (20001 pts)



md6.edr: 0.0 - 20001.0; lambda = (0, 0.5)
    foreign lambdas:
        delta H to (0, 0.4) (20001 pts)
        delta H to (0, 0.5) (20001 pts)
        delta H to (0, 0.6) (20001 pts)



md7.edr: 0.0 - 20001.0; lambda = (0, 0.6)
    foreign lambdas:
        delta H to (0, 0.5) (20001 pts)
        delta H to (0, 0.6) (20001 pts)
        delta H to (0, 0.7) (20001 pts)



md8.edr: 0.0 - 20001.0; lambda = (0, 0.7)
    foreign lambdas:
        delta H to (0, 0.6) (20001 pts)
        delta H to (0, 0.7) (20001 pts)
        delta H to (0, 0.8) (20001 pts)



md9.edr: 0.0 - 20001.0; lambda = (0, 0.8)
    foreign lambdas:
        delta H to (0, 0.7) (20001 pts)
        delta H to (0, 0.8) (20001 pts)
        delta H to (0, 0.9) (20001 pts)



   Samples in time interval: 0.000 - 20001.000
Removing samples outside of: 0.000 - 6000.000

Temperature: 298.15 K

Detailed results in kT (see help for explanation):

 lam_A  lam_B      DG   +/-     s_A   +/-     s_B   +/-   stdev   +/- 
     0      1    0.96  0.07    0.92  0.02    0.97  0.02    1.40  0.02
     1      2    1.35  0.08    2.12  0.08    1.63  0.05    2.19  0.05
     2      3    0.14  0.05    2.55  0.20    1.47  0.11    2.06  0.10
     3      4   -0.76  0.06    1.33  0.07    0.83  0.04    1.46  0.03
     4      5   -1.13  0.02    1.09  0.02    0.70  0.01    1.30  0.02
     5      6   -1.37  0.04    0.88  0.02    0.57  0.02    1.19  0.01
     6      7   -1.55  0.03    0.86  0.07    0.55  0.04    1.14  0.02
     7      8   -1.74  0.02    0.73  0.03    0.44  0.02    1.04  0.02
     8      9   -1.87  0.02    0.62  0.01    0.39  0.01    0.96  0.01
     9     10   -1.97  0.02    0.56  0.02    0.36  0.01    0.91  0.01
    10     11   -0.10  0.02    0.05  0.03    0.05  0.03    0.33  0.03
    11     12   -0.26  0.04    0.11  0.03    0.12  0.03    0.40  0.04
    12     13   -0.49  0.05    0.10  0.07    0.12  0.07    0.49  0.03
    13     14   -0.95  0.07    0.34  0.07    0.41  0.07    0.74  0.03
    14     15   -1.38  0.15    0.03  0.17    0.09  0.16    0.88  0.04


Final results in kJ/mol:

point      0 -      1,   DG  2.38 +/-  0.18
point      1 -      2,   DG  3.35 +/-  0.20
point      2 -      3,   DG  0.35 +/-  0.13
point      3 -      4,   DG -1.87 +/-  0.14
point      4 -      5,   DG -2.80 +/-  0.06
point      5 -      6,   DG -3.39 +/-  0.10
point      6 -      7,   DG -3.85 +/-  0.08
point      7 -      8,   DG -4.31 +/-  0.04
point      8 -      9,   DG -4.64 +/-  0.04
point      9 -     10,   DG -4.89 +/-  0.05
point     10 -     11,   DG -0.25 +/-  0.05
point     11 -     12,   DG -0.65 +/-  0.11
point     12 -     13,   DG -1.20 +/-  0.13
point     13 -     14,   DG -2.34 +/-  0.16
point     14 -     15,   DG -3.42 +/-  0.36

total      0 -     15,   DG -27.55 +/-  0.60

