
md10.edr: 0.0 - 20001.0; lambda = (0, 0.9)
    foreign lambdas:
        delta H to (0, 0.8) (20001 pts)
        delta H to (0, 0.9) (20001 pts)
        delta H to (0, 1) (20001 pts)



md11.edr: 0.0 - 20001.0; lambda = (0, 1)
    foreign lambdas:
        delta H to (0, 0.9) (20001 pts)
        delta H to (0, 1) (20001 pts)
        delta H to (0.2, 1) (20001 pts)



md12.edr: 0.0 - 20001.0; lambda = (0.2, 1)
    foreign lambdas:
        delta H to (0, 1) (20001 pts)
        delta H to (0.2, 1) (20001 pts)
        delta H to (0.4, 1) (20001 pts)



md13.edr: 0.0 - 20001.0; lambda = (0.4, 1)
    foreign lambdas:
        delta H to (0.2, 1) (20001 pts)
        delta H to (0.4, 1) (20001 pts)
        delta H to (0.6, 1) (20001 pts)



md14.edr: 0.0 - 20001.0; lambda = (0.6, 1)
    foreign lambdas:
        delta H to (0.4, 1) (20001 pts)
        delta H to (0.6, 1) (20001 pts)
        delta H to (0.8, 1) (20001 pts)



md15.edr: 0.0 - 20001.0; lambda = (0.8, 1)
    foreign lambdas:
        delta H to (0.6, 1) (20001 pts)
        delta H to (0.8, 1) (20001 pts)
        delta H to (1, 1) (20001 pts)



md16.edr: 0.0 - 20001.0; lambda = (1, 1)
    foreign lambdas:
        delta H to (0.8, 1) (20001 pts)
        delta H to (1, 1) (20001 pts)



md1.edr: 0.0 - 20001.0; lambda = (0, 0)
    foreign lambdas:
        delta H to (0, 0) (20001 pts)
        delta H to (0, 0.1) (20001 pts)



md2.edr: 0.0 - 20001.0; lambda = (0, 0.1)
    foreign lambdas:
        delta H to (0, 0) (20001 pts)
        delta H to (0, 0.1) (20001 pts)
        delta H to (0, 0.2) (20001 pts)



md3.edr: 0.0 - 20001.0; lambda = (0, 0.2)
    foreign lambdas:
        delta H to (0, 0.1) (20001 pts)
        delta H to (0, 0.2) (20001 pts)
        delta H to (0, 0.3) (20001 pts)



md4.edr: 0.0 - 20001.0; lambda = (0, 0.3)
    foreign lambdas:
        delta H to (0, 0.2) (20001 pts)
        delta H to (0, 0.3) (20001 pts)
        delta H to (0, 0.4) (20001 pts)



md5.edr: 0.0 - 20001.0; lambda = (0, 0.4)
    foreign lambdas:
        delta H to (0, 0.3) (20001 pts)
        delta H to (0, 0.4) (20001 pts)
        delta H to (0, 0.5) (20001 pts)



md6.edr: 0.0 - 20001.0; lambda = (0, 0.5)
    foreign lambdas:
        delta H to (0, 0.4) (20001 pts)
        delta H to (0, 0.5) (20001 pts)
        delta H to (0, 0.6) (20001 pts)



md7.edr: 0.0 - 20001.0; lambda = (0, 0.6)
    foreign lambdas:
        delta H to (0, 0.5) (20001 pts)
        delta H to (0, 0.6) (20001 pts)
        delta H to (0, 0.7) (20001 pts)



md8.edr: 0.0 - 20001.0; lambda = (0, 0.7)
    foreign lambdas:
        delta H to (0, 0.6) (20001 pts)
        delta H to (0, 0.7) (20001 pts)
        delta H to (0, 0.8) (20001 pts)



md9.edr: 0.0 - 20001.0; lambda = (0, 0.8)
    foreign lambdas:
        delta H to (0, 0.7) (20001 pts)
        delta H to (0, 0.8) (20001 pts)
        delta H to (0, 0.9) (20001 pts)



   Samples in time interval: 0.000 - 20001.000
Removing samples outside of: 0.000 - 10000.000

Temperature: 298.15 K

Detailed results in kT (see help for explanation):

 lam_A  lam_B      DG   +/-     s_A   +/-     s_B   +/-   stdev   +/- 
     0      1    1.04  0.10    0.83  0.11    0.87  0.11    1.39  0.05
     1      2    1.43  0.14    2.36  0.22    1.75  0.16    2.28  0.14
     2      3    0.13  0.03    2.46  0.08    1.40  0.04    2.02  0.03
     3      4   -0.75  0.04    1.37  0.07    0.85  0.05    1.47  0.03
     4      5   -1.15  0.02    1.08  0.03    0.70  0.02    1.30  0.02
     5      6   -1.37  0.01    0.88  0.03    0.56  0.02    1.19  0.01
     6      7   -1.57  0.03    0.85  0.04    0.54  0.03    1.13  0.02
     7      8   -1.76  0.02    0.72  0.03    0.45  0.02    1.04  0.02
     8      9   -1.90  0.02    0.62  0.01    0.39  0.01    0.95  0.01
     9     10   -1.98  0.01    0.54  0.02    0.35  0.01    0.90  0.00
    10     11   -0.10  0.01    0.04  0.02    0.04  0.02    0.35  0.03
    11     12   -0.24  0.02    0.10  0.02    0.11  0.02    0.40  0.02
    12     13   -0.45  0.05    0.09  0.03    0.11  0.03    0.49  0.02
    13     14   -0.84  0.07    0.28  0.07    0.35  0.08    0.73  0.02
    14     15   -1.28  0.12    0.09  0.14    0.16  0.14    0.90  0.04


Final results in kJ/mol:

point      0 -      1,   DG  2.57 +/-  0.25
point      1 -      2,   DG  3.54 +/-  0.34
point      2 -      3,   DG  0.32 +/-  0.06
point      3 -      4,   DG -1.86 +/-  0.10
point      4 -      5,   DG -2.85 +/-  0.04
point      5 -      6,   DG -3.41 +/-  0.03
point      6 -      7,   DG -3.90 +/-  0.06
point      7 -      8,   DG -4.37 +/-  0.04
point      8 -      9,   DG -4.71 +/-  0.05
point      9 -     10,   DG -4.91 +/-  0.03
point     10 -     11,   DG -0.24 +/-  0.03
point     11 -     12,   DG -0.60 +/-  0.06
point     12 -     13,   DG -1.11 +/-  0.13
point     13 -     14,   DG -2.07 +/-  0.17
point     14 -     15,   DG -3.17 +/-  0.30

total      0 -     15,   DG -26.76 +/-  0.71

