
md10.edr: 0.0 - 20001.0; lambda = (0, 0.9)
    foreign lambdas:
        delta H to (0, 0.8) (20001 pts)
        delta H to (0, 0.9) (20001 pts)
        delta H to (0, 1) (20001 pts)



md11.edr: 0.0 - 20001.0; lambda = (0, 1)
    foreign lambdas:
        delta H to (0, 0.9) (20001 pts)
        delta H to (0, 1) (20001 pts)
        delta H to (0.2, 1) (20001 pts)



md12.edr: 0.0 - 20001.0; lambda = (0.2, 1)
    foreign lambdas:
        delta H to (0, 1) (20001 pts)
        delta H to (0.2, 1) (20001 pts)
        delta H to (0.4, 1) (20001 pts)



md13.edr: 0.0 - 20001.0; lambda = (0.4, 1)
    foreign lambdas:
        delta H to (0.2, 1) (20001 pts)
        delta H to (0.4, 1) (20001 pts)
        delta H to (0.6, 1) (20001 pts)



md14.edr: 0.0 - 20001.0; lambda = (0.6, 1)
    foreign lambdas:
        delta H to (0.4, 1) (20001 pts)
        delta H to (0.6, 1) (20001 pts)
        delta H to (0.8, 1) (20001 pts)



md15.edr: 0.0 - 20001.0; lambda = (0.8, 1)
    foreign lambdas:
        delta H to (0.6, 1) (20001 pts)
        delta H to (0.8, 1) (20001 pts)
        delta H to (1, 1) (20001 pts)



md16.edr: 0.0 - 20001.0; lambda = (1, 1)
    foreign lambdas:
        delta H to (0.8, 1) (20001 pts)
        delta H to (1, 1) (20001 pts)



md1.edr: 0.0 - 20001.0; lambda = (0, 0)
    foreign lambdas:
        delta H to (0, 0) (20001 pts)
        delta H to (0, 0.1) (20001 pts)



md2.edr: 0.0 - 20001.0; lambda = (0, 0.1)
    foreign lambdas:
        delta H to (0, 0) (20001 pts)
        delta H to (0, 0.1) (20001 pts)
        delta H to (0, 0.2) (20001 pts)



md3.edr: 0.0 - 20001.0; lambda = (0, 0.2)
    foreign lambdas:
        delta H to (0, 0.1) (20001 pts)
        delta H to (0, 0.2) (20001 pts)
        delta H to (0, 0.3) (20001 pts)



md4.edr: 0.0 - 20001.0; lambda = (0, 0.3)
    foreign lambdas:
        delta H to (0, 0.2) (20001 pts)
        delta H to (0, 0.3) (20001 pts)
        delta H to (0, 0.4) (20001 pts)



md5.edr: 0.0 - 20001.0; lambda = (0, 0.4)
    foreign lambdas:
        delta H to (0, 0.3) (20001 pts)
        delta H to (0, 0.4) (20001 pts)
        delta H to (0, 0.5) (20001 pts)



md6.edr: 0.0 - 20001.0; lambda = (0, 0.5)
    foreign lambdas:
        delta H to (0, 0.4) (20001 pts)
        delta H to (0, 0.5) (20001 pts)
        delta H to (0, 0.6) (20001 pts)



md7.edr: 0.0 - 20001.0; lambda = (0, 0.6)
    foreign lambdas:
        delta H to (0, 0.5) (20001 pts)
        delta H to (0, 0.6) (20001 pts)
        delta H to (0, 0.7) (20001 pts)



md8.edr: 0.0 - 20001.0; lambda = (0, 0.7)
    foreign lambdas:
        delta H to (0, 0.6) (20001 pts)
        delta H to (0, 0.7) (20001 pts)
        delta H to (0, 0.8) (20001 pts)



md9.edr: 0.0 - 20001.0; lambda = (0, 0.8)
    foreign lambdas:
        delta H to (0, 0.7) (20001 pts)
        delta H to (0, 0.8) (20001 pts)
        delta H to (0, 0.9) (20001 pts)



   Samples in time interval: 0.000 - 20001.000
Removing samples outside of: 0.000 - 14000.000

Temperature: 298.15 K

Detailed results in kT (see help for explanation):

 lam_A  lam_B      DG   +/-     s_A   +/-     s_B   +/-   stdev   +/- 
     0      1    1.05  0.08    0.82  0.07    0.86  0.06    1.38  0.04
     1      2    1.44  0.10    2.40  0.20    1.81  0.14    2.32  0.12
     2      3    0.10  0.04    2.39  0.10    1.37  0.06    1.99  0.04
     3      4   -0.73  0.04    1.40  0.05    0.87  0.03    1.49  0.02
     4      5   -1.14  0.03    1.08  0.02    0.70  0.01    1.30  0.01
     5      6   -1.37  0.02    0.89  0.02    0.57  0.02    1.19  0.01
     6      7   -1.58  0.02    0.86  0.04    0.55  0.02    1.14  0.01
     7      8   -1.76  0.01    0.69  0.03    0.43  0.02    1.03  0.01
     8      9   -1.88  0.01    0.64  0.02    0.40  0.01    0.96  0.01
     9     10   -1.98  0.01    0.55  0.02    0.36  0.01    0.91  0.01
    10     11   -0.10  0.00    0.04  0.01    0.05  0.01    0.36  0.03
    11     12   -0.23  0.02    0.09  0.02    0.10  0.02    0.39  0.02
    12     13   -0.48  0.06    0.15  0.06    0.18  0.07    0.51  0.04
    13     14   -0.86  0.07    0.20  0.11    0.27  0.11    0.73  0.01
    14     15   -1.23  0.12    0.11  0.09    0.18  0.09    0.86  0.02


Final results in kJ/mol:

point      0 -      1,   DG  2.61 +/-  0.21
point      1 -      2,   DG  3.57 +/-  0.25
point      2 -      3,   DG  0.26 +/-  0.10
point      3 -      4,   DG -1.82 +/-  0.09
point      4 -      5,   DG -2.82 +/-  0.07
point      5 -      6,   DG -3.40 +/-  0.04
point      6 -      7,   DG -3.91 +/-  0.05
point      7 -      8,   DG -4.36 +/-  0.03
point      8 -      9,   DG -4.67 +/-  0.03
point      9 -     10,   DG -4.92 +/-  0.03
point     10 -     11,   DG -0.24 +/-  0.01
point     11 -     12,   DG -0.58 +/-  0.05
point     12 -     13,   DG -1.19 +/-  0.16
point     13 -     14,   DG -2.12 +/-  0.17
point     14 -     15,   DG -3.05 +/-  0.31

total      0 -     15,   DG -26.65 +/-  0.69

