
md10.edr: 0.0 - 20001.0; lambda = (0, 0.9)
    foreign lambdas:
        delta H to (0, 0.8) (20001 pts)
        delta H to (0, 0.9) (20001 pts)
        delta H to (0, 1) (20001 pts)



md11.edr: 0.0 - 20001.0; lambda = (0, 1)
    foreign lambdas:
        delta H to (0, 0.9) (20001 pts)
        delta H to (0, 1) (20001 pts)
        delta H to (0.2, 1) (20001 pts)



md12.edr: 0.0 - 20001.0; lambda = (0.2, 1)
    foreign lambdas:
        delta H to (0, 1) (20001 pts)
        delta H to (0.2, 1) (20001 pts)
        delta H to (0.4, 1) (20001 pts)



md13.edr: 0.0 - 20001.0; lambda = (0.4, 1)
    foreign lambdas:
        delta H to (0.2, 1) (20001 pts)
        delta H to (0.4, 1) (20001 pts)
        delta H to (0.6, 1) (20001 pts)



md14.edr: 0.0 - 20001.0; lambda = (0.6, 1)
    foreign lambdas:
        delta H to (0.4, 1) (20001 pts)
        delta H to (0.6, 1) (20001 pts)
        delta H to (0.8, 1) (20001 pts)



md15.edr: 0.0 - 20001.0; lambda = (0.8, 1)
    foreign lambdas:
        delta H to (0.6, 1) (20001 pts)
        delta H to (0.8, 1) (20001 pts)
        delta H to (1, 1) (20001 pts)



md16.edr: 0.0 - 20001.0; lambda = (1, 1)
    foreign lambdas:
        delta H to (0.8, 1) (20001 pts)
        delta H to (1, 1) (20001 pts)



md1.edr: 0.0 - 20001.0; lambda = (0, 0)
    foreign lambdas:
        delta H to (0, 0) (20001 pts)
        delta H to (0, 0.1) (20001 pts)



md2.edr: 0.0 - 20001.0; lambda = (0, 0.1)
    foreign lambdas:
        delta H to (0, 0) (20001 pts)
        delta H to (0, 0.1) (20001 pts)
        delta H to (0, 0.2) (20001 pts)



md3.edr: 0.0 - 20001.0; lambda = (0, 0.2)
    foreign lambdas:
        delta H to (0, 0.1) (20001 pts)
        delta H to (0, 0.2) (20001 pts)
        delta H to (0, 0.3) (20001 pts)



md4.edr: 0.0 - 20001.0; lambda = (0, 0.3)
    foreign lambdas:
        delta H to (0, 0.2) (20001 pts)
        delta H to (0, 0.3) (20001 pts)
        delta H to (0, 0.4) (20001 pts)



md5.edr: 0.0 - 20001.0; lambda = (0, 0.4)
    foreign lambdas:
        delta H to (0, 0.3) (20001 pts)
        delta H to (0, 0.4) (20001 pts)
        delta H to (0, 0.5) (20001 pts)



md6.edr: 0.0 - 20001.0; lambda = (0, 0.5)
    foreign lambdas:
        delta H to (0, 0.4) (20001 pts)
        delta H to (0, 0.5) (20001 pts)
        delta H to (0, 0.6) (20001 pts)



md7.edr: 0.0 - 20001.0; lambda = (0, 0.6)
    foreign lambdas:
        delta H to (0, 0.5) (20001 pts)
        delta H to (0, 0.6) (20001 pts)
        delta H to (0, 0.7) (20001 pts)



md8.edr: 0.0 - 20001.0; lambda = (0, 0.7)
    foreign lambdas:
        delta H to (0, 0.6) (20001 pts)
        delta H to (0, 0.7) (20001 pts)
        delta H to (0, 0.8) (20001 pts)



md9.edr: 0.0 - 20001.0; lambda = (0, 0.8)
    foreign lambdas:
        delta H to (0, 0.7) (20001 pts)
        delta H to (0, 0.8) (20001 pts)
        delta H to (0, 0.9) (20001 pts)



   Samples in time interval: 0.000 - 20001.000
Removing samples outside of: 0.000 - 7000.000

Temperature: 298.15 K

Detailed results in kT (see help for explanation):

 lam_A  lam_B      DG   +/-     s_A   +/-     s_B   +/-   stdev   +/- 
     0      1    0.97  0.05    0.98  0.10    1.01  0.09    1.43  0.06
     1      2    1.30  0.11    2.10  0.08    1.61  0.07    2.16  0.05
     2      3    0.11  0.05    2.51  0.16    1.43  0.08    2.04  0.08
     3      4   -0.76  0.04    1.32  0.06    0.82  0.04    1.45  0.03
     4      5   -1.13  0.02    1.08  0.03    0.71  0.02    1.30  0.01
     5      6   -1.37  0.03    0.88  0.03    0.56  0.02    1.18  0.01
     6      7   -1.55  0.03    0.84  0.05    0.54  0.03    1.14  0.02
     7      8   -1.73  0.02    0.75  0.03    0.46  0.02    1.06  0.02
     8      9   -1.87  0.01    0.63  0.02    0.39  0.01    0.97  0.02
     9     10   -1.97  0.02    0.55  0.01    0.36  0.01    0.90  0.00
    10     11   -0.10  0.01    0.04  0.02    0.04  0.03    0.32  0.03
    11     12   -0.25  0.04    0.11  0.02    0.12  0.02    0.40  0.02
    12     13   -0.46  0.06    0.08  0.06    0.10  0.06    0.49  0.03
    13     14   -0.89  0.11    0.34  0.03    0.40  0.03    0.73  0.04
    14     15   -1.29  0.18   -0.00  0.13    0.07  0.12    0.87  0.05


Final results in kJ/mol:

point      0 -      1,   DG  2.39 +/-  0.13
point      1 -      2,   DG  3.22 +/-  0.28
point      2 -      3,   DG  0.28 +/-  0.13
point      3 -      4,   DG -1.89 +/-  0.11
point      4 -      5,   DG -2.81 +/-  0.05
point      5 -      6,   DG -3.40 +/-  0.07
point      6 -      7,   DG -3.83 +/-  0.06
point      7 -      8,   DG -4.29 +/-  0.05
point      8 -      9,   DG -4.65 +/-  0.04
point      9 -     10,   DG -4.89 +/-  0.04
point     10 -     11,   DG -0.24 +/-  0.03
point     11 -     12,   DG -0.63 +/-  0.10
point     12 -     13,   DG -1.13 +/-  0.16
point     13 -     14,   DG -2.21 +/-  0.26
point     14 -     15,   DG -3.21 +/-  0.45

total      0 -     15,   DG -27.28 +/-  0.82

