
md10.edr: 0.0 - 20001.0; lambda = (0, 0.9)
    foreign lambdas:
        delta H to (0, 0.8) (20001 pts)
        delta H to (0, 0.9) (20001 pts)
        delta H to (0, 1) (20001 pts)



md11.edr: 0.0 - 20001.0; lambda = (0, 1)
    foreign lambdas:
        delta H to (0, 0.9) (20001 pts)
        delta H to (0, 1) (20001 pts)
        delta H to (0.2, 1) (20001 pts)



md12.edr: 0.0 - 20001.0; lambda = (0.2, 1)
    foreign lambdas:
        delta H to (0, 1) (20001 pts)
        delta H to (0.2, 1) (20001 pts)
        delta H to (0.4, 1) (20001 pts)



md13.edr: 0.0 - 20001.0; lambda = (0.4, 1)
    foreign lambdas:
        delta H to (0.2, 1) (20001 pts)
        delta H to (0.4, 1) (20001 pts)
        delta H to (0.6, 1) (20001 pts)



md14.edr: 0.0 - 20001.0; lambda = (0.6, 1)
    foreign lambdas:
        delta H to (0.4, 1) (20001 pts)
        delta H to (0.6, 1) (20001 pts)
        delta H to (0.8, 1) (20001 pts)



md15.edr: 0.0 - 20001.0; lambda = (0.8, 1)
    foreign lambdas:
        delta H to (0.6, 1) (20001 pts)
        delta H to (0.8, 1) (20001 pts)
        delta H to (1, 1) (20001 pts)



md16.edr: 0.0 - 20001.0; lambda = (1, 1)
    foreign lambdas:
        delta H to (0.8, 1) (20001 pts)
        delta H to (1, 1) (20001 pts)



md1.edr: 0.0 - 20001.0; lambda = (0, 0)
    foreign lambdas:
        delta H to (0, 0) (20001 pts)
        delta H to (0, 0.1) (20001 pts)



md2.edr: 0.0 - 20001.0; lambda = (0, 0.1)
    foreign lambdas:
        delta H to (0, 0) (20001 pts)
        delta H to (0, 0.1) (20001 pts)
        delta H to (0, 0.2) (20001 pts)



md3.edr: 0.0 - 20001.0; lambda = (0, 0.2)
    foreign lambdas:
        delta H to (0, 0.1) (20001 pts)
        delta H to (0, 0.2) (20001 pts)
        delta H to (0, 0.3) (20001 pts)



md4.edr: 0.0 - 20001.0; lambda = (0, 0.3)
    foreign lambdas:
        delta H to (0, 0.2) (20001 pts)
        delta H to (0, 0.3) (20001 pts)
        delta H to (0, 0.4) (20001 pts)



md5.edr: 0.0 - 20001.0; lambda = (0, 0.4)
    foreign lambdas:
        delta H to (0, 0.3) (20001 pts)
        delta H to (0, 0.4) (20001 pts)
        delta H to (0, 0.5) (20001 pts)



md6.edr: 0.0 - 20001.0; lambda = (0, 0.5)
    foreign lambdas:
        delta H to (0, 0.4) (20001 pts)
        delta H to (0, 0.5) (20001 pts)
        delta H to (0, 0.6) (20001 pts)



md7.edr: 0.0 - 20001.0; lambda = (0, 0.6)
    foreign lambdas:
        delta H to (0, 0.5) (20001 pts)
        delta H to (0, 0.6) (20001 pts)
        delta H to (0, 0.7) (20001 pts)



md8.edr: 0.0 - 20001.0; lambda = (0, 0.7)
    foreign lambdas:
        delta H to (0, 0.6) (20001 pts)
        delta H to (0, 0.7) (20001 pts)
        delta H to (0, 0.8) (20001 pts)



md9.edr: 0.0 - 20001.0; lambda = (0, 0.8)
    foreign lambdas:
        delta H to (0, 0.7) (20001 pts)
        delta H to (0, 0.8) (20001 pts)
        delta H to (0, 0.9) (20001 pts)



   Samples in time interval: 0.000 - 20001.000
Removing samples outside of: 0.000 - 1000.000

Temperature: 298.15 K

Detailed results in kT (see help for explanation):

 lam_A  lam_B      DG   +/-     s_A   +/-     s_B   +/-   stdev   +/- 
     0      1    0.79  0.03    1.08  0.19    1.07  0.18    1.45  0.11
     1      2    1.41  0.13    1.67  0.22    1.36  0.22    1.97  0.16
     2      3    0.28  0.16    2.98  0.21    1.71  0.13    2.28  0.12
     3      4   -0.79  0.06    1.21  0.22    0.78  0.15    1.40  0.10
     4      5   -1.10  0.04    1.12  0.13    0.74  0.08    1.33  0.05
     5      6   -1.37  0.05    0.80  0.09    0.50  0.05    1.15  0.04
     6      7   -1.56  0.05    0.98  0.08    0.64  0.04    1.18  0.04
     7      8   -1.80  0.05    0.59  0.07    0.36  0.04    0.97  0.03
     8      9   -1.90  0.03    0.64  0.05    0.41  0.03    0.95  0.03
     9     10   -2.04  0.03    0.55  0.03    0.37  0.02    0.89  0.02
    10     11   -0.16  0.08    0.18  0.04    0.19  0.04    0.45  0.03
    11     12   -0.41  0.02    0.06  0.10    0.07  0.11    0.50  0.04
    12     13   -0.51  0.09    0.04  0.08    0.04  0.07    0.52  0.04
    13     14   -1.08  0.12    0.53  0.12    0.59  0.13    0.84  0.08
    14     15   -1.70  0.17    0.03  0.13    0.06  0.11    0.78  0.05


Final results in kJ/mol:

point      0 -      1,   DG  1.95 +/-  0.08
point      1 -      2,   DG  3.49 +/-  0.31
point      2 -      3,   DG  0.70 +/-  0.39
point      3 -      4,   DG -1.97 +/-  0.15
point      4 -      5,   DG -2.73 +/-  0.09
point      5 -      6,   DG -3.39 +/-  0.13
point      6 -      7,   DG -3.87 +/-  0.12
point      7 -      8,   DG -4.46 +/-  0.12
point      8 -      9,   DG -4.70 +/-  0.08
point      9 -     10,   DG -5.06 +/-  0.07
point     10 -     11,   DG -0.39 +/-  0.19
point     11 -     12,   DG -1.01 +/-  0.05
point     12 -     13,   DG -1.27 +/-  0.21
point     13 -     14,   DG -2.67 +/-  0.30
point     14 -     15,   DG -4.20 +/-  0.43

total      0 -     15,   DG -29.58 +/-  0.90

