
md10.edr: 0.0 - 20001.0; lambda = (0, 0.9)
    foreign lambdas:
        delta H to (0, 0.8) (20001 pts)
        delta H to (0, 0.9) (20001 pts)
        delta H to (0, 1) (20001 pts)



md11.edr: 0.0 - 20001.0; lambda = (0, 1)
    foreign lambdas:
        delta H to (0, 0.9) (20001 pts)
        delta H to (0, 1) (20001 pts)
        delta H to (0.2, 1) (20001 pts)



md12.edr: 0.0 - 20001.0; lambda = (0.2, 1)
    foreign lambdas:
        delta H to (0, 1) (20001 pts)
        delta H to (0.2, 1) (20001 pts)
        delta H to (0.4, 1) (20001 pts)



md13.edr: 0.0 - 20001.0; lambda = (0.4, 1)
    foreign lambdas:
        delta H to (0.2, 1) (20001 pts)
        delta H to (0.4, 1) (20001 pts)
        delta H to (0.6, 1) (20001 pts)



md14.edr: 0.0 - 20001.0; lambda = (0.6, 1)
    foreign lambdas:
        delta H to (0.4, 1) (20001 pts)
        delta H to (0.6, 1) (20001 pts)
        delta H to (0.8, 1) (20001 pts)



md15.edr: 0.0 - 20001.0; lambda = (0.8, 1)
    foreign lambdas:
        delta H to (0.6, 1) (20001 pts)
        delta H to (0.8, 1) (20001 pts)
        delta H to (1, 1) (20001 pts)



md16.edr: 0.0 - 20001.0; lambda = (1, 1)
    foreign lambdas:
        delta H to (0.8, 1) (20001 pts)
        delta H to (1, 1) (20001 pts)



md1.edr: 0.0 - 20001.0; lambda = (0, 0)
    foreign lambdas:
        delta H to (0, 0) (20001 pts)
        delta H to (0, 0.1) (20001 pts)



md2.edr: 0.0 - 20001.0; lambda = (0, 0.1)
    foreign lambdas:
        delta H to (0, 0) (20001 pts)
        delta H to (0, 0.1) (20001 pts)
        delta H to (0, 0.2) (20001 pts)



md3.edr: 0.0 - 20001.0; lambda = (0, 0.2)
    foreign lambdas:
        delta H to (0, 0.1) (20001 pts)
        delta H to (0, 0.2) (20001 pts)
        delta H to (0, 0.3) (20001 pts)



md4.edr: 0.0 - 20001.0; lambda = (0, 0.3)
    foreign lambdas:
        delta H to (0, 0.2) (20001 pts)
        delta H to (0, 0.3) (20001 pts)
        delta H to (0, 0.4) (20001 pts)



md5.edr: 0.0 - 20001.0; lambda = (0, 0.4)
    foreign lambdas:
        delta H to (0, 0.3) (20001 pts)
        delta H to (0, 0.4) (20001 pts)
        delta H to (0, 0.5) (20001 pts)



md6.edr: 0.0 - 20001.0; lambda = (0, 0.5)
    foreign lambdas:
        delta H to (0, 0.4) (20001 pts)
        delta H to (0, 0.5) (20001 pts)
        delta H to (0, 0.6) (20001 pts)



md7.edr: 0.0 - 20001.0; lambda = (0, 0.6)
    foreign lambdas:
        delta H to (0, 0.5) (20001 pts)
        delta H to (0, 0.6) (20001 pts)
        delta H to (0, 0.7) (20001 pts)



md8.edr: 0.0 - 20001.0; lambda = (0, 0.7)
    foreign lambdas:
        delta H to (0, 0.6) (20001 pts)
        delta H to (0, 0.7) (20001 pts)
        delta H to (0, 0.8) (20001 pts)



md9.edr: 0.0 - 20001.0; lambda = (0, 0.8)
    foreign lambdas:
        delta H to (0, 0.7) (20001 pts)
        delta H to (0, 0.8) (20001 pts)
        delta H to (0, 0.9) (20001 pts)



   Samples in time interval: 0.000 - 20001.000
Removing samples outside of: 0.000 - 15000.000

Temperature: 298.15 K

Detailed results in kT (see help for explanation):

 lam_A  lam_B      DG   +/-     s_A   +/-     s_B   +/-   stdev   +/- 
     0      1    1.04  0.05    0.84  0.05    0.88  0.05    1.38  0.02
     1      2    1.44  0.05    2.35  0.17    1.77  0.11    2.29  0.08
     2      3    0.12  0.06    2.45  0.15    1.39  0.08    2.01  0.06
     3      4   -0.73  0.03    1.39  0.04    0.86  0.02    1.49  0.01
     4      5   -1.13  0.03    1.09  0.03    0.70  0.02    1.31  0.02
     5      6   -1.37  0.02    0.89  0.03    0.57  0.02    1.19  0.01
     6      7   -1.58  0.01    0.86  0.04    0.55  0.02    1.13  0.01
     7      8   -1.75  0.01    0.70  0.02    0.43  0.02    1.03  0.01
     8      9   -1.88  0.02    0.64  0.01    0.41  0.01    0.96  0.01
     9     10   -1.98  0.01    0.55  0.02    0.36  0.01    0.91  0.01
    10     11   -0.10  0.01    0.05  0.02    0.05  0.02    0.36  0.02
    11     12   -0.23  0.02    0.08  0.02    0.09  0.02    0.38  0.02
    12     13   -0.48  0.06    0.16  0.06    0.19  0.07    0.52  0.03
    13     14   -0.87  0.08    0.21  0.11    0.27  0.12    0.73  0.02
    14     15   -1.24  0.11    0.10  0.10    0.16  0.10    0.86  0.02


Final results in kJ/mol:

point      0 -      1,   DG  2.58 +/-  0.11
point      1 -      2,   DG  3.58 +/-  0.13
point      2 -      3,   DG  0.30 +/-  0.14
point      3 -      4,   DG -1.80 +/-  0.06
point      4 -      5,   DG -2.79 +/-  0.07
point      5 -      6,   DG -3.40 +/-  0.04
point      6 -      7,   DG -3.91 +/-  0.04
point      7 -      8,   DG -4.34 +/-  0.03
point      8 -      9,   DG -4.66 +/-  0.05
point      9 -     10,   DG -4.91 +/-  0.02
point     10 -     11,   DG -0.26 +/-  0.02
point     11 -     12,   DG -0.58 +/-  0.05
point     12 -     13,   DG -1.19 +/-  0.14
point     13 -     14,   DG -2.16 +/-  0.19
point     14 -     15,   DG -3.08 +/-  0.28

total      0 -     15,   DG -26.62 +/-  0.60

