
md10.edr: 0.0 - 20001.0; lambda = (0, 0.9)
    foreign lambdas:
        delta H to (0, 0.8) (20001 pts)
        delta H to (0, 0.9) (20001 pts)
        delta H to (0, 1) (20001 pts)



md11.edr: 0.0 - 20001.0; lambda = (0, 1)
    foreign lambdas:
        delta H to (0, 0.9) (20001 pts)
        delta H to (0, 1) (20001 pts)
        delta H to (0.2, 1) (20001 pts)



md12.edr: 0.0 - 20001.0; lambda = (0.2, 1)
    foreign lambdas:
        delta H to (0, 1) (20001 pts)
        delta H to (0.2, 1) (20001 pts)
        delta H to (0.4, 1) (20001 pts)



md13.edr: 0.0 - 20001.0; lambda = (0.4, 1)
    foreign lambdas:
        delta H to (0.2, 1) (20001 pts)
        delta H to (0.4, 1) (20001 pts)
        delta H to (0.6, 1) (20001 pts)



md14.edr: 0.0 - 20001.0; lambda = (0.6, 1)
    foreign lambdas:
        delta H to (0.4, 1) (20001 pts)
        delta H to (0.6, 1) (20001 pts)
        delta H to (0.8, 1) (20001 pts)



md15.edr: 0.0 - 20001.0; lambda = (0.8, 1)
    foreign lambdas:
        delta H to (0.6, 1) (20001 pts)
        delta H to (0.8, 1) (20001 pts)
        delta H to (1, 1) (20001 pts)



md16.edr: 0.0 - 20001.0; lambda = (1, 1)
    foreign lambdas:
        delta H to (0.8, 1) (20001 pts)
        delta H to (1, 1) (20001 pts)



md1.edr: 0.0 - 20001.0; lambda = (0, 0)
    foreign lambdas:
        delta H to (0, 0) (20001 pts)
        delta H to (0, 0.1) (20001 pts)



md2.edr: 0.0 - 20001.0; lambda = (0, 0.1)
    foreign lambdas:
        delta H to (0, 0) (20001 pts)
        delta H to (0, 0.1) (20001 pts)
        delta H to (0, 0.2) (20001 pts)



md3.edr: 0.0 - 20001.0; lambda = (0, 0.2)
    foreign lambdas:
        delta H to (0, 0.1) (20001 pts)
        delta H to (0, 0.2) (20001 pts)
        delta H to (0, 0.3) (20001 pts)



md4.edr: 0.0 - 20001.0; lambda = (0, 0.3)
    foreign lambdas:
        delta H to (0, 0.2) (20001 pts)
        delta H to (0, 0.3) (20001 pts)
        delta H to (0, 0.4) (20001 pts)



md5.edr: 0.0 - 20001.0; lambda = (0, 0.4)
    foreign lambdas:
        delta H to (0, 0.3) (20001 pts)
        delta H to (0, 0.4) (20001 pts)
        delta H to (0, 0.5) (20001 pts)



md6.edr: 0.0 - 20001.0; lambda = (0, 0.5)
    foreign lambdas:
        delta H to (0, 0.4) (20001 pts)
        delta H to (0, 0.5) (20001 pts)
        delta H to (0, 0.6) (20001 pts)



md7.edr: 0.0 - 20001.0; lambda = (0, 0.6)
    foreign lambdas:
        delta H to (0, 0.5) (20001 pts)
        delta H to (0, 0.6) (20001 pts)
        delta H to (0, 0.7) (20001 pts)



md8.edr: 0.0 - 20001.0; lambda = (0, 0.7)
    foreign lambdas:
        delta H to (0, 0.6) (20001 pts)
        delta H to (0, 0.7) (20001 pts)
        delta H to (0, 0.8) (20001 pts)



md9.edr: 0.0 - 20001.0; lambda = (0, 0.8)
    foreign lambdas:
        delta H to (0, 0.7) (20001 pts)
        delta H to (0, 0.8) (20001 pts)
        delta H to (0, 0.9) (20001 pts)



   Samples in time interval: 0.000 - 20001.000
Removing samples outside of: 0.000 - 9000.000

Temperature: 298.15 K

Detailed results in kT (see help for explanation):

 lam_A  lam_B      DG   +/-     s_A   +/-     s_B   +/-   stdev   +/- 
     0      1    0.99  0.06    0.88  0.10    0.92  0.09    1.41  0.05
     1      2    1.36  0.12    2.23  0.13    1.68  0.09    2.23  0.07
     2      3    0.12  0.04    2.47  0.13    1.39  0.08    2.01  0.07
     3      4   -0.75  0.04    1.38  0.08    0.86  0.05    1.47  0.04
     4      5   -1.16  0.03    1.06  0.03    0.69  0.02    1.29  0.02
     5      6   -1.38  0.02    0.87  0.02    0.56  0.02    1.18  0.01
     6      7   -1.56  0.03    0.84  0.05    0.54  0.03    1.13  0.02
     7      8   -1.75  0.02    0.73  0.03    0.46  0.02    1.04  0.02
     8      9   -1.89  0.02    0.63  0.01    0.39  0.01    0.96  0.01
     9     10   -1.98  0.02    0.54  0.02    0.35  0.01    0.90  0.01
    10     11   -0.10  0.01    0.04  0.02    0.04  0.02    0.33  0.03
    11     12   -0.24  0.03    0.11  0.02    0.12  0.02    0.39  0.02
    12     13   -0.43  0.06    0.07  0.02    0.09  0.02    0.48  0.02
    13     14   -0.86  0.06    0.35  0.03    0.42  0.03    0.75  0.03
    14     15   -1.32  0.15    0.03  0.10    0.10  0.09    0.88  0.03


Final results in kJ/mol:

point      0 -      1,   DG  2.45 +/-  0.14
point      1 -      2,   DG  3.37 +/-  0.31
point      2 -      3,   DG  0.30 +/-  0.10
point      3 -      4,   DG -1.87 +/-  0.10
point      4 -      5,   DG -2.87 +/-  0.07
point      5 -      6,   DG -3.42 +/-  0.06
point      6 -      7,   DG -3.87 +/-  0.06
point      7 -      8,   DG -4.34 +/-  0.04
point      8 -      9,   DG -4.69 +/-  0.05
point      9 -     10,   DG -4.91 +/-  0.04
point     10 -     11,   DG -0.24 +/-  0.04
point     11 -     12,   DG -0.59 +/-  0.07
point     12 -     13,   DG -1.06 +/-  0.15
point     13 -     14,   DG -2.14 +/-  0.15
point     14 -     15,   DG -3.27 +/-  0.38

total      0 -     15,   DG -27.13 +/-  0.59

