
md10.edr: 0.0 - 20001.0; lambda = (0, 0.9)
    foreign lambdas:
        delta H to (0, 0.8) (20001 pts)
        delta H to (0, 0.9) (20001 pts)
        delta H to (0, 1) (20001 pts)



md11.edr: 0.0 - 20001.0; lambda = (0, 1)
    foreign lambdas:
        delta H to (0, 0.9) (20001 pts)
        delta H to (0, 1) (20001 pts)
        delta H to (0.2, 1) (20001 pts)



md12.edr: 0.0 - 20001.0; lambda = (0.2, 1)
    foreign lambdas:
        delta H to (0, 1) (20001 pts)
        delta H to (0.2, 1) (20001 pts)
        delta H to (0.4, 1) (20001 pts)



md13.edr: 0.0 - 20001.0; lambda = (0.4, 1)
    foreign lambdas:
        delta H to (0.2, 1) (20001 pts)
        delta H to (0.4, 1) (20001 pts)
        delta H to (0.6, 1) (20001 pts)



md14.edr: 0.0 - 20001.0; lambda = (0.6, 1)
    foreign lambdas:
        delta H to (0.4, 1) (20001 pts)
        delta H to (0.6, 1) (20001 pts)
        delta H to (0.8, 1) (20001 pts)



md15.edr: 0.0 - 20001.0; lambda = (0.8, 1)
    foreign lambdas:
        delta H to (0.6, 1) (20001 pts)
        delta H to (0.8, 1) (20001 pts)
        delta H to (1, 1) (20001 pts)



md16.edr: 0.0 - 20001.0; lambda = (1, 1)
    foreign lambdas:
        delta H to (0.8, 1) (20001 pts)
        delta H to (1, 1) (20001 pts)



md1.edr: 0.0 - 20001.0; lambda = (0, 0)
    foreign lambdas:
        delta H to (0, 0) (20001 pts)
        delta H to (0, 0.1) (20001 pts)



md2.edr: 0.0 - 20001.0; lambda = (0, 0.1)
    foreign lambdas:
        delta H to (0, 0) (20001 pts)
        delta H to (0, 0.1) (20001 pts)
        delta H to (0, 0.2) (20001 pts)



md3.edr: 0.0 - 20001.0; lambda = (0, 0.2)
    foreign lambdas:
        delta H to (0, 0.1) (20001 pts)
        delta H to (0, 0.2) (20001 pts)
        delta H to (0, 0.3) (20001 pts)



md4.edr: 0.0 - 20001.0; lambda = (0, 0.3)
    foreign lambdas:
        delta H to (0, 0.2) (20001 pts)
        delta H to (0, 0.3) (20001 pts)
        delta H to (0, 0.4) (20001 pts)



md5.edr: 0.0 - 20001.0; lambda = (0, 0.4)
    foreign lambdas:
        delta H to (0, 0.3) (20001 pts)
        delta H to (0, 0.4) (20001 pts)
        delta H to (0, 0.5) (20001 pts)



md6.edr: 0.0 - 20001.0; lambda = (0, 0.5)
    foreign lambdas:
        delta H to (0, 0.4) (20001 pts)
        delta H to (0, 0.5) (20001 pts)
        delta H to (0, 0.6) (20001 pts)



md7.edr: 0.0 - 20001.0; lambda = (0, 0.6)
    foreign lambdas:
        delta H to (0, 0.5) (20001 pts)
        delta H to (0, 0.6) (20001 pts)
        delta H to (0, 0.7) (20001 pts)



md8.edr: 0.0 - 20001.0; lambda = (0, 0.7)
    foreign lambdas:
        delta H to (0, 0.6) (20001 pts)
        delta H to (0, 0.7) (20001 pts)
        delta H to (0, 0.8) (20001 pts)



md9.edr: 0.0 - 20001.0; lambda = (0, 0.8)
    foreign lambdas:
        delta H to (0, 0.7) (20001 pts)
        delta H to (0, 0.8) (20001 pts)
        delta H to (0, 0.9) (20001 pts)



   Samples in time interval: 0.000 - 20001.000
Removing samples outside of: 0.000 - 8000.000

Temperature: 298.15 K

Detailed results in kT (see help for explanation):

 lam_A  lam_B      DG   +/-     s_A   +/-     s_B   +/-   stdev   +/- 
     0      1    1.28  0.08    0.56  0.07    0.61  0.09    1.28  0.04
     1      2    1.87  0.18    2.96  0.10    2.24  0.13    2.72  0.10
     2      3    0.10  0.09    2.32  0.09    1.37  0.06    1.98  0.05
     3      4   -0.72  0.06    1.44  0.12    0.88  0.07    1.53  0.05
     4      5   -1.07  0.02    1.07  0.03    0.67  0.02    1.30  0.02
     5      6   -1.34  0.03    0.94  0.03    0.61  0.02    1.19  0.02
     6      7   -1.59  0.02    0.81  0.03    0.53  0.02    1.10  0.01
     7      8   -1.72  0.01    0.63  0.03    0.38  0.02    1.00  0.01
     8      9   -1.84  0.02    0.66  0.01    0.43  0.01    0.97  0.01
     9     10   -1.95  0.02    0.56  0.03    0.36  0.03    0.91  0.02
    10     11   -0.08  0.02    0.02  0.02    0.02  0.02    0.26  0.01
    11     12   -0.14  0.02    0.05  0.01    0.05  0.01    0.29  0.01
    12     13   -0.27  0.02    0.08  0.03    0.09  0.04    0.36  0.03
    13     14   -0.53  0.09    0.16  0.06    0.21  0.07    0.55  0.06
    14     15   -0.97  0.04    0.23  0.15    0.31  0.16    0.78  0.06


Final results in kJ/mol:

point      0 -      1,   DG  3.16 +/-  0.21
point      1 -      2,   DG  4.65 +/-  0.44
point      2 -      3,   DG  0.24 +/-  0.23
point      3 -      4,   DG -1.78 +/-  0.14
point      4 -      5,   DG -2.65 +/-  0.05
point      5 -      6,   DG -3.33 +/-  0.07
point      6 -      7,   DG -3.94 +/-  0.06
point      7 -      8,   DG -4.27 +/-  0.02
point      8 -      9,   DG -4.56 +/-  0.04
point      9 -     10,   DG -4.84 +/-  0.05
point     10 -     11,   DG -0.19 +/-  0.05
point     11 -     12,   DG -0.36 +/-  0.05
point     12 -     13,   DG -0.68 +/-  0.04
point     13 -     14,   DG -1.30 +/-  0.23
point     14 -     15,   DG -2.40 +/-  0.09

total      0 -     15,   DG -22.25 +/-  1.11

