
md10.edr: 0.0 - 20001.0; lambda = (0, 0.9)
    foreign lambdas:
        delta H to (0, 0.8) (20001 pts)
        delta H to (0, 0.9) (20001 pts)
        delta H to (0, 1) (20001 pts)



md11.edr: 0.0 - 20001.0; lambda = (0, 1)
    foreign lambdas:
        delta H to (0, 0.9) (20001 pts)
        delta H to (0, 1) (20001 pts)
        delta H to (0.2, 1) (20001 pts)



md12.edr: 0.0 - 20001.0; lambda = (0.2, 1)
    foreign lambdas:
        delta H to (0, 1) (20001 pts)
        delta H to (0.2, 1) (20001 pts)
        delta H to (0.4, 1) (20001 pts)



md13.edr: 0.0 - 20001.0; lambda = (0.4, 1)
    foreign lambdas:
        delta H to (0.2, 1) (20001 pts)
        delta H to (0.4, 1) (20001 pts)
        delta H to (0.6, 1) (20001 pts)



md14.edr: 0.0 - 20001.0; lambda = (0.6, 1)
    foreign lambdas:
        delta H to (0.4, 1) (20001 pts)
        delta H to (0.6, 1) (20001 pts)
        delta H to (0.8, 1) (20001 pts)



md15.edr: 0.0 - 20001.0; lambda = (0.8, 1)
    foreign lambdas:
        delta H to (0.6, 1) (20001 pts)
        delta H to (0.8, 1) (20001 pts)
        delta H to (1, 1) (20001 pts)



md16.edr: 0.0 - 20001.0; lambda = (1, 1)
    foreign lambdas:
        delta H to (0.8, 1) (20001 pts)
        delta H to (1, 1) (20001 pts)



md1.edr: 0.0 - 20001.0; lambda = (0, 0)
    foreign lambdas:
        delta H to (0, 0) (20001 pts)
        delta H to (0, 0.1) (20001 pts)



md2.edr: 0.0 - 20001.0; lambda = (0, 0.1)
    foreign lambdas:
        delta H to (0, 0) (20001 pts)
        delta H to (0, 0.1) (20001 pts)
        delta H to (0, 0.2) (20001 pts)



md3.edr: 0.0 - 20001.0; lambda = (0, 0.2)
    foreign lambdas:
        delta H to (0, 0.1) (20001 pts)
        delta H to (0, 0.2) (20001 pts)
        delta H to (0, 0.3) (20001 pts)



md4.edr: 0.0 - 20001.0; lambda = (0, 0.3)
    foreign lambdas:
        delta H to (0, 0.2) (20001 pts)
        delta H to (0, 0.3) (20001 pts)
        delta H to (0, 0.4) (20001 pts)



md5.edr: 0.0 - 20001.0; lambda = (0, 0.4)
    foreign lambdas:
        delta H to (0, 0.3) (20001 pts)
        delta H to (0, 0.4) (20001 pts)
        delta H to (0, 0.5) (20001 pts)



md6.edr: 0.0 - 20001.0; lambda = (0, 0.5)
    foreign lambdas:
        delta H to (0, 0.4) (20001 pts)
        delta H to (0, 0.5) (20001 pts)
        delta H to (0, 0.6) (20001 pts)



md7.edr: 0.0 - 20001.0; lambda = (0, 0.6)
    foreign lambdas:
        delta H to (0, 0.5) (20001 pts)
        delta H to (0, 0.6) (20001 pts)
        delta H to (0, 0.7) (20001 pts)



md8.edr: 0.0 - 20001.0; lambda = (0, 0.7)
    foreign lambdas:
        delta H to (0, 0.6) (20001 pts)
        delta H to (0, 0.7) (20001 pts)
        delta H to (0, 0.8) (20001 pts)



md9.edr: 0.0 - 20001.0; lambda = (0, 0.8)
    foreign lambdas:
        delta H to (0, 0.7) (20001 pts)
        delta H to (0, 0.8) (20001 pts)
        delta H to (0, 0.9) (20001 pts)



   Samples in time interval: 0.000 - 20001.000
Removing samples outside of: 0.000 - 4000.000

Temperature: 298.15 K

Detailed results in kT (see help for explanation):

 lam_A  lam_B      DG   +/-     s_A   +/-     s_B   +/-   stdev   +/- 
     0      1    1.24  0.05    0.55  0.17    0.58  0.18    1.24  0.07
     1      2    1.91  0.19    2.95  0.23    2.34  0.23    2.76  0.21
     2      3   -0.00  0.11    2.30  0.20    1.34  0.13    1.93  0.10
     3      4   -0.77  0.03    1.32  0.05    0.84  0.05    1.49  0.02
     4      5   -1.05  0.02    1.06  0.04    0.65  0.03    1.30  0.03
     5      6   -1.28  0.04    0.96  0.04    0.63  0.02    1.21  0.03
     6      7   -1.55  0.02    0.83  0.03    0.54  0.01    1.11  0.01
     7      8   -1.70  0.02    0.67  0.04    0.40  0.02    1.02  0.01
     8      9   -1.85  0.02    0.67  0.03    0.43  0.01    0.97  0.01
     9     10   -1.92  0.02    0.52  0.02    0.32  0.01    0.90  0.02
    10     11   -0.05  0.02   -0.01  0.02   -0.01  0.02    0.24  0.02
    11     12   -0.12  0.01    0.08  0.01    0.08  0.01    0.28  0.01
    12     13   -0.32  0.04    0.12  0.06    0.14  0.06    0.41  0.04
    13     14   -0.64  0.15    0.19  0.04    0.22  0.05    0.59  0.07
    14     15   -1.01  0.06    0.14  0.19    0.21  0.20    0.75  0.07


Final results in kJ/mol:

point      0 -      1,   DG  3.08 +/-  0.13
point      1 -      2,   DG  4.73 +/-  0.48
point      2 -      3,   DG -0.01 +/-  0.27
point      3 -      4,   DG -1.90 +/-  0.08
point      4 -      5,   DG -2.60 +/-  0.06
point      5 -      6,   DG -3.17 +/-  0.09
point      6 -      7,   DG -3.85 +/-  0.05
point      7 -      8,   DG -4.22 +/-  0.05
point      8 -      9,   DG -4.58 +/-  0.06
point      9 -     10,   DG -4.77 +/-  0.04
point     10 -     11,   DG -0.13 +/-  0.06
point     11 -     12,   DG -0.30 +/-  0.03
point     12 -     13,   DG -0.80 +/-  0.11
point     13 -     14,   DG -1.60 +/-  0.36
point     14 -     15,   DG -2.50 +/-  0.15

total      0 -     15,   DG -22.62 +/-  0.86

