
md10.edr: 0.0 - 20001.0; lambda = (0, 0.9)
    foreign lambdas:
        delta H to (0, 0.8) (20001 pts)
        delta H to (0, 0.9) (20001 pts)
        delta H to (0, 1) (20001 pts)



md11.edr: 0.0 - 20001.0; lambda = (0, 1)
    foreign lambdas:
        delta H to (0, 0.9) (20001 pts)
        delta H to (0, 1) (20001 pts)
        delta H to (0.2, 1) (20001 pts)



md12.edr: 0.0 - 20001.0; lambda = (0.2, 1)
    foreign lambdas:
        delta H to (0, 1) (20001 pts)
        delta H to (0.2, 1) (20001 pts)
        delta H to (0.4, 1) (20001 pts)



md13.edr: 0.0 - 20001.0; lambda = (0.4, 1)
    foreign lambdas:
        delta H to (0.2, 1) (20001 pts)
        delta H to (0.4, 1) (20001 pts)
        delta H to (0.6, 1) (20001 pts)



md14.edr: 0.0 - 20001.0; lambda = (0.6, 1)
    foreign lambdas:
        delta H to (0.4, 1) (20001 pts)
        delta H to (0.6, 1) (20001 pts)
        delta H to (0.8, 1) (20001 pts)



md15.edr: 0.0 - 20001.0; lambda = (0.8, 1)
    foreign lambdas:
        delta H to (0.6, 1) (20001 pts)
        delta H to (0.8, 1) (20001 pts)
        delta H to (1, 1) (20001 pts)



md16.edr: 0.0 - 20001.0; lambda = (1, 1)
    foreign lambdas:
        delta H to (0.8, 1) (20001 pts)
        delta H to (1, 1) (20001 pts)



md1.edr: 0.0 - 20001.0; lambda = (0, 0)
    foreign lambdas:
        delta H to (0, 0) (20001 pts)
        delta H to (0, 0.1) (20001 pts)



md2.edr: 0.0 - 20001.0; lambda = (0, 0.1)
    foreign lambdas:
        delta H to (0, 0) (20001 pts)
        delta H to (0, 0.1) (20001 pts)
        delta H to (0, 0.2) (20001 pts)



md3.edr: 0.0 - 20001.0; lambda = (0, 0.2)
    foreign lambdas:
        delta H to (0, 0.1) (20001 pts)
        delta H to (0, 0.2) (20001 pts)
        delta H to (0, 0.3) (20001 pts)



md4.edr: 0.0 - 20001.0; lambda = (0, 0.3)
    foreign lambdas:
        delta H to (0, 0.2) (20001 pts)
        delta H to (0, 0.3) (20001 pts)
        delta H to (0, 0.4) (20001 pts)



md5.edr: 0.0 - 20001.0; lambda = (0, 0.4)
    foreign lambdas:
        delta H to (0, 0.3) (20001 pts)
        delta H to (0, 0.4) (20001 pts)
        delta H to (0, 0.5) (20001 pts)



md6.edr: 0.0 - 20001.0; lambda = (0, 0.5)
    foreign lambdas:
        delta H to (0, 0.4) (20001 pts)
        delta H to (0, 0.5) (20001 pts)
        delta H to (0, 0.6) (20001 pts)



md7.edr: 0.0 - 20001.0; lambda = (0, 0.6)
    foreign lambdas:
        delta H to (0, 0.5) (20001 pts)
        delta H to (0, 0.6) (20001 pts)
        delta H to (0, 0.7) (20001 pts)



md8.edr: 0.0 - 20001.0; lambda = (0, 0.7)
    foreign lambdas:
        delta H to (0, 0.6) (20001 pts)
        delta H to (0, 0.7) (20001 pts)
        delta H to (0, 0.8) (20001 pts)



md9.edr: 0.0 - 20001.0; lambda = (0, 0.8)
    foreign lambdas:
        delta H to (0, 0.7) (20001 pts)
        delta H to (0, 0.8) (20001 pts)
        delta H to (0, 0.9) (20001 pts)



   Samples in time interval: 0.000 - 20001.000
Removing samples outside of: 0.000 - 17000.000

Temperature: 298.15 K

Detailed results in kT (see help for explanation):

 lam_A  lam_B      DG   +/-     s_A   +/-     s_B   +/-   stdev   +/- 
     0      1    1.23  0.07    0.72  0.08    0.77  0.09    1.32  0.04
     1      2    1.69  0.14    2.71  0.16    2.07  0.14    2.54  0.11
     2      3    0.10  0.06    2.32  0.07    1.36  0.03    1.99  0.03
     3      4   -0.72  0.03    1.46  0.07    0.88  0.04    1.52  0.03
     4      5   -1.11  0.02    1.05  0.02    0.66  0.01    1.28  0.01
     5      6   -1.34  0.02    0.93  0.01    0.60  0.01    1.19  0.00
     6      7   -1.57  0.02    0.80  0.01    0.52  0.01    1.10  0.01
     7      8   -1.72  0.01    0.68  0.02    0.42  0.02    1.01  0.01
     8      9   -1.86  0.01    0.64  0.01    0.42  0.01    0.96  0.01
     9     10   -1.97  0.01    0.54  0.01    0.35  0.01    0.90  0.00
    10     11   -0.06  0.01    0.03  0.01    0.02  0.01    0.27  0.01
    11     12   -0.14  0.01    0.05  0.01    0.06  0.01    0.30  0.01
    12     13   -0.25  0.02    0.05  0.02    0.06  0.02    0.35  0.02
    13     14   -0.44  0.05    0.13  0.05    0.17  0.06    0.51  0.05
    14     15   -0.89  0.09    0.28  0.08    0.36  0.08    0.76  0.06


Final results in kJ/mol:

point      0 -      1,   DG  3.04 +/-  0.16
point      1 -      2,   DG  4.19 +/-  0.34
point      2 -      3,   DG  0.25 +/-  0.14
point      3 -      4,   DG -1.79 +/-  0.07
point      4 -      5,   DG -2.74 +/-  0.05
point      5 -      6,   DG -3.32 +/-  0.05
point      6 -      7,   DG -3.88 +/-  0.04
point      7 -      8,   DG -4.26 +/-  0.02
point      8 -      9,   DG -4.60 +/-  0.03
point      9 -     10,   DG -4.88 +/-  0.03
point     10 -     11,   DG -0.15 +/-  0.04
point     11 -     12,   DG -0.34 +/-  0.03
point     12 -     13,   DG -0.61 +/-  0.05
point     13 -     14,   DG -1.09 +/-  0.13
point     14 -     15,   DG -2.20 +/-  0.22

total      0 -     15,   DG -22.39 +/-  0.56

