
md10.edr: 0.0 - 20001.0; lambda = (0, 0.9)
    foreign lambdas:
        delta H to (0, 0.8) (20001 pts)
        delta H to (0, 0.9) (20001 pts)
        delta H to (0, 1) (20001 pts)



md11.edr: 0.0 - 20001.0; lambda = (0, 1)
    foreign lambdas:
        delta H to (0, 0.9) (20001 pts)
        delta H to (0, 1) (20001 pts)
        delta H to (0.2, 1) (20001 pts)



md12.edr: 0.0 - 20001.0; lambda = (0.2, 1)
    foreign lambdas:
        delta H to (0, 1) (20001 pts)
        delta H to (0.2, 1) (20001 pts)
        delta H to (0.4, 1) (20001 pts)



md13.edr: 0.0 - 20001.0; lambda = (0.4, 1)
    foreign lambdas:
        delta H to (0.2, 1) (20001 pts)
        delta H to (0.4, 1) (20001 pts)
        delta H to (0.6, 1) (20001 pts)



md14.edr: 0.0 - 20001.0; lambda = (0.6, 1)
    foreign lambdas:
        delta H to (0.4, 1) (20001 pts)
        delta H to (0.6, 1) (20001 pts)
        delta H to (0.8, 1) (20001 pts)



md15.edr: 0.0 - 20001.0; lambda = (0.8, 1)
    foreign lambdas:
        delta H to (0.6, 1) (20001 pts)
        delta H to (0.8, 1) (20001 pts)
        delta H to (1, 1) (20001 pts)



md16.edr: 0.0 - 20001.0; lambda = (1, 1)
    foreign lambdas:
        delta H to (0.8, 1) (20001 pts)
        delta H to (1, 1) (20001 pts)



md1.edr: 0.0 - 20001.0; lambda = (0, 0)
    foreign lambdas:
        delta H to (0, 0) (20001 pts)
        delta H to (0, 0.1) (20001 pts)



md2.edr: 0.0 - 20001.0; lambda = (0, 0.1)
    foreign lambdas:
        delta H to (0, 0) (20001 pts)
        delta H to (0, 0.1) (20001 pts)
        delta H to (0, 0.2) (20001 pts)



md3.edr: 0.0 - 20001.0; lambda = (0, 0.2)
    foreign lambdas:
        delta H to (0, 0.1) (20001 pts)
        delta H to (0, 0.2) (20001 pts)
        delta H to (0, 0.3) (20001 pts)



md4.edr: 0.0 - 20001.0; lambda = (0, 0.3)
    foreign lambdas:
        delta H to (0, 0.2) (20001 pts)
        delta H to (0, 0.3) (20001 pts)
        delta H to (0, 0.4) (20001 pts)



md5.edr: 0.0 - 20001.0; lambda = (0, 0.4)
    foreign lambdas:
        delta H to (0, 0.3) (20001 pts)
        delta H to (0, 0.4) (20001 pts)
        delta H to (0, 0.5) (20001 pts)



md6.edr: 0.0 - 20001.0; lambda = (0, 0.5)
    foreign lambdas:
        delta H to (0, 0.4) (20001 pts)
        delta H to (0, 0.5) (20001 pts)
        delta H to (0, 0.6) (20001 pts)



md7.edr: 0.0 - 20001.0; lambda = (0, 0.6)
    foreign lambdas:
        delta H to (0, 0.5) (20001 pts)
        delta H to (0, 0.6) (20001 pts)
        delta H to (0, 0.7) (20001 pts)



md8.edr: 0.0 - 20001.0; lambda = (0, 0.7)
    foreign lambdas:
        delta H to (0, 0.6) (20001 pts)
        delta H to (0, 0.7) (20001 pts)
        delta H to (0, 0.8) (20001 pts)



md9.edr: 0.0 - 20001.0; lambda = (0, 0.8)
    foreign lambdas:
        delta H to (0, 0.7) (20001 pts)
        delta H to (0, 0.8) (20001 pts)
        delta H to (0, 0.9) (20001 pts)



   Samples in time interval: 0.000 - 20001.000
Removing samples outside of: 0.000 - 3000.000

Temperature: 298.15 K

Detailed results in kT (see help for explanation):

 lam_A  lam_B      DG   +/-     s_A   +/-     s_B   +/-   stdev   +/- 
     0      1    1.22  0.10    0.39  0.14    0.42  0.15    1.17  0.08
     1      2    2.09  0.15    3.08  0.21    2.53  0.20    2.92  0.19
     2      3   -0.02  0.14    2.32  0.23    1.34  0.15    1.95  0.12
     3      4   -0.80  0.05    1.35  0.04    0.85  0.05    1.51  0.02
     4      5   -1.08  0.03    1.03  0.04    0.62  0.03    1.27  0.02
     5      6   -1.27  0.05    0.93  0.06    0.62  0.03    1.19  0.03
     6      7   -1.54  0.02    0.85  0.03    0.55  0.02    1.12  0.01
     7      8   -1.72  0.03    0.70  0.03    0.42  0.02    1.02  0.02
     8      9   -1.86  0.05    0.65  0.04    0.42  0.02    0.98  0.02
     9     10   -1.92  0.02    0.53  0.03    0.31  0.02    0.90  0.02
    10     11   -0.05  0.03    0.01  0.02    0.01  0.02    0.24  0.02
    11     12   -0.14  0.02    0.08  0.03    0.08  0.03    0.29  0.02
    12     13   -0.28  0.05    0.06  0.03    0.07  0.04    0.37  0.03
    13     14   -0.51  0.11    0.16  0.06    0.19  0.06    0.51  0.07
    14     15   -0.98  0.07    0.28  0.18    0.35  0.20    0.76  0.08


Final results in kJ/mol:

point      0 -      1,   DG  3.03 +/-  0.25
point      1 -      2,   DG  5.17 +/-  0.38
point      2 -      3,   DG -0.06 +/-  0.35
point      3 -      4,   DG -1.98 +/-  0.12
point      4 -      5,   DG -2.68 +/-  0.08
point      5 -      6,   DG -3.16 +/-  0.13
point      6 -      7,   DG -3.83 +/-  0.06
point      7 -      8,   DG -4.27 +/-  0.08
point      8 -      9,   DG -4.62 +/-  0.12
point      9 -     10,   DG -4.76 +/-  0.05
point     10 -     11,   DG -0.13 +/-  0.06
point     11 -     12,   DG -0.36 +/-  0.05
point     12 -     13,   DG -0.70 +/-  0.11
point     13 -     14,   DG -1.28 +/-  0.27
point     14 -     15,   DG -2.43 +/-  0.17

total      0 -     15,   DG -22.05 +/-  1.08

