
md10.edr: 0.0 - 20001.0; lambda = (0, 0.9)
    foreign lambdas:
        delta H to (0, 0.8) (20001 pts)
        delta H to (0, 0.9) (20001 pts)
        delta H to (0, 1) (20001 pts)



md11.edr: 0.0 - 20001.0; lambda = (0, 1)
    foreign lambdas:
        delta H to (0, 0.9) (20001 pts)
        delta H to (0, 1) (20001 pts)
        delta H to (0.2, 1) (20001 pts)



md12.edr: 0.0 - 20001.0; lambda = (0.2, 1)
    foreign lambdas:
        delta H to (0, 1) (20001 pts)
        delta H to (0.2, 1) (20001 pts)
        delta H to (0.4, 1) (20001 pts)



md13.edr: 0.0 - 20001.0; lambda = (0.4, 1)
    foreign lambdas:
        delta H to (0.2, 1) (20001 pts)
        delta H to (0.4, 1) (20001 pts)
        delta H to (0.6, 1) (20001 pts)



md14.edr: 0.0 - 20001.0; lambda = (0.6, 1)
    foreign lambdas:
        delta H to (0.4, 1) (20001 pts)
        delta H to (0.6, 1) (20001 pts)
        delta H to (0.8, 1) (20001 pts)



md15.edr: 0.0 - 20001.0; lambda = (0.8, 1)
    foreign lambdas:
        delta H to (0.6, 1) (20001 pts)
        delta H to (0.8, 1) (20001 pts)
        delta H to (1, 1) (20001 pts)



md16.edr: 0.0 - 20001.0; lambda = (1, 1)
    foreign lambdas:
        delta H to (0.8, 1) (20001 pts)
        delta H to (1, 1) (20001 pts)



md1.edr: 0.0 - 20001.0; lambda = (0, 0)
    foreign lambdas:
        delta H to (0, 0) (20001 pts)
        delta H to (0, 0.1) (20001 pts)



md2.edr: 0.0 - 20001.0; lambda = (0, 0.1)
    foreign lambdas:
        delta H to (0, 0) (20001 pts)
        delta H to (0, 0.1) (20001 pts)
        delta H to (0, 0.2) (20001 pts)



md3.edr: 0.0 - 20001.0; lambda = (0, 0.2)
    foreign lambdas:
        delta H to (0, 0.1) (20001 pts)
        delta H to (0, 0.2) (20001 pts)
        delta H to (0, 0.3) (20001 pts)



md4.edr: 0.0 - 20001.0; lambda = (0, 0.3)
    foreign lambdas:
        delta H to (0, 0.2) (20001 pts)
        delta H to (0, 0.3) (20001 pts)
        delta H to (0, 0.4) (20001 pts)



md5.edr: 0.0 - 20001.0; lambda = (0, 0.4)
    foreign lambdas:
        delta H to (0, 0.3) (20001 pts)
        delta H to (0, 0.4) (20001 pts)
        delta H to (0, 0.5) (20001 pts)



md6.edr: 0.0 - 20001.0; lambda = (0, 0.5)
    foreign lambdas:
        delta H to (0, 0.4) (20001 pts)
        delta H to (0, 0.5) (20001 pts)
        delta H to (0, 0.6) (20001 pts)



md7.edr: 0.0 - 20001.0; lambda = (0, 0.6)
    foreign lambdas:
        delta H to (0, 0.5) (20001 pts)
        delta H to (0, 0.6) (20001 pts)
        delta H to (0, 0.7) (20001 pts)



md8.edr: 0.0 - 20001.0; lambda = (0, 0.7)
    foreign lambdas:
        delta H to (0, 0.6) (20001 pts)
        delta H to (0, 0.7) (20001 pts)
        delta H to (0, 0.8) (20001 pts)



md9.edr: 0.0 - 20001.0; lambda = (0, 0.8)
    foreign lambdas:
        delta H to (0, 0.7) (20001 pts)
        delta H to (0, 0.8) (20001 pts)
        delta H to (0, 0.9) (20001 pts)



   Samples in time interval: 0.000 - 20001.000
Removing samples outside of: 0.000 - 6000.000

Temperature: 298.15 K

Detailed results in kT (see help for explanation):

 lam_A  lam_B      DG   +/-     s_A   +/-     s_B   +/-   stdev   +/- 
     0      1    1.23  0.11    0.63  0.14    0.67  0.16    1.30  0.07
     1      2    1.75  0.18    2.87  0.16    2.17  0.20    2.65  0.17
     2      3    0.02  0.06    2.31  0.12    1.37  0.07    1.96  0.06
     3      4   -0.77  0.04    1.35  0.04    0.84  0.04    1.49  0.02
     4      5   -1.07  0.02    1.06  0.02    0.67  0.03    1.29  0.02
     5      6   -1.34  0.04    0.94  0.03    0.62  0.02    1.20  0.02
     6      7   -1.59  0.04    0.79  0.04    0.51  0.03    1.10  0.02
     7      8   -1.72  0.01    0.65  0.03    0.39  0.02    1.00  0.01
     8      9   -1.85  0.01    0.68  0.01    0.44  0.01    0.98  0.01
     9     10   -1.94  0.01    0.53  0.03    0.33  0.02    0.90  0.02
    10     11   -0.09  0.03    0.01  0.02    0.01  0.02    0.26  0.01
    11     12   -0.14  0.02    0.04  0.02    0.04  0.02    0.28  0.02
    12     13   -0.28  0.04    0.09  0.05    0.10  0.05    0.37  0.04
    13     14   -0.61  0.10    0.23  0.06    0.27  0.07    0.60  0.06
    14     15   -1.02  0.06    0.13  0.16    0.20  0.17    0.76  0.07


Final results in kJ/mol:

point      0 -      1,   DG  3.06 +/-  0.26
point      1 -      2,   DG  4.34 +/-  0.45
point      2 -      3,   DG  0.06 +/-  0.15
point      3 -      4,   DG -1.90 +/-  0.09
point      4 -      5,   DG -2.65 +/-  0.05
point      5 -      6,   DG -3.32 +/-  0.10
point      6 -      7,   DG -3.94 +/-  0.09
point      7 -      8,   DG -4.26 +/-  0.02
point      8 -      9,   DG -4.58 +/-  0.03
point      9 -     10,   DG -4.80 +/-  0.02
point     10 -     11,   DG -0.21 +/-  0.08
point     11 -     12,   DG -0.35 +/-  0.04
point     12 -     13,   DG -0.69 +/-  0.11
point     13 -     14,   DG -1.51 +/-  0.25
point     14 -     15,   DG -2.52 +/-  0.15

total      0 -     15,   DG -23.28 +/-  0.91

