
md10.edr: 0.0 - 20001.0; lambda = (0, 0.9)
    foreign lambdas:
        delta H to (0, 0.8) (20001 pts)
        delta H to (0, 0.9) (20001 pts)
        delta H to (0, 1) (20001 pts)



md11.edr: 0.0 - 20001.0; lambda = (0, 1)
    foreign lambdas:
        delta H to (0, 0.9) (20001 pts)
        delta H to (0, 1) (20001 pts)
        delta H to (0.2, 1) (20001 pts)



md12.edr: 0.0 - 20001.0; lambda = (0.2, 1)
    foreign lambdas:
        delta H to (0, 1) (20001 pts)
        delta H to (0.2, 1) (20001 pts)
        delta H to (0.4, 1) (20001 pts)



md13.edr: 0.0 - 20001.0; lambda = (0.4, 1)
    foreign lambdas:
        delta H to (0.2, 1) (20001 pts)
        delta H to (0.4, 1) (20001 pts)
        delta H to (0.6, 1) (20001 pts)



md14.edr: 0.0 - 20001.0; lambda = (0.6, 1)
    foreign lambdas:
        delta H to (0.4, 1) (20001 pts)
        delta H to (0.6, 1) (20001 pts)
        delta H to (0.8, 1) (20001 pts)



md15.edr: 0.0 - 20001.0; lambda = (0.8, 1)
    foreign lambdas:
        delta H to (0.6, 1) (20001 pts)
        delta H to (0.8, 1) (20001 pts)
        delta H to (1, 1) (20001 pts)



md16.edr: 0.0 - 20001.0; lambda = (1, 1)
    foreign lambdas:
        delta H to (0.8, 1) (20001 pts)
        delta H to (1, 1) (20001 pts)



md1.edr: 0.0 - 20001.0; lambda = (0, 0)
    foreign lambdas:
        delta H to (0, 0) (20001 pts)
        delta H to (0, 0.1) (20001 pts)



md2.edr: 0.0 - 20001.0; lambda = (0, 0.1)
    foreign lambdas:
        delta H to (0, 0) (20001 pts)
        delta H to (0, 0.1) (20001 pts)
        delta H to (0, 0.2) (20001 pts)



md3.edr: 0.0 - 20001.0; lambda = (0, 0.2)
    foreign lambdas:
        delta H to (0, 0.1) (20001 pts)
        delta H to (0, 0.2) (20001 pts)
        delta H to (0, 0.3) (20001 pts)



md4.edr: 0.0 - 20001.0; lambda = (0, 0.3)
    foreign lambdas:
        delta H to (0, 0.2) (20001 pts)
        delta H to (0, 0.3) (20001 pts)
        delta H to (0, 0.4) (20001 pts)



md5.edr: 0.0 - 20001.0; lambda = (0, 0.4)
    foreign lambdas:
        delta H to (0, 0.3) (20001 pts)
        delta H to (0, 0.4) (20001 pts)
        delta H to (0, 0.5) (20001 pts)



md6.edr: 0.0 - 20001.0; lambda = (0, 0.5)
    foreign lambdas:
        delta H to (0, 0.4) (20001 pts)
        delta H to (0, 0.5) (20001 pts)
        delta H to (0, 0.6) (20001 pts)



md7.edr: 0.0 - 20001.0; lambda = (0, 0.6)
    foreign lambdas:
        delta H to (0, 0.5) (20001 pts)
        delta H to (0, 0.6) (20001 pts)
        delta H to (0, 0.7) (20001 pts)



md8.edr: 0.0 - 20001.0; lambda = (0, 0.7)
    foreign lambdas:
        delta H to (0, 0.6) (20001 pts)
        delta H to (0, 0.7) (20001 pts)
        delta H to (0, 0.8) (20001 pts)



md9.edr: 0.0 - 20001.0; lambda = (0, 0.8)
    foreign lambdas:
        delta H to (0, 0.7) (20001 pts)
        delta H to (0, 0.8) (20001 pts)
        delta H to (0, 0.9) (20001 pts)



   Samples in time interval: 0.000 - 20001.000
Removing samples outside of: 0.000 - 9000.000

Temperature: 298.15 K

Detailed results in kT (see help for explanation):

 lam_A  lam_B      DG   +/-     s_A   +/-     s_B   +/-   stdev   +/- 
     0      1    1.29  0.10    0.59  0.08    0.65  0.08    1.29  0.05
     1      2    1.84  0.18    2.92  0.14    2.21  0.15    2.68  0.13
     2      3    0.12  0.11    2.30  0.08    1.36  0.07    1.98  0.05
     3      4   -0.71  0.06    1.47  0.11    0.90  0.06    1.54  0.05
     4      5   -1.07  0.01    1.08  0.03    0.67  0.02    1.30  0.02
     5      6   -1.34  0.03    0.94  0.02    0.61  0.01    1.19  0.01
     6      7   -1.59  0.02    0.81  0.03    0.53  0.02    1.10  0.01
     7      8   -1.73  0.01    0.63  0.03    0.38  0.02    0.99  0.01
     8      9   -1.84  0.02    0.66  0.01    0.43  0.01    0.97  0.01
     9     10   -1.96  0.02    0.55  0.03    0.36  0.03    0.90  0.01
    10     11   -0.07  0.03    0.02  0.01    0.02  0.01    0.27  0.01
    11     12   -0.14  0.02    0.05  0.02    0.05  0.02    0.28  0.02
    12     13   -0.27  0.03    0.08  0.03    0.09  0.03    0.36  0.03
    13     14   -0.51  0.11    0.15  0.08    0.19  0.09    0.54  0.07
    14     15   -0.99  0.03    0.28  0.16    0.36  0.17    0.80  0.05


Final results in kJ/mol:

point      0 -      1,   DG  3.20 +/-  0.24
point      1 -      2,   DG  4.57 +/-  0.45
point      2 -      3,   DG  0.29 +/-  0.27
point      3 -      4,   DG -1.75 +/-  0.15
point      4 -      5,   DG -2.66 +/-  0.03
point      5 -      6,   DG -3.33 +/-  0.08
point      6 -      7,   DG -3.95 +/-  0.05
point      7 -      8,   DG -4.28 +/-  0.03
point      8 -      9,   DG -4.56 +/-  0.04
point      9 -     10,   DG -4.86 +/-  0.04
point     10 -     11,   DG -0.18 +/-  0.06
point     11 -     12,   DG -0.35 +/-  0.04
point     12 -     13,   DG -0.66 +/-  0.08
point     13 -     14,   DG -1.26 +/-  0.26
point     14 -     15,   DG -2.45 +/-  0.08

total      0 -     15,   DG -22.22 +/-  1.26

