
md10.edr: 0.0 - 20001.0; lambda = (0, 0.9)
    foreign lambdas:
        delta H to (0, 0.8) (20001 pts)
        delta H to (0, 0.9) (20001 pts)
        delta H to (0, 1) (20001 pts)



md11.edr: 0.0 - 20001.0; lambda = (0, 1)
    foreign lambdas:
        delta H to (0, 0.9) (20001 pts)
        delta H to (0, 1) (20001 pts)
        delta H to (0.2, 1) (20001 pts)



md12.edr: 0.0 - 20001.0; lambda = (0.2, 1)
    foreign lambdas:
        delta H to (0, 1) (20001 pts)
        delta H to (0.2, 1) (20001 pts)
        delta H to (0.4, 1) (20001 pts)



md13.edr: 0.0 - 20001.0; lambda = (0.4, 1)
    foreign lambdas:
        delta H to (0.2, 1) (20001 pts)
        delta H to (0.4, 1) (20001 pts)
        delta H to (0.6, 1) (20001 pts)



md14.edr: 0.0 - 20001.0; lambda = (0.6, 1)
    foreign lambdas:
        delta H to (0.4, 1) (20001 pts)
        delta H to (0.6, 1) (20001 pts)
        delta H to (0.8, 1) (20001 pts)



md15.edr: 0.0 - 20001.0; lambda = (0.8, 1)
    foreign lambdas:
        delta H to (0.6, 1) (20001 pts)
        delta H to (0.8, 1) (20001 pts)
        delta H to (1, 1) (20001 pts)



md16.edr: 0.0 - 20001.0; lambda = (1, 1)
    foreign lambdas:
        delta H to (0.8, 1) (20001 pts)
        delta H to (1, 1) (20001 pts)



md1.edr: 0.0 - 20001.0; lambda = (0, 0)
    foreign lambdas:
        delta H to (0, 0) (20001 pts)
        delta H to (0, 0.1) (20001 pts)



md2.edr: 0.0 - 20001.0; lambda = (0, 0.1)
    foreign lambdas:
        delta H to (0, 0) (20001 pts)
        delta H to (0, 0.1) (20001 pts)
        delta H to (0, 0.2) (20001 pts)



md3.edr: 0.0 - 20001.0; lambda = (0, 0.2)
    foreign lambdas:
        delta H to (0, 0.1) (20001 pts)
        delta H to (0, 0.2) (20001 pts)
        delta H to (0, 0.3) (20001 pts)



md4.edr: 0.0 - 20001.0; lambda = (0, 0.3)
    foreign lambdas:
        delta H to (0, 0.2) (20001 pts)
        delta H to (0, 0.3) (20001 pts)
        delta H to (0, 0.4) (20001 pts)



md5.edr: 0.0 - 20001.0; lambda = (0, 0.4)
    foreign lambdas:
        delta H to (0, 0.3) (20001 pts)
        delta H to (0, 0.4) (20001 pts)
        delta H to (0, 0.5) (20001 pts)



md6.edr: 0.0 - 20001.0; lambda = (0, 0.5)
    foreign lambdas:
        delta H to (0, 0.4) (20001 pts)
        delta H to (0, 0.5) (20001 pts)
        delta H to (0, 0.6) (20001 pts)



md7.edr: 0.0 - 20001.0; lambda = (0, 0.6)
    foreign lambdas:
        delta H to (0, 0.5) (20001 pts)
        delta H to (0, 0.6) (20001 pts)
        delta H to (0, 0.7) (20001 pts)



md8.edr: 0.0 - 20001.0; lambda = (0, 0.7)
    foreign lambdas:
        delta H to (0, 0.6) (20001 pts)
        delta H to (0, 0.7) (20001 pts)
        delta H to (0, 0.8) (20001 pts)



md9.edr: 0.0 - 20001.0; lambda = (0, 0.8)
    foreign lambdas:
        delta H to (0, 0.7) (20001 pts)
        delta H to (0, 0.8) (20001 pts)
        delta H to (0, 0.9) (20001 pts)



   Samples in time interval: 0.000 - 20001.000
Removing samples outside of: 0.000 - 13000.000

Temperature: 298.15 K

Detailed results in kT (see help for explanation):

 lam_A  lam_B      DG   +/-     s_A   +/-     s_B   +/-   stdev   +/- 
     0      1    1.26  0.07    0.65  0.10    0.70  0.10    1.30  0.04
     1      2    1.77  0.15    2.84  0.14    2.18  0.15    2.63  0.13
     2      3    0.08  0.04    2.26  0.04    1.33  0.03    1.96  0.01
     3      4   -0.71  0.03    1.49  0.07    0.91  0.04    1.53  0.03
     4      5   -1.10  0.02    1.05  0.02    0.66  0.02    1.29  0.01
     5      6   -1.34  0.02    0.93  0.02    0.60  0.02    1.19  0.01
     6      7   -1.57  0.02    0.81  0.03    0.52  0.02    1.10  0.01
     7      8   -1.72  0.01    0.66  0.03    0.41  0.02    0.99  0.01
     8      9   -1.86  0.01    0.64  0.02    0.42  0.01    0.96  0.01
     9     10   -1.97  0.02    0.54  0.03    0.35  0.02    0.90  0.01
    10     11   -0.06  0.01    0.02  0.01    0.02  0.01    0.26  0.01
    11     12   -0.14  0.01    0.05  0.01    0.05  0.01    0.29  0.01
    12     13   -0.26  0.02    0.08  0.03    0.09  0.03    0.36  0.02
    13     14   -0.47  0.10    0.12  0.07    0.16  0.08    0.51  0.06
    14     15   -0.93  0.10    0.30  0.12    0.39  0.13    0.78  0.06


Final results in kJ/mol:

point      0 -      1,   DG  3.13 +/-  0.18
point      1 -      2,   DG  4.38 +/-  0.37
point      2 -      3,   DG  0.20 +/-  0.11
point      3 -      4,   DG -1.76 +/-  0.09
point      4 -      5,   DG -2.72 +/-  0.06
point      5 -      6,   DG -3.32 +/-  0.06
point      6 -      7,   DG -3.89 +/-  0.06
point      7 -      8,   DG -4.27 +/-  0.02
point      8 -      9,   DG -4.61 +/-  0.04
point      9 -     10,   DG -4.88 +/-  0.04
point     10 -     11,   DG -0.16 +/-  0.03
point     11 -     12,   DG -0.34 +/-  0.03
point     12 -     13,   DG -0.65 +/-  0.06
point     13 -     14,   DG -1.16 +/-  0.25
point     14 -     15,   DG -2.31 +/-  0.25

total      0 -     15,   DG -22.36 +/-  0.95

