
md10.edr: 0.0 - 20001.0; lambda = (0, 0.9)
    foreign lambdas:
        delta H to (0, 0.8) (20001 pts)
        delta H to (0, 0.9) (20001 pts)
        delta H to (0, 1) (20001 pts)



md11.edr: 0.0 - 20001.0; lambda = (0, 1)
    foreign lambdas:
        delta H to (0, 0.9) (20001 pts)
        delta H to (0, 1) (20001 pts)
        delta H to (0.2, 1) (20001 pts)



md12.edr: 0.0 - 20001.0; lambda = (0.2, 1)
    foreign lambdas:
        delta H to (0, 1) (20001 pts)
        delta H to (0.2, 1) (20001 pts)
        delta H to (0.4, 1) (20001 pts)



md13.edr: 0.0 - 20001.0; lambda = (0.4, 1)
    foreign lambdas:
        delta H to (0.2, 1) (20001 pts)
        delta H to (0.4, 1) (20001 pts)
        delta H to (0.6, 1) (20001 pts)



md14.edr: 0.0 - 20001.0; lambda = (0.6, 1)
    foreign lambdas:
        delta H to (0.4, 1) (20001 pts)
        delta H to (0.6, 1) (20001 pts)
        delta H to (0.8, 1) (20001 pts)



md15.edr: 0.0 - 20001.0; lambda = (0.8, 1)
    foreign lambdas:
        delta H to (0.6, 1) (20001 pts)
        delta H to (0.8, 1) (20001 pts)
        delta H to (1, 1) (20001 pts)



md16.edr: 0.0 - 20001.0; lambda = (1, 1)
    foreign lambdas:
        delta H to (0.8, 1) (20001 pts)
        delta H to (1, 1) (20001 pts)



md1.edr: 0.0 - 20001.0; lambda = (0, 0)
    foreign lambdas:
        delta H to (0, 0) (20001 pts)
        delta H to (0, 0.1) (20001 pts)



md2.edr: 0.0 - 20001.0; lambda = (0, 0.1)
    foreign lambdas:
        delta H to (0, 0) (20001 pts)
        delta H to (0, 0.1) (20001 pts)
        delta H to (0, 0.2) (20001 pts)



md3.edr: 0.0 - 20001.0; lambda = (0, 0.2)
    foreign lambdas:
        delta H to (0, 0.1) (20001 pts)
        delta H to (0, 0.2) (20001 pts)
        delta H to (0, 0.3) (20001 pts)



md4.edr: 0.0 - 20001.0; lambda = (0, 0.3)
    foreign lambdas:
        delta H to (0, 0.2) (20001 pts)
        delta H to (0, 0.3) (20001 pts)
        delta H to (0, 0.4) (20001 pts)



md5.edr: 0.0 - 20001.0; lambda = (0, 0.4)
    foreign lambdas:
        delta H to (0, 0.3) (20001 pts)
        delta H to (0, 0.4) (20001 pts)
        delta H to (0, 0.5) (20001 pts)



md6.edr: 0.0 - 20001.0; lambda = (0, 0.5)
    foreign lambdas:
        delta H to (0, 0.4) (20001 pts)
        delta H to (0, 0.5) (20001 pts)
        delta H to (0, 0.6) (20001 pts)



md7.edr: 0.0 - 20001.0; lambda = (0, 0.6)
    foreign lambdas:
        delta H to (0, 0.5) (20001 pts)
        delta H to (0, 0.6) (20001 pts)
        delta H to (0, 0.7) (20001 pts)



md8.edr: 0.0 - 20001.0; lambda = (0, 0.7)
    foreign lambdas:
        delta H to (0, 0.6) (20001 pts)
        delta H to (0, 0.7) (20001 pts)
        delta H to (0, 0.8) (20001 pts)



md9.edr: 0.0 - 20001.0; lambda = (0, 0.8)
    foreign lambdas:
        delta H to (0, 0.7) (20001 pts)
        delta H to (0, 0.8) (20001 pts)
        delta H to (0, 0.9) (20001 pts)



   Samples in time interval: 0.000 - 20001.000
Removing samples outside of: 0.000 - 14000.000

Temperature: 298.15 K

Detailed results in kT (see help for explanation):

 lam_A  lam_B      DG   +/-     s_A   +/-     s_B   +/-   stdev   +/- 
     0      1    1.28  0.07    0.66  0.11    0.72  0.11    1.30  0.05
     1      2    1.77  0.16    2.85  0.15    2.19  0.14    2.64  0.13
     2      3    0.08  0.06    2.25  0.04    1.32  0.03    1.96  0.02
     3      4   -0.71  0.03    1.49  0.07    0.91  0.04    1.53  0.03
     4      5   -1.10  0.02    1.05  0.02    0.66  0.02    1.29  0.01
     5      6   -1.33  0.03    0.94  0.02    0.61  0.01    1.20  0.01
     6      7   -1.57  0.02    0.80  0.03    0.52  0.02    1.10  0.01
     7      8   -1.72  0.01    0.66  0.03    0.41  0.02    1.00  0.01
     8      9   -1.86  0.01    0.65  0.02    0.42  0.01    0.96  0.01
     9     10   -1.97  0.02    0.54  0.02    0.35  0.02    0.90  0.01
    10     11   -0.07  0.01    0.02  0.01    0.02  0.01    0.27  0.01
    11     12   -0.14  0.01    0.05  0.01    0.05  0.01    0.29  0.01
    12     13   -0.26  0.01    0.07  0.02    0.08  0.02    0.36  0.01
    13     14   -0.45  0.09    0.11  0.07    0.14  0.08    0.50  0.06
    14     15   -0.91  0.08    0.32  0.11    0.40  0.12    0.78  0.04


Final results in kJ/mol:

point      0 -      1,   DG  3.17 +/-  0.17
point      1 -      2,   DG  4.39 +/-  0.40
point      2 -      3,   DG  0.21 +/-  0.14
point      3 -      4,   DG -1.75 +/-  0.08
point      4 -      5,   DG -2.72 +/-  0.04
point      5 -      6,   DG -3.31 +/-  0.07
point      6 -      7,   DG -3.89 +/-  0.05
point      7 -      8,   DG -4.26 +/-  0.03
point      8 -      9,   DG -4.61 +/-  0.04
point      9 -     10,   DG -4.89 +/-  0.04
point     10 -     11,   DG -0.16 +/-  0.04
point     11 -     12,   DG -0.34 +/-  0.03
point     12 -     13,   DG -0.64 +/-  0.03
point     13 -     14,   DG -1.10 +/-  0.23
point     14 -     15,   DG -2.25 +/-  0.19

total      0 -     15,   DG -22.14 +/-  0.94

