
md10.edr: 0.0 - 20001.0; lambda = (0, 0.9)
    foreign lambdas:
        delta H to (0, 0.8) (20001 pts)
        delta H to (0, 0.9) (20001 pts)
        delta H to (0, 1) (20001 pts)



md11.edr: 0.0 - 20001.0; lambda = (0, 1)
    foreign lambdas:
        delta H to (0, 0.9) (20001 pts)
        delta H to (0, 1) (20001 pts)
        delta H to (0.2, 1) (20001 pts)



md12.edr: 0.0 - 20001.0; lambda = (0.2, 1)
    foreign lambdas:
        delta H to (0, 1) (20001 pts)
        delta H to (0.2, 1) (20001 pts)
        delta H to (0.4, 1) (20001 pts)



md13.edr: 0.0 - 20001.0; lambda = (0.4, 1)
    foreign lambdas:
        delta H to (0.2, 1) (20001 pts)
        delta H to (0.4, 1) (20001 pts)
        delta H to (0.6, 1) (20001 pts)



md14.edr: 0.0 - 20001.0; lambda = (0.6, 1)
    foreign lambdas:
        delta H to (0.4, 1) (20001 pts)
        delta H to (0.6, 1) (20001 pts)
        delta H to (0.8, 1) (20001 pts)



md15.edr: 0.0 - 20001.0; lambda = (0.8, 1)
    foreign lambdas:
        delta H to (0.6, 1) (20001 pts)
        delta H to (0.8, 1) (20001 pts)
        delta H to (1, 1) (20001 pts)



md16.edr: 0.0 - 20001.0; lambda = (1, 1)
    foreign lambdas:
        delta H to (0.8, 1) (20001 pts)
        delta H to (1, 1) (20001 pts)



md1.edr: 0.0 - 20001.0; lambda = (0, 0)
    foreign lambdas:
        delta H to (0, 0) (20001 pts)
        delta H to (0, 0.1) (20001 pts)



md2.edr: 0.0 - 20001.0; lambda = (0, 0.1)
    foreign lambdas:
        delta H to (0, 0) (20001 pts)
        delta H to (0, 0.1) (20001 pts)
        delta H to (0, 0.2) (20001 pts)



md3.edr: 0.0 - 20001.0; lambda = (0, 0.2)
    foreign lambdas:
        delta H to (0, 0.1) (20001 pts)
        delta H to (0, 0.2) (20001 pts)
        delta H to (0, 0.3) (20001 pts)



md4.edr: 0.0 - 20001.0; lambda = (0, 0.3)
    foreign lambdas:
        delta H to (0, 0.2) (20001 pts)
        delta H to (0, 0.3) (20001 pts)
        delta H to (0, 0.4) (20001 pts)



md5.edr: 0.0 - 20001.0; lambda = (0, 0.4)
    foreign lambdas:
        delta H to (0, 0.3) (20001 pts)
        delta H to (0, 0.4) (20001 pts)
        delta H to (0, 0.5) (20001 pts)



md6.edr: 0.0 - 20001.0; lambda = (0, 0.5)
    foreign lambdas:
        delta H to (0, 0.4) (20001 pts)
        delta H to (0, 0.5) (20001 pts)
        delta H to (0, 0.6) (20001 pts)



md7.edr: 0.0 - 20001.0; lambda = (0, 0.6)
    foreign lambdas:
        delta H to (0, 0.5) (20001 pts)
        delta H to (0, 0.6) (20001 pts)
        delta H to (0, 0.7) (20001 pts)



md8.edr: 0.0 - 20001.0; lambda = (0, 0.7)
    foreign lambdas:
        delta H to (0, 0.6) (20001 pts)
        delta H to (0, 0.7) (20001 pts)
        delta H to (0, 0.8) (20001 pts)



md9.edr: 0.0 - 20001.0; lambda = (0, 0.8)
    foreign lambdas:
        delta H to (0, 0.7) (20001 pts)
        delta H to (0, 0.8) (20001 pts)
        delta H to (0, 0.9) (20001 pts)



   Samples in time interval: 0.000 - 20001.000
Removing samples outside of: 0.000 - 7000.000

Temperature: 298.15 K

Detailed results in kT (see help for explanation):

 lam_A  lam_B      DG   +/-     s_A   +/-     s_B   +/-   stdev   +/- 
     0      1    1.24  0.09    0.60  0.13    0.65  0.13    1.29  0.06
     1      2    1.77  0.18    2.92  0.18    2.20  0.17    2.69  0.16
     2      3    0.02  0.07    2.29  0.14    1.34  0.09    1.95  0.08
     3      4   -0.76  0.03    1.36  0.04    0.85  0.03    1.50  0.02
     4      5   -1.06  0.02    1.06  0.03    0.66  0.03    1.29  0.02
     5      6   -1.34  0.05    0.94  0.03    0.61  0.01    1.19  0.02
     6      7   -1.59  0.02    0.81  0.04    0.53  0.03    1.11  0.01
     7      8   -1.73  0.02    0.64  0.03    0.39  0.02    1.00  0.01
     8      9   -1.84  0.02    0.66  0.02    0.43  0.02    0.97  0.01
     9     10   -1.94  0.02    0.54  0.03    0.34  0.02    0.90  0.01
    10     11   -0.08  0.02    0.02  0.03    0.02  0.03    0.27  0.01
    11     12   -0.15  0.03    0.05  0.02    0.05  0.02    0.29  0.02
    12     13   -0.28  0.04    0.07  0.05    0.09  0.06    0.37  0.04
    13     14   -0.55  0.13    0.18  0.08    0.23  0.09    0.57  0.07
    14     15   -0.98  0.07    0.20  0.18    0.27  0.19    0.78  0.06


Final results in kJ/mol:

point      0 -      1,   DG  3.08 +/-  0.23
point      1 -      2,   DG  4.40 +/-  0.46
point      2 -      3,   DG  0.04 +/-  0.17
point      3 -      4,   DG -1.88 +/-  0.07
point      4 -      5,   DG -2.63 +/-  0.04
point      5 -      6,   DG -3.32 +/-  0.11
point      6 -      7,   DG -3.94 +/-  0.05
point      7 -      8,   DG -4.28 +/-  0.05
point      8 -      9,   DG -4.56 +/-  0.04
point      9 -     10,   DG -4.82 +/-  0.04
point     10 -     11,   DG -0.20 +/-  0.06
point     11 -     12,   DG -0.38 +/-  0.06
point     12 -     13,   DG -0.70 +/-  0.11
point     13 -     14,   DG -1.37 +/-  0.32
point     14 -     15,   DG -2.43 +/-  0.17

total      0 -     15,   DG -23.00 +/-  0.97

