
md10.edr: 0.0 - 20001.0; lambda = (0, 0.9)
    foreign lambdas:
        delta H to (0, 0.8) (20001 pts)
        delta H to (0, 0.9) (20001 pts)
        delta H to (0, 1) (20001 pts)



md11.edr: 0.0 - 20001.0; lambda = (0, 1)
    foreign lambdas:
        delta H to (0, 0.9) (20001 pts)
        delta H to (0, 1) (20001 pts)
        delta H to (0.2, 1) (20001 pts)



md12.edr: 0.0 - 20001.0; lambda = (0.2, 1)
    foreign lambdas:
        delta H to (0, 1) (20001 pts)
        delta H to (0.2, 1) (20001 pts)
        delta H to (0.4, 1) (20001 pts)



md13.edr: 0.0 - 20001.0; lambda = (0.4, 1)
    foreign lambdas:
        delta H to (0.2, 1) (20001 pts)
        delta H to (0.4, 1) (20001 pts)
        delta H to (0.6, 1) (20001 pts)



md14.edr: 0.0 - 20001.0; lambda = (0.6, 1)
    foreign lambdas:
        delta H to (0.4, 1) (20001 pts)
        delta H to (0.6, 1) (20001 pts)
        delta H to (0.8, 1) (20001 pts)



md15.edr: 0.0 - 20001.0; lambda = (0.8, 1)
    foreign lambdas:
        delta H to (0.6, 1) (20001 pts)
        delta H to (0.8, 1) (20001 pts)
        delta H to (1, 1) (20001 pts)



md16.edr: 0.0 - 20001.0; lambda = (1, 1)
    foreign lambdas:
        delta H to (0.8, 1) (20001 pts)
        delta H to (1, 1) (20001 pts)



md1.edr: 0.0 - 20001.0; lambda = (0, 0)
    foreign lambdas:
        delta H to (0, 0) (20001 pts)
        delta H to (0, 0.1) (20001 pts)



md2.edr: 0.0 - 20001.0; lambda = (0, 0.1)
    foreign lambdas:
        delta H to (0, 0) (20001 pts)
        delta H to (0, 0.1) (20001 pts)
        delta H to (0, 0.2) (20001 pts)



md3.edr: 0.0 - 20001.0; lambda = (0, 0.2)
    foreign lambdas:
        delta H to (0, 0.1) (20001 pts)
        delta H to (0, 0.2) (20001 pts)
        delta H to (0, 0.3) (20001 pts)



md4.edr: 0.0 - 20001.0; lambda = (0, 0.3)
    foreign lambdas:
        delta H to (0, 0.2) (20001 pts)
        delta H to (0, 0.3) (20001 pts)
        delta H to (0, 0.4) (20001 pts)



md5.edr: 0.0 - 20001.0; lambda = (0, 0.4)
    foreign lambdas:
        delta H to (0, 0.3) (20001 pts)
        delta H to (0, 0.4) (20001 pts)
        delta H to (0, 0.5) (20001 pts)



md6.edr: 0.0 - 20001.0; lambda = (0, 0.5)
    foreign lambdas:
        delta H to (0, 0.4) (20001 pts)
        delta H to (0, 0.5) (20001 pts)
        delta H to (0, 0.6) (20001 pts)



md7.edr: 0.0 - 20001.0; lambda = (0, 0.6)
    foreign lambdas:
        delta H to (0, 0.5) (20001 pts)
        delta H to (0, 0.6) (20001 pts)
        delta H to (0, 0.7) (20001 pts)



md8.edr: 0.0 - 20001.0; lambda = (0, 0.7)
    foreign lambdas:
        delta H to (0, 0.6) (20001 pts)
        delta H to (0, 0.7) (20001 pts)
        delta H to (0, 0.8) (20001 pts)



md9.edr: 0.0 - 20001.0; lambda = (0, 0.8)
    foreign lambdas:
        delta H to (0, 0.7) (20001 pts)
        delta H to (0, 0.8) (20001 pts)
        delta H to (0, 0.9) (20001 pts)



   Samples in time interval: 0.000 - 20001.000
Removing samples outside of: 0.000 - 5000.000

Temperature: 298.15 K

Detailed results in kT (see help for explanation):

 lam_A  lam_B      DG   +/-     s_A   +/-     s_B   +/-   stdev   +/- 
     0      1    1.19  0.08    0.58  0.14    0.62  0.15    1.26  0.06
     1      2    1.80  0.19    2.88  0.15    2.22  0.18    2.68  0.15
     2      3    0.00  0.07    2.31  0.11    1.37  0.08    1.95  0.07
     3      4   -0.79  0.04    1.32  0.04    0.82  0.03    1.48  0.02
     4      5   -1.05  0.03    1.06  0.03    0.66  0.03    1.29  0.03
     5      6   -1.32  0.04    0.97  0.03    0.64  0.02    1.21  0.01
     6      7   -1.60  0.05    0.80  0.04    0.51  0.03    1.10  0.02
     7      8   -1.72  0.03    0.64  0.04    0.38  0.03    1.00  0.02
     8      9   -1.85  0.03    0.68  0.01    0.44  0.01    0.97  0.01
     9     10   -1.94  0.01    0.51  0.02    0.31  0.02    0.89  0.02
    10     11   -0.08  0.04    0.00  0.02    0.00  0.02    0.26  0.01
    11     12   -0.13  0.02    0.05  0.03    0.05  0.03    0.27  0.01
    12     13   -0.29  0.05    0.10  0.06    0.12  0.06    0.39  0.05
    13     14   -0.63  0.13    0.23  0.06    0.27  0.07    0.60  0.07
    14     15   -1.01  0.06    0.11  0.17    0.18  0.18    0.74  0.06


Final results in kJ/mol:

point      0 -      1,   DG  2.95 +/-  0.19
point      1 -      2,   DG  4.45 +/-  0.47
point      2 -      3,   DG  0.01 +/-  0.16
point      3 -      4,   DG -1.95 +/-  0.09
point      4 -      5,   DG -2.61 +/-  0.08
point      5 -      6,   DG -3.26 +/-  0.10
point      6 -      7,   DG -3.96 +/-  0.12
point      7 -      8,   DG -4.26 +/-  0.07
point      8 -      9,   DG -4.59 +/-  0.06
point      9 -     10,   DG -4.80 +/-  0.04
point     10 -     11,   DG -0.21 +/-  0.09
point     11 -     12,   DG -0.33 +/-  0.05
point     12 -     13,   DG -0.71 +/-  0.13
point     13 -     14,   DG -1.56 +/-  0.33
point     14 -     15,   DG -2.51 +/-  0.16

total      0 -     15,   DG -23.36 +/-  1.14

