
md10.edr: 0.0 - 20001.0; lambda = (0, 0.9)
    foreign lambdas:
        delta H to (0, 0.8) (20001 pts)
        delta H to (0, 0.9) (20001 pts)
        delta H to (0, 1) (20001 pts)



md11.edr: 0.0 - 20001.0; lambda = (0, 1)
    foreign lambdas:
        delta H to (0, 0.9) (20001 pts)
        delta H to (0, 1) (20001 pts)
        delta H to (0.2, 1) (20001 pts)



md12.edr: 0.0 - 20001.0; lambda = (0.2, 1)
    foreign lambdas:
        delta H to (0, 1) (20001 pts)
        delta H to (0.2, 1) (20001 pts)
        delta H to (0.4, 1) (20001 pts)



md13.edr: 0.0 - 20001.0; lambda = (0.4, 1)
    foreign lambdas:
        delta H to (0.2, 1) (20001 pts)
        delta H to (0.4, 1) (20001 pts)
        delta H to (0.6, 1) (20001 pts)



md14.edr: 0.0 - 20001.0; lambda = (0.6, 1)
    foreign lambdas:
        delta H to (0.4, 1) (20001 pts)
        delta H to (0.6, 1) (20001 pts)
        delta H to (0.8, 1) (20001 pts)



md15.edr: 0.0 - 20001.0; lambda = (0.8, 1)
    foreign lambdas:
        delta H to (0.6, 1) (20001 pts)
        delta H to (0.8, 1) (20001 pts)
        delta H to (1, 1) (20001 pts)



md16.edr: 0.0 - 20001.0; lambda = (1, 1)
    foreign lambdas:
        delta H to (0.8, 1) (20001 pts)
        delta H to (1, 1) (20001 pts)



md1.edr: 0.0 - 20001.0; lambda = (0, 0)
    foreign lambdas:
        delta H to (0, 0) (20001 pts)
        delta H to (0, 0.1) (20001 pts)



md2.edr: 0.0 - 20001.0; lambda = (0, 0.1)
    foreign lambdas:
        delta H to (0, 0) (20001 pts)
        delta H to (0, 0.1) (20001 pts)
        delta H to (0, 0.2) (20001 pts)



md3.edr: 0.0 - 20001.0; lambda = (0, 0.2)
    foreign lambdas:
        delta H to (0, 0.1) (20001 pts)
        delta H to (0, 0.2) (20001 pts)
        delta H to (0, 0.3) (20001 pts)



md4.edr: 0.0 - 20001.0; lambda = (0, 0.3)
    foreign lambdas:
        delta H to (0, 0.2) (20001 pts)
        delta H to (0, 0.3) (20001 pts)
        delta H to (0, 0.4) (20001 pts)



md5.edr: 0.0 - 20001.0; lambda = (0, 0.4)
    foreign lambdas:
        delta H to (0, 0.3) (20001 pts)
        delta H to (0, 0.4) (20001 pts)
        delta H to (0, 0.5) (20001 pts)



md6.edr: 0.0 - 20001.0; lambda = (0, 0.5)
    foreign lambdas:
        delta H to (0, 0.4) (20001 pts)
        delta H to (0, 0.5) (20001 pts)
        delta H to (0, 0.6) (20001 pts)



md7.edr: 0.0 - 20001.0; lambda = (0, 0.6)
    foreign lambdas:
        delta H to (0, 0.5) (20001 pts)
        delta H to (0, 0.6) (20001 pts)
        delta H to (0, 0.7) (20001 pts)



md8.edr: 0.0 - 20001.0; lambda = (0, 0.7)
    foreign lambdas:
        delta H to (0, 0.6) (20001 pts)
        delta H to (0, 0.7) (20001 pts)
        delta H to (0, 0.8) (20001 pts)



md9.edr: 0.0 - 20001.0; lambda = (0, 0.8)
    foreign lambdas:
        delta H to (0, 0.7) (20001 pts)
        delta H to (0, 0.8) (20001 pts)
        delta H to (0, 0.9) (20001 pts)



   Samples in time interval: 0.000 - 20001.000
Removing samples outside of: 0.000 - 13000.000

Temperature: 298.15 K

Detailed results in kT (see help for explanation):

 lam_A  lam_B      DG   +/-     s_A   +/-     s_B   +/-   stdev   +/- 
     0      1    1.07  0.02    0.90  0.05    0.95  0.05    1.39  0.03
     1      2    1.53  0.02    2.24  0.07    1.73  0.04    2.26  0.02
     2      3    0.27  0.04    2.54  0.08    1.46  0.04    2.09  0.03
     3      4   -0.65  0.05    1.53  0.08    0.92  0.05    1.56  0.04
     4      5   -1.06  0.02    1.08  0.04    0.68  0.03    1.32  0.02
     5      6   -1.29  0.02    0.96  0.01    0.61  0.01    1.21  0.01
     6      7   -1.55  0.01    0.81  0.02    0.52  0.02    1.10  0.01
     7      8   -1.72  0.02    0.70  0.02    0.43  0.01    1.01  0.00
     8      9   -1.84  0.02    0.60  0.02    0.39  0.01    0.94  0.01
     9     10   -1.94  0.01    0.54  0.02    0.35  0.01    0.90  0.01
    10     11   -0.07  0.01    0.07  0.03    0.06  0.03    0.35  0.01
    11     12   -0.21  0.02    0.07  0.01    0.08  0.01    0.35  0.02
    12     13   -0.39  0.03    0.09  0.04    0.11  0.04    0.45  0.01
    13     14   -0.66  0.07    0.16  0.07    0.21  0.08    0.61  0.05
    14     15   -1.39  0.10    0.52  0.09    0.62  0.10    0.98  0.05


Final results in kJ/mol:

point      0 -      1,   DG  2.65 +/-  0.05
point      1 -      2,   DG  3.79 +/-  0.05
point      2 -      3,   DG  0.68 +/-  0.11
point      3 -      4,   DG -1.62 +/-  0.12
point      4 -      5,   DG -2.62 +/-  0.05
point      5 -      6,   DG -3.20 +/-  0.05
point      6 -      7,   DG -3.85 +/-  0.03
point      7 -      8,   DG -4.26 +/-  0.05
point      8 -      9,   DG -4.56 +/-  0.06
point      9 -     10,   DG -4.81 +/-  0.03
point     10 -     11,   DG -0.18 +/-  0.02
point     11 -     12,   DG -0.52 +/-  0.05
point     12 -     13,   DG -0.96 +/-  0.07
point     13 -     14,   DG -1.63 +/-  0.18
point     14 -     15,   DG -3.44 +/-  0.25

total      0 -     15,   DG -24.52 +/-  0.50

