
md10.edr: 0.0 - 20001.0; lambda = (0, 0.9)
    foreign lambdas:
        delta H to (0, 0.8) (20001 pts)
        delta H to (0, 0.9) (20001 pts)
        delta H to (0, 1) (20001 pts)



md11.edr: 0.0 - 20001.0; lambda = (0, 1)
    foreign lambdas:
        delta H to (0, 0.9) (20001 pts)
        delta H to (0, 1) (20001 pts)
        delta H to (0.2, 1) (20001 pts)



md12.edr: 0.0 - 20001.0; lambda = (0.2, 1)
    foreign lambdas:
        delta H to (0, 1) (20001 pts)
        delta H to (0.2, 1) (20001 pts)
        delta H to (0.4, 1) (20001 pts)



md13.edr: 0.0 - 20001.0; lambda = (0.4, 1)
    foreign lambdas:
        delta H to (0.2, 1) (20001 pts)
        delta H to (0.4, 1) (20001 pts)
        delta H to (0.6, 1) (20001 pts)



md14.edr: 0.0 - 20001.0; lambda = (0.6, 1)
    foreign lambdas:
        delta H to (0.4, 1) (20001 pts)
        delta H to (0.6, 1) (20001 pts)
        delta H to (0.8, 1) (20001 pts)



md15.edr: 0.0 - 20001.0; lambda = (0.8, 1)
    foreign lambdas:
        delta H to (0.6, 1) (20001 pts)
        delta H to (0.8, 1) (20001 pts)
        delta H to (1, 1) (20001 pts)



md16.edr: 0.0 - 20001.0; lambda = (1, 1)
    foreign lambdas:
        delta H to (0.8, 1) (20001 pts)
        delta H to (1, 1) (20001 pts)



md1.edr: 0.0 - 20001.0; lambda = (0, 0)
    foreign lambdas:
        delta H to (0, 0) (20001 pts)
        delta H to (0, 0.1) (20001 pts)



md2.edr: 0.0 - 20001.0; lambda = (0, 0.1)
    foreign lambdas:
        delta H to (0, 0) (20001 pts)
        delta H to (0, 0.1) (20001 pts)
        delta H to (0, 0.2) (20001 pts)



md3.edr: 0.0 - 20001.0; lambda = (0, 0.2)
    foreign lambdas:
        delta H to (0, 0.1) (20001 pts)
        delta H to (0, 0.2) (20001 pts)
        delta H to (0, 0.3) (20001 pts)



md4.edr: 0.0 - 20001.0; lambda = (0, 0.3)
    foreign lambdas:
        delta H to (0, 0.2) (20001 pts)
        delta H to (0, 0.3) (20001 pts)
        delta H to (0, 0.4) (20001 pts)



md5.edr: 0.0 - 20001.0; lambda = (0, 0.4)
    foreign lambdas:
        delta H to (0, 0.3) (20001 pts)
        delta H to (0, 0.4) (20001 pts)
        delta H to (0, 0.5) (20001 pts)



md6.edr: 0.0 - 20001.0; lambda = (0, 0.5)
    foreign lambdas:
        delta H to (0, 0.4) (20001 pts)
        delta H to (0, 0.5) (20001 pts)
        delta H to (0, 0.6) (20001 pts)



md7.edr: 0.0 - 20001.0; lambda = (0, 0.6)
    foreign lambdas:
        delta H to (0, 0.5) (20001 pts)
        delta H to (0, 0.6) (20001 pts)
        delta H to (0, 0.7) (20001 pts)



md8.edr: 0.0 - 20001.0; lambda = (0, 0.7)
    foreign lambdas:
        delta H to (0, 0.6) (20001 pts)
        delta H to (0, 0.7) (20001 pts)
        delta H to (0, 0.8) (20001 pts)



md9.edr: 0.0 - 20001.0; lambda = (0, 0.8)
    foreign lambdas:
        delta H to (0, 0.7) (20001 pts)
        delta H to (0, 0.8) (20001 pts)
        delta H to (0, 0.9) (20001 pts)



   Samples in time interval: 0.000 - 20001.000
Removing samples outside of: 0.000 - 6000.000

Temperature: 298.15 K

Detailed results in kT (see help for explanation):

 lam_A  lam_B      DG   +/-     s_A   +/-     s_B   +/-   stdev   +/- 
     0      1    1.13  0.11    0.94  0.03    0.97  0.05    1.42  0.02
     1      2    1.52  0.09    2.33  0.09    1.79  0.08    2.31  0.06
     2      3    0.24  0.10    2.39  0.15    1.38  0.08    2.01  0.06
     3      4   -0.65  0.08    1.60  0.09    0.99  0.04    1.58  0.04
     4      5   -1.08  0.03    1.00  0.08    0.62  0.05    1.29  0.03
     5      6   -1.28  0.04    0.98  0.02    0.62  0.01    1.21  0.02
     6      7   -1.58  0.03    0.79  0.05    0.51  0.03    1.08  0.03
     7      8   -1.72  0.02    0.66  0.03    0.40  0.02    1.00  0.01
     8      9   -1.83  0.03    0.61  0.02    0.39  0.02    0.94  0.01
     9     10   -1.94  0.02    0.53  0.02    0.35  0.01    0.89  0.01
    10     11   -0.06  0.02    0.02  0.01    0.02  0.01    0.34  0.02
    11     12   -0.18  0.03    0.10  0.02    0.10  0.02    0.33  0.02
    12     13   -0.35  0.06    0.07  0.05    0.09  0.05    0.44  0.03
    13     14   -0.57  0.08    0.13  0.11    0.16  0.12    0.58  0.06
    14     15   -1.38  0.16    0.65  0.13    0.75  0.15    1.02  0.09


Final results in kJ/mol:

point      0 -      1,   DG  2.80 +/-  0.27
point      1 -      2,   DG  3.77 +/-  0.22
point      2 -      3,   DG  0.60 +/-  0.24
point      3 -      4,   DG -1.62 +/-  0.19
point      4 -      5,   DG -2.67 +/-  0.06
point      5 -      6,   DG -3.18 +/-  0.10
point      6 -      7,   DG -3.91 +/-  0.07
point      7 -      8,   DG -4.26 +/-  0.05
point      8 -      9,   DG -4.53 +/-  0.07
point      9 -     10,   DG -4.82 +/-  0.04
point     10 -     11,   DG -0.15 +/-  0.06
point     11 -     12,   DG -0.44 +/-  0.08
point     12 -     13,   DG -0.88 +/-  0.15
point     13 -     14,   DG -1.42 +/-  0.20
point     14 -     15,   DG -3.43 +/-  0.40

total      0 -     15,   DG -24.15 +/-  1.52

