
md10.edr: 0.0 - 20001.0; lambda = (0, 0.9)
    foreign lambdas:
        delta H to (0, 0.8) (20001 pts)
        delta H to (0, 0.9) (20001 pts)
        delta H to (0, 1) (20001 pts)



md11.edr: 0.0 - 20001.0; lambda = (0, 1)
    foreign lambdas:
        delta H to (0, 0.9) (20001 pts)
        delta H to (0, 1) (20001 pts)
        delta H to (0.2, 1) (20001 pts)



md12.edr: 0.0 - 20001.0; lambda = (0.2, 1)
    foreign lambdas:
        delta H to (0, 1) (20001 pts)
        delta H to (0.2, 1) (20001 pts)
        delta H to (0.4, 1) (20001 pts)



md13.edr: 0.0 - 20001.0; lambda = (0.4, 1)
    foreign lambdas:
        delta H to (0.2, 1) (20001 pts)
        delta H to (0.4, 1) (20001 pts)
        delta H to (0.6, 1) (20001 pts)



md14.edr: 0.0 - 20001.0; lambda = (0.6, 1)
    foreign lambdas:
        delta H to (0.4, 1) (20001 pts)
        delta H to (0.6, 1) (20001 pts)
        delta H to (0.8, 1) (20001 pts)



md15.edr: 0.0 - 20001.0; lambda = (0.8, 1)
    foreign lambdas:
        delta H to (0.6, 1) (20001 pts)
        delta H to (0.8, 1) (20001 pts)
        delta H to (1, 1) (20001 pts)



md16.edr: 0.0 - 20001.0; lambda = (1, 1)
    foreign lambdas:
        delta H to (0.8, 1) (20001 pts)
        delta H to (1, 1) (20001 pts)



md1.edr: 0.0 - 20001.0; lambda = (0, 0)
    foreign lambdas:
        delta H to (0, 0) (20001 pts)
        delta H to (0, 0.1) (20001 pts)



md2.edr: 0.0 - 20001.0; lambda = (0, 0.1)
    foreign lambdas:
        delta H to (0, 0) (20001 pts)
        delta H to (0, 0.1) (20001 pts)
        delta H to (0, 0.2) (20001 pts)



md3.edr: 0.0 - 20001.0; lambda = (0, 0.2)
    foreign lambdas:
        delta H to (0, 0.1) (20001 pts)
        delta H to (0, 0.2) (20001 pts)
        delta H to (0, 0.3) (20001 pts)



md4.edr: 0.0 - 20001.0; lambda = (0, 0.3)
    foreign lambdas:
        delta H to (0, 0.2) (20001 pts)
        delta H to (0, 0.3) (20001 pts)
        delta H to (0, 0.4) (20001 pts)



md5.edr: 0.0 - 20001.0; lambda = (0, 0.4)
    foreign lambdas:
        delta H to (0, 0.3) (20001 pts)
        delta H to (0, 0.4) (20001 pts)
        delta H to (0, 0.5) (20001 pts)



md6.edr: 0.0 - 20001.0; lambda = (0, 0.5)
    foreign lambdas:
        delta H to (0, 0.4) (20001 pts)
        delta H to (0, 0.5) (20001 pts)
        delta H to (0, 0.6) (20001 pts)



md7.edr: 0.0 - 20001.0; lambda = (0, 0.6)
    foreign lambdas:
        delta H to (0, 0.5) (20001 pts)
        delta H to (0, 0.6) (20001 pts)
        delta H to (0, 0.7) (20001 pts)



md8.edr: 0.0 - 20001.0; lambda = (0, 0.7)
    foreign lambdas:
        delta H to (0, 0.6) (20001 pts)
        delta H to (0, 0.7) (20001 pts)
        delta H to (0, 0.8) (20001 pts)



md9.edr: 0.0 - 20001.0; lambda = (0, 0.8)
    foreign lambdas:
        delta H to (0, 0.7) (20001 pts)
        delta H to (0, 0.8) (20001 pts)
        delta H to (0, 0.9) (20001 pts)



   Samples in time interval: 0.000 - 20001.000
Removing samples outside of: 0.000 - 17000.000

Temperature: 298.15 K

Detailed results in kT (see help for explanation):

 lam_A  lam_B      DG   +/-     s_A   +/-     s_B   +/-   stdev   +/- 
     0      1    1.11  0.04    0.88  0.04    0.93  0.04    1.38  0.02
     1      2    1.59  0.06    2.28  0.08    1.76  0.05    2.28  0.04
     2      3    0.32  0.04    2.55  0.07    1.48  0.05    2.10  0.04
     3      4   -0.64  0.02    1.54  0.05    0.94  0.03    1.56  0.02
     4      5   -1.07  0.02    1.08  0.03    0.68  0.02    1.32  0.01
     5      6   -1.30  0.02    0.95  0.02    0.60  0.01    1.21  0.01
     6      7   -1.56  0.01    0.82  0.02    0.53  0.01    1.11  0.01
     7      8   -1.73  0.02    0.70  0.02    0.43  0.01    1.02  0.01
     8      9   -1.84  0.02    0.61  0.01    0.39  0.01    0.95  0.01
     9     10   -1.94  0.01    0.54  0.02    0.35  0.01    0.90  0.01
    10     11   -0.07  0.01    0.08  0.03    0.08  0.03    0.37  0.03
    11     12   -0.23  0.03    0.08  0.01    0.09  0.01    0.37  0.02
    12     13   -0.38  0.03    0.07  0.04    0.09  0.04    0.44  0.02
    13     14   -0.65  0.06    0.19  0.07    0.24  0.08    0.62  0.04
    14     15   -1.42  0.04    0.53  0.10    0.63  0.11    1.00  0.04


Final results in kJ/mol:

point      0 -      1,   DG  2.76 +/-  0.11
point      1 -      2,   DG  3.94 +/-  0.14
point      2 -      3,   DG  0.79 +/-  0.10
point      3 -      4,   DG -1.58 +/-  0.05
point      4 -      5,   DG -2.65 +/-  0.04
point      5 -      6,   DG -3.23 +/-  0.05
point      6 -      7,   DG -3.86 +/-  0.03
point      7 -      8,   DG -4.28 +/-  0.04
point      8 -      9,   DG -4.55 +/-  0.04
point      9 -     10,   DG -4.80 +/-  0.02
point     10 -     11,   DG -0.17 +/-  0.03
point     11 -     12,   DG -0.56 +/-  0.06
point     12 -     13,   DG -0.95 +/-  0.07
point     13 -     14,   DG -1.62 +/-  0.15
point     14 -     15,   DG -3.52 +/-  0.09

total      0 -     15,   DG -24.26 +/-  0.42

