
md10.edr: 0.0 - 20001.0; lambda = (0, 0.9)
    foreign lambdas:
        delta H to (0, 0.8) (20001 pts)
        delta H to (0, 0.9) (20001 pts)
        delta H to (0, 1) (20001 pts)



md11.edr: 0.0 - 20001.0; lambda = (0, 1)
    foreign lambdas:
        delta H to (0, 0.9) (20001 pts)
        delta H to (0, 1) (20001 pts)
        delta H to (0.2, 1) (20001 pts)



md12.edr: 0.0 - 20001.0; lambda = (0.2, 1)
    foreign lambdas:
        delta H to (0, 1) (20001 pts)
        delta H to (0.2, 1) (20001 pts)
        delta H to (0.4, 1) (20001 pts)



md13.edr: 0.0 - 20001.0; lambda = (0.4, 1)
    foreign lambdas:
        delta H to (0.2, 1) (20001 pts)
        delta H to (0.4, 1) (20001 pts)
        delta H to (0.6, 1) (20001 pts)



md14.edr: 0.0 - 20001.0; lambda = (0.6, 1)
    foreign lambdas:
        delta H to (0.4, 1) (20001 pts)
        delta H to (0.6, 1) (20001 pts)
        delta H to (0.8, 1) (20001 pts)



md15.edr: 0.0 - 20001.0; lambda = (0.8, 1)
    foreign lambdas:
        delta H to (0.6, 1) (20001 pts)
        delta H to (0.8, 1) (20001 pts)
        delta H to (1, 1) (20001 pts)



md16.edr: 0.0 - 20001.0; lambda = (1, 1)
    foreign lambdas:
        delta H to (0.8, 1) (20001 pts)
        delta H to (1, 1) (20001 pts)



md1.edr: 0.0 - 20001.0; lambda = (0, 0)
    foreign lambdas:
        delta H to (0, 0) (20001 pts)
        delta H to (0, 0.1) (20001 pts)



md2.edr: 0.0 - 20001.0; lambda = (0, 0.1)
    foreign lambdas:
        delta H to (0, 0) (20001 pts)
        delta H to (0, 0.1) (20001 pts)
        delta H to (0, 0.2) (20001 pts)



md3.edr: 0.0 - 20001.0; lambda = (0, 0.2)
    foreign lambdas:
        delta H to (0, 0.1) (20001 pts)
        delta H to (0, 0.2) (20001 pts)
        delta H to (0, 0.3) (20001 pts)



md4.edr: 0.0 - 20001.0; lambda = (0, 0.3)
    foreign lambdas:
        delta H to (0, 0.2) (20001 pts)
        delta H to (0, 0.3) (20001 pts)
        delta H to (0, 0.4) (20001 pts)



md5.edr: 0.0 - 20001.0; lambda = (0, 0.4)
    foreign lambdas:
        delta H to (0, 0.3) (20001 pts)
        delta H to (0, 0.4) (20001 pts)
        delta H to (0, 0.5) (20001 pts)



md6.edr: 0.0 - 20001.0; lambda = (0, 0.5)
    foreign lambdas:
        delta H to (0, 0.4) (20001 pts)
        delta H to (0, 0.5) (20001 pts)
        delta H to (0, 0.6) (20001 pts)



md7.edr: 0.0 - 20001.0; lambda = (0, 0.6)
    foreign lambdas:
        delta H to (0, 0.5) (20001 pts)
        delta H to (0, 0.6) (20001 pts)
        delta H to (0, 0.7) (20001 pts)



md8.edr: 0.0 - 20001.0; lambda = (0, 0.7)
    foreign lambdas:
        delta H to (0, 0.6) (20001 pts)
        delta H to (0, 0.7) (20001 pts)
        delta H to (0, 0.8) (20001 pts)



md9.edr: 0.0 - 20001.0; lambda = (0, 0.8)
    foreign lambdas:
        delta H to (0, 0.7) (20001 pts)
        delta H to (0, 0.8) (20001 pts)
        delta H to (0, 0.9) (20001 pts)



   Samples in time interval: 0.000 - 20001.000
Removing samples outside of: 0.000 - 4000.000

Temperature: 298.15 K

Detailed results in kT (see help for explanation):

 lam_A  lam_B      DG   +/-     s_A   +/-     s_B   +/-   stdev   +/- 
     0      1    1.12  0.13    0.97  0.09    1.00  0.10    1.44  0.05
     1      2    1.56  0.22    2.22  0.17    1.70  0.18    2.25  0.12
     2      3    0.31  0.11    2.56  0.15    1.50  0.09    2.09  0.08
     3      4   -0.68  0.05    1.55  0.08    0.97  0.05    1.57  0.05
     4      5   -1.08  0.04    1.04  0.08    0.64  0.05    1.30  0.03
     5      6   -1.29  0.07    0.95  0.05    0.60  0.03    1.20  0.03
     6      7   -1.55  0.02    0.82  0.04    0.53  0.03    1.11  0.02
     7      8   -1.71  0.02    0.69  0.03    0.42  0.01    1.01  0.01
     8      9   -1.84  0.03    0.61  0.03    0.39  0.03    0.94  0.02
     9     10   -1.95  0.02    0.51  0.01    0.33  0.01    0.87  0.01
    10     11   -0.04  0.02    0.04  0.01    0.04  0.01    0.31  0.02
    11     12   -0.17  0.04    0.10  0.02    0.11  0.03    0.33  0.03
    12     13   -0.29  0.05    0.00  0.02    0.01  0.03    0.39  0.03
    13     14   -0.58  0.11    0.28  0.07    0.32  0.07    0.61  0.08
    14     15   -1.40  0.20    0.50  0.08    0.57  0.09    0.93  0.03


Final results in kJ/mol:

point      0 -      1,   DG  2.77 +/-  0.33
point      1 -      2,   DG  3.87 +/-  0.55
point      2 -      3,   DG  0.76 +/-  0.28
point      3 -      4,   DG -1.68 +/-  0.13
point      4 -      5,   DG -2.68 +/-  0.11
point      5 -      6,   DG -3.20 +/-  0.17
point      6 -      7,   DG -3.85 +/-  0.05
point      7 -      8,   DG -4.24 +/-  0.06
point      8 -      9,   DG -4.56 +/-  0.06
point      9 -     10,   DG -4.84 +/-  0.04
point     10 -     11,   DG -0.09 +/-  0.04
point     11 -     12,   DG -0.43 +/-  0.09
point     12 -     13,   DG -0.71 +/-  0.12
point     13 -     14,   DG -1.43 +/-  0.27
point     14 -     15,   DG -3.47 +/-  0.50

total      0 -     15,   DG -23.77 +/-  1.75

