
md10.edr: 0.0 - 20001.0; lambda = (0, 0.9)
    foreign lambdas:
        delta H to (0, 0.8) (20001 pts)
        delta H to (0, 0.9) (20001 pts)
        delta H to (0, 1) (20001 pts)



md11.edr: 0.0 - 20001.0; lambda = (0, 1)
    foreign lambdas:
        delta H to (0, 0.9) (20001 pts)
        delta H to (0, 1) (20001 pts)
        delta H to (0.2, 1) (20001 pts)



md12.edr: 0.0 - 20001.0; lambda = (0.2, 1)
    foreign lambdas:
        delta H to (0, 1) (20001 pts)
        delta H to (0.2, 1) (20001 pts)
        delta H to (0.4, 1) (20001 pts)



md13.edr: 0.0 - 20001.0; lambda = (0.4, 1)
    foreign lambdas:
        delta H to (0.2, 1) (20001 pts)
        delta H to (0.4, 1) (20001 pts)
        delta H to (0.6, 1) (20001 pts)



md14.edr: 0.0 - 20001.0; lambda = (0.6, 1)
    foreign lambdas:
        delta H to (0.4, 1) (20001 pts)
        delta H to (0.6, 1) (20001 pts)
        delta H to (0.8, 1) (20001 pts)



md15.edr: 0.0 - 20001.0; lambda = (0.8, 1)
    foreign lambdas:
        delta H to (0.6, 1) (20001 pts)
        delta H to (0.8, 1) (20001 pts)
        delta H to (1, 1) (20001 pts)



md16.edr: 0.0 - 20001.0; lambda = (1, 1)
    foreign lambdas:
        delta H to (0.8, 1) (20001 pts)
        delta H to (1, 1) (20001 pts)



md1.edr: 0.0 - 20001.0; lambda = (0, 0)
    foreign lambdas:
        delta H to (0, 0) (20001 pts)
        delta H to (0, 0.1) (20001 pts)



md2.edr: 0.0 - 20001.0; lambda = (0, 0.1)
    foreign lambdas:
        delta H to (0, 0) (20001 pts)
        delta H to (0, 0.1) (20001 pts)
        delta H to (0, 0.2) (20001 pts)



md3.edr: 0.0 - 20001.0; lambda = (0, 0.2)
    foreign lambdas:
        delta H to (0, 0.1) (20001 pts)
        delta H to (0, 0.2) (20001 pts)
        delta H to (0, 0.3) (20001 pts)



md4.edr: 0.0 - 20001.0; lambda = (0, 0.3)
    foreign lambdas:
        delta H to (0, 0.2) (20001 pts)
        delta H to (0, 0.3) (20001 pts)
        delta H to (0, 0.4) (20001 pts)



md5.edr: 0.0 - 20001.0; lambda = (0, 0.4)
    foreign lambdas:
        delta H to (0, 0.3) (20001 pts)
        delta H to (0, 0.4) (20001 pts)
        delta H to (0, 0.5) (20001 pts)



md6.edr: 0.0 - 20001.0; lambda = (0, 0.5)
    foreign lambdas:
        delta H to (0, 0.4) (20001 pts)
        delta H to (0, 0.5) (20001 pts)
        delta H to (0, 0.6) (20001 pts)



md7.edr: 0.0 - 20001.0; lambda = (0, 0.6)
    foreign lambdas:
        delta H to (0, 0.5) (20001 pts)
        delta H to (0, 0.6) (20001 pts)
        delta H to (0, 0.7) (20001 pts)



md8.edr: 0.0 - 20001.0; lambda = (0, 0.7)
    foreign lambdas:
        delta H to (0, 0.6) (20001 pts)
        delta H to (0, 0.7) (20001 pts)
        delta H to (0, 0.8) (20001 pts)



md9.edr: 0.0 - 20001.0; lambda = (0, 0.8)
    foreign lambdas:
        delta H to (0, 0.7) (20001 pts)
        delta H to (0, 0.8) (20001 pts)
        delta H to (0, 0.9) (20001 pts)



   Samples in time interval: 0.000 - 20001.000
Removing samples outside of: 0.000 - 20000.000

Temperature: 298.15 K

Detailed results in kT (see help for explanation):

 lam_A  lam_B      DG   +/-     s_A   +/-     s_B   +/-   stdev   +/- 
     0      1    1.12  0.03    0.83  0.06    0.87  0.06    1.36  0.04
     1      2    1.61  0.05    2.38  0.10    1.84  0.09    2.34  0.07
     2      3    0.25  0.05    2.47  0.08    1.41  0.06    2.05  0.05
     3      4   -0.64  0.02    1.55  0.03    0.93  0.02    1.56  0.01
     4      5   -1.07  0.02    1.08  0.02    0.68  0.01    1.31  0.01
     5      6   -1.31  0.02    0.94  0.02    0.60  0.01    1.20  0.01
     6      7   -1.55  0.02    0.83  0.03    0.53  0.02    1.11  0.02
     7      8   -1.73  0.01    0.69  0.01    0.43  0.01    1.02  0.01
     8      9   -1.84  0.01    0.61  0.01    0.39  0.01    0.95  0.01
     9     10   -1.93  0.01    0.54  0.02    0.35  0.01    0.90  0.01
    10     11   -0.08  0.02    0.08  0.03    0.07  0.03    0.37  0.02
    11     12   -0.22  0.02    0.07  0.01    0.08  0.01    0.37  0.02
    12     13   -0.37  0.03    0.08  0.04    0.09  0.04    0.43  0.02
    13     14   -0.67  0.03    0.21  0.07    0.26  0.07    0.63  0.03
    14     15   -1.40  0.05    0.47  0.08    0.57  0.08    0.99  0.03


Final results in kJ/mol:

point      0 -      1,   DG  2.77 +/-  0.06
point      1 -      2,   DG  3.98 +/-  0.12
point      2 -      3,   DG  0.63 +/-  0.14
point      3 -      4,   DG -1.59 +/-  0.04
point      4 -      5,   DG -2.66 +/-  0.04
point      5 -      6,   DG -3.24 +/-  0.04
point      6 -      7,   DG -3.85 +/-  0.04
point      7 -      8,   DG -4.28 +/-  0.03
point      8 -      9,   DG -4.55 +/-  0.04
point      9 -     10,   DG -4.79 +/-  0.02
point     10 -     11,   DG -0.20 +/-  0.05
point     11 -     12,   DG -0.55 +/-  0.06
point     12 -     13,   DG -0.92 +/-  0.09
point     13 -     14,   DG -1.66 +/-  0.08
point     14 -     15,   DG -3.47 +/-  0.13

total      0 -     15,   DG -24.40 +/-  0.20

