
md10.edr: 0.0 - 20001.0; lambda = (0, 0.9)
    foreign lambdas:
        delta H to (0, 0.8) (20001 pts)
        delta H to (0, 0.9) (20001 pts)
        delta H to (0, 1) (20001 pts)



md11.edr: 0.0 - 20001.0; lambda = (0, 1)
    foreign lambdas:
        delta H to (0, 0.9) (20001 pts)
        delta H to (0, 1) (20001 pts)
        delta H to (0.2, 1) (20001 pts)



md12.edr: 0.0 - 20001.0; lambda = (0.2, 1)
    foreign lambdas:
        delta H to (0, 1) (20001 pts)
        delta H to (0.2, 1) (20001 pts)
        delta H to (0.4, 1) (20001 pts)



md13.edr: 0.0 - 20001.0; lambda = (0.4, 1)
    foreign lambdas:
        delta H to (0.2, 1) (20001 pts)
        delta H to (0.4, 1) (20001 pts)
        delta H to (0.6, 1) (20001 pts)



md14.edr: 0.0 - 20001.0; lambda = (0.6, 1)
    foreign lambdas:
        delta H to (0.4, 1) (20001 pts)
        delta H to (0.6, 1) (20001 pts)
        delta H to (0.8, 1) (20001 pts)



md15.edr: 0.0 - 20001.0; lambda = (0.8, 1)
    foreign lambdas:
        delta H to (0.6, 1) (20001 pts)
        delta H to (0.8, 1) (20001 pts)
        delta H to (1, 1) (20001 pts)



md16.edr: 0.0 - 20001.0; lambda = (1, 1)
    foreign lambdas:
        delta H to (0.8, 1) (20001 pts)
        delta H to (1, 1) (20001 pts)



md1.edr: 0.0 - 20001.0; lambda = (0, 0)
    foreign lambdas:
        delta H to (0, 0) (20001 pts)
        delta H to (0, 0.1) (20001 pts)



md2.edr: 0.0 - 20001.0; lambda = (0, 0.1)
    foreign lambdas:
        delta H to (0, 0) (20001 pts)
        delta H to (0, 0.1) (20001 pts)
        delta H to (0, 0.2) (20001 pts)



md3.edr: 0.0 - 20001.0; lambda = (0, 0.2)
    foreign lambdas:
        delta H to (0, 0.1) (20001 pts)
        delta H to (0, 0.2) (20001 pts)
        delta H to (0, 0.3) (20001 pts)



md4.edr: 0.0 - 20001.0; lambda = (0, 0.3)
    foreign lambdas:
        delta H to (0, 0.2) (20001 pts)
        delta H to (0, 0.3) (20001 pts)
        delta H to (0, 0.4) (20001 pts)



md5.edr: 0.0 - 20001.0; lambda = (0, 0.4)
    foreign lambdas:
        delta H to (0, 0.3) (20001 pts)
        delta H to (0, 0.4) (20001 pts)
        delta H to (0, 0.5) (20001 pts)



md6.edr: 0.0 - 20001.0; lambda = (0, 0.5)
    foreign lambdas:
        delta H to (0, 0.4) (20001 pts)
        delta H to (0, 0.5) (20001 pts)
        delta H to (0, 0.6) (20001 pts)



md7.edr: 0.0 - 20001.0; lambda = (0, 0.6)
    foreign lambdas:
        delta H to (0, 0.5) (20001 pts)
        delta H to (0, 0.6) (20001 pts)
        delta H to (0, 0.7) (20001 pts)



md8.edr: 0.0 - 20001.0; lambda = (0, 0.7)
    foreign lambdas:
        delta H to (0, 0.6) (20001 pts)
        delta H to (0, 0.7) (20001 pts)
        delta H to (0, 0.8) (20001 pts)



md9.edr: 0.0 - 20001.0; lambda = (0, 0.8)
    foreign lambdas:
        delta H to (0, 0.7) (20001 pts)
        delta H to (0, 0.8) (20001 pts)
        delta H to (0, 0.9) (20001 pts)



   Samples in time interval: 0.000 - 20001.000
Removing samples outside of: 0.000 - 1000.000

Temperature: 298.15 K

Detailed results in kT (see help for explanation):

 lam_A  lam_B      DG   +/-     s_A   +/-     s_B   +/-   stdev   +/- 
     0      1    0.82  0.19    0.93  0.18    0.89  0.20    1.41  0.11
     1      2    1.22  0.14    2.18  0.16    1.72  0.13    2.18  0.13
     2      3   -0.00  0.07    2.23  0.05    1.31  0.08    1.89  0.04
     3      4   -0.86  0.06    1.46  0.13    0.93  0.09    1.47  0.06
     4      5   -1.09  0.08    0.73  0.10    0.45  0.07    1.20  0.05
     5      6   -1.11  0.06    1.06  0.08    0.67  0.05    1.28  0.03
     6      7   -1.52  0.05    0.94  0.05    0.61  0.03    1.15  0.03
     7      8   -1.78  0.03    0.70  0.08    0.43  0.05    1.00  0.03
     8      9   -1.92  0.05    0.53  0.05    0.35  0.05    0.90  0.03
     9     10   -1.98  0.01    0.55  0.05    0.36  0.04    0.88  0.01
    10     11   -0.08  0.05    0.05  0.05    0.05  0.05    0.33  0.05
    11     12   -0.28  0.10    0.15  0.03    0.16  0.03    0.40  0.03
    12     13   -0.46  0.08    0.02  0.07    0.03  0.07    0.42  0.01
    13     14   -0.91  0.10    0.43  0.06    0.46  0.06    0.67  0.04
    14     15   -2.12  0.10    0.74  0.07    0.76  0.08    0.97  0.07


Final results in kJ/mol:

point      0 -      1,   DG  2.03 +/-  0.47
point      1 -      2,   DG  3.02 +/-  0.34
point      2 -      3,   DG -0.01 +/-  0.18
point      3 -      4,   DG -2.13 +/-  0.15
point      4 -      5,   DG -2.71 +/-  0.21
point      5 -      6,   DG -2.75 +/-  0.15
point      6 -      7,   DG -3.76 +/-  0.14
point      7 -      8,   DG -4.42 +/-  0.07
point      8 -      9,   DG -4.75 +/-  0.13
point      9 -     10,   DG -4.90 +/-  0.03
point     10 -     11,   DG -0.19 +/-  0.12
point     11 -     12,   DG -0.69 +/-  0.24
point     12 -     13,   DG -1.14 +/-  0.21
point     13 -     14,   DG -2.26 +/-  0.26
point     14 -     15,   DG -5.24 +/-  0.24

total      0 -     15,   DG -29.90 +/-  0.38

