
md10.edr: 0.0 - 20001.0; lambda = (0, 0.9)
    foreign lambdas:
        delta H to (0, 0.8) (20001 pts)
        delta H to (0, 0.9) (20001 pts)
        delta H to (0, 1) (20001 pts)



md11.edr: 0.0 - 20001.0; lambda = (0, 1)
    foreign lambdas:
        delta H to (0, 0.9) (20001 pts)
        delta H to (0, 1) (20001 pts)
        delta H to (0.2, 1) (20001 pts)



md12.edr: 0.0 - 20001.0; lambda = (0.2, 1)
    foreign lambdas:
        delta H to (0, 1) (20001 pts)
        delta H to (0.2, 1) (20001 pts)
        delta H to (0.4, 1) (20001 pts)



md13.edr: 0.0 - 20001.0; lambda = (0.4, 1)
    foreign lambdas:
        delta H to (0.2, 1) (20001 pts)
        delta H to (0.4, 1) (20001 pts)
        delta H to (0.6, 1) (20001 pts)



md14.edr: 0.0 - 20001.0; lambda = (0.6, 1)
    foreign lambdas:
        delta H to (0.4, 1) (20001 pts)
        delta H to (0.6, 1) (20001 pts)
        delta H to (0.8, 1) (20001 pts)



md15.edr: 0.0 - 20001.0; lambda = (0.8, 1)
    foreign lambdas:
        delta H to (0.6, 1) (20001 pts)
        delta H to (0.8, 1) (20001 pts)
        delta H to (1, 1) (20001 pts)



md16.edr: 0.0 - 20001.0; lambda = (1, 1)
    foreign lambdas:
        delta H to (0.8, 1) (20001 pts)
        delta H to (1, 1) (20001 pts)



md1.edr: 0.0 - 20001.0; lambda = (0, 0)
    foreign lambdas:
        delta H to (0, 0) (20001 pts)
        delta H to (0, 0.1) (20001 pts)



md2.edr: 0.0 - 20001.0; lambda = (0, 0.1)
    foreign lambdas:
        delta H to (0, 0) (20001 pts)
        delta H to (0, 0.1) (20001 pts)
        delta H to (0, 0.2) (20001 pts)



md3.edr: 0.0 - 20001.0; lambda = (0, 0.2)
    foreign lambdas:
        delta H to (0, 0.1) (20001 pts)
        delta H to (0, 0.2) (20001 pts)
        delta H to (0, 0.3) (20001 pts)



md4.edr: 0.0 - 20001.0; lambda = (0, 0.3)
    foreign lambdas:
        delta H to (0, 0.2) (20001 pts)
        delta H to (0, 0.3) (20001 pts)
        delta H to (0, 0.4) (20001 pts)



md5.edr: 0.0 - 20001.0; lambda = (0, 0.4)
    foreign lambdas:
        delta H to (0, 0.3) (20001 pts)
        delta H to (0, 0.4) (20001 pts)
        delta H to (0, 0.5) (20001 pts)



md6.edr: 0.0 - 20001.0; lambda = (0, 0.5)
    foreign lambdas:
        delta H to (0, 0.4) (20001 pts)
        delta H to (0, 0.5) (20001 pts)
        delta H to (0, 0.6) (20001 pts)



md7.edr: 0.0 - 20001.0; lambda = (0, 0.6)
    foreign lambdas:
        delta H to (0, 0.5) (20001 pts)
        delta H to (0, 0.6) (20001 pts)
        delta H to (0, 0.7) (20001 pts)



md8.edr: 0.0 - 20001.0; lambda = (0, 0.7)
    foreign lambdas:
        delta H to (0, 0.6) (20001 pts)
        delta H to (0, 0.7) (20001 pts)
        delta H to (0, 0.8) (20001 pts)



md9.edr: 0.0 - 20001.0; lambda = (0, 0.8)
    foreign lambdas:
        delta H to (0, 0.7) (20001 pts)
        delta H to (0, 0.8) (20001 pts)
        delta H to (0, 0.9) (20001 pts)



   Samples in time interval: 0.000 - 20001.000
Removing samples outside of: 0.000 - 11000.000

Temperature: 298.15 K

Detailed results in kT (see help for explanation):

 lam_A  lam_B      DG   +/-     s_A   +/-     s_B   +/-   stdev   +/- 
     0      1    1.08  0.05    0.88  0.03    0.93  0.02    1.39  0.02
     1      2    1.53  0.05    2.27  0.07    1.74  0.05    2.27  0.05
     2      3    0.30  0.05    2.49  0.06    1.44  0.06    2.07  0.04
     3      4   -0.63  0.03    1.58  0.04    0.96  0.02    1.58  0.02
     4      5   -1.05  0.02    1.09  0.05    0.68  0.03    1.32  0.02
     5      6   -1.28  0.02    0.96  0.02    0.61  0.01    1.21  0.01
     6      7   -1.55  0.02    0.82  0.03    0.53  0.02    1.10  0.02
     7      8   -1.71  0.01    0.69  0.03    0.43  0.02    1.01  0.01
     8      9   -1.83  0.02    0.61  0.01    0.39  0.01    0.94  0.01
     9     10   -1.94  0.01    0.55  0.02    0.36  0.01    0.90  0.01
    10     11   -0.07  0.02    0.05  0.03    0.05  0.03    0.35  0.02
    11     12   -0.20  0.02    0.07  0.01    0.08  0.01    0.35  0.02
    12     13   -0.39  0.04    0.11  0.05    0.12  0.06    0.45  0.03
    13     14   -0.67  0.09    0.16  0.11    0.20  0.12    0.61  0.06
    14     15   -1.40  0.09    0.53  0.16    0.63  0.18    0.99  0.07


Final results in kJ/mol:

point      0 -      1,   DG  2.67 +/-  0.11
point      1 -      2,   DG  3.80 +/-  0.14
point      2 -      3,   DG  0.73 +/-  0.12
point      3 -      4,   DG -1.55 +/-  0.08
point      4 -      5,   DG -2.61 +/-  0.05
point      5 -      6,   DG -3.18 +/-  0.06
point      6 -      7,   DG -3.84 +/-  0.04
point      7 -      8,   DG -4.24 +/-  0.03
point      8 -      9,   DG -4.53 +/-  0.04
point      9 -     10,   DG -4.81 +/-  0.02
point     10 -     11,   DG -0.19 +/-  0.04
point     11 -     12,   DG -0.50 +/-  0.05
point     12 -     13,   DG -0.96 +/-  0.10
point     13 -     14,   DG -1.66 +/-  0.21
point     14 -     15,   DG -3.46 +/-  0.23

total      0 -     15,   DG -24.30 +/-  0.67

