
md10.edr: 0.0 - 20001.0; lambda = (0, 0.9)
    foreign lambdas:
        delta H to (0, 0.8) (20001 pts)
        delta H to (0, 0.9) (20001 pts)
        delta H to (0, 1) (20001 pts)



md11.edr: 0.0 - 20001.0; lambda = (0, 1)
    foreign lambdas:
        delta H to (0, 0.9) (20001 pts)
        delta H to (0, 1) (20001 pts)
        delta H to (0.2, 1) (20001 pts)



md12.edr: 0.0 - 20001.0; lambda = (0.2, 1)
    foreign lambdas:
        delta H to (0, 1) (20001 pts)
        delta H to (0.2, 1) (20001 pts)
        delta H to (0.4, 1) (20001 pts)



md13.edr: 0.0 - 20001.0; lambda = (0.4, 1)
    foreign lambdas:
        delta H to (0.2, 1) (20001 pts)
        delta H to (0.4, 1) (20001 pts)
        delta H to (0.6, 1) (20001 pts)



md14.edr: 0.0 - 20001.0; lambda = (0.6, 1)
    foreign lambdas:
        delta H to (0.4, 1) (20001 pts)
        delta H to (0.6, 1) (20001 pts)
        delta H to (0.8, 1) (20001 pts)



md15.edr: 0.0 - 20001.0; lambda = (0.8, 1)
    foreign lambdas:
        delta H to (0.6, 1) (20001 pts)
        delta H to (0.8, 1) (20001 pts)
        delta H to (1, 1) (20001 pts)



md16.edr: 0.0 - 20001.0; lambda = (1, 1)
    foreign lambdas:
        delta H to (0.8, 1) (20001 pts)
        delta H to (1, 1) (20001 pts)



md1.edr: 0.0 - 20001.0; lambda = (0, 0)
    foreign lambdas:
        delta H to (0, 0) (20001 pts)
        delta H to (0, 0.1) (20001 pts)



md2.edr: 0.0 - 20001.0; lambda = (0, 0.1)
    foreign lambdas:
        delta H to (0, 0) (20001 pts)
        delta H to (0, 0.1) (20001 pts)
        delta H to (0, 0.2) (20001 pts)



md3.edr: 0.0 - 20001.0; lambda = (0, 0.2)
    foreign lambdas:
        delta H to (0, 0.1) (20001 pts)
        delta H to (0, 0.2) (20001 pts)
        delta H to (0, 0.3) (20001 pts)



md4.edr: 0.0 - 20001.0; lambda = (0, 0.3)
    foreign lambdas:
        delta H to (0, 0.2) (20001 pts)
        delta H to (0, 0.3) (20001 pts)
        delta H to (0, 0.4) (20001 pts)



md5.edr: 0.0 - 20001.0; lambda = (0, 0.4)
    foreign lambdas:
        delta H to (0, 0.3) (20001 pts)
        delta H to (0, 0.4) (20001 pts)
        delta H to (0, 0.5) (20001 pts)



md6.edr: 0.0 - 20001.0; lambda = (0, 0.5)
    foreign lambdas:
        delta H to (0, 0.4) (20001 pts)
        delta H to (0, 0.5) (20001 pts)
        delta H to (0, 0.6) (20001 pts)



md7.edr: 0.0 - 20001.0; lambda = (0, 0.6)
    foreign lambdas:
        delta H to (0, 0.5) (20001 pts)
        delta H to (0, 0.6) (20001 pts)
        delta H to (0, 0.7) (20001 pts)



md8.edr: 0.0 - 20001.0; lambda = (0, 0.7)
    foreign lambdas:
        delta H to (0, 0.6) (20001 pts)
        delta H to (0, 0.7) (20001 pts)
        delta H to (0, 0.8) (20001 pts)



md9.edr: 0.0 - 20001.0; lambda = (0, 0.8)
    foreign lambdas:
        delta H to (0, 0.7) (20001 pts)
        delta H to (0, 0.8) (20001 pts)
        delta H to (0, 0.9) (20001 pts)



   Samples in time interval: 0.000 - 20001.000
Removing samples outside of: 0.000 - 3000.000

Temperature: 298.15 K

Detailed results in kT (see help for explanation):

 lam_A  lam_B      DG   +/-     s_A   +/-     s_B   +/-   stdev   +/- 
     0      1    1.08  0.19    1.04  0.11    1.08  0.12    1.49  0.06
     1      2    1.43  0.16    2.12  0.17    1.60  0.14    2.17  0.12
     2      3    0.22  0.08    2.60  0.14    1.52  0.09    2.09  0.07
     3      4   -0.73  0.07    1.43  0.04    0.90  0.03    1.51  0.02
     4      5   -1.06  0.05    1.01  0.11    0.63  0.07    1.30  0.04
     5      6   -1.24  0.06    0.98  0.03    0.62  0.02    1.22  0.02
     6      7   -1.54  0.02    0.84  0.05    0.55  0.03    1.12  0.02
     7      8   -1.71  0.03    0.72  0.05    0.43  0.02    1.02  0.02
     8      9   -1.84  0.04    0.58  0.04    0.37  0.03    0.92  0.02
     9     10   -1.94  0.02    0.52  0.01    0.35  0.01    0.88  0.01
    10     11   -0.05  0.01    0.03  0.03    0.03  0.03    0.30  0.03
    11     12   -0.17  0.05    0.09  0.03    0.10  0.03    0.32  0.03
    12     13   -0.29  0.07    0.02  0.01    0.03  0.01    0.40  0.03
    13     14   -0.65  0.11    0.34  0.05    0.38  0.06    0.65  0.07
    14     15   -1.49  0.21    0.46  0.09    0.52  0.10    0.91  0.06


Final results in kJ/mol:

point      0 -      1,   DG  2.68 +/-  0.46
point      1 -      2,   DG  3.54 +/-  0.40
point      2 -      3,   DG  0.53 +/-  0.21
point      3 -      4,   DG -1.82 +/-  0.17
point      4 -      5,   DG -2.63 +/-  0.12
point      5 -      6,   DG -3.07 +/-  0.15
point      6 -      7,   DG -3.81 +/-  0.05
point      7 -      8,   DG -4.24 +/-  0.07
point      8 -      9,   DG -4.57 +/-  0.09
point      9 -     10,   DG -4.81 +/-  0.05
point     10 -     11,   DG -0.12 +/-  0.02
point     11 -     12,   DG -0.43 +/-  0.13
point     12 -     13,   DG -0.71 +/-  0.18
point     13 -     14,   DG -1.61 +/-  0.28
point     14 -     15,   DG -3.69 +/-  0.52

total      0 -     15,   DG -24.74 +/-  1.85

