
md10.edr: 0.0 - 20001.0; lambda = (0, 0.9)
    foreign lambdas:
        delta H to (0, 0.8) (20001 pts)
        delta H to (0, 0.9) (20001 pts)
        delta H to (0, 1) (20001 pts)



md11.edr: 0.0 - 20001.0; lambda = (0, 1)
    foreign lambdas:
        delta H to (0, 0.9) (20001 pts)
        delta H to (0, 1) (20001 pts)
        delta H to (0.2, 1) (20001 pts)



md12.edr: 0.0 - 20001.0; lambda = (0.2, 1)
    foreign lambdas:
        delta H to (0, 1) (20001 pts)
        delta H to (0.2, 1) (20001 pts)
        delta H to (0.4, 1) (20001 pts)



md13.edr: 0.0 - 20001.0; lambda = (0.4, 1)
    foreign lambdas:
        delta H to (0.2, 1) (20001 pts)
        delta H to (0.4, 1) (20001 pts)
        delta H to (0.6, 1) (20001 pts)



md14.edr: 0.0 - 20001.0; lambda = (0.6, 1)
    foreign lambdas:
        delta H to (0.4, 1) (20001 pts)
        delta H to (0.6, 1) (20001 pts)
        delta H to (0.8, 1) (20001 pts)



md15.edr: 0.0 - 20001.0; lambda = (0.8, 1)
    foreign lambdas:
        delta H to (0.6, 1) (20001 pts)
        delta H to (0.8, 1) (20001 pts)
        delta H to (1, 1) (20001 pts)



md16.edr: 0.0 - 20001.0; lambda = (1, 1)
    foreign lambdas:
        delta H to (0.8, 1) (20001 pts)
        delta H to (1, 1) (20001 pts)



md1.edr: 0.0 - 20001.0; lambda = (0, 0)
    foreign lambdas:
        delta H to (0, 0) (20001 pts)
        delta H to (0, 0.1) (20001 pts)



md2.edr: 0.0 - 20001.0; lambda = (0, 0.1)
    foreign lambdas:
        delta H to (0, 0) (20001 pts)
        delta H to (0, 0.1) (20001 pts)
        delta H to (0, 0.2) (20001 pts)



md3.edr: 0.0 - 20001.0; lambda = (0, 0.2)
    foreign lambdas:
        delta H to (0, 0.1) (20001 pts)
        delta H to (0, 0.2) (20001 pts)
        delta H to (0, 0.3) (20001 pts)



md4.edr: 0.0 - 20001.0; lambda = (0, 0.3)
    foreign lambdas:
        delta H to (0, 0.2) (20001 pts)
        delta H to (0, 0.3) (20001 pts)
        delta H to (0, 0.4) (20001 pts)



md5.edr: 0.0 - 20001.0; lambda = (0, 0.4)
    foreign lambdas:
        delta H to (0, 0.3) (20001 pts)
        delta H to (0, 0.4) (20001 pts)
        delta H to (0, 0.5) (20001 pts)



md6.edr: 0.0 - 20001.0; lambda = (0, 0.5)
    foreign lambdas:
        delta H to (0, 0.4) (20001 pts)
        delta H to (0, 0.5) (20001 pts)
        delta H to (0, 0.6) (20001 pts)



md7.edr: 0.0 - 20001.0; lambda = (0, 0.6)
    foreign lambdas:
        delta H to (0, 0.5) (20001 pts)
        delta H to (0, 0.6) (20001 pts)
        delta H to (0, 0.7) (20001 pts)



md8.edr: 0.0 - 20001.0; lambda = (0, 0.7)
    foreign lambdas:
        delta H to (0, 0.6) (20001 pts)
        delta H to (0, 0.7) (20001 pts)
        delta H to (0, 0.8) (20001 pts)



md9.edr: 0.0 - 20001.0; lambda = (0, 0.8)
    foreign lambdas:
        delta H to (0, 0.7) (20001 pts)
        delta H to (0, 0.8) (20001 pts)
        delta H to (0, 0.9) (20001 pts)



   Samples in time interval: 0.000 - 20001.000
Removing samples outside of: 0.000 - 19000.000

Temperature: 298.15 K

Detailed results in kT (see help for explanation):

 lam_A  lam_B      DG   +/-     s_A   +/-     s_B   +/-   stdev   +/- 
     0      1    1.19  0.05    0.83  0.06    0.89  0.06    1.36  0.02
     1      2    1.62  0.06    2.44  0.10    1.89  0.08    2.37  0.06
     2      3    0.24  0.03    2.44  0.08    1.40  0.05    2.02  0.03
     3      4   -0.64  0.03    1.46  0.05    0.90  0.03    1.52  0.02
     4      5   -1.06  0.03    1.08  0.06    0.69  0.04    1.30  0.03
     5      6   -1.30  0.02    0.91  0.02    0.58  0.01    1.19  0.01
     6      7   -1.51  0.01    0.80  0.01    0.50  0.00    1.10  0.00
     7      8   -1.66  0.01    0.69  0.02    0.43  0.02    1.01  0.01
     8      9   -1.81  0.01    0.61  0.01    0.40  0.01    0.95  0.01
     9     10   -1.90  0.01    0.53  0.01    0.34  0.01    0.89  0.01
    10     11   -0.08  0.02    0.04  0.01    0.04  0.01    0.28  0.01
    11     12   -0.17  0.01    0.05  0.03    0.05  0.03    0.31  0.01
    12     13   -0.26  0.03    0.05  0.01    0.06  0.01    0.37  0.02
    13     14   -0.52  0.02    0.20  0.01    0.24  0.02    0.54  0.02
    14     15   -1.03  0.03    0.28  0.02    0.37  0.02    0.82  0.02


Final results in kJ/mol:

point      0 -      1,   DG  2.95 +/-  0.11
point      1 -      2,   DG  4.02 +/-  0.16
point      2 -      3,   DG  0.58 +/-  0.07
point      3 -      4,   DG -1.59 +/-  0.08
point      4 -      5,   DG -2.62 +/-  0.08
point      5 -      6,   DG -3.22 +/-  0.05
point      6 -      7,   DG -3.75 +/-  0.02
point      7 -      8,   DG -4.13 +/-  0.03
point      8 -      9,   DG -4.48 +/-  0.03
point      9 -     10,   DG -4.71 +/-  0.02
point     10 -     11,   DG -0.19 +/-  0.05
point     11 -     12,   DG -0.41 +/-  0.02
point     12 -     13,   DG -0.65 +/-  0.06
point     13 -     14,   DG -1.28 +/-  0.05
point     14 -     15,   DG -2.56 +/-  0.08

total      0 -     15,   DG -22.04 +/-  0.48

