
md10.edr: 0.0 - 20001.0; lambda = (0, 0.9)
    foreign lambdas:
        delta H to (0, 0.8) (20001 pts)
        delta H to (0, 0.9) (20001 pts)
        delta H to (0, 1) (20001 pts)



md11.edr: 0.0 - 20001.0; lambda = (0, 1)
    foreign lambdas:
        delta H to (0, 0.9) (20001 pts)
        delta H to (0, 1) (20001 pts)
        delta H to (0.2, 1) (20001 pts)



md12.edr: 0.0 - 20001.0; lambda = (0.2, 1)
    foreign lambdas:
        delta H to (0, 1) (20001 pts)
        delta H to (0.2, 1) (20001 pts)
        delta H to (0.4, 1) (20001 pts)



md13.edr: 0.0 - 20001.0; lambda = (0.4, 1)
    foreign lambdas:
        delta H to (0.2, 1) (20001 pts)
        delta H to (0.4, 1) (20001 pts)
        delta H to (0.6, 1) (20001 pts)



md14.edr: 0.0 - 20001.0; lambda = (0.6, 1)
    foreign lambdas:
        delta H to (0.4, 1) (20001 pts)
        delta H to (0.6, 1) (20001 pts)
        delta H to (0.8, 1) (20001 pts)



md15.edr: 0.0 - 20001.0; lambda = (0.8, 1)
    foreign lambdas:
        delta H to (0.6, 1) (20001 pts)
        delta H to (0.8, 1) (20001 pts)
        delta H to (1, 1) (20001 pts)



md16.edr: 0.0 - 20001.0; lambda = (1, 1)
    foreign lambdas:
        delta H to (0.8, 1) (20001 pts)
        delta H to (1, 1) (20001 pts)



md1.edr: 0.0 - 20001.0; lambda = (0, 0)
    foreign lambdas:
        delta H to (0, 0) (20001 pts)
        delta H to (0, 0.1) (20001 pts)



md2.edr: 0.0 - 20001.0; lambda = (0, 0.1)
    foreign lambdas:
        delta H to (0, 0) (20001 pts)
        delta H to (0, 0.1) (20001 pts)
        delta H to (0, 0.2) (20001 pts)



md3.edr: 0.0 - 20001.0; lambda = (0, 0.2)
    foreign lambdas:
        delta H to (0, 0.1) (20001 pts)
        delta H to (0, 0.2) (20001 pts)
        delta H to (0, 0.3) (20001 pts)



md4.edr: 0.0 - 20001.0; lambda = (0, 0.3)
    foreign lambdas:
        delta H to (0, 0.2) (20001 pts)
        delta H to (0, 0.3) (20001 pts)
        delta H to (0, 0.4) (20001 pts)



md5.edr: 0.0 - 20001.0; lambda = (0, 0.4)
    foreign lambdas:
        delta H to (0, 0.3) (20001 pts)
        delta H to (0, 0.4) (20001 pts)
        delta H to (0, 0.5) (20001 pts)



md6.edr: 0.0 - 20001.0; lambda = (0, 0.5)
    foreign lambdas:
        delta H to (0, 0.4) (20001 pts)
        delta H to (0, 0.5) (20001 pts)
        delta H to (0, 0.6) (20001 pts)



md7.edr: 0.0 - 20001.0; lambda = (0, 0.6)
    foreign lambdas:
        delta H to (0, 0.5) (20001 pts)
        delta H to (0, 0.6) (20001 pts)
        delta H to (0, 0.7) (20001 pts)



md8.edr: 0.0 - 20001.0; lambda = (0, 0.7)
    foreign lambdas:
        delta H to (0, 0.6) (20001 pts)
        delta H to (0, 0.7) (20001 pts)
        delta H to (0, 0.8) (20001 pts)



md9.edr: 0.0 - 20001.0; lambda = (0, 0.8)
    foreign lambdas:
        delta H to (0, 0.7) (20001 pts)
        delta H to (0, 0.8) (20001 pts)
        delta H to (0, 0.9) (20001 pts)



   Samples in time interval: 0.000 - 20001.000
Removing samples outside of: 0.000 - 6000.000

Temperature: 298.15 K

Detailed results in kT (see help for explanation):

 lam_A  lam_B      DG   +/-     s_A   +/-     s_B   +/-   stdev   +/- 
     0      1    1.05  0.07    0.77  0.09    0.80  0.09    1.33  0.03
     1      2    1.55  0.05    2.40  0.14    1.90  0.11    2.35  0.08
     2      3    0.18  0.08    2.30  0.14    1.30  0.07    1.96  0.05
     3      4   -0.66  0.08    1.55  0.08    0.96  0.05    1.54  0.04
     4      5   -1.14  0.03    0.95  0.07    0.61  0.05    1.22  0.03
     5      6   -1.30  0.03    0.88  0.05    0.57  0.03    1.19  0.03
     6      7   -1.50  0.04    0.81  0.05    0.50  0.03    1.10  0.03
     7      8   -1.68  0.02    0.73  0.02    0.47  0.02    1.04  0.01
     8      9   -1.84  0.02    0.63  0.03    0.40  0.03    0.96  0.01
     9     10   -1.89  0.01    0.50  0.02    0.31  0.02    0.89  0.01
    10     11   -0.09  0.03    0.06  0.03    0.06  0.03    0.28  0.02
    11     12   -0.19  0.02    0.04  0.05    0.05  0.05    0.32  0.02
    12     13   -0.29  0.04    0.05  0.03    0.05  0.03    0.35  0.02
    13     14   -0.50  0.07    0.16  0.08    0.20  0.09    0.52  0.06
    14     15   -1.02  0.11    0.32  0.13    0.41  0.14    0.85  0.06


Final results in kJ/mol:

point      0 -      1,   DG  2.59 +/-  0.17
point      1 -      2,   DG  3.85 +/-  0.12
point      2 -      3,   DG  0.45 +/-  0.21
point      3 -      4,   DG -1.64 +/-  0.19
point      4 -      5,   DG -2.84 +/-  0.06
point      5 -      6,   DG -3.22 +/-  0.08
point      6 -      7,   DG -3.71 +/-  0.09
point      7 -      8,   DG -4.15 +/-  0.05
point      8 -      9,   DG -4.56 +/-  0.05
point      9 -     10,   DG -4.69 +/-  0.03
point     10 -     11,   DG -0.21 +/-  0.09
point     11 -     12,   DG -0.47 +/-  0.05
point     12 -     13,   DG -0.71 +/-  0.10
point     13 -     14,   DG -1.23 +/-  0.17
point     14 -     15,   DG -2.53 +/-  0.26

total      0 -     15,   DG -23.07 +/-  0.70

