
md10.edr: 0.0 - 20001.0; lambda = (0, 0.9)
    foreign lambdas:
        delta H to (0, 0.8) (20001 pts)
        delta H to (0, 0.9) (20001 pts)
        delta H to (0, 1) (20001 pts)



md11.edr: 0.0 - 20001.0; lambda = (0, 1)
    foreign lambdas:
        delta H to (0, 0.9) (20001 pts)
        delta H to (0, 1) (20001 pts)
        delta H to (0.2, 1) (20001 pts)



md12.edr: 0.0 - 20001.0; lambda = (0.2, 1)
    foreign lambdas:
        delta H to (0, 1) (20001 pts)
        delta H to (0.2, 1) (20001 pts)
        delta H to (0.4, 1) (20001 pts)



md13.edr: 0.0 - 20001.0; lambda = (0.4, 1)
    foreign lambdas:
        delta H to (0.2, 1) (20001 pts)
        delta H to (0.4, 1) (20001 pts)
        delta H to (0.6, 1) (20001 pts)



md14.edr: 0.0 - 20001.0; lambda = (0.6, 1)
    foreign lambdas:
        delta H to (0.4, 1) (20001 pts)
        delta H to (0.6, 1) (20001 pts)
        delta H to (0.8, 1) (20001 pts)



md15.edr: 0.0 - 20001.0; lambda = (0.8, 1)
    foreign lambdas:
        delta H to (0.6, 1) (20001 pts)
        delta H to (0.8, 1) (20001 pts)
        delta H to (1, 1) (20001 pts)



md16.edr: 0.0 - 20001.0; lambda = (1, 1)
    foreign lambdas:
        delta H to (0.8, 1) (20001 pts)
        delta H to (1, 1) (20001 pts)



md1.edr: 0.0 - 20001.0; lambda = (0, 0)
    foreign lambdas:
        delta H to (0, 0) (20001 pts)
        delta H to (0, 0.1) (20001 pts)



md2.edr: 0.0 - 20001.0; lambda = (0, 0.1)
    foreign lambdas:
        delta H to (0, 0) (20001 pts)
        delta H to (0, 0.1) (20001 pts)
        delta H to (0, 0.2) (20001 pts)



md3.edr: 0.0 - 20001.0; lambda = (0, 0.2)
    foreign lambdas:
        delta H to (0, 0.1) (20001 pts)
        delta H to (0, 0.2) (20001 pts)
        delta H to (0, 0.3) (20001 pts)



md4.edr: 0.0 - 20001.0; lambda = (0, 0.3)
    foreign lambdas:
        delta H to (0, 0.2) (20001 pts)
        delta H to (0, 0.3) (20001 pts)
        delta H to (0, 0.4) (20001 pts)



md5.edr: 0.0 - 20001.0; lambda = (0, 0.4)
    foreign lambdas:
        delta H to (0, 0.3) (20001 pts)
        delta H to (0, 0.4) (20001 pts)
        delta H to (0, 0.5) (20001 pts)



md6.edr: 0.0 - 20001.0; lambda = (0, 0.5)
    foreign lambdas:
        delta H to (0, 0.4) (20001 pts)
        delta H to (0, 0.5) (20001 pts)
        delta H to (0, 0.6) (20001 pts)



md7.edr: 0.0 - 20001.0; lambda = (0, 0.6)
    foreign lambdas:
        delta H to (0, 0.5) (20001 pts)
        delta H to (0, 0.6) (20001 pts)
        delta H to (0, 0.7) (20001 pts)



md8.edr: 0.0 - 20001.0; lambda = (0, 0.7)
    foreign lambdas:
        delta H to (0, 0.6) (20001 pts)
        delta H to (0, 0.7) (20001 pts)
        delta H to (0, 0.8) (20001 pts)



md9.edr: 0.0 - 20001.0; lambda = (0, 0.8)
    foreign lambdas:
        delta H to (0, 0.7) (20001 pts)
        delta H to (0, 0.8) (20001 pts)
        delta H to (0, 0.9) (20001 pts)



   Samples in time interval: 0.000 - 20001.000
Removing samples outside of: 0.000 - 7000.000

Temperature: 298.15 K

Detailed results in kT (see help for explanation):

 lam_A  lam_B      DG   +/-     s_A   +/-     s_B   +/-   stdev   +/- 
     0      1    1.12  0.09    0.70  0.07    0.74  0.07    1.31  0.03
     1      2    1.67  0.15    2.54  0.14    1.98  0.12    2.43  0.10
     2      3    0.23  0.12    2.35  0.16    1.34  0.09    2.00  0.08
     3      4   -0.65  0.05    1.57  0.07    0.96  0.04    1.55  0.04
     4      5   -1.13  0.03    0.96  0.05    0.61  0.04    1.23  0.02
     5      6   -1.30  0.01    0.90  0.03    0.58  0.02    1.19  0.02
     6      7   -1.50  0.01    0.80  0.03    0.50  0.02    1.10  0.01
     7      8   -1.67  0.01    0.73  0.03    0.46  0.02    1.04  0.01
     8      9   -1.83  0.03    0.63  0.04    0.40  0.03    0.97  0.01
     9     10   -1.89  0.02    0.52  0.03    0.32  0.03    0.89  0.01
    10     11   -0.10  0.03    0.05  0.01    0.06  0.01    0.28  0.02
    11     12   -0.19  0.01    0.03  0.04    0.04  0.04    0.32  0.02
    12     13   -0.27  0.04    0.04  0.03    0.05  0.03    0.34  0.03
    13     14   -0.49  0.07    0.18  0.10    0.22  0.11    0.52  0.06
    14     15   -1.01  0.11    0.30  0.14    0.38  0.16    0.83  0.07


Final results in kJ/mol:

point      0 -      1,   DG  2.79 +/-  0.23
point      1 -      2,   DG  4.15 +/-  0.38
point      2 -      3,   DG  0.58 +/-  0.30
point      3 -      4,   DG -1.62 +/-  0.12
point      4 -      5,   DG -2.80 +/-  0.06
point      5 -      6,   DG -3.21 +/-  0.03
point      6 -      7,   DG -3.72 +/-  0.03
point      7 -      8,   DG -4.15 +/-  0.04
point      8 -      9,   DG -4.53 +/-  0.07
point      9 -     10,   DG -4.68 +/-  0.06
point     10 -     11,   DG -0.24 +/-  0.08
point     11 -     12,   DG -0.46 +/-  0.04
point     12 -     13,   DG -0.66 +/-  0.10
point     13 -     14,   DG -1.22 +/-  0.18
point     14 -     15,   DG -2.50 +/-  0.26

total      0 -     15,   DG -22.26 +/-  1.05

