
md10.edr: 0.0 - 20001.0; lambda = (0, 0.9)
    foreign lambdas:
        delta H to (0, 0.8) (20001 pts)
        delta H to (0, 0.9) (20001 pts)
        delta H to (0, 1) (20001 pts)



md11.edr: 0.0 - 20001.0; lambda = (0, 1)
    foreign lambdas:
        delta H to (0, 0.9) (20001 pts)
        delta H to (0, 1) (20001 pts)
        delta H to (0.2, 1) (20001 pts)



md12.edr: 0.0 - 20001.0; lambda = (0.2, 1)
    foreign lambdas:
        delta H to (0, 1) (20001 pts)
        delta H to (0.2, 1) (20001 pts)
        delta H to (0.4, 1) (20001 pts)



md13.edr: 0.0 - 20001.0; lambda = (0.4, 1)
    foreign lambdas:
        delta H to (0.2, 1) (20001 pts)
        delta H to (0.4, 1) (20001 pts)
        delta H to (0.6, 1) (20001 pts)



md14.edr: 0.0 - 20001.0; lambda = (0.6, 1)
    foreign lambdas:
        delta H to (0.4, 1) (20001 pts)
        delta H to (0.6, 1) (20001 pts)
        delta H to (0.8, 1) (20001 pts)



md15.edr: 0.0 - 20001.0; lambda = (0.8, 1)
    foreign lambdas:
        delta H to (0.6, 1) (20001 pts)
        delta H to (0.8, 1) (20001 pts)
        delta H to (1, 1) (20001 pts)



md16.edr: 0.0 - 20001.0; lambda = (1, 1)
    foreign lambdas:
        delta H to (0.8, 1) (20001 pts)
        delta H to (1, 1) (20001 pts)



md1.edr: 0.0 - 20001.0; lambda = (0, 0)
    foreign lambdas:
        delta H to (0, 0) (20001 pts)
        delta H to (0, 0.1) (20001 pts)



md2.edr: 0.0 - 20001.0; lambda = (0, 0.1)
    foreign lambdas:
        delta H to (0, 0) (20001 pts)
        delta H to (0, 0.1) (20001 pts)
        delta H to (0, 0.2) (20001 pts)



md3.edr: 0.0 - 20001.0; lambda = (0, 0.2)
    foreign lambdas:
        delta H to (0, 0.1) (20001 pts)
        delta H to (0, 0.2) (20001 pts)
        delta H to (0, 0.3) (20001 pts)



md4.edr: 0.0 - 20001.0; lambda = (0, 0.3)
    foreign lambdas:
        delta H to (0, 0.2) (20001 pts)
        delta H to (0, 0.3) (20001 pts)
        delta H to (0, 0.4) (20001 pts)



md5.edr: 0.0 - 20001.0; lambda = (0, 0.4)
    foreign lambdas:
        delta H to (0, 0.3) (20001 pts)
        delta H to (0, 0.4) (20001 pts)
        delta H to (0, 0.5) (20001 pts)



md6.edr: 0.0 - 20001.0; lambda = (0, 0.5)
    foreign lambdas:
        delta H to (0, 0.4) (20001 pts)
        delta H to (0, 0.5) (20001 pts)
        delta H to (0, 0.6) (20001 pts)



md7.edr: 0.0 - 20001.0; lambda = (0, 0.6)
    foreign lambdas:
        delta H to (0, 0.5) (20001 pts)
        delta H to (0, 0.6) (20001 pts)
        delta H to (0, 0.7) (20001 pts)



md8.edr: 0.0 - 20001.0; lambda = (0, 0.7)
    foreign lambdas:
        delta H to (0, 0.6) (20001 pts)
        delta H to (0, 0.7) (20001 pts)
        delta H to (0, 0.8) (20001 pts)



md9.edr: 0.0 - 20001.0; lambda = (0, 0.8)
    foreign lambdas:
        delta H to (0, 0.7) (20001 pts)
        delta H to (0, 0.8) (20001 pts)
        delta H to (0, 0.9) (20001 pts)



   Samples in time interval: 0.000 - 20001.000
Removing samples outside of: 0.000 - 5000.000

Temperature: 298.15 K

Detailed results in kT (see help for explanation):

 lam_A  lam_B      DG   +/-     s_A   +/-     s_B   +/-   stdev   +/- 
     0      1    1.02  0.08    0.76  0.08    0.79  0.09    1.34  0.04
     1      2    1.54  0.08    2.40  0.16    1.87  0.10    2.34  0.08
     2      3    0.20  0.09    2.32  0.17    1.30  0.08    1.96  0.07
     3      4   -0.67  0.07    1.55  0.09    0.96  0.05    1.54  0.05
     4      5   -1.15  0.03    0.91  0.06    0.58  0.04    1.21  0.02
     5      6   -1.29  0.02    0.89  0.06    0.57  0.03    1.19  0.03
     6      7   -1.52  0.02    0.81  0.03    0.50  0.02    1.10  0.02
     7      8   -1.69  0.02    0.72  0.03    0.46  0.03    1.03  0.01
     8      9   -1.85  0.02    0.62  0.04    0.40  0.03    0.96  0.01
     9     10   -1.90  0.02    0.50  0.03    0.31  0.02    0.88  0.01
    10     11   -0.06  0.02    0.04  0.01    0.04  0.01    0.26  0.02
    11     12   -0.18  0.02    0.08  0.04    0.08  0.04    0.32  0.02
    12     13   -0.31  0.02    0.05  0.05    0.06  0.05    0.36  0.01
    13     14   -0.53  0.08    0.16  0.10    0.21  0.12    0.54  0.08
    14     15   -1.04  0.16    0.29  0.19    0.38  0.20    0.86  0.09


Final results in kJ/mol:

point      0 -      1,   DG  2.54 +/-  0.20
point      1 -      2,   DG  3.82 +/-  0.21
point      2 -      3,   DG  0.48 +/-  0.23
point      3 -      4,   DG -1.65 +/-  0.17
point      4 -      5,   DG -2.84 +/-  0.08
point      5 -      6,   DG -3.21 +/-  0.04
point      6 -      7,   DG -3.76 +/-  0.05
point      7 -      8,   DG -4.20 +/-  0.04
point      8 -      9,   DG -4.59 +/-  0.05
point      9 -     10,   DG -4.70 +/-  0.05
point     10 -     11,   DG -0.15 +/-  0.05
point     11 -     12,   DG -0.44 +/-  0.06
point     12 -     13,   DG -0.77 +/-  0.05
point     13 -     14,   DG -1.32 +/-  0.19
point     14 -     15,   DG -2.57 +/-  0.40

total      0 -     15,   DG -23.38 +/-  0.53

