
md10.edr: 0.0 - 20001.0; lambda = (0, 0.9)
    foreign lambdas:
        delta H to (0, 0.8) (20001 pts)
        delta H to (0, 0.9) (20001 pts)
        delta H to (0, 1) (20001 pts)



md11.edr: 0.0 - 20001.0; lambda = (0, 1)
    foreign lambdas:
        delta H to (0, 0.9) (20001 pts)
        delta H to (0, 1) (20001 pts)
        delta H to (0.2, 1) (20001 pts)



md12.edr: 0.0 - 20001.0; lambda = (0.2, 1)
    foreign lambdas:
        delta H to (0, 1) (20001 pts)
        delta H to (0.2, 1) (20001 pts)
        delta H to (0.4, 1) (20001 pts)



md13.edr: 0.0 - 20001.0; lambda = (0.4, 1)
    foreign lambdas:
        delta H to (0.2, 1) (20001 pts)
        delta H to (0.4, 1) (20001 pts)
        delta H to (0.6, 1) (20001 pts)



md14.edr: 0.0 - 20001.0; lambda = (0.6, 1)
    foreign lambdas:
        delta H to (0.4, 1) (20001 pts)
        delta H to (0.6, 1) (20001 pts)
        delta H to (0.8, 1) (20001 pts)



md15.edr: 0.0 - 20001.0; lambda = (0.8, 1)
    foreign lambdas:
        delta H to (0.6, 1) (20001 pts)
        delta H to (0.8, 1) (20001 pts)
        delta H to (1, 1) (20001 pts)



md16.edr: 0.0 - 20001.0; lambda = (1, 1)
    foreign lambdas:
        delta H to (0.8, 1) (20001 pts)
        delta H to (1, 1) (20001 pts)



md1.edr: 0.0 - 20001.0; lambda = (0, 0)
    foreign lambdas:
        delta H to (0, 0) (20001 pts)
        delta H to (0, 0.1) (20001 pts)



md2.edr: 0.0 - 20001.0; lambda = (0, 0.1)
    foreign lambdas:
        delta H to (0, 0) (20001 pts)
        delta H to (0, 0.1) (20001 pts)
        delta H to (0, 0.2) (20001 pts)



md3.edr: 0.0 - 20001.0; lambda = (0, 0.2)
    foreign lambdas:
        delta H to (0, 0.1) (20001 pts)
        delta H to (0, 0.2) (20001 pts)
        delta H to (0, 0.3) (20001 pts)



md4.edr: 0.0 - 20001.0; lambda = (0, 0.3)
    foreign lambdas:
        delta H to (0, 0.2) (20001 pts)
        delta H to (0, 0.3) (20001 pts)
        delta H to (0, 0.4) (20001 pts)



md5.edr: 0.0 - 20001.0; lambda = (0, 0.4)
    foreign lambdas:
        delta H to (0, 0.3) (20001 pts)
        delta H to (0, 0.4) (20001 pts)
        delta H to (0, 0.5) (20001 pts)



md6.edr: 0.0 - 20001.0; lambda = (0, 0.5)
    foreign lambdas:
        delta H to (0, 0.4) (20001 pts)
        delta H to (0, 0.5) (20001 pts)
        delta H to (0, 0.6) (20001 pts)



md7.edr: 0.0 - 20001.0; lambda = (0, 0.6)
    foreign lambdas:
        delta H to (0, 0.5) (20001 pts)
        delta H to (0, 0.6) (20001 pts)
        delta H to (0, 0.7) (20001 pts)



md8.edr: 0.0 - 20001.0; lambda = (0, 0.7)
    foreign lambdas:
        delta H to (0, 0.6) (20001 pts)
        delta H to (0, 0.7) (20001 pts)
        delta H to (0, 0.8) (20001 pts)



md9.edr: 0.0 - 20001.0; lambda = (0, 0.8)
    foreign lambdas:
        delta H to (0, 0.7) (20001 pts)
        delta H to (0, 0.8) (20001 pts)
        delta H to (0, 0.9) (20001 pts)



   Samples in time interval: 0.000 - 20001.000
Removing samples outside of: 0.000 - 3000.000

Temperature: 298.15 K

Detailed results in kT (see help for explanation):

 lam_A  lam_B      DG   +/-     s_A   +/-     s_B   +/-   stdev   +/- 
     0      1    1.10  0.09    0.82  0.08    0.86  0.08    1.35  0.04
     1      2    1.59  0.17    2.31  0.19    1.81  0.12    2.31  0.09
     2      3    0.16  0.13    2.52  0.17    1.37  0.10    2.02  0.09
     3      4   -0.75  0.08    1.45  0.10    0.89  0.06    1.48  0.05
     4      5   -1.16  0.04    0.83  0.03    0.52  0.03    1.18  0.01
     5      6   -1.27  0.06    0.98  0.04    0.62  0.02    1.23  0.02
     6      7   -1.50  0.04    0.79  0.06    0.48  0.04    1.09  0.02
     7      8   -1.70  0.02    0.77  0.02    0.50  0.02    1.05  0.01
     8      9   -1.84  0.04    0.56  0.01    0.35  0.02    0.95  0.01
     9     10   -1.87  0.02    0.54  0.03    0.34  0.02    0.89  0.01
    10     11   -0.06  0.02    0.04  0.02    0.04  0.02    0.27  0.02
    11     12   -0.22  0.02    0.12  0.04    0.12  0.04    0.35  0.01
    12     13   -0.34  0.03    0.01  0.07    0.01  0.07    0.36  0.03
    13     14   -0.62  0.09    0.26  0.14    0.32  0.15    0.63  0.08
    14     15   -1.20  0.10    0.27  0.25    0.34  0.26    0.93  0.06


Final results in kJ/mol:

point      0 -      1,   DG  2.72 +/-  0.21
point      1 -      2,   DG  3.95 +/-  0.43
point      2 -      3,   DG  0.40 +/-  0.32
point      3 -      4,   DG -1.86 +/-  0.19
point      4 -      5,   DG -2.89 +/-  0.09
point      5 -      6,   DG -3.14 +/-  0.14
point      6 -      7,   DG -3.72 +/-  0.10
point      7 -      8,   DG -4.21 +/-  0.04
point      8 -      9,   DG -4.56 +/-  0.10
point      9 -     10,   DG -4.63 +/-  0.05
point     10 -     11,   DG -0.15 +/-  0.06
point     11 -     12,   DG -0.54 +/-  0.05
point     12 -     13,   DG -0.85 +/-  0.08
point     13 -     14,   DG -1.53 +/-  0.22
point     14 -     15,   DG -2.99 +/-  0.25

total      0 -     15,   DG -23.99 +/-  0.97

