
md10.edr: 0.0 - 20001.0; lambda = (0, 0.9)
    foreign lambdas:
        delta H to (0, 0.8) (20001 pts)
        delta H to (0, 0.9) (20001 pts)
        delta H to (0, 1) (20001 pts)



md11.edr: 0.0 - 20001.0; lambda = (0, 1)
    foreign lambdas:
        delta H to (0, 0.9) (20001 pts)
        delta H to (0, 1) (20001 pts)
        delta H to (0.2, 1) (20001 pts)



md12.edr: 0.0 - 20001.0; lambda = (0.2, 1)
    foreign lambdas:
        delta H to (0, 1) (20001 pts)
        delta H to (0.2, 1) (20001 pts)
        delta H to (0.4, 1) (20001 pts)



md13.edr: 0.0 - 20001.0; lambda = (0.4, 1)
    foreign lambdas:
        delta H to (0.2, 1) (20001 pts)
        delta H to (0.4, 1) (20001 pts)
        delta H to (0.6, 1) (20001 pts)



md14.edr: 0.0 - 20001.0; lambda = (0.6, 1)
    foreign lambdas:
        delta H to (0.4, 1) (20001 pts)
        delta H to (0.6, 1) (20001 pts)
        delta H to (0.8, 1) (20001 pts)



md15.edr: 0.0 - 20001.0; lambda = (0.8, 1)
    foreign lambdas:
        delta H to (0.6, 1) (20001 pts)
        delta H to (0.8, 1) (20001 pts)
        delta H to (1, 1) (20001 pts)



md16.edr: 0.0 - 20001.0; lambda = (1, 1)
    foreign lambdas:
        delta H to (0.8, 1) (20001 pts)
        delta H to (1, 1) (20001 pts)



md1.edr: 0.0 - 20001.0; lambda = (0, 0)
    foreign lambdas:
        delta H to (0, 0) (20001 pts)
        delta H to (0, 0.1) (20001 pts)



md2.edr: 0.0 - 20001.0; lambda = (0, 0.1)
    foreign lambdas:
        delta H to (0, 0) (20001 pts)
        delta H to (0, 0.1) (20001 pts)
        delta H to (0, 0.2) (20001 pts)



md3.edr: 0.0 - 20001.0; lambda = (0, 0.2)
    foreign lambdas:
        delta H to (0, 0.1) (20001 pts)
        delta H to (0, 0.2) (20001 pts)
        delta H to (0, 0.3) (20001 pts)



md4.edr: 0.0 - 20001.0; lambda = (0, 0.3)
    foreign lambdas:
        delta H to (0, 0.2) (20001 pts)
        delta H to (0, 0.3) (20001 pts)
        delta H to (0, 0.4) (20001 pts)



md5.edr: 0.0 - 20001.0; lambda = (0, 0.4)
    foreign lambdas:
        delta H to (0, 0.3) (20001 pts)
        delta H to (0, 0.4) (20001 pts)
        delta H to (0, 0.5) (20001 pts)



md6.edr: 0.0 - 20001.0; lambda = (0, 0.5)
    foreign lambdas:
        delta H to (0, 0.4) (20001 pts)
        delta H to (0, 0.5) (20001 pts)
        delta H to (0, 0.6) (20001 pts)



md7.edr: 0.0 - 20001.0; lambda = (0, 0.6)
    foreign lambdas:
        delta H to (0, 0.5) (20001 pts)
        delta H to (0, 0.6) (20001 pts)
        delta H to (0, 0.7) (20001 pts)



md8.edr: 0.0 - 20001.0; lambda = (0, 0.7)
    foreign lambdas:
        delta H to (0, 0.6) (20001 pts)
        delta H to (0, 0.7) (20001 pts)
        delta H to (0, 0.8) (20001 pts)



md9.edr: 0.0 - 20001.0; lambda = (0, 0.8)
    foreign lambdas:
        delta H to (0, 0.7) (20001 pts)
        delta H to (0, 0.8) (20001 pts)
        delta H to (0, 0.9) (20001 pts)



   Samples in time interval: 0.000 - 20001.000
Removing samples outside of: 0.000 - 1000.000

Temperature: 298.15 K

Detailed results in kT (see help for explanation):

 lam_A  lam_B      DG   +/-     s_A   +/-     s_B   +/-   stdev   +/- 
     0      1    1.05  0.02    0.19  0.01    0.20  0.01    0.57  0.01
     1      2    3.08  0.03    0.60  0.02    0.70  0.02    1.19  0.01
     2      3    3.50  0.08    2.59  0.04    2.19  0.03    2.59  0.04
     3      4    1.41  0.06    2.66  0.11    1.49  0.06    2.13  0.04
     4      5    0.16  0.04    1.44  0.08    0.86  0.04    1.50  0.03
     5      6   -0.43  0.02    0.92  0.07    0.57  0.03    1.19  0.03
     6      7   -0.76  0.02    0.68  0.02    0.43  0.02    1.02  0.01
     7      8   -0.95  0.02    0.53  0.05    0.35  0.03    0.89  0.02
     8      9   -1.08  0.01    0.43  0.02    0.30  0.02    0.83  0.01
     9     10   -1.18  0.02    0.39  0.03    0.27  0.02    0.78  0.01
    10     11   -0.28  0.02    0.36  0.02    0.38  0.02    0.83  0.02
    11     12   -1.01  0.03    0.35  0.02    0.42  0.02    0.94  0.03
    12     13   -2.00  0.03    0.56  0.03    0.62  0.03    1.15  0.01
    13     14   -3.44  0.03    0.82  0.04    0.89  0.05    1.31  0.02
    14     15   -5.20  0.03    0.87  0.04    0.88  0.04    1.39  0.02


Final results in kJ/mol:

point      0 -      1,   DG  2.60 +/-  0.05
point      1 -      2,   DG  7.65 +/-  0.09
point      2 -      3,   DG  8.67 +/-  0.19
point      3 -      4,   DG  3.50 +/-  0.15
point      4 -      5,   DG  0.40 +/-  0.10
point      5 -      6,   DG -1.07 +/-  0.06
point      6 -      7,   DG -1.88 +/-  0.05
point      7 -      8,   DG -2.35 +/-  0.05
point      8 -      9,   DG -2.67 +/-  0.04
point      9 -     10,   DG -2.92 +/-  0.06
point     10 -     11,   DG -0.70 +/-  0.05
point     11 -     12,   DG -2.51 +/-  0.07
point     12 -     13,   DG -4.96 +/-  0.06
point     13 -     14,   DG -8.53 +/-  0.08
point     14 -     15,   DG -12.88 +/-  0.09

total      0 -     15,   DG -17.66 +/-  0.64

