
md10.edr: 0.0 - 20001.0; lambda = (0, 0.9)
    foreign lambdas:
        delta H to (0, 0.8) (20001 pts)
        delta H to (0, 0.9) (20001 pts)
        delta H to (0, 1) (20001 pts)



md11.edr: 0.0 - 20001.0; lambda = (0, 1)
    foreign lambdas:
        delta H to (0, 0.9) (20001 pts)
        delta H to (0, 1) (20001 pts)
        delta H to (0.2, 1) (20001 pts)



md12.edr: 0.0 - 20001.0; lambda = (0.2, 1)
    foreign lambdas:
        delta H to (0, 1) (20001 pts)
        delta H to (0.2, 1) (20001 pts)
        delta H to (0.4, 1) (20001 pts)



md13.edr: 0.0 - 20001.0; lambda = (0.4, 1)
    foreign lambdas:
        delta H to (0.2, 1) (20001 pts)
        delta H to (0.4, 1) (20001 pts)
        delta H to (0.6, 1) (20001 pts)



md14.edr: 0.0 - 20001.0; lambda = (0.6, 1)
    foreign lambdas:
        delta H to (0.4, 1) (20001 pts)
        delta H to (0.6, 1) (20001 pts)
        delta H to (0.8, 1) (20001 pts)



md15.edr: 0.0 - 20001.0; lambda = (0.8, 1)
    foreign lambdas:
        delta H to (0.6, 1) (20001 pts)
        delta H to (0.8, 1) (20001 pts)
        delta H to (1, 1) (20001 pts)



md16.edr: 0.0 - 20001.0; lambda = (1, 1)
    foreign lambdas:
        delta H to (0.8, 1) (20001 pts)
        delta H to (1, 1) (20001 pts)



md1.edr: 0.0 - 20001.0; lambda = (0, 0)
    foreign lambdas:
        delta H to (0, 0) (20001 pts)
        delta H to (0, 0.1) (20001 pts)



md2.edr: 0.0 - 20001.0; lambda = (0, 0.1)
    foreign lambdas:
        delta H to (0, 0) (20001 pts)
        delta H to (0, 0.1) (20001 pts)
        delta H to (0, 0.2) (20001 pts)



md3.edr: 0.0 - 20001.0; lambda = (0, 0.2)
    foreign lambdas:
        delta H to (0, 0.1) (20001 pts)
        delta H to (0, 0.2) (20001 pts)
        delta H to (0, 0.3) (20001 pts)



md4.edr: 0.0 - 20001.0; lambda = (0, 0.3)
    foreign lambdas:
        delta H to (0, 0.2) (20001 pts)
        delta H to (0, 0.3) (20001 pts)
        delta H to (0, 0.4) (20001 pts)



md5.edr: 0.0 - 20001.0; lambda = (0, 0.4)
    foreign lambdas:
        delta H to (0, 0.3) (20001 pts)
        delta H to (0, 0.4) (20001 pts)
        delta H to (0, 0.5) (20001 pts)



md6.edr: 0.0 - 20001.0; lambda = (0, 0.5)
    foreign lambdas:
        delta H to (0, 0.4) (20001 pts)
        delta H to (0, 0.5) (20001 pts)
        delta H to (0, 0.6) (20001 pts)



md7.edr: 0.0 - 20001.0; lambda = (0, 0.6)
    foreign lambdas:
        delta H to (0, 0.5) (20001 pts)
        delta H to (0, 0.6) (20001 pts)
        delta H to (0, 0.7) (20001 pts)



md8.edr: 0.0 - 20001.0; lambda = (0, 0.7)
    foreign lambdas:
        delta H to (0, 0.6) (20001 pts)
        delta H to (0, 0.7) (20001 pts)
        delta H to (0, 0.8) (20001 pts)



md9.edr: 0.0 - 20001.0; lambda = (0, 0.8)
    foreign lambdas:
        delta H to (0, 0.7) (20001 pts)
        delta H to (0, 0.8) (20001 pts)
        delta H to (0, 0.9) (20001 pts)



   Samples in time interval: 0.000 - 20001.000
Removing samples outside of: 0.000 - 2000.000

Temperature: 298.15 K

Detailed results in kT (see help for explanation):

 lam_A  lam_B      DG   +/-     s_A   +/-     s_B   +/-   stdev   +/- 
     0      1    1.05  0.01    0.18  0.01    0.20  0.01    0.57  0.00
     1      2    3.02  0.02    0.66  0.03    0.76  0.03    1.23  0.01
     2      3    3.34  0.05    2.54  0.04    2.10  0.05    2.53  0.03
     3      4    1.38  0.03    2.59  0.05    1.45  0.02    2.07  0.02
     4      5    0.16  0.02    1.45  0.06    0.87  0.02    1.51  0.01
     5      6   -0.44  0.02    0.92  0.03    0.55  0.02    1.18  0.03
     6      7   -0.74  0.02    0.68  0.02    0.43  0.01    1.02  0.01
     7      8   -0.94  0.01    0.55  0.03    0.36  0.01    0.90  0.01
     8      9   -1.08  0.01    0.43  0.01    0.29  0.01    0.82  0.00
     9     10   -1.17  0.01    0.38  0.01    0.27  0.01    0.78  0.01
    10     11   -0.28  0.01    0.35  0.01    0.37  0.01    0.82  0.01
    11     12   -1.01  0.02    0.36  0.02    0.42  0.02    0.93  0.02
    12     13   -2.00  0.03    0.58  0.02    0.64  0.03    1.15  0.01
    13     14   -3.44  0.01    0.80  0.03    0.84  0.04    1.30  0.01
    14     15   -5.14  0.03    0.86  0.02    0.88  0.02    1.38  0.01


Final results in kJ/mol:

point      0 -      1,   DG  2.60 +/-  0.02
point      1 -      2,   DG  7.49 +/-  0.05
point      2 -      3,   DG  8.28 +/-  0.13
point      3 -      4,   DG  3.41 +/-  0.07
point      4 -      5,   DG  0.41 +/-  0.05
point      5 -      6,   DG -1.08 +/-  0.06
point      6 -      7,   DG -1.83 +/-  0.05
point      7 -      8,   DG -2.34 +/-  0.02
point      8 -      9,   DG -2.67 +/-  0.02
point      9 -     10,   DG -2.91 +/-  0.03
point     10 -     11,   DG -0.69 +/-  0.03
point     11 -     12,   DG -2.49 +/-  0.06
point     12 -     13,   DG -4.97 +/-  0.07
point     13 -     14,   DG -8.54 +/-  0.02
point     14 -     15,   DG -12.75 +/-  0.09

total      0 -     15,   DG -18.08 +/-  0.10

