
md10.edr: 0.0 - 20001.0; lambda = (0, 0.9)
    foreign lambdas:
        delta H to (0, 0.8) (20001 pts)
        delta H to (0, 0.9) (20001 pts)
        delta H to (0, 1) (20001 pts)



md11.edr: 0.0 - 20001.0; lambda = (0, 1)
    foreign lambdas:
        delta H to (0, 0.9) (20001 pts)
        delta H to (0, 1) (20001 pts)
        delta H to (0.2, 1) (20001 pts)



md12.edr: 0.0 - 20001.0; lambda = (0.2, 1)
    foreign lambdas:
        delta H to (0, 1) (20001 pts)
        delta H to (0.2, 1) (20001 pts)
        delta H to (0.4, 1) (20001 pts)



md13.edr: 0.0 - 20001.0; lambda = (0.4, 1)
    foreign lambdas:
        delta H to (0.2, 1) (20001 pts)
        delta H to (0.4, 1) (20001 pts)
        delta H to (0.6, 1) (20001 pts)



md14.edr: 0.0 - 20001.0; lambda = (0.6, 1)
    foreign lambdas:
        delta H to (0.4, 1) (20001 pts)
        delta H to (0.6, 1) (20001 pts)
        delta H to (0.8, 1) (20001 pts)



md15.edr: 0.0 - 20001.0; lambda = (0.8, 1)
    foreign lambdas:
        delta H to (0.6, 1) (20001 pts)
        delta H to (0.8, 1) (20001 pts)
        delta H to (1, 1) (20001 pts)



md16.edr: 0.0 - 20001.0; lambda = (1, 1)
    foreign lambdas:
        delta H to (0.8, 1) (20001 pts)
        delta H to (1, 1) (20001 pts)



md1.edr: 0.0 - 20001.0; lambda = (0, 0)
    foreign lambdas:
        delta H to (0, 0) (20001 pts)
        delta H to (0, 0.1) (20001 pts)



md2.edr: 0.0 - 20001.0; lambda = (0, 0.1)
    foreign lambdas:
        delta H to (0, 0) (20001 pts)
        delta H to (0, 0.1) (20001 pts)
        delta H to (0, 0.2) (20001 pts)



md3.edr: 0.0 - 20001.0; lambda = (0, 0.2)
    foreign lambdas:
        delta H to (0, 0.1) (20001 pts)
        delta H to (0, 0.2) (20001 pts)
        delta H to (0, 0.3) (20001 pts)



md4.edr: 0.0 - 20001.0; lambda = (0, 0.3)
    foreign lambdas:
        delta H to (0, 0.2) (20001 pts)
        delta H to (0, 0.3) (20001 pts)
        delta H to (0, 0.4) (20001 pts)



md5.edr: 0.0 - 20001.0; lambda = (0, 0.4)
    foreign lambdas:
        delta H to (0, 0.3) (20001 pts)
        delta H to (0, 0.4) (20001 pts)
        delta H to (0, 0.5) (20001 pts)



md6.edr: 0.0 - 20001.0; lambda = (0, 0.5)
    foreign lambdas:
        delta H to (0, 0.4) (20001 pts)
        delta H to (0, 0.5) (20001 pts)
        delta H to (0, 0.6) (20001 pts)



md7.edr: 0.0 - 20001.0; lambda = (0, 0.6)
    foreign lambdas:
        delta H to (0, 0.5) (20001 pts)
        delta H to (0, 0.6) (20001 pts)
        delta H to (0, 0.7) (20001 pts)



md8.edr: 0.0 - 20001.0; lambda = (0, 0.7)
    foreign lambdas:
        delta H to (0, 0.6) (20001 pts)
        delta H to (0, 0.7) (20001 pts)
        delta H to (0, 0.8) (20001 pts)



md9.edr: 0.0 - 20001.0; lambda = (0, 0.8)
    foreign lambdas:
        delta H to (0, 0.7) (20001 pts)
        delta H to (0, 0.8) (20001 pts)
        delta H to (0, 0.9) (20001 pts)



   Samples in time interval: 0.000 - 20001.000
Removing samples outside of: 0.000 - 1000.000

Temperature: 298.15 K

Detailed results in kT (see help for explanation):

 lam_A  lam_B      DG   +/-     s_A   +/-     s_B   +/-   stdev   +/- 
     0      1    1.05  0.02    0.15  0.02    0.16  0.02    0.57  0.01
     1      2    3.07  0.01    0.65  0.05    0.77  0.06    1.25  0.02
     2      3    3.25  0.09    2.68  0.06    2.13  0.08    2.58  0.05
     3      4    1.21  0.07    2.56  0.08    1.41  0.03    2.05  0.02
     4      5    0.03  0.03    1.35  0.06    0.79  0.04    1.41  0.03
     5      6   -0.48  0.03    0.84  0.03    0.54  0.03    1.13  0.01
     6      7   -0.79  0.02    0.65  0.03    0.42  0.03    0.99  0.01
     7      8   -0.98  0.01    0.49  0.03    0.32  0.02    0.87  0.02
     8      9   -1.09  0.01    0.41  0.03    0.28  0.02    0.81  0.01
     9     10   -1.19  0.02    0.38  0.02    0.27  0.02    0.77  0.01
    10     11   -0.32  0.03    0.33  0.02    0.36  0.02    0.82  0.02
    11     12   -1.08  0.03    0.41  0.02    0.47  0.02    0.95  0.01
    12     13   -2.16  0.05    0.60  0.04    0.66  0.04    1.15  0.03
    13     14   -3.61  0.07    0.79  0.04    0.84  0.04    1.28  0.02
    14     15   -5.35  0.07    0.90  0.01    0.91  0.01    1.40  0.02


Final results in kJ/mol:

point      0 -      1,   DG  2.59 +/-  0.05
point      1 -      2,   DG  7.61 +/-  0.03
point      2 -      3,   DG  8.07 +/-  0.23
point      3 -      4,   DG  3.00 +/-  0.18
point      4 -      5,   DG  0.07 +/-  0.07
point      5 -      6,   DG -1.20 +/-  0.07
point      6 -      7,   DG -1.97 +/-  0.04
point      7 -      8,   DG -2.43 +/-  0.03
point      8 -      9,   DG -2.70 +/-  0.03
point      9 -     10,   DG -2.94 +/-  0.06
point     10 -     11,   DG -0.78 +/-  0.07
point     11 -     12,   DG -2.68 +/-  0.06
point     12 -     13,   DG -5.36 +/-  0.13
point     13 -     14,   DG -8.95 +/-  0.17
point     14 -     15,   DG -13.26 +/-  0.17

total      0 -     15,   DG -20.93 +/-  0.63

