
md10.edr: 0.0 - 20001.0; lambda = (0, 0.9)
    foreign lambdas:
        delta H to (0, 0.8) (20001 pts)
        delta H to (0, 0.9) (20001 pts)
        delta H to (0, 1) (20001 pts)



md11.edr: 0.0 - 20001.0; lambda = (0, 1)
    foreign lambdas:
        delta H to (0, 0.9) (20001 pts)
        delta H to (0, 1) (20001 pts)
        delta H to (0.2, 1) (20001 pts)



md12.edr: 0.0 - 20001.0; lambda = (0.2, 1)
    foreign lambdas:
        delta H to (0, 1) (20001 pts)
        delta H to (0.2, 1) (20001 pts)
        delta H to (0.4, 1) (20001 pts)



md13.edr: 0.0 - 20001.0; lambda = (0.4, 1)
    foreign lambdas:
        delta H to (0.2, 1) (20001 pts)
        delta H to (0.4, 1) (20001 pts)
        delta H to (0.6, 1) (20001 pts)



md14.edr: 0.0 - 20001.0; lambda = (0.6, 1)
    foreign lambdas:
        delta H to (0.4, 1) (20001 pts)
        delta H to (0.6, 1) (20001 pts)
        delta H to (0.8, 1) (20001 pts)



md15.edr: 0.0 - 20001.0; lambda = (0.8, 1)
    foreign lambdas:
        delta H to (0.6, 1) (20001 pts)
        delta H to (0.8, 1) (20001 pts)
        delta H to (1, 1) (20001 pts)



md16.edr: 0.0 - 20001.0; lambda = (1, 1)
    foreign lambdas:
        delta H to (0.8, 1) (20001 pts)
        delta H to (1, 1) (20001 pts)



md1.edr: 0.0 - 20001.0; lambda = (0, 0)
    foreign lambdas:
        delta H to (0, 0) (20001 pts)
        delta H to (0, 0.1) (20001 pts)



md2.edr: 0.0 - 20001.0; lambda = (0, 0.1)
    foreign lambdas:
        delta H to (0, 0) (20001 pts)
        delta H to (0, 0.1) (20001 pts)
        delta H to (0, 0.2) (20001 pts)



md3.edr: 0.0 - 20001.0; lambda = (0, 0.2)
    foreign lambdas:
        delta H to (0, 0.1) (20001 pts)
        delta H to (0, 0.2) (20001 pts)
        delta H to (0, 0.3) (20001 pts)



md4.edr: 0.0 - 20001.0; lambda = (0, 0.3)
    foreign lambdas:
        delta H to (0, 0.2) (20001 pts)
        delta H to (0, 0.3) (20001 pts)
        delta H to (0, 0.4) (20001 pts)



md5.edr: 0.0 - 20001.0; lambda = (0, 0.4)
    foreign lambdas:
        delta H to (0, 0.3) (20001 pts)
        delta H to (0, 0.4) (20001 pts)
        delta H to (0, 0.5) (20001 pts)



md6.edr: 0.0 - 20001.0; lambda = (0, 0.5)
    foreign lambdas:
        delta H to (0, 0.4) (20001 pts)
        delta H to (0, 0.5) (20001 pts)
        delta H to (0, 0.6) (20001 pts)



md7.edr: 0.0 - 20001.0; lambda = (0, 0.6)
    foreign lambdas:
        delta H to (0, 0.5) (20001 pts)
        delta H to (0, 0.6) (20001 pts)
        delta H to (0, 0.7) (20001 pts)



md8.edr: 0.0 - 20001.0; lambda = (0, 0.7)
    foreign lambdas:
        delta H to (0, 0.6) (20001 pts)
        delta H to (0, 0.7) (20001 pts)
        delta H to (0, 0.8) (20001 pts)



md9.edr: 0.0 - 20001.0; lambda = (0, 0.8)
    foreign lambdas:
        delta H to (0, 0.7) (20001 pts)
        delta H to (0, 0.8) (20001 pts)
        delta H to (0, 0.9) (20001 pts)



   Samples in time interval: 0.000 - 20001.000
Removing samples outside of: 0.000 - 5000.000

Temperature: 298.15 K

Detailed results in kT (see help for explanation):

 lam_A  lam_B      DG   +/-     s_A   +/-     s_B   +/-   stdev   +/- 
     0      1    1.05  0.01    0.15  0.01    0.16  0.01    0.57  0.00
     1      2    3.07  0.03    0.67  0.02    0.79  0.02    1.24  0.01
     2      3    3.27  0.07    2.64  0.03    2.13  0.03    2.58  0.02
     3      4    1.25  0.04    2.54  0.06    1.40  0.03    2.04  0.03
     4      5    0.10  0.03    1.36  0.04    0.80  0.02    1.44  0.01
     5      6   -0.45  0.01    0.92  0.02    0.57  0.01    1.16  0.01
     6      7   -0.77  0.01    0.64  0.02    0.42  0.01    0.99  0.01
     7      8   -0.97  0.01    0.52  0.01    0.34  0.01    0.89  0.01
     8      9   -1.10  0.01    0.42  0.00    0.29  0.01    0.81  0.00
     9     10   -1.20  0.01    0.36  0.01    0.25  0.01    0.75  0.01
    10     11   -0.31  0.00    0.32  0.01    0.35  0.01    0.83  0.01
    11     12   -1.09  0.01    0.43  0.01    0.49  0.01    0.97  0.01
    12     13   -2.20  0.01    0.62  0.01    0.68  0.01    1.17  0.01
    13     14   -3.64  0.02    0.77  0.02    0.82  0.02    1.28  0.01
    14     15   -5.33  0.01    0.87  0.02    0.89  0.02    1.39  0.01


Final results in kJ/mol:

point      0 -      1,   DG  2.61 +/-  0.03
point      1 -      2,   DG  7.61 +/-  0.08
point      2 -      3,   DG  8.10 +/-  0.17
point      3 -      4,   DG  3.09 +/-  0.09
point      4 -      5,   DG  0.25 +/-  0.07
point      5 -      6,   DG -1.12 +/-  0.03
point      6 -      7,   DG -1.90 +/-  0.02
point      7 -      8,   DG -2.39 +/-  0.02
point      8 -      9,   DG -2.73 +/-  0.02
point      9 -     10,   DG -2.97 +/-  0.02
point     10 -     11,   DG -0.77 +/-  0.01
point     11 -     12,   DG -2.70 +/-  0.01
point     12 -     13,   DG -5.45 +/-  0.04
point     13 -     14,   DG -9.03 +/-  0.05
point     14 -     15,   DG -13.21 +/-  0.03

total      0 -     15,   DG -20.62 +/-  0.38

