
md10.edr: 0.0 - 20001.0; lambda = (0, 0.9)
    foreign lambdas:
        delta H to (0, 0.8) (20001 pts)
        delta H to (0, 0.9) (20001 pts)
        delta H to (0, 1) (20001 pts)



md11.edr: 0.0 - 20001.0; lambda = (0, 1)
    foreign lambdas:
        delta H to (0, 0.9) (20001 pts)
        delta H to (0, 1) (20001 pts)
        delta H to (0.2, 1) (20001 pts)



md12.edr: 0.0 - 20001.0; lambda = (0.2, 1)
    foreign lambdas:
        delta H to (0, 1) (20001 pts)
        delta H to (0.2, 1) (20001 pts)
        delta H to (0.4, 1) (20001 pts)



md13.edr: 0.0 - 20001.0; lambda = (0.4, 1)
    foreign lambdas:
        delta H to (0.2, 1) (20001 pts)
        delta H to (0.4, 1) (20001 pts)
        delta H to (0.6, 1) (20001 pts)



md14.edr: 0.0 - 20001.0; lambda = (0.6, 1)
    foreign lambdas:
        delta H to (0.4, 1) (20001 pts)
        delta H to (0.6, 1) (20001 pts)
        delta H to (0.8, 1) (20001 pts)



md15.edr: 0.0 - 20001.0; lambda = (0.8, 1)
    foreign lambdas:
        delta H to (0.6, 1) (20001 pts)
        delta H to (0.8, 1) (20001 pts)
        delta H to (1, 1) (20001 pts)



md16.edr: 0.0 - 20001.0; lambda = (1, 1)
    foreign lambdas:
        delta H to (0.8, 1) (20001 pts)
        delta H to (1, 1) (20001 pts)



md1.edr: 0.0 - 20001.0; lambda = (0, 0)
    foreign lambdas:
        delta H to (0, 0) (20001 pts)
        delta H to (0, 0.1) (20001 pts)



md2.edr: 0.0 - 20001.0; lambda = (0, 0.1)
    foreign lambdas:
        delta H to (0, 0) (20001 pts)
        delta H to (0, 0.1) (20001 pts)
        delta H to (0, 0.2) (20001 pts)



md3.edr: 0.0 - 20001.0; lambda = (0, 0.2)
    foreign lambdas:
        delta H to (0, 0.1) (20001 pts)
        delta H to (0, 0.2) (20001 pts)
        delta H to (0, 0.3) (20001 pts)



md4.edr: 0.0 - 20001.0; lambda = (0, 0.3)
    foreign lambdas:
        delta H to (0, 0.2) (20001 pts)
        delta H to (0, 0.3) (20001 pts)
        delta H to (0, 0.4) (20001 pts)



md5.edr: 0.0 - 20001.0; lambda = (0, 0.4)
    foreign lambdas:
        delta H to (0, 0.3) (20001 pts)
        delta H to (0, 0.4) (20001 pts)
        delta H to (0, 0.5) (20001 pts)



md6.edr: 0.0 - 20001.0; lambda = (0, 0.5)
    foreign lambdas:
        delta H to (0, 0.4) (20001 pts)
        delta H to (0, 0.5) (20001 pts)
        delta H to (0, 0.6) (20001 pts)



md7.edr: 0.0 - 20001.0; lambda = (0, 0.6)
    foreign lambdas:
        delta H to (0, 0.5) (20001 pts)
        delta H to (0, 0.6) (20001 pts)
        delta H to (0, 0.7) (20001 pts)



md8.edr: 0.0 - 20001.0; lambda = (0, 0.7)
    foreign lambdas:
        delta H to (0, 0.6) (20001 pts)
        delta H to (0, 0.7) (20001 pts)
        delta H to (0, 0.8) (20001 pts)



md9.edr: 0.0 - 20001.0; lambda = (0, 0.8)
    foreign lambdas:
        delta H to (0, 0.7) (20001 pts)
        delta H to (0, 0.8) (20001 pts)
        delta H to (0, 0.9) (20001 pts)



   Samples in time interval: 0.000 - 20001.000
Removing samples outside of: 0.000 - 3000.000

Temperature: 298.15 K

Detailed results in kT (see help for explanation):

 lam_A  lam_B      DG   +/-     s_A   +/-     s_B   +/-   stdev   +/- 
     0      1    1.06  0.02    0.16  0.00    0.17  0.00    0.57  0.01
     1      2    3.08  0.03    0.66  0.02    0.77  0.02    1.24  0.01
     2      3    3.33  0.04    2.62  0.01    2.14  0.02    2.60  0.02
     3      4    1.28  0.03    2.60  0.03    1.43  0.01    2.07  0.02
     4      5    0.09  0.03    1.39  0.04    0.80  0.02    1.43  0.01
     5      6   -0.46  0.01    0.90  0.03    0.57  0.02    1.15  0.01
     6      7   -0.78  0.01    0.62  0.03    0.40  0.01    0.98  0.01
     7      8   -0.96  0.01    0.52  0.02    0.35  0.01    0.89  0.02
     8      9   -1.09  0.01    0.42  0.01    0.28  0.01    0.81  0.01
     9     10   -1.19  0.01    0.37  0.01    0.25  0.01    0.76  0.01
    10     11   -0.31  0.00    0.34  0.01    0.36  0.01    0.83  0.01
    11     12   -1.08  0.01    0.42  0.02    0.48  0.02    0.96  0.01
    12     13   -2.18  0.02    0.62  0.02    0.68  0.02    1.17  0.01
    13     14   -3.66  0.04    0.79  0.02    0.83  0.02    1.29  0.02
    14     15   -5.35  0.05    0.85  0.02    0.87  0.02    1.38  0.01


Final results in kJ/mol:

point      0 -      1,   DG  2.63 +/-  0.05
point      1 -      2,   DG  7.63 +/-  0.07
point      2 -      3,   DG  8.25 +/-  0.10
point      3 -      4,   DG  3.18 +/-  0.07
point      4 -      5,   DG  0.21 +/-  0.08
point      5 -      6,   DG -1.15 +/-  0.03
point      6 -      7,   DG -1.93 +/-  0.02
point      7 -      8,   DG -2.38 +/-  0.03
point      8 -      9,   DG -2.71 +/-  0.02
point      9 -     10,   DG -2.95 +/-  0.03
point     10 -     11,   DG -0.76 +/-  0.01
point     11 -     12,   DG -2.68 +/-  0.02
point     12 -     13,   DG -5.42 +/-  0.05
point     13 -     14,   DG -9.07 +/-  0.09
point     14 -     15,   DG -13.25 +/-  0.12

total      0 -     15,   DG -20.42 +/-  0.32

