
md10.edr: 0.0 - 20001.0; lambda = (0, 0.9)
    foreign lambdas:
        delta H to (0, 0.8) (20001 pts)
        delta H to (0, 0.9) (20001 pts)
        delta H to (0, 1) (20001 pts)



md11.edr: 0.0 - 20001.0; lambda = (0, 1)
    foreign lambdas:
        delta H to (0, 0.9) (20001 pts)
        delta H to (0, 1) (20001 pts)
        delta H to (0.2, 1) (20001 pts)



md12.edr: 0.0 - 20001.0; lambda = (0.2, 1)
    foreign lambdas:
        delta H to (0, 1) (20001 pts)
        delta H to (0.2, 1) (20001 pts)
        delta H to (0.4, 1) (20001 pts)



md13.edr: 0.0 - 20001.0; lambda = (0.4, 1)
    foreign lambdas:
        delta H to (0.2, 1) (20001 pts)
        delta H to (0.4, 1) (20001 pts)
        delta H to (0.6, 1) (20001 pts)



md14.edr: 0.0 - 20001.0; lambda = (0.6, 1)
    foreign lambdas:
        delta H to (0.4, 1) (20001 pts)
        delta H to (0.6, 1) (20001 pts)
        delta H to (0.8, 1) (20001 pts)



md15.edr: 0.0 - 20001.0; lambda = (0.8, 1)
    foreign lambdas:
        delta H to (0.6, 1) (20001 pts)
        delta H to (0.8, 1) (20001 pts)
        delta H to (1, 1) (20001 pts)



md16.edr: 0.0 - 20001.0; lambda = (1, 1)
    foreign lambdas:
        delta H to (0.8, 1) (20001 pts)
        delta H to (1, 1) (20001 pts)



md1.edr: 0.0 - 20001.0; lambda = (0, 0)
    foreign lambdas:
        delta H to (0, 0) (20001 pts)
        delta H to (0, 0.1) (20001 pts)



md2.edr: 0.0 - 20001.0; lambda = (0, 0.1)
    foreign lambdas:
        delta H to (0, 0) (20001 pts)
        delta H to (0, 0.1) (20001 pts)
        delta H to (0, 0.2) (20001 pts)



md3.edr: 0.0 - 20001.0; lambda = (0, 0.2)
    foreign lambdas:
        delta H to (0, 0.1) (20001 pts)
        delta H to (0, 0.2) (20001 pts)
        delta H to (0, 0.3) (20001 pts)



md4.edr: 0.0 - 20001.0; lambda = (0, 0.3)
    foreign lambdas:
        delta H to (0, 0.2) (20001 pts)
        delta H to (0, 0.3) (20001 pts)
        delta H to (0, 0.4) (20001 pts)



md5.edr: 0.0 - 20001.0; lambda = (0, 0.4)
    foreign lambdas:
        delta H to (0, 0.3) (20001 pts)
        delta H to (0, 0.4) (20001 pts)
        delta H to (0, 0.5) (20001 pts)



md6.edr: 0.0 - 20001.0; lambda = (0, 0.5)
    foreign lambdas:
        delta H to (0, 0.4) (20001 pts)
        delta H to (0, 0.5) (20001 pts)
        delta H to (0, 0.6) (20001 pts)



md7.edr: 0.0 - 20001.0; lambda = (0, 0.6)
    foreign lambdas:
        delta H to (0, 0.5) (20001 pts)
        delta H to (0, 0.6) (20001 pts)
        delta H to (0, 0.7) (20001 pts)



md8.edr: 0.0 - 20001.0; lambda = (0, 0.7)
    foreign lambdas:
        delta H to (0, 0.6) (20001 pts)
        delta H to (0, 0.7) (20001 pts)
        delta H to (0, 0.8) (20001 pts)



md9.edr: 0.0 - 20001.0; lambda = (0, 0.8)
    foreign lambdas:
        delta H to (0, 0.7) (20001 pts)
        delta H to (0, 0.8) (20001 pts)
        delta H to (0, 0.9) (20001 pts)



   Samples in time interval: 0.000 - 20001.000
Removing samples outside of: 0.000 - 1000.000

Temperature: 298.15 K

Detailed results in kT (see help for explanation):

 lam_A  lam_B      DG   +/-     s_A   +/-     s_B   +/-   stdev   +/- 
     0      1    1.05  0.02    0.16  0.01    0.17  0.01    0.57  0.01
     1      2    3.09  0.03    0.64  0.04    0.74  0.03    1.23  0.02
     2      3    3.39  0.05    2.63  0.07    2.19  0.06    2.56  0.03
     3      4    1.31  0.02    2.58  0.10    1.42  0.04    2.08  0.04
     4      5    0.12  0.04    1.42  0.02    0.83  0.03    1.45  0.03
     5      6   -0.40  0.02    0.84  0.03    0.52  0.02    1.15  0.01
     6      7   -0.68  0.03    0.72  0.04    0.47  0.02    1.04  0.02
     7      8   -0.93  0.02    0.55  0.03    0.36  0.02    0.89  0.01
     8      9   -1.08  0.02    0.41  0.02    0.28  0.02    0.80  0.01
     9     10   -1.16  0.02    0.36  0.02    0.25  0.01    0.76  0.01
    10     11   -0.23  0.01    0.26  0.01    0.27  0.01    0.74  0.01
    11     12   -0.92  0.02    0.42  0.02    0.48  0.02    0.90  0.01
    12     13   -1.93  0.02    0.53  0.02    0.59  0.01    1.08  0.01
    13     14   -3.16  0.05    0.64  0.03    0.70  0.04    1.22  0.01
    14     15   -4.77  0.05    0.92  0.05    0.92  0.05    1.39  0.03


Final results in kJ/mol:

point      0 -      1,   DG  2.61 +/-  0.04
point      1 -      2,   DG  7.65 +/-  0.08
point      2 -      3,   DG  8.39 +/-  0.13
point      3 -      4,   DG  3.25 +/-  0.05
point      4 -      5,   DG  0.30 +/-  0.10
point      5 -      6,   DG -0.99 +/-  0.05
point      6 -      7,   DG -1.69 +/-  0.08
point      7 -      8,   DG -2.31 +/-  0.06
point      8 -      9,   DG -2.68 +/-  0.04
point      9 -     10,   DG -2.88 +/-  0.06
point     10 -     11,   DG -0.58 +/-  0.04
point     11 -     12,   DG -2.29 +/-  0.05
point     12 -     13,   DG -4.78 +/-  0.06
point     13 -     14,   DG -7.83 +/-  0.11
point     14 -     15,   DG -11.83 +/-  0.13

total      0 -     15,   DG -15.66 +/-  0.22

