
md10.edr: 0.0 - 50001.0; lambda = (0, 0.9)
    foreign lambdas:
        delta H to (0, 0.8) (50001 pts)
        delta H to (0, 0.9) (50001 pts)
        delta H to (0, 1) (50001 pts)



md11.edr: 0.0 - 50001.0; lambda = (0, 1)
    foreign lambdas:
        delta H to (0, 0.9) (50001 pts)
        delta H to (0, 1) (50001 pts)
        delta H to (0.2, 1) (50001 pts)



md12.edr: 0.0 - 50001.0; lambda = (0.2, 1)
    foreign lambdas:
        delta H to (0, 1) (50001 pts)
        delta H to (0.2, 1) (50001 pts)
        delta H to (0.4, 1) (50001 pts)



md13.edr: 0.0 - 50001.0; lambda = (0.4, 1)
    foreign lambdas:
        delta H to (0.2, 1) (50001 pts)
        delta H to (0.4, 1) (50001 pts)
        delta H to (0.6, 1) (50001 pts)



md14.edr: 0.0 - 50001.0; lambda = (0.6, 1)
    foreign lambdas:
        delta H to (0.4, 1) (50001 pts)
        delta H to (0.6, 1) (50001 pts)
        delta H to (0.8, 1) (50001 pts)



md15.edr: 0.0 - 50001.0; lambda = (0.8, 1)
    foreign lambdas:
        delta H to (0.6, 1) (50001 pts)
        delta H to (0.8, 1) (50001 pts)
        delta H to (1, 1) (50001 pts)



md16.edr: 0.0 - 50001.0; lambda = (1, 1)
    foreign lambdas:
        delta H to (0.8, 1) (50001 pts)
        delta H to (1, 1) (50001 pts)



md1.edr: 0.0 - 50001.0; lambda = (0, 0)
    foreign lambdas:
        delta H to (0, 0) (50001 pts)
        delta H to (0, 0.1) (50001 pts)



md2.edr: 0.0 - 50001.0; lambda = (0, 0.1)
    foreign lambdas:
        delta H to (0, 0) (50001 pts)
        delta H to (0, 0.1) (50001 pts)
        delta H to (0, 0.2) (50001 pts)



md3.edr: 0.0 - 50001.0; lambda = (0, 0.2)
    foreign lambdas:
        delta H to (0, 0.1) (50001 pts)
        delta H to (0, 0.2) (50001 pts)
        delta H to (0, 0.3) (50001 pts)



md4.edr: 0.0 - 50001.0; lambda = (0, 0.3)
    foreign lambdas:
        delta H to (0, 0.2) (50001 pts)
        delta H to (0, 0.3) (50001 pts)
        delta H to (0, 0.4) (50001 pts)



md5.edr: 0.0 - 50001.0; lambda = (0, 0.4)
    foreign lambdas:
        delta H to (0, 0.3) (50001 pts)
        delta H to (0, 0.4) (50001 pts)
        delta H to (0, 0.5) (50001 pts)



md6.edr: 0.0 - 50001.0; lambda = (0, 0.5)
    foreign lambdas:
        delta H to (0, 0.4) (50001 pts)
        delta H to (0, 0.5) (50001 pts)
        delta H to (0, 0.6) (50001 pts)



md7.edr: 0.0 - 50001.0; lambda = (0, 0.6)
    foreign lambdas:
        delta H to (0, 0.5) (50001 pts)
        delta H to (0, 0.6) (50001 pts)
        delta H to (0, 0.7) (50001 pts)



md8.edr: 0.0 - 50001.0; lambda = (0, 0.7)
    foreign lambdas:
        delta H to (0, 0.6) (50001 pts)
        delta H to (0, 0.7) (50001 pts)
        delta H to (0, 0.8) (50001 pts)



md9.edr: 0.0 - 50001.0; lambda = (0, 0.8)
    foreign lambdas:
        delta H to (0, 0.7) (50001 pts)
        delta H to (0, 0.8) (50001 pts)
        delta H to (0, 0.9) (50001 pts)



   Samples in time interval: 0.000 - 50001.000
Removing samples outside of: 0.000 - 3000.000

Temperature: 298.15 K

Detailed results in kT (see help for explanation):

 lam_A  lam_B      DG   +/-     s_A   +/-     s_B   +/-   stdev   +/- 
     0      1    1.14  0.04    0.83  0.01    0.89  0.01    1.36  0.01
     1      2    1.49  0.05    2.47  0.08    1.87  0.06    2.36  0.05
     2      3    0.13  0.09    2.28  0.12    1.30  0.07    1.95  0.07
     3      4   -0.59  0.04    1.43  0.08    0.89  0.05    1.53  0.04
     4      5   -1.02  0.02    1.16  0.04    0.73  0.03    1.34  0.01
     5      6   -1.33  0.01    0.95  0.03    0.62  0.01    1.20  0.01
     6      7   -1.56  0.02    0.78  0.02    0.52  0.01    1.10  0.01
     7      8   -1.72  0.01    0.70  0.03    0.43  0.01    1.02  0.01
     8      9   -1.84  0.01    0.62  0.03    0.39  0.03    0.95  0.02
     9     10   -1.93  0.01    0.53  0.02    0.36  0.02    0.90  0.01
    10     11   -0.09  0.01    0.07  0.01    0.07  0.01    0.35  0.01
    11     12   -0.22  0.01    0.06  0.02    0.06  0.02    0.37  0.01
    12     13   -0.38  0.01    0.09  0.04    0.11  0.04    0.45  0.01
    13     14   -0.58  0.06    0.09  0.04    0.12  0.05    0.54  0.03
    14     15   -1.37  0.10    0.67  0.08    0.79  0.09    1.05  0.05


Final results in kJ/mol:

point      0 -      1,   DG  2.82 +/-  0.09
point      1 -      2,   DG  3.71 +/-  0.13
point      2 -      3,   DG  0.33 +/-  0.22
point      3 -      4,   DG -1.47 +/-  0.11
point      4 -      5,   DG -2.52 +/-  0.05
point      5 -      6,   DG -3.30 +/-  0.03
point      6 -      7,   DG -3.86 +/-  0.05
point      7 -      8,   DG -4.26 +/-  0.02
point      8 -      9,   DG -4.56 +/-  0.03
point      9 -     10,   DG -4.79 +/-  0.02
point     10 -     11,   DG -0.23 +/-  0.03
point     11 -     12,   DG -0.55 +/-  0.04
point     12 -     13,   DG -0.94 +/-  0.04
point     13 -     14,   DG -1.44 +/-  0.14
point     14 -     15,   DG -3.40 +/-  0.24

total      0 -     15,   DG -24.48 +/-  0.74

