
md10.edr: 0.0 - 50001.0; lambda = (0, 0.9)
    foreign lambdas:
        delta H to (0, 0.8) (50001 pts)
        delta H to (0, 0.9) (50001 pts)
        delta H to (0, 1) (50001 pts)



md11.edr: 0.0 - 50001.0; lambda = (0, 1)
    foreign lambdas:
        delta H to (0, 0.9) (50001 pts)
        delta H to (0, 1) (50001 pts)
        delta H to (0.2, 1) (50001 pts)



md12.edr: 0.0 - 50001.0; lambda = (0.2, 1)
    foreign lambdas:
        delta H to (0, 1) (50001 pts)
        delta H to (0.2, 1) (50001 pts)
        delta H to (0.4, 1) (50001 pts)



md13.edr: 0.0 - 50001.0; lambda = (0.4, 1)
    foreign lambdas:
        delta H to (0.2, 1) (50001 pts)
        delta H to (0.4, 1) (50001 pts)
        delta H to (0.6, 1) (50001 pts)



md14.edr: 0.0 - 50001.0; lambda = (0.6, 1)
    foreign lambdas:
        delta H to (0.4, 1) (50001 pts)
        delta H to (0.6, 1) (50001 pts)
        delta H to (0.8, 1) (50001 pts)



md15.edr: 0.0 - 50001.0; lambda = (0.8, 1)
    foreign lambdas:
        delta H to (0.6, 1) (50001 pts)
        delta H to (0.8, 1) (50001 pts)
        delta H to (1, 1) (50001 pts)



md16.edr: 0.0 - 50001.0; lambda = (1, 1)
    foreign lambdas:
        delta H to (0.8, 1) (50001 pts)
        delta H to (1, 1) (50001 pts)



md1.edr: 0.0 - 50001.0; lambda = (0, 0)
    foreign lambdas:
        delta H to (0, 0) (50001 pts)
        delta H to (0, 0.1) (50001 pts)



md2.edr: 0.0 - 50001.0; lambda = (0, 0.1)
    foreign lambdas:
        delta H to (0, 0) (50001 pts)
        delta H to (0, 0.1) (50001 pts)
        delta H to (0, 0.2) (50001 pts)



md3.edr: 0.0 - 50001.0; lambda = (0, 0.2)
    foreign lambdas:
        delta H to (0, 0.1) (50001 pts)
        delta H to (0, 0.2) (50001 pts)
        delta H to (0, 0.3) (50001 pts)



md4.edr: 0.0 - 50001.0; lambda = (0, 0.3)
    foreign lambdas:
        delta H to (0, 0.2) (50001 pts)
        delta H to (0, 0.3) (50001 pts)
        delta H to (0, 0.4) (50001 pts)



md5.edr: 0.0 - 50001.0; lambda = (0, 0.4)
    foreign lambdas:
        delta H to (0, 0.3) (50001 pts)
        delta H to (0, 0.4) (50001 pts)
        delta H to (0, 0.5) (50001 pts)



md6.edr: 0.0 - 50001.0; lambda = (0, 0.5)
    foreign lambdas:
        delta H to (0, 0.4) (50001 pts)
        delta H to (0, 0.5) (50001 pts)
        delta H to (0, 0.6) (50001 pts)



md7.edr: 0.0 - 50001.0; lambda = (0, 0.6)
    foreign lambdas:
        delta H to (0, 0.5) (50001 pts)
        delta H to (0, 0.6) (50001 pts)
        delta H to (0, 0.7) (50001 pts)



md8.edr: 0.0 - 50001.0; lambda = (0, 0.7)
    foreign lambdas:
        delta H to (0, 0.6) (50001 pts)
        delta H to (0, 0.7) (50001 pts)
        delta H to (0, 0.8) (50001 pts)



md9.edr: 0.0 - 50001.0; lambda = (0, 0.8)
    foreign lambdas:
        delta H to (0, 0.7) (50001 pts)
        delta H to (0, 0.8) (50001 pts)
        delta H to (0, 0.9) (50001 pts)



   Samples in time interval: 0.000 - 50001.000
Removing samples outside of: 0.000 - 1000.000

Temperature: 298.15 K

Detailed results in kT (see help for explanation):

 lam_A  lam_B      DG   +/-     s_A   +/-     s_B   +/-   stdev   +/- 
     0      1    1.12  0.03    0.82  0.02    0.88  0.02    1.35  0.02
     1      2    1.48  0.07    2.49  0.11    1.89  0.06    2.39  0.06
     2      3    0.02  0.08    2.31  0.17    1.32  0.08    1.94  0.08
     3      4   -0.67  0.09    1.24  0.11    0.78  0.06    1.45  0.06
     4      5   -0.97  0.04    1.21  0.08    0.76  0.04    1.36  0.03
     5      6   -1.32  0.02    0.95  0.05    0.62  0.04    1.20  0.02
     6      7   -1.59  0.02    0.76  0.03    0.52  0.02    1.09  0.01
     7      8   -1.72  0.03    0.68  0.05    0.41  0.02    1.01  0.02
     8      9   -1.84  0.04    0.56  0.06    0.36  0.04    0.91  0.03
     9     10   -1.91  0.02    0.50  0.04    0.34  0.03    0.88  0.02
    10     11   -0.09  0.02    0.06  0.01    0.06  0.01    0.31  0.02
    11     12   -0.22  0.04    0.08  0.03    0.08  0.03    0.37  0.02
    12     13   -0.38  0.05    0.08  0.08    0.09  0.08    0.45  0.03
    13     14   -0.59  0.05    0.12  0.10    0.14  0.10    0.52  0.02
    14     15   -1.39  0.18    0.66  0.15    0.80  0.16    1.06  0.10


Final results in kJ/mol:

point      0 -      1,   DG  2.79 +/-  0.06
point      1 -      2,   DG  3.67 +/-  0.18
point      2 -      3,   DG  0.05 +/-  0.21
point      3 -      4,   DG -1.67 +/-  0.22
point      4 -      5,   DG -2.41 +/-  0.10
point      5 -      6,   DG -3.28 +/-  0.05
point      6 -      7,   DG -3.93 +/-  0.05
point      7 -      8,   DG -4.27 +/-  0.07
point      8 -      9,   DG -4.56 +/-  0.10
point      9 -     10,   DG -4.73 +/-  0.05
point     10 -     11,   DG -0.21 +/-  0.04
point     11 -     12,   DG -0.55 +/-  0.09
point     12 -     13,   DG -0.94 +/-  0.12
point     13 -     14,   DG -1.47 +/-  0.12
point     14 -     15,   DG -3.44 +/-  0.45

total      0 -     15,   DG -24.95 +/-  0.63

