
md10.edr: 0.0 - 50001.0; lambda = (0, 0.9)
    foreign lambdas:
        delta H to (0, 0.8) (50001 pts)
        delta H to (0, 0.9) (50001 pts)
        delta H to (0, 1) (50001 pts)



md11.edr: 0.0 - 50001.0; lambda = (0, 1)
    foreign lambdas:
        delta H to (0, 0.9) (50001 pts)
        delta H to (0, 1) (50001 pts)
        delta H to (0.2, 1) (50001 pts)



md12.edr: 0.0 - 50001.0; lambda = (0.2, 1)
    foreign lambdas:
        delta H to (0, 1) (50001 pts)
        delta H to (0.2, 1) (50001 pts)
        delta H to (0.4, 1) (50001 pts)



md13.edr: 0.0 - 50001.0; lambda = (0.4, 1)
    foreign lambdas:
        delta H to (0.2, 1) (50001 pts)
        delta H to (0.4, 1) (50001 pts)
        delta H to (0.6, 1) (50001 pts)



md14.edr: 0.0 - 50001.0; lambda = (0.6, 1)
    foreign lambdas:
        delta H to (0.4, 1) (50001 pts)
        delta H to (0.6, 1) (50001 pts)
        delta H to (0.8, 1) (50001 pts)



md15.edr: 0.0 - 50001.0; lambda = (0.8, 1)
    foreign lambdas:
        delta H to (0.6, 1) (50001 pts)
        delta H to (0.8, 1) (50001 pts)
        delta H to (1, 1) (50001 pts)



md16.edr: 0.0 - 50001.0; lambda = (1, 1)
    foreign lambdas:
        delta H to (0.8, 1) (50001 pts)
        delta H to (1, 1) (50001 pts)



md1.edr: 0.0 - 50001.0; lambda = (0, 0)
    foreign lambdas:
        delta H to (0, 0) (50001 pts)
        delta H to (0, 0.1) (50001 pts)



md2.edr: 0.0 - 50001.0; lambda = (0, 0.1)
    foreign lambdas:
        delta H to (0, 0) (50001 pts)
        delta H to (0, 0.1) (50001 pts)
        delta H to (0, 0.2) (50001 pts)



md3.edr: 0.0 - 50001.0; lambda = (0, 0.2)
    foreign lambdas:
        delta H to (0, 0.1) (50001 pts)
        delta H to (0, 0.2) (50001 pts)
        delta H to (0, 0.3) (50001 pts)



md4.edr: 0.0 - 50001.0; lambda = (0, 0.3)
    foreign lambdas:
        delta H to (0, 0.2) (50001 pts)
        delta H to (0, 0.3) (50001 pts)
        delta H to (0, 0.4) (50001 pts)



md5.edr: 0.0 - 50001.0; lambda = (0, 0.4)
    foreign lambdas:
        delta H to (0, 0.3) (50001 pts)
        delta H to (0, 0.4) (50001 pts)
        delta H to (0, 0.5) (50001 pts)



md6.edr: 0.0 - 50001.0; lambda = (0, 0.5)
    foreign lambdas:
        delta H to (0, 0.4) (50001 pts)
        delta H to (0, 0.5) (50001 pts)
        delta H to (0, 0.6) (50001 pts)



md7.edr: 0.0 - 50001.0; lambda = (0, 0.6)
    foreign lambdas:
        delta H to (0, 0.5) (50001 pts)
        delta H to (0, 0.6) (50001 pts)
        delta H to (0, 0.7) (50001 pts)



md8.edr: 0.0 - 50001.0; lambda = (0, 0.7)
    foreign lambdas:
        delta H to (0, 0.6) (50001 pts)
        delta H to (0, 0.7) (50001 pts)
        delta H to (0, 0.8) (50001 pts)



md9.edr: 0.0 - 50001.0; lambda = (0, 0.8)
    foreign lambdas:
        delta H to (0, 0.7) (50001 pts)
        delta H to (0, 0.8) (50001 pts)
        delta H to (0, 0.9) (50001 pts)



   Samples in time interval: 0.000 - 50001.000
Removing samples outside of: 0.000 - 10000.000

Temperature: 298.15 K

Detailed results in kT (see help for explanation):

 lam_A  lam_B      DG   +/-     s_A   +/-     s_B   +/-   stdev   +/- 
     0      1    1.16  0.01    0.79  0.01    0.85  0.01    1.34  0.01
     1      2    1.57  0.03    2.52  0.04    1.92  0.04    2.41  0.02
     2      3    0.18  0.04    2.32  0.07    1.34  0.04    1.98  0.03
     3      4   -0.62  0.00    1.48  0.03    0.92  0.02    1.54  0.01
     4      5   -1.06  0.02    1.10  0.02    0.70  0.02    1.31  0.01
     5      6   -1.33  0.01    0.91  0.02    0.59  0.01    1.19  0.01
     6      7   -1.54  0.02    0.82  0.03    0.53  0.01    1.11  0.02
     7      8   -1.70  0.01    0.69  0.02    0.44  0.01    1.03  0.01
     8      9   -1.83  0.01    0.62  0.02    0.39  0.01    0.96  0.01
     9     10   -1.93  0.00    0.53  0.02    0.35  0.02    0.89  0.01
    10     11   -0.08  0.00    0.05  0.01    0.05  0.01    0.33  0.01
    11     12   -0.20  0.01    0.06  0.00    0.07  0.00    0.35  0.01
    12     13   -0.36  0.01    0.09  0.01    0.10  0.02    0.43  0.01
    13     14   -0.58  0.03    0.12  0.04    0.15  0.04    0.55  0.02
    14     15   -1.27  0.06    0.54  0.08    0.65  0.09    0.97  0.04


Final results in kJ/mol:

point      0 -      1,   DG  2.87 +/-  0.03
point      1 -      2,   DG  3.90 +/-  0.06
point      2 -      3,   DG  0.44 +/-  0.10
point      3 -      4,   DG -1.55 +/-  0.01
point      4 -      5,   DG -2.62 +/-  0.05
point      5 -      6,   DG -3.29 +/-  0.03
point      6 -      7,   DG -3.81 +/-  0.05
point      7 -      8,   DG -4.21 +/-  0.03
point      8 -      9,   DG -4.54 +/-  0.02
point      9 -     10,   DG -4.78 +/-  0.01
point     10 -     11,   DG -0.21 +/-  0.01
point     11 -     12,   DG -0.50 +/-  0.02
point     12 -     13,   DG -0.88 +/-  0.02
point     13 -     14,   DG -1.43 +/-  0.08
point     14 -     15,   DG -3.14 +/-  0.14

total      0 -     15,   DG -23.73 +/-  0.30

