
md10.edr: 0.0 - 50001.0; lambda = (0, 0.9)
    foreign lambdas:
        delta H to (0, 0.8) (50001 pts)
        delta H to (0, 0.9) (50001 pts)
        delta H to (0, 1) (50001 pts)



md11.edr: 0.0 - 50001.0; lambda = (0, 1)
    foreign lambdas:
        delta H to (0, 0.9) (50001 pts)
        delta H to (0, 1) (50001 pts)
        delta H to (0.2, 1) (50001 pts)



md12.edr: 0.0 - 50001.0; lambda = (0.2, 1)
    foreign lambdas:
        delta H to (0, 1) (50001 pts)
        delta H to (0.2, 1) (50001 pts)
        delta H to (0.4, 1) (50001 pts)



md13.edr: 0.0 - 50001.0; lambda = (0.4, 1)
    foreign lambdas:
        delta H to (0.2, 1) (50001 pts)
        delta H to (0.4, 1) (50001 pts)
        delta H to (0.6, 1) (50001 pts)



md14.edr: 0.0 - 50001.0; lambda = (0.6, 1)
    foreign lambdas:
        delta H to (0.4, 1) (50001 pts)
        delta H to (0.6, 1) (50001 pts)
        delta H to (0.8, 1) (50001 pts)



md15.edr: 0.0 - 50001.0; lambda = (0.8, 1)
    foreign lambdas:
        delta H to (0.6, 1) (50001 pts)
        delta H to (0.8, 1) (50001 pts)
        delta H to (1, 1) (50001 pts)



md16.edr: 0.0 - 50001.0; lambda = (1, 1)
    foreign lambdas:
        delta H to (0.8, 1) (50001 pts)
        delta H to (1, 1) (50001 pts)



md1.edr: 0.0 - 50001.0; lambda = (0, 0)
    foreign lambdas:
        delta H to (0, 0) (50001 pts)
        delta H to (0, 0.1) (50001 pts)



md2.edr: 0.0 - 50001.0; lambda = (0, 0.1)
    foreign lambdas:
        delta H to (0, 0) (50001 pts)
        delta H to (0, 0.1) (50001 pts)
        delta H to (0, 0.2) (50001 pts)



md3.edr: 0.0 - 50001.0; lambda = (0, 0.2)
    foreign lambdas:
        delta H to (0, 0.1) (50001 pts)
        delta H to (0, 0.2) (50001 pts)
        delta H to (0, 0.3) (50001 pts)



md4.edr: 0.0 - 50001.0; lambda = (0, 0.3)
    foreign lambdas:
        delta H to (0, 0.2) (50001 pts)
        delta H to (0, 0.3) (50001 pts)
        delta H to (0, 0.4) (50001 pts)



md5.edr: 0.0 - 50001.0; lambda = (0, 0.4)
    foreign lambdas:
        delta H to (0, 0.3) (50001 pts)
        delta H to (0, 0.4) (50001 pts)
        delta H to (0, 0.5) (50001 pts)



md6.edr: 0.0 - 50001.0; lambda = (0, 0.5)
    foreign lambdas:
        delta H to (0, 0.4) (50001 pts)
        delta H to (0, 0.5) (50001 pts)
        delta H to (0, 0.6) (50001 pts)



md7.edr: 0.0 - 50001.0; lambda = (0, 0.6)
    foreign lambdas:
        delta H to (0, 0.5) (50001 pts)
        delta H to (0, 0.6) (50001 pts)
        delta H to (0, 0.7) (50001 pts)



md8.edr: 0.0 - 50001.0; lambda = (0, 0.7)
    foreign lambdas:
        delta H to (0, 0.6) (50001 pts)
        delta H to (0, 0.7) (50001 pts)
        delta H to (0, 0.8) (50001 pts)



md9.edr: 0.0 - 50001.0; lambda = (0, 0.8)
    foreign lambdas:
        delta H to (0, 0.7) (50001 pts)
        delta H to (0, 0.8) (50001 pts)
        delta H to (0, 0.9) (50001 pts)



   Samples in time interval: 0.000 - 50001.000
Removing samples outside of: 0.000 - 2000.000

Temperature: 298.15 K

Detailed results in kT (see help for explanation):

 lam_A  lam_B      DG   +/-     s_A   +/-     s_B   +/-   stdev   +/- 
     0      1    1.11  0.07    0.81  0.04    0.87  0.03    1.35  0.03
     1      2    1.52  0.10    2.43  0.11    1.86  0.11    2.36  0.08
     2      3    0.12  0.09    2.35  0.09    1.34  0.06    1.96  0.06
     3      4   -0.63  0.04    1.37  0.10    0.84  0.06    1.50  0.04
     4      5   -1.00  0.03    1.18  0.04    0.76  0.03    1.35  0.01
     5      6   -1.32  0.01    0.93  0.02    0.61  0.02    1.20  0.01
     6      7   -1.55  0.02    0.80  0.03    0.53  0.01    1.11  0.01
     7      8   -1.72  0.01    0.69  0.03    0.43  0.01    1.02  0.01
     8      9   -1.84  0.02    0.63  0.04    0.40  0.03    0.96  0.03
     9     10   -1.92  0.01    0.50  0.02    0.33  0.02    0.88  0.01
    10     11   -0.10  0.01    0.07  0.00    0.07  0.01    0.33  0.02
    11     12   -0.22  0.02    0.05  0.02    0.06  0.02    0.36  0.02
    12     13   -0.37  0.04    0.09  0.04    0.10  0.04    0.44  0.03
    13     14   -0.62  0.03    0.15  0.08    0.18  0.08    0.55  0.03
    14     15   -1.47  0.13    0.67  0.09    0.79  0.10    1.05  0.05


Final results in kJ/mol:

point      0 -      1,   DG  2.74 +/-  0.18
point      1 -      2,   DG  3.76 +/-  0.25
point      2 -      3,   DG  0.29 +/-  0.22
point      3 -      4,   DG -1.55 +/-  0.09
point      4 -      5,   DG -2.47 +/-  0.06
point      5 -      6,   DG -3.26 +/-  0.03
point      6 -      7,   DG -3.84 +/-  0.06
point      7 -      8,   DG -4.26 +/-  0.04
point      8 -      9,   DG -4.56 +/-  0.05
point      9 -     10,   DG -4.77 +/-  0.02
point     10 -     11,   DG -0.25 +/-  0.03
point     11 -     12,   DG -0.56 +/-  0.05
point     12 -     13,   DG -0.92 +/-  0.11
point     13 -     14,   DG -1.55 +/-  0.07
point     14 -     15,   DG -3.64 +/-  0.32

total      0 -     15,   DG -24.83 +/-  0.73

