
md10.edr: 0.0 - 50001.0; lambda = (0, 0.9)
    foreign lambdas:
        delta H to (0, 0.8) (50001 pts)
        delta H to (0, 0.9) (50001 pts)
        delta H to (0, 1) (50001 pts)



md11.edr: 0.0 - 50001.0; lambda = (0, 1)
    foreign lambdas:
        delta H to (0, 0.9) (50001 pts)
        delta H to (0, 1) (50001 pts)
        delta H to (0.2, 1) (50001 pts)



md12.edr: 0.0 - 50001.0; lambda = (0.2, 1)
    foreign lambdas:
        delta H to (0, 1) (50001 pts)
        delta H to (0.2, 1) (50001 pts)
        delta H to (0.4, 1) (50001 pts)



md13.edr: 0.0 - 50001.0; lambda = (0.4, 1)
    foreign lambdas:
        delta H to (0.2, 1) (50001 pts)
        delta H to (0.4, 1) (50001 pts)
        delta H to (0.6, 1) (50001 pts)



md14.edr: 0.0 - 50001.0; lambda = (0.6, 1)
    foreign lambdas:
        delta H to (0.4, 1) (50001 pts)
        delta H to (0.6, 1) (50001 pts)
        delta H to (0.8, 1) (50001 pts)



md15.edr: 0.0 - 50001.0; lambda = (0.8, 1)
    foreign lambdas:
        delta H to (0.6, 1) (50001 pts)
        delta H to (0.8, 1) (50001 pts)
        delta H to (1, 1) (50001 pts)



md16.edr: 0.0 - 50001.0; lambda = (1, 1)
    foreign lambdas:
        delta H to (0.8, 1) (50001 pts)
        delta H to (1, 1) (50001 pts)



md1.edr: 0.0 - 50001.0; lambda = (0, 0)
    foreign lambdas:
        delta H to (0, 0) (50001 pts)
        delta H to (0, 0.1) (50001 pts)



md2.edr: 0.0 - 50001.0; lambda = (0, 0.1)
    foreign lambdas:
        delta H to (0, 0) (50001 pts)
        delta H to (0, 0.1) (50001 pts)
        delta H to (0, 0.2) (50001 pts)



md3.edr: 0.0 - 50001.0; lambda = (0, 0.2)
    foreign lambdas:
        delta H to (0, 0.1) (50001 pts)
        delta H to (0, 0.2) (50001 pts)
        delta H to (0, 0.3) (50001 pts)



md4.edr: 0.0 - 50001.0; lambda = (0, 0.3)
    foreign lambdas:
        delta H to (0, 0.2) (50001 pts)
        delta H to (0, 0.3) (50001 pts)
        delta H to (0, 0.4) (50001 pts)



md5.edr: 0.0 - 50001.0; lambda = (0, 0.4)
    foreign lambdas:
        delta H to (0, 0.3) (50001 pts)
        delta H to (0, 0.4) (50001 pts)
        delta H to (0, 0.5) (50001 pts)



md6.edr: 0.0 - 50001.0; lambda = (0, 0.5)
    foreign lambdas:
        delta H to (0, 0.4) (50001 pts)
        delta H to (0, 0.5) (50001 pts)
        delta H to (0, 0.6) (50001 pts)



md7.edr: 0.0 - 50001.0; lambda = (0, 0.6)
    foreign lambdas:
        delta H to (0, 0.5) (50001 pts)
        delta H to (0, 0.6) (50001 pts)
        delta H to (0, 0.7) (50001 pts)



md8.edr: 0.0 - 50001.0; lambda = (0, 0.7)
    foreign lambdas:
        delta H to (0, 0.6) (50001 pts)
        delta H to (0, 0.7) (50001 pts)
        delta H to (0, 0.8) (50001 pts)



md9.edr: 0.0 - 50001.0; lambda = (0, 0.8)
    foreign lambdas:
        delta H to (0, 0.7) (50001 pts)
        delta H to (0, 0.8) (50001 pts)
        delta H to (0, 0.9) (50001 pts)



   Samples in time interval: 0.000 - 50001.000
Removing samples outside of: 0.000 - 29000.000

Temperature: 298.15 K

Detailed results in kT (see help for explanation):

 lam_A  lam_B      DG   +/-     s_A   +/-     s_B   +/-   stdev   +/- 
     0      1    1.15  0.00    0.81  0.01    0.86  0.01    1.35  0.00
     1      2    1.56  0.01    2.50  0.02    1.92  0.01    2.41  0.01
     2      3    0.16  0.02    2.32  0.03    1.33  0.02    1.97  0.01
     3      4   -0.63  0.00    1.46  0.01    0.91  0.01    1.53  0.00
     4      5   -1.06  0.00    1.11  0.01    0.71  0.01    1.32  0.01
     5      6   -1.31  0.01    0.91  0.01    0.59  0.01    1.19  0.00
     6      7   -1.51  0.01    0.84  0.02    0.54  0.01    1.12  0.01
     7      8   -1.70  0.00    0.70  0.01    0.44  0.01    1.02  0.01
     8      9   -1.83  0.01    0.62  0.01    0.39  0.00    0.95  0.01
     9     10   -1.93  0.01    0.54  0.01    0.35  0.00    0.90  0.00
    10     11   -0.08  0.00    0.06  0.00    0.06  0.00    0.33  0.01
    11     12   -0.20  0.00    0.07  0.01    0.07  0.01    0.36  0.00
    12     13   -0.35  0.01    0.08  0.01    0.09  0.01    0.42  0.01
    13     14   -0.62  0.03    0.18  0.04    0.23  0.05    0.60  0.03
    14     15   -1.27  0.03    0.43  0.07    0.54  0.07    0.96  0.03


Final results in kJ/mol:

point      0 -      1,   DG  2.85 +/-  0.01
point      1 -      2,   DG  3.86 +/-  0.03
point      2 -      3,   DG  0.41 +/-  0.05
point      3 -      4,   DG -1.57 +/-  0.01
point      4 -      5,   DG -2.62 +/-  0.01
point      5 -      6,   DG -3.25 +/-  0.03
point      6 -      7,   DG -3.75 +/-  0.02
point      7 -      8,   DG -4.22 +/-  0.00
point      8 -      9,   DG -4.53 +/-  0.02
point      9 -     10,   DG -4.78 +/-  0.02
point     10 -     11,   DG -0.20 +/-  0.01
point     11 -     12,   DG -0.51 +/-  0.01
point     12 -     13,   DG -0.87 +/-  0.02
point     13 -     14,   DG -1.53 +/-  0.06
point     14 -     15,   DG -3.15 +/-  0.07

total      0 -     15,   DG -23.87 +/-  0.12

