
md10.edr: 0.0 - 50001.0; lambda = (0, 0.9)
    foreign lambdas:
        delta H to (0, 0.8) (50001 pts)
        delta H to (0, 0.9) (50001 pts)
        delta H to (0, 1) (50001 pts)



md11.edr: 0.0 - 50001.0; lambda = (0, 1)
    foreign lambdas:
        delta H to (0, 0.9) (50001 pts)
        delta H to (0, 1) (50001 pts)
        delta H to (0.2, 1) (50001 pts)



md12.edr: 0.0 - 50001.0; lambda = (0.2, 1)
    foreign lambdas:
        delta H to (0, 1) (50001 pts)
        delta H to (0.2, 1) (50001 pts)
        delta H to (0.4, 1) (50001 pts)



md13.edr: 0.0 - 50001.0; lambda = (0.4, 1)
    foreign lambdas:
        delta H to (0.2, 1) (50001 pts)
        delta H to (0.4, 1) (50001 pts)
        delta H to (0.6, 1) (50001 pts)



md14.edr: 0.0 - 50001.0; lambda = (0.6, 1)
    foreign lambdas:
        delta H to (0.4, 1) (50001 pts)
        delta H to (0.6, 1) (50001 pts)
        delta H to (0.8, 1) (50001 pts)



md15.edr: 0.0 - 50001.0; lambda = (0.8, 1)
    foreign lambdas:
        delta H to (0.6, 1) (50001 pts)
        delta H to (0.8, 1) (50001 pts)
        delta H to (1, 1) (50001 pts)



md16.edr: 0.0 - 50001.0; lambda = (1, 1)
    foreign lambdas:
        delta H to (0.8, 1) (50001 pts)
        delta H to (1, 1) (50001 pts)



md1.edr: 0.0 - 50001.0; lambda = (0, 0)
    foreign lambdas:
        delta H to (0, 0) (50001 pts)
        delta H to (0, 0.1) (50001 pts)



md2.edr: 0.0 - 50001.0; lambda = (0, 0.1)
    foreign lambdas:
        delta H to (0, 0) (50001 pts)
        delta H to (0, 0.1) (50001 pts)
        delta H to (0, 0.2) (50001 pts)



md3.edr: 0.0 - 50001.0; lambda = (0, 0.2)
    foreign lambdas:
        delta H to (0, 0.1) (50001 pts)
        delta H to (0, 0.2) (50001 pts)
        delta H to (0, 0.3) (50001 pts)



md4.edr: 0.0 - 50001.0; lambda = (0, 0.3)
    foreign lambdas:
        delta H to (0, 0.2) (50001 pts)
        delta H to (0, 0.3) (50001 pts)
        delta H to (0, 0.4) (50001 pts)



md5.edr: 0.0 - 50001.0; lambda = (0, 0.4)
    foreign lambdas:
        delta H to (0, 0.3) (50001 pts)
        delta H to (0, 0.4) (50001 pts)
        delta H to (0, 0.5) (50001 pts)



md6.edr: 0.0 - 50001.0; lambda = (0, 0.5)
    foreign lambdas:
        delta H to (0, 0.4) (50001 pts)
        delta H to (0, 0.5) (50001 pts)
        delta H to (0, 0.6) (50001 pts)



md7.edr: 0.0 - 50001.0; lambda = (0, 0.6)
    foreign lambdas:
        delta H to (0, 0.5) (50001 pts)
        delta H to (0, 0.6) (50001 pts)
        delta H to (0, 0.7) (50001 pts)



md8.edr: 0.0 - 50001.0; lambda = (0, 0.7)
    foreign lambdas:
        delta H to (0, 0.6) (50001 pts)
        delta H to (0, 0.7) (50001 pts)
        delta H to (0, 0.8) (50001 pts)



md9.edr: 0.0 - 50001.0; lambda = (0, 0.8)
    foreign lambdas:
        delta H to (0, 0.7) (50001 pts)
        delta H to (0, 0.8) (50001 pts)
        delta H to (0, 0.9) (50001 pts)



   Samples in time interval: 0.000 - 50001.000
Removing samples outside of: 0.000 - 4000.000

Temperature: 298.15 K

Detailed results in kT (see help for explanation):

 lam_A  lam_B      DG   +/-     s_A   +/-     s_B   +/-   stdev   +/- 
     0      1    1.14  0.04    0.82  0.02    0.87  0.03    1.34  0.02
     1      2    1.53  0.04    2.50  0.08    1.93  0.08    2.41  0.06
     2      3    0.12  0.07    2.26  0.06    1.30  0.05    1.94  0.04
     3      4   -0.62  0.04    1.44  0.09    0.90  0.06    1.53  0.04
     4      5   -1.03  0.03    1.11  0.05    0.70  0.03    1.32  0.02
     5      6   -1.32  0.01    0.94  0.01    0.61  0.01    1.20  0.00
     6      7   -1.54  0.02    0.79  0.02    0.52  0.01    1.10  0.01
     7      8   -1.71  0.01    0.69  0.01    0.43  0.01    1.02  0.01
     8      9   -1.82  0.02    0.60  0.02    0.38  0.01    0.94  0.01
     9     10   -1.92  0.02    0.55  0.03    0.37  0.02    0.90  0.01
    10     11   -0.09  0.01    0.07  0.01    0.06  0.01    0.35  0.02
    11     12   -0.21  0.01    0.05  0.01    0.06  0.01    0.36  0.01
    12     13   -0.37  0.02    0.10  0.02    0.11  0.02    0.44  0.01
    13     14   -0.54  0.06    0.06  0.04    0.09  0.04    0.52  0.03
    14     15   -1.36  0.06    0.72  0.07    0.84  0.08    1.06  0.03


Final results in kJ/mol:

point      0 -      1,   DG  2.84 +/-  0.11
point      1 -      2,   DG  3.79 +/-  0.11
point      2 -      3,   DG  0.29 +/-  0.18
point      3 -      4,   DG -1.53 +/-  0.11
point      4 -      5,   DG -2.57 +/-  0.06
point      5 -      6,   DG -3.27 +/-  0.03
point      6 -      7,   DG -3.82 +/-  0.05
point      7 -      8,   DG -4.23 +/-  0.03
point      8 -      9,   DG -4.50 +/-  0.06
point      9 -     10,   DG -4.77 +/-  0.04
point     10 -     11,   DG -0.23 +/-  0.03
point     11 -     12,   DG -0.52 +/-  0.03
point     12 -     13,   DG -0.91 +/-  0.04
point     13 -     14,   DG -1.34 +/-  0.14
point     14 -     15,   DG -3.36 +/-  0.15

total      0 -     15,   DG -24.12 +/-  0.65

