
md10.edr: 0.0 - 50001.0; lambda = (0, 0.9)
    foreign lambdas:
        delta H to (0, 0.8) (50001 pts)
        delta H to (0, 0.9) (50001 pts)
        delta H to (0, 1) (50001 pts)



md11.edr: 0.0 - 50001.0; lambda = (0, 1)
    foreign lambdas:
        delta H to (0, 0.9) (50001 pts)
        delta H to (0, 1) (50001 pts)
        delta H to (0.2, 1) (50001 pts)



md12.edr: 0.0 - 50001.0; lambda = (0.2, 1)
    foreign lambdas:
        delta H to (0, 1) (50001 pts)
        delta H to (0.2, 1) (50001 pts)
        delta H to (0.4, 1) (50001 pts)



md13.edr: 0.0 - 50001.0; lambda = (0.4, 1)
    foreign lambdas:
        delta H to (0.2, 1) (50001 pts)
        delta H to (0.4, 1) (50001 pts)
        delta H to (0.6, 1) (50001 pts)



md14.edr: 0.0 - 50001.0; lambda = (0.6, 1)
    foreign lambdas:
        delta H to (0.4, 1) (50001 pts)
        delta H to (0.6, 1) (50001 pts)
        delta H to (0.8, 1) (50001 pts)



md15.edr: 0.0 - 50001.0; lambda = (0.8, 1)
    foreign lambdas:
        delta H to (0.6, 1) (50001 pts)
        delta H to (0.8, 1) (50001 pts)
        delta H to (1, 1) (50001 pts)



md16.edr: 0.0 - 50001.0; lambda = (1, 1)
    foreign lambdas:
        delta H to (0.8, 1) (50001 pts)
        delta H to (1, 1) (50001 pts)



md1.edr: 0.0 - 50001.0; lambda = (0, 0)
    foreign lambdas:
        delta H to (0, 0) (50001 pts)
        delta H to (0, 0.1) (50001 pts)



md2.edr: 0.0 - 50001.0; lambda = (0, 0.1)
    foreign lambdas:
        delta H to (0, 0) (50001 pts)
        delta H to (0, 0.1) (50001 pts)
        delta H to (0, 0.2) (50001 pts)



md3.edr: 0.0 - 50001.0; lambda = (0, 0.2)
    foreign lambdas:
        delta H to (0, 0.1) (50001 pts)
        delta H to (0, 0.2) (50001 pts)
        delta H to (0, 0.3) (50001 pts)



md4.edr: 0.0 - 50001.0; lambda = (0, 0.3)
    foreign lambdas:
        delta H to (0, 0.2) (50001 pts)
        delta H to (0, 0.3) (50001 pts)
        delta H to (0, 0.4) (50001 pts)



md5.edr: 0.0 - 50001.0; lambda = (0, 0.4)
    foreign lambdas:
        delta H to (0, 0.3) (50001 pts)
        delta H to (0, 0.4) (50001 pts)
        delta H to (0, 0.5) (50001 pts)



md6.edr: 0.0 - 50001.0; lambda = (0, 0.5)
    foreign lambdas:
        delta H to (0, 0.4) (50001 pts)
        delta H to (0, 0.5) (50001 pts)
        delta H to (0, 0.6) (50001 pts)



md7.edr: 0.0 - 50001.0; lambda = (0, 0.6)
    foreign lambdas:
        delta H to (0, 0.5) (50001 pts)
        delta H to (0, 0.6) (50001 pts)
        delta H to (0, 0.7) (50001 pts)



md8.edr: 0.0 - 50001.0; lambda = (0, 0.7)
    foreign lambdas:
        delta H to (0, 0.6) (50001 pts)
        delta H to (0, 0.7) (50001 pts)
        delta H to (0, 0.8) (50001 pts)



md9.edr: 0.0 - 50001.0; lambda = (0, 0.8)
    foreign lambdas:
        delta H to (0, 0.7) (50001 pts)
        delta H to (0, 0.8) (50001 pts)
        delta H to (0, 0.9) (50001 pts)



   Samples in time interval: 0.000 - 50001.000
Removing samples outside of: 0.000 - 5000.000

Temperature: 298.15 K

Detailed results in kT (see help for explanation):

 lam_A  lam_B      DG   +/-     s_A   +/-     s_B   +/-   stdev   +/- 
     0      1    1.15  0.02    0.82  0.02    0.87  0.02    1.35  0.02
     1      2    1.56  0.05    2.47  0.05    1.89  0.06    2.39  0.04
     2      3    0.18  0.07    2.34  0.08    1.33  0.04    1.98  0.04
     3      4   -0.61  0.03    1.49  0.07    0.93  0.04    1.54  0.03
     4      5   -1.05  0.03    1.10  0.04    0.70  0.03    1.31  0.02
     5      6   -1.32  0.01    0.93  0.02    0.61  0.01    1.19  0.01
     6      7   -1.54  0.02    0.79  0.02    0.52  0.01    1.10  0.01
     7      8   -1.70  0.01    0.70  0.01    0.44  0.01    1.02  0.00
     8      9   -1.83  0.02    0.58  0.03    0.38  0.02    0.94  0.02
     9     10   -1.92  0.01    0.55  0.02    0.37  0.02    0.90  0.01
    10     11   -0.09  0.01    0.06  0.01    0.06  0.01    0.34  0.02
    11     12   -0.21  0.01    0.06  0.01    0.06  0.01    0.36  0.01
    12     13   -0.38  0.02    0.11  0.02    0.13  0.02    0.45  0.02
    13     14   -0.57  0.05    0.06  0.04    0.09  0.04    0.54  0.03
    14     15   -1.33  0.06    0.67  0.06    0.80  0.06    1.05  0.02


Final results in kJ/mol:

point      0 -      1,   DG  2.85 +/-  0.05
point      1 -      2,   DG  3.87 +/-  0.11
point      2 -      3,   DG  0.44 +/-  0.18
point      3 -      4,   DG -1.51 +/-  0.08
point      4 -      5,   DG -2.61 +/-  0.07
point      5 -      6,   DG -3.28 +/-  0.04
point      6 -      7,   DG -3.82 +/-  0.05
point      7 -      8,   DG -4.22 +/-  0.02
point      8 -      9,   DG -4.52 +/-  0.05
point      9 -     10,   DG -4.77 +/-  0.03
point     10 -     11,   DG -0.22 +/-  0.02
point     11 -     12,   DG -0.51 +/-  0.03
point     12 -     13,   DG -0.94 +/-  0.05
point     13 -     14,   DG -1.41 +/-  0.12
point     14 -     15,   DG -3.30 +/-  0.16

total      0 -     15,   DG -23.95 +/-  0.39

