
md10.edr: 0.0 - 20001.0; lambda = (0, 0.9)
    foreign lambdas:
        delta H to (0, 0.8) (20001 pts)
        delta H to (0, 0.9) (20001 pts)
        delta H to (0, 1) (20001 pts)



md11.edr: 0.0 - 20001.0; lambda = (0, 1)
    foreign lambdas:
        delta H to (0, 0.9) (20001 pts)
        delta H to (0, 1) (20001 pts)
        delta H to (0.2, 1) (20001 pts)



md12.edr: 0.0 - 20001.0; lambda = (0.2, 1)
    foreign lambdas:
        delta H to (0, 1) (20001 pts)
        delta H to (0.2, 1) (20001 pts)
        delta H to (0.4, 1) (20001 pts)



md13.edr: 0.0 - 20001.0; lambda = (0.4, 1)
    foreign lambdas:
        delta H to (0.2, 1) (20001 pts)
        delta H to (0.4, 1) (20001 pts)
        delta H to (0.6, 1) (20001 pts)



md14.edr: 0.0 - 20001.0; lambda = (0.6, 1)
    foreign lambdas:
        delta H to (0.4, 1) (20001 pts)
        delta H to (0.6, 1) (20001 pts)
        delta H to (0.8, 1) (20001 pts)



md15.edr: 0.0 - 20001.0; lambda = (0.8, 1)
    foreign lambdas:
        delta H to (0.6, 1) (20001 pts)
        delta H to (0.8, 1) (20001 pts)
        delta H to (1, 1) (20001 pts)



md16.edr: 0.0 - 20001.0; lambda = (1, 1)
    foreign lambdas:
        delta H to (0.8, 1) (20001 pts)
        delta H to (1, 1) (20001 pts)



md1.edr: 0.0 - 20001.0; lambda = (0, 0)
    foreign lambdas:
        delta H to (0, 0) (20001 pts)
        delta H to (0, 0.1) (20001 pts)



md2.edr: 0.0 - 20001.0; lambda = (0, 0.1)
    foreign lambdas:
        delta H to (0, 0) (20001 pts)
        delta H to (0, 0.1) (20001 pts)
        delta H to (0, 0.2) (20001 pts)



md3.edr: 0.0 - 20001.0; lambda = (0, 0.2)
    foreign lambdas:
        delta H to (0, 0.1) (20001 pts)
        delta H to (0, 0.2) (20001 pts)
        delta H to (0, 0.3) (20001 pts)



md4.edr: 0.0 - 20001.0; lambda = (0, 0.3)
    foreign lambdas:
        delta H to (0, 0.2) (20001 pts)
        delta H to (0, 0.3) (20001 pts)
        delta H to (0, 0.4) (20001 pts)



md5.edr: 0.0 - 20001.0; lambda = (0, 0.4)
    foreign lambdas:
        delta H to (0, 0.3) (20001 pts)
        delta H to (0, 0.4) (20001 pts)
        delta H to (0, 0.5) (20001 pts)



md6.edr: 0.0 - 20001.0; lambda = (0, 0.5)
    foreign lambdas:
        delta H to (0, 0.4) (20001 pts)
        delta H to (0, 0.5) (20001 pts)
        delta H to (0, 0.6) (20001 pts)



md7.edr: 0.0 - 20001.0; lambda = (0, 0.6)
    foreign lambdas:
        delta H to (0, 0.5) (20001 pts)
        delta H to (0, 0.6) (20001 pts)
        delta H to (0, 0.7) (20001 pts)



md8.edr: 0.0 - 20001.0; lambda = (0, 0.7)
    foreign lambdas:
        delta H to (0, 0.6) (20001 pts)
        delta H to (0, 0.7) (20001 pts)
        delta H to (0, 0.8) (20001 pts)



md9.edr: 0.0 - 20001.0; lambda = (0, 0.8)
    foreign lambdas:
        delta H to (0, 0.7) (20001 pts)
        delta H to (0, 0.8) (20001 pts)
        delta H to (0, 0.9) (20001 pts)



   Samples in time interval: 0.000 - 20001.000
Removing samples outside of: 0.000 - 1000.000

Temperature: 298.15 K

Detailed results in kT (see help for explanation):

 lam_A  lam_B      DG   +/-     s_A   +/-     s_B   +/-   stdev   +/- 
     0      1    1.07  0.00    0.13  0.02    0.14  0.02    0.57  0.01
     1      2    3.17  0.03    0.65  0.04    0.76  0.05    1.21  0.02
     2      3    3.57  0.09    2.56  0.08    2.13  0.09    2.58  0.05
     3      4    1.50  0.08    2.81  0.13    1.56  0.08    2.19  0.07
     4      5    0.19  0.04    1.41  0.07    0.82  0.03    1.47  0.03
     5      6   -0.37  0.02    0.94  0.04    0.59  0.03    1.19  0.02
     6      7   -0.71  0.03    0.66  0.02    0.42  0.02    1.00  0.02
     7      8   -0.90  0.03    0.53  0.03    0.36  0.02    0.89  0.02
     8      9   -1.05  0.02    0.42  0.03    0.29  0.02    0.81  0.02
     9     10   -1.16  0.02    0.38  0.01    0.27  0.01    0.76  0.01
    10     11   -0.30  0.01    0.33  0.02    0.35  0.02    0.79  0.01
    11     12   -1.05  0.01    0.40  0.02    0.45  0.02    0.93  0.01
    12     13   -2.05  0.01    0.56  0.02    0.62  0.02    1.13  0.01
    13     14   -3.42  0.02    0.75  0.01    0.77  0.02    1.27  0.01
    14     15   -5.03  0.03    0.84  0.02    0.85  0.01    1.32  0.01


Final results in kJ/mol:

point      0 -      1,   DG  2.66 +/-  0.01
point      1 -      2,   DG  7.85 +/-  0.08
point      2 -      3,   DG  8.85 +/-  0.21
point      3 -      4,   DG  3.71 +/-  0.21
point      4 -      5,   DG  0.47 +/-  0.11
point      5 -      6,   DG -0.93 +/-  0.06
point      6 -      7,   DG -1.77 +/-  0.07
point      7 -      8,   DG -2.24 +/-  0.08
point      8 -      9,   DG -2.61 +/-  0.06
point      9 -     10,   DG -2.87 +/-  0.04
point     10 -     11,   DG -0.75 +/-  0.04
point     11 -     12,   DG -2.60 +/-  0.03
point     12 -     13,   DG -5.09 +/-  0.02
point     13 -     14,   DG -8.48 +/-  0.06
point     14 -     15,   DG -12.47 +/-  0.06

total      0 -     15,   DG -16.27 +/-  0.56

