
md10.edr: 0.0 - 20001.0; lambda = (0, 0.9)
    foreign lambdas:
        delta H to (0, 0.8) (20001 pts)
        delta H to (0, 0.9) (20001 pts)
        delta H to (0, 1) (20001 pts)



md11.edr: 0.0 - 20001.0; lambda = (0, 1)
    foreign lambdas:
        delta H to (0, 0.9) (20001 pts)
        delta H to (0, 1) (20001 pts)
        delta H to (0.2, 1) (20001 pts)



md12.edr: 0.0 - 20001.0; lambda = (0.2, 1)
    foreign lambdas:
        delta H to (0, 1) (20001 pts)
        delta H to (0.2, 1) (20001 pts)
        delta H to (0.4, 1) (20001 pts)



md13.edr: 0.0 - 20001.0; lambda = (0.4, 1)
    foreign lambdas:
        delta H to (0.2, 1) (20001 pts)
        delta H to (0.4, 1) (20001 pts)
        delta H to (0.6, 1) (20001 pts)



md14.edr: 0.0 - 20001.0; lambda = (0.6, 1)
    foreign lambdas:
        delta H to (0.4, 1) (20001 pts)
        delta H to (0.6, 1) (20001 pts)
        delta H to (0.8, 1) (20001 pts)



md15.edr: 0.0 - 20001.0; lambda = (0.8, 1)
    foreign lambdas:
        delta H to (0.6, 1) (20001 pts)
        delta H to (0.8, 1) (20001 pts)
        delta H to (1, 1) (20001 pts)



md16.edr: 0.0 - 20001.0; lambda = (1, 1)
    foreign lambdas:
        delta H to (0.8, 1) (20001 pts)
        delta H to (1, 1) (20001 pts)



md1.edr: 0.0 - 20001.0; lambda = (0, 0)
    foreign lambdas:
        delta H to (0, 0) (20001 pts)
        delta H to (0, 0.1) (20001 pts)



md2.edr: 0.0 - 20001.0; lambda = (0, 0.1)
    foreign lambdas:
        delta H to (0, 0) (20001 pts)
        delta H to (0, 0.1) (20001 pts)
        delta H to (0, 0.2) (20001 pts)



md3.edr: 0.0 - 20001.0; lambda = (0, 0.2)
    foreign lambdas:
        delta H to (0, 0.1) (20001 pts)
        delta H to (0, 0.2) (20001 pts)
        delta H to (0, 0.3) (20001 pts)



md4.edr: 0.0 - 20001.0; lambda = (0, 0.3)
    foreign lambdas:
        delta H to (0, 0.2) (20001 pts)
        delta H to (0, 0.3) (20001 pts)
        delta H to (0, 0.4) (20001 pts)



md5.edr: 0.0 - 20001.0; lambda = (0, 0.4)
    foreign lambdas:
        delta H to (0, 0.3) (20001 pts)
        delta H to (0, 0.4) (20001 pts)
        delta H to (0, 0.5) (20001 pts)



md6.edr: 0.0 - 20001.0; lambda = (0, 0.5)
    foreign lambdas:
        delta H to (0, 0.4) (20001 pts)
        delta H to (0, 0.5) (20001 pts)
        delta H to (0, 0.6) (20001 pts)



md7.edr: 0.0 - 20001.0; lambda = (0, 0.6)
    foreign lambdas:
        delta H to (0, 0.5) (20001 pts)
        delta H to (0, 0.6) (20001 pts)
        delta H to (0, 0.7) (20001 pts)



md8.edr: 0.0 - 20001.0; lambda = (0, 0.7)
    foreign lambdas:
        delta H to (0, 0.6) (20001 pts)
        delta H to (0, 0.7) (20001 pts)
        delta H to (0, 0.8) (20001 pts)



md9.edr: 0.0 - 20001.0; lambda = (0, 0.8)
    foreign lambdas:
        delta H to (0, 0.7) (20001 pts)
        delta H to (0, 0.8) (20001 pts)
        delta H to (0, 0.9) (20001 pts)



   Samples in time interval: 0.000 - 20001.000
Removing samples outside of: 0.000 - 13000.000

Temperature: 298.15 K

Detailed results in kT (see help for explanation):

 lam_A  lam_B      DG   +/-     s_A   +/-     s_B   +/-   stdev   +/- 
     0      1    1.05  0.01    0.15  0.00    0.16  0.00    0.56  0.00
     1      2    3.10  0.01    0.66  0.01    0.77  0.01    1.22  0.01
     2      3    3.39  0.02    2.61  0.03    2.18  0.03    2.62  0.02
     3      4    1.28  0.01    2.63  0.03    1.44  0.02    2.07  0.01
     4      5    0.12  0.01    1.36  0.01    0.81  0.00    1.45  0.00
     5      6   -0.44  0.00    0.94  0.01    0.58  0.01    1.18  0.01
     6      7   -0.76  0.01    0.66  0.01    0.42  0.01    1.01  0.00
     7      8   -0.96  0.01    0.54  0.01    0.35  0.00    0.91  0.01
     8      9   -1.09  0.01    0.44  0.01    0.30  0.01    0.83  0.01
     9     10   -1.19  0.01    0.38  0.00    0.26  0.00    0.77  0.00
    10     11   -0.26  0.00    0.27  0.01    0.29  0.01    0.75  0.00
    11     12   -0.89  0.00    0.34  0.01    0.39  0.01    0.85  0.00
    12     13   -1.78  0.01    0.50  0.00    0.56  0.01    1.05  0.00
    13     14   -3.00  0.00    0.66  0.01    0.70  0.01    1.19  0.00
    14     15   -4.45  0.00    0.75  0.01    0.78  0.01    1.28  0.00


Final results in kJ/mol:

point      0 -      1,   DG  2.61 +/-  0.02
point      1 -      2,   DG  7.68 +/-  0.04
point      2 -      3,   DG  8.40 +/-  0.06
point      3 -      4,   DG  3.17 +/-  0.02
point      4 -      5,   DG  0.29 +/-  0.02
point      5 -      6,   DG -1.08 +/-  0.00
point      6 -      7,   DG -1.89 +/-  0.01
point      7 -      8,   DG -2.37 +/-  0.02
point      8 -      9,   DG -2.71 +/-  0.02
point      9 -     10,   DG -2.95 +/-  0.02
point     10 -     11,   DG -0.63 +/-  0.00
point     11 -     12,   DG -2.20 +/-  0.01
point     12 -     13,   DG -4.40 +/-  0.01
point     13 -     14,   DG -7.44 +/-  0.01
point     14 -     15,   DG -11.04 +/-  0.01

total      0 -     15,   DG -14.58 +/-  0.09

