
md10.edr: 0.0 - 20001.0; lambda = (0, 0.9)
    foreign lambdas:
        delta H to (0, 0.8) (20001 pts)
        delta H to (0, 0.9) (20001 pts)
        delta H to (0, 1) (20001 pts)



md11.edr: 0.0 - 20001.0; lambda = (0, 1)
    foreign lambdas:
        delta H to (0, 0.9) (20001 pts)
        delta H to (0, 1) (20001 pts)
        delta H to (0.2, 1) (20001 pts)



md12.edr: 0.0 - 20001.0; lambda = (0.2, 1)
    foreign lambdas:
        delta H to (0, 1) (20001 pts)
        delta H to (0.2, 1) (20001 pts)
        delta H to (0.4, 1) (20001 pts)



md13.edr: 0.0 - 20001.0; lambda = (0.4, 1)
    foreign lambdas:
        delta H to (0.2, 1) (20001 pts)
        delta H to (0.4, 1) (20001 pts)
        delta H to (0.6, 1) (20001 pts)



md14.edr: 0.0 - 20001.0; lambda = (0.6, 1)
    foreign lambdas:
        delta H to (0.4, 1) (20001 pts)
        delta H to (0.6, 1) (20001 pts)
        delta H to (0.8, 1) (20001 pts)



md15.edr: 0.0 - 20001.0; lambda = (0.8, 1)
    foreign lambdas:
        delta H to (0.6, 1) (20001 pts)
        delta H to (0.8, 1) (20001 pts)
        delta H to (1, 1) (20001 pts)



md16.edr: 0.0 - 20001.0; lambda = (1, 1)
    foreign lambdas:
        delta H to (0.8, 1) (20001 pts)
        delta H to (1, 1) (20001 pts)



md1.edr: 0.0 - 20001.0; lambda = (0, 0)
    foreign lambdas:
        delta H to (0, 0) (20001 pts)
        delta H to (0, 0.1) (20001 pts)



md2.edr: 0.0 - 20001.0; lambda = (0, 0.1)
    foreign lambdas:
        delta H to (0, 0) (20001 pts)
        delta H to (0, 0.1) (20001 pts)
        delta H to (0, 0.2) (20001 pts)



md3.edr: 0.0 - 20001.0; lambda = (0, 0.2)
    foreign lambdas:
        delta H to (0, 0.1) (20001 pts)
        delta H to (0, 0.2) (20001 pts)
        delta H to (0, 0.3) (20001 pts)



md4.edr: 0.0 - 20001.0; lambda = (0, 0.3)
    foreign lambdas:
        delta H to (0, 0.2) (20001 pts)
        delta H to (0, 0.3) (20001 pts)
        delta H to (0, 0.4) (20001 pts)



md5.edr: 0.0 - 20001.0; lambda = (0, 0.4)
    foreign lambdas:
        delta H to (0, 0.3) (20001 pts)
        delta H to (0, 0.4) (20001 pts)
        delta H to (0, 0.5) (20001 pts)



md6.edr: 0.0 - 20001.0; lambda = (0, 0.5)
    foreign lambdas:
        delta H to (0, 0.4) (20001 pts)
        delta H to (0, 0.5) (20001 pts)
        delta H to (0, 0.6) (20001 pts)



md7.edr: 0.0 - 20001.0; lambda = (0, 0.6)
    foreign lambdas:
        delta H to (0, 0.5) (20001 pts)
        delta H to (0, 0.6) (20001 pts)
        delta H to (0, 0.7) (20001 pts)



md8.edr: 0.0 - 20001.0; lambda = (0, 0.7)
    foreign lambdas:
        delta H to (0, 0.6) (20001 pts)
        delta H to (0, 0.7) (20001 pts)
        delta H to (0, 0.8) (20001 pts)



md9.edr: 0.0 - 20001.0; lambda = (0, 0.8)
    foreign lambdas:
        delta H to (0, 0.7) (20001 pts)
        delta H to (0, 0.8) (20001 pts)
        delta H to (0, 0.9) (20001 pts)



   Samples in time interval: 0.000 - 20001.000
Removing samples outside of: 0.000 - 16000.000

Temperature: 298.15 K

Detailed results in kT (see help for explanation):

 lam_A  lam_B      DG   +/-     s_A   +/-     s_B   +/-   stdev   +/- 
     0      1    0.95  0.02    0.90  0.04    0.92  0.03    1.37  0.02
     1      2    1.34  0.06    2.22  0.08    1.73  0.05    2.23  0.03
     2      3    0.10  0.07    2.34  0.10    1.38  0.05    1.98  0.04
     3      4   -0.75  0.04    1.39  0.05    0.84  0.02    1.47  0.02
     4      5   -1.10  0.02    1.02  0.03    0.65  0.03    1.27  0.02
     5      6   -1.33  0.01    0.88  0.02    0.56  0.01    1.17  0.01
     6      7   -1.53  0.01    0.80  0.02    0.51  0.02    1.10  0.01
     7      8   -1.71  0.01    0.71  0.02    0.45  0.01    1.02  0.01
     8      9   -1.83  0.01    0.61  0.03    0.38  0.02    0.94  0.01
     9     10   -1.92  0.02    0.54  0.01    0.35  0.01    0.88  0.01
    10     11   -0.09  0.02    0.03  0.03    0.03  0.03    0.36  0.02
    11     12   -0.21  0.03    0.09  0.03    0.09  0.03    0.39  0.01
    12     13   -0.42  0.04    0.12  0.04    0.14  0.04    0.48  0.03
    13     14   -0.78  0.07    0.22  0.03    0.27  0.04    0.64  0.05
    14     15   -1.39  0.07    0.34  0.10    0.46  0.09    0.94  0.05


Final results in kJ/mol:

point      0 -      1,   DG  2.35 +/-  0.06
point      1 -      2,   DG  3.33 +/-  0.15
point      2 -      3,   DG  0.24 +/-  0.17
point      3 -      4,   DG -1.87 +/-  0.10
point      4 -      5,   DG -2.74 +/-  0.05
point      5 -      6,   DG -3.31 +/-  0.02
point      6 -      7,   DG -3.79 +/-  0.03
point      7 -      8,   DG -4.24 +/-  0.03
point      8 -      9,   DG -4.53 +/-  0.03
point      9 -     10,   DG -4.76 +/-  0.04
point     10 -     11,   DG -0.22 +/-  0.04
point     11 -     12,   DG -0.53 +/-  0.06
point     12 -     13,   DG -1.04 +/-  0.11
point     13 -     14,   DG -1.93 +/-  0.18
point     14 -     15,   DG -3.45 +/-  0.18

total      0 -     15,   DG -26.50 +/-  0.39

