
md10.edr: 0.0 - 20001.0; lambda = (0, 0.9)
    foreign lambdas:
        delta H to (0, 0.8) (20001 pts)
        delta H to (0, 0.9) (20001 pts)
        delta H to (0, 1) (20001 pts)



md11.edr: 0.0 - 20001.0; lambda = (0, 1)
    foreign lambdas:
        delta H to (0, 0.9) (20001 pts)
        delta H to (0, 1) (20001 pts)
        delta H to (0.2, 1) (20001 pts)



md12.edr: 0.0 - 20001.0; lambda = (0.2, 1)
    foreign lambdas:
        delta H to (0, 1) (20001 pts)
        delta H to (0.2, 1) (20001 pts)
        delta H to (0.4, 1) (20001 pts)



md13.edr: 0.0 - 20001.0; lambda = (0.4, 1)
    foreign lambdas:
        delta H to (0.2, 1) (20001 pts)
        delta H to (0.4, 1) (20001 pts)
        delta H to (0.6, 1) (20001 pts)



md14.edr: 0.0 - 20001.0; lambda = (0.6, 1)
    foreign lambdas:
        delta H to (0.4, 1) (20001 pts)
        delta H to (0.6, 1) (20001 pts)
        delta H to (0.8, 1) (20001 pts)



md15.edr: 0.0 - 20001.0; lambda = (0.8, 1)
    foreign lambdas:
        delta H to (0.6, 1) (20001 pts)
        delta H to (0.8, 1) (20001 pts)
        delta H to (1, 1) (20001 pts)



md16.edr: 0.0 - 20001.0; lambda = (1, 1)
    foreign lambdas:
        delta H to (0.8, 1) (20001 pts)
        delta H to (1, 1) (20001 pts)



md1.edr: 0.0 - 20001.0; lambda = (0, 0)
    foreign lambdas:
        delta H to (0, 0) (20001 pts)
        delta H to (0, 0.1) (20001 pts)



md2.edr: 0.0 - 20001.0; lambda = (0, 0.1)
    foreign lambdas:
        delta H to (0, 0) (20001 pts)
        delta H to (0, 0.1) (20001 pts)
        delta H to (0, 0.2) (20001 pts)



md3.edr: 0.0 - 20001.0; lambda = (0, 0.2)
    foreign lambdas:
        delta H to (0, 0.1) (20001 pts)
        delta H to (0, 0.2) (20001 pts)
        delta H to (0, 0.3) (20001 pts)



md4.edr: 0.0 - 20001.0; lambda = (0, 0.3)
    foreign lambdas:
        delta H to (0, 0.2) (20001 pts)
        delta H to (0, 0.3) (20001 pts)
        delta H to (0, 0.4) (20001 pts)



md5.edr: 0.0 - 20001.0; lambda = (0, 0.4)
    foreign lambdas:
        delta H to (0, 0.3) (20001 pts)
        delta H to (0, 0.4) (20001 pts)
        delta H to (0, 0.5) (20001 pts)



md6.edr: 0.0 - 20001.0; lambda = (0, 0.5)
    foreign lambdas:
        delta H to (0, 0.4) (20001 pts)
        delta H to (0, 0.5) (20001 pts)
        delta H to (0, 0.6) (20001 pts)



md7.edr: 0.0 - 20001.0; lambda = (0, 0.6)
    foreign lambdas:
        delta H to (0, 0.5) (20001 pts)
        delta H to (0, 0.6) (20001 pts)
        delta H to (0, 0.7) (20001 pts)



md8.edr: 0.0 - 20001.0; lambda = (0, 0.7)
    foreign lambdas:
        delta H to (0, 0.6) (20001 pts)
        delta H to (0, 0.7) (20001 pts)
        delta H to (0, 0.8) (20001 pts)



md9.edr: 0.0 - 20001.0; lambda = (0, 0.8)
    foreign lambdas:
        delta H to (0, 0.7) (20001 pts)
        delta H to (0, 0.8) (20001 pts)
        delta H to (0, 0.9) (20001 pts)



   Samples in time interval: 0.000 - 20001.000
Removing samples outside of: 0.000 - 4000.000

Temperature: 298.15 K

Detailed results in kT (see help for explanation):

 lam_A  lam_B      DG   +/-     s_A   +/-     s_B   +/-   stdev   +/- 
     0      1    0.88  0.06    0.90  0.15    0.89  0.12    1.38  0.07
     1      2    1.38  0.07    2.09  0.22    1.67  0.15    2.19  0.11
     2      3    0.26  0.07    2.37  0.22    1.40  0.10    2.02  0.09
     3      4   -0.62  0.04    1.54  0.11    0.91  0.07    1.54  0.04
     4      5   -1.07  0.05    1.08  0.06    0.70  0.04    1.30  0.02
     5      6   -1.36  0.05    0.87  0.04    0.55  0.03    1.17  0.03
     6      7   -1.54  0.01    0.81  0.06    0.52  0.04    1.10  0.02
     7      8   -1.72  0.02    0.67  0.04    0.43  0.03    0.99  0.02
     8      9   -1.82  0.01    0.59  0.02    0.37  0.02    0.94  0.01
     9     10   -1.90  0.01    0.54  0.03    0.34  0.03    0.87  0.02
    10     11   -0.05  0.04   -0.02  0.04   -0.03  0.04    0.33  0.02
    11     12   -0.16  0.04    0.13  0.04    0.14  0.04    0.38  0.02
    12     13   -0.57  0.09    0.27  0.07    0.32  0.08    0.59  0.08
    13     14   -0.93  0.18    0.04  0.08    0.09  0.08    0.68  0.07
    14     15   -1.52  0.17    0.50  0.35    0.67  0.38    1.13  0.15


Final results in kJ/mol:

point      0 -      1,   DG  2.19 +/-  0.14
point      1 -      2,   DG  3.41 +/-  0.17
point      2 -      3,   DG  0.66 +/-  0.18
point      3 -      4,   DG -1.53 +/-  0.11
point      4 -      5,   DG -2.65 +/-  0.12
point      5 -      6,   DG -3.37 +/-  0.11
point      6 -      7,   DG -3.81 +/-  0.04
point      7 -      8,   DG -4.27 +/-  0.06
point      8 -      9,   DG -4.52 +/-  0.02
point      9 -     10,   DG -4.71 +/-  0.03
point     10 -     11,   DG -0.12 +/-  0.09
point     11 -     12,   DG -0.39 +/-  0.11
point     12 -     13,   DG -1.40 +/-  0.23
point     13 -     14,   DG -2.29 +/-  0.44
point     14 -     15,   DG -3.77 +/-  0.42

total      0 -     15,   DG -26.58 +/-  0.53

