
md10.edr: 0.0 - 20001.0; lambda = (0, 0.9)
    foreign lambdas:
        delta H to (0, 0.8) (20001 pts)
        delta H to (0, 0.9) (20001 pts)
        delta H to (0, 1) (20001 pts)



md11.edr: 0.0 - 20001.0; lambda = (0, 1)
    foreign lambdas:
        delta H to (0, 0.9) (20001 pts)
        delta H to (0, 1) (20001 pts)
        delta H to (0.2, 1) (20001 pts)



md12.edr: 0.0 - 20001.0; lambda = (0.2, 1)
    foreign lambdas:
        delta H to (0, 1) (20001 pts)
        delta H to (0.2, 1) (20001 pts)
        delta H to (0.4, 1) (20001 pts)



md13.edr: 0.0 - 20001.0; lambda = (0.4, 1)
    foreign lambdas:
        delta H to (0.2, 1) (20001 pts)
        delta H to (0.4, 1) (20001 pts)
        delta H to (0.6, 1) (20001 pts)



md14.edr: 0.0 - 20001.0; lambda = (0.6, 1)
    foreign lambdas:
        delta H to (0.4, 1) (20001 pts)
        delta H to (0.6, 1) (20001 pts)
        delta H to (0.8, 1) (20001 pts)



md15.edr: 0.0 - 20001.0; lambda = (0.8, 1)
    foreign lambdas:
        delta H to (0.6, 1) (20001 pts)
        delta H to (0.8, 1) (20001 pts)
        delta H to (1, 1) (20001 pts)



md16.edr: 0.0 - 20001.0; lambda = (1, 1)
    foreign lambdas:
        delta H to (0.8, 1) (20001 pts)
        delta H to (1, 1) (20001 pts)



md1.edr: 0.0 - 20001.0; lambda = (0, 0)
    foreign lambdas:
        delta H to (0, 0) (20001 pts)
        delta H to (0, 0.1) (20001 pts)



md2.edr: 0.0 - 20001.0; lambda = (0, 0.1)
    foreign lambdas:
        delta H to (0, 0) (20001 pts)
        delta H to (0, 0.1) (20001 pts)
        delta H to (0, 0.2) (20001 pts)



md3.edr: 0.0 - 20001.0; lambda = (0, 0.2)
    foreign lambdas:
        delta H to (0, 0.1) (20001 pts)
        delta H to (0, 0.2) (20001 pts)
        delta H to (0, 0.3) (20001 pts)



md4.edr: 0.0 - 20001.0; lambda = (0, 0.3)
    foreign lambdas:
        delta H to (0, 0.2) (20001 pts)
        delta H to (0, 0.3) (20001 pts)
        delta H to (0, 0.4) (20001 pts)



md5.edr: 0.0 - 20001.0; lambda = (0, 0.4)
    foreign lambdas:
        delta H to (0, 0.3) (20001 pts)
        delta H to (0, 0.4) (20001 pts)
        delta H to (0, 0.5) (20001 pts)



md6.edr: 0.0 - 20001.0; lambda = (0, 0.5)
    foreign lambdas:
        delta H to (0, 0.4) (20001 pts)
        delta H to (0, 0.5) (20001 pts)
        delta H to (0, 0.6) (20001 pts)



md7.edr: 0.0 - 20001.0; lambda = (0, 0.6)
    foreign lambdas:
        delta H to (0, 0.5) (20001 pts)
        delta H to (0, 0.6) (20001 pts)
        delta H to (0, 0.7) (20001 pts)



md8.edr: 0.0 - 20001.0; lambda = (0, 0.7)
    foreign lambdas:
        delta H to (0, 0.6) (20001 pts)
        delta H to (0, 0.7) (20001 pts)
        delta H to (0, 0.8) (20001 pts)



md9.edr: 0.0 - 20001.0; lambda = (0, 0.8)
    foreign lambdas:
        delta H to (0, 0.7) (20001 pts)
        delta H to (0, 0.8) (20001 pts)
        delta H to (0, 0.9) (20001 pts)



   Samples in time interval: 0.000 - 20001.000
Removing samples outside of: 0.000 - 11000.000

Temperature: 298.15 K

Detailed results in kT (see help for explanation):

 lam_A  lam_B      DG   +/-     s_A   +/-     s_B   +/-   stdev   +/- 
     0      1    0.93  0.07    0.92  0.09    0.94  0.08    1.38  0.04
     1      2    1.30  0.07    2.18  0.14    1.71  0.07    2.22  0.06
     2      3    0.12  0.08    2.28  0.18    1.34  0.08    1.96  0.07
     3      4   -0.71  0.04    1.46  0.05    0.88  0.02    1.50  0.02
     4      5   -1.11  0.02    1.01  0.03    0.65  0.02    1.26  0.01
     5      6   -1.34  0.01    0.88  0.03    0.57  0.02    1.17  0.02
     6      7   -1.54  0.02    0.80  0.04    0.51  0.02    1.10  0.01
     7      8   -1.71  0.02    0.71  0.03    0.44  0.01    1.01  0.01
     8      9   -1.83  0.01    0.59  0.03    0.37  0.02    0.93  0.01
     9     10   -1.90  0.01    0.53  0.02    0.34  0.02    0.88  0.01
    10     11   -0.08  0.02    0.03  0.03    0.03  0.03    0.35  0.01
    11     12   -0.22  0.03    0.11  0.02    0.11  0.02    0.40  0.01
    12     13   -0.46  0.05    0.13  0.05    0.16  0.06    0.50  0.04
    13     14   -0.86  0.10    0.23  0.11    0.29  0.12    0.69  0.07
    14     15   -1.49  0.07    0.35  0.25    0.46  0.27    0.98  0.09


Final results in kJ/mol:

point      0 -      1,   DG  2.30 +/-  0.17
point      1 -      2,   DG  3.21 +/-  0.18
point      2 -      3,   DG  0.30 +/-  0.19
point      3 -      4,   DG -1.77 +/-  0.10
point      4 -      5,   DG -2.75 +/-  0.05
point      5 -      6,   DG -3.32 +/-  0.03
point      6 -      7,   DG -3.82 +/-  0.05
point      7 -      8,   DG -4.24 +/-  0.05
point      8 -      9,   DG -4.54 +/-  0.03
point      9 -     10,   DG -4.72 +/-  0.03
point     10 -     11,   DG -0.20 +/-  0.05
point     11 -     12,   DG -0.54 +/-  0.07
point     12 -     13,   DG -1.15 +/-  0.13
point     13 -     14,   DG -2.12 +/-  0.25
point     14 -     15,   DG -3.70 +/-  0.17

total      0 -     15,   DG -27.06 +/-  0.36

