
md10.edr: 0.0 - 20001.0; lambda = (0, 0.9)
    foreign lambdas:
        delta H to (0, 0.8) (20001 pts)
        delta H to (0, 0.9) (20001 pts)
        delta H to (0, 1) (20001 pts)



md11.edr: 0.0 - 20001.0; lambda = (0, 1)
    foreign lambdas:
        delta H to (0, 0.9) (20001 pts)
        delta H to (0, 1) (20001 pts)
        delta H to (0.2, 1) (20001 pts)



md12.edr: 0.0 - 20001.0; lambda = (0.2, 1)
    foreign lambdas:
        delta H to (0, 1) (20001 pts)
        delta H to (0.2, 1) (20001 pts)
        delta H to (0.4, 1) (20001 pts)



md13.edr: 0.0 - 20001.0; lambda = (0.4, 1)
    foreign lambdas:
        delta H to (0.2, 1) (20001 pts)
        delta H to (0.4, 1) (20001 pts)
        delta H to (0.6, 1) (20001 pts)



md14.edr: 0.0 - 20001.0; lambda = (0.6, 1)
    foreign lambdas:
        delta H to (0.4, 1) (20001 pts)
        delta H to (0.6, 1) (20001 pts)
        delta H to (0.8, 1) (20001 pts)



md15.edr: 0.0 - 20001.0; lambda = (0.8, 1)
    foreign lambdas:
        delta H to (0.6, 1) (20001 pts)
        delta H to (0.8, 1) (20001 pts)
        delta H to (1, 1) (20001 pts)



md16.edr: 0.0 - 20001.0; lambda = (1, 1)
    foreign lambdas:
        delta H to (0.8, 1) (20001 pts)
        delta H to (1, 1) (20001 pts)



md1.edr: 0.0 - 20001.0; lambda = (0, 0)
    foreign lambdas:
        delta H to (0, 0) (20001 pts)
        delta H to (0, 0.1) (20001 pts)



md2.edr: 0.0 - 20001.0; lambda = (0, 0.1)
    foreign lambdas:
        delta H to (0, 0) (20001 pts)
        delta H to (0, 0.1) (20001 pts)
        delta H to (0, 0.2) (20001 pts)



md3.edr: 0.0 - 20001.0; lambda = (0, 0.2)
    foreign lambdas:
        delta H to (0, 0.1) (20001 pts)
        delta H to (0, 0.2) (20001 pts)
        delta H to (0, 0.3) (20001 pts)



md4.edr: 0.0 - 20001.0; lambda = (0, 0.3)
    foreign lambdas:
        delta H to (0, 0.2) (20001 pts)
        delta H to (0, 0.3) (20001 pts)
        delta H to (0, 0.4) (20001 pts)



md5.edr: 0.0 - 20001.0; lambda = (0, 0.4)
    foreign lambdas:
        delta H to (0, 0.3) (20001 pts)
        delta H to (0, 0.4) (20001 pts)
        delta H to (0, 0.5) (20001 pts)



md6.edr: 0.0 - 20001.0; lambda = (0, 0.5)
    foreign lambdas:
        delta H to (0, 0.4) (20001 pts)
        delta H to (0, 0.5) (20001 pts)
        delta H to (0, 0.6) (20001 pts)



md7.edr: 0.0 - 20001.0; lambda = (0, 0.6)
    foreign lambdas:
        delta H to (0, 0.5) (20001 pts)
        delta H to (0, 0.6) (20001 pts)
        delta H to (0, 0.7) (20001 pts)



md8.edr: 0.0 - 20001.0; lambda = (0, 0.7)
    foreign lambdas:
        delta H to (0, 0.6) (20001 pts)
        delta H to (0, 0.7) (20001 pts)
        delta H to (0, 0.8) (20001 pts)



md9.edr: 0.0 - 20001.0; lambda = (0, 0.8)
    foreign lambdas:
        delta H to (0, 0.7) (20001 pts)
        delta H to (0, 0.8) (20001 pts)
        delta H to (0, 0.9) (20001 pts)



   Samples in time interval: 0.000 - 20001.000
Removing samples outside of: 0.000 - 9000.000

Temperature: 298.15 K

Detailed results in kT (see help for explanation):

 lam_A  lam_B      DG   +/-     s_A   +/-     s_B   +/-   stdev   +/- 
     0      1    0.98  0.05    0.93  0.12    0.95  0.11    1.39  0.06
     1      2    1.30  0.11    2.23  0.16    1.73  0.10    2.24  0.08
     2      3    0.13  0.11    2.26  0.20    1.33  0.08    1.95  0.08
     3      4   -0.70  0.06    1.48  0.07    0.88  0.04    1.51  0.03
     4      5   -1.09  0.02    1.02  0.04    0.65  0.03    1.27  0.02
     5      6   -1.34  0.03    0.90  0.04    0.58  0.02    1.18  0.03
     6      7   -1.55  0.02    0.78  0.03    0.50  0.02    1.09  0.01
     7      8   -1.71  0.02    0.70  0.02    0.44  0.01    1.01  0.01
     8      9   -1.83  0.01    0.59  0.03    0.37  0.02    0.94  0.02
     9     10   -1.90  0.01    0.52  0.02    0.33  0.01    0.88  0.01
    10     11   -0.07  0.01    0.03  0.03    0.02  0.03    0.35  0.02
    11     12   -0.21  0.04    0.12  0.03    0.12  0.03    0.40  0.02
    12     13   -0.47  0.08    0.14  0.06    0.17  0.06    0.51  0.04
    13     14   -0.88  0.11    0.23  0.07    0.30  0.08    0.71  0.05
    14     15   -1.46  0.13    0.29  0.26    0.41  0.27    0.99  0.12


Final results in kJ/mol:

point      0 -      1,   DG  2.43 +/-  0.11
point      1 -      2,   DG  3.23 +/-  0.28
point      2 -      3,   DG  0.31 +/-  0.27
point      3 -      4,   DG -1.72 +/-  0.14
point      4 -      5,   DG -2.71 +/-  0.06
point      5 -      6,   DG -3.33 +/-  0.07
point      6 -      7,   DG -3.85 +/-  0.04
point      7 -      8,   DG -4.23 +/-  0.05
point      8 -      9,   DG -4.54 +/-  0.02
point      9 -     10,   DG -4.70 +/-  0.04
point     10 -     11,   DG -0.17 +/-  0.02
point     11 -     12,   DG -0.52 +/-  0.09
point     12 -     13,   DG -1.17 +/-  0.19
point     13 -     14,   DG -2.17 +/-  0.27
point     14 -     15,   DG -3.62 +/-  0.32

total      0 -     15,   DG -26.76 +/-  0.53

