
md10.edr: 0.0 - 20001.0; lambda = (0, 0.9)
    foreign lambdas:
        delta H to (0, 0.8) (20001 pts)
        delta H to (0, 0.9) (20001 pts)
        delta H to (0, 1) (20001 pts)



md11.edr: 0.0 - 20001.0; lambda = (0, 1)
    foreign lambdas:
        delta H to (0, 0.9) (20001 pts)
        delta H to (0, 1) (20001 pts)
        delta H to (0.2, 1) (20001 pts)



md12.edr: 0.0 - 20001.0; lambda = (0.2, 1)
    foreign lambdas:
        delta H to (0, 1) (20001 pts)
        delta H to (0.2, 1) (20001 pts)
        delta H to (0.4, 1) (20001 pts)



md13.edr: 0.0 - 20001.0; lambda = (0.4, 1)
    foreign lambdas:
        delta H to (0.2, 1) (20001 pts)
        delta H to (0.4, 1) (20001 pts)
        delta H to (0.6, 1) (20001 pts)



md14.edr: 0.0 - 20001.0; lambda = (0.6, 1)
    foreign lambdas:
        delta H to (0.4, 1) (20001 pts)
        delta H to (0.6, 1) (20001 pts)
        delta H to (0.8, 1) (20001 pts)



md15.edr: 0.0 - 20001.0; lambda = (0.8, 1)
    foreign lambdas:
        delta H to (0.6, 1) (20001 pts)
        delta H to (0.8, 1) (20001 pts)
        delta H to (1, 1) (20001 pts)



md16.edr: 0.0 - 20001.0; lambda = (1, 1)
    foreign lambdas:
        delta H to (0.8, 1) (20001 pts)
        delta H to (1, 1) (20001 pts)



md1.edr: 0.0 - 20001.0; lambda = (0, 0)
    foreign lambdas:
        delta H to (0, 0) (20001 pts)
        delta H to (0, 0.1) (20001 pts)



md2.edr: 0.0 - 20001.0; lambda = (0, 0.1)
    foreign lambdas:
        delta H to (0, 0) (20001 pts)
        delta H to (0, 0.1) (20001 pts)
        delta H to (0, 0.2) (20001 pts)



md3.edr: 0.0 - 20001.0; lambda = (0, 0.2)
    foreign lambdas:
        delta H to (0, 0.1) (20001 pts)
        delta H to (0, 0.2) (20001 pts)
        delta H to (0, 0.3) (20001 pts)



md4.edr: 0.0 - 20001.0; lambda = (0, 0.3)
    foreign lambdas:
        delta H to (0, 0.2) (20001 pts)
        delta H to (0, 0.3) (20001 pts)
        delta H to (0, 0.4) (20001 pts)



md5.edr: 0.0 - 20001.0; lambda = (0, 0.4)
    foreign lambdas:
        delta H to (0, 0.3) (20001 pts)
        delta H to (0, 0.4) (20001 pts)
        delta H to (0, 0.5) (20001 pts)



md6.edr: 0.0 - 20001.0; lambda = (0, 0.5)
    foreign lambdas:
        delta H to (0, 0.4) (20001 pts)
        delta H to (0, 0.5) (20001 pts)
        delta H to (0, 0.6) (20001 pts)



md7.edr: 0.0 - 20001.0; lambda = (0, 0.6)
    foreign lambdas:
        delta H to (0, 0.5) (20001 pts)
        delta H to (0, 0.6) (20001 pts)
        delta H to (0, 0.7) (20001 pts)



md8.edr: 0.0 - 20001.0; lambda = (0, 0.7)
    foreign lambdas:
        delta H to (0, 0.6) (20001 pts)
        delta H to (0, 0.7) (20001 pts)
        delta H to (0, 0.8) (20001 pts)



md9.edr: 0.0 - 20001.0; lambda = (0, 0.8)
    foreign lambdas:
        delta H to (0, 0.7) (20001 pts)
        delta H to (0, 0.8) (20001 pts)
        delta H to (0, 0.9) (20001 pts)



   Samples in time interval: 0.000 - 20001.000
Removing samples outside of: 0.000 - 7000.000

Temperature: 298.15 K

Detailed results in kT (see help for explanation):

 lam_A  lam_B      DG   +/-     s_A   +/-     s_B   +/-   stdev   +/- 
     0      1    1.23  0.06    0.84  0.06    0.87  0.07    1.34  0.04
     1      2    1.75  0.18    2.48  0.06    1.99  0.06    2.44  0.04
     2      3    0.17  0.10    2.52  0.16    1.42  0.09    2.04  0.08
     3      4   -0.73  0.02    1.35  0.09    0.81  0.05    1.46  0.04
     4      5   -1.08  0.05    1.07  0.06    0.67  0.05    1.28  0.03
     5      6   -1.36  0.02    0.91  0.04    0.59  0.02    1.18  0.02
     6      7   -1.56  0.02    0.79  0.02    0.51  0.01    1.09  0.01
     7      8   -1.73  0.00    0.67  0.03    0.43  0.02    1.01  0.02
     8      9   -1.85  0.02    0.63  0.01    0.40  0.01    0.96  0.01
     9     10   -1.94  0.02    0.50  0.01    0.31  0.01    0.87  0.01
    10     11   -0.04  0.01    0.05  0.02    0.05  0.01    0.28  0.02
    11     12   -0.16  0.02    0.07  0.01    0.07  0.02    0.32  0.02
    12     13   -0.26  0.04    0.03  0.04    0.04  0.04    0.36  0.02
    13     14   -0.63  0.10    0.32  0.11    0.40  0.13    0.67  0.10
    14     15   -1.04  0.12    0.01  0.15    0.09  0.16    0.79  0.05


Final results in kJ/mol:

point      0 -      1,   DG  3.05 +/-  0.16
point      1 -      2,   DG  4.35 +/-  0.44
point      2 -      3,   DG  0.41 +/-  0.24
point      3 -      4,   DG -1.82 +/-  0.05
point      4 -      5,   DG -2.67 +/-  0.13
point      5 -      6,   DG -3.37 +/-  0.05
point      6 -      7,   DG -3.88 +/-  0.05
point      7 -      8,   DG -4.28 +/-  0.01
point      8 -      9,   DG -4.58 +/-  0.04
point      9 -     10,   DG -4.81 +/-  0.06
point     10 -     11,   DG -0.11 +/-  0.03
point     11 -     12,   DG -0.40 +/-  0.06
point     12 -     13,   DG -0.66 +/-  0.10
point     13 -     14,   DG -1.55 +/-  0.25
point     14 -     15,   DG -2.57 +/-  0.29

total      0 -     15,   DG -22.90 +/-  1.26

