
md10.edr: 0.0 - 20001.0; lambda = (0, 0.9)
    foreign lambdas:
        delta H to (0, 0.8) (20001 pts)
        delta H to (0, 0.9) (20001 pts)
        delta H to (0, 1) (20001 pts)



md11.edr: 0.0 - 20001.0; lambda = (0, 1)
    foreign lambdas:
        delta H to (0, 0.9) (20001 pts)
        delta H to (0, 1) (20001 pts)
        delta H to (0.2, 1) (20001 pts)



md12.edr: 0.0 - 20001.0; lambda = (0.2, 1)
    foreign lambdas:
        delta H to (0, 1) (20001 pts)
        delta H to (0.2, 1) (20001 pts)
        delta H to (0.4, 1) (20001 pts)



md13.edr: 0.0 - 20001.0; lambda = (0.4, 1)
    foreign lambdas:
        delta H to (0.2, 1) (20001 pts)
        delta H to (0.4, 1) (20001 pts)
        delta H to (0.6, 1) (20001 pts)



md14.edr: 0.0 - 20001.0; lambda = (0.6, 1)
    foreign lambdas:
        delta H to (0.4, 1) (20001 pts)
        delta H to (0.6, 1) (20001 pts)
        delta H to (0.8, 1) (20001 pts)



md15.edr: 0.0 - 20001.0; lambda = (0.8, 1)
    foreign lambdas:
        delta H to (0.6, 1) (20001 pts)
        delta H to (0.8, 1) (20001 pts)
        delta H to (1, 1) (20001 pts)



md16.edr: 0.0 - 20001.0; lambda = (1, 1)
    foreign lambdas:
        delta H to (0.8, 1) (20001 pts)
        delta H to (1, 1) (20001 pts)



md1.edr: 0.0 - 20001.0; lambda = (0, 0)
    foreign lambdas:
        delta H to (0, 0) (20001 pts)
        delta H to (0, 0.1) (20001 pts)



md2.edr: 0.0 - 20001.0; lambda = (0, 0.1)
    foreign lambdas:
        delta H to (0, 0) (20001 pts)
        delta H to (0, 0.1) (20001 pts)
        delta H to (0, 0.2) (20001 pts)



md3.edr: 0.0 - 20001.0; lambda = (0, 0.2)
    foreign lambdas:
        delta H to (0, 0.1) (20001 pts)
        delta H to (0, 0.2) (20001 pts)
        delta H to (0, 0.3) (20001 pts)



md4.edr: 0.0 - 20001.0; lambda = (0, 0.3)
    foreign lambdas:
        delta H to (0, 0.2) (20001 pts)
        delta H to (0, 0.3) (20001 pts)
        delta H to (0, 0.4) (20001 pts)



md5.edr: 0.0 - 20001.0; lambda = (0, 0.4)
    foreign lambdas:
        delta H to (0, 0.3) (20001 pts)
        delta H to (0, 0.4) (20001 pts)
        delta H to (0, 0.5) (20001 pts)



md6.edr: 0.0 - 20001.0; lambda = (0, 0.5)
    foreign lambdas:
        delta H to (0, 0.4) (20001 pts)
        delta H to (0, 0.5) (20001 pts)
        delta H to (0, 0.6) (20001 pts)



md7.edr: 0.0 - 20001.0; lambda = (0, 0.6)
    foreign lambdas:
        delta H to (0, 0.5) (20001 pts)
        delta H to (0, 0.6) (20001 pts)
        delta H to (0, 0.7) (20001 pts)



md8.edr: 0.0 - 20001.0; lambda = (0, 0.7)
    foreign lambdas:
        delta H to (0, 0.6) (20001 pts)
        delta H to (0, 0.7) (20001 pts)
        delta H to (0, 0.8) (20001 pts)



md9.edr: 0.0 - 20001.0; lambda = (0, 0.8)
    foreign lambdas:
        delta H to (0, 0.7) (20001 pts)
        delta H to (0, 0.8) (20001 pts)
        delta H to (0, 0.9) (20001 pts)



   Samples in time interval: 0.000 - 20001.000
Removing samples outside of: 0.000 - 18000.000

Temperature: 298.15 K

Detailed results in kT (see help for explanation):

 lam_A  lam_B      DG   +/-     s_A   +/-     s_B   +/-   stdev   +/- 
     0      1    1.17  0.06    0.90  0.04    0.95  0.06    1.38  0.02
     1      2    1.56  0.09    2.37  0.05    1.86  0.05    2.36  0.03
     2      3    0.13  0.02    2.51  0.05    1.41  0.02    2.03  0.02
     3      4   -0.74  0.01    1.31  0.02    0.80  0.01    1.46  0.01
     4      5   -1.08  0.02    1.09  0.02    0.69  0.02    1.30  0.01
     5      6   -1.36  0.01    0.90  0.03    0.58  0.02    1.18  0.01
     6      7   -1.56  0.02    0.78  0.03    0.49  0.02    1.08  0.01
     7      8   -1.73  0.01    0.67  0.01    0.43  0.01    1.00  0.01
     8      9   -1.85  0.00    0.63  0.01    0.39  0.01    0.95  0.01
     9     10   -1.97  0.01    0.51  0.02    0.33  0.02    0.87  0.01
    10     11   -0.05  0.01    0.05  0.01    0.05  0.01    0.31  0.02
    11     12   -0.17  0.01    0.07  0.02    0.08  0.02    0.33  0.02
    12     13   -0.30  0.02    0.05  0.02    0.06  0.02    0.37  0.01
    13     14   -0.51  0.08    0.15  0.09    0.20  0.10    0.56  0.07
    14     15   -0.98  0.09    0.27  0.15    0.36  0.16    0.85  0.06


Final results in kJ/mol:

point      0 -      1,   DG  2.90 +/-  0.16
point      1 -      2,   DG  3.88 +/-  0.22
point      2 -      3,   DG  0.32 +/-  0.04
point      3 -      4,   DG -1.83 +/-  0.02
point      4 -      5,   DG -2.68 +/-  0.05
point      5 -      6,   DG -3.37 +/-  0.02
point      6 -      7,   DG -3.86 +/-  0.04
point      7 -      8,   DG -4.29 +/-  0.02
point      8 -      9,   DG -4.60 +/-  0.01
point      9 -     10,   DG -4.87 +/-  0.04
point     10 -     11,   DG -0.12 +/-  0.04
point     11 -     12,   DG -0.41 +/-  0.04
point     12 -     13,   DG -0.74 +/-  0.04
point     13 -     14,   DG -1.27 +/-  0.19
point     14 -     15,   DG -2.44 +/-  0.23

total      0 -     15,   DG -23.40 +/-  0.48

