
md10.edr: 0.0 - 20001.0; lambda = (0, 0.9)
    foreign lambdas:
        delta H to (0, 0.8) (20001 pts)
        delta H to (0, 0.9) (20001 pts)
        delta H to (0, 1) (20001 pts)



md11.edr: 0.0 - 20001.0; lambda = (0, 1)
    foreign lambdas:
        delta H to (0, 0.9) (20001 pts)
        delta H to (0, 1) (20001 pts)
        delta H to (0.2, 1) (20001 pts)



md12.edr: 0.0 - 20001.0; lambda = (0.2, 1)
    foreign lambdas:
        delta H to (0, 1) (20001 pts)
        delta H to (0.2, 1) (20001 pts)
        delta H to (0.4, 1) (20001 pts)



md13.edr: 0.0 - 20001.0; lambda = (0.4, 1)
    foreign lambdas:
        delta H to (0.2, 1) (20001 pts)
        delta H to (0.4, 1) (20001 pts)
        delta H to (0.6, 1) (20001 pts)



md14.edr: 0.0 - 20001.0; lambda = (0.6, 1)
    foreign lambdas:
        delta H to (0.4, 1) (20001 pts)
        delta H to (0.6, 1) (20001 pts)
        delta H to (0.8, 1) (20001 pts)



md15.edr: 0.0 - 20001.0; lambda = (0.8, 1)
    foreign lambdas:
        delta H to (0.6, 1) (20001 pts)
        delta H to (0.8, 1) (20001 pts)
        delta H to (1, 1) (20001 pts)



md16.edr: 0.0 - 20001.0; lambda = (1, 1)
    foreign lambdas:
        delta H to (0.8, 1) (20001 pts)
        delta H to (1, 1) (20001 pts)



md1.edr: 0.0 - 20001.0; lambda = (0, 0)
    foreign lambdas:
        delta H to (0, 0) (20001 pts)
        delta H to (0, 0.1) (20001 pts)



md2.edr: 0.0 - 20001.0; lambda = (0, 0.1)
    foreign lambdas:
        delta H to (0, 0) (20001 pts)
        delta H to (0, 0.1) (20001 pts)
        delta H to (0, 0.2) (20001 pts)



md3.edr: 0.0 - 20001.0; lambda = (0, 0.2)
    foreign lambdas:
        delta H to (0, 0.1) (20001 pts)
        delta H to (0, 0.2) (20001 pts)
        delta H to (0, 0.3) (20001 pts)



md4.edr: 0.0 - 20001.0; lambda = (0, 0.3)
    foreign lambdas:
        delta H to (0, 0.2) (20001 pts)
        delta H to (0, 0.3) (20001 pts)
        delta H to (0, 0.4) (20001 pts)



md5.edr: 0.0 - 20001.0; lambda = (0, 0.4)
    foreign lambdas:
        delta H to (0, 0.3) (20001 pts)
        delta H to (0, 0.4) (20001 pts)
        delta H to (0, 0.5) (20001 pts)



md6.edr: 0.0 - 20001.0; lambda = (0, 0.5)
    foreign lambdas:
        delta H to (0, 0.4) (20001 pts)
        delta H to (0, 0.5) (20001 pts)
        delta H to (0, 0.6) (20001 pts)



md7.edr: 0.0 - 20001.0; lambda = (0, 0.6)
    foreign lambdas:
        delta H to (0, 0.5) (20001 pts)
        delta H to (0, 0.6) (20001 pts)
        delta H to (0, 0.7) (20001 pts)



md8.edr: 0.0 - 20001.0; lambda = (0, 0.7)
    foreign lambdas:
        delta H to (0, 0.6) (20001 pts)
        delta H to (0, 0.7) (20001 pts)
        delta H to (0, 0.8) (20001 pts)



md9.edr: 0.0 - 20001.0; lambda = (0, 0.8)
    foreign lambdas:
        delta H to (0, 0.7) (20001 pts)
        delta H to (0, 0.8) (20001 pts)
        delta H to (0, 0.9) (20001 pts)



   Samples in time interval: 0.000 - 20001.000
Removing samples outside of: 0.000 - 4000.000

Temperature: 298.15 K

Detailed results in kT (see help for explanation):

 lam_A  lam_B      DG   +/-     s_A   +/-     s_B   +/-   stdev   +/- 
     0      1    1.26  0.05    0.89  0.09    0.95  0.10    1.38  0.05
     1      2    1.65  0.25    2.46  0.04    1.94  0.06    2.42  0.04
     2      3    0.16  0.20    2.44  0.25    1.38  0.18    2.01  0.16
     3      4   -0.73  0.06    1.39  0.08    0.83  0.05    1.49  0.04
     4      5   -1.10  0.03    1.10  0.05    0.68  0.03    1.28  0.02
     5      6   -1.38  0.03    0.84  0.03    0.56  0.02    1.15  0.01
     6      7   -1.55  0.03    0.81  0.04    0.53  0.03    1.10  0.02
     7      8   -1.73  0.02    0.68  0.04    0.44  0.03    1.02  0.02
     8      9   -1.85  0.01    0.64  0.02    0.41  0.01    0.97  0.01
     9     10   -1.96  0.02    0.49  0.02    0.31  0.01    0.86  0.01
    10     11   -0.07  0.02    0.05  0.03    0.05  0.03    0.27  0.03
    11     12   -0.20  0.05    0.09  0.03    0.09  0.04    0.34  0.03
    12     13   -0.29  0.07   -0.00  0.06    0.00  0.06    0.38  0.02
    13     14   -0.79  0.03    0.50  0.09    0.58  0.10    0.80  0.06
    14     15   -1.17  0.08   -0.21  0.08   -0.16  0.07    0.79  0.02

WARNING: Some of these results violate the Second Law of Thermodynamics: 
         This is can be the result of severe undersampling, or (more likely)
         there is something wrong with the simulations.


Final results in kJ/mol:

point      0 -      1,   DG  3.12 +/-  0.13
point      1 -      2,   DG  4.09 +/-  0.62
point      2 -      3,   DG  0.39 +/-  0.50
point      3 -      4,   DG -1.81 +/-  0.14
point      4 -      5,   DG -2.73 +/-  0.08
point      5 -      6,   DG -3.43 +/-  0.06
point      6 -      7,   DG -3.85 +/-  0.07
point      7 -      8,   DG -4.29 +/-  0.05
point      8 -      9,   DG -4.60 +/-  0.03
point      9 -     10,   DG -4.87 +/-  0.04
point     10 -     11,   DG -0.16 +/-  0.04
point     11 -     12,   DG -0.51 +/-  0.13
point     12 -     13,   DG -0.73 +/-  0.17
point     13 -     14,   DG -1.96 +/-  0.08
point     14 -     15,   DG -2.90 +/-  0.20

total      0 -     15,   DG -24.23 +/-  1.38

