
md10.edr: 0.0 - 20001.0; lambda = (0, 0.9)
    foreign lambdas:
        delta H to (0, 0.8) (20001 pts)
        delta H to (0, 0.9) (20001 pts)
        delta H to (0, 1) (20001 pts)



md11.edr: 0.0 - 20001.0; lambda = (0, 1)
    foreign lambdas:
        delta H to (0, 0.9) (20001 pts)
        delta H to (0, 1) (20001 pts)
        delta H to (0.2, 1) (20001 pts)



md12.edr: 0.0 - 20001.0; lambda = (0.2, 1)
    foreign lambdas:
        delta H to (0, 1) (20001 pts)
        delta H to (0.2, 1) (20001 pts)
        delta H to (0.4, 1) (20001 pts)



md13.edr: 0.0 - 20001.0; lambda = (0.4, 1)
    foreign lambdas:
        delta H to (0.2, 1) (20001 pts)
        delta H to (0.4, 1) (20001 pts)
        delta H to (0.6, 1) (20001 pts)



md14.edr: 0.0 - 20001.0; lambda = (0.6, 1)
    foreign lambdas:
        delta H to (0.4, 1) (20001 pts)
        delta H to (0.6, 1) (20001 pts)
        delta H to (0.8, 1) (20001 pts)



md15.edr: 0.0 - 20001.0; lambda = (0.8, 1)
    foreign lambdas:
        delta H to (0.6, 1) (20001 pts)
        delta H to (0.8, 1) (20001 pts)
        delta H to (1, 1) (20001 pts)



md16.edr: 0.0 - 20001.0; lambda = (1, 1)
    foreign lambdas:
        delta H to (0.8, 1) (20001 pts)
        delta H to (1, 1) (20001 pts)



md1.edr: 0.0 - 20001.0; lambda = (0, 0)
    foreign lambdas:
        delta H to (0, 0) (20001 pts)
        delta H to (0, 0.1) (20001 pts)



md2.edr: 0.0 - 20001.0; lambda = (0, 0.1)
    foreign lambdas:
        delta H to (0, 0) (20001 pts)
        delta H to (0, 0.1) (20001 pts)
        delta H to (0, 0.2) (20001 pts)



md3.edr: 0.0 - 20001.0; lambda = (0, 0.2)
    foreign lambdas:
        delta H to (0, 0.1) (20001 pts)
        delta H to (0, 0.2) (20001 pts)
        delta H to (0, 0.3) (20001 pts)



md4.edr: 0.0 - 20001.0; lambda = (0, 0.3)
    foreign lambdas:
        delta H to (0, 0.2) (20001 pts)
        delta H to (0, 0.3) (20001 pts)
        delta H to (0, 0.4) (20001 pts)



md5.edr: 0.0 - 20001.0; lambda = (0, 0.4)
    foreign lambdas:
        delta H to (0, 0.3) (20001 pts)
        delta H to (0, 0.4) (20001 pts)
        delta H to (0, 0.5) (20001 pts)



md6.edr: 0.0 - 20001.0; lambda = (0, 0.5)
    foreign lambdas:
        delta H to (0, 0.4) (20001 pts)
        delta H to (0, 0.5) (20001 pts)
        delta H to (0, 0.6) (20001 pts)



md7.edr: 0.0 - 20001.0; lambda = (0, 0.6)
    foreign lambdas:
        delta H to (0, 0.5) (20001 pts)
        delta H to (0, 0.6) (20001 pts)
        delta H to (0, 0.7) (20001 pts)



md8.edr: 0.0 - 20001.0; lambda = (0, 0.7)
    foreign lambdas:
        delta H to (0, 0.6) (20001 pts)
        delta H to (0, 0.7) (20001 pts)
        delta H to (0, 0.8) (20001 pts)



md9.edr: 0.0 - 20001.0; lambda = (0, 0.8)
    foreign lambdas:
        delta H to (0, 0.7) (20001 pts)
        delta H to (0, 0.8) (20001 pts)
        delta H to (0, 0.9) (20001 pts)



   Samples in time interval: 0.000 - 20001.000
Removing samples outside of: 0.000 - 20000.000

Temperature: 298.15 K

Detailed results in kT (see help for explanation):

 lam_A  lam_B      DG   +/-     s_A   +/-     s_B   +/-   stdev   +/- 
     0      1    1.18  0.05    0.89  0.05    0.94  0.06    1.37  0.02
     1      2    1.58  0.07    2.40  0.06    1.90  0.06    2.38  0.04
     2      3    0.10  0.04    2.47  0.04    1.38  0.03    2.01  0.02
     3      4   -0.74  0.01    1.31  0.03    0.80  0.02    1.45  0.01
     4      5   -1.08  0.01    1.10  0.03    0.70  0.02    1.30  0.01
     5      6   -1.37  0.02    0.90  0.04    0.58  0.02    1.17  0.02
     6      7   -1.56  0.01    0.77  0.03    0.49  0.02    1.08  0.01
     7      8   -1.73  0.01    0.67  0.01    0.43  0.01    1.00  0.01
     8      9   -1.86  0.00    0.62  0.01    0.39  0.01    0.95  0.01
     9     10   -1.96  0.01    0.51  0.01    0.33  0.01    0.87  0.01
    10     11   -0.05  0.01    0.04  0.00    0.04  0.00    0.31  0.01
    11     12   -0.16  0.02    0.07  0.01    0.08  0.01    0.33  0.01
    12     13   -0.30  0.02    0.06  0.02    0.07  0.02    0.38  0.01
    13     14   -0.50  0.08    0.14  0.10    0.19  0.11    0.55  0.07
    14     15   -0.97  0.07    0.28  0.13    0.38  0.14    0.86  0.03


Final results in kJ/mol:

point      0 -      1,   DG  2.92 +/-  0.13
point      1 -      2,   DG  3.90 +/-  0.18
point      2 -      3,   DG  0.25 +/-  0.11
point      3 -      4,   DG -1.84 +/-  0.03
point      4 -      5,   DG -2.69 +/-  0.03
point      5 -      6,   DG -3.40 +/-  0.05
point      6 -      7,   DG -3.87 +/-  0.03
point      7 -      8,   DG -4.30 +/-  0.02
point      8 -      9,   DG -4.61 +/-  0.01
point      9 -     10,   DG -4.87 +/-  0.03
point     10 -     11,   DG -0.12 +/-  0.04
point     11 -     12,   DG -0.40 +/-  0.06
point     12 -     13,   DG -0.73 +/-  0.05
point     13 -     14,   DG -1.24 +/-  0.19
point     14 -     15,   DG -2.39 +/-  0.17

total      0 -     15,   DG -23.39 +/-  0.40

