
md10.edr: 0.0 - 20001.0; lambda = (0, 0.9)
    foreign lambdas:
        delta H to (0, 0.8) (20001 pts)
        delta H to (0, 0.9) (20001 pts)
        delta H to (0, 1) (20001 pts)



md11.edr: 0.0 - 20001.0; lambda = (0, 1)
    foreign lambdas:
        delta H to (0, 0.9) (20001 pts)
        delta H to (0, 1) (20001 pts)
        delta H to (0.2, 1) (20001 pts)



md12.edr: 0.0 - 20001.0; lambda = (0.2, 1)
    foreign lambdas:
        delta H to (0, 1) (20001 pts)
        delta H to (0.2, 1) (20001 pts)
        delta H to (0.4, 1) (20001 pts)



md13.edr: 0.0 - 20001.0; lambda = (0.4, 1)
    foreign lambdas:
        delta H to (0.2, 1) (20001 pts)
        delta H to (0.4, 1) (20001 pts)
        delta H to (0.6, 1) (20001 pts)



md14.edr: 0.0 - 20001.0; lambda = (0.6, 1)
    foreign lambdas:
        delta H to (0.4, 1) (20001 pts)
        delta H to (0.6, 1) (20001 pts)
        delta H to (0.8, 1) (20001 pts)



md15.edr: 0.0 - 20001.0; lambda = (0.8, 1)
    foreign lambdas:
        delta H to (0.6, 1) (20001 pts)
        delta H to (0.8, 1) (20001 pts)
        delta H to (1, 1) (20001 pts)



md16.edr: 0.0 - 20001.0; lambda = (1, 1)
    foreign lambdas:
        delta H to (0.8, 1) (20001 pts)
        delta H to (1, 1) (20001 pts)



md1.edr: 0.0 - 20001.0; lambda = (0, 0)
    foreign lambdas:
        delta H to (0, 0) (20001 pts)
        delta H to (0, 0.1) (20001 pts)



md2.edr: 0.0 - 20001.0; lambda = (0, 0.1)
    foreign lambdas:
        delta H to (0, 0) (20001 pts)
        delta H to (0, 0.1) (20001 pts)
        delta H to (0, 0.2) (20001 pts)



md3.edr: 0.0 - 20001.0; lambda = (0, 0.2)
    foreign lambdas:
        delta H to (0, 0.1) (20001 pts)
        delta H to (0, 0.2) (20001 pts)
        delta H to (0, 0.3) (20001 pts)



md4.edr: 0.0 - 20001.0; lambda = (0, 0.3)
    foreign lambdas:
        delta H to (0, 0.2) (20001 pts)
        delta H to (0, 0.3) (20001 pts)
        delta H to (0, 0.4) (20001 pts)



md5.edr: 0.0 - 20001.0; lambda = (0, 0.4)
    foreign lambdas:
        delta H to (0, 0.3) (20001 pts)
        delta H to (0, 0.4) (20001 pts)
        delta H to (0, 0.5) (20001 pts)



md6.edr: 0.0 - 20001.0; lambda = (0, 0.5)
    foreign lambdas:
        delta H to (0, 0.4) (20001 pts)
        delta H to (0, 0.5) (20001 pts)
        delta H to (0, 0.6) (20001 pts)



md7.edr: 0.0 - 20001.0; lambda = (0, 0.6)
    foreign lambdas:
        delta H to (0, 0.5) (20001 pts)
        delta H to (0, 0.6) (20001 pts)
        delta H to (0, 0.7) (20001 pts)



md8.edr: 0.0 - 20001.0; lambda = (0, 0.7)
    foreign lambdas:
        delta H to (0, 0.6) (20001 pts)
        delta H to (0, 0.7) (20001 pts)
        delta H to (0, 0.8) (20001 pts)



md9.edr: 0.0 - 20001.0; lambda = (0, 0.8)
    foreign lambdas:
        delta H to (0, 0.7) (20001 pts)
        delta H to (0, 0.8) (20001 pts)
        delta H to (0, 0.9) (20001 pts)



   Samples in time interval: 0.000 - 20001.000
Removing samples outside of: 0.000 - 3000.000

Temperature: 298.15 K

Detailed results in kT (see help for explanation):

 lam_A  lam_B      DG   +/-     s_A   +/-     s_B   +/-   stdev   +/- 
     0      1    1.27  0.07    0.85  0.11    0.88  0.11    1.34  0.06
     1      2    1.86  0.21    2.41  0.16    1.99  0.14    2.42  0.12
     2      3    0.29  0.21    2.60  0.23    1.49  0.19    2.11  0.17
     3      4   -0.72  0.05    1.44  0.10    0.85  0.05    1.51  0.04
     4      5   -1.14  0.05    1.10  0.08    0.66  0.04    1.28  0.03
     5      6   -1.40  0.04    0.85  0.03    0.56  0.02    1.15  0.01
     6      7   -1.55  0.06    0.78  0.05    0.50  0.03    1.09  0.02
     7      8   -1.71  0.02    0.70  0.05    0.45  0.04    1.03  0.02
     8      9   -1.85  0.02    0.65  0.02    0.41  0.02    0.98  0.00
     9     10   -1.97  0.02    0.48  0.02    0.30  0.02    0.86  0.01
    10     11   -0.07  0.02    0.04  0.03    0.04  0.03    0.27  0.04
    11     12   -0.20  0.06    0.09  0.03    0.10  0.03    0.34  0.03
    12     13   -0.32  0.07    0.02  0.07    0.03  0.07    0.40  0.03
    13     14   -0.80  0.09    0.45  0.09    0.53  0.18    0.78  0.10
    14     15   -1.13  0.10   -0.20  0.12   -0.14  0.11    0.79  0.04


Final results in kJ/mol:

point      0 -      1,   DG  3.15 +/-  0.17
point      1 -      2,   DG  4.60 +/-  0.53
point      2 -      3,   DG  0.72 +/-  0.52
point      3 -      4,   DG -1.79 +/-  0.13
point      4 -      5,   DG -2.81 +/-  0.12
point      5 -      6,   DG -3.48 +/-  0.10
point      6 -      7,   DG -3.85 +/-  0.14
point      7 -      8,   DG -4.25 +/-  0.05
point      8 -      9,   DG -4.59 +/-  0.04
point      9 -     10,   DG -4.88 +/-  0.05
point     10 -     11,   DG -0.17 +/-  0.06
point     11 -     12,   DG -0.50 +/-  0.14
point     12 -     13,   DG -0.80 +/-  0.18
point     13 -     14,   DG -1.97 +/-  0.22
point     14 -     15,   DG -2.81 +/-  0.25

total      0 -     15,   DG -23.45 +/-  1.47

