
md10.edr: 0.0 - 20001.0; lambda = (0, 0.9)
    foreign lambdas:
        delta H to (0, 0.8) (20001 pts)
        delta H to (0, 0.9) (20001 pts)
        delta H to (0, 1) (20001 pts)



md11.edr: 0.0 - 20001.0; lambda = (0, 1)
    foreign lambdas:
        delta H to (0, 0.9) (20001 pts)
        delta H to (0, 1) (20001 pts)
        delta H to (0.2, 1) (20001 pts)



md12.edr: 0.0 - 20001.0; lambda = (0.2, 1)
    foreign lambdas:
        delta H to (0, 1) (20001 pts)
        delta H to (0.2, 1) (20001 pts)
        delta H to (0.4, 1) (20001 pts)



md13.edr: 0.0 - 20001.0; lambda = (0.4, 1)
    foreign lambdas:
        delta H to (0.2, 1) (20001 pts)
        delta H to (0.4, 1) (20001 pts)
        delta H to (0.6, 1) (20001 pts)



md14.edr: 0.0 - 20001.0; lambda = (0.6, 1)
    foreign lambdas:
        delta H to (0.4, 1) (20001 pts)
        delta H to (0.6, 1) (20001 pts)
        delta H to (0.8, 1) (20001 pts)



md15.edr: 0.0 - 20001.0; lambda = (0.8, 1)
    foreign lambdas:
        delta H to (0.6, 1) (20001 pts)
        delta H to (0.8, 1) (20001 pts)
        delta H to (1, 1) (20001 pts)



md16.edr: 0.0 - 20001.0; lambda = (1, 1)
    foreign lambdas:
        delta H to (0.8, 1) (20001 pts)
        delta H to (1, 1) (20001 pts)



md1.edr: 0.0 - 20001.0; lambda = (0, 0)
    foreign lambdas:
        delta H to (0, 0) (20001 pts)
        delta H to (0, 0.1) (20001 pts)



md2.edr: 0.0 - 20001.0; lambda = (0, 0.1)
    foreign lambdas:
        delta H to (0, 0) (20001 pts)
        delta H to (0, 0.1) (20001 pts)
        delta H to (0, 0.2) (20001 pts)



md3.edr: 0.0 - 20001.0; lambda = (0, 0.2)
    foreign lambdas:
        delta H to (0, 0.1) (20001 pts)
        delta H to (0, 0.2) (20001 pts)
        delta H to (0, 0.3) (20001 pts)



md4.edr: 0.0 - 20001.0; lambda = (0, 0.3)
    foreign lambdas:
        delta H to (0, 0.2) (20001 pts)
        delta H to (0, 0.3) (20001 pts)
        delta H to (0, 0.4) (20001 pts)



md5.edr: 0.0 - 20001.0; lambda = (0, 0.4)
    foreign lambdas:
        delta H to (0, 0.3) (20001 pts)
        delta H to (0, 0.4) (20001 pts)
        delta H to (0, 0.5) (20001 pts)



md6.edr: 0.0 - 20001.0; lambda = (0, 0.5)
    foreign lambdas:
        delta H to (0, 0.4) (20001 pts)
        delta H to (0, 0.5) (20001 pts)
        delta H to (0, 0.6) (20001 pts)



md7.edr: 0.0 - 20001.0; lambda = (0, 0.6)
    foreign lambdas:
        delta H to (0, 0.5) (20001 pts)
        delta H to (0, 0.6) (20001 pts)
        delta H to (0, 0.7) (20001 pts)



md8.edr: 0.0 - 20001.0; lambda = (0, 0.7)
    foreign lambdas:
        delta H to (0, 0.6) (20001 pts)
        delta H to (0, 0.7) (20001 pts)
        delta H to (0, 0.8) (20001 pts)



md9.edr: 0.0 - 20001.0; lambda = (0, 0.8)
    foreign lambdas:
        delta H to (0, 0.7) (20001 pts)
        delta H to (0, 0.8) (20001 pts)
        delta H to (0, 0.9) (20001 pts)



   Samples in time interval: 0.000 - 20001.000
Removing samples outside of: 0.000 - 2000.000

Temperature: 298.15 K

Detailed results in kT (see help for explanation):

 lam_A  lam_B      DG   +/-     s_A   +/-     s_B   +/-   stdev   +/- 
     0      1    1.23  0.10    0.84  0.24    0.86  0.23    1.36  0.10
     1      2    1.75  0.18    2.51  0.24    2.01  0.17    2.43  0.16
     2      3    0.32  0.20    2.35  0.12    1.40  0.09    2.02  0.08
     3      4   -0.60  0.07    1.53  0.14    0.89  0.07    1.57  0.06
     4      5   -1.08  0.05    1.20  0.04    0.72  0.04    1.33  0.02
     5      6   -1.41  0.05    0.86  0.06    0.57  0.04    1.16  0.01
     6      7   -1.56  0.07    0.80  0.08    0.51  0.05    1.10  0.03
     7      8   -1.73  0.02    0.69  0.04    0.44  0.02    1.03  0.03
     8      9   -1.86  0.03    0.66  0.03    0.41  0.03    0.98  0.01
     9     10   -1.97  0.04    0.50  0.04    0.31  0.03    0.87  0.02
    10     11   -0.05  0.02    0.01  0.02    0.01  0.02    0.22  0.01
    11     12   -0.16  0.04    0.11  0.05    0.11  0.05    0.32  0.03
    12     13   -0.38  0.08    0.10  0.02    0.11  0.02    0.41  0.03
    13     14   -0.78  0.10    0.29  0.08    0.34  0.09    0.65  0.06
    14     15   -1.04  0.16   -0.07  0.09   -0.03  0.09    0.76  0.06


Final results in kJ/mol:

point      0 -      1,   DG  3.05 +/-  0.26
point      1 -      2,   DG  4.33 +/-  0.44
point      2 -      3,   DG  0.79 +/-  0.48
point      3 -      4,   DG -1.48 +/-  0.17
point      4 -      5,   DG -2.68 +/-  0.12
point      5 -      6,   DG -3.50 +/-  0.12
point      6 -      7,   DG -3.86 +/-  0.18
point      7 -      8,   DG -4.28 +/-  0.05
point      8 -      9,   DG -4.60 +/-  0.08
point      9 -     10,   DG -4.90 +/-  0.09
point     10 -     11,   DG -0.12 +/-  0.05
point     11 -     12,   DG -0.40 +/-  0.10
point     12 -     13,   DG -0.93 +/-  0.19
point     13 -     14,   DG -1.92 +/-  0.25
point     14 -     15,   DG -2.59 +/-  0.40

total      0 -     15,   DG -23.09 +/-  1.69

