
md10.edr: 0.0 - 20001.0; lambda = (0, 0.9)
    foreign lambdas:
        delta H to (0, 0.8) (20001 pts)
        delta H to (0, 0.9) (20001 pts)
        delta H to (0, 1) (20001 pts)



md11.edr: 0.0 - 20001.0; lambda = (0, 1)
    foreign lambdas:
        delta H to (0, 0.9) (20001 pts)
        delta H to (0, 1) (20001 pts)
        delta H to (0.2, 1) (20001 pts)



md12.edr: 0.0 - 20001.0; lambda = (0.2, 1)
    foreign lambdas:
        delta H to (0, 1) (20001 pts)
        delta H to (0.2, 1) (20001 pts)
        delta H to (0.4, 1) (20001 pts)



md13.edr: 0.0 - 20001.0; lambda = (0.4, 1)
    foreign lambdas:
        delta H to (0.2, 1) (20001 pts)
        delta H to (0.4, 1) (20001 pts)
        delta H to (0.6, 1) (20001 pts)



md14.edr: 0.0 - 20001.0; lambda = (0.6, 1)
    foreign lambdas:
        delta H to (0.4, 1) (20001 pts)
        delta H to (0.6, 1) (20001 pts)
        delta H to (0.8, 1) (20001 pts)



md15.edr: 0.0 - 20001.0; lambda = (0.8, 1)
    foreign lambdas:
        delta H to (0.6, 1) (20001 pts)
        delta H to (0.8, 1) (20001 pts)
        delta H to (1, 1) (20001 pts)



md16.edr: 0.0 - 20001.0; lambda = (1, 1)
    foreign lambdas:
        delta H to (0.8, 1) (20001 pts)
        delta H to (1, 1) (20001 pts)



md1.edr: 0.0 - 20001.0; lambda = (0, 0)
    foreign lambdas:
        delta H to (0, 0) (20001 pts)
        delta H to (0, 0.1) (20001 pts)



md2.edr: 0.0 - 20001.0; lambda = (0, 0.1)
    foreign lambdas:
        delta H to (0, 0) (20001 pts)
        delta H to (0, 0.1) (20001 pts)
        delta H to (0, 0.2) (20001 pts)



md3.edr: 0.0 - 20001.0; lambda = (0, 0.2)
    foreign lambdas:
        delta H to (0, 0.1) (20001 pts)
        delta H to (0, 0.2) (20001 pts)
        delta H to (0, 0.3) (20001 pts)



md4.edr: 0.0 - 20001.0; lambda = (0, 0.3)
    foreign lambdas:
        delta H to (0, 0.2) (20001 pts)
        delta H to (0, 0.3) (20001 pts)
        delta H to (0, 0.4) (20001 pts)



md5.edr: 0.0 - 20001.0; lambda = (0, 0.4)
    foreign lambdas:
        delta H to (0, 0.3) (20001 pts)
        delta H to (0, 0.4) (20001 pts)
        delta H to (0, 0.5) (20001 pts)



md6.edr: 0.0 - 20001.0; lambda = (0, 0.5)
    foreign lambdas:
        delta H to (0, 0.4) (20001 pts)
        delta H to (0, 0.5) (20001 pts)
        delta H to (0, 0.6) (20001 pts)



md7.edr: 0.0 - 20001.0; lambda = (0, 0.6)
    foreign lambdas:
        delta H to (0, 0.5) (20001 pts)
        delta H to (0, 0.6) (20001 pts)
        delta H to (0, 0.7) (20001 pts)



md8.edr: 0.0 - 20001.0; lambda = (0, 0.7)
    foreign lambdas:
        delta H to (0, 0.6) (20001 pts)
        delta H to (0, 0.7) (20001 pts)
        delta H to (0, 0.8) (20001 pts)



md9.edr: 0.0 - 20001.0; lambda = (0, 0.8)
    foreign lambdas:
        delta H to (0, 0.7) (20001 pts)
        delta H to (0, 0.8) (20001 pts)
        delta H to (0, 0.9) (20001 pts)



   Samples in time interval: 0.000 - 20001.000
Removing samples outside of: 0.000 - 5000.000

Temperature: 298.15 K

Detailed results in kT (see help for explanation):

 lam_A  lam_B      DG   +/-     s_A   +/-     s_B   +/-   stdev   +/- 
     0      1    1.27  0.02    0.86  0.07    0.91  0.08    1.35  0.05
     1      2    1.68  0.18    2.54  0.12    2.01  0.10    2.47  0.07
     2      3    0.11  0.11    2.42  0.20    1.37  0.09    2.00  0.09
     3      4   -0.74  0.07    1.34  0.09    0.80  0.05    1.46  0.05
     4      5   -1.07  0.06    1.10  0.07    0.70  0.05    1.30  0.04
     5      6   -1.37  0.03    0.88  0.04    0.57  0.02    1.17  0.02
     6      7   -1.55  0.03    0.82  0.04    0.54  0.03    1.11  0.01
     7      8   -1.73  0.02    0.67  0.02    0.43  0.02    1.01  0.01
     8      9   -1.85  0.01    0.64  0.01    0.41  0.01    0.97  0.01
     9     10   -1.94  0.02    0.49  0.01    0.30  0.01    0.87  0.01
    10     11   -0.06  0.02    0.05  0.02    0.05  0.02    0.27  0.03
    11     12   -0.19  0.03    0.08  0.02    0.08  0.02    0.33  0.02
    12     13   -0.27  0.05    0.00  0.05    0.01  0.05    0.37  0.03
    13     14   -0.71  0.09    0.43  0.11    0.51  0.13    0.75  0.09
    14     15   -1.08  0.12   -0.14  0.10   -0.08  0.10    0.78  0.03


Final results in kJ/mol:

point      0 -      1,   DG  3.14 +/-  0.06
point      1 -      2,   DG  4.16 +/-  0.44
point      2 -      3,   DG  0.27 +/-  0.27
point      3 -      4,   DG -1.84 +/-  0.17
point      4 -      5,   DG -2.65 +/-  0.15
point      5 -      6,   DG -3.38 +/-  0.08
point      6 -      7,   DG -3.85 +/-  0.08
point      7 -      8,   DG -4.29 +/-  0.04
point      8 -      9,   DG -4.58 +/-  0.02
point      9 -     10,   DG -4.82 +/-  0.06
point     10 -     11,   DG -0.14 +/-  0.04
point     11 -     12,   DG -0.47 +/-  0.08
point     12 -     13,   DG -0.67 +/-  0.14
point     13 -     14,   DG -1.75 +/-  0.23
point     14 -     15,   DG -2.68 +/-  0.29

total      0 -     15,   DG -23.56 +/-  1.12

