
md10.edr: 0.0 - 20001.0; lambda = (0, 0.9)
    foreign lambdas:
        delta H to (0, 0.8) (20001 pts)
        delta H to (0, 0.9) (20001 pts)
        delta H to (0, 1) (20001 pts)



md11.edr: 0.0 - 20001.0; lambda = (0, 1)
    foreign lambdas:
        delta H to (0, 0.9) (20001 pts)
        delta H to (0, 1) (20001 pts)
        delta H to (0.2, 1) (20001 pts)



md12.edr: 0.0 - 20001.0; lambda = (0.2, 1)
    foreign lambdas:
        delta H to (0, 1) (20001 pts)
        delta H to (0.2, 1) (20001 pts)
        delta H to (0.4, 1) (20001 pts)



md13.edr: 0.0 - 20001.0; lambda = (0.4, 1)
    foreign lambdas:
        delta H to (0.2, 1) (20001 pts)
        delta H to (0.4, 1) (20001 pts)
        delta H to (0.6, 1) (20001 pts)



md14.edr: 0.0 - 20001.0; lambda = (0.6, 1)
    foreign lambdas:
        delta H to (0.4, 1) (20001 pts)
        delta H to (0.6, 1) (20001 pts)
        delta H to (0.8, 1) (20001 pts)



md15.edr: 0.0 - 20001.0; lambda = (0.8, 1)
    foreign lambdas:
        delta H to (0.6, 1) (20001 pts)
        delta H to (0.8, 1) (20001 pts)
        delta H to (1, 1) (20001 pts)



md16.edr: 0.0 - 20001.0; lambda = (1, 1)
    foreign lambdas:
        delta H to (0.8, 1) (20001 pts)
        delta H to (1, 1) (20001 pts)



md1.edr: 0.0 - 20001.0; lambda = (0, 0)
    foreign lambdas:
        delta H to (0, 0) (20001 pts)
        delta H to (0, 0.1) (20001 pts)



md2.edr: 0.0 - 20001.0; lambda = (0, 0.1)
    foreign lambdas:
        delta H to (0, 0) (20001 pts)
        delta H to (0, 0.1) (20001 pts)
        delta H to (0, 0.2) (20001 pts)



md3.edr: 0.0 - 20001.0; lambda = (0, 0.2)
    foreign lambdas:
        delta H to (0, 0.1) (20001 pts)
        delta H to (0, 0.2) (20001 pts)
        delta H to (0, 0.3) (20001 pts)



md4.edr: 0.0 - 20001.0; lambda = (0, 0.3)
    foreign lambdas:
        delta H to (0, 0.2) (20001 pts)
        delta H to (0, 0.3) (20001 pts)
        delta H to (0, 0.4) (20001 pts)



md5.edr: 0.0 - 20001.0; lambda = (0, 0.4)
    foreign lambdas:
        delta H to (0, 0.3) (20001 pts)
        delta H to (0, 0.4) (20001 pts)
        delta H to (0, 0.5) (20001 pts)



md6.edr: 0.0 - 20001.0; lambda = (0, 0.5)
    foreign lambdas:
        delta H to (0, 0.4) (20001 pts)
        delta H to (0, 0.5) (20001 pts)
        delta H to (0, 0.6) (20001 pts)



md7.edr: 0.0 - 20001.0; lambda = (0, 0.6)
    foreign lambdas:
        delta H to (0, 0.5) (20001 pts)
        delta H to (0, 0.6) (20001 pts)
        delta H to (0, 0.7) (20001 pts)



md8.edr: 0.0 - 20001.0; lambda = (0, 0.7)
    foreign lambdas:
        delta H to (0, 0.6) (20001 pts)
        delta H to (0, 0.7) (20001 pts)
        delta H to (0, 0.8) (20001 pts)



md9.edr: 0.0 - 20001.0; lambda = (0, 0.8)
    foreign lambdas:
        delta H to (0, 0.7) (20001 pts)
        delta H to (0, 0.8) (20001 pts)
        delta H to (0, 0.9) (20001 pts)



   Samples in time interval: 0.000 - 20001.000
Removing samples outside of: 0.000 - 13000.000

Temperature: 298.15 K

Detailed results in kT (see help for explanation):

 lam_A  lam_B      DG   +/-     s_A   +/-     s_B   +/-   stdev   +/- 
     0      1    1.16  0.04    0.90  0.12    0.96  0.13    1.40  0.05
     1      2    1.43  0.12    2.48  0.16    1.89  0.13    2.40  0.10
     2      3    0.04  0.04    2.26  0.08    1.30  0.04    1.95  0.02
     3      4   -0.71  0.01    1.44  0.05    0.88  0.02    1.51  0.02
     4      5   -1.11  0.02    1.07  0.02    0.68  0.02    1.29  0.01
     5      6   -1.35  0.01    0.91  0.02    0.59  0.01    1.19  0.00
     6      7   -1.58  0.01    0.80  0.03    0.51  0.02    1.10  0.02
     7      8   -1.73  0.01    0.70  0.02    0.44  0.02    1.03  0.01
     8      9   -1.89  0.03    0.65  0.01    0.42  0.01    0.97  0.01
     9     10   -1.97  0.01    0.51  0.01    0.32  0.01    0.89  0.01
    10     11   -0.07  0.02    0.06  0.02    0.06  0.02    0.34  0.01
    11     12   -0.21  0.01    0.07  0.02    0.08  0.02    0.37  0.01
    12     13   -0.39  0.03    0.10  0.03    0.12  0.04    0.45  0.03
    13     14   -0.60  0.06    0.09  0.06    0.12  0.06    0.55  0.03
    14     15   -0.93  0.06    0.21  0.09    0.29  0.10    0.76  0.05


Final results in kJ/mol:

point      0 -      1,   DG  2.88 +/-  0.11
point      1 -      2,   DG  3.54 +/-  0.30
point      2 -      3,   DG  0.09 +/-  0.09
point      3 -      4,   DG -1.77 +/-  0.04
point      4 -      5,   DG -2.75 +/-  0.04
point      5 -      6,   DG -3.36 +/-  0.03
point      6 -      7,   DG -3.91 +/-  0.03
point      7 -      8,   DG -4.30 +/-  0.03
point      8 -      9,   DG -4.68 +/-  0.07
point      9 -     10,   DG -4.88 +/-  0.03
point     10 -     11,   DG -0.18 +/-  0.05
point     11 -     12,   DG -0.51 +/-  0.03
point     12 -     13,   DG -0.97 +/-  0.08
point     13 -     14,   DG -1.49 +/-  0.14
point     14 -     15,   DG -2.31 +/-  0.16

total      0 -     15,   DG -24.59 +/-  0.51

