
md10.edr: 0.0 - 20001.0; lambda = (0, 0.9)
    foreign lambdas:
        delta H to (0, 0.8) (20001 pts)
        delta H to (0, 0.9) (20001 pts)
        delta H to (0, 1) (20001 pts)



md11.edr: 0.0 - 20001.0; lambda = (0, 1)
    foreign lambdas:
        delta H to (0, 0.9) (20001 pts)
        delta H to (0, 1) (20001 pts)
        delta H to (0.2, 1) (20001 pts)



md12.edr: 0.0 - 20001.0; lambda = (0.2, 1)
    foreign lambdas:
        delta H to (0, 1) (20001 pts)
        delta H to (0.2, 1) (20001 pts)
        delta H to (0.4, 1) (20001 pts)



md13.edr: 0.0 - 20001.0; lambda = (0.4, 1)
    foreign lambdas:
        delta H to (0.2, 1) (20001 pts)
        delta H to (0.4, 1) (20001 pts)
        delta H to (0.6, 1) (20001 pts)



md14.edr: 0.0 - 20001.0; lambda = (0.6, 1)
    foreign lambdas:
        delta H to (0.4, 1) (20001 pts)
        delta H to (0.6, 1) (20001 pts)
        delta H to (0.8, 1) (20001 pts)



md15.edr: 0.0 - 20001.0; lambda = (0.8, 1)
    foreign lambdas:
        delta H to (0.6, 1) (20001 pts)
        delta H to (0.8, 1) (20001 pts)
        delta H to (1, 1) (20001 pts)



md16.edr: 0.0 - 20001.0; lambda = (1, 1)
    foreign lambdas:
        delta H to (0.8, 1) (20001 pts)
        delta H to (1, 1) (20001 pts)



md1.edr: 0.0 - 20001.0; lambda = (0, 0)
    foreign lambdas:
        delta H to (0, 0) (20001 pts)
        delta H to (0, 0.1) (20001 pts)



md2.edr: 0.0 - 20001.0; lambda = (0, 0.1)
    foreign lambdas:
        delta H to (0, 0) (20001 pts)
        delta H to (0, 0.1) (20001 pts)
        delta H to (0, 0.2) (20001 pts)



md3.edr: 0.0 - 20001.0; lambda = (0, 0.2)
    foreign lambdas:
        delta H to (0, 0.1) (20001 pts)
        delta H to (0, 0.2) (20001 pts)
        delta H to (0, 0.3) (20001 pts)



md4.edr: 0.0 - 20001.0; lambda = (0, 0.3)
    foreign lambdas:
        delta H to (0, 0.2) (20001 pts)
        delta H to (0, 0.3) (20001 pts)
        delta H to (0, 0.4) (20001 pts)



md5.edr: 0.0 - 20001.0; lambda = (0, 0.4)
    foreign lambdas:
        delta H to (0, 0.3) (20001 pts)
        delta H to (0, 0.4) (20001 pts)
        delta H to (0, 0.5) (20001 pts)



md6.edr: 0.0 - 20001.0; lambda = (0, 0.5)
    foreign lambdas:
        delta H to (0, 0.4) (20001 pts)
        delta H to (0, 0.5) (20001 pts)
        delta H to (0, 0.6) (20001 pts)



md7.edr: 0.0 - 20001.0; lambda = (0, 0.6)
    foreign lambdas:
        delta H to (0, 0.5) (20001 pts)
        delta H to (0, 0.6) (20001 pts)
        delta H to (0, 0.7) (20001 pts)



md8.edr: 0.0 - 20001.0; lambda = (0, 0.7)
    foreign lambdas:
        delta H to (0, 0.6) (20001 pts)
        delta H to (0, 0.7) (20001 pts)
        delta H to (0, 0.8) (20001 pts)



md9.edr: 0.0 - 20001.0; lambda = (0, 0.8)
    foreign lambdas:
        delta H to (0, 0.7) (20001 pts)
        delta H to (0, 0.8) (20001 pts)
        delta H to (0, 0.9) (20001 pts)



   Samples in time interval: 0.000 - 20001.000
Removing samples outside of: 0.000 - 11000.000

Temperature: 298.15 K

Detailed results in kT (see help for explanation):

 lam_A  lam_B      DG   +/-     s_A   +/-     s_B   +/-   stdev   +/- 
     0      1    1.14  0.04    0.96  0.11    1.01  0.10    1.42  0.05
     1      2    1.35  0.11    2.40  0.19    1.82  0.13    2.35  0.10
     2      3    0.01  0.04    2.25  0.10    1.29  0.06    1.94  0.04
     3      4   -0.73  0.02    1.45  0.06    0.88  0.03    1.51  0.02
     4      5   -1.12  0.03    1.07  0.04    0.68  0.03    1.29  0.02
     5      6   -1.36  0.03    0.90  0.00    0.58  0.01    1.19  0.01
     6      7   -1.58  0.02    0.81  0.05    0.51  0.03    1.11  0.02
     7      8   -1.73  0.02    0.71  0.02    0.45  0.01    1.03  0.01
     8      9   -1.89  0.03    0.65  0.01    0.42  0.01    0.97  0.01
     9     10   -1.97  0.02    0.50  0.02    0.32  0.01    0.88  0.01
    10     11   -0.07  0.01    0.07  0.02    0.07  0.02    0.35  0.01
    11     12   -0.21  0.02    0.07  0.01    0.08  0.01    0.38  0.02
    12     13   -0.37  0.03    0.08  0.04    0.10  0.04    0.44  0.03
    13     14   -0.59  0.06    0.11  0.07    0.15  0.07    0.55  0.03
    14     15   -0.98  0.11    0.25  0.08    0.33  0.08    0.79  0.03


Final results in kJ/mol:

point      0 -      1,   DG  2.82 +/-  0.09
point      1 -      2,   DG  3.34 +/-  0.28
point      2 -      3,   DG  0.04 +/-  0.11
point      3 -      4,   DG -1.80 +/-  0.06
point      4 -      5,   DG -2.79 +/-  0.08
point      5 -      6,   DG -3.38 +/-  0.07
point      6 -      7,   DG -3.91 +/-  0.06
point      7 -      8,   DG -4.29 +/-  0.04
point      8 -      9,   DG -4.68 +/-  0.07
point      9 -     10,   DG -4.89 +/-  0.04
point     10 -     11,   DG -0.17 +/-  0.03
point     11 -     12,   DG -0.52 +/-  0.04
point     12 -     13,   DG -0.93 +/-  0.08
point     13 -     14,   DG -1.45 +/-  0.14
point     14 -     15,   DG -2.42 +/-  0.28

total      0 -     15,   DG -25.03 +/-  0.64

