
md10.edr: 0.0 - 20001.0; lambda = (0, 0.9)
    foreign lambdas:
        delta H to (0, 0.8) (20001 pts)
        delta H to (0, 0.9) (20001 pts)
        delta H to (0, 1) (20001 pts)



md11.edr: 0.0 - 20001.0; lambda = (0, 1)
    foreign lambdas:
        delta H to (0, 0.9) (20001 pts)
        delta H to (0, 1) (20001 pts)
        delta H to (0.2, 1) (20001 pts)



md12.edr: 0.0 - 20001.0; lambda = (0.2, 1)
    foreign lambdas:
        delta H to (0, 1) (20001 pts)
        delta H to (0.2, 1) (20001 pts)
        delta H to (0.4, 1) (20001 pts)



md13.edr: 0.0 - 20001.0; lambda = (0.4, 1)
    foreign lambdas:
        delta H to (0.2, 1) (20001 pts)
        delta H to (0.4, 1) (20001 pts)
        delta H to (0.6, 1) (20001 pts)



md14.edr: 0.0 - 20001.0; lambda = (0.6, 1)
    foreign lambdas:
        delta H to (0.4, 1) (20001 pts)
        delta H to (0.6, 1) (20001 pts)
        delta H to (0.8, 1) (20001 pts)



md15.edr: 0.0 - 20001.0; lambda = (0.8, 1)
    foreign lambdas:
        delta H to (0.6, 1) (20001 pts)
        delta H to (0.8, 1) (20001 pts)
        delta H to (1, 1) (20001 pts)



md16.edr: 0.0 - 20001.0; lambda = (1, 1)
    foreign lambdas:
        delta H to (0.8, 1) (20001 pts)
        delta H to (1, 1) (20001 pts)



md1.edr: 0.0 - 20001.0; lambda = (0, 0)
    foreign lambdas:
        delta H to (0, 0) (20001 pts)
        delta H to (0, 0.1) (20001 pts)



md2.edr: 0.0 - 20001.0; lambda = (0, 0.1)
    foreign lambdas:
        delta H to (0, 0) (20001 pts)
        delta H to (0, 0.1) (20001 pts)
        delta H to (0, 0.2) (20001 pts)



md3.edr: 0.0 - 20001.0; lambda = (0, 0.2)
    foreign lambdas:
        delta H to (0, 0.1) (20001 pts)
        delta H to (0, 0.2) (20001 pts)
        delta H to (0, 0.3) (20001 pts)



md4.edr: 0.0 - 20001.0; lambda = (0, 0.3)
    foreign lambdas:
        delta H to (0, 0.2) (20001 pts)
        delta H to (0, 0.3) (20001 pts)
        delta H to (0, 0.4) (20001 pts)



md5.edr: 0.0 - 20001.0; lambda = (0, 0.4)
    foreign lambdas:
        delta H to (0, 0.3) (20001 pts)
        delta H to (0, 0.4) (20001 pts)
        delta H to (0, 0.5) (20001 pts)



md6.edr: 0.0 - 20001.0; lambda = (0, 0.5)
    foreign lambdas:
        delta H to (0, 0.4) (20001 pts)
        delta H to (0, 0.5) (20001 pts)
        delta H to (0, 0.6) (20001 pts)



md7.edr: 0.0 - 20001.0; lambda = (0, 0.6)
    foreign lambdas:
        delta H to (0, 0.5) (20001 pts)
        delta H to (0, 0.6) (20001 pts)
        delta H to (0, 0.7) (20001 pts)



md8.edr: 0.0 - 20001.0; lambda = (0, 0.7)
    foreign lambdas:
        delta H to (0, 0.6) (20001 pts)
        delta H to (0, 0.7) (20001 pts)
        delta H to (0, 0.8) (20001 pts)



md9.edr: 0.0 - 20001.0; lambda = (0, 0.8)
    foreign lambdas:
        delta H to (0, 0.7) (20001 pts)
        delta H to (0, 0.8) (20001 pts)
        delta H to (0, 0.9) (20001 pts)



   Samples in time interval: 0.000 - 20001.000
Removing samples outside of: 0.000 - 2000.000

Temperature: 298.15 K

Detailed results in kT (see help for explanation):

 lam_A  lam_B      DG   +/-     s_A   +/-     s_B   +/-   stdev   +/- 
     0      1    1.23  0.13    0.90  0.12    0.93  0.11    1.35  0.07
     1      2    1.63  0.14    2.45  0.23    2.01  0.16    2.40  0.14
     2      3    0.13  0.10    2.25  0.21    1.30  0.12    1.95  0.07
     3      4   -0.61  0.14    1.55  0.16    0.95  0.09    1.56  0.08
     4      5   -1.12  0.06    1.13  0.10    0.74  0.07    1.34  0.04
     5      6   -1.42  0.05    0.94  0.05    0.61  0.04    1.20  0.03
     6      7   -1.62  0.06    0.67  0.03    0.43  0.03    1.06  0.02
     7      8   -1.69  0.05    0.77  0.07    0.48  0.05    1.06  0.03
     8      9   -1.80  0.06    0.62  0.07    0.39  0.03    0.94  0.03
     9     10   -1.93  0.02    0.52  0.02    0.37  0.01    0.88  0.01
    10     11   -0.02  0.02    0.09  0.04    0.08  0.04    0.36  0.04
    11     12   -0.20  0.05    0.10  0.05    0.10  0.06    0.35  0.04
    12     13   -0.45  0.04    0.14  0.11    0.17  0.12    0.50  0.07
    13     14   -0.69  0.07    0.07  0.13    0.11  0.13    0.59  0.05
    14     15   -0.91  0.18    0.11  0.04    0.16  0.05    0.68  0.08


Final results in kJ/mol:

point      0 -      1,   DG  3.06 +/-  0.32
point      1 -      2,   DG  4.04 +/-  0.34
point      2 -      3,   DG  0.33 +/-  0.24
point      3 -      4,   DG -1.51 +/-  0.35
point      4 -      5,   DG -2.77 +/-  0.14
point      5 -      6,   DG -3.53 +/-  0.13
point      6 -      7,   DG -4.01 +/-  0.16
point      7 -      8,   DG -4.19 +/-  0.11
point      8 -      9,   DG -4.46 +/-  0.15
point      9 -     10,   DG -4.79 +/-  0.05
point     10 -     11,   DG -0.04 +/-  0.04
point     11 -     12,   DG -0.49 +/-  0.13
point     12 -     13,   DG -1.11 +/-  0.10
point     13 -     14,   DG -1.72 +/-  0.17
point     14 -     15,   DG -2.26 +/-  0.46

total      0 -     15,   DG -23.47 +/-  1.23

