
md10.edr: 0.0 - 20001.0; lambda = (0, 0.9)
    foreign lambdas:
        delta H to (0, 0.8) (20001 pts)
        delta H to (0, 0.9) (20001 pts)
        delta H to (0, 1) (20001 pts)



md11.edr: 0.0 - 20001.0; lambda = (0, 1)
    foreign lambdas:
        delta H to (0, 0.9) (20001 pts)
        delta H to (0, 1) (20001 pts)
        delta H to (0.2, 1) (20001 pts)



md12.edr: 0.0 - 20001.0; lambda = (0.2, 1)
    foreign lambdas:
        delta H to (0, 1) (20001 pts)
        delta H to (0.2, 1) (20001 pts)
        delta H to (0.4, 1) (20001 pts)



md13.edr: 0.0 - 20001.0; lambda = (0.4, 1)
    foreign lambdas:
        delta H to (0.2, 1) (20001 pts)
        delta H to (0.4, 1) (20001 pts)
        delta H to (0.6, 1) (20001 pts)



md14.edr: 0.0 - 20001.0; lambda = (0.6, 1)
    foreign lambdas:
        delta H to (0.4, 1) (20001 pts)
        delta H to (0.6, 1) (20001 pts)
        delta H to (0.8, 1) (20001 pts)



md15.edr: 0.0 - 20001.0; lambda = (0.8, 1)
    foreign lambdas:
        delta H to (0.6, 1) (20001 pts)
        delta H to (0.8, 1) (20001 pts)
        delta H to (1, 1) (20001 pts)



md16.edr: 0.0 - 20001.0; lambda = (1, 1)
    foreign lambdas:
        delta H to (0.8, 1) (20001 pts)
        delta H to (1, 1) (20001 pts)



md1.edr: 0.0 - 20001.0; lambda = (0, 0)
    foreign lambdas:
        delta H to (0, 0) (20001 pts)
        delta H to (0, 0.1) (20001 pts)



md2.edr: 0.0 - 20001.0; lambda = (0, 0.1)
    foreign lambdas:
        delta H to (0, 0) (20001 pts)
        delta H to (0, 0.1) (20001 pts)
        delta H to (0, 0.2) (20001 pts)



md3.edr: 0.0 - 20001.0; lambda = (0, 0.2)
    foreign lambdas:
        delta H to (0, 0.1) (20001 pts)
        delta H to (0, 0.2) (20001 pts)
        delta H to (0, 0.3) (20001 pts)



md4.edr: 0.0 - 20001.0; lambda = (0, 0.3)
    foreign lambdas:
        delta H to (0, 0.2) (20001 pts)
        delta H to (0, 0.3) (20001 pts)
        delta H to (0, 0.4) (20001 pts)



md5.edr: 0.0 - 20001.0; lambda = (0, 0.4)
    foreign lambdas:
        delta H to (0, 0.3) (20001 pts)
        delta H to (0, 0.4) (20001 pts)
        delta H to (0, 0.5) (20001 pts)



md6.edr: 0.0 - 20001.0; lambda = (0, 0.5)
    foreign lambdas:
        delta H to (0, 0.4) (20001 pts)
        delta H to (0, 0.5) (20001 pts)
        delta H to (0, 0.6) (20001 pts)



md7.edr: 0.0 - 20001.0; lambda = (0, 0.6)
    foreign lambdas:
        delta H to (0, 0.5) (20001 pts)
        delta H to (0, 0.6) (20001 pts)
        delta H to (0, 0.7) (20001 pts)



md8.edr: 0.0 - 20001.0; lambda = (0, 0.7)
    foreign lambdas:
        delta H to (0, 0.6) (20001 pts)
        delta H to (0, 0.7) (20001 pts)
        delta H to (0, 0.8) (20001 pts)



md9.edr: 0.0 - 20001.0; lambda = (0, 0.8)
    foreign lambdas:
        delta H to (0, 0.7) (20001 pts)
        delta H to (0, 0.8) (20001 pts)
        delta H to (0, 0.9) (20001 pts)



   Samples in time interval: 0.000 - 20001.000
Removing samples outside of: 0.000 - 19000.000

Temperature: 298.15 K

Detailed results in kT (see help for explanation):

 lam_A  lam_B      DG   +/-     s_A   +/-     s_B   +/-   stdev   +/- 
     0      1    1.12  0.03    0.92  0.10    0.97  0.11    1.40  0.05
     1      2    1.47  0.11    2.33  0.16    1.81  0.12    2.33  0.08
     2      3    0.15  0.09    2.39  0.10    1.36  0.05    2.01  0.04
     3      4   -0.69  0.04    1.51  0.08    0.91  0.04    1.53  0.03
     4      5   -1.12  0.03    1.05  0.02    0.67  0.02    1.29  0.01
     5      6   -1.36  0.02    0.92  0.05    0.60  0.03    1.20  0.02
     6      7   -1.58  0.01    0.81  0.03    0.52  0.02    1.11  0.02
     7      8   -1.74  0.01    0.69  0.02    0.43  0.01    1.02  0.01
     8      9   -1.88  0.02    0.65  0.02    0.42  0.01    0.96  0.01
     9     10   -1.97  0.01    0.53  0.02    0.34  0.02    0.90  0.01
    10     11   -0.07  0.01    0.04  0.02    0.04  0.02    0.32  0.02
    11     12   -0.19  0.01    0.08  0.02    0.09  0.02    0.36  0.02
    12     13   -0.38  0.04    0.10  0.04    0.12  0.04    0.44  0.03
    13     14   -0.64  0.05    0.14  0.07    0.18  0.08    0.58  0.03
    14     15   -0.96  0.09    0.14  0.09    0.22  0.10    0.75  0.05


Final results in kJ/mol:

point      0 -      1,   DG  2.76 +/-  0.07
point      1 -      2,   DG  3.65 +/-  0.28
point      2 -      3,   DG  0.36 +/-  0.22
point      3 -      4,   DG -1.72 +/-  0.09
point      4 -      5,   DG -2.79 +/-  0.07
point      5 -      6,   DG -3.37 +/-  0.06
point      6 -      7,   DG -3.93 +/-  0.02
point      7 -      8,   DG -4.30 +/-  0.03
point      8 -      9,   DG -4.66 +/-  0.05
point      9 -     10,   DG -4.90 +/-  0.03
point     10 -     11,   DG -0.17 +/-  0.02
point     11 -     12,   DG -0.48 +/-  0.03
point     12 -     13,   DG -0.94 +/-  0.11
point     13 -     14,   DG -1.58 +/-  0.13
point     14 -     15,   DG -2.38 +/-  0.21

total      0 -     15,   DG -24.44 +/-  0.49

