
md10.edr: 0.0 - 20001.0; lambda = (0, 0.9)
    foreign lambdas:
        delta H to (0, 0.8) (20001 pts)
        delta H to (0, 0.9) (20001 pts)
        delta H to (0, 1) (20001 pts)



md11.edr: 0.0 - 20001.0; lambda = (0, 1)
    foreign lambdas:
        delta H to (0, 0.9) (20001 pts)
        delta H to (0, 1) (20001 pts)
        delta H to (0.2, 1) (20001 pts)



md12.edr: 0.0 - 20001.0; lambda = (0.2, 1)
    foreign lambdas:
        delta H to (0, 1) (20001 pts)
        delta H to (0.2, 1) (20001 pts)
        delta H to (0.4, 1) (20001 pts)



md13.edr: 0.0 - 20001.0; lambda = (0.4, 1)
    foreign lambdas:
        delta H to (0.2, 1) (20001 pts)
        delta H to (0.4, 1) (20001 pts)
        delta H to (0.6, 1) (20001 pts)



md14.edr: 0.0 - 20001.0; lambda = (0.6, 1)
    foreign lambdas:
        delta H to (0.4, 1) (20001 pts)
        delta H to (0.6, 1) (20001 pts)
        delta H to (0.8, 1) (20001 pts)



md15.edr: 0.0 - 20001.0; lambda = (0.8, 1)
    foreign lambdas:
        delta H to (0.6, 1) (20001 pts)
        delta H to (0.8, 1) (20001 pts)
        delta H to (1, 1) (20001 pts)



md16.edr: 0.0 - 20001.0; lambda = (1, 1)
    foreign lambdas:
        delta H to (0.8, 1) (20001 pts)
        delta H to (1, 1) (20001 pts)



md1.edr: 0.0 - 20001.0; lambda = (0, 0)
    foreign lambdas:
        delta H to (0, 0) (20001 pts)
        delta H to (0, 0.1) (20001 pts)



md2.edr: 0.0 - 20001.0; lambda = (0, 0.1)
    foreign lambdas:
        delta H to (0, 0) (20001 pts)
        delta H to (0, 0.1) (20001 pts)
        delta H to (0, 0.2) (20001 pts)



md3.edr: 0.0 - 20001.0; lambda = (0, 0.2)
    foreign lambdas:
        delta H to (0, 0.1) (20001 pts)
        delta H to (0, 0.2) (20001 pts)
        delta H to (0, 0.3) (20001 pts)



md4.edr: 0.0 - 20001.0; lambda = (0, 0.3)
    foreign lambdas:
        delta H to (0, 0.2) (20001 pts)
        delta H to (0, 0.3) (20001 pts)
        delta H to (0, 0.4) (20001 pts)



md5.edr: 0.0 - 20001.0; lambda = (0, 0.4)
    foreign lambdas:
        delta H to (0, 0.3) (20001 pts)
        delta H to (0, 0.4) (20001 pts)
        delta H to (0, 0.5) (20001 pts)



md6.edr: 0.0 - 20001.0; lambda = (0, 0.5)
    foreign lambdas:
        delta H to (0, 0.4) (20001 pts)
        delta H to (0, 0.5) (20001 pts)
        delta H to (0, 0.6) (20001 pts)



md7.edr: 0.0 - 20001.0; lambda = (0, 0.6)
    foreign lambdas:
        delta H to (0, 0.5) (20001 pts)
        delta H to (0, 0.6) (20001 pts)
        delta H to (0, 0.7) (20001 pts)



md8.edr: 0.0 - 20001.0; lambda = (0, 0.7)
    foreign lambdas:
        delta H to (0, 0.6) (20001 pts)
        delta H to (0, 0.7) (20001 pts)
        delta H to (0, 0.8) (20001 pts)



md9.edr: 0.0 - 20001.0; lambda = (0, 0.8)
    foreign lambdas:
        delta H to (0, 0.7) (20001 pts)
        delta H to (0, 0.8) (20001 pts)
        delta H to (0, 0.9) (20001 pts)



   Samples in time interval: 0.000 - 20001.000
Removing samples outside of: 0.000 - 19000.000

Temperature: 298.15 K

Detailed results in kT (see help for explanation):

 lam_A  lam_B      DG   +/-     s_A   +/-     s_B   +/-   stdev   +/- 
     0      1    1.20  0.04    0.80  0.05    0.85  0.05    1.34  0.02
     1      2    1.64  0.04    2.59  0.05    2.03  0.04    2.49  0.02
     2      3    0.11  0.02    2.32  0.07    1.33  0.03    1.96  0.03
     3      4   -0.67  0.03    1.42  0.01    0.87  0.01    1.49  0.01
     4      5   -1.06  0.02    1.06  0.05    0.67  0.03    1.28  0.02
     5      6   -1.31  0.01    0.88  0.01    0.57  0.01    1.17  0.01
     6      7   -1.51  0.02    0.82  0.03    0.52  0.02    1.10  0.02
     7      8   -1.69  0.01    0.70  0.02    0.44  0.01    1.02  0.01
     8      9   -1.81  0.01    0.62  0.01    0.39  0.01    0.95  0.01
     9     10   -1.93  0.01    0.54  0.01    0.36  0.01    0.89  0.01
    10     11   -0.06  0.01    0.09  0.02    0.09  0.02    0.37  0.02
    11     12   -0.23  0.03    0.08  0.01    0.09  0.01    0.37  0.01
    12     13   -0.40  0.02    0.09  0.04    0.11  0.05    0.46  0.02
    13     14   -0.63  0.08    0.12  0.10    0.16  0.11    0.61  0.04
    14     15   -1.12  0.18    0.33  0.11    0.44  0.12    0.92  0.07


Final results in kJ/mol:

point      0 -      1,   DG  2.98 +/-  0.10
point      1 -      2,   DG  4.07 +/-  0.11
point      2 -      3,   DG  0.28 +/-  0.05
point      3 -      4,   DG -1.67 +/-  0.08
point      4 -      5,   DG -2.64 +/-  0.05
point      5 -      6,   DG -3.25 +/-  0.03
point      6 -      7,   DG -3.75 +/-  0.05
point      7 -      8,   DG -4.20 +/-  0.03
point      8 -      9,   DG -4.49 +/-  0.02
point      9 -     10,   DG -4.78 +/-  0.03
point     10 -     11,   DG -0.14 +/-  0.04
point     11 -     12,   DG -0.56 +/-  0.07
point     12 -     13,   DG -1.00 +/-  0.06
point     13 -     14,   DG -1.56 +/-  0.19
point     14 -     15,   DG -2.78 +/-  0.44

total      0 -     15,   DG -23.47 +/-  0.56

