
md10.edr: 0.0 - 20001.0; lambda = (0, 0.9)
    foreign lambdas:
        delta H to (0, 0.8) (20001 pts)
        delta H to (0, 0.9) (20001 pts)
        delta H to (0, 1) (20001 pts)



md11.edr: 0.0 - 20001.0; lambda = (0, 1)
    foreign lambdas:
        delta H to (0, 0.9) (20001 pts)
        delta H to (0, 1) (20001 pts)
        delta H to (0.2, 1) (20001 pts)



md12.edr: 0.0 - 20001.0; lambda = (0.2, 1)
    foreign lambdas:
        delta H to (0, 1) (20001 pts)
        delta H to (0.2, 1) (20001 pts)
        delta H to (0.4, 1) (20001 pts)



md13.edr: 0.0 - 20001.0; lambda = (0.4, 1)
    foreign lambdas:
        delta H to (0.2, 1) (20001 pts)
        delta H to (0.4, 1) (20001 pts)
        delta H to (0.6, 1) (20001 pts)



md14.edr: 0.0 - 20001.0; lambda = (0.6, 1)
    foreign lambdas:
        delta H to (0.4, 1) (20001 pts)
        delta H to (0.6, 1) (20001 pts)
        delta H to (0.8, 1) (20001 pts)



md15.edr: 0.0 - 20001.0; lambda = (0.8, 1)
    foreign lambdas:
        delta H to (0.6, 1) (20001 pts)
        delta H to (0.8, 1) (20001 pts)
        delta H to (1, 1) (20001 pts)



md16.edr: 0.0 - 20001.0; lambda = (1, 1)
    foreign lambdas:
        delta H to (0.8, 1) (20001 pts)
        delta H to (1, 1) (20001 pts)



md1.edr: 0.0 - 20001.0; lambda = (0, 0)
    foreign lambdas:
        delta H to (0, 0) (20001 pts)
        delta H to (0, 0.1) (20001 pts)



md2.edr: 0.0 - 20001.0; lambda = (0, 0.1)
    foreign lambdas:
        delta H to (0, 0) (20001 pts)
        delta H to (0, 0.1) (20001 pts)
        delta H to (0, 0.2) (20001 pts)



md3.edr: 0.0 - 20001.0; lambda = (0, 0.2)
    foreign lambdas:
        delta H to (0, 0.1) (20001 pts)
        delta H to (0, 0.2) (20001 pts)
        delta H to (0, 0.3) (20001 pts)



md4.edr: 0.0 - 20001.0; lambda = (0, 0.3)
    foreign lambdas:
        delta H to (0, 0.2) (20001 pts)
        delta H to (0, 0.3) (20001 pts)
        delta H to (0, 0.4) (20001 pts)



md5.edr: 0.0 - 20001.0; lambda = (0, 0.4)
    foreign lambdas:
        delta H to (0, 0.3) (20001 pts)
        delta H to (0, 0.4) (20001 pts)
        delta H to (0, 0.5) (20001 pts)



md6.edr: 0.0 - 20001.0; lambda = (0, 0.5)
    foreign lambdas:
        delta H to (0, 0.4) (20001 pts)
        delta H to (0, 0.5) (20001 pts)
        delta H to (0, 0.6) (20001 pts)



md7.edr: 0.0 - 20001.0; lambda = (0, 0.6)
    foreign lambdas:
        delta H to (0, 0.5) (20001 pts)
        delta H to (0, 0.6) (20001 pts)
        delta H to (0, 0.7) (20001 pts)



md8.edr: 0.0 - 20001.0; lambda = (0, 0.7)
    foreign lambdas:
        delta H to (0, 0.6) (20001 pts)
        delta H to (0, 0.7) (20001 pts)
        delta H to (0, 0.8) (20001 pts)



md9.edr: 0.0 - 20001.0; lambda = (0, 0.8)
    foreign lambdas:
        delta H to (0, 0.7) (20001 pts)
        delta H to (0, 0.8) (20001 pts)
        delta H to (0, 0.9) (20001 pts)



   Samples in time interval: 0.000 - 20001.000
Removing samples outside of: 0.000 - 1000.000

Temperature: 298.15 K

Detailed results in kT (see help for explanation):

 lam_A  lam_B      DG   +/-     s_A   +/-     s_B   +/-   stdev   +/- 
     0      1    0.86  0.16    0.70  0.11    0.71  0.11    1.23  0.04
     1      2    1.55  0.20    2.42  0.20    2.05  0.17    2.41  0.18
     2      3   -0.05  0.25    2.18  0.31    1.24  0.23    1.91  0.19
     3      4   -0.76  0.14    1.48  0.22    0.89  0.14    1.51  0.11
     4      5   -1.13  0.03    0.93  0.03    0.59  0.02    1.23  0.02
     5      6   -1.29  0.04    0.84  0.09    0.52  0.05    1.18  0.04
     6      7   -1.44  0.03    0.99  0.11    0.63  0.07    1.18  0.05
     7      8   -1.71  0.04    0.65  0.06    0.41  0.03    1.00  0.03
     8      9   -1.82  0.02    0.69  0.03    0.44  0.02    0.98  0.02
     9     10   -1.96  0.04    0.50  0.04    0.31  0.03    0.88  0.01
    10     11    0.08  0.03    0.20  0.04    0.20  0.04    0.41  0.04
    11     12   -0.21  0.03    0.10  0.06    0.11  0.06    0.39  0.02
    12     13   -0.55  0.07    0.23  0.07    0.24  0.07    0.53  0.04
    13     14   -0.87  0.13    0.07  0.08    0.09  0.08    0.56  0.04
    14     15   -1.78  0.19    0.82  0.08    0.88  0.07    1.08  0.05


Final results in kJ/mol:

point      0 -      1,   DG  2.14 +/-  0.40
point      1 -      2,   DG  3.84 +/-  0.50
point      2 -      3,   DG -0.13 +/-  0.63
point      3 -      4,   DG -1.89 +/-  0.34
point      4 -      5,   DG -2.80 +/-  0.08
point      5 -      6,   DG -3.20 +/-  0.10
point      6 -      7,   DG -3.57 +/-  0.07
point      7 -      8,   DG -4.25 +/-  0.10
point      8 -      9,   DG -4.51 +/-  0.06
point      9 -     10,   DG -4.85 +/-  0.09
point     10 -     11,   DG  0.20 +/-  0.07
point     11 -     12,   DG -0.53 +/-  0.06
point     12 -     13,   DG -1.37 +/-  0.18
point     13 -     14,   DG -2.15 +/-  0.33
point     14 -     15,   DG -4.41 +/-  0.47

total      0 -     15,   DG -27.49 +/-  1.33

