
md10.edr: 0.0 - 20001.0; lambda = (0, 0.9)
    foreign lambdas:
        delta H to (0, 0.8) (20001 pts)
        delta H to (0, 0.9) (20001 pts)
        delta H to (0, 1) (20001 pts)



md11.edr: 0.0 - 20001.0; lambda = (0, 1)
    foreign lambdas:
        delta H to (0, 0.9) (20001 pts)
        delta H to (0, 1) (20001 pts)
        delta H to (0.2, 1) (20001 pts)



md12.edr: 0.0 - 20001.0; lambda = (0.2, 1)
    foreign lambdas:
        delta H to (0, 1) (20001 pts)
        delta H to (0.2, 1) (20001 pts)
        delta H to (0.4, 1) (20001 pts)



md13.edr: 0.0 - 20001.0; lambda = (0.4, 1)
    foreign lambdas:
        delta H to (0.2, 1) (20001 pts)
        delta H to (0.4, 1) (20001 pts)
        delta H to (0.6, 1) (20001 pts)



md14.edr: 0.0 - 20001.0; lambda = (0.6, 1)
    foreign lambdas:
        delta H to (0.4, 1) (20001 pts)
        delta H to (0.6, 1) (20001 pts)
        delta H to (0.8, 1) (20001 pts)



md15.edr: 0.0 - 20001.0; lambda = (0.8, 1)
    foreign lambdas:
        delta H to (0.6, 1) (20001 pts)
        delta H to (0.8, 1) (20001 pts)
        delta H to (1, 1) (20001 pts)



md16.edr: 0.0 - 20001.0; lambda = (1, 1)
    foreign lambdas:
        delta H to (0.8, 1) (20001 pts)
        delta H to (1, 1) (20001 pts)



md1.edr: 0.0 - 20001.0; lambda = (0, 0)
    foreign lambdas:
        delta H to (0, 0) (20001 pts)
        delta H to (0, 0.1) (20001 pts)



md2.edr: 0.0 - 20001.0; lambda = (0, 0.1)
    foreign lambdas:
        delta H to (0, 0) (20001 pts)
        delta H to (0, 0.1) (20001 pts)
        delta H to (0, 0.2) (20001 pts)



md3.edr: 0.0 - 20001.0; lambda = (0, 0.2)
    foreign lambdas:
        delta H to (0, 0.1) (20001 pts)
        delta H to (0, 0.2) (20001 pts)
        delta H to (0, 0.3) (20001 pts)



md4.edr: 0.0 - 20001.0; lambda = (0, 0.3)
    foreign lambdas:
        delta H to (0, 0.2) (20001 pts)
        delta H to (0, 0.3) (20001 pts)
        delta H to (0, 0.4) (20001 pts)



md5.edr: 0.0 - 20001.0; lambda = (0, 0.4)
    foreign lambdas:
        delta H to (0, 0.3) (20001 pts)
        delta H to (0, 0.4) (20001 pts)
        delta H to (0, 0.5) (20001 pts)



md6.edr: 0.0 - 20001.0; lambda = (0, 0.5)
    foreign lambdas:
        delta H to (0, 0.4) (20001 pts)
        delta H to (0, 0.5) (20001 pts)
        delta H to (0, 0.6) (20001 pts)



md7.edr: 0.0 - 20001.0; lambda = (0, 0.6)
    foreign lambdas:
        delta H to (0, 0.5) (20001 pts)
        delta H to (0, 0.6) (20001 pts)
        delta H to (0, 0.7) (20001 pts)



md8.edr: 0.0 - 20001.0; lambda = (0, 0.7)
    foreign lambdas:
        delta H to (0, 0.6) (20001 pts)
        delta H to (0, 0.7) (20001 pts)
        delta H to (0, 0.8) (20001 pts)



md9.edr: 0.0 - 20001.0; lambda = (0, 0.8)
    foreign lambdas:
        delta H to (0, 0.7) (20001 pts)
        delta H to (0, 0.8) (20001 pts)
        delta H to (0, 0.9) (20001 pts)



   Samples in time interval: 0.000 - 20001.000
Removing samples outside of: 0.000 - 3000.000

Temperature: 298.15 K

Detailed results in kT (see help for explanation):

 lam_A  lam_B      DG   +/-     s_A   +/-     s_B   +/-   stdev   +/- 
     0      1    1.08  0.13    0.59  0.12    0.63  0.13    1.25  0.03
     1      2    1.76  0.17    2.68  0.28    2.14  0.21    2.56  0.21
     2      3    0.08  0.11    2.33  0.25    1.35  0.13    1.97  0.11
     3      4   -0.72  0.09    1.39  0.10    0.85  0.08    1.47  0.05
     4      5   -1.09  0.02    0.99  0.03    0.64  0.02    1.25  0.02
     5      6   -1.27  0.03    0.90  0.06    0.58  0.04    1.19  0.03
     6      7   -1.45  0.02    0.89  0.06    0.57  0.04    1.15  0.02
     7      8   -1.68  0.03    0.74  0.04    0.47  0.03    1.04  0.02
     8      9   -1.83  0.01    0.62  0.03    0.39  0.02    0.96  0.01
     9     10   -1.95  0.03    0.57  0.03    0.37  0.02    0.90  0.01
    10     11   -0.07  0.08    0.08  0.06    0.08  0.06    0.39  0.02
    11     12   -0.24  0.01    0.09  0.03    0.10  0.03    0.36  0.02
    12     13   -0.49  0.06    0.15  0.04    0.17  0.04    0.49  0.03
    13     14   -0.95  0.09    0.29  0.08    0.36  0.11    0.74  0.07
    14     15   -1.88  0.12    0.57  0.13    0.60  0.13    1.05  0.03


Final results in kJ/mol:

point      0 -      1,   DG  2.67 +/-  0.32
point      1 -      2,   DG  4.37 +/-  0.43
point      2 -      3,   DG  0.20 +/-  0.26
point      3 -      4,   DG -1.78 +/-  0.24
point      4 -      5,   DG -2.69 +/-  0.06
point      5 -      6,   DG -3.15 +/-  0.08
point      6 -      7,   DG -3.59 +/-  0.05
point      7 -      8,   DG -4.17 +/-  0.07
point      8 -      9,   DG -4.54 +/-  0.03
point      9 -     10,   DG -4.82 +/-  0.07
point     10 -     11,   DG -0.18 +/-  0.19
point     11 -     12,   DG -0.60 +/-  0.03
point     12 -     13,   DG -1.21 +/-  0.15
point     13 -     14,   DG -2.35 +/-  0.22
point     14 -     15,   DG -4.66 +/-  0.29

total      0 -     15,   DG -26.50 +/-  1.03

