
md10.edr: 0.0 - 20001.0; lambda = (0, 0.9)
    foreign lambdas:
        delta H to (0, 0.8) (20001 pts)
        delta H to (0, 0.9) (20001 pts)
        delta H to (0, 1) (20001 pts)



md11.edr: 0.0 - 20001.0; lambda = (0, 1)
    foreign lambdas:
        delta H to (0, 0.9) (20001 pts)
        delta H to (0, 1) (20001 pts)
        delta H to (0.2, 1) (20001 pts)



md12.edr: 0.0 - 20001.0; lambda = (0.2, 1)
    foreign lambdas:
        delta H to (0, 1) (20001 pts)
        delta H to (0.2, 1) (20001 pts)
        delta H to (0.4, 1) (20001 pts)



md13.edr: 0.0 - 20001.0; lambda = (0.4, 1)
    foreign lambdas:
        delta H to (0.2, 1) (20001 pts)
        delta H to (0.4, 1) (20001 pts)
        delta H to (0.6, 1) (20001 pts)



md14.edr: 0.0 - 20001.0; lambda = (0.6, 1)
    foreign lambdas:
        delta H to (0.4, 1) (20001 pts)
        delta H to (0.6, 1) (20001 pts)
        delta H to (0.8, 1) (20001 pts)



md15.edr: 0.0 - 20001.0; lambda = (0.8, 1)
    foreign lambdas:
        delta H to (0.6, 1) (20001 pts)
        delta H to (0.8, 1) (20001 pts)
        delta H to (1, 1) (20001 pts)



md16.edr: 0.0 - 20001.0; lambda = (1, 1)
    foreign lambdas:
        delta H to (0.8, 1) (20001 pts)
        delta H to (1, 1) (20001 pts)



md1.edr: 0.0 - 20001.0; lambda = (0, 0)
    foreign lambdas:
        delta H to (0, 0) (20001 pts)
        delta H to (0, 0.1) (20001 pts)



md2.edr: 0.0 - 20001.0; lambda = (0, 0.1)
    foreign lambdas:
        delta H to (0, 0) (20001 pts)
        delta H to (0, 0.1) (20001 pts)
        delta H to (0, 0.2) (20001 pts)



md3.edr: 0.0 - 20001.0; lambda = (0, 0.2)
    foreign lambdas:
        delta H to (0, 0.1) (20001 pts)
        delta H to (0, 0.2) (20001 pts)
        delta H to (0, 0.3) (20001 pts)



md4.edr: 0.0 - 20001.0; lambda = (0, 0.3)
    foreign lambdas:
        delta H to (0, 0.2) (20001 pts)
        delta H to (0, 0.3) (20001 pts)
        delta H to (0, 0.4) (20001 pts)



md5.edr: 0.0 - 20001.0; lambda = (0, 0.4)
    foreign lambdas:
        delta H to (0, 0.3) (20001 pts)
        delta H to (0, 0.4) (20001 pts)
        delta H to (0, 0.5) (20001 pts)



md6.edr: 0.0 - 20001.0; lambda = (0, 0.5)
    foreign lambdas:
        delta H to (0, 0.4) (20001 pts)
        delta H to (0, 0.5) (20001 pts)
        delta H to (0, 0.6) (20001 pts)



md7.edr: 0.0 - 20001.0; lambda = (0, 0.6)
    foreign lambdas:
        delta H to (0, 0.5) (20001 pts)
        delta H to (0, 0.6) (20001 pts)
        delta H to (0, 0.7) (20001 pts)



md8.edr: 0.0 - 20001.0; lambda = (0, 0.7)
    foreign lambdas:
        delta H to (0, 0.6) (20001 pts)
        delta H to (0, 0.7) (20001 pts)
        delta H to (0, 0.8) (20001 pts)



md9.edr: 0.0 - 20001.0; lambda = (0, 0.8)
    foreign lambdas:
        delta H to (0, 0.7) (20001 pts)
        delta H to (0, 0.8) (20001 pts)
        delta H to (0, 0.9) (20001 pts)



   Samples in time interval: 0.000 - 20001.000
Removing samples outside of: 0.000 - 4000.000

Temperature: 298.15 K

Detailed results in kT (see help for explanation):

 lam_A  lam_B      DG   +/-     s_A   +/-     s_B   +/-   stdev   +/- 
     0      1    1.10  0.14    0.63  0.12    0.68  0.14    1.27  0.03
     1      2    1.75  0.19    2.62  0.21    2.08  0.19    2.53  0.16
     2      3    0.15  0.04    2.36  0.12    1.36  0.07    1.98  0.05
     3      4   -0.69  0.04    1.47  0.11    0.88  0.06    1.50  0.04
     4      5   -1.09  0.03    0.99  0.03    0.64  0.02    1.25  0.02
     5      6   -1.27  0.02    0.86  0.05    0.56  0.04    1.18  0.03
     6      7   -1.46  0.01    0.90  0.04    0.57  0.02    1.14  0.01
     7      8   -1.69  0.03    0.71  0.04    0.45  0.03    1.03  0.02
     8      9   -1.81  0.02    0.63  0.02    0.39  0.02    0.96  0.01
     9     10   -1.94  0.02    0.57  0.02    0.37  0.02    0.90  0.01
    10     11   -0.08  0.07    0.10  0.05    0.10  0.05    0.39  0.03
    11     12   -0.25  0.01    0.07  0.03    0.08  0.03    0.36  0.02
    12     13   -0.42  0.08    0.09  0.07    0.11  0.07    0.47  0.04
    13     14   -0.85  0.14    0.32  0.08    0.39  0.10    0.72  0.07
    14     15   -1.67  0.19    0.44  0.16    0.50  0.16    1.03  0.06


Final results in kJ/mol:

point      0 -      1,   DG  2.73 +/-  0.34
point      1 -      2,   DG  4.34 +/-  0.46
point      2 -      3,   DG  0.36 +/-  0.10
point      3 -      4,   DG -1.72 +/-  0.10
point      4 -      5,   DG -2.69 +/-  0.07
point      5 -      6,   DG -3.15 +/-  0.06
point      6 -      7,   DG -3.62 +/-  0.03
point      7 -      8,   DG -4.18 +/-  0.07
point      8 -      9,   DG -4.50 +/-  0.05
point      9 -     10,   DG -4.81 +/-  0.05
point     10 -     11,   DG -0.20 +/-  0.16
point     11 -     12,   DG -0.62 +/-  0.03
point     12 -     13,   DG -1.04 +/-  0.21
point     13 -     14,   DG -2.10 +/-  0.34
point     14 -     15,   DG -4.14 +/-  0.48

total      0 -     15,   DG -25.33 +/-  1.24

