
md10.edr: 0.0 - 20001.0; lambda = (0, 0.9)
    foreign lambdas:
        delta H to (0, 0.8) (20001 pts)
        delta H to (0, 0.9) (20001 pts)
        delta H to (0, 1) (20001 pts)



md11.edr: 0.0 - 20001.0; lambda = (0, 1)
    foreign lambdas:
        delta H to (0, 0.9) (20001 pts)
        delta H to (0, 1) (20001 pts)
        delta H to (0.2, 1) (20001 pts)



md12.edr: 0.0 - 20001.0; lambda = (0.2, 1)
    foreign lambdas:
        delta H to (0, 1) (20001 pts)
        delta H to (0.2, 1) (20001 pts)
        delta H to (0.4, 1) (20001 pts)



md13.edr: 0.0 - 20001.0; lambda = (0.4, 1)
    foreign lambdas:
        delta H to (0.2, 1) (20001 pts)
        delta H to (0.4, 1) (20001 pts)
        delta H to (0.6, 1) (20001 pts)



md14.edr: 0.0 - 20001.0; lambda = (0.6, 1)
    foreign lambdas:
        delta H to (0.4, 1) (20001 pts)
        delta H to (0.6, 1) (20001 pts)
        delta H to (0.8, 1) (20001 pts)



md15.edr: 0.0 - 20001.0; lambda = (0.8, 1)
    foreign lambdas:
        delta H to (0.6, 1) (20001 pts)
        delta H to (0.8, 1) (20001 pts)
        delta H to (1, 1) (20001 pts)



md16.edr: 0.0 - 20001.0; lambda = (1, 1)
    foreign lambdas:
        delta H to (0.8, 1) (20001 pts)
        delta H to (1, 1) (20001 pts)



md1.edr: 0.0 - 20001.0; lambda = (0, 0)
    foreign lambdas:
        delta H to (0, 0) (20001 pts)
        delta H to (0, 0.1) (20001 pts)



md2.edr: 0.0 - 20001.0; lambda = (0, 0.1)
    foreign lambdas:
        delta H to (0, 0) (20001 pts)
        delta H to (0, 0.1) (20001 pts)
        delta H to (0, 0.2) (20001 pts)



md3.edr: 0.0 - 20001.0; lambda = (0, 0.2)
    foreign lambdas:
        delta H to (0, 0.1) (20001 pts)
        delta H to (0, 0.2) (20001 pts)
        delta H to (0, 0.3) (20001 pts)



md4.edr: 0.0 - 20001.0; lambda = (0, 0.3)
    foreign lambdas:
        delta H to (0, 0.2) (20001 pts)
        delta H to (0, 0.3) (20001 pts)
        delta H to (0, 0.4) (20001 pts)



md5.edr: 0.0 - 20001.0; lambda = (0, 0.4)
    foreign lambdas:
        delta H to (0, 0.3) (20001 pts)
        delta H to (0, 0.4) (20001 pts)
        delta H to (0, 0.5) (20001 pts)



md6.edr: 0.0 - 20001.0; lambda = (0, 0.5)
    foreign lambdas:
        delta H to (0, 0.4) (20001 pts)
        delta H to (0, 0.5) (20001 pts)
        delta H to (0, 0.6) (20001 pts)



md7.edr: 0.0 - 20001.0; lambda = (0, 0.6)
    foreign lambdas:
        delta H to (0, 0.5) (20001 pts)
        delta H to (0, 0.6) (20001 pts)
        delta H to (0, 0.7) (20001 pts)



md8.edr: 0.0 - 20001.0; lambda = (0, 0.7)
    foreign lambdas:
        delta H to (0, 0.6) (20001 pts)
        delta H to (0, 0.7) (20001 pts)
        delta H to (0, 0.8) (20001 pts)



md9.edr: 0.0 - 20001.0; lambda = (0, 0.8)
    foreign lambdas:
        delta H to (0, 0.7) (20001 pts)
        delta H to (0, 0.8) (20001 pts)
        delta H to (0, 0.9) (20001 pts)



   Samples in time interval: 0.000 - 20001.000
Removing samples outside of: 0.000 - 6000.000

Temperature: 298.15 K

Detailed results in kT (see help for explanation):

 lam_A  lam_B      DG   +/-     s_A   +/-     s_B   +/-   stdev   +/- 
     0      1    1.22  0.12    0.74  0.10    0.77  0.10    1.32  0.04
     1      2    1.78  0.10    2.62  0.13    2.10  0.08    2.53  0.09
     2      3    0.15  0.08    2.39  0.12    1.36  0.06    1.99  0.05
     3      4   -0.66  0.05    1.44  0.06    0.88  0.02    1.50  0.03
     4      5   -1.09  0.03    1.05  0.05    0.68  0.03    1.27  0.02
     5      6   -1.30  0.03    0.83  0.04    0.54  0.03    1.17  0.01
     6      7   -1.46  0.01    0.89  0.03    0.56  0.02    1.14  0.01
     7      8   -1.70  0.02    0.70  0.04    0.44  0.03    1.02  0.02
     8      9   -1.81  0.02    0.61  0.03    0.38  0.02    0.95  0.01
     9     10   -1.94  0.02    0.57  0.01    0.38  0.01    0.90  0.01
    10     11   -0.05  0.05    0.12  0.03    0.12  0.03    0.40  0.01
    11     12   -0.26  0.01    0.09  0.02    0.10  0.02    0.37  0.01
    12     13   -0.40  0.06    0.04  0.06    0.06  0.06    0.45  0.03
    13     14   -0.84  0.07    0.39  0.08    0.45  0.09    0.72  0.05
    14     15   -1.52  0.17    0.23  0.21    0.31  0.21    0.96  0.07


Final results in kJ/mol:

point      0 -      1,   DG  3.01 +/-  0.30
point      1 -      2,   DG  4.41 +/-  0.25
point      2 -      3,   DG  0.37 +/-  0.19
point      3 -      4,   DG -1.65 +/-  0.12
point      4 -      5,   DG -2.70 +/-  0.07
point      5 -      6,   DG -3.22 +/-  0.07
point      6 -      7,   DG -3.62 +/-  0.04
point      7 -      8,   DG -4.20 +/-  0.06
point      8 -      9,   DG -4.48 +/-  0.05
point      9 -     10,   DG -4.80 +/-  0.04
point     10 -     11,   DG -0.12 +/-  0.12
point     11 -     12,   DG -0.64 +/-  0.04
point     12 -     13,   DG -0.99 +/-  0.15
point     13 -     14,   DG -2.09 +/-  0.17
point     14 -     15,   DG -3.77 +/-  0.43

total      0 -     15,   DG -24.50 +/-  1.17

