
md10.edr: 0.0 - 20001.0; lambda = (0, 0.9)
    foreign lambdas:
        delta H to (0, 0.8) (20001 pts)
        delta H to (0, 0.9) (20001 pts)
        delta H to (0, 1) (20001 pts)



md11.edr: 0.0 - 20001.0; lambda = (0, 1)
    foreign lambdas:
        delta H to (0, 0.9) (20001 pts)
        delta H to (0, 1) (20001 pts)
        delta H to (0.2, 1) (20001 pts)



md12.edr: 0.0 - 20001.0; lambda = (0.2, 1)
    foreign lambdas:
        delta H to (0, 1) (20001 pts)
        delta H to (0.2, 1) (20001 pts)
        delta H to (0.4, 1) (20001 pts)



md13.edr: 0.0 - 20001.0; lambda = (0.4, 1)
    foreign lambdas:
        delta H to (0.2, 1) (20001 pts)
        delta H to (0.4, 1) (20001 pts)
        delta H to (0.6, 1) (20001 pts)



md14.edr: 0.0 - 20001.0; lambda = (0.6, 1)
    foreign lambdas:
        delta H to (0.4, 1) (20001 pts)
        delta H to (0.6, 1) (20001 pts)
        delta H to (0.8, 1) (20001 pts)



md15.edr: 0.0 - 20001.0; lambda = (0.8, 1)
    foreign lambdas:
        delta H to (0.6, 1) (20001 pts)
        delta H to (0.8, 1) (20001 pts)
        delta H to (1, 1) (20001 pts)



md16.edr: 0.0 - 20001.0; lambda = (1, 1)
    foreign lambdas:
        delta H to (0.8, 1) (20001 pts)
        delta H to (1, 1) (20001 pts)



md1.edr: 0.0 - 20001.0; lambda = (0, 0)
    foreign lambdas:
        delta H to (0, 0) (20001 pts)
        delta H to (0, 0.1) (20001 pts)



md2.edr: 0.0 - 20001.0; lambda = (0, 0.1)
    foreign lambdas:
        delta H to (0, 0) (20001 pts)
        delta H to (0, 0.1) (20001 pts)
        delta H to (0, 0.2) (20001 pts)



md3.edr: 0.0 - 20001.0; lambda = (0, 0.2)
    foreign lambdas:
        delta H to (0, 0.1) (20001 pts)
        delta H to (0, 0.2) (20001 pts)
        delta H to (0, 0.3) (20001 pts)



md4.edr: 0.0 - 20001.0; lambda = (0, 0.3)
    foreign lambdas:
        delta H to (0, 0.2) (20001 pts)
        delta H to (0, 0.3) (20001 pts)
        delta H to (0, 0.4) (20001 pts)



md5.edr: 0.0 - 20001.0; lambda = (0, 0.4)
    foreign lambdas:
        delta H to (0, 0.3) (20001 pts)
        delta H to (0, 0.4) (20001 pts)
        delta H to (0, 0.5) (20001 pts)



md6.edr: 0.0 - 20001.0; lambda = (0, 0.5)
    foreign lambdas:
        delta H to (0, 0.4) (20001 pts)
        delta H to (0, 0.5) (20001 pts)
        delta H to (0, 0.6) (20001 pts)



md7.edr: 0.0 - 20001.0; lambda = (0, 0.6)
    foreign lambdas:
        delta H to (0, 0.5) (20001 pts)
        delta H to (0, 0.6) (20001 pts)
        delta H to (0, 0.7) (20001 pts)



md8.edr: 0.0 - 20001.0; lambda = (0, 0.7)
    foreign lambdas:
        delta H to (0, 0.6) (20001 pts)
        delta H to (0, 0.7) (20001 pts)
        delta H to (0, 0.8) (20001 pts)



md9.edr: 0.0 - 20001.0; lambda = (0, 0.8)
    foreign lambdas:
        delta H to (0, 0.7) (20001 pts)
        delta H to (0, 0.8) (20001 pts)
        delta H to (0, 0.9) (20001 pts)



   Samples in time interval: 0.000 - 20001.000
Removing samples outside of: 0.000 - 20000.000

Temperature: 298.15 K

Detailed results in kT (see help for explanation):

 lam_A  lam_B      DG   +/-     s_A   +/-     s_B   +/-   stdev   +/- 
     0      1    1.18  0.07    0.81  0.05    0.86  0.05    1.34  0.02
     1      2    1.62  0.07    2.55  0.07    1.99  0.06    2.46  0.04
     2      3    0.11  0.01    2.33  0.05    1.33  0.03    1.96  0.01
     3      4   -0.68  0.03    1.41  0.02    0.87  0.01    1.49  0.01
     4      5   -1.06  0.02    1.06  0.04    0.67  0.03    1.28  0.02
     5      6   -1.31  0.01    0.88  0.02    0.57  0.01    1.17  0.00
     6      7   -1.51  0.02    0.81  0.03    0.52  0.02    1.10  0.02
     7      8   -1.69  0.01    0.70  0.01    0.44  0.01    1.02  0.01
     8      9   -1.81  0.01    0.62  0.01    0.39  0.01    0.95  0.01
     9     10   -1.93  0.01    0.54  0.01    0.36  0.01    0.89  0.01
    10     11   -0.05  0.02    0.09  0.01    0.09  0.01    0.38  0.01
    11     12   -0.22  0.03    0.08  0.01    0.08  0.01    0.37  0.02
    12     13   -0.40  0.02    0.10  0.04    0.11  0.04    0.46  0.02
    13     14   -0.62  0.07    0.11  0.09    0.16  0.10    0.61  0.04
    14     15   -1.11  0.15    0.33  0.08    0.44  0.09    0.92  0.05


Final results in kJ/mol:

point      0 -      1,   DG  2.92 +/-  0.17
point      1 -      2,   DG  4.00 +/-  0.16
point      2 -      3,   DG  0.28 +/-  0.03
point      3 -      4,   DG -1.68 +/-  0.08
point      4 -      5,   DG -2.64 +/-  0.04
point      5 -      6,   DG -3.25 +/-  0.03
point      6 -      7,   DG -3.75 +/-  0.04
point      7 -      8,   DG -4.20 +/-  0.02
point      8 -      9,   DG -4.49 +/-  0.02
point      9 -     10,   DG -4.78 +/-  0.02
point     10 -     11,   DG -0.13 +/-  0.04
point     11 -     12,   DG -0.54 +/-  0.08
point     12 -     13,   DG -0.99 +/-  0.05
point     13 -     14,   DG -1.54 +/-  0.18
point     14 -     15,   DG -2.76 +/-  0.38

total      0 -     15,   DG -23.55 +/-  0.49

