
md10.edr: 0.0 - 20001.0; lambda = (0, 0.9)
    foreign lambdas:
        delta H to (0, 0.8) (20001 pts)
        delta H to (0, 0.9) (20001 pts)
        delta H to (0, 1) (20001 pts)



md11.edr: 0.0 - 20001.0; lambda = (0, 1)
    foreign lambdas:
        delta H to (0, 0.9) (20001 pts)
        delta H to (0, 1) (20001 pts)
        delta H to (0.2, 1) (20001 pts)



md12.edr: 0.0 - 20001.0; lambda = (0.2, 1)
    foreign lambdas:
        delta H to (0, 1) (20001 pts)
        delta H to (0.2, 1) (20001 pts)
        delta H to (0.4, 1) (20001 pts)



md13.edr: 0.0 - 20001.0; lambda = (0.4, 1)
    foreign lambdas:
        delta H to (0.2, 1) (20001 pts)
        delta H to (0.4, 1) (20001 pts)
        delta H to (0.6, 1) (20001 pts)



md14.edr: 0.0 - 20001.0; lambda = (0.6, 1)
    foreign lambdas:
        delta H to (0.4, 1) (20001 pts)
        delta H to (0.6, 1) (20001 pts)
        delta H to (0.8, 1) (20001 pts)



md15.edr: 0.0 - 20001.0; lambda = (0.8, 1)
    foreign lambdas:
        delta H to (0.6, 1) (20001 pts)
        delta H to (0.8, 1) (20001 pts)
        delta H to (1, 1) (20001 pts)



md16.edr: 0.0 - 20001.0; lambda = (1, 1)
    foreign lambdas:
        delta H to (0.8, 1) (20001 pts)
        delta H to (1, 1) (20001 pts)



md1.edr: 0.0 - 20001.0; lambda = (0, 0)
    foreign lambdas:
        delta H to (0, 0) (20001 pts)
        delta H to (0, 0.1) (20001 pts)



md2.edr: 0.0 - 20001.0; lambda = (0, 0.1)
    foreign lambdas:
        delta H to (0, 0) (20001 pts)
        delta H to (0, 0.1) (20001 pts)
        delta H to (0, 0.2) (20001 pts)



md3.edr: 0.0 - 20001.0; lambda = (0, 0.2)
    foreign lambdas:
        delta H to (0, 0.1) (20001 pts)
        delta H to (0, 0.2) (20001 pts)
        delta H to (0, 0.3) (20001 pts)



md4.edr: 0.0 - 20001.0; lambda = (0, 0.3)
    foreign lambdas:
        delta H to (0, 0.2) (20001 pts)
        delta H to (0, 0.3) (20001 pts)
        delta H to (0, 0.4) (20001 pts)



md5.edr: 0.0 - 20001.0; lambda = (0, 0.4)
    foreign lambdas:
        delta H to (0, 0.3) (20001 pts)
        delta H to (0, 0.4) (20001 pts)
        delta H to (0, 0.5) (20001 pts)



md6.edr: 0.0 - 20001.0; lambda = (0, 0.5)
    foreign lambdas:
        delta H to (0, 0.4) (20001 pts)
        delta H to (0, 0.5) (20001 pts)
        delta H to (0, 0.6) (20001 pts)



md7.edr: 0.0 - 20001.0; lambda = (0, 0.6)
    foreign lambdas:
        delta H to (0, 0.5) (20001 pts)
        delta H to (0, 0.6) (20001 pts)
        delta H to (0, 0.7) (20001 pts)



md8.edr: 0.0 - 20001.0; lambda = (0, 0.7)
    foreign lambdas:
        delta H to (0, 0.6) (20001 pts)
        delta H to (0, 0.7) (20001 pts)
        delta H to (0, 0.8) (20001 pts)



md9.edr: 0.0 - 20001.0; lambda = (0, 0.8)
    foreign lambdas:
        delta H to (0, 0.7) (20001 pts)
        delta H to (0, 0.8) (20001 pts)
        delta H to (0, 0.9) (20001 pts)



   Samples in time interval: 0.000 - 20001.000
Removing samples outside of: 0.000 - 10000.000

Temperature: 298.15 K

Detailed results in kT (see help for explanation):

 lam_A  lam_B      DG   +/-     s_A   +/-     s_B   +/-   stdev   +/- 
     0      1    1.19  0.10    0.82  0.08    0.85  0.07    1.35  0.03
     1      2    1.66  0.08    2.56  0.11    2.05  0.07    2.48  0.07
     2      3    0.12  0.02    2.30  0.07    1.30  0.05    1.95  0.04
     3      4   -0.63  0.03    1.46  0.03    0.90  0.01    1.52  0.01
     4      5   -1.07  0.02    1.09  0.05    0.69  0.03    1.29  0.02
     5      6   -1.30  0.02    0.86  0.03    0.56  0.02    1.18  0.01
     6      7   -1.49  0.02    0.85  0.03    0.54  0.02    1.12  0.02
     7      8   -1.69  0.01    0.69  0.01    0.43  0.01    1.02  0.01
     8      9   -1.81  0.01    0.62  0.02    0.39  0.01    0.95  0.01
     9     10   -1.93  0.01    0.56  0.01    0.37  0.01    0.90  0.00
    10     11   -0.08  0.05    0.11  0.02    0.10  0.02    0.38  0.01
    11     12   -0.25  0.03    0.06  0.03    0.07  0.03    0.36  0.02
    12     13   -0.42  0.05    0.10  0.08    0.12  0.09    0.46  0.04
    13     14   -0.76  0.07    0.22  0.13    0.28  0.14    0.66  0.04
    14     15   -1.27  0.18    0.24  0.13    0.33  0.14    0.92  0.07


Final results in kJ/mol:

point      0 -      1,   DG  2.95 +/-  0.26
point      1 -      2,   DG  4.11 +/-  0.20
point      2 -      3,   DG  0.29 +/-  0.05
point      3 -      4,   DG -1.56 +/-  0.07
point      4 -      5,   DG -2.65 +/-  0.04
point      5 -      6,   DG -3.23 +/-  0.04
point      6 -      7,   DG -3.70 +/-  0.06
point      7 -      8,   DG -4.18 +/-  0.02
point      8 -      9,   DG -4.48 +/-  0.03
point      9 -     10,   DG -4.79 +/-  0.02
point     10 -     11,   DG -0.21 +/-  0.11
point     11 -     12,   DG -0.62 +/-  0.06
point     12 -     13,   DG -1.04 +/-  0.13
point     13 -     14,   DG -1.87 +/-  0.17
point     14 -     15,   DG -3.15 +/-  0.45

total      0 -     15,   DG -24.12 +/-  0.75

