
md10.edr: 0.0 - 20001.0; lambda = (0, 0.9)
    foreign lambdas:
        delta H to (0, 0.8) (20001 pts)
        delta H to (0, 0.9) (20001 pts)
        delta H to (0, 1) (20001 pts)



md11.edr: 0.0 - 20001.0; lambda = (0, 1)
    foreign lambdas:
        delta H to (0, 0.9) (20001 pts)
        delta H to (0, 1) (20001 pts)
        delta H to (0.2, 1) (20001 pts)



md12.edr: 0.0 - 20001.0; lambda = (0.2, 1)
    foreign lambdas:
        delta H to (0, 1) (20001 pts)
        delta H to (0.2, 1) (20001 pts)
        delta H to (0.4, 1) (20001 pts)



md13.edr: 0.0 - 20001.0; lambda = (0.4, 1)
    foreign lambdas:
        delta H to (0.2, 1) (20001 pts)
        delta H to (0.4, 1) (20001 pts)
        delta H to (0.6, 1) (20001 pts)



md14.edr: 0.0 - 20001.0; lambda = (0.6, 1)
    foreign lambdas:
        delta H to (0.4, 1) (20001 pts)
        delta H to (0.6, 1) (20001 pts)
        delta H to (0.8, 1) (20001 pts)



md15.edr: 0.0 - 20001.0; lambda = (0.8, 1)
    foreign lambdas:
        delta H to (0.6, 1) (20001 pts)
        delta H to (0.8, 1) (20001 pts)
        delta H to (1, 1) (20001 pts)



md16.edr: 0.0 - 20001.0; lambda = (1, 1)
    foreign lambdas:
        delta H to (0.8, 1) (20001 pts)
        delta H to (1, 1) (20001 pts)



md1.edr: 0.0 - 20001.0; lambda = (0, 0)
    foreign lambdas:
        delta H to (0, 0) (20001 pts)
        delta H to (0, 0.1) (20001 pts)



md2.edr: 0.0 - 20001.0; lambda = (0, 0.1)
    foreign lambdas:
        delta H to (0, 0) (20001 pts)
        delta H to (0, 0.1) (20001 pts)
        delta H to (0, 0.2) (20001 pts)



md3.edr: 0.0 - 20001.0; lambda = (0, 0.2)
    foreign lambdas:
        delta H to (0, 0.1) (20001 pts)
        delta H to (0, 0.2) (20001 pts)
        delta H to (0, 0.3) (20001 pts)



md4.edr: 0.0 - 20001.0; lambda = (0, 0.3)
    foreign lambdas:
        delta H to (0, 0.2) (20001 pts)
        delta H to (0, 0.3) (20001 pts)
        delta H to (0, 0.4) (20001 pts)



md5.edr: 0.0 - 20001.0; lambda = (0, 0.4)
    foreign lambdas:
        delta H to (0, 0.3) (20001 pts)
        delta H to (0, 0.4) (20001 pts)
        delta H to (0, 0.5) (20001 pts)



md6.edr: 0.0 - 20001.0; lambda = (0, 0.5)
    foreign lambdas:
        delta H to (0, 0.4) (20001 pts)
        delta H to (0, 0.5) (20001 pts)
        delta H to (0, 0.6) (20001 pts)



md7.edr: 0.0 - 20001.0; lambda = (0, 0.6)
    foreign lambdas:
        delta H to (0, 0.5) (20001 pts)
        delta H to (0, 0.6) (20001 pts)
        delta H to (0, 0.7) (20001 pts)



md8.edr: 0.0 - 20001.0; lambda = (0, 0.7)
    foreign lambdas:
        delta H to (0, 0.6) (20001 pts)
        delta H to (0, 0.7) (20001 pts)
        delta H to (0, 0.8) (20001 pts)



md9.edr: 0.0 - 20001.0; lambda = (0, 0.8)
    foreign lambdas:
        delta H to (0, 0.7) (20001 pts)
        delta H to (0, 0.8) (20001 pts)
        delta H to (0, 0.9) (20001 pts)



   Samples in time interval: 0.000 - 20001.000
Removing samples outside of: 0.000 - 14000.000

Temperature: 298.15 K

Detailed results in kT (see help for explanation):

 lam_A  lam_B      DG   +/-     s_A   +/-     s_B   +/-   stdev   +/- 
     0      1    1.23  0.06    0.82  0.06    0.87  0.06    1.35  0.03
     1      2    1.66  0.05    2.57  0.03    2.01  0.05    2.48  0.02
     2      3    0.14  0.04    2.35  0.07    1.33  0.04    1.98  0.03
     3      4   -0.65  0.03    1.43  0.03    0.87  0.01    1.50  0.01
     4      5   -1.05  0.02    1.10  0.03    0.69  0.02    1.30  0.02
     5      6   -1.30  0.01    0.87  0.02    0.56  0.01    1.17  0.01
     6      7   -1.49  0.02    0.84  0.03    0.53  0.02    1.12  0.01
     7      8   -1.69  0.01    0.70  0.03    0.44  0.02    1.01  0.01
     8      9   -1.81  0.01    0.61  0.01    0.38  0.01    0.94  0.01
     9     10   -1.92  0.01    0.55  0.01    0.36  0.01    0.89  0.00
    10     11   -0.07  0.02    0.11  0.02    0.10  0.02    0.38  0.01
    11     12   -0.25  0.03    0.08  0.01    0.09  0.01    0.37  0.01
    12     13   -0.43  0.04    0.09  0.06    0.11  0.07    0.47  0.04
    13     14   -0.72  0.07    0.17  0.10    0.22  0.11    0.64  0.04
    14     15   -1.26  0.19    0.32  0.12    0.42  0.13    0.93  0.06


Final results in kJ/mol:

point      0 -      1,   DG  3.04 +/-  0.15
point      1 -      2,   DG  4.11 +/-  0.12
point      2 -      3,   DG  0.34 +/-  0.10
point      3 -      4,   DG -1.60 +/-  0.07
point      4 -      5,   DG -2.59 +/-  0.04
point      5 -      6,   DG -3.23 +/-  0.03
point      6 -      7,   DG -3.70 +/-  0.05
point      7 -      8,   DG -4.19 +/-  0.01
point      8 -      9,   DG -4.48 +/-  0.02
point      9 -     10,   DG -4.76 +/-  0.02
point     10 -     11,   DG -0.17 +/-  0.05
point     11 -     12,   DG -0.62 +/-  0.09
point     12 -     13,   DG -1.07 +/-  0.09
point     13 -     14,   DG -1.78 +/-  0.18
point     14 -     15,   DG -3.11 +/-  0.47

total      0 -     15,   DG -23.82 +/-  0.85

