
md10.edr: 0.0 - 20001.0; lambda = (0, 0.9)
    foreign lambdas:
        delta H to (0, 0.8) (20001 pts)
        delta H to (0, 0.9) (20001 pts)
        delta H to (0, 1) (20001 pts)



md11.edr: 0.0 - 20001.0; lambda = (0, 1)
    foreign lambdas:
        delta H to (0, 0.9) (20001 pts)
        delta H to (0, 1) (20001 pts)
        delta H to (0.2, 1) (20001 pts)



md12.edr: 0.0 - 20001.0; lambda = (0.2, 1)
    foreign lambdas:
        delta H to (0, 1) (20001 pts)
        delta H to (0.2, 1) (20001 pts)
        delta H to (0.4, 1) (20001 pts)



md13.edr: 0.0 - 20001.0; lambda = (0.4, 1)
    foreign lambdas:
        delta H to (0.2, 1) (20001 pts)
        delta H to (0.4, 1) (20001 pts)
        delta H to (0.6, 1) (20001 pts)



md14.edr: 0.0 - 20001.0; lambda = (0.6, 1)
    foreign lambdas:
        delta H to (0.4, 1) (20001 pts)
        delta H to (0.6, 1) (20001 pts)
        delta H to (0.8, 1) (20001 pts)



md15.edr: 0.0 - 20001.0; lambda = (0.8, 1)
    foreign lambdas:
        delta H to (0.6, 1) (20001 pts)
        delta H to (0.8, 1) (20001 pts)
        delta H to (1, 1) (20001 pts)



md16.edr: 0.0 - 20001.0; lambda = (1, 1)
    foreign lambdas:
        delta H to (0.8, 1) (20001 pts)
        delta H to (1, 1) (20001 pts)



md1.edr: 0.0 - 20001.0; lambda = (0, 0)
    foreign lambdas:
        delta H to (0, 0) (20001 pts)
        delta H to (0, 0.1) (20001 pts)



md2.edr: 0.0 - 20001.0; lambda = (0, 0.1)
    foreign lambdas:
        delta H to (0, 0) (20001 pts)
        delta H to (0, 0.1) (20001 pts)
        delta H to (0, 0.2) (20001 pts)



md3.edr: 0.0 - 20001.0; lambda = (0, 0.2)
    foreign lambdas:
        delta H to (0, 0.1) (20001 pts)
        delta H to (0, 0.2) (20001 pts)
        delta H to (0, 0.3) (20001 pts)



md4.edr: 0.0 - 20001.0; lambda = (0, 0.3)
    foreign lambdas:
        delta H to (0, 0.2) (20001 pts)
        delta H to (0, 0.3) (20001 pts)
        delta H to (0, 0.4) (20001 pts)



md5.edr: 0.0 - 20001.0; lambda = (0, 0.4)
    foreign lambdas:
        delta H to (0, 0.3) (20001 pts)
        delta H to (0, 0.4) (20001 pts)
        delta H to (0, 0.5) (20001 pts)



md6.edr: 0.0 - 20001.0; lambda = (0, 0.5)
    foreign lambdas:
        delta H to (0, 0.4) (20001 pts)
        delta H to (0, 0.5) (20001 pts)
        delta H to (0, 0.6) (20001 pts)



md7.edr: 0.0 - 20001.0; lambda = (0, 0.6)
    foreign lambdas:
        delta H to (0, 0.5) (20001 pts)
        delta H to (0, 0.6) (20001 pts)
        delta H to (0, 0.7) (20001 pts)



md8.edr: 0.0 - 20001.0; lambda = (0, 0.7)
    foreign lambdas:
        delta H to (0, 0.6) (20001 pts)
        delta H to (0, 0.7) (20001 pts)
        delta H to (0, 0.8) (20001 pts)



md9.edr: 0.0 - 20001.0; lambda = (0, 0.8)
    foreign lambdas:
        delta H to (0, 0.7) (20001 pts)
        delta H to (0, 0.8) (20001 pts)
        delta H to (0, 0.9) (20001 pts)



   Samples in time interval: 0.000 - 20001.000
Removing samples outside of: 0.000 - 12000.000

Temperature: 298.15 K

Detailed results in kT (see help for explanation):

 lam_A  lam_B      DG   +/-     s_A   +/-     s_B   +/-   stdev   +/- 
     0      1    1.23  0.06    0.80  0.05    0.85  0.05    1.34  0.02
     1      2    1.61  0.08    2.61  0.08    1.98  0.07    2.48  0.05
     2      3    0.11  0.05    2.36  0.03    1.38  0.03    1.98  0.02
     3      4   -0.73  0.04    1.38  0.04    0.86  0.03    1.49  0.02
     4      5   -1.07  0.03    1.12  0.04    0.71  0.02    1.33  0.02
     5      6   -1.36  0.02    0.90  0.02    0.59  0.01    1.19  0.01
     6      7   -1.56  0.02    0.80  0.02    0.50  0.01    1.10  0.01
     7      8   -1.71  0.02    0.73  0.02    0.46  0.01    1.04  0.01
     8      9   -1.86  0.02    0.65  0.02    0.42  0.01    0.97  0.01
     9     10   -1.97  0.01    0.53  0.02    0.34  0.02    0.90  0.01
    10     11   -0.12  0.04    0.09  0.02    0.09  0.02    0.40  0.01
    11     12   -0.27  0.03    0.07  0.02    0.08  0.02    0.41  0.02
    12     13   -0.48  0.05    0.13  0.02    0.15  0.03    0.49  0.03
    13     14   -0.85  0.07    0.23  0.05    0.29  0.07    0.69  0.05
    14     15   -1.51  0.11    0.37  0.10    0.46  0.12    0.96  0.08


Final results in kJ/mol:

point      0 -      1,   DG  3.05 +/-  0.16
point      1 -      2,   DG  3.99 +/-  0.21
point      2 -      3,   DG  0.28 +/-  0.11
point      3 -      4,   DG -1.82 +/-  0.11
point      4 -      5,   DG -2.66 +/-  0.07
point      5 -      6,   DG -3.38 +/-  0.04
point      6 -      7,   DG -3.86 +/-  0.05
point      7 -      8,   DG -4.23 +/-  0.05
point      8 -      9,   DG -4.62 +/-  0.04
point      9 -     10,   DG -4.88 +/-  0.04
point     10 -     11,   DG -0.30 +/-  0.10
point     11 -     12,   DG -0.68 +/-  0.07
point     12 -     13,   DG -1.19 +/-  0.12
point     13 -     14,   DG -2.11 +/-  0.18
point     14 -     15,   DG -3.74 +/-  0.28

total      0 -     15,   DG -26.14 +/-  0.43

