
md10.edr: 0.0 - 20001.0; lambda = (0, 0.9)
    foreign lambdas:
        delta H to (0, 0.8) (20001 pts)
        delta H to (0, 0.9) (20001 pts)
        delta H to (0, 1) (20001 pts)



md11.edr: 0.0 - 20001.0; lambda = (0, 1)
    foreign lambdas:
        delta H to (0, 0.9) (20001 pts)
        delta H to (0, 1) (20001 pts)
        delta H to (0.2, 1) (20001 pts)



md12.edr: 0.0 - 20001.0; lambda = (0.2, 1)
    foreign lambdas:
        delta H to (0, 1) (20001 pts)
        delta H to (0.2, 1) (20001 pts)
        delta H to (0.4, 1) (20001 pts)



md13.edr: 0.0 - 20001.0; lambda = (0.4, 1)
    foreign lambdas:
        delta H to (0.2, 1) (20001 pts)
        delta H to (0.4, 1) (20001 pts)
        delta H to (0.6, 1) (20001 pts)



md14.edr: 0.0 - 20001.0; lambda = (0.6, 1)
    foreign lambdas:
        delta H to (0.4, 1) (20001 pts)
        delta H to (0.6, 1) (20001 pts)
        delta H to (0.8, 1) (20001 pts)



md15.edr: 0.0 - 20001.0; lambda = (0.8, 1)
    foreign lambdas:
        delta H to (0.6, 1) (20001 pts)
        delta H to (0.8, 1) (20001 pts)
        delta H to (1, 1) (20001 pts)



md16.edr: 0.0 - 20001.0; lambda = (1, 1)
    foreign lambdas:
        delta H to (0.8, 1) (20001 pts)
        delta H to (1, 1) (20001 pts)



md1.edr: 0.0 - 20001.0; lambda = (0, 0)
    foreign lambdas:
        delta H to (0, 0) (20001 pts)
        delta H to (0, 0.1) (20001 pts)



md2.edr: 0.0 - 20001.0; lambda = (0, 0.1)
    foreign lambdas:
        delta H to (0, 0) (20001 pts)
        delta H to (0, 0.1) (20001 pts)
        delta H to (0, 0.2) (20001 pts)



md3.edr: 0.0 - 20001.0; lambda = (0, 0.2)
    foreign lambdas:
        delta H to (0, 0.1) (20001 pts)
        delta H to (0, 0.2) (20001 pts)
        delta H to (0, 0.3) (20001 pts)



md4.edr: 0.0 - 20001.0; lambda = (0, 0.3)
    foreign lambdas:
        delta H to (0, 0.2) (20001 pts)
        delta H to (0, 0.3) (20001 pts)
        delta H to (0, 0.4) (20001 pts)



md5.edr: 0.0 - 20001.0; lambda = (0, 0.4)
    foreign lambdas:
        delta H to (0, 0.3) (20001 pts)
        delta H to (0, 0.4) (20001 pts)
        delta H to (0, 0.5) (20001 pts)



md6.edr: 0.0 - 20001.0; lambda = (0, 0.5)
    foreign lambdas:
        delta H to (0, 0.4) (20001 pts)
        delta H to (0, 0.5) (20001 pts)
        delta H to (0, 0.6) (20001 pts)



md7.edr: 0.0 - 20001.0; lambda = (0, 0.6)
    foreign lambdas:
        delta H to (0, 0.5) (20001 pts)
        delta H to (0, 0.6) (20001 pts)
        delta H to (0, 0.7) (20001 pts)



md8.edr: 0.0 - 20001.0; lambda = (0, 0.7)
    foreign lambdas:
        delta H to (0, 0.6) (20001 pts)
        delta H to (0, 0.7) (20001 pts)
        delta H to (0, 0.8) (20001 pts)



md9.edr: 0.0 - 20001.0; lambda = (0, 0.8)
    foreign lambdas:
        delta H to (0, 0.7) (20001 pts)
        delta H to (0, 0.8) (20001 pts)
        delta H to (0, 0.9) (20001 pts)



   Samples in time interval: 0.000 - 20001.000
Removing samples outside of: 0.000 - 2000.000

Temperature: 298.15 K

Detailed results in kT (see help for explanation):

 lam_A  lam_B      DG   +/-     s_A   +/-     s_B   +/-   stdev   +/- 
     0      1    1.11  0.15    0.94  0.07    0.99  0.06    1.38  0.05
     1      2    1.31  0.10    2.23  0.24    1.72  0.18    2.27  0.14
     2      3    0.13  0.11    2.30  0.20    1.33  0.12    1.95  0.10
     3      4   -0.67  0.06    1.40  0.04    0.88  0.02    1.51  0.02
     4      5   -1.07  0.06    1.16  0.08    0.75  0.05    1.35  0.03
     5      6   -1.37  0.03    0.87  0.04    0.56  0.02    1.18  0.02
     6      7   -1.46  0.03    0.81  0.07    0.50  0.05    1.13  0.02
     7      8   -1.61  0.03    0.81  0.03    0.51  0.02    1.07  0.01
     8      9   -1.81  0.03    0.65  0.04    0.43  0.03    0.97  0.01
     9     10   -1.98  0.02    0.56  0.04    0.37  0.03    0.91  0.02
    10     11   -0.10  0.06    0.06  0.03    0.06  0.02    0.37  0.04
    11     12   -0.23  0.07    0.07  0.05    0.07  0.05    0.37  0.05
    12     13   -0.57  0.06    0.27  0.09    0.30  0.10    0.55  0.05
    13     14   -0.99  0.07    0.11  0.13    0.15  0.14    0.65  0.05
    14     15   -1.31  0.06    0.17  0.13    0.24  0.15    0.78  0.06


Final results in kJ/mol:

point      0 -      1,   DG  2.74 +/-  0.38
point      1 -      2,   DG  3.25 +/-  0.25
point      2 -      3,   DG  0.32 +/-  0.28
point      3 -      4,   DG -1.67 +/-  0.14
point      4 -      5,   DG -2.65 +/-  0.15
point      5 -      6,   DG -3.40 +/-  0.08
point      6 -      7,   DG -3.63 +/-  0.07
point      7 -      8,   DG -3.98 +/-  0.08
point      8 -      9,   DG -4.50 +/-  0.07
point      9 -     10,   DG -4.90 +/-  0.04
point     10 -     11,   DG -0.25 +/-  0.14
point     11 -     12,   DG -0.56 +/-  0.17
point     12 -     13,   DG -1.42 +/-  0.16
point     13 -     14,   DG -2.45 +/-  0.18
point     14 -     15,   DG -3.25 +/-  0.16

total      0 -     15,   DG -26.35 +/-  0.61

