
md10.edr: 0.0 - 20001.0; lambda = (0, 0.9)
    foreign lambdas:
        delta H to (0, 0.8) (20001 pts)
        delta H to (0, 0.9) (20001 pts)
        delta H to (0, 1) (20001 pts)



md11.edr: 0.0 - 20001.0; lambda = (0, 1)
    foreign lambdas:
        delta H to (0, 0.9) (20001 pts)
        delta H to (0, 1) (20001 pts)
        delta H to (0.2, 1) (20001 pts)



md12.edr: 0.0 - 20001.0; lambda = (0.2, 1)
    foreign lambdas:
        delta H to (0, 1) (20001 pts)
        delta H to (0.2, 1) (20001 pts)
        delta H to (0.4, 1) (20001 pts)



md13.edr: 0.0 - 20001.0; lambda = (0.4, 1)
    foreign lambdas:
        delta H to (0.2, 1) (20001 pts)
        delta H to (0.4, 1) (20001 pts)
        delta H to (0.6, 1) (20001 pts)



md14.edr: 0.0 - 20001.0; lambda = (0.6, 1)
    foreign lambdas:
        delta H to (0.4, 1) (20001 pts)
        delta H to (0.6, 1) (20001 pts)
        delta H to (0.8, 1) (20001 pts)



md15.edr: 0.0 - 20001.0; lambda = (0.8, 1)
    foreign lambdas:
        delta H to (0.6, 1) (20001 pts)
        delta H to (0.8, 1) (20001 pts)
        delta H to (1, 1) (20001 pts)



md16.edr: 0.0 - 20001.0; lambda = (1, 1)
    foreign lambdas:
        delta H to (0.8, 1) (20001 pts)
        delta H to (1, 1) (20001 pts)



md1.edr: 0.0 - 20001.0; lambda = (0, 0)
    foreign lambdas:
        delta H to (0, 0) (20001 pts)
        delta H to (0, 0.1) (20001 pts)



md2.edr: 0.0 - 20001.0; lambda = (0, 0.1)
    foreign lambdas:
        delta H to (0, 0) (20001 pts)
        delta H to (0, 0.1) (20001 pts)
        delta H to (0, 0.2) (20001 pts)



md3.edr: 0.0 - 20001.0; lambda = (0, 0.2)
    foreign lambdas:
        delta H to (0, 0.1) (20001 pts)
        delta H to (0, 0.2) (20001 pts)
        delta H to (0, 0.3) (20001 pts)



md4.edr: 0.0 - 20001.0; lambda = (0, 0.3)
    foreign lambdas:
        delta H to (0, 0.2) (20001 pts)
        delta H to (0, 0.3) (20001 pts)
        delta H to (0, 0.4) (20001 pts)



md5.edr: 0.0 - 20001.0; lambda = (0, 0.4)
    foreign lambdas:
        delta H to (0, 0.3) (20001 pts)
        delta H to (0, 0.4) (20001 pts)
        delta H to (0, 0.5) (20001 pts)



md6.edr: 0.0 - 20001.0; lambda = (0, 0.5)
    foreign lambdas:
        delta H to (0, 0.4) (20001 pts)
        delta H to (0, 0.5) (20001 pts)
        delta H to (0, 0.6) (20001 pts)



md7.edr: 0.0 - 20001.0; lambda = (0, 0.6)
    foreign lambdas:
        delta H to (0, 0.5) (20001 pts)
        delta H to (0, 0.6) (20001 pts)
        delta H to (0, 0.7) (20001 pts)



md8.edr: 0.0 - 20001.0; lambda = (0, 0.7)
    foreign lambdas:
        delta H to (0, 0.6) (20001 pts)
        delta H to (0, 0.7) (20001 pts)
        delta H to (0, 0.8) (20001 pts)



md9.edr: 0.0 - 20001.0; lambda = (0, 0.8)
    foreign lambdas:
        delta H to (0, 0.7) (20001 pts)
        delta H to (0, 0.8) (20001 pts)
        delta H to (0, 0.9) (20001 pts)



   Samples in time interval: 0.000 - 20001.000
Removing samples outside of: 0.000 - 8000.000

Temperature: 298.15 K

Detailed results in kT (see help for explanation):

 lam_A  lam_B      DG   +/-     s_A   +/-     s_B   +/-   stdev   +/- 
     0      1    1.18  0.09    0.84  0.07    0.88  0.08    1.35  0.03
     1      2    1.52  0.14    2.53  0.09    1.92  0.07    2.43  0.05
     2      3    0.09  0.06    2.35  0.11    1.37  0.06    1.97  0.05
     3      4   -0.76  0.04    1.37  0.05    0.86  0.04    1.49  0.02
     4      5   -1.10  0.02    1.09  0.02    0.69  0.02    1.31  0.01
     5      6   -1.36  0.02    0.89  0.02    0.57  0.02    1.18  0.02
     6      7   -1.55  0.03    0.80  0.03    0.50  0.01    1.10  0.02
     7      8   -1.70  0.02    0.72  0.02    0.45  0.02    1.03  0.01
     8      9   -1.86  0.02    0.65  0.03    0.42  0.02    0.97  0.01
     9     10   -1.98  0.01    0.53  0.03    0.34  0.03    0.90  0.01
    10     11   -0.09  0.04    0.07  0.01    0.07  0.01    0.40  0.02
    11     12   -0.24  0.04    0.08  0.04    0.09  0.04    0.39  0.04
    12     13   -0.46  0.07    0.12  0.07    0.14  0.08    0.47  0.04
    13     14   -0.78  0.06    0.18  0.08    0.24  0.09    0.65  0.05
    14     15   -1.44  0.12    0.43  0.14    0.54  0.15    1.01  0.08


Final results in kJ/mol:

point      0 -      1,   DG  2.92 +/-  0.21
point      1 -      2,   DG  3.76 +/-  0.34
point      2 -      3,   DG  0.22 +/-  0.15
point      3 -      4,   DG -1.89 +/-  0.09
point      4 -      5,   DG -2.73 +/-  0.04
point      5 -      6,   DG -3.36 +/-  0.05
point      6 -      7,   DG -3.84 +/-  0.07
point      7 -      8,   DG -4.22 +/-  0.06
point      8 -      9,   DG -4.62 +/-  0.06
point      9 -     10,   DG -4.91 +/-  0.02
point     10 -     11,   DG -0.23 +/-  0.09
point     11 -     12,   DG -0.60 +/-  0.10
point     12 -     13,   DG -1.13 +/-  0.16
point     13 -     14,   DG -1.92 +/-  0.15
point     14 -     15,   DG -3.58 +/-  0.29

total      0 -     15,   DG -26.13 +/-  0.44

