
md10.edr: 0.0 - 20001.0; lambda = (0, 0.9)
    foreign lambdas:
        delta H to (0, 0.8) (20001 pts)
        delta H to (0, 0.9) (20001 pts)
        delta H to (0, 1) (20001 pts)



md11.edr: 0.0 - 20001.0; lambda = (0, 1)
    foreign lambdas:
        delta H to (0, 0.9) (20001 pts)
        delta H to (0, 1) (20001 pts)
        delta H to (0.2, 1) (20001 pts)



md12.edr: 0.0 - 20001.0; lambda = (0.2, 1)
    foreign lambdas:
        delta H to (0, 1) (20001 pts)
        delta H to (0.2, 1) (20001 pts)
        delta H to (0.4, 1) (20001 pts)



md13.edr: 0.0 - 20001.0; lambda = (0.4, 1)
    foreign lambdas:
        delta H to (0.2, 1) (20001 pts)
        delta H to (0.4, 1) (20001 pts)
        delta H to (0.6, 1) (20001 pts)



md14.edr: 0.0 - 20001.0; lambda = (0.6, 1)
    foreign lambdas:
        delta H to (0.4, 1) (20001 pts)
        delta H to (0.6, 1) (20001 pts)
        delta H to (0.8, 1) (20001 pts)



md15.edr: 0.0 - 20001.0; lambda = (0.8, 1)
    foreign lambdas:
        delta H to (0.6, 1) (20001 pts)
        delta H to (0.8, 1) (20001 pts)
        delta H to (1, 1) (20001 pts)



md16.edr: 0.0 - 20001.0; lambda = (1, 1)
    foreign lambdas:
        delta H to (0.8, 1) (20001 pts)
        delta H to (1, 1) (20001 pts)



md1.edr: 0.0 - 20001.0; lambda = (0, 0)
    foreign lambdas:
        delta H to (0, 0) (20001 pts)
        delta H to (0, 0.1) (20001 pts)



md2.edr: 0.0 - 20001.0; lambda = (0, 0.1)
    foreign lambdas:
        delta H to (0, 0) (20001 pts)
        delta H to (0, 0.1) (20001 pts)
        delta H to (0, 0.2) (20001 pts)



md3.edr: 0.0 - 20001.0; lambda = (0, 0.2)
    foreign lambdas:
        delta H to (0, 0.1) (20001 pts)
        delta H to (0, 0.2) (20001 pts)
        delta H to (0, 0.3) (20001 pts)



md4.edr: 0.0 - 20001.0; lambda = (0, 0.3)
    foreign lambdas:
        delta H to (0, 0.2) (20001 pts)
        delta H to (0, 0.3) (20001 pts)
        delta H to (0, 0.4) (20001 pts)



md5.edr: 0.0 - 20001.0; lambda = (0, 0.4)
    foreign lambdas:
        delta H to (0, 0.3) (20001 pts)
        delta H to (0, 0.4) (20001 pts)
        delta H to (0, 0.5) (20001 pts)



md6.edr: 0.0 - 20001.0; lambda = (0, 0.5)
    foreign lambdas:
        delta H to (0, 0.4) (20001 pts)
        delta H to (0, 0.5) (20001 pts)
        delta H to (0, 0.6) (20001 pts)



md7.edr: 0.0 - 20001.0; lambda = (0, 0.6)
    foreign lambdas:
        delta H to (0, 0.5) (20001 pts)
        delta H to (0, 0.6) (20001 pts)
        delta H to (0, 0.7) (20001 pts)



md8.edr: 0.0 - 20001.0; lambda = (0, 0.7)
    foreign lambdas:
        delta H to (0, 0.6) (20001 pts)
        delta H to (0, 0.7) (20001 pts)
        delta H to (0, 0.8) (20001 pts)



md9.edr: 0.0 - 20001.0; lambda = (0, 0.8)
    foreign lambdas:
        delta H to (0, 0.7) (20001 pts)
        delta H to (0, 0.8) (20001 pts)
        delta H to (0, 0.9) (20001 pts)



   Samples in time interval: 0.000 - 20001.000
Removing samples outside of: 0.000 - 9000.000

Temperature: 298.15 K

Detailed results in kT (see help for explanation):

 lam_A  lam_B      DG   +/-     s_A   +/-     s_B   +/-   stdev   +/- 
     0      1    1.16  0.05    0.83  0.05    0.87  0.04    1.35  0.02
     1      2    1.51  0.13    2.53  0.06    1.92  0.07    2.42  0.06
     2      3    0.09  0.05    2.34  0.12    1.36  0.05    1.97  0.05
     3      4   -0.74  0.07    1.37  0.06    0.86  0.04    1.48  0.03
     4      5   -1.07  0.03    1.11  0.05    0.71  0.04    1.32  0.02
     5      6   -1.35  0.01    0.89  0.03    0.58  0.02    1.18  0.02
     6      7   -1.55  0.03    0.80  0.03    0.50  0.02    1.10  0.02
     7      8   -1.70  0.03    0.71  0.03    0.45  0.02    1.03  0.02
     8      9   -1.86  0.02    0.65  0.02    0.42  0.01    0.97  0.01
     9     10   -1.97  0.01    0.52  0.02    0.34  0.02    0.90  0.01
    10     11   -0.11  0.04    0.08  0.02    0.08  0.02    0.40  0.02
    11     12   -0.27  0.04    0.08  0.02    0.09  0.03    0.41  0.03
    12     13   -0.47  0.05    0.11  0.05    0.13  0.05    0.48  0.03
    13     14   -0.83  0.08    0.22  0.07    0.29  0.08    0.69  0.06
    14     15   -1.52  0.16    0.40  0.16    0.50  0.16    1.02  0.07


Final results in kJ/mol:

point      0 -      1,   DG  2.89 +/-  0.12
point      1 -      2,   DG  3.75 +/-  0.31
point      2 -      3,   DG  0.22 +/-  0.11
point      3 -      4,   DG -1.83 +/-  0.16
point      4 -      5,   DG -2.66 +/-  0.08
point      5 -      6,   DG -3.35 +/-  0.03
point      6 -      7,   DG -3.85 +/-  0.08
point      7 -      8,   DG -4.23 +/-  0.07
point      8 -      9,   DG -4.62 +/-  0.06
point      9 -     10,   DG -4.88 +/-  0.04
point     10 -     11,   DG -0.27 +/-  0.11
point     11 -     12,   DG -0.68 +/-  0.10
point     12 -     13,   DG -1.17 +/-  0.13
point     13 -     14,   DG -2.05 +/-  0.20
point     14 -     15,   DG -3.76 +/-  0.39

total      0 -     15,   DG -26.49 +/-  0.56

