
md10.edr: 0.0 - 20001.0; lambda = (0, 0.9)
    foreign lambdas:
        delta H to (0, 0.8) (20001 pts)
        delta H to (0, 0.9) (20001 pts)
        delta H to (0, 1) (20001 pts)



md11.edr: 0.0 - 20001.0; lambda = (0, 1)
    foreign lambdas:
        delta H to (0, 0.9) (20001 pts)
        delta H to (0, 1) (20001 pts)
        delta H to (0.2, 1) (20001 pts)



md12.edr: 0.0 - 20001.0; lambda = (0.2, 1)
    foreign lambdas:
        delta H to (0, 1) (20001 pts)
        delta H to (0.2, 1) (20001 pts)
        delta H to (0.4, 1) (20001 pts)



md13.edr: 0.0 - 20001.0; lambda = (0.4, 1)
    foreign lambdas:
        delta H to (0.2, 1) (20001 pts)
        delta H to (0.4, 1) (20001 pts)
        delta H to (0.6, 1) (20001 pts)



md14.edr: 0.0 - 20001.0; lambda = (0.6, 1)
    foreign lambdas:
        delta H to (0.4, 1) (20001 pts)
        delta H to (0.6, 1) (20001 pts)
        delta H to (0.8, 1) (20001 pts)



md15.edr: 0.0 - 20001.0; lambda = (0.8, 1)
    foreign lambdas:
        delta H to (0.6, 1) (20001 pts)
        delta H to (0.8, 1) (20001 pts)
        delta H to (1, 1) (20001 pts)



md16.edr: 0.0 - 20001.0; lambda = (1, 1)
    foreign lambdas:
        delta H to (0.8, 1) (20001 pts)
        delta H to (1, 1) (20001 pts)



md1.edr: 0.0 - 20001.0; lambda = (0, 0)
    foreign lambdas:
        delta H to (0, 0) (20001 pts)
        delta H to (0, 0.1) (20001 pts)



md2.edr: 0.0 - 20001.0; lambda = (0, 0.1)
    foreign lambdas:
        delta H to (0, 0) (20001 pts)
        delta H to (0, 0.1) (20001 pts)
        delta H to (0, 0.2) (20001 pts)



md3.edr: 0.0 - 20001.0; lambda = (0, 0.2)
    foreign lambdas:
        delta H to (0, 0.1) (20001 pts)
        delta H to (0, 0.2) (20001 pts)
        delta H to (0, 0.3) (20001 pts)



md4.edr: 0.0 - 20001.0; lambda = (0, 0.3)
    foreign lambdas:
        delta H to (0, 0.2) (20001 pts)
        delta H to (0, 0.3) (20001 pts)
        delta H to (0, 0.4) (20001 pts)



md5.edr: 0.0 - 20001.0; lambda = (0, 0.4)
    foreign lambdas:
        delta H to (0, 0.3) (20001 pts)
        delta H to (0, 0.4) (20001 pts)
        delta H to (0, 0.5) (20001 pts)



md6.edr: 0.0 - 20001.0; lambda = (0, 0.5)
    foreign lambdas:
        delta H to (0, 0.4) (20001 pts)
        delta H to (0, 0.5) (20001 pts)
        delta H to (0, 0.6) (20001 pts)



md7.edr: 0.0 - 20001.0; lambda = (0, 0.6)
    foreign lambdas:
        delta H to (0, 0.5) (20001 pts)
        delta H to (0, 0.6) (20001 pts)
        delta H to (0, 0.7) (20001 pts)



md8.edr: 0.0 - 20001.0; lambda = (0, 0.7)
    foreign lambdas:
        delta H to (0, 0.6) (20001 pts)
        delta H to (0, 0.7) (20001 pts)
        delta H to (0, 0.8) (20001 pts)



md9.edr: 0.0 - 20001.0; lambda = (0, 0.8)
    foreign lambdas:
        delta H to (0, 0.7) (20001 pts)
        delta H to (0, 0.8) (20001 pts)
        delta H to (0, 0.9) (20001 pts)



   Samples in time interval: 0.000 - 20001.000
Removing samples outside of: 0.000 - 11000.000

Temperature: 298.15 K

Detailed results in kT (see help for explanation):

 lam_A  lam_B      DG   +/-     s_A   +/-     s_B   +/-   stdev   +/- 
     0      1    1.23  0.09    0.83  0.08    0.88  0.09    1.34  0.03
     1      2    1.59  0.13    2.57  0.10    1.96  0.08    2.46  0.07
     2      3    0.11  0.06    2.37  0.09    1.38  0.04    1.99  0.03
     3      4   -0.73  0.03    1.38  0.02    0.87  0.01    1.49  0.01
     4      5   -1.07  0.03    1.12  0.03    0.71  0.01    1.33  0.01
     5      6   -1.36  0.01    0.89  0.02    0.58  0.01    1.18  0.01
     6      7   -1.55  0.02    0.80  0.03    0.50  0.01    1.10  0.02
     7      8   -1.71  0.02    0.72  0.02    0.45  0.01    1.03  0.01
     8      9   -1.86  0.01    0.64  0.02    0.42  0.01    0.97  0.01
     9     10   -1.97  0.01    0.52  0.02    0.34  0.01    0.90  0.01
    10     11   -0.13  0.05    0.09  0.03    0.09  0.03    0.40  0.02
    11     12   -0.28  0.04    0.06  0.03    0.07  0.03    0.41  0.02
    12     13   -0.49  0.04    0.14  0.06    0.16  0.07    0.50  0.03
    13     14   -0.84  0.06    0.19  0.08    0.25  0.10    0.67  0.06
    14     15   -1.50  0.12    0.40  0.12    0.50  0.13    0.98  0.08


Final results in kJ/mol:

point      0 -      1,   DG  3.06 +/-  0.22
point      1 -      2,   DG  3.94 +/-  0.33
point      2 -      3,   DG  0.28 +/-  0.14
point      3 -      4,   DG -1.82 +/-  0.07
point      4 -      5,   DG -2.66 +/-  0.06
point      5 -      6,   DG -3.37 +/-  0.04
point      6 -      7,   DG -3.85 +/-  0.05
point      7 -      8,   DG -4.23 +/-  0.05
point      8 -      9,   DG -4.62 +/-  0.04
point      9 -     10,   DG -4.88 +/-  0.04
point     10 -     11,   DG -0.31 +/-  0.12
point     11 -     12,   DG -0.70 +/-  0.10
point     12 -     13,   DG -1.22 +/-  0.10
point     13 -     14,   DG -2.09 +/-  0.16
point     14 -     15,   DG -3.71 +/-  0.30

total      0 -     15,   DG -26.18 +/-  0.60

