
md10.edr: 0.0 - 20001.0; lambda = (0, 0.9)
    foreign lambdas:
        delta H to (0, 0.8) (20001 pts)
        delta H to (0, 0.9) (20001 pts)
        delta H to (0, 1) (20001 pts)



md11.edr: 0.0 - 20001.0; lambda = (0, 1)
    foreign lambdas:
        delta H to (0, 0.9) (20001 pts)
        delta H to (0, 1) (20001 pts)
        delta H to (0.2, 1) (20001 pts)



md12.edr: 0.0 - 20001.0; lambda = (0.2, 1)
    foreign lambdas:
        delta H to (0, 1) (20001 pts)
        delta H to (0.2, 1) (20001 pts)
        delta H to (0.4, 1) (20001 pts)



md13.edr: 0.0 - 20001.0; lambda = (0.4, 1)
    foreign lambdas:
        delta H to (0.2, 1) (20001 pts)
        delta H to (0.4, 1) (20001 pts)
        delta H to (0.6, 1) (20001 pts)



md14.edr: 0.0 - 20001.0; lambda = (0.6, 1)
    foreign lambdas:
        delta H to (0.4, 1) (20001 pts)
        delta H to (0.6, 1) (20001 pts)
        delta H to (0.8, 1) (20001 pts)



md15.edr: 0.0 - 20001.0; lambda = (0.8, 1)
    foreign lambdas:
        delta H to (0.6, 1) (20001 pts)
        delta H to (0.8, 1) (20001 pts)
        delta H to (1, 1) (20001 pts)



md16.edr: 0.0 - 20001.0; lambda = (1, 1)
    foreign lambdas:
        delta H to (0.8, 1) (20001 pts)
        delta H to (1, 1) (20001 pts)



md1.edr: 0.0 - 20001.0; lambda = (0, 0)
    foreign lambdas:
        delta H to (0, 0) (20001 pts)
        delta H to (0, 0.1) (20001 pts)



md2.edr: 0.0 - 20001.0; lambda = (0, 0.1)
    foreign lambdas:
        delta H to (0, 0) (20001 pts)
        delta H to (0, 0.1) (20001 pts)
        delta H to (0, 0.2) (20001 pts)



md3.edr: 0.0 - 20001.0; lambda = (0, 0.2)
    foreign lambdas:
        delta H to (0, 0.1) (20001 pts)
        delta H to (0, 0.2) (20001 pts)
        delta H to (0, 0.3) (20001 pts)



md4.edr: 0.0 - 20001.0; lambda = (0, 0.3)
    foreign lambdas:
        delta H to (0, 0.2) (20001 pts)
        delta H to (0, 0.3) (20001 pts)
        delta H to (0, 0.4) (20001 pts)



md5.edr: 0.0 - 20001.0; lambda = (0, 0.4)
    foreign lambdas:
        delta H to (0, 0.3) (20001 pts)
        delta H to (0, 0.4) (20001 pts)
        delta H to (0, 0.5) (20001 pts)



md6.edr: 0.0 - 20001.0; lambda = (0, 0.5)
    foreign lambdas:
        delta H to (0, 0.4) (20001 pts)
        delta H to (0, 0.5) (20001 pts)
        delta H to (0, 0.6) (20001 pts)



md7.edr: 0.0 - 20001.0; lambda = (0, 0.6)
    foreign lambdas:
        delta H to (0, 0.5) (20001 pts)
        delta H to (0, 0.6) (20001 pts)
        delta H to (0, 0.7) (20001 pts)



md8.edr: 0.0 - 20001.0; lambda = (0, 0.7)
    foreign lambdas:
        delta H to (0, 0.6) (20001 pts)
        delta H to (0, 0.7) (20001 pts)
        delta H to (0, 0.8) (20001 pts)



md9.edr: 0.0 - 20001.0; lambda = (0, 0.8)
    foreign lambdas:
        delta H to (0, 0.7) (20001 pts)
        delta H to (0, 0.8) (20001 pts)
        delta H to (0, 0.9) (20001 pts)



   Samples in time interval: 0.000 - 20001.000
Removing samples outside of: 0.000 - 9000.000

Temperature: 298.15 K

Detailed results in kT (see help for explanation):

 lam_A  lam_B      DG   +/-     s_A   +/-     s_B   +/-   stdev   +/- 
     0      1    1.22  0.05    0.89  0.08    0.95  0.09    1.34  0.04
     1      2    1.58  0.14    2.45  0.13    1.96  0.10    2.39  0.09
     2      3    0.19  0.06    2.22  0.11    1.30  0.05    1.95  0.05
     3      4   -0.63  0.04    1.54  0.06    0.93  0.03    1.54  0.03
     4      5   -1.05  0.03    1.06  0.04    0.68  0.02    1.28  0.02
     5      6   -1.31  0.04    0.85  0.02    0.56  0.02    1.17  0.02
     6      7   -1.48  0.02    0.81  0.03    0.50  0.02    1.10  0.01
     7      8   -1.66  0.02    0.69  0.01    0.44  0.01    1.01  0.01
     8      9   -1.78  0.02    0.61  0.01    0.39  0.00    0.94  0.01
     9     10   -1.89  0.02    0.52  0.02    0.35  0.02    0.88  0.01
    10     11   -0.09  0.03    0.04  0.02    0.04  0.02    0.30  0.03
    11     12   -0.14  0.02    0.00  0.02    0.00  0.02    0.29  0.03
    12     13   -0.25  0.03    0.11  0.04    0.12  0.04    0.35  0.02
    13     14   -0.39  0.04    0.03  0.03    0.05  0.03    0.42  0.02
    14     15   -0.70  0.07    0.25  0.07    0.32  0.09    0.65  0.06


Final results in kJ/mol:

point      0 -      1,   DG  3.02 +/-  0.12
point      1 -      2,   DG  3.93 +/-  0.34
point      2 -      3,   DG  0.47 +/-  0.15
point      3 -      4,   DG -1.56 +/-  0.09
point      4 -      5,   DG -2.61 +/-  0.07
point      5 -      6,   DG -3.24 +/-  0.09
point      6 -      7,   DG -3.66 +/-  0.06
point      7 -      8,   DG -4.11 +/-  0.05
point      8 -      9,   DG -4.42 +/-  0.05
point      9 -     10,   DG -4.69 +/-  0.06
point     10 -     11,   DG -0.23 +/-  0.09
point     11 -     12,   DG -0.34 +/-  0.05
point     12 -     13,   DG -0.61 +/-  0.06
point     13 -     14,   DG -0.98 +/-  0.10
point     14 -     15,   DG -1.73 +/-  0.17

total      0 -     15,   DG -20.76 +/-  0.53

