
md10.edr: 0.0 - 20001.0; lambda = (0, 0.9)
    foreign lambdas:
        delta H to (0, 0.8) (20001 pts)
        delta H to (0, 0.9) (20001 pts)
        delta H to (0, 1) (20001 pts)



md11.edr: 0.0 - 20001.0; lambda = (0, 1)
    foreign lambdas:
        delta H to (0, 0.9) (20001 pts)
        delta H to (0, 1) (20001 pts)
        delta H to (0.2, 1) (20001 pts)



md12.edr: 0.0 - 20001.0; lambda = (0.2, 1)
    foreign lambdas:
        delta H to (0, 1) (20001 pts)
        delta H to (0.2, 1) (20001 pts)
        delta H to (0.4, 1) (20001 pts)



md13.edr: 0.0 - 20001.0; lambda = (0.4, 1)
    foreign lambdas:
        delta H to (0.2, 1) (20001 pts)
        delta H to (0.4, 1) (20001 pts)
        delta H to (0.6, 1) (20001 pts)



md14.edr: 0.0 - 20001.0; lambda = (0.6, 1)
    foreign lambdas:
        delta H to (0.4, 1) (20001 pts)
        delta H to (0.6, 1) (20001 pts)
        delta H to (0.8, 1) (20001 pts)



md15.edr: 0.0 - 20001.0; lambda = (0.8, 1)
    foreign lambdas:
        delta H to (0.6, 1) (20001 pts)
        delta H to (0.8, 1) (20001 pts)
        delta H to (1, 1) (20001 pts)



md16.edr: 0.0 - 20001.0; lambda = (1, 1)
    foreign lambdas:
        delta H to (0.8, 1) (20001 pts)
        delta H to (1, 1) (20001 pts)



md1.edr: 0.0 - 20001.0; lambda = (0, 0)
    foreign lambdas:
        delta H to (0, 0) (20001 pts)
        delta H to (0, 0.1) (20001 pts)



md2.edr: 0.0 - 20001.0; lambda = (0, 0.1)
    foreign lambdas:
        delta H to (0, 0) (20001 pts)
        delta H to (0, 0.1) (20001 pts)
        delta H to (0, 0.2) (20001 pts)



md3.edr: 0.0 - 20001.0; lambda = (0, 0.2)
    foreign lambdas:
        delta H to (0, 0.1) (20001 pts)
        delta H to (0, 0.2) (20001 pts)
        delta H to (0, 0.3) (20001 pts)



md4.edr: 0.0 - 20001.0; lambda = (0, 0.3)
    foreign lambdas:
        delta H to (0, 0.2) (20001 pts)
        delta H to (0, 0.3) (20001 pts)
        delta H to (0, 0.4) (20001 pts)



md5.edr: 0.0 - 20001.0; lambda = (0, 0.4)
    foreign lambdas:
        delta H to (0, 0.3) (20001 pts)
        delta H to (0, 0.4) (20001 pts)
        delta H to (0, 0.5) (20001 pts)



md6.edr: 0.0 - 20001.0; lambda = (0, 0.5)
    foreign lambdas:
        delta H to (0, 0.4) (20001 pts)
        delta H to (0, 0.5) (20001 pts)
        delta H to (0, 0.6) (20001 pts)



md7.edr: 0.0 - 20001.0; lambda = (0, 0.6)
    foreign lambdas:
        delta H to (0, 0.5) (20001 pts)
        delta H to (0, 0.6) (20001 pts)
        delta H to (0, 0.7) (20001 pts)



md8.edr: 0.0 - 20001.0; lambda = (0, 0.7)
    foreign lambdas:
        delta H to (0, 0.6) (20001 pts)
        delta H to (0, 0.7) (20001 pts)
        delta H to (0, 0.8) (20001 pts)



md9.edr: 0.0 - 20001.0; lambda = (0, 0.8)
    foreign lambdas:
        delta H to (0, 0.7) (20001 pts)
        delta H to (0, 0.8) (20001 pts)
        delta H to (0, 0.9) (20001 pts)



   Samples in time interval: 0.000 - 20001.000
Removing samples outside of: 0.000 - 13000.000

Temperature: 298.15 K

Detailed results in kT (see help for explanation):

 lam_A  lam_B      DG   +/-     s_A   +/-     s_B   +/-   stdev   +/- 
     0      1    1.19  0.06    0.90  0.06    0.95  0.07    1.36  0.04
     1      2    1.54  0.12    2.46  0.06    1.95  0.07    2.40  0.04
     2      3    0.15  0.05    2.17  0.08    1.27  0.04    1.93  0.04
     3      4   -0.64  0.02    1.52  0.03    0.91  0.02    1.53  0.01
     4      5   -1.04  0.02    1.05  0.04    0.68  0.02    1.28  0.02
     5      6   -1.31  0.02    0.88  0.01    0.57  0.01    1.18  0.01
     6      7   -1.48  0.02    0.78  0.02    0.49  0.01    1.09  0.01
     7      8   -1.65  0.01    0.72  0.02    0.45  0.02    1.02  0.01
     8      9   -1.79  0.02    0.61  0.01    0.38  0.01    0.94  0.01
     9     10   -1.89  0.01    0.51  0.01    0.34  0.01    0.88  0.01
    10     11   -0.09  0.02    0.03  0.01    0.03  0.01    0.29  0.03
    11     12   -0.15  0.03    0.02  0.02    0.03  0.02    0.29  0.02
    12     13   -0.26  0.03    0.09  0.03    0.09  0.03    0.35  0.02
    13     14   -0.44  0.05    0.08  0.04    0.11  0.04    0.47  0.03
    14     15   -0.73  0.06    0.18  0.05    0.24  0.06    0.65  0.04


Final results in kJ/mol:

point      0 -      1,   DG  2.95 +/-  0.14
point      1 -      2,   DG  3.81 +/-  0.30
point      2 -      3,   DG  0.37 +/-  0.13
point      3 -      4,   DG -1.58 +/-  0.05
point      4 -      5,   DG -2.59 +/-  0.05
point      5 -      6,   DG -3.24 +/-  0.05
point      6 -      7,   DG -3.67 +/-  0.04
point      7 -      8,   DG -4.10 +/-  0.02
point      8 -      9,   DG -4.44 +/-  0.04
point      9 -     10,   DG -4.69 +/-  0.03
point     10 -     11,   DG -0.23 +/-  0.05
point     11 -     12,   DG -0.36 +/-  0.07
point     12 -     13,   DG -0.65 +/-  0.09
point     13 -     14,   DG -1.08 +/-  0.12
point     14 -     15,   DG -1.81 +/-  0.14

total      0 -     15,   DG -21.31 +/-  0.68

