
md10.edr: 0.0 - 20001.0; lambda = (0, 0.9)
    foreign lambdas:
        delta H to (0, 0.8) (20001 pts)
        delta H to (0, 0.9) (20001 pts)
        delta H to (0, 1) (20001 pts)



md11.edr: 0.0 - 20001.0; lambda = (0, 1)
    foreign lambdas:
        delta H to (0, 0.9) (20001 pts)
        delta H to (0, 1) (20001 pts)
        delta H to (0.2, 1) (20001 pts)



md12.edr: 0.0 - 20001.0; lambda = (0.2, 1)
    foreign lambdas:
        delta H to (0, 1) (20001 pts)
        delta H to (0.2, 1) (20001 pts)
        delta H to (0.4, 1) (20001 pts)



md13.edr: 0.0 - 20001.0; lambda = (0.4, 1)
    foreign lambdas:
        delta H to (0.2, 1) (20001 pts)
        delta H to (0.4, 1) (20001 pts)
        delta H to (0.6, 1) (20001 pts)



md14.edr: 0.0 - 20001.0; lambda = (0.6, 1)
    foreign lambdas:
        delta H to (0.4, 1) (20001 pts)
        delta H to (0.6, 1) (20001 pts)
        delta H to (0.8, 1) (20001 pts)



md15.edr: 0.0 - 20001.0; lambda = (0.8, 1)
    foreign lambdas:
        delta H to (0.6, 1) (20001 pts)
        delta H to (0.8, 1) (20001 pts)
        delta H to (1, 1) (20001 pts)



md16.edr: 0.0 - 20001.0; lambda = (1, 1)
    foreign lambdas:
        delta H to (0.8, 1) (20001 pts)
        delta H to (1, 1) (20001 pts)



md1.edr: 0.0 - 20001.0; lambda = (0, 0)
    foreign lambdas:
        delta H to (0, 0) (20001 pts)
        delta H to (0, 0.1) (20001 pts)



md2.edr: 0.0 - 20001.0; lambda = (0, 0.1)
    foreign lambdas:
        delta H to (0, 0) (20001 pts)
        delta H to (0, 0.1) (20001 pts)
        delta H to (0, 0.2) (20001 pts)



md3.edr: 0.0 - 20001.0; lambda = (0, 0.2)
    foreign lambdas:
        delta H to (0, 0.1) (20001 pts)
        delta H to (0, 0.2) (20001 pts)
        delta H to (0, 0.3) (20001 pts)



md4.edr: 0.0 - 20001.0; lambda = (0, 0.3)
    foreign lambdas:
        delta H to (0, 0.2) (20001 pts)
        delta H to (0, 0.3) (20001 pts)
        delta H to (0, 0.4) (20001 pts)



md5.edr: 0.0 - 20001.0; lambda = (0, 0.4)
    foreign lambdas:
        delta H to (0, 0.3) (20001 pts)
        delta H to (0, 0.4) (20001 pts)
        delta H to (0, 0.5) (20001 pts)



md6.edr: 0.0 - 20001.0; lambda = (0, 0.5)
    foreign lambdas:
        delta H to (0, 0.4) (20001 pts)
        delta H to (0, 0.5) (20001 pts)
        delta H to (0, 0.6) (20001 pts)



md7.edr: 0.0 - 20001.0; lambda = (0, 0.6)
    foreign lambdas:
        delta H to (0, 0.5) (20001 pts)
        delta H to (0, 0.6) (20001 pts)
        delta H to (0, 0.7) (20001 pts)



md8.edr: 0.0 - 20001.0; lambda = (0, 0.7)
    foreign lambdas:
        delta H to (0, 0.6) (20001 pts)
        delta H to (0, 0.7) (20001 pts)
        delta H to (0, 0.8) (20001 pts)



md9.edr: 0.0 - 20001.0; lambda = (0, 0.8)
    foreign lambdas:
        delta H to (0, 0.7) (20001 pts)
        delta H to (0, 0.8) (20001 pts)
        delta H to (0, 0.9) (20001 pts)



   Samples in time interval: 0.000 - 20001.000
Removing samples outside of: 0.000 - 2000.000

Temperature: 298.15 K

Detailed results in kT (see help for explanation):

 lam_A  lam_B      DG   +/-     s_A   +/-     s_B   +/-   stdev   +/- 
     0      1    1.05  0.11    0.94  0.15    0.97  0.16    1.33  0.10
     1      2    1.44  0.09    2.27  0.20    1.90  0.15    2.31  0.15
     2      3    0.10  0.15    2.13  0.21    1.24  0.16    1.90  0.11
     3      4   -0.57  0.10    1.47  0.11    0.90  0.07    1.54  0.06
     4      5   -0.97  0.06    1.19  0.09    0.76  0.05    1.34  0.04
     5      6   -1.32  0.03    0.86  0.07    0.56  0.04    1.18  0.03
     6      7   -1.44  0.02    0.82  0.02    0.52  0.02    1.10  0.01
     7      8   -1.65  0.02    0.67  0.04    0.44  0.04    1.01  0.02
     8      9   -1.76  0.03    0.65  0.02    0.41  0.02    0.97  0.01
     9     10   -1.88  0.03    0.55  0.02    0.36  0.02    0.90  0.02
    10     11   -0.20  0.04    0.02  0.05    0.02  0.05    0.36  0.03
    11     12   -0.15  0.04   -0.07  0.04   -0.07  0.04    0.33  0.04
    12     13   -0.28  0.04    0.19  0.04    0.20  0.04    0.36  0.04
    13     14   -0.46  0.09   -0.02  0.12    0.01  0.13    0.47  0.06
    14     15   -0.83  0.14    0.37  0.20    0.48  0.22    0.85  0.12


Final results in kJ/mol:

point      0 -      1,   DG  2.61 +/-  0.26
point      1 -      2,   DG  3.56 +/-  0.22
point      2 -      3,   DG  0.26 +/-  0.37
point      3 -      4,   DG -1.40 +/-  0.25
point      4 -      5,   DG -2.40 +/-  0.14
point      5 -      6,   DG -3.27 +/-  0.08
point      6 -      7,   DG -3.56 +/-  0.05
point      7 -      8,   DG -4.09 +/-  0.04
point      8 -      9,   DG -4.36 +/-  0.08
point      9 -     10,   DG -4.65 +/-  0.08
point     10 -     11,   DG -0.49 +/-  0.09
point     11 -     12,   DG -0.38 +/-  0.09
point     12 -     13,   DG -0.69 +/-  0.09
point     13 -     14,   DG -1.14 +/-  0.22
point     14 -     15,   DG -2.07 +/-  0.35

total      0 -     15,   DG -22.08 +/-  0.59

