
md10.edr: 0.0 - 20001.0; lambda = (0, 0.9)
    foreign lambdas:
        delta H to (0, 0.8) (20001 pts)
        delta H to (0, 0.9) (20001 pts)
        delta H to (0, 1) (20001 pts)



md11.edr: 0.0 - 20001.0; lambda = (0, 1)
    foreign lambdas:
        delta H to (0, 0.9) (20001 pts)
        delta H to (0, 1) (20001 pts)
        delta H to (0.2, 1) (20001 pts)



md12.edr: 0.0 - 20001.0; lambda = (0.2, 1)
    foreign lambdas:
        delta H to (0, 1) (20001 pts)
        delta H to (0.2, 1) (20001 pts)
        delta H to (0.4, 1) (20001 pts)



md13.edr: 0.0 - 20001.0; lambda = (0.4, 1)
    foreign lambdas:
        delta H to (0.2, 1) (20001 pts)
        delta H to (0.4, 1) (20001 pts)
        delta H to (0.6, 1) (20001 pts)



md14.edr: 0.0 - 20001.0; lambda = (0.6, 1)
    foreign lambdas:
        delta H to (0.4, 1) (20001 pts)
        delta H to (0.6, 1) (20001 pts)
        delta H to (0.8, 1) (20001 pts)



md15.edr: 0.0 - 20001.0; lambda = (0.8, 1)
    foreign lambdas:
        delta H to (0.6, 1) (20001 pts)
        delta H to (0.8, 1) (20001 pts)
        delta H to (1, 1) (20001 pts)



md16.edr: 0.0 - 20001.0; lambda = (1, 1)
    foreign lambdas:
        delta H to (0.8, 1) (20001 pts)
        delta H to (1, 1) (20001 pts)



md1.edr: 0.0 - 20001.0; lambda = (0, 0)
    foreign lambdas:
        delta H to (0, 0) (20001 pts)
        delta H to (0, 0.1) (20001 pts)



md2.edr: 0.0 - 20001.0; lambda = (0, 0.1)
    foreign lambdas:
        delta H to (0, 0) (20001 pts)
        delta H to (0, 0.1) (20001 pts)
        delta H to (0, 0.2) (20001 pts)



md3.edr: 0.0 - 20001.0; lambda = (0, 0.2)
    foreign lambdas:
        delta H to (0, 0.1) (20001 pts)
        delta H to (0, 0.2) (20001 pts)
        delta H to (0, 0.3) (20001 pts)



md4.edr: 0.0 - 20001.0; lambda = (0, 0.3)
    foreign lambdas:
        delta H to (0, 0.2) (20001 pts)
        delta H to (0, 0.3) (20001 pts)
        delta H to (0, 0.4) (20001 pts)



md5.edr: 0.0 - 20001.0; lambda = (0, 0.4)
    foreign lambdas:
        delta H to (0, 0.3) (20001 pts)
        delta H to (0, 0.4) (20001 pts)
        delta H to (0, 0.5) (20001 pts)



md6.edr: 0.0 - 20001.0; lambda = (0, 0.5)
    foreign lambdas:
        delta H to (0, 0.4) (20001 pts)
        delta H to (0, 0.5) (20001 pts)
        delta H to (0, 0.6) (20001 pts)



md7.edr: 0.0 - 20001.0; lambda = (0, 0.6)
    foreign lambdas:
        delta H to (0, 0.5) (20001 pts)
        delta H to (0, 0.6) (20001 pts)
        delta H to (0, 0.7) (20001 pts)



md8.edr: 0.0 - 20001.0; lambda = (0, 0.7)
    foreign lambdas:
        delta H to (0, 0.6) (20001 pts)
        delta H to (0, 0.7) (20001 pts)
        delta H to (0, 0.8) (20001 pts)



md9.edr: 0.0 - 20001.0; lambda = (0, 0.8)
    foreign lambdas:
        delta H to (0, 0.7) (20001 pts)
        delta H to (0, 0.8) (20001 pts)
        delta H to (0, 0.9) (20001 pts)



   Samples in time interval: 0.000 - 20001.000
Removing samples outside of: 0.000 - 15000.000

Temperature: 298.15 K

Detailed results in kT (see help for explanation):

 lam_A  lam_B      DG   +/-     s_A   +/-     s_B   +/-   stdev   +/- 
     0      1    1.17  0.05    0.93  0.05    0.98  0.04    1.37  0.03
     1      2    1.52  0.06    2.38  0.12    1.89  0.08    2.35  0.07
     2      3    0.15  0.05    2.23  0.14    1.30  0.06    1.95  0.05
     3      4   -0.64  0.02    1.48  0.06    0.89  0.03    1.52  0.02
     4      5   -1.03  0.02    1.07  0.03    0.69  0.02    1.28  0.01
     5      6   -1.31  0.02    0.88  0.03    0.57  0.02    1.17  0.01
     6      7   -1.49  0.02    0.76  0.03    0.48  0.02    1.09  0.01
     7      8   -1.65  0.02    0.72  0.02    0.45  0.02    1.02  0.01
     8      9   -1.79  0.01    0.62  0.02    0.39  0.01    0.95  0.01
     9     10   -1.89  0.01    0.51  0.01    0.34  0.01    0.88  0.01
    10     11   -0.08  0.02    0.03  0.02    0.03  0.01    0.28  0.02
    11     12   -0.14  0.01    0.03  0.02    0.04  0.02    0.30  0.01
    12     13   -0.28  0.04    0.10  0.03    0.12  0.04    0.38  0.03
    13     14   -0.45  0.04    0.05  0.07    0.08  0.08    0.48  0.04
    14     15   -0.72  0.04    0.19  0.07    0.24  0.07    0.64  0.03


Final results in kJ/mol:

point      0 -      1,   DG  2.91 +/-  0.11
point      1 -      2,   DG  3.76 +/-  0.15
point      2 -      3,   DG  0.38 +/-  0.13
point      3 -      4,   DG -1.58 +/-  0.04
point      4 -      5,   DG -2.56 +/-  0.04
point      5 -      6,   DG -3.25 +/-  0.05
point      6 -      7,   DG -3.69 +/-  0.05
point      7 -      8,   DG -4.08 +/-  0.05
point      8 -      9,   DG -4.44 +/-  0.03
point      9 -     10,   DG -4.68 +/-  0.04
point     10 -     11,   DG -0.21 +/-  0.05
point     11 -     12,   DG -0.36 +/-  0.04
point     12 -     13,   DG -0.70 +/-  0.09
point     13 -     14,   DG -1.11 +/-  0.09
point     14 -     15,   DG -1.78 +/-  0.10

total      0 -     15,   DG -21.39 +/-  0.48

