
md10.edr: 0.0 - 20001.0; lambda = (0, 0.9)
    foreign lambdas:
        delta H to (0, 0.8) (20001 pts)
        delta H to (0, 0.9) (20001 pts)
        delta H to (0, 1) (20001 pts)



md11.edr: 0.0 - 20001.0; lambda = (0, 1)
    foreign lambdas:
        delta H to (0, 0.9) (20001 pts)
        delta H to (0, 1) (20001 pts)
        delta H to (0.2, 1) (20001 pts)



md12.edr: 0.0 - 20001.0; lambda = (0.2, 1)
    foreign lambdas:
        delta H to (0, 1) (20001 pts)
        delta H to (0.2, 1) (20001 pts)
        delta H to (0.4, 1) (20001 pts)



md13.edr: 0.0 - 20001.0; lambda = (0.4, 1)
    foreign lambdas:
        delta H to (0.2, 1) (20001 pts)
        delta H to (0.4, 1) (20001 pts)
        delta H to (0.6, 1) (20001 pts)



md14.edr: 0.0 - 20001.0; lambda = (0.6, 1)
    foreign lambdas:
        delta H to (0.4, 1) (20001 pts)
        delta H to (0.6, 1) (20001 pts)
        delta H to (0.8, 1) (20001 pts)



md15.edr: 0.0 - 20001.0; lambda = (0.8, 1)
    foreign lambdas:
        delta H to (0.6, 1) (20001 pts)
        delta H to (0.8, 1) (20001 pts)
        delta H to (1, 1) (20001 pts)



md16.edr: 0.0 - 20001.0; lambda = (1, 1)
    foreign lambdas:
        delta H to (0.8, 1) (20001 pts)
        delta H to (1, 1) (20001 pts)



md1.edr: 0.0 - 20001.0; lambda = (0, 0)
    foreign lambdas:
        delta H to (0, 0) (20001 pts)
        delta H to (0, 0.1) (20001 pts)



md2.edr: 0.0 - 20001.0; lambda = (0, 0.1)
    foreign lambdas:
        delta H to (0, 0) (20001 pts)
        delta H to (0, 0.1) (20001 pts)
        delta H to (0, 0.2) (20001 pts)



md3.edr: 0.0 - 20001.0; lambda = (0, 0.2)
    foreign lambdas:
        delta H to (0, 0.1) (20001 pts)
        delta H to (0, 0.2) (20001 pts)
        delta H to (0, 0.3) (20001 pts)



md4.edr: 0.0 - 20001.0; lambda = (0, 0.3)
    foreign lambdas:
        delta H to (0, 0.2) (20001 pts)
        delta H to (0, 0.3) (20001 pts)
        delta H to (0, 0.4) (20001 pts)



md5.edr: 0.0 - 20001.0; lambda = (0, 0.4)
    foreign lambdas:
        delta H to (0, 0.3) (20001 pts)
        delta H to (0, 0.4) (20001 pts)
        delta H to (0, 0.5) (20001 pts)



md6.edr: 0.0 - 20001.0; lambda = (0, 0.5)
    foreign lambdas:
        delta H to (0, 0.4) (20001 pts)
        delta H to (0, 0.5) (20001 pts)
        delta H to (0, 0.6) (20001 pts)



md7.edr: 0.0 - 20001.0; lambda = (0, 0.6)
    foreign lambdas:
        delta H to (0, 0.5) (20001 pts)
        delta H to (0, 0.6) (20001 pts)
        delta H to (0, 0.7) (20001 pts)



md8.edr: 0.0 - 20001.0; lambda = (0, 0.7)
    foreign lambdas:
        delta H to (0, 0.6) (20001 pts)
        delta H to (0, 0.7) (20001 pts)
        delta H to (0, 0.8) (20001 pts)



md9.edr: 0.0 - 20001.0; lambda = (0, 0.8)
    foreign lambdas:
        delta H to (0, 0.7) (20001 pts)
        delta H to (0, 0.8) (20001 pts)
        delta H to (0, 0.9) (20001 pts)



   Samples in time interval: 0.000 - 20001.000
Removing samples outside of: 0.000 - 10000.000

Temperature: 298.15 K

Detailed results in kT (see help for explanation):

 lam_A  lam_B      DG   +/-     s_A   +/-     s_B   +/-   stdev   +/- 
     0      1    1.23  0.09    0.89  0.06    0.95  0.06    1.34  0.03
     1      2    1.58  0.16    2.48  0.13    1.98  0.11    2.41  0.08
     2      3    0.17  0.07    2.18  0.09    1.27  0.04    1.93  0.04
     3      4   -0.63  0.04    1.54  0.06    0.93  0.03    1.54  0.03
     4      5   -1.06  0.02    1.04  0.04    0.67  0.03    1.27  0.02
     5      6   -1.31  0.03    0.86  0.02    0.56  0.01    1.17  0.02
     6      7   -1.48  0.03    0.79  0.03    0.49  0.02    1.09  0.01
     7      8   -1.66  0.02    0.71  0.02    0.45  0.02    1.02  0.01
     8      9   -1.79  0.01    0.60  0.01    0.38  0.01    0.94  0.01
     9     10   -1.89  0.02    0.52  0.02    0.35  0.01    0.88  0.01
    10     11   -0.09  0.03    0.04  0.01    0.04  0.01    0.30  0.04
    11     12   -0.13  0.02    0.00  0.02    0.01  0.02    0.29  0.02
    12     13   -0.24  0.03    0.10  0.04    0.10  0.04    0.34  0.03
    13     14   -0.39  0.04    0.05  0.03    0.07  0.03    0.42  0.02
    14     15   -0.71  0.05    0.26  0.04    0.32  0.05    0.65  0.05


Final results in kJ/mol:

point      0 -      1,   DG  3.04 +/-  0.21
point      1 -      2,   DG  3.91 +/-  0.40
point      2 -      3,   DG  0.41 +/-  0.17
point      3 -      4,   DG -1.57 +/-  0.09
point      4 -      5,   DG -2.62 +/-  0.06
point      5 -      6,   DG -3.25 +/-  0.08
point      6 -      7,   DG -3.67 +/-  0.07
point      7 -      8,   DG -4.10 +/-  0.04
point      8 -      9,   DG -4.43 +/-  0.03
point      9 -     10,   DG -4.69 +/-  0.05
point     10 -     11,   DG -0.22 +/-  0.07
point     11 -     12,   DG -0.33 +/-  0.04
point     12 -     13,   DG -0.59 +/-  0.07
point     13 -     14,   DG -0.96 +/-  0.09
point     14 -     15,   DG -1.76 +/-  0.13

total      0 -     15,   DG -20.81 +/-  0.66

