
md10.edr: 0.0 - 20001.0; lambda = (0, 0.9)
    foreign lambdas:
        delta H to (0, 0.8) (20001 pts)
        delta H to (0, 0.9) (20001 pts)
        delta H to (0, 1) (20001 pts)



md11.edr: 0.0 - 20001.0; lambda = (0, 1)
    foreign lambdas:
        delta H to (0, 0.9) (20001 pts)
        delta H to (0, 1) (20001 pts)
        delta H to (0.2, 1) (20001 pts)



md12.edr: 0.0 - 20001.0; lambda = (0.2, 1)
    foreign lambdas:
        delta H to (0, 1) (20001 pts)
        delta H to (0.2, 1) (20001 pts)
        delta H to (0.4, 1) (20001 pts)



md13.edr: 0.0 - 20001.0; lambda = (0.4, 1)
    foreign lambdas:
        delta H to (0.2, 1) (20001 pts)
        delta H to (0.4, 1) (20001 pts)
        delta H to (0.6, 1) (20001 pts)



md14.edr: 0.0 - 20001.0; lambda = (0.6, 1)
    foreign lambdas:
        delta H to (0.4, 1) (20001 pts)
        delta H to (0.6, 1) (20001 pts)
        delta H to (0.8, 1) (20001 pts)



md15.edr: 0.0 - 20001.0; lambda = (0.8, 1)
    foreign lambdas:
        delta H to (0.6, 1) (20001 pts)
        delta H to (0.8, 1) (20001 pts)
        delta H to (1, 1) (20001 pts)



md16.edr: 0.0 - 20001.0; lambda = (1, 1)
    foreign lambdas:
        delta H to (0.8, 1) (20001 pts)
        delta H to (1, 1) (20001 pts)



md1.edr: 0.0 - 20001.0; lambda = (0, 0)
    foreign lambdas:
        delta H to (0, 0) (20001 pts)
        delta H to (0, 0.1) (20001 pts)



md2.edr: 0.0 - 20001.0; lambda = (0, 0.1)
    foreign lambdas:
        delta H to (0, 0) (20001 pts)
        delta H to (0, 0.1) (20001 pts)
        delta H to (0, 0.2) (20001 pts)



md3.edr: 0.0 - 20001.0; lambda = (0, 0.2)
    foreign lambdas:
        delta H to (0, 0.1) (20001 pts)
        delta H to (0, 0.2) (20001 pts)
        delta H to (0, 0.3) (20001 pts)



md4.edr: 0.0 - 20001.0; lambda = (0, 0.3)
    foreign lambdas:
        delta H to (0, 0.2) (20001 pts)
        delta H to (0, 0.3) (20001 pts)
        delta H to (0, 0.4) (20001 pts)



md5.edr: 0.0 - 20001.0; lambda = (0, 0.4)
    foreign lambdas:
        delta H to (0, 0.3) (20001 pts)
        delta H to (0, 0.4) (20001 pts)
        delta H to (0, 0.5) (20001 pts)



md6.edr: 0.0 - 20001.0; lambda = (0, 0.5)
    foreign lambdas:
        delta H to (0, 0.4) (20001 pts)
        delta H to (0, 0.5) (20001 pts)
        delta H to (0, 0.6) (20001 pts)



md7.edr: 0.0 - 20001.0; lambda = (0, 0.6)
    foreign lambdas:
        delta H to (0, 0.5) (20001 pts)
        delta H to (0, 0.6) (20001 pts)
        delta H to (0, 0.7) (20001 pts)



md8.edr: 0.0 - 20001.0; lambda = (0, 0.7)
    foreign lambdas:
        delta H to (0, 0.6) (20001 pts)
        delta H to (0, 0.7) (20001 pts)
        delta H to (0, 0.8) (20001 pts)



md9.edr: 0.0 - 20001.0; lambda = (0, 0.8)
    foreign lambdas:
        delta H to (0, 0.7) (20001 pts)
        delta H to (0, 0.8) (20001 pts)
        delta H to (0, 0.9) (20001 pts)



   Samples in time interval: 0.000 - 20001.000
Removing samples outside of: 0.000 - 3000.000

Temperature: 298.15 K

Detailed results in kT (see help for explanation):

 lam_A  lam_B      DG   +/-     s_A   +/-     s_B   +/-   stdev   +/- 
     0      1    1.15  0.09    0.88  0.10    0.92  0.10    1.31  0.07
     1      2    1.46  0.11    2.49  0.20    2.01  0.13    2.43  0.13
     2      3    0.06  0.11    2.02  0.14    1.19  0.08    1.86  0.06
     3      4   -0.60  0.06    1.50  0.10    0.91  0.06    1.54  0.04
     4      5   -1.03  0.07    1.13  0.05    0.72  0.03    1.30  0.04
     5      6   -1.35  0.04    0.84  0.07    0.55  0.05    1.16  0.03
     6      7   -1.47  0.03    0.78  0.04    0.49  0.03    1.09  0.01
     7      8   -1.66  0.01    0.69  0.02    0.46  0.02    1.02  0.00
     8      9   -1.77  0.03    0.63  0.03    0.40  0.01    0.97  0.01
     9     10   -1.89  0.03    0.56  0.01    0.37  0.01    0.90  0.01
    10     11   -0.15  0.05    0.01  0.03    0.01  0.03    0.35  0.01
    11     12   -0.12  0.03   -0.04  0.03   -0.03  0.03    0.30  0.04
    12     13   -0.23  0.05    0.14  0.05    0.15  0.05    0.33  0.04
    13     14   -0.38  0.05    0.00  0.08    0.03  0.09    0.43  0.05
    14     15   -0.72  0.13    0.31  0.14    0.41  0.15    0.75  0.09


Final results in kJ/mol:

point      0 -      1,   DG  2.85 +/-  0.22
point      1 -      2,   DG  3.63 +/-  0.26
point      2 -      3,   DG  0.16 +/-  0.27
point      3 -      4,   DG -1.49 +/-  0.16
point      4 -      5,   DG -2.54 +/-  0.17
point      5 -      6,   DG -3.35 +/-  0.09
point      6 -      7,   DG -3.66 +/-  0.07
point      7 -      8,   DG -4.11 +/-  0.03
point      8 -      9,   DG -4.38 +/-  0.06
point      9 -     10,   DG -4.70 +/-  0.07
point     10 -     11,   DG -0.36 +/-  0.12
point     11 -     12,   DG -0.30 +/-  0.08
point     12 -     13,   DG -0.57 +/-  0.12
point     13 -     14,   DG -0.95 +/-  0.12
point     14 -     15,   DG -1.78 +/-  0.33

total      0 -     15,   DG -21.55 +/-  0.82

