
md10.edr: 0.0 - 20001.0; lambda = (0, 0.9)
    foreign lambdas:
        delta H to (0, 0.8) (20001 pts)
        delta H to (0, 0.9) (20001 pts)
        delta H to (0, 1) (20001 pts)



md11.edr: 0.0 - 20001.0; lambda = (0, 1)
    foreign lambdas:
        delta H to (0, 0.9) (20001 pts)
        delta H to (0, 1) (20001 pts)
        delta H to (0.2, 1) (20001 pts)



md12.edr: 0.0 - 20001.0; lambda = (0.2, 1)
    foreign lambdas:
        delta H to (0, 1) (20001 pts)
        delta H to (0.2, 1) (20001 pts)
        delta H to (0.4, 1) (20001 pts)



md13.edr: 0.0 - 20001.0; lambda = (0.4, 1)
    foreign lambdas:
        delta H to (0.2, 1) (20001 pts)
        delta H to (0.4, 1) (20001 pts)
        delta H to (0.6, 1) (20001 pts)



md14.edr: 0.0 - 20001.0; lambda = (0.6, 1)
    foreign lambdas:
        delta H to (0.4, 1) (20001 pts)
        delta H to (0.6, 1) (20001 pts)
        delta H to (0.8, 1) (20001 pts)



md15.edr: 0.0 - 20001.0; lambda = (0.8, 1)
    foreign lambdas:
        delta H to (0.6, 1) (20001 pts)
        delta H to (0.8, 1) (20001 pts)
        delta H to (1, 1) (20001 pts)



md16.edr: 0.0 - 20001.0; lambda = (1, 1)
    foreign lambdas:
        delta H to (0.8, 1) (20001 pts)
        delta H to (1, 1) (20001 pts)



md1.edr: 0.0 - 20001.0; lambda = (0, 0)
    foreign lambdas:
        delta H to (0, 0) (20001 pts)
        delta H to (0, 0.1) (20001 pts)



md2.edr: 0.0 - 20001.0; lambda = (0, 0.1)
    foreign lambdas:
        delta H to (0, 0) (20001 pts)
        delta H to (0, 0.1) (20001 pts)
        delta H to (0, 0.2) (20001 pts)



md3.edr: 0.0 - 20001.0; lambda = (0, 0.2)
    foreign lambdas:
        delta H to (0, 0.1) (20001 pts)
        delta H to (0, 0.2) (20001 pts)
        delta H to (0, 0.3) (20001 pts)



md4.edr: 0.0 - 20001.0; lambda = (0, 0.3)
    foreign lambdas:
        delta H to (0, 0.2) (20001 pts)
        delta H to (0, 0.3) (20001 pts)
        delta H to (0, 0.4) (20001 pts)



md5.edr: 0.0 - 20001.0; lambda = (0, 0.4)
    foreign lambdas:
        delta H to (0, 0.3) (20001 pts)
        delta H to (0, 0.4) (20001 pts)
        delta H to (0, 0.5) (20001 pts)



md6.edr: 0.0 - 20001.0; lambda = (0, 0.5)
    foreign lambdas:
        delta H to (0, 0.4) (20001 pts)
        delta H to (0, 0.5) (20001 pts)
        delta H to (0, 0.6) (20001 pts)



md7.edr: 0.0 - 20001.0; lambda = (0, 0.6)
    foreign lambdas:
        delta H to (0, 0.5) (20001 pts)
        delta H to (0, 0.6) (20001 pts)
        delta H to (0, 0.7) (20001 pts)



md8.edr: 0.0 - 20001.0; lambda = (0, 0.7)
    foreign lambdas:
        delta H to (0, 0.6) (20001 pts)
        delta H to (0, 0.7) (20001 pts)
        delta H to (0, 0.8) (20001 pts)



md9.edr: 0.0 - 20001.0; lambda = (0, 0.8)
    foreign lambdas:
        delta H to (0, 0.7) (20001 pts)
        delta H to (0, 0.8) (20001 pts)
        delta H to (0, 0.9) (20001 pts)



   Samples in time interval: 0.000 - 20001.000
Removing samples outside of: 0.000 - 6000.000

Temperature: 298.15 K

Detailed results in kT (see help for explanation):

 lam_A  lam_B      DG   +/-     s_A   +/-     s_B   +/-   stdev   +/- 
     0      1    1.16  0.08    0.92  0.05    0.96  0.04    1.34  0.04
     1      2    1.53  0.06    2.36  0.14    1.92  0.09    2.34  0.09
     2      3    0.20  0.10    2.17  0.10    1.28  0.05    1.94  0.04
     3      4   -0.60  0.06    1.58  0.08    0.95  0.05    1.57  0.04
     4      5   -1.05  0.04    1.07  0.06    0.68  0.03    1.28  0.03
     5      6   -1.29  0.04    0.87  0.05    0.57  0.03    1.19  0.02
     6      7   -1.45  0.02    0.80  0.02    0.49  0.02    1.10  0.01
     7      8   -1.63  0.01    0.70  0.02    0.45  0.02    1.02  0.01
     8      9   -1.77  0.02    0.61  0.02    0.39  0.01    0.95  0.01
     9     10   -1.87  0.03    0.53  0.02    0.36  0.02    0.89  0.01
    10     11   -0.12  0.04    0.03  0.02    0.03  0.02    0.32  0.04
    11     12   -0.15  0.03    0.00  0.03    0.00  0.03    0.31  0.03
    12     13   -0.27  0.03    0.11  0.04    0.12  0.04    0.37  0.02
    13     14   -0.40  0.04    0.01  0.04    0.03  0.04    0.44  0.04
    14     15   -0.66  0.08    0.23  0.07    0.30  0.08    0.67  0.06


Final results in kJ/mol:

point      0 -      1,   DG  2.86 +/-  0.20
point      1 -      2,   DG  3.78 +/-  0.16
point      2 -      3,   DG  0.50 +/-  0.25
point      3 -      4,   DG -1.50 +/-  0.14
point      4 -      5,   DG -2.60 +/-  0.09
point      5 -      6,   DG -3.21 +/-  0.10
point      6 -      7,   DG -3.59 +/-  0.05
point      7 -      8,   DG -4.05 +/-  0.02
point      8 -      9,   DG -4.38 +/-  0.05
point      9 -     10,   DG -4.64 +/-  0.07
point     10 -     11,   DG -0.30 +/-  0.10
point     11 -     12,   DG -0.38 +/-  0.08
point     12 -     13,   DG -0.67 +/-  0.07
point     13 -     14,   DG -1.00 +/-  0.10
point     14 -     15,   DG -1.64 +/-  0.20

total      0 -     15,   DG -20.81 +/-  0.60

