
md10.edr: 0.0 - 20001.0; lambda = (0, 0.9)
    foreign lambdas:
        delta H to (0, 0.8) (20001 pts)
        delta H to (0, 0.9) (20001 pts)
        delta H to (0, 1) (20001 pts)



md11.edr: 0.0 - 20001.0; lambda = (0, 1)
    foreign lambdas:
        delta H to (0, 0.9) (20001 pts)
        delta H to (0, 1) (20001 pts)
        delta H to (0.2, 1) (20001 pts)



md12.edr: 0.0 - 20001.0; lambda = (0.2, 1)
    foreign lambdas:
        delta H to (0, 1) (20001 pts)
        delta H to (0.2, 1) (20001 pts)
        delta H to (0.4, 1) (20001 pts)



md13.edr: 0.0 - 20001.0; lambda = (0.4, 1)
    foreign lambdas:
        delta H to (0.2, 1) (20001 pts)
        delta H to (0.4, 1) (20001 pts)
        delta H to (0.6, 1) (20001 pts)



md14.edr: 0.0 - 20001.0; lambda = (0.6, 1)
    foreign lambdas:
        delta H to (0.4, 1) (20001 pts)
        delta H to (0.6, 1) (20001 pts)
        delta H to (0.8, 1) (20001 pts)



md15.edr: 0.0 - 20001.0; lambda = (0.8, 1)
    foreign lambdas:
        delta H to (0.6, 1) (20001 pts)
        delta H to (0.8, 1) (20001 pts)
        delta H to (1, 1) (20001 pts)



md16.edr: 0.0 - 20001.0; lambda = (1, 1)
    foreign lambdas:
        delta H to (0.8, 1) (20001 pts)
        delta H to (1, 1) (20001 pts)



md1.edr: 0.0 - 20001.0; lambda = (0, 0)
    foreign lambdas:
        delta H to (0, 0) (20001 pts)
        delta H to (0, 0.1) (20001 pts)



md2.edr: 0.0 - 20001.0; lambda = (0, 0.1)
    foreign lambdas:
        delta H to (0, 0) (20001 pts)
        delta H to (0, 0.1) (20001 pts)
        delta H to (0, 0.2) (20001 pts)



md3.edr: 0.0 - 20001.0; lambda = (0, 0.2)
    foreign lambdas:
        delta H to (0, 0.1) (20001 pts)
        delta H to (0, 0.2) (20001 pts)
        delta H to (0, 0.3) (20001 pts)



md4.edr: 0.0 - 20001.0; lambda = (0, 0.3)
    foreign lambdas:
        delta H to (0, 0.2) (20001 pts)
        delta H to (0, 0.3) (20001 pts)
        delta H to (0, 0.4) (20001 pts)



md5.edr: 0.0 - 20001.0; lambda = (0, 0.4)
    foreign lambdas:
        delta H to (0, 0.3) (20001 pts)
        delta H to (0, 0.4) (20001 pts)
        delta H to (0, 0.5) (20001 pts)



md6.edr: 0.0 - 20001.0; lambda = (0, 0.5)
    foreign lambdas:
        delta H to (0, 0.4) (20001 pts)
        delta H to (0, 0.5) (20001 pts)
        delta H to (0, 0.6) (20001 pts)



md7.edr: 0.0 - 20001.0; lambda = (0, 0.6)
    foreign lambdas:
        delta H to (0, 0.5) (20001 pts)
        delta H to (0, 0.6) (20001 pts)
        delta H to (0, 0.7) (20001 pts)



md8.edr: 0.0 - 20001.0; lambda = (0, 0.7)
    foreign lambdas:
        delta H to (0, 0.6) (20001 pts)
        delta H to (0, 0.7) (20001 pts)
        delta H to (0, 0.8) (20001 pts)



md9.edr: 0.0 - 20001.0; lambda = (0, 0.8)
    foreign lambdas:
        delta H to (0, 0.7) (20001 pts)
        delta H to (0, 0.8) (20001 pts)
        delta H to (0, 0.9) (20001 pts)



   Samples in time interval: 0.000 - 20001.000
Removing samples outside of: 0.000 - 4000.000

Temperature: 298.15 K

Detailed results in kT (see help for explanation):

 lam_A  lam_B      DG   +/-     s_A   +/-     s_B   +/-   stdev   +/- 
     0      1    1.16  0.14    0.86  0.09    0.90  0.10    1.37  0.06
     1      2    1.63  0.10    2.40  0.12    1.91  0.09    2.37  0.08
     2      3    0.20  0.08    2.44  0.09    1.38  0.05    2.05  0.03
     3      4   -0.64  0.03    1.55  0.10    0.90  0.05    1.54  0.03
     4      5   -1.13  0.06    1.12  0.06    0.74  0.03    1.31  0.03
     5      6   -1.40  0.04    0.84  0.04    0.56  0.03    1.17  0.02
     6      7   -1.55  0.05    0.85  0.04    0.53  0.02    1.14  0.01
     7      8   -1.73  0.03    0.77  0.06    0.48  0.03    1.06  0.03
     8      9   -1.84  0.02    0.61  0.04    0.36  0.02    0.96  0.02
     9     10   -1.95  0.01    0.58  0.03    0.38  0.02    0.90  0.01
    10     11   -0.05  0.02    0.09  0.03    0.08  0.03    0.36  0.03
    11     12   -0.24  0.03    0.11  0.02    0.11  0.02    0.38  0.02
    12     13   -0.44  0.07    0.09  0.08    0.13  0.10    0.51  0.06
    13     14   -0.77  0.07    0.20  0.11    0.27  0.12    0.72  0.02
    14     15   -0.94  0.17   -0.10  0.14   -0.04  0.13    0.77  0.05


Final results in kJ/mol:

point      0 -      1,   DG  2.87 +/-  0.34
point      1 -      2,   DG  4.04 +/-  0.24
point      2 -      3,   DG  0.50 +/-  0.20
point      3 -      4,   DG -1.59 +/-  0.07
point      4 -      5,   DG -2.81 +/-  0.14
point      5 -      6,   DG -3.48 +/-  0.09
point      6 -      7,   DG -3.84 +/-  0.11
point      7 -      8,   DG -4.28 +/-  0.07
point      8 -      9,   DG -4.57 +/-  0.05
point      9 -     10,   DG -4.82 +/-  0.03
point     10 -     11,   DG -0.12 +/-  0.05
point     11 -     12,   DG -0.59 +/-  0.06
point     12 -     13,   DG -1.10 +/-  0.18
point     13 -     14,   DG -1.92 +/-  0.17
point     14 -     15,   DG -2.33 +/-  0.41

total      0 -     15,   DG -24.04 +/-  1.34

