
md10.edr: 0.0 - 20001.0; lambda = (0, 0.9)
    foreign lambdas:
        delta H to (0, 0.8) (20001 pts)
        delta H to (0, 0.9) (20001 pts)
        delta H to (0, 1) (20001 pts)



md11.edr: 0.0 - 20001.0; lambda = (0, 1)
    foreign lambdas:
        delta H to (0, 0.9) (20001 pts)
        delta H to (0, 1) (20001 pts)
        delta H to (0.2, 1) (20001 pts)



md12.edr: 0.0 - 20001.0; lambda = (0.2, 1)
    foreign lambdas:
        delta H to (0, 1) (20001 pts)
        delta H to (0.2, 1) (20001 pts)
        delta H to (0.4, 1) (20001 pts)



md13.edr: 0.0 - 20001.0; lambda = (0.4, 1)
    foreign lambdas:
        delta H to (0.2, 1) (20001 pts)
        delta H to (0.4, 1) (20001 pts)
        delta H to (0.6, 1) (20001 pts)



md14.edr: 0.0 - 20001.0; lambda = (0.6, 1)
    foreign lambdas:
        delta H to (0.4, 1) (20001 pts)
        delta H to (0.6, 1) (20001 pts)
        delta H to (0.8, 1) (20001 pts)



md15.edr: 0.0 - 20001.0; lambda = (0.8, 1)
    foreign lambdas:
        delta H to (0.6, 1) (20001 pts)
        delta H to (0.8, 1) (20001 pts)
        delta H to (1, 1) (20001 pts)



md16.edr: 0.0 - 20001.0; lambda = (1, 1)
    foreign lambdas:
        delta H to (0.8, 1) (20001 pts)
        delta H to (1, 1) (20001 pts)



md1.edr: 0.0 - 20001.0; lambda = (0, 0)
    foreign lambdas:
        delta H to (0, 0) (20001 pts)
        delta H to (0, 0.1) (20001 pts)



md2.edr: 0.0 - 20001.0; lambda = (0, 0.1)
    foreign lambdas:
        delta H to (0, 0) (20001 pts)
        delta H to (0, 0.1) (20001 pts)
        delta H to (0, 0.2) (20001 pts)



md3.edr: 0.0 - 20001.0; lambda = (0, 0.2)
    foreign lambdas:
        delta H to (0, 0.1) (20001 pts)
        delta H to (0, 0.2) (20001 pts)
        delta H to (0, 0.3) (20001 pts)



md4.edr: 0.0 - 20001.0; lambda = (0, 0.3)
    foreign lambdas:
        delta H to (0, 0.2) (20001 pts)
        delta H to (0, 0.3) (20001 pts)
        delta H to (0, 0.4) (20001 pts)



md5.edr: 0.0 - 20001.0; lambda = (0, 0.4)
    foreign lambdas:
        delta H to (0, 0.3) (20001 pts)
        delta H to (0, 0.4) (20001 pts)
        delta H to (0, 0.5) (20001 pts)



md6.edr: 0.0 - 20001.0; lambda = (0, 0.5)
    foreign lambdas:
        delta H to (0, 0.4) (20001 pts)
        delta H to (0, 0.5) (20001 pts)
        delta H to (0, 0.6) (20001 pts)



md7.edr: 0.0 - 20001.0; lambda = (0, 0.6)
    foreign lambdas:
        delta H to (0, 0.5) (20001 pts)
        delta H to (0, 0.6) (20001 pts)
        delta H to (0, 0.7) (20001 pts)



md8.edr: 0.0 - 20001.0; lambda = (0, 0.7)
    foreign lambdas:
        delta H to (0, 0.6) (20001 pts)
        delta H to (0, 0.7) (20001 pts)
        delta H to (0, 0.8) (20001 pts)



md9.edr: 0.0 - 20001.0; lambda = (0, 0.8)
    foreign lambdas:
        delta H to (0, 0.7) (20001 pts)
        delta H to (0, 0.8) (20001 pts)
        delta H to (0, 0.9) (20001 pts)



   Samples in time interval: 0.000 - 20001.000
Removing samples outside of: 0.000 - 1000.000

Temperature: 298.15 K

Detailed results in kT (see help for explanation):

 lam_A  lam_B      DG   +/-     s_A   +/-     s_B   +/-   stdev   +/- 
     0      1    1.33  0.07    1.03  0.26    1.12  0.27    1.48  0.15
     1      2    1.66  0.36    2.21  0.22    1.71  0.17    2.26  0.10
     2      3    0.27  0.16    2.69  0.35    1.48  0.22    2.16  0.19
     3      4   -0.65  0.08    1.53  0.22    0.88  0.14    1.51  0.09
     4      5   -1.11  0.06    1.09  0.10    0.75  0.07    1.30  0.04
     5      6   -1.36  0.04    0.82  0.04    0.55  0.02    1.17  0.03
     6      7   -1.42  0.03    0.83  0.08    0.52  0.05    1.18  0.03
     7      8   -1.66  0.07    0.95  0.07    0.58  0.04    1.14  0.04
     8      9   -1.81  0.03    0.62  0.05    0.35  0.03    0.97  0.02
     9     10   -1.91  0.05    0.57  0.03    0.38  0.02    0.91  0.02
    10     11   -0.05  0.03    0.03  0.01    0.03  0.02    0.35  0.04
    11     12   -0.16  0.04    0.08  0.04    0.08  0.04    0.35  0.03
    12     13   -0.63  0.12    0.38  0.08    0.46  0.10    0.69  0.09
    13     14   -0.88  0.14   -0.20  0.14   -0.15  0.14    0.73  0.09
    14     15   -0.95  0.08    0.21  0.19    0.25  0.19    0.66  0.07


Final results in kJ/mol:

point      0 -      1,   DG  3.29 +/-  0.18
point      1 -      2,   DG  4.11 +/-  0.90
point      2 -      3,   DG  0.67 +/-  0.40
point      3 -      4,   DG -1.61 +/-  0.21
point      4 -      5,   DG -2.75 +/-  0.15
point      5 -      6,   DG -3.38 +/-  0.09
point      6 -      7,   DG -3.51 +/-  0.06
point      7 -      8,   DG -4.12 +/-  0.18
point      8 -      9,   DG -4.49 +/-  0.08
point      9 -     10,   DG -4.74 +/-  0.11
point     10 -     11,   DG -0.13 +/-  0.08
point     11 -     12,   DG -0.40 +/-  0.11
point     12 -     13,   DG -1.55 +/-  0.31
point     13 -     14,   DG -2.18 +/-  0.34
point     14 -     15,   DG -2.36 +/-  0.20

total      0 -     15,   DG -23.15 +/-  1.01

