
md10.edr: 0.0 - 20001.0; lambda = (0, 0.9)
    foreign lambdas:
        delta H to (0, 0.8) (20001 pts)
        delta H to (0, 0.9) (20001 pts)
        delta H to (0, 1) (20001 pts)



md11.edr: 0.0 - 20001.0; lambda = (0, 1)
    foreign lambdas:
        delta H to (0, 0.9) (20001 pts)
        delta H to (0, 1) (20001 pts)
        delta H to (0.2, 1) (20001 pts)



md12.edr: 0.0 - 20001.0; lambda = (0.2, 1)
    foreign lambdas:
        delta H to (0, 1) (20001 pts)
        delta H to (0.2, 1) (20001 pts)
        delta H to (0.4, 1) (20001 pts)



md13.edr: 0.0 - 20001.0; lambda = (0.4, 1)
    foreign lambdas:
        delta H to (0.2, 1) (20001 pts)
        delta H to (0.4, 1) (20001 pts)
        delta H to (0.6, 1) (20001 pts)



md14.edr: 0.0 - 20001.0; lambda = (0.6, 1)
    foreign lambdas:
        delta H to (0.4, 1) (20001 pts)
        delta H to (0.6, 1) (20001 pts)
        delta H to (0.8, 1) (20001 pts)



md15.edr: 0.0 - 20001.0; lambda = (0.8, 1)
    foreign lambdas:
        delta H to (0.6, 1) (20001 pts)
        delta H to (0.8, 1) (20001 pts)
        delta H to (1, 1) (20001 pts)



md16.edr: 0.0 - 20001.0; lambda = (1, 1)
    foreign lambdas:
        delta H to (0.8, 1) (20001 pts)
        delta H to (1, 1) (20001 pts)



md1.edr: 0.0 - 20001.0; lambda = (0, 0)
    foreign lambdas:
        delta H to (0, 0) (20001 pts)
        delta H to (0, 0.1) (20001 pts)



md2.edr: 0.0 - 20001.0; lambda = (0, 0.1)
    foreign lambdas:
        delta H to (0, 0) (20001 pts)
        delta H to (0, 0.1) (20001 pts)
        delta H to (0, 0.2) (20001 pts)



md3.edr: 0.0 - 20001.0; lambda = (0, 0.2)
    foreign lambdas:
        delta H to (0, 0.1) (20001 pts)
        delta H to (0, 0.2) (20001 pts)
        delta H to (0, 0.3) (20001 pts)



md4.edr: 0.0 - 20001.0; lambda = (0, 0.3)
    foreign lambdas:
        delta H to (0, 0.2) (20001 pts)
        delta H to (0, 0.3) (20001 pts)
        delta H to (0, 0.4) (20001 pts)



md5.edr: 0.0 - 20001.0; lambda = (0, 0.4)
    foreign lambdas:
        delta H to (0, 0.3) (20001 pts)
        delta H to (0, 0.4) (20001 pts)
        delta H to (0, 0.5) (20001 pts)



md6.edr: 0.0 - 20001.0; lambda = (0, 0.5)
    foreign lambdas:
        delta H to (0, 0.4) (20001 pts)
        delta H to (0, 0.5) (20001 pts)
        delta H to (0, 0.6) (20001 pts)



md7.edr: 0.0 - 20001.0; lambda = (0, 0.6)
    foreign lambdas:
        delta H to (0, 0.5) (20001 pts)
        delta H to (0, 0.6) (20001 pts)
        delta H to (0, 0.7) (20001 pts)



md8.edr: 0.0 - 20001.0; lambda = (0, 0.7)
    foreign lambdas:
        delta H to (0, 0.6) (20001 pts)
        delta H to (0, 0.7) (20001 pts)
        delta H to (0, 0.8) (20001 pts)



md9.edr: 0.0 - 20001.0; lambda = (0, 0.8)
    foreign lambdas:
        delta H to (0, 0.7) (20001 pts)
        delta H to (0, 0.8) (20001 pts)
        delta H to (0, 0.9) (20001 pts)



   Samples in time interval: 0.000 - 20001.000
Removing samples outside of: 0.000 - 7000.000

Temperature: 298.15 K

Detailed results in kT (see help for explanation):

 lam_A  lam_B      DG   +/-     s_A   +/-     s_B   +/-   stdev   +/- 
     0      1    1.23  0.12    0.76  0.11    0.81  0.10    1.33  0.04
     1      2    1.80  0.19    2.56  0.18    2.04  0.13    2.46  0.11
     2      3    0.25  0.09    2.45  0.13    1.38  0.08    2.05  0.07
     3      4   -0.61  0.04    1.62  0.05    0.96  0.04    1.58  0.03
     4      5   -1.13  0.05    1.12  0.06    0.73  0.04    1.32  0.03
     5      6   -1.40  0.03    0.85  0.01    0.55  0.01    1.16  0.01
     6      7   -1.56  0.04    0.82  0.04    0.52  0.03    1.12  0.02
     7      8   -1.74  0.01    0.76  0.04    0.48  0.02    1.05  0.02
     8      9   -1.86  0.01    0.61  0.01    0.38  0.01    0.96  0.01
     9     10   -1.95  0.01    0.56  0.02    0.37  0.02    0.90  0.00
    10     11   -0.08  0.02    0.09  0.02    0.08  0.02    0.36  0.02
    11     12   -0.25  0.03    0.09  0.02    0.10  0.02    0.39  0.01
    12     13   -0.43  0.03    0.08  0.06    0.10  0.07    0.48  0.04
    13     14   -0.74  0.05    0.21  0.10    0.27  0.11    0.67  0.06
    14     15   -0.99  0.07   -0.02  0.14    0.05  0.13    0.77  0.04


Final results in kJ/mol:

point      0 -      1,   DG  3.06 +/-  0.30
point      1 -      2,   DG  4.46 +/-  0.47
point      2 -      3,   DG  0.61 +/-  0.22
point      3 -      4,   DG -1.50 +/-  0.10
point      4 -      5,   DG -2.79 +/-  0.11
point      5 -      6,   DG -3.47 +/-  0.08
point      6 -      7,   DG -3.88 +/-  0.10
point      7 -      8,   DG -4.32 +/-  0.03
point      8 -      9,   DG -4.62 +/-  0.03
point      9 -     10,   DG -4.83 +/-  0.04
point     10 -     11,   DG -0.19 +/-  0.05
point     11 -     12,   DG -0.63 +/-  0.08
point     12 -     13,   DG -1.05 +/-  0.08
point     13 -     14,   DG -1.82 +/-  0.13
point     14 -     15,   DG -2.45 +/-  0.17

total      0 -     15,   DG -23.44 +/-  1.40

