
md10.edr: 0.0 - 20001.0; lambda = (0, 0.9)
    foreign lambdas:
        delta H to (0, 0.8) (20001 pts)
        delta H to (0, 0.9) (20001 pts)
        delta H to (0, 1) (20001 pts)



md11.edr: 0.0 - 20001.0; lambda = (0, 1)
    foreign lambdas:
        delta H to (0, 0.9) (20001 pts)
        delta H to (0, 1) (20001 pts)
        delta H to (0.2, 1) (20001 pts)



md12.edr: 0.0 - 20001.0; lambda = (0.2, 1)
    foreign lambdas:
        delta H to (0, 1) (20001 pts)
        delta H to (0.2, 1) (20001 pts)
        delta H to (0.4, 1) (20001 pts)



md13.edr: 0.0 - 20001.0; lambda = (0.4, 1)
    foreign lambdas:
        delta H to (0.2, 1) (20001 pts)
        delta H to (0.4, 1) (20001 pts)
        delta H to (0.6, 1) (20001 pts)



md14.edr: 0.0 - 20001.0; lambda = (0.6, 1)
    foreign lambdas:
        delta H to (0.4, 1) (20001 pts)
        delta H to (0.6, 1) (20001 pts)
        delta H to (0.8, 1) (20001 pts)



md15.edr: 0.0 - 20001.0; lambda = (0.8, 1)
    foreign lambdas:
        delta H to (0.6, 1) (20001 pts)
        delta H to (0.8, 1) (20001 pts)
        delta H to (1, 1) (20001 pts)



md16.edr: 0.0 - 20001.0; lambda = (1, 1)
    foreign lambdas:
        delta H to (0.8, 1) (20001 pts)
        delta H to (1, 1) (20001 pts)



md1.edr: 0.0 - 20001.0; lambda = (0, 0)
    foreign lambdas:
        delta H to (0, 0) (20001 pts)
        delta H to (0, 0.1) (20001 pts)



md2.edr: 0.0 - 20001.0; lambda = (0, 0.1)
    foreign lambdas:
        delta H to (0, 0) (20001 pts)
        delta H to (0, 0.1) (20001 pts)
        delta H to (0, 0.2) (20001 pts)



md3.edr: 0.0 - 20001.0; lambda = (0, 0.2)
    foreign lambdas:
        delta H to (0, 0.1) (20001 pts)
        delta H to (0, 0.2) (20001 pts)
        delta H to (0, 0.3) (20001 pts)



md4.edr: 0.0 - 20001.0; lambda = (0, 0.3)
    foreign lambdas:
        delta H to (0, 0.2) (20001 pts)
        delta H to (0, 0.3) (20001 pts)
        delta H to (0, 0.4) (20001 pts)



md5.edr: 0.0 - 20001.0; lambda = (0, 0.4)
    foreign lambdas:
        delta H to (0, 0.3) (20001 pts)
        delta H to (0, 0.4) (20001 pts)
        delta H to (0, 0.5) (20001 pts)



md6.edr: 0.0 - 20001.0; lambda = (0, 0.5)
    foreign lambdas:
        delta H to (0, 0.4) (20001 pts)
        delta H to (0, 0.5) (20001 pts)
        delta H to (0, 0.6) (20001 pts)



md7.edr: 0.0 - 20001.0; lambda = (0, 0.6)
    foreign lambdas:
        delta H to (0, 0.5) (20001 pts)
        delta H to (0, 0.6) (20001 pts)
        delta H to (0, 0.7) (20001 pts)



md8.edr: 0.0 - 20001.0; lambda = (0, 0.7)
    foreign lambdas:
        delta H to (0, 0.6) (20001 pts)
        delta H to (0, 0.7) (20001 pts)
        delta H to (0, 0.8) (20001 pts)



md9.edr: 0.0 - 20001.0; lambda = (0, 0.8)
    foreign lambdas:
        delta H to (0, 0.7) (20001 pts)
        delta H to (0, 0.8) (20001 pts)
        delta H to (0, 0.9) (20001 pts)



   Samples in time interval: 0.000 - 20001.000
Removing samples outside of: 0.000 - 2000.000

Temperature: 298.15 K

Detailed results in kT (see help for explanation):

 lam_A  lam_B      DG   +/-     s_A   +/-     s_B   +/-   stdev   +/- 
     0      1    1.12  0.10    1.01  0.14    1.04  0.15    1.44  0.09
     1      2    1.46  0.17    2.28  0.16    1.84  0.14    2.30  0.08
     2      3    0.12  0.09    2.28  0.32    1.28  0.19    1.98  0.13
     3      4   -0.63  0.08    1.57  0.17    0.91  0.08    1.53  0.07
     4      5   -1.10  0.03    1.07  0.04    0.72  0.03    1.29  0.02
     5      6   -1.39  0.04    0.84  0.03    0.57  0.02    1.16  0.02
     6      7   -1.50  0.06    0.81  0.07    0.51  0.04    1.14  0.04
     7      8   -1.71  0.04    0.86  0.06    0.54  0.03    1.10  0.03
     8      9   -1.87  0.02    0.61  0.03    0.36  0.03    0.95  0.01
     9     10   -1.96  0.03    0.53  0.02    0.35  0.01    0.88  0.02
    10     11   -0.06  0.02    0.05  0.02    0.05  0.02    0.34  0.03
    11     12   -0.20  0.03    0.09  0.03    0.09  0.03    0.35  0.03
    12     13   -0.49  0.07    0.20  0.09    0.26  0.11    0.56  0.07
    13     14   -0.89  0.13    0.14  0.21    0.22  0.22    0.79  0.07
    14     15   -1.22  0.18    0.11  0.17    0.16  0.17    0.80  0.06


Final results in kJ/mol:

point      0 -      1,   DG  2.77 +/-  0.25
point      1 -      2,   DG  3.63 +/-  0.42
point      2 -      3,   DG  0.30 +/-  0.22
point      3 -      4,   DG -1.55 +/-  0.19
point      4 -      5,   DG -2.73 +/-  0.06
point      5 -      6,   DG -3.44 +/-  0.11
point      6 -      7,   DG -3.73 +/-  0.15
point      7 -      8,   DG -4.25 +/-  0.10
point      8 -      9,   DG -4.64 +/-  0.05
point      9 -     10,   DG -4.86 +/-  0.07
point     10 -     11,   DG -0.16 +/-  0.05
point     11 -     12,   DG -0.49 +/-  0.07
point     12 -     13,   DG -1.22 +/-  0.16
point     13 -     14,   DG -2.20 +/-  0.32
point     14 -     15,   DG -3.03 +/-  0.46

total      0 -     15,   DG -25.60 +/-  1.62

