
md10.edr: 0.0 - 20001.0; lambda = (0, 0.9)
    foreign lambdas:
        delta H to (0, 0.8) (20001 pts)
        delta H to (0, 0.9) (20001 pts)
        delta H to (0, 1) (20001 pts)



md11.edr: 0.0 - 20001.0; lambda = (0, 1)
    foreign lambdas:
        delta H to (0, 0.9) (20001 pts)
        delta H to (0, 1) (20001 pts)
        delta H to (0.2, 1) (20001 pts)



md12.edr: 0.0 - 20001.0; lambda = (0.2, 1)
    foreign lambdas:
        delta H to (0, 1) (20001 pts)
        delta H to (0.2, 1) (20001 pts)
        delta H to (0.4, 1) (20001 pts)



md13.edr: 0.0 - 20001.0; lambda = (0.4, 1)
    foreign lambdas:
        delta H to (0.2, 1) (20001 pts)
        delta H to (0.4, 1) (20001 pts)
        delta H to (0.6, 1) (20001 pts)



md14.edr: 0.0 - 20001.0; lambda = (0.6, 1)
    foreign lambdas:
        delta H to (0.4, 1) (20001 pts)
        delta H to (0.6, 1) (20001 pts)
        delta H to (0.8, 1) (20001 pts)



md15.edr: 0.0 - 20001.0; lambda = (0.8, 1)
    foreign lambdas:
        delta H to (0.6, 1) (20001 pts)
        delta H to (0.8, 1) (20001 pts)
        delta H to (1, 1) (20001 pts)



md16.edr: 0.0 - 20001.0; lambda = (1, 1)
    foreign lambdas:
        delta H to (0.8, 1) (20001 pts)
        delta H to (1, 1) (20001 pts)



md1.edr: 0.0 - 20001.0; lambda = (0, 0)
    foreign lambdas:
        delta H to (0, 0) (20001 pts)
        delta H to (0, 0.1) (20001 pts)



md2.edr: 0.0 - 20001.0; lambda = (0, 0.1)
    foreign lambdas:
        delta H to (0, 0) (20001 pts)
        delta H to (0, 0.1) (20001 pts)
        delta H to (0, 0.2) (20001 pts)



md3.edr: 0.0 - 20001.0; lambda = (0, 0.2)
    foreign lambdas:
        delta H to (0, 0.1) (20001 pts)
        delta H to (0, 0.2) (20001 pts)
        delta H to (0, 0.3) (20001 pts)



md4.edr: 0.0 - 20001.0; lambda = (0, 0.3)
    foreign lambdas:
        delta H to (0, 0.2) (20001 pts)
        delta H to (0, 0.3) (20001 pts)
        delta H to (0, 0.4) (20001 pts)



md5.edr: 0.0 - 20001.0; lambda = (0, 0.4)
    foreign lambdas:
        delta H to (0, 0.3) (20001 pts)
        delta H to (0, 0.4) (20001 pts)
        delta H to (0, 0.5) (20001 pts)



md6.edr: 0.0 - 20001.0; lambda = (0, 0.5)
    foreign lambdas:
        delta H to (0, 0.4) (20001 pts)
        delta H to (0, 0.5) (20001 pts)
        delta H to (0, 0.6) (20001 pts)



md7.edr: 0.0 - 20001.0; lambda = (0, 0.6)
    foreign lambdas:
        delta H to (0, 0.5) (20001 pts)
        delta H to (0, 0.6) (20001 pts)
        delta H to (0, 0.7) (20001 pts)



md8.edr: 0.0 - 20001.0; lambda = (0, 0.7)
    foreign lambdas:
        delta H to (0, 0.6) (20001 pts)
        delta H to (0, 0.7) (20001 pts)
        delta H to (0, 0.8) (20001 pts)



md9.edr: 0.0 - 20001.0; lambda = (0, 0.8)
    foreign lambdas:
        delta H to (0, 0.7) (20001 pts)
        delta H to (0, 0.8) (20001 pts)
        delta H to (0, 0.9) (20001 pts)



   Samples in time interval: 0.000 - 20001.000
Removing samples outside of: 0.000 - 16000.000

Temperature: 298.15 K

Detailed results in kT (see help for explanation):

 lam_A  lam_B      DG   +/-     s_A   +/-     s_B   +/-   stdev   +/- 
     0      1    1.10  0.07    0.76  0.06    0.79  0.06    1.33  0.03
     1      2    1.63  0.14    2.48  0.06    1.92  0.08    2.40  0.05
     2      3    0.23  0.06    2.40  0.13    1.39  0.07    2.02  0.06
     3      4   -0.67  0.03    1.59  0.05    0.96  0.02    1.57  0.02
     4      5   -1.15  0.02    1.07  0.03    0.69  0.02    1.30  0.01
     5      6   -1.39  0.02    0.90  0.04    0.58  0.03    1.18  0.01
     6      7   -1.59  0.01    0.81  0.01    0.52  0.01    1.11  0.01
     7      8   -1.76  0.01    0.71  0.02    0.45  0.02    1.03  0.01
     8      9   -1.88  0.01    0.62  0.01    0.39  0.01    0.96  0.01
     9     10   -1.96  0.01    0.55  0.01    0.36  0.01    0.90  0.00
    10     11   -0.09  0.02    0.08  0.01    0.08  0.01    0.38  0.01
    11     12   -0.25  0.01    0.08  0.01    0.08  0.01    0.38  0.01
    12     13   -0.45  0.03    0.12  0.03    0.15  0.03    0.50  0.03
    13     14   -0.71  0.06    0.11  0.05    0.16  0.05    0.63  0.05
    14     15   -0.99  0.07    0.13  0.09    0.21  0.10    0.80  0.05


Final results in kJ/mol:

point      0 -      1,   DG  2.73 +/-  0.18
point      1 -      2,   DG  4.04 +/-  0.34
point      2 -      3,   DG  0.56 +/-  0.16
point      3 -      4,   DG -1.65 +/-  0.08
point      4 -      5,   DG -2.86 +/-  0.05
point      5 -      6,   DG -3.45 +/-  0.04
point      6 -      7,   DG -3.94 +/-  0.03
point      7 -      8,   DG -4.37 +/-  0.03
point      8 -      9,   DG -4.66 +/-  0.03
point      9 -     10,   DG -4.86 +/-  0.02
point     10 -     11,   DG -0.21 +/-  0.04
point     11 -     12,   DG -0.61 +/-  0.03
point     12 -     13,   DG -1.12 +/-  0.08
point     13 -     14,   DG -1.75 +/-  0.16
point     14 -     15,   DG -2.45 +/-  0.18

total      0 -     15,   DG -24.61 +/-  0.59

