
md10.edr: 0.0 - 20001.0; lambda = (0, 0.9)
    foreign lambdas:
        delta H to (0, 0.8) (20001 pts)
        delta H to (0, 0.9) (20001 pts)
        delta H to (0, 1) (20001 pts)



md11.edr: 0.0 - 20001.0; lambda = (0, 1)
    foreign lambdas:
        delta H to (0, 0.9) (20001 pts)
        delta H to (0, 1) (20001 pts)
        delta H to (0.2, 1) (20001 pts)



md12.edr: 0.0 - 20001.0; lambda = (0.2, 1)
    foreign lambdas:
        delta H to (0, 1) (20001 pts)
        delta H to (0.2, 1) (20001 pts)
        delta H to (0.4, 1) (20001 pts)



md13.edr: 0.0 - 20001.0; lambda = (0.4, 1)
    foreign lambdas:
        delta H to (0.2, 1) (20001 pts)
        delta H to (0.4, 1) (20001 pts)
        delta H to (0.6, 1) (20001 pts)



md14.edr: 0.0 - 20001.0; lambda = (0.6, 1)
    foreign lambdas:
        delta H to (0.4, 1) (20001 pts)
        delta H to (0.6, 1) (20001 pts)
        delta H to (0.8, 1) (20001 pts)



md15.edr: 0.0 - 20001.0; lambda = (0.8, 1)
    foreign lambdas:
        delta H to (0.6, 1) (20001 pts)
        delta H to (0.8, 1) (20001 pts)
        delta H to (1, 1) (20001 pts)



md16.edr: 0.0 - 20001.0; lambda = (1, 1)
    foreign lambdas:
        delta H to (0.8, 1) (20001 pts)
        delta H to (1, 1) (20001 pts)



md1.edr: 0.0 - 20001.0; lambda = (0, 0)
    foreign lambdas:
        delta H to (0, 0) (20001 pts)
        delta H to (0, 0.1) (20001 pts)



md2.edr: 0.0 - 20001.0; lambda = (0, 0.1)
    foreign lambdas:
        delta H to (0, 0) (20001 pts)
        delta H to (0, 0.1) (20001 pts)
        delta H to (0, 0.2) (20001 pts)



md3.edr: 0.0 - 20001.0; lambda = (0, 0.2)
    foreign lambdas:
        delta H to (0, 0.1) (20001 pts)
        delta H to (0, 0.2) (20001 pts)
        delta H to (0, 0.3) (20001 pts)



md4.edr: 0.0 - 20001.0; lambda = (0, 0.3)
    foreign lambdas:
        delta H to (0, 0.2) (20001 pts)
        delta H to (0, 0.3) (20001 pts)
        delta H to (0, 0.4) (20001 pts)



md5.edr: 0.0 - 20001.0; lambda = (0, 0.4)
    foreign lambdas:
        delta H to (0, 0.3) (20001 pts)
        delta H to (0, 0.4) (20001 pts)
        delta H to (0, 0.5) (20001 pts)



md6.edr: 0.0 - 20001.0; lambda = (0, 0.5)
    foreign lambdas:
        delta H to (0, 0.4) (20001 pts)
        delta H to (0, 0.5) (20001 pts)
        delta H to (0, 0.6) (20001 pts)



md7.edr: 0.0 - 20001.0; lambda = (0, 0.6)
    foreign lambdas:
        delta H to (0, 0.5) (20001 pts)
        delta H to (0, 0.6) (20001 pts)
        delta H to (0, 0.7) (20001 pts)



md8.edr: 0.0 - 20001.0; lambda = (0, 0.7)
    foreign lambdas:
        delta H to (0, 0.6) (20001 pts)
        delta H to (0, 0.7) (20001 pts)
        delta H to (0, 0.8) (20001 pts)



md9.edr: 0.0 - 20001.0; lambda = (0, 0.8)
    foreign lambdas:
        delta H to (0, 0.7) (20001 pts)
        delta H to (0, 0.8) (20001 pts)
        delta H to (0, 0.9) (20001 pts)



   Samples in time interval: 0.000 - 20001.000
Removing samples outside of: 0.000 - 6000.000

Temperature: 298.15 K

Detailed results in kT (see help for explanation):

 lam_A  lam_B      DG   +/-     s_A   +/-     s_B   +/-   stdev   +/- 
     0      1    1.23  0.13    0.80  0.08    0.84  0.08    1.34  0.05
     1      2    1.76  0.15    2.51  0.13    2.01  0.13    2.43  0.08
     2      3    0.25  0.06    2.43  0.14    1.39  0.07    2.05  0.05
     3      4   -0.61  0.04    1.62  0.11    0.96  0.06    1.58  0.04
     4      5   -1.14  0.03    1.13  0.04    0.74  0.02    1.32  0.02
     5      6   -1.41  0.03    0.83  0.02    0.54  0.02    1.16  0.02
     6      7   -1.56  0.04    0.82  0.03    0.52  0.02    1.12  0.02
     7      8   -1.74  0.03    0.76  0.04    0.48  0.03    1.05  0.02
     8      9   -1.86  0.02    0.60  0.03    0.37  0.02    0.96  0.01
     9     10   -1.96  0.01    0.57  0.01    0.37  0.01    0.90  0.01
    10     11   -0.08  0.03    0.10  0.04    0.10  0.04    0.37  0.03
    11     12   -0.27  0.04    0.09  0.05    0.09  0.05    0.39  0.02
    12     13   -0.43  0.05    0.07  0.07    0.10  0.08    0.49  0.05
    13     14   -0.74  0.05    0.21  0.11    0.28  0.12    0.69  0.04
    14     15   -0.99  0.15   -0.03  0.11    0.04  0.11    0.78  0.08


Final results in kJ/mol:

point      0 -      1,   DG  3.05 +/-  0.33
point      1 -      2,   DG  4.36 +/-  0.37
point      2 -      3,   DG  0.63 +/-  0.15
point      3 -      4,   DG -1.50 +/-  0.10
point      4 -      5,   DG -2.83 +/-  0.06
point      5 -      6,   DG -3.50 +/-  0.08
point      6 -      7,   DG -3.87 +/-  0.10
point      7 -      8,   DG -4.32 +/-  0.07
point      8 -      9,   DG -4.62 +/-  0.04
point      9 -     10,   DG -4.87 +/-  0.03
point     10 -     11,   DG -0.20 +/-  0.06
point     11 -     12,   DG -0.66 +/-  0.09
point     12 -     13,   DG -1.07 +/-  0.13
point     13 -     14,   DG -1.84 +/-  0.12
point     14 -     15,   DG -2.46 +/-  0.37

total      0 -     15,   DG -23.69 +/-  1.28

