
md10.edr: 0.0 - 20001.0; lambda = (0, 0.9)
    foreign lambdas:
        delta H to (0, 0.8) (20001 pts)
        delta H to (0, 0.9) (20001 pts)
        delta H to (0, 1) (20001 pts)



md11.edr: 0.0 - 20001.0; lambda = (0, 1)
    foreign lambdas:
        delta H to (0, 0.9) (20001 pts)
        delta H to (0, 1) (20001 pts)
        delta H to (0.2, 1) (20001 pts)



md12.edr: 0.0 - 20001.0; lambda = (0.2, 1)
    foreign lambdas:
        delta H to (0, 1) (20001 pts)
        delta H to (0.2, 1) (20001 pts)
        delta H to (0.4, 1) (20001 pts)



md13.edr: 0.0 - 20001.0; lambda = (0.4, 1)
    foreign lambdas:
        delta H to (0.2, 1) (20001 pts)
        delta H to (0.4, 1) (20001 pts)
        delta H to (0.6, 1) (20001 pts)



md14.edr: 0.0 - 20001.0; lambda = (0.6, 1)
    foreign lambdas:
        delta H to (0.4, 1) (20001 pts)
        delta H to (0.6, 1) (20001 pts)
        delta H to (0.8, 1) (20001 pts)



md15.edr: 0.0 - 20001.0; lambda = (0.8, 1)
    foreign lambdas:
        delta H to (0.6, 1) (20001 pts)
        delta H to (0.8, 1) (20001 pts)
        delta H to (1, 1) (20001 pts)



md16.edr: 0.0 - 20001.0; lambda = (1, 1)
    foreign lambdas:
        delta H to (0.8, 1) (20001 pts)
        delta H to (1, 1) (20001 pts)



md1.edr: 0.0 - 20001.0; lambda = (0, 0)
    foreign lambdas:
        delta H to (0, 0) (20001 pts)
        delta H to (0, 0.1) (20001 pts)



md2.edr: 0.0 - 20001.0; lambda = (0, 0.1)
    foreign lambdas:
        delta H to (0, 0) (20001 pts)
        delta H to (0, 0.1) (20001 pts)
        delta H to (0, 0.2) (20001 pts)



md3.edr: 0.0 - 20001.0; lambda = (0, 0.2)
    foreign lambdas:
        delta H to (0, 0.1) (20001 pts)
        delta H to (0, 0.2) (20001 pts)
        delta H to (0, 0.3) (20001 pts)



md4.edr: 0.0 - 20001.0; lambda = (0, 0.3)
    foreign lambdas:
        delta H to (0, 0.2) (20001 pts)
        delta H to (0, 0.3) (20001 pts)
        delta H to (0, 0.4) (20001 pts)



md5.edr: 0.0 - 20001.0; lambda = (0, 0.4)
    foreign lambdas:
        delta H to (0, 0.3) (20001 pts)
        delta H to (0, 0.4) (20001 pts)
        delta H to (0, 0.5) (20001 pts)



md6.edr: 0.0 - 20001.0; lambda = (0, 0.5)
    foreign lambdas:
        delta H to (0, 0.4) (20001 pts)
        delta H to (0, 0.5) (20001 pts)
        delta H to (0, 0.6) (20001 pts)



md7.edr: 0.0 - 20001.0; lambda = (0, 0.6)
    foreign lambdas:
        delta H to (0, 0.5) (20001 pts)
        delta H to (0, 0.6) (20001 pts)
        delta H to (0, 0.7) (20001 pts)



md8.edr: 0.0 - 20001.0; lambda = (0, 0.7)
    foreign lambdas:
        delta H to (0, 0.6) (20001 pts)
        delta H to (0, 0.7) (20001 pts)
        delta H to (0, 0.8) (20001 pts)



md9.edr: 0.0 - 20001.0; lambda = (0, 0.8)
    foreign lambdas:
        delta H to (0, 0.7) (20001 pts)
        delta H to (0, 0.8) (20001 pts)
        delta H to (0, 0.9) (20001 pts)



   Samples in time interval: 0.000 - 20001.000
Removing samples outside of: 0.000 - 19000.000

Temperature: 298.15 K

Detailed results in kT (see help for explanation):

 lam_A  lam_B      DG   +/-     s_A   +/-     s_B   +/-   stdev   +/- 
     0      1    1.12  0.06    0.79  0.05    0.83  0.05    1.35  0.02
     1      2    1.60  0.13    2.50  0.06    1.92  0.07    2.40  0.05
     2      3    0.21  0.03    2.34  0.09    1.37  0.04    2.00  0.03
     3      4   -0.66  0.02    1.59  0.02    0.96  0.01    1.57  0.01
     4      5   -1.15  0.01    1.07  0.01    0.70  0.01    1.30  0.00
     5      6   -1.39  0.01    0.89  0.02    0.58  0.01    1.18  0.00
     6      7   -1.58  0.02    0.83  0.02    0.53  0.01    1.12  0.01
     7      8   -1.76  0.01    0.72  0.02    0.45  0.01    1.03  0.01
     8      9   -1.89  0.01    0.62  0.01    0.39  0.01    0.96  0.00
     9     10   -1.97  0.01    0.55  0.01    0.36  0.01    0.91  0.01
    10     11   -0.09  0.02    0.08  0.00    0.08  0.00    0.37  0.01
    11     12   -0.25  0.01    0.08  0.01    0.09  0.01    0.38  0.01
    12     13   -0.43  0.03    0.09  0.03    0.11  0.04    0.49  0.03
    13     14   -0.65  0.08    0.10  0.04    0.15  0.05    0.61  0.06
    14     15   -1.02  0.07    0.22  0.15    0.32  0.16    0.83  0.06


Final results in kJ/mol:

point      0 -      1,   DG  2.79 +/-  0.15
point      1 -      2,   DG  3.96 +/-  0.33
point      2 -      3,   DG  0.52 +/-  0.09
point      3 -      4,   DG -1.64 +/-  0.04
point      4 -      5,   DG -2.84 +/-  0.03
point      5 -      6,   DG -3.45 +/-  0.03
point      6 -      7,   DG -3.91 +/-  0.05
point      7 -      8,   DG -4.36 +/-  0.04
point      8 -      9,   DG -4.68 +/-  0.03
point      9 -     10,   DG -4.88 +/-  0.03
point     10 -     11,   DG -0.22 +/-  0.04
point     11 -     12,   DG -0.63 +/-  0.03
point     12 -     13,   DG -1.07 +/-  0.06
point     13 -     14,   DG -1.61 +/-  0.19
point     14 -     15,   DG -2.52 +/-  0.18

total      0 -     15,   DG -24.55 +/-  0.70

