
md10.edr: 0.0 - 20001.0; lambda = (0, 0.9)
    foreign lambdas:
        delta H to (0, 0.8) (20001 pts)
        delta H to (0, 0.9) (20001 pts)
        delta H to (0, 1) (20001 pts)



md11.edr: 0.0 - 20001.0; lambda = (0, 1)
    foreign lambdas:
        delta H to (0, 0.9) (20001 pts)
        delta H to (0, 1) (20001 pts)
        delta H to (0.2, 1) (20001 pts)



md12.edr: 0.0 - 20001.0; lambda = (0.2, 1)
    foreign lambdas:
        delta H to (0, 1) (20001 pts)
        delta H to (0.2, 1) (20001 pts)
        delta H to (0.4, 1) (20001 pts)



md13.edr: 0.0 - 20001.0; lambda = (0.4, 1)
    foreign lambdas:
        delta H to (0.2, 1) (20001 pts)
        delta H to (0.4, 1) (20001 pts)
        delta H to (0.6, 1) (20001 pts)



md14.edr: 0.0 - 20001.0; lambda = (0.6, 1)
    foreign lambdas:
        delta H to (0.4, 1) (20001 pts)
        delta H to (0.6, 1) (20001 pts)
        delta H to (0.8, 1) (20001 pts)



md15.edr: 0.0 - 20001.0; lambda = (0.8, 1)
    foreign lambdas:
        delta H to (0.6, 1) (20001 pts)
        delta H to (0.8, 1) (20001 pts)
        delta H to (1, 1) (20001 pts)



md16.edr: 0.0 - 20001.0; lambda = (1, 1)
    foreign lambdas:
        delta H to (0.8, 1) (20001 pts)
        delta H to (1, 1) (20001 pts)



md1.edr: 0.0 - 20001.0; lambda = (0, 0)
    foreign lambdas:
        delta H to (0, 0) (20001 pts)
        delta H to (0, 0.1) (20001 pts)



md2.edr: 0.0 - 20001.0; lambda = (0, 0.1)
    foreign lambdas:
        delta H to (0, 0) (20001 pts)
        delta H to (0, 0.1) (20001 pts)
        delta H to (0, 0.2) (20001 pts)



md3.edr: 0.0 - 20001.0; lambda = (0, 0.2)
    foreign lambdas:
        delta H to (0, 0.1) (20001 pts)
        delta H to (0, 0.2) (20001 pts)
        delta H to (0, 0.3) (20001 pts)



md4.edr: 0.0 - 20001.0; lambda = (0, 0.3)
    foreign lambdas:
        delta H to (0, 0.2) (20001 pts)
        delta H to (0, 0.3) (20001 pts)
        delta H to (0, 0.4) (20001 pts)



md5.edr: 0.0 - 20001.0; lambda = (0, 0.4)
    foreign lambdas:
        delta H to (0, 0.3) (20001 pts)
        delta H to (0, 0.4) (20001 pts)
        delta H to (0, 0.5) (20001 pts)



md6.edr: 0.0 - 20001.0; lambda = (0, 0.5)
    foreign lambdas:
        delta H to (0, 0.4) (20001 pts)
        delta H to (0, 0.5) (20001 pts)
        delta H to (0, 0.6) (20001 pts)



md7.edr: 0.0 - 20001.0; lambda = (0, 0.6)
    foreign lambdas:
        delta H to (0, 0.5) (20001 pts)
        delta H to (0, 0.6) (20001 pts)
        delta H to (0, 0.7) (20001 pts)



md8.edr: 0.0 - 20001.0; lambda = (0, 0.7)
    foreign lambdas:
        delta H to (0, 0.6) (20001 pts)
        delta H to (0, 0.7) (20001 pts)
        delta H to (0, 0.8) (20001 pts)



md9.edr: 0.0 - 20001.0; lambda = (0, 0.8)
    foreign lambdas:
        delta H to (0, 0.7) (20001 pts)
        delta H to (0, 0.8) (20001 pts)
        delta H to (0, 0.9) (20001 pts)



   Samples in time interval: 0.000 - 20001.000
Removing samples outside of: 0.000 - 18000.000

Temperature: 298.15 K

Detailed results in kT (see help for explanation):

 lam_A  lam_B      DG   +/-     s_A   +/-     s_B   +/-   stdev   +/- 
     0      1    1.11  0.07    0.78  0.05    0.82  0.05    1.34  0.03
     1      2    1.60  0.12    2.48  0.12    1.91  0.11    2.39  0.08
     2      3    0.23  0.03    2.36  0.08    1.38  0.03    2.01  0.03
     3      4   -0.65  0.03    1.60  0.04    0.96  0.03    1.58  0.02
     4      5   -1.15  0.02    1.07  0.03    0.70  0.02    1.30  0.01
     5      6   -1.39  0.02    0.90  0.03    0.58  0.02    1.18  0.01
     6      7   -1.58  0.02    0.82  0.02    0.52  0.01    1.12  0.01
     7      8   -1.76  0.02    0.73  0.02    0.46  0.02    1.03  0.01
     8      9   -1.89  0.01    0.62  0.01    0.39  0.01    0.96  0.01
     9     10   -1.97  0.01    0.56  0.01    0.36  0.01    0.91  0.01
    10     11   -0.09  0.02    0.08  0.01    0.08  0.01    0.37  0.01
    11     12   -0.25  0.02    0.08  0.02    0.08  0.03    0.38  0.01
    12     13   -0.44  0.03    0.11  0.04    0.13  0.04    0.49  0.03
    13     14   -0.67  0.07    0.10  0.05    0.15  0.06    0.61  0.06
    14     15   -1.02  0.10    0.20  0.15    0.30  0.16    0.83  0.07


Final results in kJ/mol:

point      0 -      1,   DG  2.75 +/-  0.18
point      1 -      2,   DG  3.97 +/-  0.30
point      2 -      3,   DG  0.57 +/-  0.09
point      3 -      4,   DG -1.61 +/-  0.09
point      4 -      5,   DG -2.84 +/-  0.04
point      5 -      6,   DG -3.44 +/-  0.04
point      6 -      7,   DG -3.91 +/-  0.06
point      7 -      8,   DG -4.36 +/-  0.04
point      8 -      9,   DG -4.67 +/-  0.04
point      9 -     10,   DG -4.88 +/-  0.03
point     10 -     11,   DG -0.22 +/-  0.04
point     11 -     12,   DG -0.61 +/-  0.04
point     12 -     13,   DG -1.09 +/-  0.07
point     13 -     14,   DG -1.66 +/-  0.16
point     14 -     15,   DG -2.52 +/-  0.24

total      0 -     15,   DG -24.50 +/-  0.73

