
md10.edr: 0.0 - 20001.0; lambda = (0, 0.9)
    foreign lambdas:
        delta H to (0, 0.8) (20001 pts)
        delta H to (0, 0.9) (20001 pts)
        delta H to (0, 1) (20001 pts)



md11.edr: 0.0 - 20001.0; lambda = (0, 1)
    foreign lambdas:
        delta H to (0, 0.9) (20001 pts)
        delta H to (0, 1) (20001 pts)
        delta H to (0.2, 1) (20001 pts)



md12.edr: 0.0 - 20001.0; lambda = (0.2, 1)
    foreign lambdas:
        delta H to (0, 1) (20001 pts)
        delta H to (0.2, 1) (20001 pts)
        delta H to (0.4, 1) (20001 pts)



md13.edr: 0.0 - 20001.0; lambda = (0.4, 1)
    foreign lambdas:
        delta H to (0.2, 1) (20001 pts)
        delta H to (0.4, 1) (20001 pts)
        delta H to (0.6, 1) (20001 pts)



md14.edr: 0.0 - 20001.0; lambda = (0.6, 1)
    foreign lambdas:
        delta H to (0.4, 1) (20001 pts)
        delta H to (0.6, 1) (20001 pts)
        delta H to (0.8, 1) (20001 pts)



md15.edr: 0.0 - 20001.0; lambda = (0.8, 1)
    foreign lambdas:
        delta H to (0.6, 1) (20001 pts)
        delta H to (0.8, 1) (20001 pts)
        delta H to (1, 1) (20001 pts)



md16.edr: 0.0 - 20001.0; lambda = (1, 1)
    foreign lambdas:
        delta H to (0.8, 1) (20001 pts)
        delta H to (1, 1) (20001 pts)



md1.edr: 0.0 - 20001.0; lambda = (0, 0)
    foreign lambdas:
        delta H to (0, 0) (20001 pts)
        delta H to (0, 0.1) (20001 pts)



md2.edr: 0.0 - 20001.0; lambda = (0, 0.1)
    foreign lambdas:
        delta H to (0, 0) (20001 pts)
        delta H to (0, 0.1) (20001 pts)
        delta H to (0, 0.2) (20001 pts)



md3.edr: 0.0 - 20001.0; lambda = (0, 0.2)
    foreign lambdas:
        delta H to (0, 0.1) (20001 pts)
        delta H to (0, 0.2) (20001 pts)
        delta H to (0, 0.3) (20001 pts)



md4.edr: 0.0 - 20001.0; lambda = (0, 0.3)
    foreign lambdas:
        delta H to (0, 0.2) (20001 pts)
        delta H to (0, 0.3) (20001 pts)
        delta H to (0, 0.4) (20001 pts)



md5.edr: 0.0 - 20001.0; lambda = (0, 0.4)
    foreign lambdas:
        delta H to (0, 0.3) (20001 pts)
        delta H to (0, 0.4) (20001 pts)
        delta H to (0, 0.5) (20001 pts)



md6.edr: 0.0 - 20001.0; lambda = (0, 0.5)
    foreign lambdas:
        delta H to (0, 0.4) (20001 pts)
        delta H to (0, 0.5) (20001 pts)
        delta H to (0, 0.6) (20001 pts)



md7.edr: 0.0 - 20001.0; lambda = (0, 0.6)
    foreign lambdas:
        delta H to (0, 0.5) (20001 pts)
        delta H to (0, 0.6) (20001 pts)
        delta H to (0, 0.7) (20001 pts)



md8.edr: 0.0 - 20001.0; lambda = (0, 0.7)
    foreign lambdas:
        delta H to (0, 0.6) (20001 pts)
        delta H to (0, 0.7) (20001 pts)
        delta H to (0, 0.8) (20001 pts)



md9.edr: 0.0 - 20001.0; lambda = (0, 0.8)
    foreign lambdas:
        delta H to (0, 0.7) (20001 pts)
        delta H to (0, 0.8) (20001 pts)
        delta H to (0, 0.9) (20001 pts)



   Samples in time interval: 0.000 - 20001.000
Removing samples outside of: 0.000 - 8000.000

Temperature: 298.15 K

Detailed results in kT (see help for explanation):

 lam_A  lam_B      DG   +/-     s_A   +/-     s_B   +/-   stdev   +/- 
     0      1    1.22  0.07    0.76  0.08    0.81  0.08    1.33  0.04
     1      2    1.82  0.12    2.52  0.11    2.03  0.10    2.45  0.07
     2      3    0.26  0.09    2.50  0.13    1.42  0.08    2.07  0.06
     3      4   -0.63  0.04    1.58  0.07    0.94  0.03    1.57  0.03
     4      5   -1.12  0.03    1.10  0.04    0.72  0.02    1.31  0.02
     5      6   -1.38  0.03    0.88  0.04    0.57  0.03    1.18  0.02
     6      7   -1.57  0.03    0.82  0.02    0.52  0.01    1.12  0.01
     7      8   -1.74  0.02    0.74  0.04    0.46  0.03    1.04  0.02
     8      9   -1.86  0.01    0.60  0.02    0.37  0.01    0.95  0.01
     9     10   -1.95  0.02    0.55  0.01    0.36  0.01    0.90  0.01
    10     11   -0.08  0.02    0.09  0.03    0.09  0.03    0.37  0.02
    11     12   -0.26  0.02    0.09  0.04    0.10  0.04    0.40  0.02
    12     13   -0.48  0.08    0.12  0.07    0.15  0.08    0.53  0.05
    13     14   -0.77  0.05    0.14  0.10    0.20  0.10    0.68  0.03
    14     15   -1.02  0.04    0.05  0.10    0.14  0.10    0.81  0.06


Final results in kJ/mol:

point      0 -      1,   DG  3.03 +/-  0.17
point      1 -      2,   DG  4.51 +/-  0.30
point      2 -      3,   DG  0.65 +/-  0.21
point      3 -      4,   DG -1.56 +/-  0.10
point      4 -      5,   DG -2.78 +/-  0.07
point      5 -      6,   DG -3.43 +/-  0.08
point      6 -      7,   DG -3.89 +/-  0.07
point      7 -      8,   DG -4.33 +/-  0.05
point      8 -      9,   DG -4.61 +/-  0.04
point      9 -     10,   DG -4.83 +/-  0.04
point     10 -     11,   DG -0.21 +/-  0.06
point     11 -     12,   DG -0.65 +/-  0.06
point     12 -     13,   DG -1.19 +/-  0.19
point     13 -     14,   DG -1.90 +/-  0.12
point     14 -     15,   DG -2.53 +/-  0.09

total      0 -     15,   DG -23.72 +/-  0.50

