
md10.edr: 0.0 - 20001.0; lambda = (0, 0.9)
    foreign lambdas:
        delta H to (0, 0.8) (20001 pts)
        delta H to (0, 0.9) (20001 pts)
        delta H to (0, 1) (20001 pts)



md11.edr: 0.0 - 20001.0; lambda = (0, 1)
    foreign lambdas:
        delta H to (0, 0.9) (20001 pts)
        delta H to (0, 1) (20001 pts)
        delta H to (0.2, 1) (20001 pts)



md12.edr: 0.0 - 20001.0; lambda = (0.2, 1)
    foreign lambdas:
        delta H to (0, 1) (20001 pts)
        delta H to (0.2, 1) (20001 pts)
        delta H to (0.4, 1) (20001 pts)



md13.edr: 0.0 - 20001.0; lambda = (0.4, 1)
    foreign lambdas:
        delta H to (0.2, 1) (20001 pts)
        delta H to (0.4, 1) (20001 pts)
        delta H to (0.6, 1) (20001 pts)



md14.edr: 0.0 - 20001.0; lambda = (0.6, 1)
    foreign lambdas:
        delta H to (0.4, 1) (20001 pts)
        delta H to (0.6, 1) (20001 pts)
        delta H to (0.8, 1) (20001 pts)



md15.edr: 0.0 - 20001.0; lambda = (0.8, 1)
    foreign lambdas:
        delta H to (0.6, 1) (20001 pts)
        delta H to (0.8, 1) (20001 pts)
        delta H to (1, 1) (20001 pts)



md16.edr: 0.0 - 20001.0; lambda = (1, 1)
    foreign lambdas:
        delta H to (0.8, 1) (20001 pts)
        delta H to (1, 1) (20001 pts)



md1.edr: 0.0 - 20001.0; lambda = (0, 0)
    foreign lambdas:
        delta H to (0, 0) (20001 pts)
        delta H to (0, 0.1) (20001 pts)



md2.edr: 0.0 - 20001.0; lambda = (0, 0.1)
    foreign lambdas:
        delta H to (0, 0) (20001 pts)
        delta H to (0, 0.1) (20001 pts)
        delta H to (0, 0.2) (20001 pts)



md3.edr: 0.0 - 20001.0; lambda = (0, 0.2)
    foreign lambdas:
        delta H to (0, 0.1) (20001 pts)
        delta H to (0, 0.2) (20001 pts)
        delta H to (0, 0.3) (20001 pts)



md4.edr: 0.0 - 20001.0; lambda = (0, 0.3)
    foreign lambdas:
        delta H to (0, 0.2) (20001 pts)
        delta H to (0, 0.3) (20001 pts)
        delta H to (0, 0.4) (20001 pts)



md5.edr: 0.0 - 20001.0; lambda = (0, 0.4)
    foreign lambdas:
        delta H to (0, 0.3) (20001 pts)
        delta H to (0, 0.4) (20001 pts)
        delta H to (0, 0.5) (20001 pts)



md6.edr: 0.0 - 20001.0; lambda = (0, 0.5)
    foreign lambdas:
        delta H to (0, 0.4) (20001 pts)
        delta H to (0, 0.5) (20001 pts)
        delta H to (0, 0.6) (20001 pts)



md7.edr: 0.0 - 20001.0; lambda = (0, 0.6)
    foreign lambdas:
        delta H to (0, 0.5) (20001 pts)
        delta H to (0, 0.6) (20001 pts)
        delta H to (0, 0.7) (20001 pts)



md8.edr: 0.0 - 20001.0; lambda = (0, 0.7)
    foreign lambdas:
        delta H to (0, 0.6) (20001 pts)
        delta H to (0, 0.7) (20001 pts)
        delta H to (0, 0.8) (20001 pts)



md9.edr: 0.0 - 20001.0; lambda = (0, 0.8)
    foreign lambdas:
        delta H to (0, 0.7) (20001 pts)
        delta H to (0, 0.8) (20001 pts)
        delta H to (0, 0.9) (20001 pts)



   Samples in time interval: 0.000 - 20001.000
Removing samples outside of: 0.000 - 10000.000

Temperature: 298.15 K

Detailed results in kT (see help for explanation):

 lam_A  lam_B      DG   +/-     s_A   +/-     s_B   +/-   stdev   +/- 
     0      1    1.18  0.06    0.76  0.06    0.80  0.06    1.33  0.03
     1      2    1.75  0.12    2.50  0.07    1.98  0.08    2.42  0.05
     2      3    0.25  0.04    2.48  0.08    1.42  0.04    2.06  0.03
     3      4   -0.65  0.04    1.56  0.06    0.93  0.04    1.56  0.03
     4      5   -1.13  0.02    1.09  0.03    0.71  0.02    1.31  0.01
     5      6   -1.38  0.02    0.90  0.04    0.58  0.03    1.18  0.01
     6      7   -1.59  0.03    0.82  0.02    0.53  0.01    1.11  0.01
     7      8   -1.76  0.02    0.72  0.04    0.45  0.03    1.03  0.02
     8      9   -1.86  0.01    0.60  0.00    0.37  0.01    0.95  0.00
     9     10   -1.95  0.01    0.56  0.02    0.37  0.02    0.90  0.01
    10     11   -0.08  0.02    0.08  0.02    0.08  0.02    0.36  0.01
    11     12   -0.25  0.02    0.10  0.01    0.10  0.01    0.39  0.02
    12     13   -0.46  0.04    0.11  0.05    0.13  0.06    0.51  0.04
    13     14   -0.78  0.05    0.18  0.07    0.24  0.07    0.68  0.03
    14     15   -1.07  0.11    0.06  0.10    0.14  0.11    0.82  0.04


Final results in kJ/mol:

point      0 -      1,   DG  2.93 +/-  0.14
point      1 -      2,   DG  4.33 +/-  0.30
point      2 -      3,   DG  0.61 +/-  0.10
point      3 -      4,   DG -1.62 +/-  0.09
point      4 -      5,   DG -2.80 +/-  0.05
point      5 -      6,   DG -3.42 +/-  0.06
point      6 -      7,   DG -3.94 +/-  0.06
point      7 -      8,   DG -4.36 +/-  0.04
point      8 -      9,   DG -4.62 +/-  0.04
point      9 -     10,   DG -4.84 +/-  0.04
point     10 -     11,   DG -0.19 +/-  0.05
point     11 -     12,   DG -0.62 +/-  0.06
point     12 -     13,   DG -1.15 +/-  0.11
point     13 -     14,   DG -1.92 +/-  0.11
point     14 -     15,   DG -2.66 +/-  0.26

total      0 -     15,   DG -24.28 +/-  0.76

