
md10.edr: 0.0 - 20001.0; lambda = (0, 0.9)
    foreign lambdas:
        delta H to (0, 0.8) (20001 pts)
        delta H to (0, 0.9) (20001 pts)
        delta H to (0, 1) (20001 pts)



md11.edr: 0.0 - 20001.0; lambda = (0, 1)
    foreign lambdas:
        delta H to (0, 0.9) (20001 pts)
        delta H to (0, 1) (20001 pts)
        delta H to (0.2, 1) (20001 pts)



md12.edr: 0.0 - 20001.0; lambda = (0.2, 1)
    foreign lambdas:
        delta H to (0, 1) (20001 pts)
        delta H to (0.2, 1) (20001 pts)
        delta H to (0.4, 1) (20001 pts)



md13.edr: 0.0 - 20001.0; lambda = (0.4, 1)
    foreign lambdas:
        delta H to (0.2, 1) (20001 pts)
        delta H to (0.4, 1) (20001 pts)
        delta H to (0.6, 1) (20001 pts)



md14.edr: 0.0 - 20001.0; lambda = (0.6, 1)
    foreign lambdas:
        delta H to (0.4, 1) (20001 pts)
        delta H to (0.6, 1) (20001 pts)
        delta H to (0.8, 1) (20001 pts)



md15.edr: 0.0 - 20001.0; lambda = (0.8, 1)
    foreign lambdas:
        delta H to (0.6, 1) (20001 pts)
        delta H to (0.8, 1) (20001 pts)
        delta H to (1, 1) (20001 pts)



md16.edr: 0.0 - 20001.0; lambda = (1, 1)
    foreign lambdas:
        delta H to (0.8, 1) (20001 pts)
        delta H to (1, 1) (20001 pts)



md1.edr: 0.0 - 20001.0; lambda = (0, 0)
    foreign lambdas:
        delta H to (0, 0) (20001 pts)
        delta H to (0, 0.1) (20001 pts)



md2.edr: 0.0 - 20001.0; lambda = (0, 0.1)
    foreign lambdas:
        delta H to (0, 0) (20001 pts)
        delta H to (0, 0.1) (20001 pts)
        delta H to (0, 0.2) (20001 pts)



md3.edr: 0.0 - 20001.0; lambda = (0, 0.2)
    foreign lambdas:
        delta H to (0, 0.1) (20001 pts)
        delta H to (0, 0.2) (20001 pts)
        delta H to (0, 0.3) (20001 pts)



md4.edr: 0.0 - 20001.0; lambda = (0, 0.3)
    foreign lambdas:
        delta H to (0, 0.2) (20001 pts)
        delta H to (0, 0.3) (20001 pts)
        delta H to (0, 0.4) (20001 pts)



md5.edr: 0.0 - 20001.0; lambda = (0, 0.4)
    foreign lambdas:
        delta H to (0, 0.3) (20001 pts)
        delta H to (0, 0.4) (20001 pts)
        delta H to (0, 0.5) (20001 pts)



md6.edr: 0.0 - 20001.0; lambda = (0, 0.5)
    foreign lambdas:
        delta H to (0, 0.4) (20001 pts)
        delta H to (0, 0.5) (20001 pts)
        delta H to (0, 0.6) (20001 pts)



md7.edr: 0.0 - 20001.0; lambda = (0, 0.6)
    foreign lambdas:
        delta H to (0, 0.5) (20001 pts)
        delta H to (0, 0.6) (20001 pts)
        delta H to (0, 0.7) (20001 pts)



md8.edr: 0.0 - 20001.0; lambda = (0, 0.7)
    foreign lambdas:
        delta H to (0, 0.6) (20001 pts)
        delta H to (0, 0.7) (20001 pts)
        delta H to (0, 0.8) (20001 pts)



md9.edr: 0.0 - 20001.0; lambda = (0, 0.8)
    foreign lambdas:
        delta H to (0, 0.7) (20001 pts)
        delta H to (0, 0.8) (20001 pts)
        delta H to (0, 0.9) (20001 pts)



   Samples in time interval: 0.000 - 20001.000
Removing samples outside of: 0.000 - 20000.000

Temperature: 298.15 K

Detailed results in kT (see help for explanation):

 lam_A  lam_B      DG   +/-     s_A   +/-     s_B   +/-   stdev   +/- 
     0      1    1.16  0.04    0.76  0.07    0.81  0.07    1.34  0.03
     1      2    1.53  0.03    2.59  0.07    1.94  0.06    2.44  0.05
     2      3    0.14  0.02    2.21  0.08    1.27  0.04    1.93  0.03
     3      4   -0.63  0.02    1.48  0.03    0.90  0.02    1.53  0.01
     4      5   -1.05  0.02    1.12  0.02    0.72  0.01    1.31  0.01
     5      6   -1.34  0.01    0.88  0.03    0.57  0.02    1.18  0.02
     6      7   -1.52  0.02    0.81  0.02    0.51  0.02    1.11  0.01
     7      8   -1.69  0.01    0.71  0.02    0.45  0.01    1.02  0.01
     8      9   -1.85  0.01    0.63  0.02    0.40  0.01    0.95  0.01
     9     10   -1.93  0.01    0.53  0.01    0.34  0.01    0.90  0.00
    10     11   -0.10  0.01    0.07  0.01    0.07  0.01    0.34  0.02
    11     12   -0.21  0.02    0.05  0.01    0.05  0.01    0.37  0.02
    12     13   -0.35  0.02    0.09  0.02    0.10  0.02    0.42  0.01
    13     14   -0.53  0.05    0.08  0.04    0.11  0.05    0.51  0.03
    14     15   -0.97  0.06    0.33  0.06    0.42  0.06    0.80  0.04


Final results in kJ/mol:

point      0 -      1,   DG  2.87 +/-  0.10
point      1 -      2,   DG  3.79 +/-  0.07
point      2 -      3,   DG  0.35 +/-  0.06
point      3 -      4,   DG -1.55 +/-  0.05
point      4 -      5,   DG -2.61 +/-  0.05
point      5 -      6,   DG -3.32 +/-  0.04
point      6 -      7,   DG -3.77 +/-  0.05
point      7 -      8,   DG -4.19 +/-  0.03
point      8 -      9,   DG -4.58 +/-  0.04
point      9 -     10,   DG -4.78 +/-  0.02
point     10 -     11,   DG -0.25 +/-  0.02
point     11 -     12,   DG -0.53 +/-  0.05
point     12 -     13,   DG -0.87 +/-  0.04
point     13 -     14,   DG -1.31 +/-  0.13
point     14 -     15,   DG -2.40 +/-  0.15

total      0 -     15,   DG -23.15 +/-  0.36

