
md10.edr: 0.0 - 20001.0; lambda = (0, 0.9)
    foreign lambdas:
        delta H to (0, 0.8) (20001 pts)
        delta H to (0, 0.9) (20001 pts)
        delta H to (0, 1) (20001 pts)



md11.edr: 0.0 - 20001.0; lambda = (0, 1)
    foreign lambdas:
        delta H to (0, 0.9) (20001 pts)
        delta H to (0, 1) (20001 pts)
        delta H to (0.2, 1) (20001 pts)



md12.edr: 0.0 - 20001.0; lambda = (0.2, 1)
    foreign lambdas:
        delta H to (0, 1) (20001 pts)
        delta H to (0.2, 1) (20001 pts)
        delta H to (0.4, 1) (20001 pts)



md13.edr: 0.0 - 20001.0; lambda = (0.4, 1)
    foreign lambdas:
        delta H to (0.2, 1) (20001 pts)
        delta H to (0.4, 1) (20001 pts)
        delta H to (0.6, 1) (20001 pts)



md14.edr: 0.0 - 20001.0; lambda = (0.6, 1)
    foreign lambdas:
        delta H to (0.4, 1) (20001 pts)
        delta H to (0.6, 1) (20001 pts)
        delta H to (0.8, 1) (20001 pts)



md15.edr: 0.0 - 20001.0; lambda = (0.8, 1)
    foreign lambdas:
        delta H to (0.6, 1) (20001 pts)
        delta H to (0.8, 1) (20001 pts)
        delta H to (1, 1) (20001 pts)



md16.edr: 0.0 - 20001.0; lambda = (1, 1)
    foreign lambdas:
        delta H to (0.8, 1) (20001 pts)
        delta H to (1, 1) (20001 pts)



md1.edr: 0.0 - 20001.0; lambda = (0, 0)
    foreign lambdas:
        delta H to (0, 0) (20001 pts)
        delta H to (0, 0.1) (20001 pts)



md2.edr: 0.0 - 20001.0; lambda = (0, 0.1)
    foreign lambdas:
        delta H to (0, 0) (20001 pts)
        delta H to (0, 0.1) (20001 pts)
        delta H to (0, 0.2) (20001 pts)



md3.edr: 0.0 - 20001.0; lambda = (0, 0.2)
    foreign lambdas:
        delta H to (0, 0.1) (20001 pts)
        delta H to (0, 0.2) (20001 pts)
        delta H to (0, 0.3) (20001 pts)



md4.edr: 0.0 - 20001.0; lambda = (0, 0.3)
    foreign lambdas:
        delta H to (0, 0.2) (20001 pts)
        delta H to (0, 0.3) (20001 pts)
        delta H to (0, 0.4) (20001 pts)



md5.edr: 0.0 - 20001.0; lambda = (0, 0.4)
    foreign lambdas:
        delta H to (0, 0.3) (20001 pts)
        delta H to (0, 0.4) (20001 pts)
        delta H to (0, 0.5) (20001 pts)



md6.edr: 0.0 - 20001.0; lambda = (0, 0.5)
    foreign lambdas:
        delta H to (0, 0.4) (20001 pts)
        delta H to (0, 0.5) (20001 pts)
        delta H to (0, 0.6) (20001 pts)



md7.edr: 0.0 - 20001.0; lambda = (0, 0.6)
    foreign lambdas:
        delta H to (0, 0.5) (20001 pts)
        delta H to (0, 0.6) (20001 pts)
        delta H to (0, 0.7) (20001 pts)



md8.edr: 0.0 - 20001.0; lambda = (0, 0.7)
    foreign lambdas:
        delta H to (0, 0.6) (20001 pts)
        delta H to (0, 0.7) (20001 pts)
        delta H to (0, 0.8) (20001 pts)



md9.edr: 0.0 - 20001.0; lambda = (0, 0.8)
    foreign lambdas:
        delta H to (0, 0.7) (20001 pts)
        delta H to (0, 0.8) (20001 pts)
        delta H to (0, 0.9) (20001 pts)



   Samples in time interval: 0.000 - 20001.000
Removing samples outside of: 0.000 - 1000.000

Temperature: 298.15 K

Detailed results in kT (see help for explanation):

 lam_A  lam_B      DG   +/-     s_A   +/-     s_B   +/-   stdev   +/- 
     0      1    1.24  0.20    0.25  0.13    0.27  0.15    1.15  0.08
     1      2    2.01  0.31    3.27  0.16    2.59  0.27    3.09  0.32
     2      3    0.07  0.05    1.93  0.27    1.21  0.16    1.82  0.11
     3      4   -0.64  0.11    1.57  0.21    0.94  0.17    1.60  0.08
     4      5   -0.99  0.06    1.11  0.08    0.70  0.03    1.31  0.04
     5      6   -1.30  0.04    0.95  0.06    0.63  0.04    1.21  0.03
     6      7   -1.46  0.02    0.92  0.04    0.56  0.03    1.17  0.02
     7      8   -1.66  0.06    0.77  0.07    0.50  0.05    1.04  0.03
     8      9   -1.82  0.06    0.58  0.07    0.37  0.05    0.96  0.03
     9     10   -1.89  0.02    0.55  0.04    0.36  0.03    0.90  0.01
    10     11   -0.11  0.04    0.14  0.04    0.14  0.04    0.35  0.04
    11     12   -0.31  0.05    0.06  0.07    0.06  0.07    0.41  0.01
    12     13   -0.63  0.10    0.26  0.07    0.28  0.07    0.56  0.06
    13     14   -0.77  0.13   -0.14  0.08   -0.12  0.08    0.53  0.06
    14     15   -0.81  0.18    0.16  0.15    0.25  0.17    0.69  0.12


Final results in kJ/mol:

point      0 -      1,   DG  3.07 +/-  0.50
point      1 -      2,   DG  4.97 +/-  0.77
point      2 -      3,   DG  0.18 +/-  0.11
point      3 -      4,   DG -1.58 +/-  0.28
point      4 -      5,   DG -2.44 +/-  0.14
point      5 -      6,   DG -3.22 +/-  0.11
point      6 -      7,   DG -3.61 +/-  0.05
point      7 -      8,   DG -4.11 +/-  0.16
point      8 -      9,   DG -4.50 +/-  0.15
point      9 -     10,   DG -4.68 +/-  0.05
point     10 -     11,   DG -0.26 +/-  0.10
point     11 -     12,   DG -0.77 +/-  0.11
point     12 -     13,   DG -1.57 +/-  0.24
point     13 -     14,   DG -1.90 +/-  0.33
point     14 -     15,   DG -2.01 +/-  0.45

total      0 -     15,   DG -22.45 +/-  1.32

