
md10.edr: 0.0 - 20001.0; lambda = (0, 0.9)
    foreign lambdas:
        delta H to (0, 0.8) (20001 pts)
        delta H to (0, 0.9) (20001 pts)
        delta H to (0, 1) (20001 pts)



md11.edr: 0.0 - 20001.0; lambda = (0, 1)
    foreign lambdas:
        delta H to (0, 0.9) (20001 pts)
        delta H to (0, 1) (20001 pts)
        delta H to (0.2, 1) (20001 pts)



md12.edr: 0.0 - 20001.0; lambda = (0.2, 1)
    foreign lambdas:
        delta H to (0, 1) (20001 pts)
        delta H to (0.2, 1) (20001 pts)
        delta H to (0.4, 1) (20001 pts)



md13.edr: 0.0 - 20001.0; lambda = (0.4, 1)
    foreign lambdas:
        delta H to (0.2, 1) (20001 pts)
        delta H to (0.4, 1) (20001 pts)
        delta H to (0.6, 1) (20001 pts)



md14.edr: 0.0 - 20001.0; lambda = (0.6, 1)
    foreign lambdas:
        delta H to (0.4, 1) (20001 pts)
        delta H to (0.6, 1) (20001 pts)
        delta H to (0.8, 1) (20001 pts)



md15.edr: 0.0 - 20001.0; lambda = (0.8, 1)
    foreign lambdas:
        delta H to (0.6, 1) (20001 pts)
        delta H to (0.8, 1) (20001 pts)
        delta H to (1, 1) (20001 pts)



md16.edr: 0.0 - 20001.0; lambda = (1, 1)
    foreign lambdas:
        delta H to (0.8, 1) (20001 pts)
        delta H to (1, 1) (20001 pts)



md1.edr: 0.0 - 20001.0; lambda = (0, 0)
    foreign lambdas:
        delta H to (0, 0) (20001 pts)
        delta H to (0, 0.1) (20001 pts)



md2.edr: 0.0 - 20001.0; lambda = (0, 0.1)
    foreign lambdas:
        delta H to (0, 0) (20001 pts)
        delta H to (0, 0.1) (20001 pts)
        delta H to (0, 0.2) (20001 pts)



md3.edr: 0.0 - 20001.0; lambda = (0, 0.2)
    foreign lambdas:
        delta H to (0, 0.1) (20001 pts)
        delta H to (0, 0.2) (20001 pts)
        delta H to (0, 0.3) (20001 pts)



md4.edr: 0.0 - 20001.0; lambda = (0, 0.3)
    foreign lambdas:
        delta H to (0, 0.2) (20001 pts)
        delta H to (0, 0.3) (20001 pts)
        delta H to (0, 0.4) (20001 pts)



md5.edr: 0.0 - 20001.0; lambda = (0, 0.4)
    foreign lambdas:
        delta H to (0, 0.3) (20001 pts)
        delta H to (0, 0.4) (20001 pts)
        delta H to (0, 0.5) (20001 pts)



md6.edr: 0.0 - 20001.0; lambda = (0, 0.5)
    foreign lambdas:
        delta H to (0, 0.4) (20001 pts)
        delta H to (0, 0.5) (20001 pts)
        delta H to (0, 0.6) (20001 pts)



md7.edr: 0.0 - 20001.0; lambda = (0, 0.6)
    foreign lambdas:
        delta H to (0, 0.5) (20001 pts)
        delta H to (0, 0.6) (20001 pts)
        delta H to (0, 0.7) (20001 pts)



md8.edr: 0.0 - 20001.0; lambda = (0, 0.7)
    foreign lambdas:
        delta H to (0, 0.6) (20001 pts)
        delta H to (0, 0.7) (20001 pts)
        delta H to (0, 0.8) (20001 pts)



md9.edr: 0.0 - 20001.0; lambda = (0, 0.8)
    foreign lambdas:
        delta H to (0, 0.7) (20001 pts)
        delta H to (0, 0.8) (20001 pts)
        delta H to (0, 0.9) (20001 pts)



   Samples in time interval: 0.000 - 20001.000
Removing samples outside of: 0.000 - 17000.000

Temperature: 298.15 K

Detailed results in kT (see help for explanation):

 lam_A  lam_B      DG   +/-     s_A   +/-     s_B   +/-   stdev   +/- 
     0      1    1.18  0.10    0.79  0.05    0.84  0.05    1.35  0.02
     1      2    1.53  0.06    2.58  0.12    1.94  0.09    2.44  0.07
     2      3    0.14  0.04    2.20  0.09    1.27  0.04    1.93  0.04
     3      4   -0.62  0.02    1.49  0.02    0.90  0.01    1.53  0.01
     4      5   -1.04  0.02    1.13  0.02    0.72  0.01    1.32  0.01
     5      6   -1.33  0.02    0.89  0.02    0.58  0.02    1.18  0.02
     6      7   -1.51  0.01    0.80  0.01    0.50  0.01    1.10  0.00
     7      8   -1.69  0.01    0.72  0.02    0.46  0.01    1.02  0.01
     8      9   -1.85  0.02    0.62  0.01    0.40  0.01    0.95  0.01
     9     10   -1.93  0.00    0.53  0.01    0.34  0.01    0.90  0.00
    10     11   -0.10  0.01    0.06  0.02    0.06  0.02    0.33  0.01
    11     12   -0.21  0.03    0.06  0.02    0.06  0.02    0.36  0.02
    12     13   -0.36  0.03    0.09  0.02    0.10  0.02    0.43  0.02
    13     14   -0.54  0.07    0.08  0.04    0.11  0.05    0.53  0.04
    14     15   -0.98  0.08    0.33  0.07    0.41  0.08    0.81  0.05


Final results in kJ/mol:

point      0 -      1,   DG  2.92 +/-  0.25
point      1 -      2,   DG  3.80 +/-  0.14
point      2 -      3,   DG  0.36 +/-  0.11
point      3 -      4,   DG -1.53 +/-  0.05
point      4 -      5,   DG -2.59 +/-  0.05
point      5 -      6,   DG -3.31 +/-  0.05
point      6 -      7,   DG -3.74 +/-  0.03
point      7 -      8,   DG -4.19 +/-  0.03
point      8 -      9,   DG -4.58 +/-  0.04
point      9 -     10,   DG -4.77 +/-  0.01
point     10 -     11,   DG -0.24 +/-  0.03
point     11 -     12,   DG -0.53 +/-  0.08
point     12 -     13,   DG -0.89 +/-  0.09
point     13 -     14,   DG -1.34 +/-  0.17
point     14 -     15,   DG -2.43 +/-  0.19

total      0 -     15,   DG -23.06 +/-  0.62

