
md10.edr: 0.0 - 20001.0; lambda = (0, 0.9)
    foreign lambdas:
        delta H to (0, 0.8) (20001 pts)
        delta H to (0, 0.9) (20001 pts)
        delta H to (0, 1) (20001 pts)



md11.edr: 0.0 - 20001.0; lambda = (0, 1)
    foreign lambdas:
        delta H to (0, 0.9) (20001 pts)
        delta H to (0, 1) (20001 pts)
        delta H to (0.2, 1) (20001 pts)



md12.edr: 0.0 - 20001.0; lambda = (0.2, 1)
    foreign lambdas:
        delta H to (0, 1) (20001 pts)
        delta H to (0.2, 1) (20001 pts)
        delta H to (0.4, 1) (20001 pts)



md13.edr: 0.0 - 20001.0; lambda = (0.4, 1)
    foreign lambdas:
        delta H to (0.2, 1) (20001 pts)
        delta H to (0.4, 1) (20001 pts)
        delta H to (0.6, 1) (20001 pts)



md14.edr: 0.0 - 20001.0; lambda = (0.6, 1)
    foreign lambdas:
        delta H to (0.4, 1) (20001 pts)
        delta H to (0.6, 1) (20001 pts)
        delta H to (0.8, 1) (20001 pts)



md15.edr: 0.0 - 20001.0; lambda = (0.8, 1)
    foreign lambdas:
        delta H to (0.6, 1) (20001 pts)
        delta H to (0.8, 1) (20001 pts)
        delta H to (1, 1) (20001 pts)



md16.edr: 0.0 - 20001.0; lambda = (1, 1)
    foreign lambdas:
        delta H to (0.8, 1) (20001 pts)
        delta H to (1, 1) (20001 pts)



md1.edr: 0.0 - 20001.0; lambda = (0, 0)
    foreign lambdas:
        delta H to (0, 0) (20001 pts)
        delta H to (0, 0.1) (20001 pts)



md2.edr: 0.0 - 20001.0; lambda = (0, 0.1)
    foreign lambdas:
        delta H to (0, 0) (20001 pts)
        delta H to (0, 0.1) (20001 pts)
        delta H to (0, 0.2) (20001 pts)



md3.edr: 0.0 - 20001.0; lambda = (0, 0.2)
    foreign lambdas:
        delta H to (0, 0.1) (20001 pts)
        delta H to (0, 0.2) (20001 pts)
        delta H to (0, 0.3) (20001 pts)



md4.edr: 0.0 - 20001.0; lambda = (0, 0.3)
    foreign lambdas:
        delta H to (0, 0.2) (20001 pts)
        delta H to (0, 0.3) (20001 pts)
        delta H to (0, 0.4) (20001 pts)



md5.edr: 0.0 - 20001.0; lambda = (0, 0.4)
    foreign lambdas:
        delta H to (0, 0.3) (20001 pts)
        delta H to (0, 0.4) (20001 pts)
        delta H to (0, 0.5) (20001 pts)



md6.edr: 0.0 - 20001.0; lambda = (0, 0.5)
    foreign lambdas:
        delta H to (0, 0.4) (20001 pts)
        delta H to (0, 0.5) (20001 pts)
        delta H to (0, 0.6) (20001 pts)



md7.edr: 0.0 - 20001.0; lambda = (0, 0.6)
    foreign lambdas:
        delta H to (0, 0.5) (20001 pts)
        delta H to (0, 0.6) (20001 pts)
        delta H to (0, 0.7) (20001 pts)



md8.edr: 0.0 - 20001.0; lambda = (0, 0.7)
    foreign lambdas:
        delta H to (0, 0.6) (20001 pts)
        delta H to (0, 0.7) (20001 pts)
        delta H to (0, 0.8) (20001 pts)



md9.edr: 0.0 - 20001.0; lambda = (0, 0.8)
    foreign lambdas:
        delta H to (0, 0.7) (20001 pts)
        delta H to (0, 0.8) (20001 pts)
        delta H to (0, 0.9) (20001 pts)



   Samples in time interval: 0.000 - 20001.000
Removing samples outside of: 0.000 - 5000.000

Temperature: 298.15 K

Detailed results in kT (see help for explanation):

 lam_A  lam_B      DG   +/-     s_A   +/-     s_B   +/-   stdev   +/- 
     0      1    1.04  0.06    0.68  0.12    0.72  0.12    1.30  0.05
     1      2    1.43  0.17    2.69  0.17    1.99  0.17    2.51  0.16
     2      3    0.09  0.02    1.95  0.03    1.17  0.03    1.83  0.01
     3      4   -0.56  0.04    1.54  0.03    0.95  0.02    1.57  0.01
     4      5   -1.01  0.03    1.17  0.03    0.75  0.02    1.34  0.02
     5      6   -1.35  0.04    0.86  0.04    0.57  0.03    1.15  0.03
     6      7   -1.52  0.04    0.80  0.03    0.52  0.02    1.11  0.02
     7      8   -1.69  0.03    0.73  0.05    0.46  0.04    1.04  0.02
     8      9   -1.82  0.02    0.61  0.02    0.39  0.01    0.96  0.01
     9     10   -1.91  0.02    0.53  0.01    0.35  0.01    0.88  0.01
    10     11   -0.06  0.01    0.06  0.03    0.06  0.03    0.32  0.02
    11     12   -0.17  0.04    0.06  0.02    0.06  0.02    0.35  0.03
    12     13   -0.36  0.07    0.13  0.04    0.15  0.04    0.44  0.04
    13     14   -0.65  0.08    0.14  0.13    0.19  0.14    0.60  0.06
    14     15   -1.07  0.12    0.23  0.10    0.30  0.10    0.83  0.03


Final results in kJ/mol:

point      0 -      1,   DG  2.57 +/-  0.16
point      1 -      2,   DG  3.55 +/-  0.42
point      2 -      3,   DG  0.23 +/-  0.04
point      3 -      4,   DG -1.39 +/-  0.09
point      4 -      5,   DG -2.51 +/-  0.07
point      5 -      6,   DG -3.34 +/-  0.09
point      6 -      7,   DG -3.77 +/-  0.11
point      7 -      8,   DG -4.18 +/-  0.08
point      8 -      9,   DG -4.51 +/-  0.05
point      9 -     10,   DG -4.73 +/-  0.06
point     10 -     11,   DG -0.15 +/-  0.03
point     11 -     12,   DG -0.42 +/-  0.11
point     12 -     13,   DG -0.90 +/-  0.18
point     13 -     14,   DG -1.62 +/-  0.20
point     14 -     15,   DG -2.66 +/-  0.31

total      0 -     15,   DG -23.82 +/-  0.63

