
md10.edr: 0.0 - 20001.0; lambda = (0, 0.9)
    foreign lambdas:
        delta H to (0, 0.8) (20001 pts)
        delta H to (0, 0.9) (20001 pts)
        delta H to (0, 1) (20001 pts)



md11.edr: 0.0 - 20001.0; lambda = (0, 1)
    foreign lambdas:
        delta H to (0, 0.9) (20001 pts)
        delta H to (0, 1) (20001 pts)
        delta H to (0.2, 1) (20001 pts)



md12.edr: 0.0 - 20001.0; lambda = (0.2, 1)
    foreign lambdas:
        delta H to (0, 1) (20001 pts)
        delta H to (0.2, 1) (20001 pts)
        delta H to (0.4, 1) (20001 pts)



md13.edr: 0.0 - 20001.0; lambda = (0.4, 1)
    foreign lambdas:
        delta H to (0.2, 1) (20001 pts)
        delta H to (0.4, 1) (20001 pts)
        delta H to (0.6, 1) (20001 pts)



md14.edr: 0.0 - 20001.0; lambda = (0.6, 1)
    foreign lambdas:
        delta H to (0.4, 1) (20001 pts)
        delta H to (0.6, 1) (20001 pts)
        delta H to (0.8, 1) (20001 pts)



md15.edr: 0.0 - 20001.0; lambda = (0.8, 1)
    foreign lambdas:
        delta H to (0.6, 1) (20001 pts)
        delta H to (0.8, 1) (20001 pts)
        delta H to (1, 1) (20001 pts)



md16.edr: 0.0 - 20001.0; lambda = (1, 1)
    foreign lambdas:
        delta H to (0.8, 1) (20001 pts)
        delta H to (1, 1) (20001 pts)



md1.edr: 0.0 - 20001.0; lambda = (0, 0)
    foreign lambdas:
        delta H to (0, 0) (20001 pts)
        delta H to (0, 0.1) (20001 pts)



md2.edr: 0.0 - 20001.0; lambda = (0, 0.1)
    foreign lambdas:
        delta H to (0, 0) (20001 pts)
        delta H to (0, 0.1) (20001 pts)
        delta H to (0, 0.2) (20001 pts)



md3.edr: 0.0 - 20001.0; lambda = (0, 0.2)
    foreign lambdas:
        delta H to (0, 0.1) (20001 pts)
        delta H to (0, 0.2) (20001 pts)
        delta H to (0, 0.3) (20001 pts)



md4.edr: 0.0 - 20001.0; lambda = (0, 0.3)
    foreign lambdas:
        delta H to (0, 0.2) (20001 pts)
        delta H to (0, 0.3) (20001 pts)
        delta H to (0, 0.4) (20001 pts)



md5.edr: 0.0 - 20001.0; lambda = (0, 0.4)
    foreign lambdas:
        delta H to (0, 0.3) (20001 pts)
        delta H to (0, 0.4) (20001 pts)
        delta H to (0, 0.5) (20001 pts)



md6.edr: 0.0 - 20001.0; lambda = (0, 0.5)
    foreign lambdas:
        delta H to (0, 0.4) (20001 pts)
        delta H to (0, 0.5) (20001 pts)
        delta H to (0, 0.6) (20001 pts)



md7.edr: 0.0 - 20001.0; lambda = (0, 0.6)
    foreign lambdas:
        delta H to (0, 0.5) (20001 pts)
        delta H to (0, 0.6) (20001 pts)
        delta H to (0, 0.7) (20001 pts)



md8.edr: 0.0 - 20001.0; lambda = (0, 0.7)
    foreign lambdas:
        delta H to (0, 0.6) (20001 pts)
        delta H to (0, 0.7) (20001 pts)
        delta H to (0, 0.8) (20001 pts)



md9.edr: 0.0 - 20001.0; lambda = (0, 0.8)
    foreign lambdas:
        delta H to (0, 0.7) (20001 pts)
        delta H to (0, 0.8) (20001 pts)
        delta H to (0, 0.9) (20001 pts)



   Samples in time interval: 0.000 - 20001.000
Removing samples outside of: 0.000 - 4000.000

Temperature: 298.15 K

Detailed results in kT (see help for explanation):

 lam_A  lam_B      DG   +/-     s_A   +/-     s_B   +/-   stdev   +/- 
     0      1    1.08  0.09    0.66  0.13    0.70  0.12    1.28  0.05
     1      2    1.51  0.15    2.74  0.22    2.06  0.19    2.57  0.17
     2      3    0.11  0.06    1.93  0.09    1.16  0.06    1.82  0.04
     3      4   -0.55  0.05    1.57  0.11    0.96  0.07    1.58  0.04
     4      5   -0.99  0.02    1.18  0.05    0.76  0.04    1.35  0.03
     5      6   -1.34  0.03    0.88  0.04    0.58  0.03    1.16  0.02
     6      7   -1.55  0.04    0.82  0.04    0.53  0.02    1.11  0.02
     7      8   -1.70  0.04    0.69  0.03    0.43  0.03    1.02  0.01
     8      9   -1.80  0.02    0.62  0.03    0.39  0.02    0.97  0.01
     9     10   -1.90  0.02    0.55  0.01    0.36  0.01    0.89  0.00
    10     11   -0.06  0.02    0.07  0.03    0.07  0.03    0.32  0.02
    11     12   -0.19  0.04    0.05  0.02    0.05  0.02    0.35  0.03
    12     13   -0.36  0.08    0.13  0.05    0.14  0.05    0.45  0.05
    13     14   -0.72  0.07    0.21  0.11    0.27  0.12    0.63  0.05
    14     15   -1.15  0.09    0.16  0.14    0.23  0.14    0.83  0.03


Final results in kJ/mol:

point      0 -      1,   DG  2.68 +/-  0.22
point      1 -      2,   DG  3.73 +/-  0.38
point      2 -      3,   DG  0.26 +/-  0.14
point      3 -      4,   DG -1.35 +/-  0.12
point      4 -      5,   DG -2.46 +/-  0.06
point      5 -      6,   DG -3.32 +/-  0.07
point      6 -      7,   DG -3.83 +/-  0.10
point      7 -      8,   DG -4.23 +/-  0.10
point      8 -      9,   DG -4.46 +/-  0.06
point      9 -     10,   DG -4.71 +/-  0.06
point     10 -     11,   DG -0.16 +/-  0.05
point     11 -     12,   DG -0.46 +/-  0.10
point     12 -     13,   DG -0.90 +/-  0.19
point     13 -     14,   DG -1.79 +/-  0.18
point     14 -     15,   DG -2.85 +/-  0.23

total      0 -     15,   DG -23.85 +/-  0.58

