
md10.edr: 0.0 - 20001.0; lambda = (0, 0.9)
    foreign lambdas:
        delta H to (0, 0.8) (20001 pts)
        delta H to (0, 0.9) (20001 pts)
        delta H to (0, 1) (20001 pts)



md11.edr: 0.0 - 20001.0; lambda = (0, 1)
    foreign lambdas:
        delta H to (0, 0.9) (20001 pts)
        delta H to (0, 1) (20001 pts)
        delta H to (0.2, 1) (20001 pts)



md12.edr: 0.0 - 20001.0; lambda = (0.2, 1)
    foreign lambdas:
        delta H to (0, 1) (20001 pts)
        delta H to (0.2, 1) (20001 pts)
        delta H to (0.4, 1) (20001 pts)



md13.edr: 0.0 - 20001.0; lambda = (0.4, 1)
    foreign lambdas:
        delta H to (0.2, 1) (20001 pts)
        delta H to (0.4, 1) (20001 pts)
        delta H to (0.6, 1) (20001 pts)



md14.edr: 0.0 - 20001.0; lambda = (0.6, 1)
    foreign lambdas:
        delta H to (0.4, 1) (20001 pts)
        delta H to (0.6, 1) (20001 pts)
        delta H to (0.8, 1) (20001 pts)



md15.edr: 0.0 - 20001.0; lambda = (0.8, 1)
    foreign lambdas:
        delta H to (0.6, 1) (20001 pts)
        delta H to (0.8, 1) (20001 pts)
        delta H to (1, 1) (20001 pts)



md16.edr: 0.0 - 20001.0; lambda = (1, 1)
    foreign lambdas:
        delta H to (0.8, 1) (20001 pts)
        delta H to (1, 1) (20001 pts)



md1.edr: 0.0 - 20001.0; lambda = (0, 0)
    foreign lambdas:
        delta H to (0, 0) (20001 pts)
        delta H to (0, 0.1) (20001 pts)



md2.edr: 0.0 - 20001.0; lambda = (0, 0.1)
    foreign lambdas:
        delta H to (0, 0) (20001 pts)
        delta H to (0, 0.1) (20001 pts)
        delta H to (0, 0.2) (20001 pts)



md3.edr: 0.0 - 20001.0; lambda = (0, 0.2)
    foreign lambdas:
        delta H to (0, 0.1) (20001 pts)
        delta H to (0, 0.2) (20001 pts)
        delta H to (0, 0.3) (20001 pts)



md4.edr: 0.0 - 20001.0; lambda = (0, 0.3)
    foreign lambdas:
        delta H to (0, 0.2) (20001 pts)
        delta H to (0, 0.3) (20001 pts)
        delta H to (0, 0.4) (20001 pts)



md5.edr: 0.0 - 20001.0; lambda = (0, 0.4)
    foreign lambdas:
        delta H to (0, 0.3) (20001 pts)
        delta H to (0, 0.4) (20001 pts)
        delta H to (0, 0.5) (20001 pts)



md6.edr: 0.0 - 20001.0; lambda = (0, 0.5)
    foreign lambdas:
        delta H to (0, 0.4) (20001 pts)
        delta H to (0, 0.5) (20001 pts)
        delta H to (0, 0.6) (20001 pts)



md7.edr: 0.0 - 20001.0; lambda = (0, 0.6)
    foreign lambdas:
        delta H to (0, 0.5) (20001 pts)
        delta H to (0, 0.6) (20001 pts)
        delta H to (0, 0.7) (20001 pts)



md8.edr: 0.0 - 20001.0; lambda = (0, 0.7)
    foreign lambdas:
        delta H to (0, 0.6) (20001 pts)
        delta H to (0, 0.7) (20001 pts)
        delta H to (0, 0.8) (20001 pts)



md9.edr: 0.0 - 20001.0; lambda = (0, 0.8)
    foreign lambdas:
        delta H to (0, 0.7) (20001 pts)
        delta H to (0, 0.8) (20001 pts)
        delta H to (0, 0.9) (20001 pts)



   Samples in time interval: 0.000 - 20001.000
Removing samples outside of: 0.000 - 11000.000

Temperature: 298.15 K

Detailed results in kT (see help for explanation):

 lam_A  lam_B      DG   +/-     s_A   +/-     s_B   +/-   stdev   +/- 
     0      1    1.13  0.14    0.73  0.09    0.78  0.11    1.35  0.05
     1      2    1.52  0.12    2.59  0.18    1.89  0.14    2.42  0.12
     2      3    0.18  0.05    2.23  0.11    1.29  0.05    1.94  0.05
     3      4   -0.60  0.01    1.49  0.03    0.92  0.01    1.54  0.02
     4      5   -1.03  0.02    1.14  0.03    0.72  0.02    1.32  0.01
     5      6   -1.32  0.04    0.87  0.04    0.56  0.03    1.16  0.03
     6      7   -1.49  0.03    0.81  0.04    0.51  0.02    1.11  0.02
     7      8   -1.68  0.02    0.74  0.02    0.47  0.02    1.03  0.01
     8      9   -1.85  0.02    0.62  0.02    0.40  0.02    0.95  0.01
     9     10   -1.93  0.01    0.53  0.01    0.34  0.01    0.89  0.01
    10     11   -0.09  0.01    0.05  0.02    0.05  0.02    0.32  0.01
    11     12   -0.17  0.02    0.04  0.01    0.04  0.01    0.33  0.02
    12     13   -0.32  0.04    0.11  0.01    0.13  0.01    0.41  0.02
    13     14   -0.54  0.08    0.09  0.04    0.13  0.05    0.53  0.04
    14     15   -0.98  0.08    0.32  0.08    0.40  0.08    0.81  0.03


Final results in kJ/mol:

point      0 -      1,   DG  2.79 +/-  0.35
point      1 -      2,   DG  3.77 +/-  0.29
point      2 -      3,   DG  0.45 +/-  0.12
point      3 -      4,   DG -1.48 +/-  0.03
point      4 -      5,   DG -2.56 +/-  0.05
point      5 -      6,   DG -3.28 +/-  0.09
point      6 -      7,   DG -3.70 +/-  0.07
point      7 -      8,   DG -4.17 +/-  0.04
point      8 -      9,   DG -4.58 +/-  0.06
point      9 -     10,   DG -4.79 +/-  0.04
point     10 -     11,   DG -0.22 +/-  0.03
point     11 -     12,   DG -0.43 +/-  0.06
point     12 -     13,   DG -0.80 +/-  0.09
point     13 -     14,   DG -1.33 +/-  0.19
point     14 -     15,   DG -2.44 +/-  0.21

total      0 -     15,   DG -22.77 +/-  0.89

