
md10.edr: 0.0 - 20001.0; lambda = (0, 0.9)
    foreign lambdas:
        delta H to (0, 0.8) (20001 pts)
        delta H to (0, 0.9) (20001 pts)
        delta H to (0, 1) (20001 pts)



md11.edr: 0.0 - 20001.0; lambda = (0, 1)
    foreign lambdas:
        delta H to (0, 0.9) (20001 pts)
        delta H to (0, 1) (20001 pts)
        delta H to (0.2, 1) (20001 pts)



md12.edr: 0.0 - 20001.0; lambda = (0.2, 1)
    foreign lambdas:
        delta H to (0, 1) (20001 pts)
        delta H to (0.2, 1) (20001 pts)
        delta H to (0.4, 1) (20001 pts)



md13.edr: 0.0 - 20001.0; lambda = (0.4, 1)
    foreign lambdas:
        delta H to (0.2, 1) (20001 pts)
        delta H to (0.4, 1) (20001 pts)
        delta H to (0.6, 1) (20001 pts)



md14.edr: 0.0 - 20001.0; lambda = (0.6, 1)
    foreign lambdas:
        delta H to (0.4, 1) (20001 pts)
        delta H to (0.6, 1) (20001 pts)
        delta H to (0.8, 1) (20001 pts)



md15.edr: 0.0 - 20001.0; lambda = (0.8, 1)
    foreign lambdas:
        delta H to (0.6, 1) (20001 pts)
        delta H to (0.8, 1) (20001 pts)
        delta H to (1, 1) (20001 pts)



md16.edr: 0.0 - 20001.0; lambda = (1, 1)
    foreign lambdas:
        delta H to (0.8, 1) (20001 pts)
        delta H to (1, 1) (20001 pts)



md1.edr: 0.0 - 20001.0; lambda = (0, 0)
    foreign lambdas:
        delta H to (0, 0) (20001 pts)
        delta H to (0, 0.1) (20001 pts)



md2.edr: 0.0 - 20001.0; lambda = (0, 0.1)
    foreign lambdas:
        delta H to (0, 0) (20001 pts)
        delta H to (0, 0.1) (20001 pts)
        delta H to (0, 0.2) (20001 pts)



md3.edr: 0.0 - 20001.0; lambda = (0, 0.2)
    foreign lambdas:
        delta H to (0, 0.1) (20001 pts)
        delta H to (0, 0.2) (20001 pts)
        delta H to (0, 0.3) (20001 pts)



md4.edr: 0.0 - 20001.0; lambda = (0, 0.3)
    foreign lambdas:
        delta H to (0, 0.2) (20001 pts)
        delta H to (0, 0.3) (20001 pts)
        delta H to (0, 0.4) (20001 pts)



md5.edr: 0.0 - 20001.0; lambda = (0, 0.4)
    foreign lambdas:
        delta H to (0, 0.3) (20001 pts)
        delta H to (0, 0.4) (20001 pts)
        delta H to (0, 0.5) (20001 pts)



md6.edr: 0.0 - 20001.0; lambda = (0, 0.5)
    foreign lambdas:
        delta H to (0, 0.4) (20001 pts)
        delta H to (0, 0.5) (20001 pts)
        delta H to (0, 0.6) (20001 pts)



md7.edr: 0.0 - 20001.0; lambda = (0, 0.6)
    foreign lambdas:
        delta H to (0, 0.5) (20001 pts)
        delta H to (0, 0.6) (20001 pts)
        delta H to (0, 0.7) (20001 pts)



md8.edr: 0.0 - 20001.0; lambda = (0, 0.7)
    foreign lambdas:
        delta H to (0, 0.6) (20001 pts)
        delta H to (0, 0.7) (20001 pts)
        delta H to (0, 0.8) (20001 pts)



md9.edr: 0.0 - 20001.0; lambda = (0, 0.8)
    foreign lambdas:
        delta H to (0, 0.7) (20001 pts)
        delta H to (0, 0.8) (20001 pts)
        delta H to (0, 0.9) (20001 pts)



   Samples in time interval: 0.000 - 20001.000
Removing samples outside of: 0.000 - 6000.000

Temperature: 298.15 K

Detailed results in kT (see help for explanation):

 lam_A  lam_B      DG   +/-     s_A   +/-     s_B   +/-   stdev   +/- 
     0      1    1.04  0.08    0.68  0.11    0.72  0.12    1.30  0.05
     1      2    1.47  0.14    2.62  0.18    1.94  0.18    2.46  0.16
     2      3    0.12  0.04    2.08  0.14    1.22  0.06    1.88  0.06
     3      4   -0.58  0.03    1.50  0.10    0.93  0.06    1.55  0.04
     4      5   -1.02  0.02    1.17  0.05    0.75  0.04    1.34  0.03
     5      6   -1.36  0.02    0.86  0.04    0.56  0.03    1.15  0.02
     6      7   -1.53  0.02    0.80  0.03    0.51  0.02    1.11  0.01
     7      8   -1.68  0.03    0.72  0.04    0.45  0.03    1.04  0.02
     8      9   -1.81  0.01    0.63  0.02    0.40  0.01    0.96  0.00
     9     10   -1.92  0.02    0.54  0.02    0.35  0.01    0.89  0.01
    10     11   -0.07  0.02    0.05  0.03    0.05  0.03    0.31  0.02
    11     12   -0.18  0.03    0.05  0.01    0.05  0.01    0.34  0.02
    12     13   -0.35  0.06    0.12  0.04    0.13  0.04    0.43  0.04
    13     14   -0.64  0.08    0.16  0.11    0.21  0.12    0.60  0.06
    14     15   -1.06  0.12    0.21  0.10    0.29  0.10    0.82  0.03


Final results in kJ/mol:

point      0 -      1,   DG  2.57 +/-  0.19
point      1 -      2,   DG  3.64 +/-  0.35
point      2 -      3,   DG  0.30 +/-  0.10
point      3 -      4,   DG -1.44 +/-  0.09
point      4 -      5,   DG -2.52 +/-  0.06
point      5 -      6,   DG -3.36 +/-  0.06
point      6 -      7,   DG -3.79 +/-  0.06
point      7 -      8,   DG -4.16 +/-  0.07
point      8 -      9,   DG -4.49 +/-  0.02
point      9 -     10,   DG -4.76 +/-  0.04
point     10 -     11,   DG -0.18 +/-  0.04
point     11 -     12,   DG -0.45 +/-  0.08
point     12 -     13,   DG -0.87 +/-  0.14
point     13 -     14,   DG -1.59 +/-  0.21
point     14 -     15,   DG -2.64 +/-  0.29

total      0 -     15,   DG -23.74 +/-  0.47

