
md10.edr: 0.0 - 20001.0; lambda = (0, 0.9)
    foreign lambdas:
        delta H to (0, 0.8) (20001 pts)
        delta H to (0, 0.9) (20001 pts)
        delta H to (0, 1) (20001 pts)



md11.edr: 0.0 - 20001.0; lambda = (0, 1)
    foreign lambdas:
        delta H to (0, 0.9) (20001 pts)
        delta H to (0, 1) (20001 pts)
        delta H to (0.2, 1) (20001 pts)



md12.edr: 0.0 - 20001.0; lambda = (0.2, 1)
    foreign lambdas:
        delta H to (0, 1) (20001 pts)
        delta H to (0.2, 1) (20001 pts)
        delta H to (0.4, 1) (20001 pts)



md13.edr: 0.0 - 20001.0; lambda = (0.4, 1)
    foreign lambdas:
        delta H to (0.2, 1) (20001 pts)
        delta H to (0.4, 1) (20001 pts)
        delta H to (0.6, 1) (20001 pts)



md14.edr: 0.0 - 20001.0; lambda = (0.6, 1)
    foreign lambdas:
        delta H to (0.4, 1) (20001 pts)
        delta H to (0.6, 1) (20001 pts)
        delta H to (0.8, 1) (20001 pts)



md15.edr: 0.0 - 20001.0; lambda = (0.8, 1)
    foreign lambdas:
        delta H to (0.6, 1) (20001 pts)
        delta H to (0.8, 1) (20001 pts)
        delta H to (1, 1) (20001 pts)



md16.edr: 0.0 - 20001.0; lambda = (1, 1)
    foreign lambdas:
        delta H to (0.8, 1) (20001 pts)
        delta H to (1, 1) (20001 pts)



md1.edr: 0.0 - 20001.0; lambda = (0, 0)
    foreign lambdas:
        delta H to (0, 0) (20001 pts)
        delta H to (0, 0.1) (20001 pts)



md2.edr: 0.0 - 20001.0; lambda = (0, 0.1)
    foreign lambdas:
        delta H to (0, 0) (20001 pts)
        delta H to (0, 0.1) (20001 pts)
        delta H to (0, 0.2) (20001 pts)



md3.edr: 0.0 - 20001.0; lambda = (0, 0.2)
    foreign lambdas:
        delta H to (0, 0.1) (20001 pts)
        delta H to (0, 0.2) (20001 pts)
        delta H to (0, 0.3) (20001 pts)



md4.edr: 0.0 - 20001.0; lambda = (0, 0.3)
    foreign lambdas:
        delta H to (0, 0.2) (20001 pts)
        delta H to (0, 0.3) (20001 pts)
        delta H to (0, 0.4) (20001 pts)



md5.edr: 0.0 - 20001.0; lambda = (0, 0.4)
    foreign lambdas:
        delta H to (0, 0.3) (20001 pts)
        delta H to (0, 0.4) (20001 pts)
        delta H to (0, 0.5) (20001 pts)



md6.edr: 0.0 - 20001.0; lambda = (0, 0.5)
    foreign lambdas:
        delta H to (0, 0.4) (20001 pts)
        delta H to (0, 0.5) (20001 pts)
        delta H to (0, 0.6) (20001 pts)



md7.edr: 0.0 - 20001.0; lambda = (0, 0.6)
    foreign lambdas:
        delta H to (0, 0.5) (20001 pts)
        delta H to (0, 0.6) (20001 pts)
        delta H to (0, 0.7) (20001 pts)



md8.edr: 0.0 - 20001.0; lambda = (0, 0.7)
    foreign lambdas:
        delta H to (0, 0.6) (20001 pts)
        delta H to (0, 0.7) (20001 pts)
        delta H to (0, 0.8) (20001 pts)



md9.edr: 0.0 - 20001.0; lambda = (0, 0.8)
    foreign lambdas:
        delta H to (0, 0.7) (20001 pts)
        delta H to (0, 0.8) (20001 pts)
        delta H to (0, 0.9) (20001 pts)



Temperature: 298.15 K

Detailed results in kT (see help for explanation):

 lam_A  lam_B      DG   +/-     s_A   +/-     s_B   +/-   stdev   +/- 
     0      1    1.07  0.00    0.14  0.00    0.15  0.00    0.55  0.00
     1      2    3.16  0.01    0.63  0.01    0.76  0.01    1.20  0.00
     2      3    3.42  0.02    2.68  0.03    2.23  0.02    2.67  0.02
     3      4    1.31  0.02    2.56  0.03    1.39  0.02    2.04  0.01
     4      5    0.17  0.01    1.38  0.01    0.82  0.01    1.46  0.01
     5      6   -0.40  0.01    0.91  0.01    0.56  0.01    1.17  0.00
     6      7   -0.72  0.01    0.65  0.01    0.42  0.01    0.99  0.00
     7      8   -0.91  0.01    0.52  0.01    0.34  0.00    0.89  0.01
     8      9   -1.05  0.01    0.42  0.01    0.29  0.01    0.81  0.00
     9     10   -1.15  0.00    0.36  0.00    0.25  0.00    0.75  0.00
    10     11   -0.28  0.00    0.30  0.00    0.32  0.00    0.78  0.00
    11     12   -0.98  0.00    0.38  0.01    0.43  0.01    0.91  0.00
    12     13   -1.95  0.01    0.54  0.00    0.59  0.00    1.09  0.00
    13     14   -3.25  0.01    0.71  0.01    0.74  0.01    1.23  0.01
    14     15   -4.81  0.01    0.82  0.01    0.85  0.01    1.33  0.00


Final results in kJ/mol:

point      0 -      1,   DG  2.65 +/-  0.01
point      1 -      2,   DG  7.83 +/-  0.02
point      2 -      3,   DG  8.49 +/-  0.05
point      3 -      4,   DG  3.24 +/-  0.04
point      4 -      5,   DG  0.41 +/-  0.01
point      5 -      6,   DG -0.99 +/-  0.02
point      6 -      7,   DG -1.77 +/-  0.01
point      7 -      8,   DG -2.26 +/-  0.02
point      8 -      9,   DG -2.60 +/-  0.01
point      9 -     10,   DG -2.84 +/-  0.01
point     10 -     11,   DG -0.69 +/-  0.00
point     11 -     12,   DG -2.42 +/-  0.01
point     12 -     13,   DG -4.83 +/-  0.03
point     13 -     14,   DG -8.05 +/-  0.02
point     14 -     15,   DG -11.91 +/-  0.02

total      0 -     15,   DG -15.76 +/-  0.08

