
md10.edr: 0.0 - 20001.0; lambda = (0, 0.9)
    foreign lambdas:
        delta H to (0, 0.8) (20001 pts)
        delta H to (0, 0.9) (20001 pts)
        delta H to (0, 1) (20001 pts)



md11.edr: 0.0 - 20001.0; lambda = (0, 1)
    foreign lambdas:
        delta H to (0, 0.9) (20001 pts)
        delta H to (0, 1) (20001 pts)
        delta H to (0.2, 1) (20001 pts)



md12.edr: 0.0 - 20001.0; lambda = (0.2, 1)
    foreign lambdas:
        delta H to (0, 1) (20001 pts)
        delta H to (0.2, 1) (20001 pts)
        delta H to (0.4, 1) (20001 pts)



md13.edr: 0.0 - 20001.0; lambda = (0.4, 1)
    foreign lambdas:
        delta H to (0.2, 1) (20001 pts)
        delta H to (0.4, 1) (20001 pts)
        delta H to (0.6, 1) (20001 pts)



md14.edr: 0.0 - 20001.0; lambda = (0.6, 1)
    foreign lambdas:
        delta H to (0.4, 1) (20001 pts)
        delta H to (0.6, 1) (20001 pts)
        delta H to (0.8, 1) (20001 pts)



md15.edr: 0.0 - 20001.0; lambda = (0.8, 1)
    foreign lambdas:
        delta H to (0.6, 1) (20001 pts)
        delta H to (0.8, 1) (20001 pts)
        delta H to (1, 1) (20001 pts)



md16.edr: 0.0 - 20001.0; lambda = (1, 1)
    foreign lambdas:
        delta H to (0.8, 1) (20001 pts)
        delta H to (1, 1) (20001 pts)



md1.edr: 0.0 - 20001.0; lambda = (0, 0)
    foreign lambdas:
        delta H to (0, 0) (20001 pts)
        delta H to (0, 0.1) (20001 pts)



md2.edr: 0.0 - 20001.0; lambda = (0, 0.1)
    foreign lambdas:
        delta H to (0, 0) (20001 pts)
        delta H to (0, 0.1) (20001 pts)
        delta H to (0, 0.2) (20001 pts)



md3.edr: 0.0 - 20001.0; lambda = (0, 0.2)
    foreign lambdas:
        delta H to (0, 0.1) (20001 pts)
        delta H to (0, 0.2) (20001 pts)
        delta H to (0, 0.3) (20001 pts)



md4.edr: 0.0 - 20001.0; lambda = (0, 0.3)
    foreign lambdas:
        delta H to (0, 0.2) (20001 pts)
        delta H to (0, 0.3) (20001 pts)
        delta H to (0, 0.4) (20001 pts)



md5.edr: 0.0 - 20001.0; lambda = (0, 0.4)
    foreign lambdas:
        delta H to (0, 0.3) (20001 pts)
        delta H to (0, 0.4) (20001 pts)
        delta H to (0, 0.5) (20001 pts)



md6.edr: 0.0 - 20001.0; lambda = (0, 0.5)
    foreign lambdas:
        delta H to (0, 0.4) (20001 pts)
        delta H to (0, 0.5) (20001 pts)
        delta H to (0, 0.6) (20001 pts)



md7.edr: 0.0 - 20001.0; lambda = (0, 0.6)
    foreign lambdas:
        delta H to (0, 0.5) (20001 pts)
        delta H to (0, 0.6) (20001 pts)
        delta H to (0, 0.7) (20001 pts)



md8.edr: 0.0 - 20001.0; lambda = (0, 0.7)
    foreign lambdas:
        delta H to (0, 0.6) (20001 pts)
        delta H to (0, 0.7) (20001 pts)
        delta H to (0, 0.8) (20001 pts)



md9.edr: 0.0 - 20001.0; lambda = (0, 0.8)
    foreign lambdas:
        delta H to (0, 0.7) (20001 pts)
        delta H to (0, 0.8) (20001 pts)
        delta H to (0, 0.9) (20001 pts)



   Samples in time interval: 0.000 - 20001.000
Removing samples outside of: 0.000 - 1000.000

Temperature: 298.15 K

Detailed results in kT (see help for explanation):

 lam_A  lam_B      DG   +/-     s_A   +/-     s_B   +/-   stdev   +/- 
     0      1    1.09  0.02    0.12  0.01    0.13  0.01    0.53  0.01
     1      2    3.24  0.05    0.64  0.04    0.80  0.06    1.21  0.03
     2      3    3.34  0.11    2.83  0.07    2.24  0.11    2.70  0.08
     3      4    1.20  0.05    2.50  0.07    1.38  0.03    2.01  0.03
     4      5    0.12  0.02    1.28  0.08    0.78  0.05    1.42  0.04
     5      6   -0.42  0.04    0.93  0.03    0.58  0.02    1.17  0.02
     6      7   -0.74  0.02    0.60  0.03    0.40  0.03    0.97  0.01
     7      8   -0.90  0.01    0.49  0.01    0.33  0.00    0.88  0.00
     8      9   -1.02  0.02    0.45  0.01    0.31  0.02    0.83  0.01
     9     10   -1.15  0.02    0.37  0.03    0.26  0.02    0.74  0.02
    10     11   -0.30  0.02    0.29  0.01    0.31  0.01    0.76  0.01
    11     12   -0.98  0.01    0.38  0.03    0.43  0.03    0.90  0.01
    12     13   -1.94  0.01    0.53  0.03    0.57  0.03    1.08  0.01
    13     14   -3.27  0.02    0.75  0.02    0.79  0.02    1.24  0.02
    14     15   -4.81  0.01    0.75  0.03    0.78  0.03    1.30  0.02


Final results in kJ/mol:

point      0 -      1,   DG  2.71 +/-  0.04
point      1 -      2,   DG  8.04 +/-  0.13
point      2 -      3,   DG  8.28 +/-  0.26
point      3 -      4,   DG  2.98 +/-  0.13
point      4 -      5,   DG  0.31 +/-  0.06
point      5 -      6,   DG -1.05 +/-  0.10
point      6 -      7,   DG -1.83 +/-  0.06
point      7 -      8,   DG -2.23 +/-  0.02
point      8 -      9,   DG -2.54 +/-  0.04
point      9 -     10,   DG -2.85 +/-  0.05
point     10 -     11,   DG -0.73 +/-  0.04
point     11 -     12,   DG -2.43 +/-  0.02
point     12 -     13,   DG -4.81 +/-  0.02
point     13 -     14,   DG -8.10 +/-  0.04
point     14 -     15,   DG -11.92 +/-  0.04

total      0 -     15,   DG -16.18 +/-  0.55

