
md10.edr: 0.0 - 20001.0; lambda = (0, 0.9)
    foreign lambdas:
        delta H to (0, 0.8) (20001 pts)
        delta H to (0, 0.9) (20001 pts)
        delta H to (0, 1) (20001 pts)



md11.edr: 0.0 - 20001.0; lambda = (0, 1)
    foreign lambdas:
        delta H to (0, 0.9) (20001 pts)
        delta H to (0, 1) (20001 pts)
        delta H to (0.2, 1) (20001 pts)



md12.edr: 0.0 - 20001.0; lambda = (0.2, 1)
    foreign lambdas:
        delta H to (0, 1) (20001 pts)
        delta H to (0.2, 1) (20001 pts)
        delta H to (0.4, 1) (20001 pts)



md13.edr: 0.0 - 20001.0; lambda = (0.4, 1)
    foreign lambdas:
        delta H to (0.2, 1) (20001 pts)
        delta H to (0.4, 1) (20001 pts)
        delta H to (0.6, 1) (20001 pts)



md14.edr: 0.0 - 20001.0; lambda = (0.6, 1)
    foreign lambdas:
        delta H to (0.4, 1) (20001 pts)
        delta H to (0.6, 1) (20001 pts)
        delta H to (0.8, 1) (20001 pts)



md15.edr: 0.0 - 20001.0; lambda = (0.8, 1)
    foreign lambdas:
        delta H to (0.6, 1) (20001 pts)
        delta H to (0.8, 1) (20001 pts)
        delta H to (1, 1) (20001 pts)



md16.edr: 0.0 - 20001.0; lambda = (1, 1)
    foreign lambdas:
        delta H to (0.8, 1) (20001 pts)
        delta H to (1, 1) (20001 pts)



md1.edr: 0.0 - 20001.0; lambda = (0, 0)
    foreign lambdas:
        delta H to (0, 0) (20001 pts)
        delta H to (0, 0.1) (20001 pts)



md2.edr: 0.0 - 20001.0; lambda = (0, 0.1)
    foreign lambdas:
        delta H to (0, 0) (20001 pts)
        delta H to (0, 0.1) (20001 pts)
        delta H to (0, 0.2) (20001 pts)



md3.edr: 0.0 - 20001.0; lambda = (0, 0.2)
    foreign lambdas:
        delta H to (0, 0.1) (20001 pts)
        delta H to (0, 0.2) (20001 pts)
        delta H to (0, 0.3) (20001 pts)



md4.edr: 0.0 - 20001.0; lambda = (0, 0.3)
    foreign lambdas:
        delta H to (0, 0.2) (20001 pts)
        delta H to (0, 0.3) (20001 pts)
        delta H to (0, 0.4) (20001 pts)



md5.edr: 0.0 - 20001.0; lambda = (0, 0.4)
    foreign lambdas:
        delta H to (0, 0.3) (20001 pts)
        delta H to (0, 0.4) (20001 pts)
        delta H to (0, 0.5) (20001 pts)



md6.edr: 0.0 - 20001.0; lambda = (0, 0.5)
    foreign lambdas:
        delta H to (0, 0.4) (20001 pts)
        delta H to (0, 0.5) (20001 pts)
        delta H to (0, 0.6) (20001 pts)



md7.edr: 0.0 - 20001.0; lambda = (0, 0.6)
    foreign lambdas:
        delta H to (0, 0.5) (20001 pts)
        delta H to (0, 0.6) (20001 pts)
        delta H to (0, 0.7) (20001 pts)



md8.edr: 0.0 - 20001.0; lambda = (0, 0.7)
    foreign lambdas:
        delta H to (0, 0.6) (20001 pts)
        delta H to (0, 0.7) (20001 pts)
        delta H to (0, 0.8) (20001 pts)



md9.edr: 0.0 - 20001.0; lambda = (0, 0.8)
    foreign lambdas:
        delta H to (0, 0.7) (20001 pts)
        delta H to (0, 0.8) (20001 pts)
        delta H to (0, 0.9) (20001 pts)



   Samples in time interval: 0.000 - 20001.000
Removing samples outside of: 0.000 - 2000.000

Temperature: 298.15 K

Detailed results in kT (see help for explanation):

 lam_A  lam_B      DG   +/-     s_A   +/-     s_B   +/-   stdev   +/- 
     0      1    1.08  0.02    0.14  0.01    0.15  0.01    0.54  0.01
     1      2    3.18  0.05    0.63  0.01    0.77  0.03    1.21  0.02
     2      3    3.31  0.07    2.82  0.04    2.24  0.06    2.71  0.05
     3      4    1.22  0.05    2.43  0.03    1.34  0.03    1.99  0.03
     4      5    0.16  0.03    1.33  0.04    0.80  0.02    1.43  0.02
     5      6   -0.40  0.03    0.92  0.03    0.58  0.02    1.18  0.01
     6      7   -0.72  0.02    0.62  0.02    0.40  0.02    0.99  0.01
     7      8   -0.89  0.01    0.52  0.01    0.35  0.01    0.90  0.01
     8      9   -1.04  0.01    0.45  0.01    0.30  0.02    0.83  0.00
     9     10   -1.15  0.01    0.36  0.02    0.25  0.02    0.75  0.00
    10     11   -0.28  0.01    0.31  0.01    0.32  0.01    0.77  0.00
    11     12   -0.97  0.01    0.38  0.02    0.43  0.02    0.90  0.01
    12     13   -1.92  0.01    0.53  0.01    0.57  0.01    1.07  0.01
    13     14   -3.25  0.00    0.75  0.01    0.80  0.01    1.25  0.01
    14     15   -4.82  0.02    0.78  0.02    0.80  0.02    1.31  0.01


Final results in kJ/mol:

point      0 -      1,   DG  2.67 +/-  0.04
point      1 -      2,   DG  7.89 +/-  0.11
point      2 -      3,   DG  8.21 +/-  0.17
point      3 -      4,   DG  3.02 +/-  0.12
point      4 -      5,   DG  0.40 +/-  0.06
point      5 -      6,   DG -0.98 +/-  0.08
point      6 -      7,   DG -1.78 +/-  0.04
point      7 -      8,   DG -2.20 +/-  0.03
point      8 -      9,   DG -2.57 +/-  0.03
point      9 -     10,   DG -2.85 +/-  0.03
point     10 -     11,   DG -0.68 +/-  0.02
point     11 -     12,   DG -2.41 +/-  0.02
point     12 -     13,   DG -4.77 +/-  0.04
point     13 -     14,   DG -8.05 +/-  0.01
point     14 -     15,   DG -11.96 +/-  0.04

total      0 -     15,   DG -16.08 +/-  0.32

