
md10.edr: 0.0 - 20001.0; lambda = (0, 0.9)
    foreign lambdas:
        delta H to (0, 0.8) (20001 pts)
        delta H to (0, 0.9) (20001 pts)
        delta H to (0, 1) (20001 pts)



md11.edr: 0.0 - 20001.0; lambda = (0, 1)
    foreign lambdas:
        delta H to (0, 0.9) (20001 pts)
        delta H to (0, 1) (20001 pts)
        delta H to (0.2, 1) (20001 pts)



md12.edr: 0.0 - 20001.0; lambda = (0.2, 1)
    foreign lambdas:
        delta H to (0, 1) (20001 pts)
        delta H to (0.2, 1) (20001 pts)
        delta H to (0.4, 1) (20001 pts)



md13.edr: 0.0 - 20001.0; lambda = (0.4, 1)
    foreign lambdas:
        delta H to (0.2, 1) (20001 pts)
        delta H to (0.4, 1) (20001 pts)
        delta H to (0.6, 1) (20001 pts)



md14.edr: 0.0 - 20001.0; lambda = (0.6, 1)
    foreign lambdas:
        delta H to (0.4, 1) (20001 pts)
        delta H to (0.6, 1) (20001 pts)
        delta H to (0.8, 1) (20001 pts)



md15.edr: 0.0 - 20001.0; lambda = (0.8, 1)
    foreign lambdas:
        delta H to (0.6, 1) (20001 pts)
        delta H to (0.8, 1) (20001 pts)
        delta H to (1, 1) (20001 pts)



md16.edr: 0.0 - 20001.0; lambda = (1, 1)
    foreign lambdas:
        delta H to (0.8, 1) (20001 pts)
        delta H to (1, 1) (20001 pts)



md1.edr: 0.0 - 20001.0; lambda = (0, 0)
    foreign lambdas:
        delta H to (0, 0) (20001 pts)
        delta H to (0, 0.1) (20001 pts)



md2.edr: 0.0 - 20001.0; lambda = (0, 0.1)
    foreign lambdas:
        delta H to (0, 0) (20001 pts)
        delta H to (0, 0.1) (20001 pts)
        delta H to (0, 0.2) (20001 pts)



md3.edr: 0.0 - 20001.0; lambda = (0, 0.2)
    foreign lambdas:
        delta H to (0, 0.1) (20001 pts)
        delta H to (0, 0.2) (20001 pts)
        delta H to (0, 0.3) (20001 pts)



md4.edr: 0.0 - 20001.0; lambda = (0, 0.3)
    foreign lambdas:
        delta H to (0, 0.2) (20001 pts)
        delta H to (0, 0.3) (20001 pts)
        delta H to (0, 0.4) (20001 pts)



md5.edr: 0.0 - 20001.0; lambda = (0, 0.4)
    foreign lambdas:
        delta H to (0, 0.3) (20001 pts)
        delta H to (0, 0.4) (20001 pts)
        delta H to (0, 0.5) (20001 pts)



md6.edr: 0.0 - 20001.0; lambda = (0, 0.5)
    foreign lambdas:
        delta H to (0, 0.4) (20001 pts)
        delta H to (0, 0.5) (20001 pts)
        delta H to (0, 0.6) (20001 pts)



md7.edr: 0.0 - 20001.0; lambda = (0, 0.6)
    foreign lambdas:
        delta H to (0, 0.5) (20001 pts)
        delta H to (0, 0.6) (20001 pts)
        delta H to (0, 0.7) (20001 pts)



md8.edr: 0.0 - 20001.0; lambda = (0, 0.7)
    foreign lambdas:
        delta H to (0, 0.6) (20001 pts)
        delta H to (0, 0.7) (20001 pts)
        delta H to (0, 0.8) (20001 pts)



md9.edr: 0.0 - 20001.0; lambda = (0, 0.8)
    foreign lambdas:
        delta H to (0, 0.7) (20001 pts)
        delta H to (0, 0.8) (20001 pts)
        delta H to (0, 0.9) (20001 pts)



   Samples in time interval: 0.000 - 20001.000
Removing samples outside of: 0.000 - 6000.000

Temperature: 298.15 K

Detailed results in kT (see help for explanation):

 lam_A  lam_B      DG   +/-     s_A   +/-     s_B   +/-   stdev   +/- 
     0      1    1.17  0.13    0.74  0.09    0.74  0.09    1.32  0.04
     1      2    1.76  0.17    2.60  0.20    2.04  0.18    2.50  0.16
     2      3    0.15  0.03    2.46  0.09    1.42  0.06    2.03  0.04
     3      4   -0.75  0.02    1.38  0.06    0.83  0.05    1.46  0.02
     4      5   -1.13  0.06    1.04  0.05    0.67  0.03    1.27  0.03
     5      6   -1.35  0.03    0.93  0.04    0.60  0.02    1.21  0.02
     6      7   -1.55  0.03    0.79  0.02    0.49  0.01    1.10  0.01
     7      8   -1.69  0.01    0.71  0.03    0.44  0.02    1.03  0.02
     8      9   -1.86  0.03    0.63  0.03    0.41  0.02    0.95  0.01
     9     10   -1.98  0.02    0.56  0.01    0.37  0.01    0.90  0.01
    10     11   -0.15  0.02   -0.00  0.02   -0.00  0.02    0.33  0.02
    11     12   -0.25  0.04    0.10  0.01    0.10  0.01    0.36  0.03
    12     13   -0.40  0.06    0.05  0.04    0.06  0.05    0.42  0.03
    13     14   -0.72  0.07    0.26  0.10    0.31  0.11    0.66  0.04
    14     15   -1.43  0.11    0.39  0.15    0.47  0.15    0.94  0.06


Final results in kJ/mol:

point      0 -      1,   DG  2.89 +/-  0.32
point      1 -      2,   DG  4.36 +/-  0.42
point      2 -      3,   DG  0.36 +/-  0.08
point      3 -      4,   DG -1.86 +/-  0.05
point      4 -      5,   DG -2.80 +/-  0.16
point      5 -      6,   DG -3.34 +/-  0.07
point      6 -      7,   DG -3.85 +/-  0.07
point      7 -      8,   DG -4.20 +/-  0.03
point      8 -      9,   DG -4.62 +/-  0.06
point      9 -     10,   DG -4.91 +/-  0.05
point     10 -     11,   DG -0.36 +/-  0.05
point     11 -     12,   DG -0.61 +/-  0.09
point     12 -     13,   DG -0.99 +/-  0.15
point     13 -     14,   DG -1.79 +/-  0.17
point     14 -     15,   DG -3.53 +/-  0.27

total      0 -     15,   DG -25.25 +/-  0.38

