
md10.edr: 0.0 - 20001.0; lambda = (0, 0.9)
    foreign lambdas:
        delta H to (0, 0.8) (20001 pts)
        delta H to (0, 0.9) (20001 pts)
        delta H to (0, 1) (20001 pts)



md11.edr: 0.0 - 20001.0; lambda = (0, 1)
    foreign lambdas:
        delta H to (0, 0.9) (20001 pts)
        delta H to (0, 1) (20001 pts)
        delta H to (0.2, 1) (20001 pts)



md12.edr: 0.0 - 20001.0; lambda = (0.2, 1)
    foreign lambdas:
        delta H to (0, 1) (20001 pts)
        delta H to (0.2, 1) (20001 pts)
        delta H to (0.4, 1) (20001 pts)



md13.edr: 0.0 - 20001.0; lambda = (0.4, 1)
    foreign lambdas:
        delta H to (0.2, 1) (20001 pts)
        delta H to (0.4, 1) (20001 pts)
        delta H to (0.6, 1) (20001 pts)



md14.edr: 0.0 - 20001.0; lambda = (0.6, 1)
    foreign lambdas:
        delta H to (0.4, 1) (20001 pts)
        delta H to (0.6, 1) (20001 pts)
        delta H to (0.8, 1) (20001 pts)



md15.edr: 0.0 - 20001.0; lambda = (0.8, 1)
    foreign lambdas:
        delta H to (0.6, 1) (20001 pts)
        delta H to (0.8, 1) (20001 pts)
        delta H to (1, 1) (20001 pts)



md16.edr: 0.0 - 20001.0; lambda = (1, 1)
    foreign lambdas:
        delta H to (0.8, 1) (20001 pts)
        delta H to (1, 1) (20001 pts)



md1.edr: 0.0 - 20001.0; lambda = (0, 0)
    foreign lambdas:
        delta H to (0, 0) (20001 pts)
        delta H to (0, 0.1) (20001 pts)



md2.edr: 0.0 - 20001.0; lambda = (0, 0.1)
    foreign lambdas:
        delta H to (0, 0) (20001 pts)
        delta H to (0, 0.1) (20001 pts)
        delta H to (0, 0.2) (20001 pts)



md3.edr: 0.0 - 20001.0; lambda = (0, 0.2)
    foreign lambdas:
        delta H to (0, 0.1) (20001 pts)
        delta H to (0, 0.2) (20001 pts)
        delta H to (0, 0.3) (20001 pts)



md4.edr: 0.0 - 20001.0; lambda = (0, 0.3)
    foreign lambdas:
        delta H to (0, 0.2) (20001 pts)
        delta H to (0, 0.3) (20001 pts)
        delta H to (0, 0.4) (20001 pts)



md5.edr: 0.0 - 20001.0; lambda = (0, 0.4)
    foreign lambdas:
        delta H to (0, 0.3) (20001 pts)
        delta H to (0, 0.4) (20001 pts)
        delta H to (0, 0.5) (20001 pts)



md6.edr: 0.0 - 20001.0; lambda = (0, 0.5)
    foreign lambdas:
        delta H to (0, 0.4) (20001 pts)
        delta H to (0, 0.5) (20001 pts)
        delta H to (0, 0.6) (20001 pts)



md7.edr: 0.0 - 20001.0; lambda = (0, 0.6)
    foreign lambdas:
        delta H to (0, 0.5) (20001 pts)
        delta H to (0, 0.6) (20001 pts)
        delta H to (0, 0.7) (20001 pts)



md8.edr: 0.0 - 20001.0; lambda = (0, 0.7)
    foreign lambdas:
        delta H to (0, 0.6) (20001 pts)
        delta H to (0, 0.7) (20001 pts)
        delta H to (0, 0.8) (20001 pts)



md9.edr: 0.0 - 20001.0; lambda = (0, 0.8)
    foreign lambdas:
        delta H to (0, 0.7) (20001 pts)
        delta H to (0, 0.8) (20001 pts)
        delta H to (0, 0.9) (20001 pts)



   Samples in time interval: 0.000 - 20001.000
Removing samples outside of: 0.000 - 2000.000

Temperature: 298.15 K

Detailed results in kT (see help for explanation):

 lam_A  lam_B      DG   +/-     s_A   +/-     s_B   +/-   stdev   +/- 
     0      1    1.06  0.14    0.84  0.14    0.90  0.15    1.35  0.08
     1      2    1.48  0.27    2.41  0.22    1.81  0.22    2.31  0.17
     2      3    0.18  0.07    2.42  0.27    1.47  0.14    2.07  0.09
     3      4   -0.70  0.10    1.40  0.18    0.83  0.11    1.48  0.08
     4      5   -1.06  0.06    1.09  0.03    0.71  0.02    1.31  0.01
     5      6   -1.33  0.03    1.01  0.08    0.65  0.05    1.25  0.05
     6      7   -1.61  0.02    0.76  0.05    0.48  0.03    1.08  0.01
     7      8   -1.71  0.02    0.75  0.05    0.46  0.04    1.05  0.04
     8      9   -1.86  0.01    0.60  0.03    0.37  0.03    0.93  0.02
     9     10   -1.95  0.02    0.57  0.01    0.37  0.01    0.92  0.02
    10     11   -0.17  0.02   -0.07  0.03   -0.07  0.03    0.34  0.02
    11     12   -0.18  0.01    0.09  0.03    0.09  0.03    0.31  0.01
    12     13   -0.28  0.05    0.00  0.03    0.01  0.04    0.35  0.02
    13     14   -0.67  0.06    0.38  0.07    0.43  0.07    0.67  0.05
    14     15   -1.66  0.13    0.56  0.13    0.62  0.12    1.00  0.08

WARNING: Some of these results violate the Second Law of Thermodynamics: 
         This is can be the result of severe undersampling, or (more likely)
         there is something wrong with the simulations.


Final results in kJ/mol:

point      0 -      1,   DG  2.63 +/-  0.35
point      1 -      2,   DG  3.67 +/-  0.68
point      2 -      3,   DG  0.46 +/-  0.18
point      3 -      4,   DG -1.74 +/-  0.26
point      4 -      5,   DG -2.63 +/-  0.14
point      5 -      6,   DG -3.30 +/-  0.07
point      6 -      7,   DG -3.98 +/-  0.04
point      7 -      8,   DG -4.23 +/-  0.06
point      8 -      9,   DG -4.61 +/-  0.04
point      9 -     10,   DG -4.84 +/-  0.06
point     10 -     11,   DG -0.42 +/-  0.06
point     11 -     12,   DG -0.46 +/-  0.03
point     12 -     13,   DG -0.70 +/-  0.13
point     13 -     14,   DG -1.66 +/-  0.15
point     14 -     15,   DG -4.11 +/-  0.32

total      0 -     15,   DG -25.93 +/-  1.43

