
md10.edr: 0.0 - 20001.0; lambda = (0, 0.9)
    foreign lambdas:
        delta H to (0, 0.8) (20001 pts)
        delta H to (0, 0.9) (20001 pts)
        delta H to (0, 1) (20001 pts)



md11.edr: 0.0 - 20001.0; lambda = (0, 1)
    foreign lambdas:
        delta H to (0, 0.9) (20001 pts)
        delta H to (0, 1) (20001 pts)
        delta H to (0.2, 1) (20001 pts)



md12.edr: 0.0 - 20001.0; lambda = (0.2, 1)
    foreign lambdas:
        delta H to (0, 1) (20001 pts)
        delta H to (0.2, 1) (20001 pts)
        delta H to (0.4, 1) (20001 pts)



md13.edr: 0.0 - 20001.0; lambda = (0.4, 1)
    foreign lambdas:
        delta H to (0.2, 1) (20001 pts)
        delta H to (0.4, 1) (20001 pts)
        delta H to (0.6, 1) (20001 pts)



md14.edr: 0.0 - 20001.0; lambda = (0.6, 1)
    foreign lambdas:
        delta H to (0.4, 1) (20001 pts)
        delta H to (0.6, 1) (20001 pts)
        delta H to (0.8, 1) (20001 pts)



md15.edr: 0.0 - 20001.0; lambda = (0.8, 1)
    foreign lambdas:
        delta H to (0.6, 1) (20001 pts)
        delta H to (0.8, 1) (20001 pts)
        delta H to (1, 1) (20001 pts)



md16.edr: 0.0 - 20001.0; lambda = (1, 1)
    foreign lambdas:
        delta H to (0.8, 1) (20001 pts)
        delta H to (1, 1) (20001 pts)



md1.edr: 0.0 - 20001.0; lambda = (0, 0)
    foreign lambdas:
        delta H to (0, 0) (20001 pts)
        delta H to (0, 0.1) (20001 pts)



md2.edr: 0.0 - 20001.0; lambda = (0, 0.1)
    foreign lambdas:
        delta H to (0, 0) (20001 pts)
        delta H to (0, 0.1) (20001 pts)
        delta H to (0, 0.2) (20001 pts)



md3.edr: 0.0 - 20001.0; lambda = (0, 0.2)
    foreign lambdas:
        delta H to (0, 0.1) (20001 pts)
        delta H to (0, 0.2) (20001 pts)
        delta H to (0, 0.3) (20001 pts)



md4.edr: 0.0 - 20001.0; lambda = (0, 0.3)
    foreign lambdas:
        delta H to (0, 0.2) (20001 pts)
        delta H to (0, 0.3) (20001 pts)
        delta H to (0, 0.4) (20001 pts)



md5.edr: 0.0 - 20001.0; lambda = (0, 0.4)
    foreign lambdas:
        delta H to (0, 0.3) (20001 pts)
        delta H to (0, 0.4) (20001 pts)
        delta H to (0, 0.5) (20001 pts)



md6.edr: 0.0 - 20001.0; lambda = (0, 0.5)
    foreign lambdas:
        delta H to (0, 0.4) (20001 pts)
        delta H to (0, 0.5) (20001 pts)
        delta H to (0, 0.6) (20001 pts)



md7.edr: 0.0 - 20001.0; lambda = (0, 0.6)
    foreign lambdas:
        delta H to (0, 0.5) (20001 pts)
        delta H to (0, 0.6) (20001 pts)
        delta H to (0, 0.7) (20001 pts)



md8.edr: 0.0 - 20001.0; lambda = (0, 0.7)
    foreign lambdas:
        delta H to (0, 0.6) (20001 pts)
        delta H to (0, 0.7) (20001 pts)
        delta H to (0, 0.8) (20001 pts)



md9.edr: 0.0 - 20001.0; lambda = (0, 0.8)
    foreign lambdas:
        delta H to (0, 0.7) (20001 pts)
        delta H to (0, 0.8) (20001 pts)
        delta H to (0, 0.9) (20001 pts)



   Samples in time interval: 0.000 - 20001.000
Removing samples outside of: 0.000 - 3000.000

Temperature: 298.15 K

Detailed results in kT (see help for explanation):

 lam_A  lam_B      DG   +/-     s_A   +/-     s_B   +/-   stdev   +/- 
     0      1    1.06  0.12    0.81  0.08    0.86  0.09    1.34  0.05
     1      2    1.51  0.16    2.40  0.12    1.80  0.07    2.32  0.07
     2      3    0.12  0.10    2.50  0.15    1.46  0.08    2.06  0.06
     3      4   -0.78  0.08    1.31  0.11    0.79  0.07    1.43  0.06
     4      5   -1.11  0.07    1.07  0.04    0.70  0.02    1.29  0.03
     5      6   -1.36  0.03    0.97  0.07    0.62  0.04    1.22  0.04
     6      7   -1.60  0.02    0.76  0.03    0.48  0.02    1.10  0.01
     7      8   -1.70  0.02    0.73  0.03    0.44  0.02    1.05  0.02
     8      9   -1.84  0.02    0.64  0.03    0.41  0.03    0.95  0.01
     9     10   -1.98  0.03    0.55  0.02    0.37  0.02    0.90  0.01
    10     11   -0.14  0.03   -0.03  0.04   -0.03  0.04    0.33  0.02
    11     12   -0.19  0.01    0.08  0.02    0.09  0.02    0.31  0.01
    12     13   -0.34  0.09    0.06  0.07    0.07  0.07    0.41  0.04
    13     14   -0.69  0.08    0.28  0.09    0.32  0.10    0.64  0.03
    14     15   -1.52  0.12    0.52  0.11    0.59  0.11    0.98  0.07


Final results in kJ/mol:

point      0 -      1,   DG  2.62 +/-  0.31
point      1 -      2,   DG  3.75 +/-  0.41
point      2 -      3,   DG  0.31 +/-  0.25
point      3 -      4,   DG -1.94 +/-  0.20
point      4 -      5,   DG -2.75 +/-  0.17
point      5 -      6,   DG -3.38 +/-  0.07
point      6 -      7,   DG -3.96 +/-  0.04
point      7 -      8,   DG -4.21 +/-  0.05
point      8 -      9,   DG -4.57 +/-  0.05
point      9 -     10,   DG -4.91 +/-  0.06
point     10 -     11,   DG -0.34 +/-  0.07
point     11 -     12,   DG -0.48 +/-  0.03
point     12 -     13,   DG -0.84 +/-  0.22
point     13 -     14,   DG -1.70 +/-  0.20
point     14 -     15,   DG -3.78 +/-  0.30

total      0 -     15,   DG -26.17 +/-  1.18

