
md10.edr: 0.0 - 20001.0; lambda = (0, 0.9)
    foreign lambdas:
        delta H to (0, 0.8) (20001 pts)
        delta H to (0, 0.9) (20001 pts)
        delta H to (0, 1) (20001 pts)



md11.edr: 0.0 - 20001.0; lambda = (0, 1)
    foreign lambdas:
        delta H to (0, 0.9) (20001 pts)
        delta H to (0, 1) (20001 pts)
        delta H to (0.2, 1) (20001 pts)



md12.edr: 0.0 - 20001.0; lambda = (0.2, 1)
    foreign lambdas:
        delta H to (0, 1) (20001 pts)
        delta H to (0.2, 1) (20001 pts)
        delta H to (0.4, 1) (20001 pts)



md13.edr: 0.0 - 20001.0; lambda = (0.4, 1)
    foreign lambdas:
        delta H to (0.2, 1) (20001 pts)
        delta H to (0.4, 1) (20001 pts)
        delta H to (0.6, 1) (20001 pts)



md14.edr: 0.0 - 20001.0; lambda = (0.6, 1)
    foreign lambdas:
        delta H to (0.4, 1) (20001 pts)
        delta H to (0.6, 1) (20001 pts)
        delta H to (0.8, 1) (20001 pts)



md15.edr: 0.0 - 20001.0; lambda = (0.8, 1)
    foreign lambdas:
        delta H to (0.6, 1) (20001 pts)
        delta H to (0.8, 1) (20001 pts)
        delta H to (1, 1) (20001 pts)



md16.edr: 0.0 - 20001.0; lambda = (1, 1)
    foreign lambdas:
        delta H to (0.8, 1) (20001 pts)
        delta H to (1, 1) (20001 pts)



md1.edr: 0.0 - 20001.0; lambda = (0, 0)
    foreign lambdas:
        delta H to (0, 0) (20001 pts)
        delta H to (0, 0.1) (20001 pts)



md2.edr: 0.0 - 20001.0; lambda = (0, 0.1)
    foreign lambdas:
        delta H to (0, 0) (20001 pts)
        delta H to (0, 0.1) (20001 pts)
        delta H to (0, 0.2) (20001 pts)



md3.edr: 0.0 - 20001.0; lambda = (0, 0.2)
    foreign lambdas:
        delta H to (0, 0.1) (20001 pts)
        delta H to (0, 0.2) (20001 pts)
        delta H to (0, 0.3) (20001 pts)



md4.edr: 0.0 - 20001.0; lambda = (0, 0.3)
    foreign lambdas:
        delta H to (0, 0.2) (20001 pts)
        delta H to (0, 0.3) (20001 pts)
        delta H to (0, 0.4) (20001 pts)



md5.edr: 0.0 - 20001.0; lambda = (0, 0.4)
    foreign lambdas:
        delta H to (0, 0.3) (20001 pts)
        delta H to (0, 0.4) (20001 pts)
        delta H to (0, 0.5) (20001 pts)



md6.edr: 0.0 - 20001.0; lambda = (0, 0.5)
    foreign lambdas:
        delta H to (0, 0.4) (20001 pts)
        delta H to (0, 0.5) (20001 pts)
        delta H to (0, 0.6) (20001 pts)



md7.edr: 0.0 - 20001.0; lambda = (0, 0.6)
    foreign lambdas:
        delta H to (0, 0.5) (20001 pts)
        delta H to (0, 0.6) (20001 pts)
        delta H to (0, 0.7) (20001 pts)



md8.edr: 0.0 - 20001.0; lambda = (0, 0.7)
    foreign lambdas:
        delta H to (0, 0.6) (20001 pts)
        delta H to (0, 0.7) (20001 pts)
        delta H to (0, 0.8) (20001 pts)



md9.edr: 0.0 - 20001.0; lambda = (0, 0.8)
    foreign lambdas:
        delta H to (0, 0.7) (20001 pts)
        delta H to (0, 0.8) (20001 pts)
        delta H to (0, 0.9) (20001 pts)



   Samples in time interval: 0.000 - 20001.000
Removing samples outside of: 0.000 - 8000.000

Temperature: 298.15 K

Detailed results in kT (see help for explanation):

 lam_A  lam_B      DG   +/-     s_A   +/-     s_B   +/-   stdev   +/- 
     0      1    1.12  0.11    0.71  0.09    0.73  0.10    1.30  0.05
     1      2    1.72  0.15    2.57  0.17    2.00  0.17    2.48  0.13
     2      3    0.15  0.02    2.47  0.07    1.41  0.03    2.04  0.04
     3      4   -0.73  0.04    1.38  0.05    0.83  0.03    1.46  0.02
     4      5   -1.11  0.06    1.06  0.04    0.68  0.03    1.28  0.03
     5      6   -1.35  0.03    0.94  0.03    0.61  0.02    1.20  0.02
     6      7   -1.56  0.02    0.77  0.01    0.48  0.01    1.10  0.01
     7      8   -1.70  0.01    0.70  0.02    0.44  0.02    1.02  0.01
     8      9   -1.85  0.03    0.63  0.03    0.41  0.02    0.95  0.01
     9     10   -1.96  0.03    0.56  0.01    0.37  0.01    0.91  0.01
    10     11   -0.13  0.02    0.02  0.03    0.03  0.03    0.33  0.01
    11     12   -0.24  0.02    0.09  0.01    0.09  0.01    0.37  0.02
    12     13   -0.41  0.03    0.07  0.02    0.09  0.02    0.43  0.02
    13     14   -0.74  0.04    0.24  0.05    0.28  0.06    0.64  0.02
    14     15   -1.42  0.06    0.40  0.11    0.47  0.12    0.91  0.06


Final results in kJ/mol:

point      0 -      1,   DG  2.77 +/-  0.26
point      1 -      2,   DG  4.26 +/-  0.38
point      2 -      3,   DG  0.37 +/-  0.05
point      3 -      4,   DG -1.82 +/-  0.09
point      4 -      5,   DG -2.75 +/-  0.14
point      5 -      6,   DG -3.36 +/-  0.06
point      6 -      7,   DG -3.86 +/-  0.05
point      7 -      8,   DG -4.21 +/-  0.03
point      8 -      9,   DG -4.57 +/-  0.07
point      9 -     10,   DG -4.85 +/-  0.07
point     10 -     11,   DG -0.33 +/-  0.05
point     11 -     12,   DG -0.61 +/-  0.06
point     12 -     13,   DG -1.02 +/-  0.07
point     13 -     14,   DG -1.83 +/-  0.11
point     14 -     15,   DG -3.53 +/-  0.14

total      0 -     15,   DG -25.32 +/-  0.59

