
md10.edr: 0.0 - 20001.0; lambda = (0, 0.9)
    foreign lambdas:
        delta H to (0, 0.8) (20001 pts)
        delta H to (0, 0.9) (20001 pts)
        delta H to (0, 1) (20001 pts)



md11.edr: 0.0 - 20001.0; lambda = (0, 1)
    foreign lambdas:
        delta H to (0, 0.9) (20001 pts)
        delta H to (0, 1) (20001 pts)
        delta H to (0.2, 1) (20001 pts)



md12.edr: 0.0 - 20001.0; lambda = (0.2, 1)
    foreign lambdas:
        delta H to (0, 1) (20001 pts)
        delta H to (0.2, 1) (20001 pts)
        delta H to (0.4, 1) (20001 pts)



md13.edr: 0.0 - 20001.0; lambda = (0.4, 1)
    foreign lambdas:
        delta H to (0.2, 1) (20001 pts)
        delta H to (0.4, 1) (20001 pts)
        delta H to (0.6, 1) (20001 pts)



md14.edr: 0.0 - 20001.0; lambda = (0.6, 1)
    foreign lambdas:
        delta H to (0.4, 1) (20001 pts)
        delta H to (0.6, 1) (20001 pts)
        delta H to (0.8, 1) (20001 pts)



md15.edr: 0.0 - 20001.0; lambda = (0.8, 1)
    foreign lambdas:
        delta H to (0.6, 1) (20001 pts)
        delta H to (0.8, 1) (20001 pts)
        delta H to (1, 1) (20001 pts)



md16.edr: 0.0 - 20001.0; lambda = (1, 1)
    foreign lambdas:
        delta H to (0.8, 1) (20001 pts)
        delta H to (1, 1) (20001 pts)



md1.edr: 0.0 - 20001.0; lambda = (0, 0)
    foreign lambdas:
        delta H to (0, 0) (20001 pts)
        delta H to (0, 0.1) (20001 pts)



md2.edr: 0.0 - 20001.0; lambda = (0, 0.1)
    foreign lambdas:
        delta H to (0, 0) (20001 pts)
        delta H to (0, 0.1) (20001 pts)
        delta H to (0, 0.2) (20001 pts)



md3.edr: 0.0 - 20001.0; lambda = (0, 0.2)
    foreign lambdas:
        delta H to (0, 0.1) (20001 pts)
        delta H to (0, 0.2) (20001 pts)
        delta H to (0, 0.3) (20001 pts)



md4.edr: 0.0 - 20001.0; lambda = (0, 0.3)
    foreign lambdas:
        delta H to (0, 0.2) (20001 pts)
        delta H to (0, 0.3) (20001 pts)
        delta H to (0, 0.4) (20001 pts)



md5.edr: 0.0 - 20001.0; lambda = (0, 0.4)
    foreign lambdas:
        delta H to (0, 0.3) (20001 pts)
        delta H to (0, 0.4) (20001 pts)
        delta H to (0, 0.5) (20001 pts)



md6.edr: 0.0 - 20001.0; lambda = (0, 0.5)
    foreign lambdas:
        delta H to (0, 0.4) (20001 pts)
        delta H to (0, 0.5) (20001 pts)
        delta H to (0, 0.6) (20001 pts)



md7.edr: 0.0 - 20001.0; lambda = (0, 0.6)
    foreign lambdas:
        delta H to (0, 0.5) (20001 pts)
        delta H to (0, 0.6) (20001 pts)
        delta H to (0, 0.7) (20001 pts)



md8.edr: 0.0 - 20001.0; lambda = (0, 0.7)
    foreign lambdas:
        delta H to (0, 0.6) (20001 pts)
        delta H to (0, 0.7) (20001 pts)
        delta H to (0, 0.8) (20001 pts)



md9.edr: 0.0 - 20001.0; lambda = (0, 0.8)
    foreign lambdas:
        delta H to (0, 0.7) (20001 pts)
        delta H to (0, 0.8) (20001 pts)
        delta H to (0, 0.9) (20001 pts)



   Samples in time interval: 0.000 - 20001.000
Removing samples outside of: 0.000 - 15000.000

Temperature: 298.15 K

Detailed results in kT (see help for explanation):

 lam_A  lam_B      DG   +/-     s_A   +/-     s_B   +/-   stdev   +/- 
     0      1    1.13  0.05    0.76  0.05    0.80  0.05    1.33  0.02
     1      2    1.65  0.10    2.51  0.11    1.94  0.12    2.43  0.09
     2      3    0.16  0.03    2.48  0.05    1.41  0.03    2.04  0.03
     3      4   -0.71  0.02    1.41  0.05    0.84  0.03    1.49  0.02
     4      5   -1.09  0.03    1.09  0.05    0.69  0.03    1.30  0.02
     5      6   -1.35  0.01    0.95  0.02    0.62  0.01    1.21  0.01
     6      7   -1.55  0.02    0.77  0.02    0.48  0.01    1.10  0.01
     7      8   -1.71  0.01    0.73  0.01    0.45  0.01    1.03  0.01
     8      9   -1.86  0.01    0.63  0.01    0.40  0.00    0.96  0.01
     9     10   -1.95  0.01    0.55  0.01    0.35  0.01    0.91  0.00
    10     11   -0.13  0.01    0.04  0.02    0.04  0.02    0.35  0.01
    11     12   -0.22  0.02    0.05  0.02    0.05  0.02    0.36  0.02
    12     13   -0.36  0.04    0.09  0.03    0.10  0.03    0.43  0.03
    13     14   -0.72  0.06    0.26  0.01    0.30  0.01    0.65  0.02
    14     15   -1.48  0.06    0.46  0.07    0.53  0.07    0.96  0.02


Final results in kJ/mol:

point      0 -      1,   DG  2.80 +/-  0.13
point      1 -      2,   DG  4.10 +/-  0.25
point      2 -      3,   DG  0.40 +/-  0.07
point      3 -      4,   DG -1.77 +/-  0.06
point      4 -      5,   DG -2.70 +/-  0.08
point      5 -      6,   DG -3.35 +/-  0.03
point      6 -      7,   DG -3.84 +/-  0.04
point      7 -      8,   DG -4.23 +/-  0.02
point      8 -      9,   DG -4.62 +/-  0.02
point      9 -     10,   DG -4.84 +/-  0.03
point     10 -     11,   DG -0.32 +/-  0.03
point     11 -     12,   DG -0.55 +/-  0.05
point     12 -     13,   DG -0.90 +/-  0.11
point     13 -     14,   DG -1.79 +/-  0.15
point     14 -     15,   DG -3.68 +/-  0.16

total      0 -     15,   DG -25.29 +/-  0.48

