
md10.edr: 0.0 - 20001.0; lambda = (0, 0.9)
    foreign lambdas:
        delta H to (0, 0.8) (20001 pts)
        delta H to (0, 0.9) (20001 pts)
        delta H to (0, 1) (20001 pts)



md11.edr: 0.0 - 20001.0; lambda = (0, 1)
    foreign lambdas:
        delta H to (0, 0.9) (20001 pts)
        delta H to (0, 1) (20001 pts)
        delta H to (0.2, 1) (20001 pts)



md12.edr: 0.0 - 20001.0; lambda = (0.2, 1)
    foreign lambdas:
        delta H to (0, 1) (20001 pts)
        delta H to (0.2, 1) (20001 pts)
        delta H to (0.4, 1) (20001 pts)



md13.edr: 0.0 - 20001.0; lambda = (0.4, 1)
    foreign lambdas:
        delta H to (0.2, 1) (20001 pts)
        delta H to (0.4, 1) (20001 pts)
        delta H to (0.6, 1) (20001 pts)



md14.edr: 0.0 - 20001.0; lambda = (0.6, 1)
    foreign lambdas:
        delta H to (0.4, 1) (20001 pts)
        delta H to (0.6, 1) (20001 pts)
        delta H to (0.8, 1) (20001 pts)



md15.edr: 0.0 - 20001.0; lambda = (0.8, 1)
    foreign lambdas:
        delta H to (0.6, 1) (20001 pts)
        delta H to (0.8, 1) (20001 pts)
        delta H to (1, 1) (20001 pts)



md16.edr: 0.0 - 20001.0; lambda = (1, 1)
    foreign lambdas:
        delta H to (0.8, 1) (20001 pts)
        delta H to (1, 1) (20001 pts)



md1.edr: 0.0 - 20001.0; lambda = (0, 0)
    foreign lambdas:
        delta H to (0, 0) (20001 pts)
        delta H to (0, 0.1) (20001 pts)



md2.edr: 0.0 - 20001.0; lambda = (0, 0.1)
    foreign lambdas:
        delta H to (0, 0) (20001 pts)
        delta H to (0, 0.1) (20001 pts)
        delta H to (0, 0.2) (20001 pts)



md3.edr: 0.0 - 20001.0; lambda = (0, 0.2)
    foreign lambdas:
        delta H to (0, 0.1) (20001 pts)
        delta H to (0, 0.2) (20001 pts)
        delta H to (0, 0.3) (20001 pts)



md4.edr: 0.0 - 20001.0; lambda = (0, 0.3)
    foreign lambdas:
        delta H to (0, 0.2) (20001 pts)
        delta H to (0, 0.3) (20001 pts)
        delta H to (0, 0.4) (20001 pts)



md5.edr: 0.0 - 20001.0; lambda = (0, 0.4)
    foreign lambdas:
        delta H to (0, 0.3) (20001 pts)
        delta H to (0, 0.4) (20001 pts)
        delta H to (0, 0.5) (20001 pts)



md6.edr: 0.0 - 20001.0; lambda = (0, 0.5)
    foreign lambdas:
        delta H to (0, 0.4) (20001 pts)
        delta H to (0, 0.5) (20001 pts)
        delta H to (0, 0.6) (20001 pts)



md7.edr: 0.0 - 20001.0; lambda = (0, 0.6)
    foreign lambdas:
        delta H to (0, 0.5) (20001 pts)
        delta H to (0, 0.6) (20001 pts)
        delta H to (0, 0.7) (20001 pts)



md8.edr: 0.0 - 20001.0; lambda = (0, 0.7)
    foreign lambdas:
        delta H to (0, 0.6) (20001 pts)
        delta H to (0, 0.7) (20001 pts)
        delta H to (0, 0.8) (20001 pts)



md9.edr: 0.0 - 20001.0; lambda = (0, 0.8)
    foreign lambdas:
        delta H to (0, 0.7) (20001 pts)
        delta H to (0, 0.8) (20001 pts)
        delta H to (0, 0.9) (20001 pts)



   Samples in time interval: 0.000 - 20001.000
Removing samples outside of: 0.000 - 13000.000

Temperature: 298.15 K

Detailed results in kT (see help for explanation):

 lam_A  lam_B      DG   +/-     s_A   +/-     s_B   +/-   stdev   +/- 
     0      1    1.15  0.03    0.73  0.06    0.77  0.06    1.32  0.03
     1      2    1.68  0.02    2.56  0.05    1.99  0.04    2.47  0.03
     2      3    0.15  0.02    2.45  0.06    1.40  0.04    2.04  0.03
     3      4   -0.73  0.02    1.42  0.04    0.85  0.03    1.49  0.02
     4      5   -1.11  0.03    1.05  0.03    0.67  0.01    1.28  0.02
     5      6   -1.36  0.01    0.95  0.03    0.62  0.02    1.21  0.01
     6      7   -1.54  0.01    0.78  0.00    0.48  0.00    1.10  0.01
     7      8   -1.71  0.02    0.72  0.02    0.45  0.01    1.03  0.01
     8      9   -1.87  0.02    0.62  0.01    0.40  0.01    0.95  0.00
     9     10   -1.95  0.01    0.54  0.01    0.35  0.01    0.91  0.01
    10     11   -0.14  0.01    0.04  0.03    0.04  0.03    0.35  0.02
    11     12   -0.23  0.02    0.06  0.02    0.06  0.02    0.37  0.01
    12     13   -0.39  0.05    0.10  0.04    0.12  0.04    0.44  0.03
    13     14   -0.76  0.04    0.25  0.06    0.30  0.06    0.66  0.02
    14     15   -1.47  0.07    0.42  0.07    0.49  0.07    0.96  0.04


Final results in kJ/mol:

point      0 -      1,   DG  2.84 +/-  0.07
point      1 -      2,   DG  4.16 +/-  0.06
point      2 -      3,   DG  0.37 +/-  0.04
point      3 -      4,   DG -1.82 +/-  0.05
point      4 -      5,   DG -2.76 +/-  0.08
point      5 -      6,   DG -3.36 +/-  0.03
point      6 -      7,   DG -3.83 +/-  0.03
point      7 -      8,   DG -4.23 +/-  0.04
point      8 -      9,   DG -4.63 +/-  0.04
point      9 -     10,   DG -4.84 +/-  0.02
point     10 -     11,   DG -0.34 +/-  0.01
point     11 -     12,   DG -0.57 +/-  0.04
point     12 -     13,   DG -0.97 +/-  0.11
point     13 -     14,   DG -1.87 +/-  0.09
point     14 -     15,   DG -3.65 +/-  0.18

total      0 -     15,   DG -25.51 +/-  0.18

