
md10.edr: 0.0 - 20001.0; lambda = (0, 0.9)
    foreign lambdas:
        delta H to (0, 0.8) (20001 pts)
        delta H to (0, 0.9) (20001 pts)
        delta H to (0, 1) (20001 pts)



md11.edr: 0.0 - 20001.0; lambda = (0, 1)
    foreign lambdas:
        delta H to (0, 0.9) (20001 pts)
        delta H to (0, 1) (20001 pts)
        delta H to (0.2, 1) (20001 pts)



md12.edr: 0.0 - 20001.0; lambda = (0.2, 1)
    foreign lambdas:
        delta H to (0, 1) (20001 pts)
        delta H to (0.2, 1) (20001 pts)
        delta H to (0.4, 1) (20001 pts)



md13.edr: 0.0 - 20001.0; lambda = (0.4, 1)
    foreign lambdas:
        delta H to (0.2, 1) (20001 pts)
        delta H to (0.4, 1) (20001 pts)
        delta H to (0.6, 1) (20001 pts)



md14.edr: 0.0 - 20001.0; lambda = (0.6, 1)
    foreign lambdas:
        delta H to (0.4, 1) (20001 pts)
        delta H to (0.6, 1) (20001 pts)
        delta H to (0.8, 1) (20001 pts)



md15.edr: 0.0 - 20001.0; lambda = (0.8, 1)
    foreign lambdas:
        delta H to (0.6, 1) (20001 pts)
        delta H to (0.8, 1) (20001 pts)
        delta H to (1, 1) (20001 pts)



md16.edr: 0.0 - 20001.0; lambda = (1, 1)
    foreign lambdas:
        delta H to (0.8, 1) (20001 pts)
        delta H to (1, 1) (20001 pts)



md1.edr: 0.0 - 20001.0; lambda = (0, 0)
    foreign lambdas:
        delta H to (0, 0) (20001 pts)
        delta H to (0, 0.1) (20001 pts)



md2.edr: 0.0 - 20001.0; lambda = (0, 0.1)
    foreign lambdas:
        delta H to (0, 0) (20001 pts)
        delta H to (0, 0.1) (20001 pts)
        delta H to (0, 0.2) (20001 pts)



md3.edr: 0.0 - 20001.0; lambda = (0, 0.2)
    foreign lambdas:
        delta H to (0, 0.1) (20001 pts)
        delta H to (0, 0.2) (20001 pts)
        delta H to (0, 0.3) (20001 pts)



md4.edr: 0.0 - 20001.0; lambda = (0, 0.3)
    foreign lambdas:
        delta H to (0, 0.2) (20001 pts)
        delta H to (0, 0.3) (20001 pts)
        delta H to (0, 0.4) (20001 pts)



md5.edr: 0.0 - 20001.0; lambda = (0, 0.4)
    foreign lambdas:
        delta H to (0, 0.3) (20001 pts)
        delta H to (0, 0.4) (20001 pts)
        delta H to (0, 0.5) (20001 pts)



md6.edr: 0.0 - 20001.0; lambda = (0, 0.5)
    foreign lambdas:
        delta H to (0, 0.4) (20001 pts)
        delta H to (0, 0.5) (20001 pts)
        delta H to (0, 0.6) (20001 pts)



md7.edr: 0.0 - 20001.0; lambda = (0, 0.6)
    foreign lambdas:
        delta H to (0, 0.5) (20001 pts)
        delta H to (0, 0.6) (20001 pts)
        delta H to (0, 0.7) (20001 pts)



md8.edr: 0.0 - 20001.0; lambda = (0, 0.7)
    foreign lambdas:
        delta H to (0, 0.6) (20001 pts)
        delta H to (0, 0.7) (20001 pts)
        delta H to (0, 0.8) (20001 pts)



md9.edr: 0.0 - 20001.0; lambda = (0, 0.8)
    foreign lambdas:
        delta H to (0, 0.7) (20001 pts)
        delta H to (0, 0.8) (20001 pts)
        delta H to (0, 0.9) (20001 pts)



   Samples in time interval: 0.000 - 20001.000
Removing samples outside of: 0.000 - 7000.000

Temperature: 298.15 K

Detailed results in kT (see help for explanation):

 lam_A  lam_B      DG   +/-     s_A   +/-     s_B   +/-   stdev   +/- 
     0      1    1.13  0.05    0.70  0.06    0.72  0.07    1.31  0.02
     1      2    1.73  0.10    2.60  0.11    2.01  0.11    2.49  0.09
     2      3    0.17  0.07    2.44  0.05    1.41  0.03    2.04  0.03
     3      4   -0.72  0.06    1.42  0.10    0.85  0.06    1.48  0.04
     4      5   -1.11  0.04    1.05  0.03    0.68  0.01    1.28  0.02
     5      6   -1.34  0.02    0.94  0.04    0.61  0.02    1.21  0.02
     6      7   -1.55  0.02    0.77  0.03    0.48  0.02    1.10  0.01
     7      8   -1.69  0.01    0.72  0.03    0.45  0.02    1.03  0.02
     8      9   -1.86  0.02    0.63  0.03    0.40  0.02    0.95  0.01
     9     10   -1.97  0.01    0.56  0.01    0.37  0.01    0.90  0.00
    10     11   -0.14  0.01    0.01  0.02    0.01  0.02    0.32  0.01
    11     12   -0.24  0.03    0.10  0.02    0.10  0.02    0.36  0.02
    12     13   -0.39  0.05    0.05  0.01    0.06  0.01    0.42  0.02
    13     14   -0.72  0.08    0.26  0.07    0.31  0.08    0.65  0.04
    14     15   -1.42  0.06    0.40  0.14    0.47  0.16    0.92  0.07


Final results in kJ/mol:

point      0 -      1,   DG  2.80 +/-  0.13
point      1 -      2,   DG  4.29 +/-  0.24
point      2 -      3,   DG  0.43 +/-  0.17
point      3 -      4,   DG -1.78 +/-  0.14
point      4 -      5,   DG -2.75 +/-  0.10
point      5 -      6,   DG -3.33 +/-  0.06
point      6 -      7,   DG -3.83 +/-  0.06
point      7 -      8,   DG -4.19 +/-  0.03
point      8 -      9,   DG -4.60 +/-  0.05
point      9 -     10,   DG -4.88 +/-  0.02
point     10 -     11,   DG -0.34 +/-  0.03
point     11 -     12,   DG -0.60 +/-  0.08
point     12 -     13,   DG -0.98 +/-  0.12
point     13 -     14,   DG -1.77 +/-  0.19
point     14 -     15,   DG -3.52 +/-  0.16

total      0 -     15,   DG -25.06 +/-  0.51

