
md10.edr: 0.0 - 20001.0; lambda = (0, 0.9)
    foreign lambdas:
        delta H to (0, 0.8) (20001 pts)
        delta H to (0, 0.9) (20001 pts)
        delta H to (0, 1) (20001 pts)



md11.edr: 0.0 - 20001.0; lambda = (0, 1)
    foreign lambdas:
        delta H to (0, 0.9) (20001 pts)
        delta H to (0, 1) (20001 pts)
        delta H to (0.2, 1) (20001 pts)



md12.edr: 0.0 - 20001.0; lambda = (0.2, 1)
    foreign lambdas:
        delta H to (0, 1) (20001 pts)
        delta H to (0.2, 1) (20001 pts)
        delta H to (0.4, 1) (20001 pts)



md13.edr: 0.0 - 20001.0; lambda = (0.4, 1)
    foreign lambdas:
        delta H to (0.2, 1) (20001 pts)
        delta H to (0.4, 1) (20001 pts)
        delta H to (0.6, 1) (20001 pts)



md14.edr: 0.0 - 20001.0; lambda = (0.6, 1)
    foreign lambdas:
        delta H to (0.4, 1) (20001 pts)
        delta H to (0.6, 1) (20001 pts)
        delta H to (0.8, 1) (20001 pts)



md15.edr: 0.0 - 20001.0; lambda = (0.8, 1)
    foreign lambdas:
        delta H to (0.6, 1) (20001 pts)
        delta H to (0.8, 1) (20001 pts)
        delta H to (1, 1) (20001 pts)



md16.edr: 0.0 - 20001.0; lambda = (1, 1)
    foreign lambdas:
        delta H to (0.8, 1) (20001 pts)
        delta H to (1, 1) (20001 pts)



md1.edr: 0.0 - 20001.0; lambda = (0, 0)
    foreign lambdas:
        delta H to (0, 0) (20001 pts)
        delta H to (0, 0.1) (20001 pts)



md2.edr: 0.0 - 20001.0; lambda = (0, 0.1)
    foreign lambdas:
        delta H to (0, 0) (20001 pts)
        delta H to (0, 0.1) (20001 pts)
        delta H to (0, 0.2) (20001 pts)



md3.edr: 0.0 - 20001.0; lambda = (0, 0.2)
    foreign lambdas:
        delta H to (0, 0.1) (20001 pts)
        delta H to (0, 0.2) (20001 pts)
        delta H to (0, 0.3) (20001 pts)



md4.edr: 0.0 - 20001.0; lambda = (0, 0.3)
    foreign lambdas:
        delta H to (0, 0.2) (20001 pts)
        delta H to (0, 0.3) (20001 pts)
        delta H to (0, 0.4) (20001 pts)



md5.edr: 0.0 - 20001.0; lambda = (0, 0.4)
    foreign lambdas:
        delta H to (0, 0.3) (20001 pts)
        delta H to (0, 0.4) (20001 pts)
        delta H to (0, 0.5) (20001 pts)



md6.edr: 0.0 - 20001.0; lambda = (0, 0.5)
    foreign lambdas:
        delta H to (0, 0.4) (20001 pts)
        delta H to (0, 0.5) (20001 pts)
        delta H to (0, 0.6) (20001 pts)



md7.edr: 0.0 - 20001.0; lambda = (0, 0.6)
    foreign lambdas:
        delta H to (0, 0.5) (20001 pts)
        delta H to (0, 0.6) (20001 pts)
        delta H to (0, 0.7) (20001 pts)



md8.edr: 0.0 - 20001.0; lambda = (0, 0.7)
    foreign lambdas:
        delta H to (0, 0.6) (20001 pts)
        delta H to (0, 0.7) (20001 pts)
        delta H to (0, 0.8) (20001 pts)



md9.edr: 0.0 - 20001.0; lambda = (0, 0.8)
    foreign lambdas:
        delta H to (0, 0.7) (20001 pts)
        delta H to (0, 0.8) (20001 pts)
        delta H to (0, 0.9) (20001 pts)



   Samples in time interval: 0.000 - 20001.000
Removing samples outside of: 0.000 - 10000.000

Temperature: 298.15 K

Detailed results in kT (see help for explanation):

 lam_A  lam_B      DG   +/-     s_A   +/-     s_B   +/-   stdev   +/- 
     0      1    1.15  0.08    0.73  0.05    0.76  0.06    1.32  0.02
     1      2    1.71  0.11    2.59  0.10    2.02  0.12    2.49  0.10
     2      3    0.15  0.03    2.44  0.04    1.39  0.03    2.03  0.03
     3      4   -0.71  0.03    1.43  0.05    0.85  0.03    1.49  0.03
     4      5   -1.10  0.03    1.06  0.02    0.68  0.01    1.29  0.01
     5      6   -1.35  0.02    0.96  0.03    0.62  0.02    1.21  0.02
     6      7   -1.55  0.02    0.78  0.02    0.48  0.01    1.10  0.01
     7      8   -1.71  0.02    0.71  0.02    0.45  0.01    1.02  0.01
     8      9   -1.87  0.03    0.62  0.02    0.40  0.01    0.95  0.01
     9     10   -1.96  0.02    0.54  0.02    0.35  0.02    0.91  0.01
    10     11   -0.13  0.02    0.04  0.03    0.04  0.03    0.34  0.01
    11     12   -0.24  0.03    0.06  0.03    0.07  0.03    0.36  0.02
    12     13   -0.41  0.04    0.11  0.05    0.13  0.05    0.45  0.03
    13     14   -0.76  0.08    0.22  0.08    0.26  0.09    0.66  0.04
    14     15   -1.48  0.09    0.46  0.13    0.53  0.13    0.96  0.06


Final results in kJ/mol:

point      0 -      1,   DG  2.86 +/-  0.19
point      1 -      2,   DG  4.25 +/-  0.27
point      2 -      3,   DG  0.38 +/-  0.08
point      3 -      4,   DG -1.77 +/-  0.07
point      4 -      5,   DG -2.73 +/-  0.08
point      5 -      6,   DG -3.34 +/-  0.05
point      6 -      7,   DG -3.84 +/-  0.05
point      7 -      8,   DG -4.24 +/-  0.04
point      8 -      9,   DG -4.63 +/-  0.07
point      9 -     10,   DG -4.85 +/-  0.06
point     10 -     11,   DG -0.33 +/-  0.04
point     11 -     12,   DG -0.58 +/-  0.08
point     12 -     13,   DG -1.03 +/-  0.10
point     13 -     14,   DG -1.89 +/-  0.19
point     14 -     15,   DG -3.67 +/-  0.23

total      0 -     15,   DG -25.40 +/-  0.26

