
md10.edr: 0.0 - 20001.0; lambda = (0, 0.9)
    foreign lambdas:
        delta H to (0, 0.8) (20001 pts)
        delta H to (0, 0.9) (20001 pts)
        delta H to (0, 1) (20001 pts)



md11.edr: 0.0 - 20001.0; lambda = (0, 1)
    foreign lambdas:
        delta H to (0, 0.9) (20001 pts)
        delta H to (0, 1) (20001 pts)
        delta H to (0.2, 1) (20001 pts)



md12.edr: 0.0 - 20001.0; lambda = (0.2, 1)
    foreign lambdas:
        delta H to (0, 1) (20001 pts)
        delta H to (0.2, 1) (20001 pts)
        delta H to (0.4, 1) (20001 pts)



md13.edr: 0.0 - 20001.0; lambda = (0.4, 1)
    foreign lambdas:
        delta H to (0.2, 1) (20001 pts)
        delta H to (0.4, 1) (20001 pts)
        delta H to (0.6, 1) (20001 pts)



md14.edr: 0.0 - 20001.0; lambda = (0.6, 1)
    foreign lambdas:
        delta H to (0.4, 1) (20001 pts)
        delta H to (0.6, 1) (20001 pts)
        delta H to (0.8, 1) (20001 pts)



md15.edr: 0.0 - 20001.0; lambda = (0.8, 1)
    foreign lambdas:
        delta H to (0.6, 1) (20001 pts)
        delta H to (0.8, 1) (20001 pts)
        delta H to (1, 1) (20001 pts)



md16.edr: 0.0 - 20001.0; lambda = (1, 1)
    foreign lambdas:
        delta H to (0.8, 1) (20001 pts)
        delta H to (1, 1) (20001 pts)



md1.edr: 0.0 - 20001.0; lambda = (0, 0)
    foreign lambdas:
        delta H to (0, 0) (20001 pts)
        delta H to (0, 0.1) (20001 pts)



md2.edr: 0.0 - 20001.0; lambda = (0, 0.1)
    foreign lambdas:
        delta H to (0, 0) (20001 pts)
        delta H to (0, 0.1) (20001 pts)
        delta H to (0, 0.2) (20001 pts)



md3.edr: 0.0 - 20001.0; lambda = (0, 0.2)
    foreign lambdas:
        delta H to (0, 0.1) (20001 pts)
        delta H to (0, 0.2) (20001 pts)
        delta H to (0, 0.3) (20001 pts)



md4.edr: 0.0 - 20001.0; lambda = (0, 0.3)
    foreign lambdas:
        delta H to (0, 0.2) (20001 pts)
        delta H to (0, 0.3) (20001 pts)
        delta H to (0, 0.4) (20001 pts)



md5.edr: 0.0 - 20001.0; lambda = (0, 0.4)
    foreign lambdas:
        delta H to (0, 0.3) (20001 pts)
        delta H to (0, 0.4) (20001 pts)
        delta H to (0, 0.5) (20001 pts)



md6.edr: 0.0 - 20001.0; lambda = (0, 0.5)
    foreign lambdas:
        delta H to (0, 0.4) (20001 pts)
        delta H to (0, 0.5) (20001 pts)
        delta H to (0, 0.6) (20001 pts)



md7.edr: 0.0 - 20001.0; lambda = (0, 0.6)
    foreign lambdas:
        delta H to (0, 0.5) (20001 pts)
        delta H to (0, 0.6) (20001 pts)
        delta H to (0, 0.7) (20001 pts)



md8.edr: 0.0 - 20001.0; lambda = (0, 0.7)
    foreign lambdas:
        delta H to (0, 0.6) (20001 pts)
        delta H to (0, 0.7) (20001 pts)
        delta H to (0, 0.8) (20001 pts)



md9.edr: 0.0 - 20001.0; lambda = (0, 0.8)
    foreign lambdas:
        delta H to (0, 0.7) (20001 pts)
        delta H to (0, 0.8) (20001 pts)
        delta H to (0, 0.9) (20001 pts)



   Samples in time interval: 0.000 - 20001.000
Removing samples outside of: 0.000 - 17000.000

Temperature: 298.15 K

Detailed results in kT (see help for explanation):

 lam_A  lam_B      DG   +/-     s_A   +/-     s_B   +/-   stdev   +/- 
     0      1    1.11  0.05    0.79  0.05    0.83  0.06    1.35  0.02
     1      2    1.57  0.12    2.49  0.11    1.91  0.11    2.41  0.09
     2      3    0.13  0.02    2.42  0.06    1.38  0.03    2.02  0.03
     3      4   -0.71  0.01    1.41  0.02    0.84  0.01    1.49  0.01
     4      5   -1.08  0.02    1.10  0.03    0.69  0.01    1.30  0.01
     5      6   -1.35  0.01    0.95  0.01    0.62  0.01    1.21  0.01
     6      7   -1.55  0.01    0.78  0.01    0.49  0.01    1.11  0.00
     7      8   -1.71  0.01    0.72  0.02    0.44  0.01    1.03  0.01
     8      9   -1.86  0.01    0.63  0.01    0.40  0.01    0.96  0.00
     9     10   -1.95  0.01    0.54  0.01    0.35  0.01    0.90  0.01
    10     11   -0.13  0.01    0.04  0.02    0.04  0.02    0.35  0.01
    11     12   -0.22  0.02    0.05  0.02    0.05  0.02    0.37  0.01
    12     13   -0.36  0.04    0.09  0.03    0.10  0.03    0.42  0.02
    13     14   -0.72  0.04    0.26  0.04    0.31  0.04    0.65  0.01
    14     15   -1.47  0.04    0.45  0.05    0.52  0.05    0.95  0.03


Final results in kJ/mol:

point      0 -      1,   DG  2.76 +/-  0.12
point      1 -      2,   DG  3.89 +/-  0.29
point      2 -      3,   DG  0.33 +/-  0.06
point      3 -      4,   DG -1.77 +/-  0.02
point      4 -      5,   DG -2.68 +/-  0.05
point      5 -      6,   DG -3.34 +/-  0.02
point      6 -      7,   DG -3.85 +/-  0.04
point      7 -      8,   DG -4.24 +/-  0.03
point      8 -      9,   DG -4.61 +/-  0.02
point      9 -     10,   DG -4.84 +/-  0.03
point     10 -     11,   DG -0.31 +/-  0.03
point     11 -     12,   DG -0.54 +/-  0.05
point     12 -     13,   DG -0.89 +/-  0.10
point     13 -     14,   DG -1.79 +/-  0.10
point     14 -     15,   DG -3.66 +/-  0.10

total      0 -     15,   DG -25.52 +/-  0.26

