
md10.edr: 0.0 - 20001.0; lambda = (0, 0.9)
    foreign lambdas:
        delta H to (0, 0.8) (20001 pts)
        delta H to (0, 0.9) (20001 pts)
        delta H to (0, 1) (20001 pts)



md11.edr: 0.0 - 20001.0; lambda = (0, 1)
    foreign lambdas:
        delta H to (0, 0.9) (20001 pts)
        delta H to (0, 1) (20001 pts)
        delta H to (0.2, 1) (20001 pts)



md12.edr: 0.0 - 20001.0; lambda = (0.2, 1)
    foreign lambdas:
        delta H to (0, 1) (20001 pts)
        delta H to (0.2, 1) (20001 pts)
        delta H to (0.4, 1) (20001 pts)



md13.edr: 0.0 - 20001.0; lambda = (0.4, 1)
    foreign lambdas:
        delta H to (0.2, 1) (20001 pts)
        delta H to (0.4, 1) (20001 pts)
        delta H to (0.6, 1) (20001 pts)



md14.edr: 0.0 - 20001.0; lambda = (0.6, 1)
    foreign lambdas:
        delta H to (0.4, 1) (20001 pts)
        delta H to (0.6, 1) (20001 pts)
        delta H to (0.8, 1) (20001 pts)



md15.edr: 0.0 - 20001.0; lambda = (0.8, 1)
    foreign lambdas:
        delta H to (0.6, 1) (20001 pts)
        delta H to (0.8, 1) (20001 pts)
        delta H to (1, 1) (20001 pts)



md16.edr: 0.0 - 20001.0; lambda = (1, 1)
    foreign lambdas:
        delta H to (0.8, 1) (20001 pts)
        delta H to (1, 1) (20001 pts)



md1.edr: 0.0 - 20001.0; lambda = (0, 0)
    foreign lambdas:
        delta H to (0, 0) (20001 pts)
        delta H to (0, 0.1) (20001 pts)



md2.edr: 0.0 - 20001.0; lambda = (0, 0.1)
    foreign lambdas:
        delta H to (0, 0) (20001 pts)
        delta H to (0, 0.1) (20001 pts)
        delta H to (0, 0.2) (20001 pts)



md3.edr: 0.0 - 20001.0; lambda = (0, 0.2)
    foreign lambdas:
        delta H to (0, 0.1) (20001 pts)
        delta H to (0, 0.2) (20001 pts)
        delta H to (0, 0.3) (20001 pts)



md4.edr: 0.0 - 20001.0; lambda = (0, 0.3)
    foreign lambdas:
        delta H to (0, 0.2) (20001 pts)
        delta H to (0, 0.3) (20001 pts)
        delta H to (0, 0.4) (20001 pts)



md5.edr: 0.0 - 20001.0; lambda = (0, 0.4)
    foreign lambdas:
        delta H to (0, 0.3) (20001 pts)
        delta H to (0, 0.4) (20001 pts)
        delta H to (0, 0.5) (20001 pts)



md6.edr: 0.0 - 20001.0; lambda = (0, 0.5)
    foreign lambdas:
        delta H to (0, 0.4) (20001 pts)
        delta H to (0, 0.5) (20001 pts)
        delta H to (0, 0.6) (20001 pts)



md7.edr: 0.0 - 20001.0; lambda = (0, 0.6)
    foreign lambdas:
        delta H to (0, 0.5) (20001 pts)
        delta H to (0, 0.6) (20001 pts)
        delta H to (0, 0.7) (20001 pts)



md8.edr: 0.0 - 20001.0; lambda = (0, 0.7)
    foreign lambdas:
        delta H to (0, 0.6) (20001 pts)
        delta H to (0, 0.7) (20001 pts)
        delta H to (0, 0.8) (20001 pts)



md9.edr: 0.0 - 20001.0; lambda = (0, 0.8)
    foreign lambdas:
        delta H to (0, 0.7) (20001 pts)
        delta H to (0, 0.8) (20001 pts)
        delta H to (0, 0.9) (20001 pts)



   Samples in time interval: 0.000 - 20001.000
Removing samples outside of: 0.000 - 15000.000

Temperature: 298.15 K

Detailed results in kT (see help for explanation):

 lam_A  lam_B      DG   +/-     s_A   +/-     s_B   +/-   stdev   +/- 
     0      1    1.21  0.07    0.86  0.07    0.91  0.06    1.34  0.03
     1      2    1.57  0.08    2.51  0.14    1.97  0.11    2.44  0.10
     2      3    0.11  0.04    2.31  0.06    1.33  0.03    1.96  0.03
     3      4   -0.70  0.03    1.40  0.04    0.86  0.02    1.49  0.02
     4      5   -1.08  0.02    1.09  0.03    0.69  0.02    1.31  0.01
     5      6   -1.32  0.02    0.90  0.03    0.58  0.03    1.19  0.01
     6      7   -1.51  0.02    0.83  0.02    0.53  0.01    1.12  0.01
     7      8   -1.69  0.01    0.70  0.01    0.44  0.01    1.02  0.00
     8      9   -1.83  0.01    0.63  0.01    0.40  0.01    0.96  0.01
     9     10   -1.93  0.01    0.52  0.01    0.34  0.01    0.89  0.01
    10     11   -0.08  0.01    0.04  0.02    0.04  0.02    0.34  0.02
    11     12   -0.24  0.03    0.13  0.01    0.14  0.01    0.41  0.02
    12     13   -0.44  0.05    0.05  0.02    0.07  0.01    0.48  0.02
    13     14   -0.70  0.07    0.19  0.05    0.24  0.05    0.63  0.03
    14     15   -1.32  0.08    0.39  0.08    0.49  0.08    0.92  0.05


Final results in kJ/mol:

point      0 -      1,   DG  2.99 +/-  0.18
point      1 -      2,   DG  3.90 +/-  0.20
point      2 -      3,   DG  0.28 +/-  0.10
point      3 -      4,   DG -1.73 +/-  0.08
point      4 -      5,   DG -2.67 +/-  0.04
point      5 -      6,   DG -3.27 +/-  0.04
point      6 -      7,   DG -3.75 +/-  0.05
point      7 -      8,   DG -4.19 +/-  0.03
point      8 -      9,   DG -4.53 +/-  0.02
point      9 -     10,   DG -4.78 +/-  0.03
point     10 -     11,   DG -0.20 +/-  0.02
point     11 -     12,   DG -0.61 +/-  0.08
point     12 -     13,   DG -1.08 +/-  0.13
point     13 -     14,   DG -1.73 +/-  0.17
point     14 -     15,   DG -3.28 +/-  0.20

total      0 -     15,   DG -24.64 +/-  0.77

