
md10.edr: 0.0 - 20001.0; lambda = (0, 0.9)
    foreign lambdas:
        delta H to (0, 0.8) (20001 pts)
        delta H to (0, 0.9) (20001 pts)
        delta H to (0, 1) (20001 pts)



md11.edr: 0.0 - 20001.0; lambda = (0, 1)
    foreign lambdas:
        delta H to (0, 0.9) (20001 pts)
        delta H to (0, 1) (20001 pts)
        delta H to (0.2, 1) (20001 pts)



md12.edr: 0.0 - 20001.0; lambda = (0.2, 1)
    foreign lambdas:
        delta H to (0, 1) (20001 pts)
        delta H to (0.2, 1) (20001 pts)
        delta H to (0.4, 1) (20001 pts)



md13.edr: 0.0 - 20001.0; lambda = (0.4, 1)
    foreign lambdas:
        delta H to (0.2, 1) (20001 pts)
        delta H to (0.4, 1) (20001 pts)
        delta H to (0.6, 1) (20001 pts)



md14.edr: 0.0 - 20001.0; lambda = (0.6, 1)
    foreign lambdas:
        delta H to (0.4, 1) (20001 pts)
        delta H to (0.6, 1) (20001 pts)
        delta H to (0.8, 1) (20001 pts)



md15.edr: 0.0 - 20001.0; lambda = (0.8, 1)
    foreign lambdas:
        delta H to (0.6, 1) (20001 pts)
        delta H to (0.8, 1) (20001 pts)
        delta H to (1, 1) (20001 pts)



md16.edr: 0.0 - 20001.0; lambda = (1, 1)
    foreign lambdas:
        delta H to (0.8, 1) (20001 pts)
        delta H to (1, 1) (20001 pts)



md1.edr: 0.0 - 20001.0; lambda = (0, 0)
    foreign lambdas:
        delta H to (0, 0) (20001 pts)
        delta H to (0, 0.1) (20001 pts)



md2.edr: 0.0 - 20001.0; lambda = (0, 0.1)
    foreign lambdas:
        delta H to (0, 0) (20001 pts)
        delta H to (0, 0.1) (20001 pts)
        delta H to (0, 0.2) (20001 pts)



md3.edr: 0.0 - 20001.0; lambda = (0, 0.2)
    foreign lambdas:
        delta H to (0, 0.1) (20001 pts)
        delta H to (0, 0.2) (20001 pts)
        delta H to (0, 0.3) (20001 pts)



md4.edr: 0.0 - 20001.0; lambda = (0, 0.3)
    foreign lambdas:
        delta H to (0, 0.2) (20001 pts)
        delta H to (0, 0.3) (20001 pts)
        delta H to (0, 0.4) (20001 pts)



md5.edr: 0.0 - 20001.0; lambda = (0, 0.4)
    foreign lambdas:
        delta H to (0, 0.3) (20001 pts)
        delta H to (0, 0.4) (20001 pts)
        delta H to (0, 0.5) (20001 pts)



md6.edr: 0.0 - 20001.0; lambda = (0, 0.5)
    foreign lambdas:
        delta H to (0, 0.4) (20001 pts)
        delta H to (0, 0.5) (20001 pts)
        delta H to (0, 0.6) (20001 pts)



md7.edr: 0.0 - 20001.0; lambda = (0, 0.6)
    foreign lambdas:
        delta H to (0, 0.5) (20001 pts)
        delta H to (0, 0.6) (20001 pts)
        delta H to (0, 0.7) (20001 pts)



md8.edr: 0.0 - 20001.0; lambda = (0, 0.7)
    foreign lambdas:
        delta H to (0, 0.6) (20001 pts)
        delta H to (0, 0.7) (20001 pts)
        delta H to (0, 0.8) (20001 pts)



md9.edr: 0.0 - 20001.0; lambda = (0, 0.8)
    foreign lambdas:
        delta H to (0, 0.7) (20001 pts)
        delta H to (0, 0.8) (20001 pts)
        delta H to (0, 0.9) (20001 pts)



   Samples in time interval: 0.000 - 20001.000
Removing samples outside of: 0.000 - 3000.000

Temperature: 298.15 K

Detailed results in kT (see help for explanation):

 lam_A  lam_B      DG   +/-     s_A   +/-     s_B   +/-   stdev   +/- 
     0      1    1.13  0.15    0.74  0.18    0.78  0.20    1.28  0.09
     1      2    1.65  0.18    2.68  0.10    2.18  0.14    2.60  0.11
     2      3   -0.03  0.06    2.18  0.12    1.28  0.07    1.88  0.05
     3      4   -0.74  0.07    1.28  0.09    0.79  0.03    1.45  0.04
     4      5   -1.11  0.05    1.15  0.04    0.73  0.03    1.32  0.02
     5      6   -1.36  0.05    0.80  0.03    0.50  0.02    1.15  0.02
     6      7   -1.50  0.03    0.88  0.09    0.55  0.05    1.12  0.04
     7      8   -1.73  0.04    0.69  0.01    0.44  0.01    1.01  0.02
     8      9   -1.84  0.03    0.62  0.03    0.39  0.02    0.96  0.02
     9     10   -1.91  0.02    0.48  0.05    0.31  0.04    0.86  0.02
    10     11   -0.10  0.03    0.11  0.02    0.11  0.02    0.35  0.02
    11     12   -0.35  0.04    0.15  0.05    0.16  0.05    0.44  0.03
    12     13   -0.58  0.03    0.08  0.07    0.08  0.06    0.47  0.01
    13     14   -0.72  0.09    0.06  0.07    0.08  0.07    0.57  0.04
    14     15   -1.47  0.15    0.67  0.13    0.76  0.14    1.07  0.10


Final results in kJ/mol:

point      0 -      1,   DG  2.80 +/-  0.37
point      1 -      2,   DG  4.10 +/-  0.44
point      2 -      3,   DG -0.08 +/-  0.16
point      3 -      4,   DG -1.84 +/-  0.16
point      4 -      5,   DG -2.74 +/-  0.12
point      5 -      6,   DG -3.38 +/-  0.13
point      6 -      7,   DG -3.71 +/-  0.08
point      7 -      8,   DG -4.29 +/-  0.09
point      8 -      9,   DG -4.55 +/-  0.08
point      9 -     10,   DG -4.72 +/-  0.04
point     10 -     11,   DG -0.24 +/-  0.08
point     11 -     12,   DG -0.87 +/-  0.11
point     12 -     13,   DG -1.45 +/-  0.08
point     13 -     14,   DG -1.80 +/-  0.22
point     14 -     15,   DG -3.65 +/-  0.37

total      0 -     15,   DG -26.42 +/-  0.84

