
md10.edr: 0.0 - 20001.0; lambda = (0, 0.9)
    foreign lambdas:
        delta H to (0, 0.8) (20001 pts)
        delta H to (0, 0.9) (20001 pts)
        delta H to (0, 1) (20001 pts)



md11.edr: 0.0 - 20001.0; lambda = (0, 1)
    foreign lambdas:
        delta H to (0, 0.9) (20001 pts)
        delta H to (0, 1) (20001 pts)
        delta H to (0.2, 1) (20001 pts)



md12.edr: 0.0 - 20001.0; lambda = (0.2, 1)
    foreign lambdas:
        delta H to (0, 1) (20001 pts)
        delta H to (0.2, 1) (20001 pts)
        delta H to (0.4, 1) (20001 pts)



md13.edr: 0.0 - 20001.0; lambda = (0.4, 1)
    foreign lambdas:
        delta H to (0.2, 1) (20001 pts)
        delta H to (0.4, 1) (20001 pts)
        delta H to (0.6, 1) (20001 pts)



md14.edr: 0.0 - 20001.0; lambda = (0.6, 1)
    foreign lambdas:
        delta H to (0.4, 1) (20001 pts)
        delta H to (0.6, 1) (20001 pts)
        delta H to (0.8, 1) (20001 pts)



md15.edr: 0.0 - 20001.0; lambda = (0.8, 1)
    foreign lambdas:
        delta H to (0.6, 1) (20001 pts)
        delta H to (0.8, 1) (20001 pts)
        delta H to (1, 1) (20001 pts)



md16.edr: 0.0 - 20001.0; lambda = (1, 1)
    foreign lambdas:
        delta H to (0.8, 1) (20001 pts)
        delta H to (1, 1) (20001 pts)



md1.edr: 0.0 - 20001.0; lambda = (0, 0)
    foreign lambdas:
        delta H to (0, 0) (20001 pts)
        delta H to (0, 0.1) (20001 pts)



md2.edr: 0.0 - 20001.0; lambda = (0, 0.1)
    foreign lambdas:
        delta H to (0, 0) (20001 pts)
        delta H to (0, 0.1) (20001 pts)
        delta H to (0, 0.2) (20001 pts)



md3.edr: 0.0 - 20001.0; lambda = (0, 0.2)
    foreign lambdas:
        delta H to (0, 0.1) (20001 pts)
        delta H to (0, 0.2) (20001 pts)
        delta H to (0, 0.3) (20001 pts)



md4.edr: 0.0 - 20001.0; lambda = (0, 0.3)
    foreign lambdas:
        delta H to (0, 0.2) (20001 pts)
        delta H to (0, 0.3) (20001 pts)
        delta H to (0, 0.4) (20001 pts)



md5.edr: 0.0 - 20001.0; lambda = (0, 0.4)
    foreign lambdas:
        delta H to (0, 0.3) (20001 pts)
        delta H to (0, 0.4) (20001 pts)
        delta H to (0, 0.5) (20001 pts)



md6.edr: 0.0 - 20001.0; lambda = (0, 0.5)
    foreign lambdas:
        delta H to (0, 0.4) (20001 pts)
        delta H to (0, 0.5) (20001 pts)
        delta H to (0, 0.6) (20001 pts)



md7.edr: 0.0 - 20001.0; lambda = (0, 0.6)
    foreign lambdas:
        delta H to (0, 0.5) (20001 pts)
        delta H to (0, 0.6) (20001 pts)
        delta H to (0, 0.7) (20001 pts)



md8.edr: 0.0 - 20001.0; lambda = (0, 0.7)
    foreign lambdas:
        delta H to (0, 0.6) (20001 pts)
        delta H to (0, 0.7) (20001 pts)
        delta H to (0, 0.8) (20001 pts)



md9.edr: 0.0 - 20001.0; lambda = (0, 0.8)
    foreign lambdas:
        delta H to (0, 0.7) (20001 pts)
        delta H to (0, 0.8) (20001 pts)
        delta H to (0, 0.9) (20001 pts)



   Samples in time interval: 0.000 - 20001.000
Removing samples outside of: 0.000 - 7000.000

Temperature: 298.15 K

Detailed results in kT (see help for explanation):

 lam_A  lam_B      DG   +/-     s_A   +/-     s_B   +/-   stdev   +/- 
     0      1    1.18  0.12    0.76  0.09    0.83  0.09    1.30  0.02
     1      2    1.58  0.11    2.65  0.13    2.08  0.13    2.54  0.10
     2      3    0.05  0.04    2.19  0.06    1.28  0.04    1.90  0.02
     3      4   -0.69  0.03    1.41  0.06    0.87  0.04    1.50  0.02
     4      5   -1.09  0.03    1.08  0.04    0.68  0.02    1.30  0.03
     5      6   -1.34  0.02    0.85  0.04    0.55  0.02    1.16  0.02
     6      7   -1.52  0.02    0.83  0.05    0.53  0.03    1.11  0.02
     7      8   -1.71  0.01    0.69  0.02    0.43  0.02    1.01  0.01
     8      9   -1.83  0.02    0.65  0.01    0.41  0.01    0.97  0.01
     9     10   -1.92  0.01    0.50  0.03    0.32  0.02    0.88  0.02
    10     11   -0.08  0.04    0.07  0.02    0.07  0.02    0.35  0.03
    11     12   -0.31  0.05    0.16  0.02    0.17  0.02    0.44  0.02
    12     13   -0.52  0.07    0.04  0.05    0.06  0.05    0.48  0.02
    13     14   -0.79  0.09    0.21  0.08    0.25  0.09    0.64  0.03
    14     15   -1.42  0.13    0.37  0.14    0.45  0.15    0.92  0.08


Final results in kJ/mol:

point      0 -      1,   DG  2.93 +/-  0.29
point      1 -      2,   DG  3.92 +/-  0.28
point      2 -      3,   DG  0.13 +/-  0.11
point      3 -      4,   DG -1.71 +/-  0.08
point      4 -      5,   DG -2.69 +/-  0.07
point      5 -      6,   DG -3.33 +/-  0.04
point      6 -      7,   DG -3.77 +/-  0.04
point      7 -      8,   DG -4.23 +/-  0.03
point      8 -      9,   DG -4.53 +/-  0.06
point      9 -     10,   DG -4.76 +/-  0.03
point     10 -     11,   DG -0.19 +/-  0.09
point     11 -     12,   DG -0.76 +/-  0.12
point     12 -     13,   DG -1.30 +/-  0.17
point     13 -     14,   DG -1.97 +/-  0.22
point     14 -     15,   DG -3.51 +/-  0.32

total      0 -     15,   DG -25.77 +/-  0.49

