
md10.edr: 0.0 - 20001.0; lambda = (0, 0.9)
    foreign lambdas:
        delta H to (0, 0.8) (20001 pts)
        delta H to (0, 0.9) (20001 pts)
        delta H to (0, 1) (20001 pts)



md11.edr: 0.0 - 20001.0; lambda = (0, 1)
    foreign lambdas:
        delta H to (0, 0.9) (20001 pts)
        delta H to (0, 1) (20001 pts)
        delta H to (0.2, 1) (20001 pts)



md12.edr: 0.0 - 20001.0; lambda = (0.2, 1)
    foreign lambdas:
        delta H to (0, 1) (20001 pts)
        delta H to (0.2, 1) (20001 pts)
        delta H to (0.4, 1) (20001 pts)



md13.edr: 0.0 - 20001.0; lambda = (0.4, 1)
    foreign lambdas:
        delta H to (0.2, 1) (20001 pts)
        delta H to (0.4, 1) (20001 pts)
        delta H to (0.6, 1) (20001 pts)



md14.edr: 0.0 - 20001.0; lambda = (0.6, 1)
    foreign lambdas:
        delta H to (0.4, 1) (20001 pts)
        delta H to (0.6, 1) (20001 pts)
        delta H to (0.8, 1) (20001 pts)



md15.edr: 0.0 - 20001.0; lambda = (0.8, 1)
    foreign lambdas:
        delta H to (0.6, 1) (20001 pts)
        delta H to (0.8, 1) (20001 pts)
        delta H to (1, 1) (20001 pts)



md16.edr: 0.0 - 20001.0; lambda = (1, 1)
    foreign lambdas:
        delta H to (0.8, 1) (20001 pts)
        delta H to (1, 1) (20001 pts)



md1.edr: 0.0 - 20001.0; lambda = (0, 0)
    foreign lambdas:
        delta H to (0, 0) (20001 pts)
        delta H to (0, 0.1) (20001 pts)



md2.edr: 0.0 - 20001.0; lambda = (0, 0.1)
    foreign lambdas:
        delta H to (0, 0) (20001 pts)
        delta H to (0, 0.1) (20001 pts)
        delta H to (0, 0.2) (20001 pts)



md3.edr: 0.0 - 20001.0; lambda = (0, 0.2)
    foreign lambdas:
        delta H to (0, 0.1) (20001 pts)
        delta H to (0, 0.2) (20001 pts)
        delta H to (0, 0.3) (20001 pts)



md4.edr: 0.0 - 20001.0; lambda = (0, 0.3)
    foreign lambdas:
        delta H to (0, 0.2) (20001 pts)
        delta H to (0, 0.3) (20001 pts)
        delta H to (0, 0.4) (20001 pts)



md5.edr: 0.0 - 20001.0; lambda = (0, 0.4)
    foreign lambdas:
        delta H to (0, 0.3) (20001 pts)
        delta H to (0, 0.4) (20001 pts)
        delta H to (0, 0.5) (20001 pts)



md6.edr: 0.0 - 20001.0; lambda = (0, 0.5)
    foreign lambdas:
        delta H to (0, 0.4) (20001 pts)
        delta H to (0, 0.5) (20001 pts)
        delta H to (0, 0.6) (20001 pts)



md7.edr: 0.0 - 20001.0; lambda = (0, 0.6)
    foreign lambdas:
        delta H to (0, 0.5) (20001 pts)
        delta H to (0, 0.6) (20001 pts)
        delta H to (0, 0.7) (20001 pts)



md8.edr: 0.0 - 20001.0; lambda = (0, 0.7)
    foreign lambdas:
        delta H to (0, 0.6) (20001 pts)
        delta H to (0, 0.7) (20001 pts)
        delta H to (0, 0.8) (20001 pts)



md9.edr: 0.0 - 20001.0; lambda = (0, 0.8)
    foreign lambdas:
        delta H to (0, 0.7) (20001 pts)
        delta H to (0, 0.8) (20001 pts)
        delta H to (0, 0.9) (20001 pts)



   Samples in time interval: 0.000 - 20001.000
Removing samples outside of: 0.000 - 5000.000

Temperature: 298.15 K

Detailed results in kT (see help for explanation):

 lam_A  lam_B      DG   +/-     s_A   +/-     s_B   +/-   stdev   +/- 
     0      1    1.23  0.13    0.74  0.11    0.80  0.13    1.29  0.06
     1      2    1.71  0.13    2.71  0.06    2.19  0.12    2.62  0.08
     2      3    0.02  0.04    2.22  0.08    1.27  0.05    1.90  0.03
     3      4   -0.71  0.06    1.36  0.08    0.83  0.04    1.49  0.04
     4      5   -1.09  0.04    1.11  0.03    0.69  0.03    1.31  0.02
     5      6   -1.35  0.04    0.85  0.08    0.54  0.05    1.17  0.03
     6      7   -1.52  0.03    0.84  0.10    0.53  0.06    1.11  0.04
     7      8   -1.72  0.02    0.69  0.04    0.43  0.03    1.01  0.01
     8      9   -1.83  0.03    0.64  0.04    0.41  0.02    0.97  0.02
     9     10   -1.92  0.02    0.50  0.04    0.32  0.03    0.88  0.02
    10     11   -0.10  0.05    0.09  0.01    0.09  0.01    0.37  0.01
    11     12   -0.35  0.06    0.15  0.03    0.16  0.03    0.46  0.03
    12     13   -0.61  0.04    0.10  0.06    0.11  0.06    0.50  0.02
    13     14   -0.85  0.11    0.13  0.08    0.17  0.08    0.62  0.03
    14     15   -1.53  0.14    0.52  0.18    0.59  0.19    0.97  0.12


Final results in kJ/mol:

point      0 -      1,   DG  3.04 +/-  0.33
point      1 -      2,   DG  4.24 +/-  0.32
point      2 -      3,   DG  0.05 +/-  0.10
point      3 -      4,   DG -1.75 +/-  0.15
point      4 -      5,   DG -2.71 +/-  0.09
point      5 -      6,   DG -3.35 +/-  0.11
point      6 -      7,   DG -3.76 +/-  0.08
point      7 -      8,   DG -4.25 +/-  0.05
point      8 -      9,   DG -4.55 +/-  0.08
point      9 -     10,   DG -4.76 +/-  0.04
point     10 -     11,   DG -0.25 +/-  0.11
point     11 -     12,   DG -0.86 +/-  0.16
point     12 -     13,   DG -1.51 +/-  0.09
point     13 -     14,   DG -2.11 +/-  0.28
point     14 -     15,   DG -3.80 +/-  0.36

total      0 -     15,   DG -26.31 +/-  0.64

