
md10.edr: 0.0 - 20001.0; lambda = (0, 0.9)
    foreign lambdas:
        delta H to (0, 0.8) (20001 pts)
        delta H to (0, 0.9) (20001 pts)
        delta H to (0, 1) (20001 pts)



md11.edr: 0.0 - 20001.0; lambda = (0, 1)
    foreign lambdas:
        delta H to (0, 0.9) (20001 pts)
        delta H to (0, 1) (20001 pts)
        delta H to (0.2, 1) (20001 pts)



md12.edr: 0.0 - 20001.0; lambda = (0.2, 1)
    foreign lambdas:
        delta H to (0, 1) (20001 pts)
        delta H to (0.2, 1) (20001 pts)
        delta H to (0.4, 1) (20001 pts)



md13.edr: 0.0 - 20001.0; lambda = (0.4, 1)
    foreign lambdas:
        delta H to (0.2, 1) (20001 pts)
        delta H to (0.4, 1) (20001 pts)
        delta H to (0.6, 1) (20001 pts)



md14.edr: 0.0 - 20001.0; lambda = (0.6, 1)
    foreign lambdas:
        delta H to (0.4, 1) (20001 pts)
        delta H to (0.6, 1) (20001 pts)
        delta H to (0.8, 1) (20001 pts)



md15.edr: 0.0 - 20001.0; lambda = (0.8, 1)
    foreign lambdas:
        delta H to (0.6, 1) (20001 pts)
        delta H to (0.8, 1) (20001 pts)
        delta H to (1, 1) (20001 pts)



md16.edr: 0.0 - 20001.0; lambda = (1, 1)
    foreign lambdas:
        delta H to (0.8, 1) (20001 pts)
        delta H to (1, 1) (20001 pts)



md1.edr: 0.0 - 20001.0; lambda = (0, 0)
    foreign lambdas:
        delta H to (0, 0) (20001 pts)
        delta H to (0, 0.1) (20001 pts)



md2.edr: 0.0 - 20001.0; lambda = (0, 0.1)
    foreign lambdas:
        delta H to (0, 0) (20001 pts)
        delta H to (0, 0.1) (20001 pts)
        delta H to (0, 0.2) (20001 pts)



md3.edr: 0.0 - 20001.0; lambda = (0, 0.2)
    foreign lambdas:
        delta H to (0, 0.1) (20001 pts)
        delta H to (0, 0.2) (20001 pts)
        delta H to (0, 0.3) (20001 pts)



md4.edr: 0.0 - 20001.0; lambda = (0, 0.3)
    foreign lambdas:
        delta H to (0, 0.2) (20001 pts)
        delta H to (0, 0.3) (20001 pts)
        delta H to (0, 0.4) (20001 pts)



md5.edr: 0.0 - 20001.0; lambda = (0, 0.4)
    foreign lambdas:
        delta H to (0, 0.3) (20001 pts)
        delta H to (0, 0.4) (20001 pts)
        delta H to (0, 0.5) (20001 pts)



md6.edr: 0.0 - 20001.0; lambda = (0, 0.5)
    foreign lambdas:
        delta H to (0, 0.4) (20001 pts)
        delta H to (0, 0.5) (20001 pts)
        delta H to (0, 0.6) (20001 pts)



md7.edr: 0.0 - 20001.0; lambda = (0, 0.6)
    foreign lambdas:
        delta H to (0, 0.5) (20001 pts)
        delta H to (0, 0.6) (20001 pts)
        delta H to (0, 0.7) (20001 pts)



md8.edr: 0.0 - 20001.0; lambda = (0, 0.7)
    foreign lambdas:
        delta H to (0, 0.6) (20001 pts)
        delta H to (0, 0.7) (20001 pts)
        delta H to (0, 0.8) (20001 pts)



md9.edr: 0.0 - 20001.0; lambda = (0, 0.8)
    foreign lambdas:
        delta H to (0, 0.7) (20001 pts)
        delta H to (0, 0.8) (20001 pts)
        delta H to (0, 0.9) (20001 pts)



   Samples in time interval: 0.000 - 20001.000
Removing samples outside of: 0.000 - 8000.000

Temperature: 298.15 K

Detailed results in kT (see help for explanation):

 lam_A  lam_B      DG   +/-     s_A   +/-     s_B   +/-   stdev   +/- 
     0      1    1.17  0.10    0.80  0.07    0.86  0.07    1.32  0.03
     1      2    1.55  0.12    2.60  0.13    2.03  0.13    2.50  0.11
     2      3    0.06  0.05    2.21  0.07    1.30  0.05    1.92  0.03
     3      4   -0.70  0.03    1.38  0.06    0.85  0.03    1.49  0.02
     4      5   -1.08  0.03    1.10  0.02    0.69  0.01    1.30  0.01
     5      6   -1.35  0.02    0.87  0.04    0.55  0.03    1.17  0.02
     6      7   -1.52  0.02    0.81  0.03    0.52  0.02    1.10  0.01
     7      8   -1.70  0.01    0.70  0.03    0.44  0.02    1.02  0.01
     8      9   -1.84  0.03    0.64  0.02    0.41  0.02    0.97  0.01
     9     10   -1.93  0.02    0.52  0.03    0.33  0.02    0.88  0.02
    10     11   -0.07  0.03    0.06  0.02    0.06  0.03    0.34  0.03
    11     12   -0.27  0.05    0.14  0.02    0.15  0.02    0.43  0.02
    12     13   -0.48  0.08    0.05  0.04    0.07  0.04    0.48  0.03
    13     14   -0.79  0.09    0.24  0.08    0.28  0.09    0.65  0.03
    14     15   -1.41  0.10    0.34  0.14    0.41  0.15    0.90  0.08


Final results in kJ/mol:

point      0 -      1,   DG  2.91 +/-  0.25
point      1 -      2,   DG  3.84 +/-  0.31
point      2 -      3,   DG  0.14 +/-  0.12
point      3 -      4,   DG -1.74 +/-  0.08
point      4 -      5,   DG -2.68 +/-  0.07
point      5 -      6,   DG -3.34 +/-  0.04
point      6 -      7,   DG -3.78 +/-  0.05
point      7 -      8,   DG -4.22 +/-  0.03
point      8 -      9,   DG -4.55 +/-  0.08
point      9 -     10,   DG -4.79 +/-  0.05
point     10 -     11,   DG -0.19 +/-  0.08
point     11 -     12,   DG -0.68 +/-  0.12
point     12 -     13,   DG -1.20 +/-  0.20
point     13 -     14,   DG -1.96 +/-  0.22
point     14 -     15,   DG -3.49 +/-  0.25

total      0 -     15,   DG -25.73 +/-  0.46

