
md10.edr: 0.0 - 20001.0; lambda = (0, 0.9)
    foreign lambdas:
        delta H to (0, 0.8) (20001 pts)
        delta H to (0, 0.9) (20001 pts)
        delta H to (0, 1) (20001 pts)



md11.edr: 0.0 - 20001.0; lambda = (0, 1)
    foreign lambdas:
        delta H to (0, 0.9) (20001 pts)
        delta H to (0, 1) (20001 pts)
        delta H to (0.2, 1) (20001 pts)



md12.edr: 0.0 - 20001.0; lambda = (0.2, 1)
    foreign lambdas:
        delta H to (0, 1) (20001 pts)
        delta H to (0.2, 1) (20001 pts)
        delta H to (0.4, 1) (20001 pts)



md13.edr: 0.0 - 20001.0; lambda = (0.4, 1)
    foreign lambdas:
        delta H to (0.2, 1) (20001 pts)
        delta H to (0.4, 1) (20001 pts)
        delta H to (0.6, 1) (20001 pts)



md14.edr: 0.0 - 20001.0; lambda = (0.6, 1)
    foreign lambdas:
        delta H to (0.4, 1) (20001 pts)
        delta H to (0.6, 1) (20001 pts)
        delta H to (0.8, 1) (20001 pts)



md15.edr: 0.0 - 20001.0; lambda = (0.8, 1)
    foreign lambdas:
        delta H to (0.6, 1) (20001 pts)
        delta H to (0.8, 1) (20001 pts)
        delta H to (1, 1) (20001 pts)



md16.edr: 0.0 - 20001.0; lambda = (1, 1)
    foreign lambdas:
        delta H to (0.8, 1) (20001 pts)
        delta H to (1, 1) (20001 pts)



md1.edr: 0.0 - 20001.0; lambda = (0, 0)
    foreign lambdas:
        delta H to (0, 0) (20001 pts)
        delta H to (0, 0.1) (20001 pts)



md2.edr: 0.0 - 20001.0; lambda = (0, 0.1)
    foreign lambdas:
        delta H to (0, 0) (20001 pts)
        delta H to (0, 0.1) (20001 pts)
        delta H to (0, 0.2) (20001 pts)



md3.edr: 0.0 - 20001.0; lambda = (0, 0.2)
    foreign lambdas:
        delta H to (0, 0.1) (20001 pts)
        delta H to (0, 0.2) (20001 pts)
        delta H to (0, 0.3) (20001 pts)



md4.edr: 0.0 - 20001.0; lambda = (0, 0.3)
    foreign lambdas:
        delta H to (0, 0.2) (20001 pts)
        delta H to (0, 0.3) (20001 pts)
        delta H to (0, 0.4) (20001 pts)



md5.edr: 0.0 - 20001.0; lambda = (0, 0.4)
    foreign lambdas:
        delta H to (0, 0.3) (20001 pts)
        delta H to (0, 0.4) (20001 pts)
        delta H to (0, 0.5) (20001 pts)



md6.edr: 0.0 - 20001.0; lambda = (0, 0.5)
    foreign lambdas:
        delta H to (0, 0.4) (20001 pts)
        delta H to (0, 0.5) (20001 pts)
        delta H to (0, 0.6) (20001 pts)



md7.edr: 0.0 - 20001.0; lambda = (0, 0.6)
    foreign lambdas:
        delta H to (0, 0.5) (20001 pts)
        delta H to (0, 0.6) (20001 pts)
        delta H to (0, 0.7) (20001 pts)



md8.edr: 0.0 - 20001.0; lambda = (0, 0.7)
    foreign lambdas:
        delta H to (0, 0.6) (20001 pts)
        delta H to (0, 0.7) (20001 pts)
        delta H to (0, 0.8) (20001 pts)



md9.edr: 0.0 - 20001.0; lambda = (0, 0.8)
    foreign lambdas:
        delta H to (0, 0.7) (20001 pts)
        delta H to (0, 0.8) (20001 pts)
        delta H to (0, 0.9) (20001 pts)



   Samples in time interval: 0.000 - 20001.000
Removing samples outside of: 0.000 - 4000.000

Temperature: 298.15 K

Detailed results in kT (see help for explanation):

 lam_A  lam_B      DG   +/-     s_A   +/-     s_B   +/-   stdev   +/- 
     0      1    1.23  0.15    0.76  0.14    0.81  0.15    1.29  0.07
     1      2    1.72  0.14    2.71  0.10    2.24  0.11    2.64  0.09
     2      3   -0.01  0.07    2.21  0.08    1.27  0.05    1.89  0.04
     3      4   -0.74  0.06    1.31  0.06    0.80  0.03    1.47  0.03
     4      5   -1.09  0.06    1.11  0.04    0.70  0.03    1.32  0.01
     5      6   -1.35  0.05    0.89  0.09    0.56  0.06    1.18  0.04
     6      7   -1.52  0.05    0.81  0.10    0.51  0.06    1.10  0.05
     7      8   -1.71  0.02    0.72  0.01    0.46  0.01    1.02  0.00
     8      9   -1.85  0.03    0.62  0.03    0.39  0.02    0.95  0.02
     9     10   -1.92  0.02    0.49  0.05    0.32  0.03    0.87  0.02
    10     11   -0.13  0.04    0.10  0.02    0.10  0.02    0.37  0.02
    11     12   -0.39  0.04    0.16  0.04    0.17  0.05    0.46  0.03
    12     13   -0.62  0.03    0.06  0.08    0.06  0.08    0.48  0.01
    13     14   -0.79  0.10    0.10  0.08    0.13  0.08    0.59  0.03
    14     15   -1.57  0.16    0.66  0.16    0.73  0.15    1.06  0.11


Final results in kJ/mol:

point      0 -      1,   DG  3.06 +/-  0.37
point      1 -      2,   DG  4.27 +/-  0.36
point      2 -      3,   DG -0.03 +/-  0.17
point      3 -      4,   DG -1.84 +/-  0.14
point      4 -      5,   DG -2.69 +/-  0.14
point      5 -      6,   DG -3.36 +/-  0.13
point      6 -      7,   DG -3.76 +/-  0.11
point      7 -      8,   DG -4.24 +/-  0.05
point      8 -      9,   DG -4.58 +/-  0.07
point      9 -     10,   DG -4.77 +/-  0.05
point     10 -     11,   DG -0.33 +/-  0.10
point     11 -     12,   DG -0.98 +/-  0.11
point     12 -     13,   DG -1.54 +/-  0.08
point     13 -     14,   DG -1.95 +/-  0.25
point     14 -     15,   DG -3.90 +/-  0.40

total      0 -     15,   DG -26.63 +/-  0.77

