
md10.edr: 0.0 - 20001.0; lambda = (0, 0.9)
    foreign lambdas:
        delta H to (0, 0.8) (20001 pts)
        delta H to (0, 0.9) (20001 pts)
        delta H to (0, 1) (20001 pts)



md11.edr: 0.0 - 20001.0; lambda = (0, 1)
    foreign lambdas:
        delta H to (0, 0.9) (20001 pts)
        delta H to (0, 1) (20001 pts)
        delta H to (0.2, 1) (20001 pts)



md12.edr: 0.0 - 20001.0; lambda = (0.2, 1)
    foreign lambdas:
        delta H to (0, 1) (20001 pts)
        delta H to (0.2, 1) (20001 pts)
        delta H to (0.4, 1) (20001 pts)



md13.edr: 0.0 - 20001.0; lambda = (0.4, 1)
    foreign lambdas:
        delta H to (0.2, 1) (20001 pts)
        delta H to (0.4, 1) (20001 pts)
        delta H to (0.6, 1) (20001 pts)



md14.edr: 0.0 - 20001.0; lambda = (0.6, 1)
    foreign lambdas:
        delta H to (0.4, 1) (20001 pts)
        delta H to (0.6, 1) (20001 pts)
        delta H to (0.8, 1) (20001 pts)



md15.edr: 0.0 - 20001.0; lambda = (0.8, 1)
    foreign lambdas:
        delta H to (0.6, 1) (20001 pts)
        delta H to (0.8, 1) (20001 pts)
        delta H to (1, 1) (20001 pts)



md16.edr: 0.0 - 20001.0; lambda = (1, 1)
    foreign lambdas:
        delta H to (0.8, 1) (20001 pts)
        delta H to (1, 1) (20001 pts)



md1.edr: 0.0 - 20001.0; lambda = (0, 0)
    foreign lambdas:
        delta H to (0, 0) (20001 pts)
        delta H to (0, 0.1) (20001 pts)



md2.edr: 0.0 - 20001.0; lambda = (0, 0.1)
    foreign lambdas:
        delta H to (0, 0) (20001 pts)
        delta H to (0, 0.1) (20001 pts)
        delta H to (0, 0.2) (20001 pts)



md3.edr: 0.0 - 20001.0; lambda = (0, 0.2)
    foreign lambdas:
        delta H to (0, 0.1) (20001 pts)
        delta H to (0, 0.2) (20001 pts)
        delta H to (0, 0.3) (20001 pts)



md4.edr: 0.0 - 20001.0; lambda = (0, 0.3)
    foreign lambdas:
        delta H to (0, 0.2) (20001 pts)
        delta H to (0, 0.3) (20001 pts)
        delta H to (0, 0.4) (20001 pts)



md5.edr: 0.0 - 20001.0; lambda = (0, 0.4)
    foreign lambdas:
        delta H to (0, 0.3) (20001 pts)
        delta H to (0, 0.4) (20001 pts)
        delta H to (0, 0.5) (20001 pts)



md6.edr: 0.0 - 20001.0; lambda = (0, 0.5)
    foreign lambdas:
        delta H to (0, 0.4) (20001 pts)
        delta H to (0, 0.5) (20001 pts)
        delta H to (0, 0.6) (20001 pts)



md7.edr: 0.0 - 20001.0; lambda = (0, 0.6)
    foreign lambdas:
        delta H to (0, 0.5) (20001 pts)
        delta H to (0, 0.6) (20001 pts)
        delta H to (0, 0.7) (20001 pts)



md8.edr: 0.0 - 20001.0; lambda = (0, 0.7)
    foreign lambdas:
        delta H to (0, 0.6) (20001 pts)
        delta H to (0, 0.7) (20001 pts)
        delta H to (0, 0.8) (20001 pts)



md9.edr: 0.0 - 20001.0; lambda = (0, 0.8)
    foreign lambdas:
        delta H to (0, 0.7) (20001 pts)
        delta H to (0, 0.8) (20001 pts)
        delta H to (0, 0.9) (20001 pts)



   Samples in time interval: 0.000 - 20001.000
Removing samples outside of: 0.000 - 1000.000

Temperature: 298.15 K

Detailed results in kT (see help for explanation):

 lam_A  lam_B      DG   +/-     s_A   +/-     s_B   +/-   stdev   +/- 
     0      1    0.81  0.11    0.34  0.23    0.34  0.22    1.11  0.06
     1      2    1.76  0.15    2.78  0.24    2.40  0.23    2.74  0.21
     2      3   -0.00  0.13    1.94  0.16    1.18  0.09    1.84  0.07
     3      4   -0.63  0.14    1.46  0.12    0.84  0.09    1.53  0.06
     4      5   -1.01  0.08    1.10  0.10    0.70  0.05    1.31  0.05
     5      6   -1.20  0.08    0.85  0.05    0.55  0.04    1.22  0.03
     6      7   -1.40  0.08    1.13  0.09    0.70  0.06    1.25  0.04
     7      8   -1.75  0.06    0.66  0.04    0.42  0.03    1.00  0.03
     8      9   -1.77  0.02    0.62  0.03    0.39  0.03    0.98  0.02
     9     10   -1.91  0.02    0.61  0.05    0.40  0.04    0.92  0.02
    10     11   -0.15  0.04    0.12  0.03    0.12  0.03    0.34  0.03
    11     12   -0.32  0.04    0.05  0.04    0.05  0.04    0.38  0.03
    12     13   -0.53  0.07    0.15  0.06    0.17  0.07    0.46  0.04
    13     14   -0.65  0.13   -0.05  0.06   -0.03  0.06    0.49  0.06
    14     15   -1.07  0.05    0.44  0.19    0.54  0.30    0.85  0.16


Final results in kJ/mol:

point      0 -      1,   DG  2.00 +/-  0.28
point      1 -      2,   DG  4.37 +/-  0.37
point      2 -      3,   DG -0.01 +/-  0.33
point      3 -      4,   DG -1.57 +/-  0.35
point      4 -      5,   DG -2.49 +/-  0.21
point      5 -      6,   DG -2.99 +/-  0.20
point      6 -      7,   DG -3.47 +/-  0.19
point      7 -      8,   DG -4.35 +/-  0.14
point      8 -      9,   DG -4.40 +/-  0.05
point      9 -     10,   DG -4.73 +/-  0.05
point     10 -     11,   DG -0.37 +/-  0.09
point     11 -     12,   DG -0.80 +/-  0.11
point     12 -     13,   DG -1.32 +/-  0.18
point     13 -     14,   DG -1.62 +/-  0.32
point     14 -     15,   DG -2.65 +/-  0.14

total      0 -     15,   DG -24.40 +/-  0.75

