
md10.edr: 0.0 - 20001.0; lambda = (0, 0.9)
    foreign lambdas:
        delta H to (0, 0.8) (20001 pts)
        delta H to (0, 0.9) (20001 pts)
        delta H to (0, 1) (20001 pts)



md11.edr: 0.0 - 20001.0; lambda = (0, 1)
    foreign lambdas:
        delta H to (0, 0.9) (20001 pts)
        delta H to (0, 1) (20001 pts)
        delta H to (0.2, 1) (20001 pts)



md12.edr: 0.0 - 20001.0; lambda = (0.2, 1)
    foreign lambdas:
        delta H to (0, 1) (20001 pts)
        delta H to (0.2, 1) (20001 pts)
        delta H to (0.4, 1) (20001 pts)



md13.edr: 0.0 - 20001.0; lambda = (0.4, 1)
    foreign lambdas:
        delta H to (0.2, 1) (20001 pts)
        delta H to (0.4, 1) (20001 pts)
        delta H to (0.6, 1) (20001 pts)



md14.edr: 0.0 - 20001.0; lambda = (0.6, 1)
    foreign lambdas:
        delta H to (0.4, 1) (20001 pts)
        delta H to (0.6, 1) (20001 pts)
        delta H to (0.8, 1) (20001 pts)



md15.edr: 0.0 - 20001.0; lambda = (0.8, 1)
    foreign lambdas:
        delta H to (0.6, 1) (20001 pts)
        delta H to (0.8, 1) (20001 pts)
        delta H to (1, 1) (20001 pts)



md16.edr: 0.0 - 20001.0; lambda = (1, 1)
    foreign lambdas:
        delta H to (0.8, 1) (20001 pts)
        delta H to (1, 1) (20001 pts)



md1.edr: 0.0 - 20001.0; lambda = (0, 0)
    foreign lambdas:
        delta H to (0, 0) (20001 pts)
        delta H to (0, 0.1) (20001 pts)



md2.edr: 0.0 - 20001.0; lambda = (0, 0.1)
    foreign lambdas:
        delta H to (0, 0) (20001 pts)
        delta H to (0, 0.1) (20001 pts)
        delta H to (0, 0.2) (20001 pts)



md3.edr: 0.0 - 20001.0; lambda = (0, 0.2)
    foreign lambdas:
        delta H to (0, 0.1) (20001 pts)
        delta H to (0, 0.2) (20001 pts)
        delta H to (0, 0.3) (20001 pts)



md4.edr: 0.0 - 20001.0; lambda = (0, 0.3)
    foreign lambdas:
        delta H to (0, 0.2) (20001 pts)
        delta H to (0, 0.3) (20001 pts)
        delta H to (0, 0.4) (20001 pts)



md5.edr: 0.0 - 20001.0; lambda = (0, 0.4)
    foreign lambdas:
        delta H to (0, 0.3) (20001 pts)
        delta H to (0, 0.4) (20001 pts)
        delta H to (0, 0.5) (20001 pts)



md6.edr: 0.0 - 20001.0; lambda = (0, 0.5)
    foreign lambdas:
        delta H to (0, 0.4) (20001 pts)
        delta H to (0, 0.5) (20001 pts)
        delta H to (0, 0.6) (20001 pts)



md7.edr: 0.0 - 20001.0; lambda = (0, 0.6)
    foreign lambdas:
        delta H to (0, 0.5) (20001 pts)
        delta H to (0, 0.6) (20001 pts)
        delta H to (0, 0.7) (20001 pts)



md8.edr: 0.0 - 20001.0; lambda = (0, 0.7)
    foreign lambdas:
        delta H to (0, 0.6) (20001 pts)
        delta H to (0, 0.7) (20001 pts)
        delta H to (0, 0.8) (20001 pts)



md9.edr: 0.0 - 20001.0; lambda = (0, 0.8)
    foreign lambdas:
        delta H to (0, 0.7) (20001 pts)
        delta H to (0, 0.8) (20001 pts)
        delta H to (0, 0.9) (20001 pts)



   Samples in time interval: 0.000 - 20001.000
Removing samples outside of: 0.000 - 9000.000

Temperature: 298.15 K

Detailed results in kT (see help for explanation):

 lam_A  lam_B      DG   +/-     s_A   +/-     s_B   +/-   stdev   +/- 
     0      1    1.17  0.11    0.82  0.07    0.87  0.07    1.33  0.03
     1      2    1.56  0.11    2.55  0.12    2.01  0.11    2.47  0.09
     2      3    0.08  0.05    2.27  0.11    1.32  0.05    1.93  0.04
     3      4   -0.69  0.04    1.36  0.06    0.85  0.04    1.49  0.03
     4      5   -1.07  0.03    1.11  0.04    0.70  0.03    1.31  0.02
     5      6   -1.34  0.02    0.89  0.03    0.57  0.02    1.18  0.01
     6      7   -1.53  0.01    0.81  0.04    0.52  0.02    1.11  0.01
     7      8   -1.70  0.01    0.69  0.02    0.43  0.02    1.02  0.01
     8      9   -1.83  0.01    0.64  0.02    0.41  0.02    0.97  0.01
     9     10   -1.93  0.01    0.53  0.03    0.33  0.02    0.89  0.01
    10     11   -0.08  0.03    0.05  0.03    0.05  0.03    0.34  0.02
    11     12   -0.27  0.05    0.14  0.02    0.15  0.03    0.43  0.02
    12     13   -0.49  0.07    0.07  0.05    0.09  0.05    0.50  0.03
    13     14   -0.79  0.08    0.21  0.07    0.25  0.08    0.65  0.03
    14     15   -1.45  0.12    0.41  0.15    0.50  0.16    0.95  0.08


Final results in kJ/mol:

point      0 -      1,   DG  2.91 +/-  0.26
point      1 -      2,   DG  3.88 +/-  0.27
point      2 -      3,   DG  0.19 +/-  0.13
point      3 -      4,   DG -1.71 +/-  0.09
point      4 -      5,   DG -2.65 +/-  0.08
point      5 -      6,   DG -3.32 +/-  0.05
point      6 -      7,   DG -3.79 +/-  0.03
point      7 -      8,   DG -4.20 +/-  0.04
point      8 -      9,   DG -4.54 +/-  0.03
point      9 -     10,   DG -4.79 +/-  0.03
point     10 -     11,   DG -0.20 +/-  0.07
point     11 -     12,   DG -0.67 +/-  0.12
point     12 -     13,   DG -1.22 +/-  0.17
point     13 -     14,   DG -1.97 +/-  0.20
point     14 -     15,   DG -3.61 +/-  0.29

total      0 -     15,   DG -25.68 +/-  0.47

