
md10.edr: 0.0 - 20001.0; lambda = (0, 0.9)
    foreign lambdas:
        delta H to (0, 0.8) (20001 pts)
        delta H to (0, 0.9) (20001 pts)
        delta H to (0, 1) (20001 pts)



md11.edr: 0.0 - 20001.0; lambda = (0, 1)
    foreign lambdas:
        delta H to (0, 0.9) (20001 pts)
        delta H to (0, 1) (20001 pts)
        delta H to (0.2, 1) (20001 pts)



md12.edr: 0.0 - 20001.0; lambda = (0.2, 1)
    foreign lambdas:
        delta H to (0, 1) (20001 pts)
        delta H to (0.2, 1) (20001 pts)
        delta H to (0.4, 1) (20001 pts)



md13.edr: 0.0 - 20001.0; lambda = (0.4, 1)
    foreign lambdas:
        delta H to (0.2, 1) (20001 pts)
        delta H to (0.4, 1) (20001 pts)
        delta H to (0.6, 1) (20001 pts)



md14.edr: 0.0 - 20001.0; lambda = (0.6, 1)
    foreign lambdas:
        delta H to (0.4, 1) (20001 pts)
        delta H to (0.6, 1) (20001 pts)
        delta H to (0.8, 1) (20001 pts)



md15.edr: 0.0 - 20001.0; lambda = (0.8, 1)
    foreign lambdas:
        delta H to (0.6, 1) (20001 pts)
        delta H to (0.8, 1) (20001 pts)
        delta H to (1, 1) (20001 pts)



md16.edr: 0.0 - 20001.0; lambda = (1, 1)
    foreign lambdas:
        delta H to (0.8, 1) (20001 pts)
        delta H to (1, 1) (20001 pts)



md1.edr: 0.0 - 20001.0; lambda = (0, 0)
    foreign lambdas:
        delta H to (0, 0) (20001 pts)
        delta H to (0, 0.1) (20001 pts)



md2.edr: 0.0 - 20001.0; lambda = (0, 0.1)
    foreign lambdas:
        delta H to (0, 0) (20001 pts)
        delta H to (0, 0.1) (20001 pts)
        delta H to (0, 0.2) (20001 pts)



md3.edr: 0.0 - 20001.0; lambda = (0, 0.2)
    foreign lambdas:
        delta H to (0, 0.1) (20001 pts)
        delta H to (0, 0.2) (20001 pts)
        delta H to (0, 0.3) (20001 pts)



md4.edr: 0.0 - 20001.0; lambda = (0, 0.3)
    foreign lambdas:
        delta H to (0, 0.2) (20001 pts)
        delta H to (0, 0.3) (20001 pts)
        delta H to (0, 0.4) (20001 pts)



md5.edr: 0.0 - 20001.0; lambda = (0, 0.4)
    foreign lambdas:
        delta H to (0, 0.3) (20001 pts)
        delta H to (0, 0.4) (20001 pts)
        delta H to (0, 0.5) (20001 pts)



md6.edr: 0.0 - 20001.0; lambda = (0, 0.5)
    foreign lambdas:
        delta H to (0, 0.4) (20001 pts)
        delta H to (0, 0.5) (20001 pts)
        delta H to (0, 0.6) (20001 pts)



md7.edr: 0.0 - 20001.0; lambda = (0, 0.6)
    foreign lambdas:
        delta H to (0, 0.5) (20001 pts)
        delta H to (0, 0.6) (20001 pts)
        delta H to (0, 0.7) (20001 pts)



md8.edr: 0.0 - 20001.0; lambda = (0, 0.7)
    foreign lambdas:
        delta H to (0, 0.6) (20001 pts)
        delta H to (0, 0.7) (20001 pts)
        delta H to (0, 0.8) (20001 pts)



md9.edr: 0.0 - 20001.0; lambda = (0, 0.8)
    foreign lambdas:
        delta H to (0, 0.7) (20001 pts)
        delta H to (0, 0.8) (20001 pts)
        delta H to (0, 0.9) (20001 pts)



   Samples in time interval: 0.000 - 20001.000
Removing samples outside of: 0.000 - 14000.000

Temperature: 298.15 K

Detailed results in kT (see help for explanation):

 lam_A  lam_B      DG   +/-     s_A   +/-     s_B   +/-   stdev   +/- 
     0      1    1.06  0.08    0.87  0.10    0.93  0.10    1.39  0.05
     1      2    1.30  0.21    2.41  0.15    1.79  0.13    2.31  0.10
     2      3    0.00  0.12    2.17  0.13    1.25  0.08    1.90  0.07
     3      4   -0.73  0.05    1.40  0.01    0.87  0.01    1.49  0.00
     4      5   -1.10  0.04    1.06  0.05    0.66  0.03    1.30  0.02
     5      6   -1.35  0.01    0.91  0.03    0.58  0.02    1.17  0.01
     6      7   -1.56  0.01    0.78  0.02    0.50  0.02    1.08  0.01
     7      8   -1.74  0.01    0.68  0.01    0.44  0.01    1.00  0.01
     8      9   -1.87  0.02    0.59  0.02    0.38  0.02    0.93  0.01
     9     10   -1.96  0.02    0.53  0.02    0.34  0.02    0.89  0.01
    10     11   -0.08  0.01    0.07  0.01    0.07  0.01    0.29  0.01
    11     12   -0.21  0.02    0.07  0.02    0.07  0.02    0.34  0.01
    12     13   -0.38  0.04    0.10  0.03    0.11  0.03    0.42  0.02
    13     14   -0.60  0.04    0.10  0.04    0.13  0.05    0.52  0.03
    14     15   -0.97  0.08    0.24  0.06    0.31  0.06    0.77  0.03


Final results in kJ/mol:

point      0 -      1,   DG  2.63 +/-  0.19
point      1 -      2,   DG  3.22 +/-  0.52
point      2 -      3,   DG  0.00 +/-  0.29
point      3 -      4,   DG -1.80 +/-  0.11
point      4 -      5,   DG -2.73 +/-  0.10
point      5 -      6,   DG -3.34 +/-  0.03
point      6 -      7,   DG -3.86 +/-  0.03
point      7 -      8,   DG -4.32 +/-  0.03
point      8 -      9,   DG -4.64 +/-  0.05
point      9 -     10,   DG -4.85 +/-  0.04
point     10 -     11,   DG -0.20 +/-  0.03
point     11 -     12,   DG -0.52 +/-  0.06
point     12 -     13,   DG -0.95 +/-  0.09
point     13 -     14,   DG -1.49 +/-  0.11
point     14 -     15,   DG -2.41 +/-  0.19

total      0 -     15,   DG -25.27 +/-  1.06

