
md10.edr: 0.0 - 20001.0; lambda = (0, 0.9)
    foreign lambdas:
        delta H to (0, 0.8) (20001 pts)
        delta H to (0, 0.9) (20001 pts)
        delta H to (0, 1) (20001 pts)



md11.edr: 0.0 - 20001.0; lambda = (0, 1)
    foreign lambdas:
        delta H to (0, 0.9) (20001 pts)
        delta H to (0, 1) (20001 pts)
        delta H to (0.2, 1) (20001 pts)



md12.edr: 0.0 - 20001.0; lambda = (0.2, 1)
    foreign lambdas:
        delta H to (0, 1) (20001 pts)
        delta H to (0.2, 1) (20001 pts)
        delta H to (0.4, 1) (20001 pts)



md13.edr: 0.0 - 20001.0; lambda = (0.4, 1)
    foreign lambdas:
        delta H to (0.2, 1) (20001 pts)
        delta H to (0.4, 1) (20001 pts)
        delta H to (0.6, 1) (20001 pts)



md14.edr: 0.0 - 20001.0; lambda = (0.6, 1)
    foreign lambdas:
        delta H to (0.4, 1) (20001 pts)
        delta H to (0.6, 1) (20001 pts)
        delta H to (0.8, 1) (20001 pts)



md15.edr: 0.0 - 20001.0; lambda = (0.8, 1)
    foreign lambdas:
        delta H to (0.6, 1) (20001 pts)
        delta H to (0.8, 1) (20001 pts)
        delta H to (1, 1) (20001 pts)



md16.edr: 0.0 - 20001.0; lambda = (1, 1)
    foreign lambdas:
        delta H to (0.8, 1) (20001 pts)
        delta H to (1, 1) (20001 pts)



md1.edr: 0.0 - 20001.0; lambda = (0, 0)
    foreign lambdas:
        delta H to (0, 0) (20001 pts)
        delta H to (0, 0.1) (20001 pts)



md2.edr: 0.0 - 20001.0; lambda = (0, 0.1)
    foreign lambdas:
        delta H to (0, 0) (20001 pts)
        delta H to (0, 0.1) (20001 pts)
        delta H to (0, 0.2) (20001 pts)



md3.edr: 0.0 - 20001.0; lambda = (0, 0.2)
    foreign lambdas:
        delta H to (0, 0.1) (20001 pts)
        delta H to (0, 0.2) (20001 pts)
        delta H to (0, 0.3) (20001 pts)



md4.edr: 0.0 - 20001.0; lambda = (0, 0.3)
    foreign lambdas:
        delta H to (0, 0.2) (20001 pts)
        delta H to (0, 0.3) (20001 pts)
        delta H to (0, 0.4) (20001 pts)



md5.edr: 0.0 - 20001.0; lambda = (0, 0.4)
    foreign lambdas:
        delta H to (0, 0.3) (20001 pts)
        delta H to (0, 0.4) (20001 pts)
        delta H to (0, 0.5) (20001 pts)



md6.edr: 0.0 - 20001.0; lambda = (0, 0.5)
    foreign lambdas:
        delta H to (0, 0.4) (20001 pts)
        delta H to (0, 0.5) (20001 pts)
        delta H to (0, 0.6) (20001 pts)



md7.edr: 0.0 - 20001.0; lambda = (0, 0.6)
    foreign lambdas:
        delta H to (0, 0.5) (20001 pts)
        delta H to (0, 0.6) (20001 pts)
        delta H to (0, 0.7) (20001 pts)



md8.edr: 0.0 - 20001.0; lambda = (0, 0.7)
    foreign lambdas:
        delta H to (0, 0.6) (20001 pts)
        delta H to (0, 0.7) (20001 pts)
        delta H to (0, 0.8) (20001 pts)



md9.edr: 0.0 - 20001.0; lambda = (0, 0.8)
    foreign lambdas:
        delta H to (0, 0.7) (20001 pts)
        delta H to (0, 0.8) (20001 pts)
        delta H to (0, 0.9) (20001 pts)



   Samples in time interval: 0.000 - 20001.000
Removing samples outside of: 0.000 - 9000.000

Temperature: 298.15 K

Detailed results in kT (see help for explanation):

 lam_A  lam_B      DG   +/-     s_A   +/-     s_B   +/-   stdev   +/- 
     0      1    1.09  0.09    0.85  0.12    0.91  0.11    1.38  0.05
     1      2    1.34  0.24    2.45  0.15    1.80  0.14    2.34  0.10
     2      3    0.00  0.11    2.20  0.16    1.25  0.09    1.90  0.08
     3      4   -0.72  0.05    1.38  0.05    0.86  0.03    1.49  0.02
     4      5   -1.09  0.03    1.08  0.05    0.68  0.03    1.31  0.01
     5      6   -1.35  0.00    0.92  0.03    0.59  0.02    1.19  0.01
     6      7   -1.55  0.01    0.78  0.02    0.49  0.01    1.08  0.01
     7      8   -1.74  0.02    0.68  0.01    0.44  0.01    1.00  0.00
     8      9   -1.85  0.03    0.60  0.03    0.37  0.02    0.94  0.02
     9     10   -1.94  0.02    0.54  0.03    0.35  0.02    0.89  0.01
    10     11   -0.09  0.01    0.07  0.01    0.08  0.01    0.29  0.02
    11     12   -0.24  0.02    0.08  0.04    0.08  0.04    0.34  0.01
    12     13   -0.41  0.06    0.09  0.03    0.10  0.03    0.43  0.01
    13     14   -0.56  0.04    0.05  0.04    0.07  0.04    0.48  0.01
    14     15   -0.92  0.09    0.29  0.07    0.37  0.07    0.76  0.04


Final results in kJ/mol:

point      0 -      1,   DG  2.70 +/-  0.21
point      1 -      2,   DG  3.32 +/-  0.60
point      2 -      3,   DG  0.01 +/-  0.28
point      3 -      4,   DG -1.80 +/-  0.12
point      4 -      5,   DG -2.69 +/-  0.08
point      5 -      6,   DG -3.34 +/-  0.01
point      6 -      7,   DG -3.83 +/-  0.03
point      7 -      8,   DG -4.31 +/-  0.06
point      8 -      9,   DG -4.59 +/-  0.07
point      9 -     10,   DG -4.81 +/-  0.05
point     10 -     11,   DG -0.21 +/-  0.04
point     11 -     12,   DG -0.59 +/-  0.06
point     12 -     13,   DG -1.02 +/-  0.15
point     13 -     14,   DG -1.39 +/-  0.11
point     14 -     15,   DG -2.29 +/-  0.22

total      0 -     15,   DG -24.86 +/-  1.32

