
md10.edr: 0.0 - 20001.0; lambda = (0, 0.9)
    foreign lambdas:
        delta H to (0, 0.8) (20001 pts)
        delta H to (0, 0.9) (20001 pts)
        delta H to (0, 1) (20001 pts)



md11.edr: 0.0 - 20001.0; lambda = (0, 1)
    foreign lambdas:
        delta H to (0, 0.9) (20001 pts)
        delta H to (0, 1) (20001 pts)
        delta H to (0.2, 1) (20001 pts)



md12.edr: 0.0 - 20001.0; lambda = (0.2, 1)
    foreign lambdas:
        delta H to (0, 1) (20001 pts)
        delta H to (0.2, 1) (20001 pts)
        delta H to (0.4, 1) (20001 pts)



md13.edr: 0.0 - 20001.0; lambda = (0.4, 1)
    foreign lambdas:
        delta H to (0.2, 1) (20001 pts)
        delta H to (0.4, 1) (20001 pts)
        delta H to (0.6, 1) (20001 pts)



md14.edr: 0.0 - 20001.0; lambda = (0.6, 1)
    foreign lambdas:
        delta H to (0.4, 1) (20001 pts)
        delta H to (0.6, 1) (20001 pts)
        delta H to (0.8, 1) (20001 pts)



md15.edr: 0.0 - 20001.0; lambda = (0.8, 1)
    foreign lambdas:
        delta H to (0.6, 1) (20001 pts)
        delta H to (0.8, 1) (20001 pts)
        delta H to (1, 1) (20001 pts)



md16.edr: 0.0 - 20001.0; lambda = (1, 1)
    foreign lambdas:
        delta H to (0.8, 1) (20001 pts)
        delta H to (1, 1) (20001 pts)



md1.edr: 0.0 - 20001.0; lambda = (0, 0)
    foreign lambdas:
        delta H to (0, 0) (20001 pts)
        delta H to (0, 0.1) (20001 pts)



md2.edr: 0.0 - 20001.0; lambda = (0, 0.1)
    foreign lambdas:
        delta H to (0, 0) (20001 pts)
        delta H to (0, 0.1) (20001 pts)
        delta H to (0, 0.2) (20001 pts)



md3.edr: 0.0 - 20001.0; lambda = (0, 0.2)
    foreign lambdas:
        delta H to (0, 0.1) (20001 pts)
        delta H to (0, 0.2) (20001 pts)
        delta H to (0, 0.3) (20001 pts)



md4.edr: 0.0 - 20001.0; lambda = (0, 0.3)
    foreign lambdas:
        delta H to (0, 0.2) (20001 pts)
        delta H to (0, 0.3) (20001 pts)
        delta H to (0, 0.4) (20001 pts)



md5.edr: 0.0 - 20001.0; lambda = (0, 0.4)
    foreign lambdas:
        delta H to (0, 0.3) (20001 pts)
        delta H to (0, 0.4) (20001 pts)
        delta H to (0, 0.5) (20001 pts)



md6.edr: 0.0 - 20001.0; lambda = (0, 0.5)
    foreign lambdas:
        delta H to (0, 0.4) (20001 pts)
        delta H to (0, 0.5) (20001 pts)
        delta H to (0, 0.6) (20001 pts)



md7.edr: 0.0 - 20001.0; lambda = (0, 0.6)
    foreign lambdas:
        delta H to (0, 0.5) (20001 pts)
        delta H to (0, 0.6) (20001 pts)
        delta H to (0, 0.7) (20001 pts)



md8.edr: 0.0 - 20001.0; lambda = (0, 0.7)
    foreign lambdas:
        delta H to (0, 0.6) (20001 pts)
        delta H to (0, 0.7) (20001 pts)
        delta H to (0, 0.8) (20001 pts)



md9.edr: 0.0 - 20001.0; lambda = (0, 0.8)
    foreign lambdas:
        delta H to (0, 0.7) (20001 pts)
        delta H to (0, 0.8) (20001 pts)
        delta H to (0, 0.9) (20001 pts)



   Samples in time interval: 0.000 - 20001.000
Removing samples outside of: 0.000 - 16000.000

Temperature: 298.15 K

Detailed results in kT (see help for explanation):

 lam_A  lam_B      DG   +/-     s_A   +/-     s_B   +/-   stdev   +/- 
     0      1    1.04  0.06    0.87  0.04    0.91  0.04    1.38  0.02
     1      2    1.29  0.12    2.41  0.08    1.80  0.07    2.31  0.05
     2      3    0.01  0.05    2.16  0.08    1.26  0.05    1.90  0.04
     3      4   -0.73  0.02    1.41  0.02    0.87  0.01    1.50  0.01
     4      5   -1.12  0.03    1.05  0.03    0.66  0.02    1.29  0.02
     5      6   -1.35  0.01    0.90  0.02    0.58  0.01    1.17  0.01
     6      7   -1.57  0.02    0.77  0.01    0.50  0.01    1.08  0.00
     7      8   -1.74  0.01    0.68  0.01    0.43  0.01    1.00  0.00
     8      9   -1.87  0.02    0.60  0.02    0.38  0.01    0.93  0.01
     9     10   -1.96  0.01    0.53  0.02    0.34  0.02    0.89  0.01
    10     11   -0.07  0.01    0.07  0.01    0.07  0.01    0.29  0.01
    11     12   -0.20  0.02    0.06  0.02    0.06  0.02    0.33  0.01
    12     13   -0.37  0.04    0.10  0.01    0.11  0.02    0.41  0.02
    13     14   -0.60  0.04    0.12  0.05    0.15  0.06    0.52  0.03
    14     15   -0.93  0.07    0.18  0.09    0.25  0.09    0.75  0.02


Final results in kJ/mol:

point      0 -      1,   DG  2.57 +/-  0.16
point      1 -      2,   DG  3.21 +/-  0.31
point      2 -      3,   DG  0.02 +/-  0.13
point      3 -      4,   DG -1.81 +/-  0.06
point      4 -      5,   DG -2.77 +/-  0.08
point      5 -      6,   DG -3.34 +/-  0.02
point      6 -      7,   DG -3.88 +/-  0.05
point      7 -      8,   DG -4.32 +/-  0.02
point      8 -      9,   DG -4.63 +/-  0.04
point      9 -     10,   DG -4.85 +/-  0.03
point     10 -     11,   DG -0.18 +/-  0.03
point     11 -     12,   DG -0.50 +/-  0.05
point     12 -     13,   DG -0.92 +/-  0.09
point     13 -     14,   DG -1.50 +/-  0.10
point     14 -     15,   DG -2.31 +/-  0.17

total      0 -     15,   DG -25.23 +/-  0.69

