
md10.edr: 0.0 - 20001.0; lambda = (0, 0.9)
    foreign lambdas:
        delta H to (0, 0.8) (20001 pts)
        delta H to (0, 0.9) (20001 pts)
        delta H to (0, 1) (20001 pts)



md11.edr: 0.0 - 20001.0; lambda = (0, 1)
    foreign lambdas:
        delta H to (0, 0.9) (20001 pts)
        delta H to (0, 1) (20001 pts)
        delta H to (0.2, 1) (20001 pts)



md12.edr: 0.0 - 20001.0; lambda = (0.2, 1)
    foreign lambdas:
        delta H to (0, 1) (20001 pts)
        delta H to (0.2, 1) (20001 pts)
        delta H to (0.4, 1) (20001 pts)



md13.edr: 0.0 - 20001.0; lambda = (0.4, 1)
    foreign lambdas:
        delta H to (0.2, 1) (20001 pts)
        delta H to (0.4, 1) (20001 pts)
        delta H to (0.6, 1) (20001 pts)



md14.edr: 0.0 - 20001.0; lambda = (0.6, 1)
    foreign lambdas:
        delta H to (0.4, 1) (20001 pts)
        delta H to (0.6, 1) (20001 pts)
        delta H to (0.8, 1) (20001 pts)



md15.edr: 0.0 - 20001.0; lambda = (0.8, 1)
    foreign lambdas:
        delta H to (0.6, 1) (20001 pts)
        delta H to (0.8, 1) (20001 pts)
        delta H to (1, 1) (20001 pts)



md16.edr: 0.0 - 20001.0; lambda = (1, 1)
    foreign lambdas:
        delta H to (0.8, 1) (20001 pts)
        delta H to (1, 1) (20001 pts)



md1.edr: 0.0 - 20001.0; lambda = (0, 0)
    foreign lambdas:
        delta H to (0, 0) (20001 pts)
        delta H to (0, 0.1) (20001 pts)



md2.edr: 0.0 - 20001.0; lambda = (0, 0.1)
    foreign lambdas:
        delta H to (0, 0) (20001 pts)
        delta H to (0, 0.1) (20001 pts)
        delta H to (0, 0.2) (20001 pts)



md3.edr: 0.0 - 20001.0; lambda = (0, 0.2)
    foreign lambdas:
        delta H to (0, 0.1) (20001 pts)
        delta H to (0, 0.2) (20001 pts)
        delta H to (0, 0.3) (20001 pts)



md4.edr: 0.0 - 20001.0; lambda = (0, 0.3)
    foreign lambdas:
        delta H to (0, 0.2) (20001 pts)
        delta H to (0, 0.3) (20001 pts)
        delta H to (0, 0.4) (20001 pts)



md5.edr: 0.0 - 20001.0; lambda = (0, 0.4)
    foreign lambdas:
        delta H to (0, 0.3) (20001 pts)
        delta H to (0, 0.4) (20001 pts)
        delta H to (0, 0.5) (20001 pts)



md6.edr: 0.0 - 20001.0; lambda = (0, 0.5)
    foreign lambdas:
        delta H to (0, 0.4) (20001 pts)
        delta H to (0, 0.5) (20001 pts)
        delta H to (0, 0.6) (20001 pts)



md7.edr: 0.0 - 20001.0; lambda = (0, 0.6)
    foreign lambdas:
        delta H to (0, 0.5) (20001 pts)
        delta H to (0, 0.6) (20001 pts)
        delta H to (0, 0.7) (20001 pts)



md8.edr: 0.0 - 20001.0; lambda = (0, 0.7)
    foreign lambdas:
        delta H to (0, 0.6) (20001 pts)
        delta H to (0, 0.7) (20001 pts)
        delta H to (0, 0.8) (20001 pts)



md9.edr: 0.0 - 20001.0; lambda = (0, 0.8)
    foreign lambdas:
        delta H to (0, 0.7) (20001 pts)
        delta H to (0, 0.8) (20001 pts)
        delta H to (0, 0.9) (20001 pts)



   Samples in time interval: 0.000 - 20001.000
Removing samples outside of: 0.000 - 7000.000

Temperature: 298.15 K

Detailed results in kT (see help for explanation):

 lam_A  lam_B      DG   +/-     s_A   +/-     s_B   +/-   stdev   +/- 
     0      1    1.15  0.08    0.82  0.15    0.89  0.14    1.37  0.06
     1      2    1.47  0.25    2.51  0.19    1.86  0.15    2.38  0.13
     2      3    0.06  0.13    2.24  0.16    1.27  0.10    1.92  0.09
     3      4   -0.70  0.04    1.42  0.06    0.88  0.03    1.51  0.03
     4      5   -1.07  0.03    1.08  0.06    0.67  0.04    1.31  0.02
     5      6   -1.35  0.02    0.93  0.04    0.61  0.02    1.19  0.02
     6      7   -1.54  0.03    0.75  0.03    0.48  0.02    1.07  0.02
     7      8   -1.73  0.02    0.69  0.02    0.44  0.02    1.01  0.01
     8      9   -1.84  0.02    0.60  0.03    0.37  0.02    0.94  0.01
     9     10   -1.93  0.02    0.55  0.03    0.37  0.02    0.90  0.02
    10     11   -0.08  0.02    0.07  0.02    0.07  0.02    0.28  0.02
    11     12   -0.25  0.02    0.09  0.04    0.10  0.04    0.34  0.02
    12     13   -0.42  0.06    0.07  0.04    0.08  0.04    0.43  0.02
    13     14   -0.54  0.04    0.04  0.03    0.05  0.03    0.47  0.02
    14     15   -0.89  0.08    0.30  0.07    0.38  0.08    0.74  0.04


Final results in kJ/mol:

point      0 -      1,   DG  2.86 +/-  0.19
point      1 -      2,   DG  3.63 +/-  0.63
point      2 -      3,   DG  0.14 +/-  0.31
point      3 -      4,   DG -1.73 +/-  0.11
point      4 -      5,   DG -2.66 +/-  0.08
point      5 -      6,   DG -3.34 +/-  0.05
point      6 -      7,   DG -3.82 +/-  0.07
point      7 -      8,   DG -4.29 +/-  0.05
point      8 -      9,   DG -4.56 +/-  0.04
point      9 -     10,   DG -4.79 +/-  0.04
point     10 -     11,   DG -0.20 +/-  0.04
point     11 -     12,   DG -0.61 +/-  0.05
point     12 -     13,   DG -1.04 +/-  0.14
point     13 -     14,   DG -1.34 +/-  0.11
point     14 -     15,   DG -2.21 +/-  0.21

total      0 -     15,   DG -23.97 +/-  1.07

