
md10.edr: 0.0 - 20001.0; lambda = (0, 0.9)
    foreign lambdas:
        delta H to (0, 0.8) (20001 pts)
        delta H to (0, 0.9) (20001 pts)
        delta H to (0, 1) (20001 pts)



md11.edr: 0.0 - 20001.0; lambda = (0, 1)
    foreign lambdas:
        delta H to (0, 0.9) (20001 pts)
        delta H to (0, 1) (20001 pts)
        delta H to (0.2, 1) (20001 pts)



md12.edr: 0.0 - 20001.0; lambda = (0.2, 1)
    foreign lambdas:
        delta H to (0, 1) (20001 pts)
        delta H to (0.2, 1) (20001 pts)
        delta H to (0.4, 1) (20001 pts)



md13.edr: 0.0 - 20001.0; lambda = (0.4, 1)
    foreign lambdas:
        delta H to (0.2, 1) (20001 pts)
        delta H to (0.4, 1) (20001 pts)
        delta H to (0.6, 1) (20001 pts)



md14.edr: 0.0 - 20001.0; lambda = (0.6, 1)
    foreign lambdas:
        delta H to (0.4, 1) (20001 pts)
        delta H to (0.6, 1) (20001 pts)
        delta H to (0.8, 1) (20001 pts)



md15.edr: 0.0 - 20001.0; lambda = (0.8, 1)
    foreign lambdas:
        delta H to (0.6, 1) (20001 pts)
        delta H to (0.8, 1) (20001 pts)
        delta H to (1, 1) (20001 pts)



md16.edr: 0.0 - 20001.0; lambda = (1, 1)
    foreign lambdas:
        delta H to (0.8, 1) (20001 pts)
        delta H to (1, 1) (20001 pts)



md1.edr: 0.0 - 20001.0; lambda = (0, 0)
    foreign lambdas:
        delta H to (0, 0) (20001 pts)
        delta H to (0, 0.1) (20001 pts)



md2.edr: 0.0 - 20001.0; lambda = (0, 0.1)
    foreign lambdas:
        delta H to (0, 0) (20001 pts)
        delta H to (0, 0.1) (20001 pts)
        delta H to (0, 0.2) (20001 pts)



md3.edr: 0.0 - 20001.0; lambda = (0, 0.2)
    foreign lambdas:
        delta H to (0, 0.1) (20001 pts)
        delta H to (0, 0.2) (20001 pts)
        delta H to (0, 0.3) (20001 pts)



md4.edr: 0.0 - 20001.0; lambda = (0, 0.3)
    foreign lambdas:
        delta H to (0, 0.2) (20001 pts)
        delta H to (0, 0.3) (20001 pts)
        delta H to (0, 0.4) (20001 pts)



md5.edr: 0.0 - 20001.0; lambda = (0, 0.4)
    foreign lambdas:
        delta H to (0, 0.3) (20001 pts)
        delta H to (0, 0.4) (20001 pts)
        delta H to (0, 0.5) (20001 pts)



md6.edr: 0.0 - 20001.0; lambda = (0, 0.5)
    foreign lambdas:
        delta H to (0, 0.4) (20001 pts)
        delta H to (0, 0.5) (20001 pts)
        delta H to (0, 0.6) (20001 pts)



md7.edr: 0.0 - 20001.0; lambda = (0, 0.6)
    foreign lambdas:
        delta H to (0, 0.5) (20001 pts)
        delta H to (0, 0.6) (20001 pts)
        delta H to (0, 0.7) (20001 pts)



md8.edr: 0.0 - 20001.0; lambda = (0, 0.7)
    foreign lambdas:
        delta H to (0, 0.6) (20001 pts)
        delta H to (0, 0.7) (20001 pts)
        delta H to (0, 0.8) (20001 pts)



md9.edr: 0.0 - 20001.0; lambda = (0, 0.8)
    foreign lambdas:
        delta H to (0, 0.7) (20001 pts)
        delta H to (0, 0.8) (20001 pts)
        delta H to (0, 0.9) (20001 pts)



   Samples in time interval: 0.000 - 20001.000
Removing samples outside of: 0.000 - 2000.000

Temperature: 298.15 K

Detailed results in kT (see help for explanation):

 lam_A  lam_B      DG   +/-     s_A   +/-     s_B   +/-   stdev   +/- 
     0      1    1.06  0.11    0.87  0.14    0.92  0.17    1.37  0.09
     1      2    1.48  0.16    2.28  0.20    1.77  0.22    2.25  0.13
     2      3    0.20  0.16    2.37  0.15    1.38  0.13    2.03  0.09
     3      4   -0.59  0.09    1.43  0.16    0.85  0.09    1.53  0.07
     4      5   -1.02  0.05    1.24  0.06    0.78  0.04    1.35  0.02
     5      6   -1.36  0.05    0.83  0.07    0.54  0.04    1.14  0.03
     6      7   -1.50  0.03    0.78  0.03    0.49  0.02    1.08  0.02
     7      8   -1.68  0.02    0.65  0.04    0.42  0.03    1.00  0.02
     8      9   -1.79  0.02    0.67  0.02    0.41  0.02    0.97  0.02
     9     10   -1.91  0.03    0.52  0.02    0.34  0.03    0.88  0.02
    10     11   -0.06  0.03    0.03  0.02    0.03  0.02    0.22  0.02
    11     12   -0.29  0.04    0.20  0.04    0.21  0.04    0.37  0.03
    12     13   -0.62  0.03    0.12  0.06    0.13  0.07    0.46  0.04
    13     14   -0.67  0.07   -0.08  0.01   -0.07  0.01    0.47  0.05
    14     15   -1.00  0.09    0.40  0.11    0.45  0.12    0.72  0.08

WARNING: Some of these results violate the Second Law of Thermodynamics: 
         This is can be the result of severe undersampling, or (more likely)
         there is something wrong with the simulations.


Final results in kJ/mol:

point      0 -      1,   DG  2.63 +/-  0.28
point      1 -      2,   DG  3.68 +/-  0.40
point      2 -      3,   DG  0.50 +/-  0.39
point      3 -      4,   DG -1.46 +/-  0.22
point      4 -      5,   DG -2.52 +/-  0.12
point      5 -      6,   DG -3.36 +/-  0.12
point      6 -      7,   DG -3.72 +/-  0.07
point      7 -      8,   DG -4.17 +/-  0.04
point      8 -      9,   DG -4.44 +/-  0.06
point      9 -     10,   DG -4.73 +/-  0.09
point     10 -     11,   DG -0.14 +/-  0.07
point     11 -     12,   DG -0.72 +/-  0.11
point     12 -     13,   DG -1.54 +/-  0.08
point     13 -     14,   DG -1.67 +/-  0.17
point     14 -     15,   DG -2.49 +/-  0.23

total      0 -     15,   DG -24.15 +/-  1.37

