
md10.edr: 0.0 - 20001.0; lambda = (0, 0.9)
    foreign lambdas:
        delta H to (0, 0.8) (20001 pts)
        delta H to (0, 0.9) (20001 pts)
        delta H to (0, 1) (20001 pts)



md11.edr: 0.0 - 20001.0; lambda = (0, 1)
    foreign lambdas:
        delta H to (0, 0.9) (20001 pts)
        delta H to (0, 1) (20001 pts)
        delta H to (0.2, 1) (20001 pts)



md12.edr: 0.0 - 20001.0; lambda = (0.2, 1)
    foreign lambdas:
        delta H to (0, 1) (20001 pts)
        delta H to (0.2, 1) (20001 pts)
        delta H to (0.4, 1) (20001 pts)



md13.edr: 0.0 - 20001.0; lambda = (0.4, 1)
    foreign lambdas:
        delta H to (0.2, 1) (20001 pts)
        delta H to (0.4, 1) (20001 pts)
        delta H to (0.6, 1) (20001 pts)



md14.edr: 0.0 - 20001.0; lambda = (0.6, 1)
    foreign lambdas:
        delta H to (0.4, 1) (20001 pts)
        delta H to (0.6, 1) (20001 pts)
        delta H to (0.8, 1) (20001 pts)



md15.edr: 0.0 - 20001.0; lambda = (0.8, 1)
    foreign lambdas:
        delta H to (0.6, 1) (20001 pts)
        delta H to (0.8, 1) (20001 pts)
        delta H to (1, 1) (20001 pts)



md16.edr: 0.0 - 20001.0; lambda = (1, 1)
    foreign lambdas:
        delta H to (0.8, 1) (20001 pts)
        delta H to (1, 1) (20001 pts)



md1.edr: 0.0 - 20001.0; lambda = (0, 0)
    foreign lambdas:
        delta H to (0, 0) (20001 pts)
        delta H to (0, 0.1) (20001 pts)



md2.edr: 0.0 - 20001.0; lambda = (0, 0.1)
    foreign lambdas:
        delta H to (0, 0) (20001 pts)
        delta H to (0, 0.1) (20001 pts)
        delta H to (0, 0.2) (20001 pts)



md3.edr: 0.0 - 20001.0; lambda = (0, 0.2)
    foreign lambdas:
        delta H to (0, 0.1) (20001 pts)
        delta H to (0, 0.2) (20001 pts)
        delta H to (0, 0.3) (20001 pts)



md4.edr: 0.0 - 20001.0; lambda = (0, 0.3)
    foreign lambdas:
        delta H to (0, 0.2) (20001 pts)
        delta H to (0, 0.3) (20001 pts)
        delta H to (0, 0.4) (20001 pts)



md5.edr: 0.0 - 20001.0; lambda = (0, 0.4)
    foreign lambdas:
        delta H to (0, 0.3) (20001 pts)
        delta H to (0, 0.4) (20001 pts)
        delta H to (0, 0.5) (20001 pts)



md6.edr: 0.0 - 20001.0; lambda = (0, 0.5)
    foreign lambdas:
        delta H to (0, 0.4) (20001 pts)
        delta H to (0, 0.5) (20001 pts)
        delta H to (0, 0.6) (20001 pts)



md7.edr: 0.0 - 20001.0; lambda = (0, 0.6)
    foreign lambdas:
        delta H to (0, 0.5) (20001 pts)
        delta H to (0, 0.6) (20001 pts)
        delta H to (0, 0.7) (20001 pts)



md8.edr: 0.0 - 20001.0; lambda = (0, 0.7)
    foreign lambdas:
        delta H to (0, 0.6) (20001 pts)
        delta H to (0, 0.7) (20001 pts)
        delta H to (0, 0.8) (20001 pts)



md9.edr: 0.0 - 20001.0; lambda = (0, 0.8)
    foreign lambdas:
        delta H to (0, 0.7) (20001 pts)
        delta H to (0, 0.8) (20001 pts)
        delta H to (0, 0.9) (20001 pts)



   Samples in time interval: 0.000 - 20001.000
Removing samples outside of: 0.000 - 8000.000

Temperature: 298.15 K

Detailed results in kT (see help for explanation):

 lam_A  lam_B      DG   +/-     s_A   +/-     s_B   +/-   stdev   +/- 
     0      1    1.14  0.06    0.87  0.14    0.94  0.14    1.39  0.05
     1      2    1.35  0.24    2.48  0.13    1.82  0.10    2.36  0.08
     2      3   -0.02  0.13    2.18  0.17    1.23  0.11    1.89  0.09
     3      4   -0.71  0.05    1.39  0.05    0.86  0.03    1.49  0.02
     4      5   -1.07  0.03    1.08  0.05    0.68  0.03    1.31  0.01
     5      6   -1.34  0.01    0.93  0.02    0.60  0.01    1.19  0.01
     6      7   -1.54  0.01    0.77  0.01    0.49  0.01    1.08  0.00
     7      8   -1.74  0.02    0.68  0.02    0.44  0.01    1.01  0.01
     8      9   -1.84  0.02    0.60  0.03    0.37  0.02    0.94  0.01
     9     10   -1.93  0.02    0.56  0.03    0.36  0.03    0.90  0.01
    10     11   -0.09  0.02    0.07  0.01    0.07  0.01    0.29  0.02
    11     12   -0.25  0.02    0.09  0.04    0.09  0.04    0.34  0.01
    12     13   -0.41  0.06    0.07  0.03    0.08  0.03    0.42  0.02
    13     14   -0.53  0.04    0.03  0.04    0.05  0.03    0.46  0.03
    14     15   -0.86  0.12    0.28  0.11    0.36  0.12    0.73  0.07


Final results in kJ/mol:

point      0 -      1,   DG  2.82 +/-  0.15
point      1 -      2,   DG  3.34 +/-  0.58
point      2 -      3,   DG -0.04 +/-  0.33
point      3 -      4,   DG -1.77 +/-  0.12
point      4 -      5,   DG -2.66 +/-  0.07
point      5 -      6,   DG -3.33 +/-  0.04
point      6 -      7,   DG -3.82 +/-  0.03
point      7 -      8,   DG -4.31 +/-  0.05
point      8 -      9,   DG -4.56 +/-  0.05
point      9 -     10,   DG -4.79 +/-  0.04
point     10 -     11,   DG -0.22 +/-  0.05
point     11 -     12,   DG -0.62 +/-  0.04
point     12 -     13,   DG -1.02 +/-  0.14
point     13 -     14,   DG -1.30 +/-  0.10
point     14 -     15,   DG -2.12 +/-  0.30

total      0 -     15,   DG -24.42 +/-  1.11

