
md10.edr: 0.0 - 20001.0; lambda = (0, 0.9)
    foreign lambdas:
        delta H to (0, 0.8) (20001 pts)
        delta H to (0, 0.9) (20001 pts)
        delta H to (0, 1) (20001 pts)



md11.edr: 0.0 - 20001.0; lambda = (0, 1)
    foreign lambdas:
        delta H to (0, 0.9) (20001 pts)
        delta H to (0, 1) (20001 pts)
        delta H to (0.2, 1) (20001 pts)



md12.edr: 0.0 - 20001.0; lambda = (0.2, 1)
    foreign lambdas:
        delta H to (0, 1) (20001 pts)
        delta H to (0.2, 1) (20001 pts)
        delta H to (0.4, 1) (20001 pts)



md13.edr: 0.0 - 20001.0; lambda = (0.4, 1)
    foreign lambdas:
        delta H to (0.2, 1) (20001 pts)
        delta H to (0.4, 1) (20001 pts)
        delta H to (0.6, 1) (20001 pts)



md14.edr: 0.0 - 20001.0; lambda = (0.6, 1)
    foreign lambdas:
        delta H to (0.4, 1) (20001 pts)
        delta H to (0.6, 1) (20001 pts)
        delta H to (0.8, 1) (20001 pts)



md15.edr: 0.0 - 20001.0; lambda = (0.8, 1)
    foreign lambdas:
        delta H to (0.6, 1) (20001 pts)
        delta H to (0.8, 1) (20001 pts)
        delta H to (1, 1) (20001 pts)



md16.edr: 0.0 - 20001.0; lambda = (1, 1)
    foreign lambdas:
        delta H to (0.8, 1) (20001 pts)
        delta H to (1, 1) (20001 pts)



md1.edr: 0.0 - 20001.0; lambda = (0, 0)
    foreign lambdas:
        delta H to (0, 0) (20001 pts)
        delta H to (0, 0.1) (20001 pts)



md2.edr: 0.0 - 20001.0; lambda = (0, 0.1)
    foreign lambdas:
        delta H to (0, 0) (20001 pts)
        delta H to (0, 0.1) (20001 pts)
        delta H to (0, 0.2) (20001 pts)



md3.edr: 0.0 - 20001.0; lambda = (0, 0.2)
    foreign lambdas:
        delta H to (0, 0.1) (20001 pts)
        delta H to (0, 0.2) (20001 pts)
        delta H to (0, 0.3) (20001 pts)



md4.edr: 0.0 - 20001.0; lambda = (0, 0.3)
    foreign lambdas:
        delta H to (0, 0.2) (20001 pts)
        delta H to (0, 0.3) (20001 pts)
        delta H to (0, 0.4) (20001 pts)



md5.edr: 0.0 - 20001.0; lambda = (0, 0.4)
    foreign lambdas:
        delta H to (0, 0.3) (20001 pts)
        delta H to (0, 0.4) (20001 pts)
        delta H to (0, 0.5) (20001 pts)



md6.edr: 0.0 - 20001.0; lambda = (0, 0.5)
    foreign lambdas:
        delta H to (0, 0.4) (20001 pts)
        delta H to (0, 0.5) (20001 pts)
        delta H to (0, 0.6) (20001 pts)



md7.edr: 0.0 - 20001.0; lambda = (0, 0.6)
    foreign lambdas:
        delta H to (0, 0.5) (20001 pts)
        delta H to (0, 0.6) (20001 pts)
        delta H to (0, 0.7) (20001 pts)



md8.edr: 0.0 - 20001.0; lambda = (0, 0.7)
    foreign lambdas:
        delta H to (0, 0.6) (20001 pts)
        delta H to (0, 0.7) (20001 pts)
        delta H to (0, 0.8) (20001 pts)



md9.edr: 0.0 - 20001.0; lambda = (0, 0.8)
    foreign lambdas:
        delta H to (0, 0.7) (20001 pts)
        delta H to (0, 0.8) (20001 pts)
        delta H to (0, 0.9) (20001 pts)



   Samples in time interval: 0.000 - 20001.000
Removing samples outside of: 0.000 - 10000.000

Temperature: 298.15 K

Detailed results in kT (see help for explanation):

 lam_A  lam_B      DG   +/-     s_A   +/-     s_B   +/-   stdev   +/- 
     0      1    1.12  0.08    0.73  0.05    0.84  0.04    1.30  0.01
     1      2    1.52  0.12    2.54  0.12    1.86  0.06    2.43  0.06
     2      3    0.07  0.07    2.40  0.09    1.34  0.04    1.96  0.05
     3      4   -0.77  0.03    1.31  0.07    0.82  0.03    1.44  0.03
     4      5   -1.09  0.01    1.00  0.02    0.63  0.01    1.26  0.01
     5      6   -1.28  0.02    0.90  0.02    0.58  0.01    1.18  0.01
     6      7   -1.50  0.02    0.77  0.01    0.49  0.01    1.08  0.01
     7      8   -1.68  0.02    0.70  0.01    0.44  0.01    1.01  0.01
     8      9   -1.83  0.02    0.59  0.02    0.37  0.01    0.92  0.01
     9     10   -1.92  0.02    0.50  0.02    0.33  0.01    0.87  0.01
    10     11   -0.09  0.01    0.06  0.02    0.06  0.02    0.33  0.01
    11     12   -0.22  0.04    0.07  0.02    0.08  0.02    0.37  0.02
    12     13   -0.38  0.06    0.08  0.04    0.09  0.04    0.44  0.03
    13     14   -0.72  0.12    0.24  0.10    0.31  0.12    0.68  0.08
    14     15   -1.30  0.15    0.27  0.16    0.38  0.18    0.95  0.05


Final results in kJ/mol:

point      0 -      1,   DG  2.77 +/-  0.19
point      1 -      2,   DG  3.76 +/-  0.29
point      2 -      3,   DG  0.17 +/-  0.17
point      3 -      4,   DG -1.91 +/-  0.08
point      4 -      5,   DG -2.70 +/-  0.02
point      5 -      6,   DG -3.16 +/-  0.05
point      6 -      7,   DG -3.73 +/-  0.05
point      7 -      8,   DG -4.17 +/-  0.05
point      8 -      9,   DG -4.54 +/-  0.04
point      9 -     10,   DG -4.75 +/-  0.04
point     10 -     11,   DG -0.23 +/-  0.02
point     11 -     12,   DG -0.56 +/-  0.10
point     12 -     13,   DG -0.94 +/-  0.14
point     13 -     14,   DG -1.77 +/-  0.29
point     14 -     15,   DG -3.22 +/-  0.36

total      0 -     15,   DG -25.00 +/-  0.70

