
md10.edr: 0.0 - 20001.0; lambda = (0, 0.9)
    foreign lambdas:
        delta H to (0, 0.8) (20001 pts)
        delta H to (0, 0.9) (20001 pts)
        delta H to (0, 1) (20001 pts)



md11.edr: 0.0 - 20001.0; lambda = (0, 1)
    foreign lambdas:
        delta H to (0, 0.9) (20001 pts)
        delta H to (0, 1) (20001 pts)
        delta H to (0.2, 1) (20001 pts)



md12.edr: 0.0 - 20001.0; lambda = (0.2, 1)
    foreign lambdas:
        delta H to (0, 1) (20001 pts)
        delta H to (0.2, 1) (20001 pts)
        delta H to (0.4, 1) (20001 pts)



md13.edr: 0.0 - 20001.0; lambda = (0.4, 1)
    foreign lambdas:
        delta H to (0.2, 1) (20001 pts)
        delta H to (0.4, 1) (20001 pts)
        delta H to (0.6, 1) (20001 pts)



md14.edr: 0.0 - 20001.0; lambda = (0.6, 1)
    foreign lambdas:
        delta H to (0.4, 1) (20001 pts)
        delta H to (0.6, 1) (20001 pts)
        delta H to (0.8, 1) (20001 pts)



md15.edr: 0.0 - 20001.0; lambda = (0.8, 1)
    foreign lambdas:
        delta H to (0.6, 1) (20001 pts)
        delta H to (0.8, 1) (20001 pts)
        delta H to (1, 1) (20001 pts)



md16.edr: 0.0 - 20001.0; lambda = (1, 1)
    foreign lambdas:
        delta H to (0.8, 1) (20001 pts)
        delta H to (1, 1) (20001 pts)



md1.edr: 0.0 - 20001.0; lambda = (0, 0)
    foreign lambdas:
        delta H to (0, 0) (20001 pts)
        delta H to (0, 0.1) (20001 pts)



md2.edr: 0.0 - 20001.0; lambda = (0, 0.1)
    foreign lambdas:
        delta H to (0, 0) (20001 pts)
        delta H to (0, 0.1) (20001 pts)
        delta H to (0, 0.2) (20001 pts)



md3.edr: 0.0 - 20001.0; lambda = (0, 0.2)
    foreign lambdas:
        delta H to (0, 0.1) (20001 pts)
        delta H to (0, 0.2) (20001 pts)
        delta H to (0, 0.3) (20001 pts)



md4.edr: 0.0 - 20001.0; lambda = (0, 0.3)
    foreign lambdas:
        delta H to (0, 0.2) (20001 pts)
        delta H to (0, 0.3) (20001 pts)
        delta H to (0, 0.4) (20001 pts)



md5.edr: 0.0 - 20001.0; lambda = (0, 0.4)
    foreign lambdas:
        delta H to (0, 0.3) (20001 pts)
        delta H to (0, 0.4) (20001 pts)
        delta H to (0, 0.5) (20001 pts)



md6.edr: 0.0 - 20001.0; lambda = (0, 0.5)
    foreign lambdas:
        delta H to (0, 0.4) (20001 pts)
        delta H to (0, 0.5) (20001 pts)
        delta H to (0, 0.6) (20001 pts)



md7.edr: 0.0 - 20001.0; lambda = (0, 0.6)
    foreign lambdas:
        delta H to (0, 0.5) (20001 pts)
        delta H to (0, 0.6) (20001 pts)
        delta H to (0, 0.7) (20001 pts)



md8.edr: 0.0 - 20001.0; lambda = (0, 0.7)
    foreign lambdas:
        delta H to (0, 0.6) (20001 pts)
        delta H to (0, 0.7) (20001 pts)
        delta H to (0, 0.8) (20001 pts)



md9.edr: 0.0 - 20001.0; lambda = (0, 0.8)
    foreign lambdas:
        delta H to (0, 0.7) (20001 pts)
        delta H to (0, 0.8) (20001 pts)
        delta H to (0, 0.9) (20001 pts)



   Samples in time interval: 0.000 - 20001.000
Removing samples outside of: 0.000 - 2000.000

Temperature: 298.15 K

Detailed results in kT (see help for explanation):

 lam_A  lam_B      DG   +/-     s_A   +/-     s_B   +/-   stdev   +/- 
     0      1    1.27  0.14    0.66  0.23    0.78  0.24    1.32  0.09
     1      2    1.47  0.32    2.90  0.37    1.94  0.29    2.51  0.33
     2      3    0.04  0.13    2.15  0.22    1.30  0.10    1.87  0.09
     3      4   -0.76  0.08    1.30  0.04    0.80  0.02    1.45  0.01
     4      5   -1.08  0.05    1.01  0.12    0.62  0.10    1.27  0.05
     5      6   -1.24  0.06    0.95  0.06    0.61  0.04    1.21  0.03
     6      7   -1.50  0.05    0.80  0.06    0.50  0.04    1.08  0.03
     7      8   -1.70  0.02    0.70  0.02    0.46  0.01    1.03  0.02
     8      9   -1.81  0.01    0.58  0.03    0.34  0.02    0.94  0.01
     9     10   -1.86  0.03    0.55  0.04    0.36  0.03    0.88  0.02
    10     11   -0.07  0.05    0.03  0.03    0.03  0.03    0.34  0.02
    11     12   -0.15  0.04    0.05  0.01    0.06  0.02    0.33  0.05
    12     13   -0.33  0.06    0.11  0.04    0.12  0.04    0.39  0.05
    13     14   -0.42  0.04   -0.03  0.06   -0.02  0.06    0.38  0.03
    14     15   -0.87  0.24    0.47  0.19    0.68  0.24    0.88  0.20


Final results in kJ/mol:

point      0 -      1,   DG  3.15 +/-  0.34
point      1 -      2,   DG  3.64 +/-  0.80
point      2 -      3,   DG  0.10 +/-  0.32
point      3 -      4,   DG -1.89 +/-  0.20
point      4 -      5,   DG -2.67 +/-  0.11
point      5 -      6,   DG -3.07 +/-  0.14
point      6 -      7,   DG -3.71 +/-  0.12
point      7 -      8,   DG -4.22 +/-  0.05
point      8 -      9,   DG -4.48 +/-  0.02
point      9 -     10,   DG -4.62 +/-  0.07
point     10 -     11,   DG -0.19 +/-  0.12
point     11 -     12,   DG -0.38 +/-  0.10
point     12 -     13,   DG -0.81 +/-  0.14
point     13 -     14,   DG -1.03 +/-  0.10
point     14 -     15,   DG -2.15 +/-  0.59

total      0 -     15,   DG -22.33 +/-  1.67

