
md10.edr: 0.0 - 20001.0; lambda = (0, 0.9)
    foreign lambdas:
        delta H to (0, 0.8) (20001 pts)
        delta H to (0, 0.9) (20001 pts)
        delta H to (0, 1) (20001 pts)



md11.edr: 0.0 - 20001.0; lambda = (0, 1)
    foreign lambdas:
        delta H to (0, 0.9) (20001 pts)
        delta H to (0, 1) (20001 pts)
        delta H to (0.2, 1) (20001 pts)



md12.edr: 0.0 - 20001.0; lambda = (0.2, 1)
    foreign lambdas:
        delta H to (0, 1) (20001 pts)
        delta H to (0.2, 1) (20001 pts)
        delta H to (0.4, 1) (20001 pts)



md13.edr: 0.0 - 20001.0; lambda = (0.4, 1)
    foreign lambdas:
        delta H to (0.2, 1) (20001 pts)
        delta H to (0.4, 1) (20001 pts)
        delta H to (0.6, 1) (20001 pts)



md14.edr: 0.0 - 20001.0; lambda = (0.6, 1)
    foreign lambdas:
        delta H to (0.4, 1) (20001 pts)
        delta H to (0.6, 1) (20001 pts)
        delta H to (0.8, 1) (20001 pts)



md15.edr: 0.0 - 20001.0; lambda = (0.8, 1)
    foreign lambdas:
        delta H to (0.6, 1) (20001 pts)
        delta H to (0.8, 1) (20001 pts)
        delta H to (1, 1) (20001 pts)



md16.edr: 0.0 - 20001.0; lambda = (1, 1)
    foreign lambdas:
        delta H to (0.8, 1) (20001 pts)
        delta H to (1, 1) (20001 pts)



md1.edr: 0.0 - 20001.0; lambda = (0, 0)
    foreign lambdas:
        delta H to (0, 0) (20001 pts)
        delta H to (0, 0.1) (20001 pts)



md2.edr: 0.0 - 20001.0; lambda = (0, 0.1)
    foreign lambdas:
        delta H to (0, 0) (20001 pts)
        delta H to (0, 0.1) (20001 pts)
        delta H to (0, 0.2) (20001 pts)



md3.edr: 0.0 - 20001.0; lambda = (0, 0.2)
    foreign lambdas:
        delta H to (0, 0.1) (20001 pts)
        delta H to (0, 0.2) (20001 pts)
        delta H to (0, 0.3) (20001 pts)



md4.edr: 0.0 - 20001.0; lambda = (0, 0.3)
    foreign lambdas:
        delta H to (0, 0.2) (20001 pts)
        delta H to (0, 0.3) (20001 pts)
        delta H to (0, 0.4) (20001 pts)



md5.edr: 0.0 - 20001.0; lambda = (0, 0.4)
    foreign lambdas:
        delta H to (0, 0.3) (20001 pts)
        delta H to (0, 0.4) (20001 pts)
        delta H to (0, 0.5) (20001 pts)



md6.edr: 0.0 - 20001.0; lambda = (0, 0.5)
    foreign lambdas:
        delta H to (0, 0.4) (20001 pts)
        delta H to (0, 0.5) (20001 pts)
        delta H to (0, 0.6) (20001 pts)



md7.edr: 0.0 - 20001.0; lambda = (0, 0.6)
    foreign lambdas:
        delta H to (0, 0.5) (20001 pts)
        delta H to (0, 0.6) (20001 pts)
        delta H to (0, 0.7) (20001 pts)



md8.edr: 0.0 - 20001.0; lambda = (0, 0.7)
    foreign lambdas:
        delta H to (0, 0.6) (20001 pts)
        delta H to (0, 0.7) (20001 pts)
        delta H to (0, 0.8) (20001 pts)



md9.edr: 0.0 - 20001.0; lambda = (0, 0.8)
    foreign lambdas:
        delta H to (0, 0.7) (20001 pts)
        delta H to (0, 0.8) (20001 pts)
        delta H to (0, 0.9) (20001 pts)



   Samples in time interval: 0.000 - 20001.000
Removing samples outside of: 0.000 - 4000.000

Temperature: 298.15 K

Detailed results in kT (see help for explanation):

 lam_A  lam_B      DG   +/-     s_A   +/-     s_B   +/-   stdev   +/- 
     0      1    1.18  0.09    0.72  0.13    0.84  0.13    1.30  0.03
     1      2    1.45  0.20    2.68  0.19    1.89  0.13    2.48  0.10
     2      3    0.02  0.08    2.25  0.14    1.30  0.05    1.88  0.05
     3      4   -0.80  0.06    1.27  0.06    0.80  0.03    1.42  0.02
     4      5   -1.10  0.05    0.99  0.09    0.63  0.07    1.26  0.04
     5      6   -1.28  0.04    0.90  0.06    0.58  0.04    1.18  0.03
     6      7   -1.52  0.02    0.78  0.04    0.49  0.03    1.07  0.03
     7      8   -1.71  0.01    0.69  0.03    0.44  0.02    1.01  0.02
     8      9   -1.83  0.03    0.60  0.03    0.36  0.02    0.93  0.02
     9     10   -1.89  0.02    0.51  0.03    0.33  0.02    0.87  0.01
    10     11   -0.09  0.03    0.03  0.02    0.03  0.02    0.32  0.02
    11     12   -0.18  0.04    0.06  0.02    0.07  0.02    0.33  0.03
    12     13   -0.31  0.05    0.07  0.08    0.08  0.08    0.39  0.04
    13     14   -0.55  0.13    0.16  0.14    0.23  0.16    0.58  0.11
    14     15   -0.96  0.11    0.19  0.17    0.33  0.20    0.83  0.06


Final results in kJ/mol:

point      0 -      1,   DG  2.92 +/-  0.23
point      1 -      2,   DG  3.59 +/-  0.50
point      2 -      3,   DG  0.05 +/-  0.19
point      3 -      4,   DG -1.98 +/-  0.14
point      4 -      5,   DG -2.72 +/-  0.13
point      5 -      6,   DG -3.16 +/-  0.09
point      6 -      7,   DG -3.77 +/-  0.06
point      7 -      8,   DG -4.23 +/-  0.03
point      8 -      9,   DG -4.53 +/-  0.07
point      9 -     10,   DG -4.69 +/-  0.06
point     10 -     11,   DG -0.22 +/-  0.07
point     11 -     12,   DG -0.44 +/-  0.10
point     12 -     13,   DG -0.76 +/-  0.12
point     13 -     14,   DG -1.36 +/-  0.31
point     14 -     15,   DG -2.39 +/-  0.27

total      0 -     15,   DG -23.70 +/-  1.46

