
md10.edr: 0.0 - 20001.0; lambda = (0, 0.9)
    foreign lambdas:
        delta H to (0, 0.8) (20001 pts)
        delta H to (0, 0.9) (20001 pts)
        delta H to (0, 1) (20001 pts)



md11.edr: 0.0 - 20001.0; lambda = (0, 1)
    foreign lambdas:
        delta H to (0, 0.9) (20001 pts)
        delta H to (0, 1) (20001 pts)
        delta H to (0.2, 1) (20001 pts)



md12.edr: 0.0 - 20001.0; lambda = (0.2, 1)
    foreign lambdas:
        delta H to (0, 1) (20001 pts)
        delta H to (0.2, 1) (20001 pts)
        delta H to (0.4, 1) (20001 pts)



md13.edr: 0.0 - 20001.0; lambda = (0.4, 1)
    foreign lambdas:
        delta H to (0.2, 1) (20001 pts)
        delta H to (0.4, 1) (20001 pts)
        delta H to (0.6, 1) (20001 pts)



md14.edr: 0.0 - 20001.0; lambda = (0.6, 1)
    foreign lambdas:
        delta H to (0.4, 1) (20001 pts)
        delta H to (0.6, 1) (20001 pts)
        delta H to (0.8, 1) (20001 pts)



md15.edr: 0.0 - 20001.0; lambda = (0.8, 1)
    foreign lambdas:
        delta H to (0.6, 1) (20001 pts)
        delta H to (0.8, 1) (20001 pts)
        delta H to (1, 1) (20001 pts)



md16.edr: 0.0 - 20001.0; lambda = (1, 1)
    foreign lambdas:
        delta H to (0.8, 1) (20001 pts)
        delta H to (1, 1) (20001 pts)



md1.edr: 0.0 - 20001.0; lambda = (0, 0)
    foreign lambdas:
        delta H to (0, 0) (20001 pts)
        delta H to (0, 0.1) (20001 pts)



md2.edr: 0.0 - 20001.0; lambda = (0, 0.1)
    foreign lambdas:
        delta H to (0, 0) (20001 pts)
        delta H to (0, 0.1) (20001 pts)
        delta H to (0, 0.2) (20001 pts)



md3.edr: 0.0 - 20001.0; lambda = (0, 0.2)
    foreign lambdas:
        delta H to (0, 0.1) (20001 pts)
        delta H to (0, 0.2) (20001 pts)
        delta H to (0, 0.3) (20001 pts)



md4.edr: 0.0 - 20001.0; lambda = (0, 0.3)
    foreign lambdas:
        delta H to (0, 0.2) (20001 pts)
        delta H to (0, 0.3) (20001 pts)
        delta H to (0, 0.4) (20001 pts)



md5.edr: 0.0 - 20001.0; lambda = (0, 0.4)
    foreign lambdas:
        delta H to (0, 0.3) (20001 pts)
        delta H to (0, 0.4) (20001 pts)
        delta H to (0, 0.5) (20001 pts)



md6.edr: 0.0 - 20001.0; lambda = (0, 0.5)
    foreign lambdas:
        delta H to (0, 0.4) (20001 pts)
        delta H to (0, 0.5) (20001 pts)
        delta H to (0, 0.6) (20001 pts)



md7.edr: 0.0 - 20001.0; lambda = (0, 0.6)
    foreign lambdas:
        delta H to (0, 0.5) (20001 pts)
        delta H to (0, 0.6) (20001 pts)
        delta H to (0, 0.7) (20001 pts)



md8.edr: 0.0 - 20001.0; lambda = (0, 0.7)
    foreign lambdas:
        delta H to (0, 0.6) (20001 pts)
        delta H to (0, 0.7) (20001 pts)
        delta H to (0, 0.8) (20001 pts)



md9.edr: 0.0 - 20001.0; lambda = (0, 0.8)
    foreign lambdas:
        delta H to (0, 0.7) (20001 pts)
        delta H to (0, 0.8) (20001 pts)
        delta H to (0, 0.9) (20001 pts)



   Samples in time interval: 0.000 - 20001.000
Removing samples outside of: 0.000 - 11000.000

Temperature: 298.15 K

Detailed results in kT (see help for explanation):

 lam_A  lam_B      DG   +/-     s_A   +/-     s_B   +/-   stdev   +/- 
     0      1    1.17  0.14    0.69  0.10    0.81  0.10    1.28  0.06
     1      2    1.58  0.20    2.64  0.26    1.92  0.23    2.48  0.19
     2      3    0.09  0.04    2.39  0.11    1.34  0.05    1.96  0.04
     3      4   -0.76  0.04    1.33  0.09    0.83  0.05    1.44  0.04
     4      5   -1.09  0.01    1.00  0.03    0.63  0.02    1.26  0.01
     5      6   -1.28  0.02    0.90  0.01    0.58  0.01    1.18  0.01
     6      7   -1.50  0.02    0.77  0.02    0.49  0.01    1.08  0.01
     7      8   -1.69  0.02    0.71  0.02    0.45  0.02    1.01  0.01
     8      9   -1.83  0.01    0.58  0.02    0.37  0.02    0.92  0.01
     9     10   -1.92  0.01    0.50  0.01    0.33  0.01    0.87  0.00
    10     11   -0.10  0.01    0.05  0.01    0.06  0.02    0.33  0.02
    11     12   -0.24  0.03    0.08  0.03    0.09  0.03    0.37  0.01
    12     13   -0.38  0.05    0.06  0.04    0.07  0.04    0.43  0.03
    13     14   -0.71  0.10    0.25  0.10    0.32  0.11    0.67  0.07
    14     15   -1.29  0.13    0.27  0.13    0.37  0.15    0.94  0.05


Final results in kJ/mol:

point      0 -      1,   DG  2.91 +/-  0.34
point      1 -      2,   DG  3.93 +/-  0.49
point      2 -      3,   DG  0.22 +/-  0.10
point      3 -      4,   DG -1.89 +/-  0.11
point      4 -      5,   DG -2.71 +/-  0.02
point      5 -      6,   DG -3.18 +/-  0.04
point      6 -      7,   DG -3.71 +/-  0.05
point      7 -      8,   DG -4.19 +/-  0.04
point      8 -      9,   DG -4.55 +/-  0.03
point      9 -     10,   DG -4.75 +/-  0.03
point     10 -     11,   DG -0.24 +/-  0.03
point     11 -     12,   DG -0.58 +/-  0.08
point     12 -     13,   DG -0.94 +/-  0.12
point     13 -     14,   DG -1.75 +/-  0.25
point     14 -     15,   DG -3.21 +/-  0.31

total      0 -     15,   DG -24.64 +/-  0.84

