
md10.edr: 0.0 - 20001.0; lambda = (0, 0.9)
    foreign lambdas:
        delta H to (0, 0.8) (20001 pts)
        delta H to (0, 0.9) (20001 pts)
        delta H to (0, 1) (20001 pts)



md11.edr: 0.0 - 20001.0; lambda = (0, 1)
    foreign lambdas:
        delta H to (0, 0.9) (20001 pts)
        delta H to (0, 1) (20001 pts)
        delta H to (0.2, 1) (20001 pts)



md12.edr: 0.0 - 20001.0; lambda = (0.2, 1)
    foreign lambdas:
        delta H to (0, 1) (20001 pts)
        delta H to (0.2, 1) (20001 pts)
        delta H to (0.4, 1) (20001 pts)



md13.edr: 0.0 - 20001.0; lambda = (0.4, 1)
    foreign lambdas:
        delta H to (0.2, 1) (20001 pts)
        delta H to (0.4, 1) (20001 pts)
        delta H to (0.6, 1) (20001 pts)



md14.edr: 0.0 - 20001.0; lambda = (0.6, 1)
    foreign lambdas:
        delta H to (0.4, 1) (20001 pts)
        delta H to (0.6, 1) (20001 pts)
        delta H to (0.8, 1) (20001 pts)



md15.edr: 0.0 - 20001.0; lambda = (0.8, 1)
    foreign lambdas:
        delta H to (0.6, 1) (20001 pts)
        delta H to (0.8, 1) (20001 pts)
        delta H to (1, 1) (20001 pts)



md16.edr: 0.0 - 20001.0; lambda = (1, 1)
    foreign lambdas:
        delta H to (0.8, 1) (20001 pts)
        delta H to (1, 1) (20001 pts)



md1.edr: 0.0 - 20001.0; lambda = (0, 0)
    foreign lambdas:
        delta H to (0, 0) (20001 pts)
        delta H to (0, 0.1) (20001 pts)



md2.edr: 0.0 - 20001.0; lambda = (0, 0.1)
    foreign lambdas:
        delta H to (0, 0) (20001 pts)
        delta H to (0, 0.1) (20001 pts)
        delta H to (0, 0.2) (20001 pts)



md3.edr: 0.0 - 20001.0; lambda = (0, 0.2)
    foreign lambdas:
        delta H to (0, 0.1) (20001 pts)
        delta H to (0, 0.2) (20001 pts)
        delta H to (0, 0.3) (20001 pts)



md4.edr: 0.0 - 20001.0; lambda = (0, 0.3)
    foreign lambdas:
        delta H to (0, 0.2) (20001 pts)
        delta H to (0, 0.3) (20001 pts)
        delta H to (0, 0.4) (20001 pts)



md5.edr: 0.0 - 20001.0; lambda = (0, 0.4)
    foreign lambdas:
        delta H to (0, 0.3) (20001 pts)
        delta H to (0, 0.4) (20001 pts)
        delta H to (0, 0.5) (20001 pts)



md6.edr: 0.0 - 20001.0; lambda = (0, 0.5)
    foreign lambdas:
        delta H to (0, 0.4) (20001 pts)
        delta H to (0, 0.5) (20001 pts)
        delta H to (0, 0.6) (20001 pts)



md7.edr: 0.0 - 20001.0; lambda = (0, 0.6)
    foreign lambdas:
        delta H to (0, 0.5) (20001 pts)
        delta H to (0, 0.6) (20001 pts)
        delta H to (0, 0.7) (20001 pts)



md8.edr: 0.0 - 20001.0; lambda = (0, 0.7)
    foreign lambdas:
        delta H to (0, 0.6) (20001 pts)
        delta H to (0, 0.7) (20001 pts)
        delta H to (0, 0.8) (20001 pts)



md9.edr: 0.0 - 20001.0; lambda = (0, 0.8)
    foreign lambdas:
        delta H to (0, 0.7) (20001 pts)
        delta H to (0, 0.8) (20001 pts)
        delta H to (0, 0.9) (20001 pts)



   Samples in time interval: 0.000 - 20001.000
Removing samples outside of: 0.000 - 13000.000

Temperature: 298.15 K

Detailed results in kT (see help for explanation):

 lam_A  lam_B      DG   +/-     s_A   +/-     s_B   +/-   stdev   +/- 
     0      1    1.18  0.08    0.70  0.06    0.80  0.06    1.29  0.02
     1      2    1.60  0.12    2.69  0.17    1.98  0.12    2.52  0.10
     2      3    0.07  0.06    2.33  0.12    1.31  0.05    1.93  0.05
     3      4   -0.76  0.02    1.34  0.06    0.83  0.02    1.45  0.02
     4      5   -1.09  0.02    1.00  0.01    0.64  0.01    1.26  0.01
     5      6   -1.29  0.02    0.88  0.03    0.56  0.02    1.17  0.01
     6      7   -1.49  0.01    0.78  0.02    0.50  0.02    1.09  0.01
     7      8   -1.69  0.02    0.70  0.00    0.44  0.00    1.01  0.01
     8      9   -1.83  0.00    0.58  0.02    0.36  0.02    0.92  0.01
     9     10   -1.91  0.01    0.51  0.02    0.33  0.01    0.87  0.01
    10     11   -0.10  0.01    0.04  0.02    0.05  0.02    0.33  0.01
    11     12   -0.23  0.04    0.08  0.02    0.09  0.03    0.37  0.02
    12     13   -0.36  0.06    0.04  0.06    0.06  0.06    0.42  0.03
    13     14   -0.67  0.09    0.25  0.07    0.32  0.09    0.67  0.06
    14     15   -1.25  0.11    0.26  0.10    0.36  0.11    0.92  0.03


Final results in kJ/mol:

point      0 -      1,   DG  2.93 +/-  0.20
point      1 -      2,   DG  3.96 +/-  0.31
point      2 -      3,   DG  0.16 +/-  0.14
point      3 -      4,   DG -1.87 +/-  0.04
point      4 -      5,   DG -2.70 +/-  0.05
point      5 -      6,   DG -3.19 +/-  0.05
point      6 -      7,   DG -3.70 +/-  0.03
point      7 -      8,   DG -4.20 +/-  0.04
point      8 -      9,   DG -4.54 +/-  0.01
point      9 -     10,   DG -4.74 +/-  0.03
point     10 -     11,   DG -0.25 +/-  0.03
point     11 -     12,   DG -0.57 +/-  0.11
point     12 -     13,   DG -0.90 +/-  0.14
point     13 -     14,   DG -1.66 +/-  0.23
point     14 -     15,   DG -3.11 +/-  0.26

total      0 -     15,   DG -24.39 +/-  0.62

