
md10.edr: 0.0 - 20001.0; lambda = (0, 0.9)
    foreign lambdas:
        delta H to (0, 0.8) (20001 pts)
        delta H to (0, 0.9) (20001 pts)
        delta H to (0, 1) (20001 pts)



md11.edr: 0.0 - 20001.0; lambda = (0, 1)
    foreign lambdas:
        delta H to (0, 0.9) (20001 pts)
        delta H to (0, 1) (20001 pts)
        delta H to (0.2, 1) (20001 pts)



md12.edr: 0.0 - 20001.0; lambda = (0.2, 1)
    foreign lambdas:
        delta H to (0, 1) (20001 pts)
        delta H to (0.2, 1) (20001 pts)
        delta H to (0.4, 1) (20001 pts)



md13.edr: 0.0 - 20001.0; lambda = (0.4, 1)
    foreign lambdas:
        delta H to (0.2, 1) (20001 pts)
        delta H to (0.4, 1) (20001 pts)
        delta H to (0.6, 1) (20001 pts)



md14.edr: 0.0 - 20001.0; lambda = (0.6, 1)
    foreign lambdas:
        delta H to (0.4, 1) (20001 pts)
        delta H to (0.6, 1) (20001 pts)
        delta H to (0.8, 1) (20001 pts)



md15.edr: 0.0 - 20001.0; lambda = (0.8, 1)
    foreign lambdas:
        delta H to (0.6, 1) (20001 pts)
        delta H to (0.8, 1) (20001 pts)
        delta H to (1, 1) (20001 pts)



md16.edr: 0.0 - 20001.0; lambda = (1, 1)
    foreign lambdas:
        delta H to (0.8, 1) (20001 pts)
        delta H to (1, 1) (20001 pts)



md1.edr: 0.0 - 20001.0; lambda = (0, 0)
    foreign lambdas:
        delta H to (0, 0) (20001 pts)
        delta H to (0, 0.1) (20001 pts)



md2.edr: 0.0 - 20001.0; lambda = (0, 0.1)
    foreign lambdas:
        delta H to (0, 0) (20001 pts)
        delta H to (0, 0.1) (20001 pts)
        delta H to (0, 0.2) (20001 pts)



md3.edr: 0.0 - 20001.0; lambda = (0, 0.2)
    foreign lambdas:
        delta H to (0, 0.1) (20001 pts)
        delta H to (0, 0.2) (20001 pts)
        delta H to (0, 0.3) (20001 pts)



md4.edr: 0.0 - 20001.0; lambda = (0, 0.3)
    foreign lambdas:
        delta H to (0, 0.2) (20001 pts)
        delta H to (0, 0.3) (20001 pts)
        delta H to (0, 0.4) (20001 pts)



md5.edr: 0.0 - 20001.0; lambda = (0, 0.4)
    foreign lambdas:
        delta H to (0, 0.3) (20001 pts)
        delta H to (0, 0.4) (20001 pts)
        delta H to (0, 0.5) (20001 pts)



md6.edr: 0.0 - 20001.0; lambda = (0, 0.5)
    foreign lambdas:
        delta H to (0, 0.4) (20001 pts)
        delta H to (0, 0.5) (20001 pts)
        delta H to (0, 0.6) (20001 pts)



md7.edr: 0.0 - 20001.0; lambda = (0, 0.6)
    foreign lambdas:
        delta H to (0, 0.5) (20001 pts)
        delta H to (0, 0.6) (20001 pts)
        delta H to (0, 0.7) (20001 pts)



md8.edr: 0.0 - 20001.0; lambda = (0, 0.7)
    foreign lambdas:
        delta H to (0, 0.6) (20001 pts)
        delta H to (0, 0.7) (20001 pts)
        delta H to (0, 0.8) (20001 pts)



md9.edr: 0.0 - 20001.0; lambda = (0, 0.8)
    foreign lambdas:
        delta H to (0, 0.7) (20001 pts)
        delta H to (0, 0.8) (20001 pts)
        delta H to (0, 0.9) (20001 pts)



   Samples in time interval: 0.000 - 20001.000
Removing samples outside of: 0.000 - 16000.000

Temperature: 298.15 K

Detailed results in kT (see help for explanation):

 lam_A  lam_B      DG   +/-     s_A   +/-     s_B   +/-   stdev   +/- 
     0      1    1.15  0.08    0.70  0.04    0.80  0.05    1.29  0.03
     1      2    1.56  0.13    2.66  0.14    1.96  0.13    2.50  0.11
     2      3    0.05  0.04    2.31  0.09    1.30  0.05    1.92  0.04
     3      4   -0.74  0.03    1.32  0.04    0.82  0.02    1.45  0.02
     4      5   -1.07  0.02    1.03  0.03    0.65  0.02    1.27  0.02
     5      6   -1.29  0.02    0.88  0.02    0.57  0.01    1.17  0.01
     6      7   -1.50  0.02    0.78  0.01    0.50  0.01    1.08  0.01
     7      8   -1.70  0.02    0.70  0.01    0.44  0.01    1.01  0.01
     8      9   -1.83  0.00    0.56  0.02    0.35  0.02    0.91  0.01
     9     10   -1.91  0.01    0.52  0.01    0.34  0.01    0.87  0.01
    10     11   -0.09  0.01    0.05  0.01    0.05  0.01    0.33  0.01
    11     12   -0.23  0.02    0.09  0.02    0.09  0.02    0.37  0.01
    12     13   -0.38  0.03    0.06  0.05    0.08  0.04    0.44  0.02
    13     14   -0.70  0.04    0.24  0.05    0.30  0.05    0.67  0.02
    14     15   -1.27  0.07    0.27  0.06    0.36  0.06    0.91  0.03


Final results in kJ/mol:

point      0 -      1,   DG  2.85 +/-  0.20
point      1 -      2,   DG  3.87 +/-  0.33
point      2 -      3,   DG  0.13 +/-  0.09
point      3 -      4,   DG -1.83 +/-  0.06
point      4 -      5,   DG -2.66 +/-  0.05
point      5 -      6,   DG -3.19 +/-  0.04
point      6 -      7,   DG -3.72 +/-  0.04
point      7 -      8,   DG -4.21 +/-  0.04
point      8 -      9,   DG -4.54 +/-  0.01
point      9 -     10,   DG -4.74 +/-  0.02
point     10 -     11,   DG -0.23 +/-  0.03
point     11 -     12,   DG -0.56 +/-  0.05
point     12 -     13,   DG -0.95 +/-  0.08
point     13 -     14,   DG -1.74 +/-  0.09
point     14 -     15,   DG -3.16 +/-  0.18

total      0 -     15,   DG -24.67 +/-  0.71

