
md10.edr: 0.0 - 20001.0; lambda = (0, 0.9)
    foreign lambdas:
        delta H to (0, 0.8) (20001 pts)
        delta H to (0, 0.9) (20001 pts)
        delta H to (0, 1) (20001 pts)



md11.edr: 0.0 - 20001.0; lambda = (0, 1)
    foreign lambdas:
        delta H to (0, 0.9) (20001 pts)
        delta H to (0, 1) (20001 pts)
        delta H to (0.2, 1) (20001 pts)



md12.edr: 0.0 - 20001.0; lambda = (0.2, 1)
    foreign lambdas:
        delta H to (0, 1) (20001 pts)
        delta H to (0.2, 1) (20001 pts)
        delta H to (0.4, 1) (20001 pts)



md13.edr: 0.0 - 20001.0; lambda = (0.4, 1)
    foreign lambdas:
        delta H to (0.2, 1) (20001 pts)
        delta H to (0.4, 1) (20001 pts)
        delta H to (0.6, 1) (20001 pts)



md14.edr: 0.0 - 20001.0; lambda = (0.6, 1)
    foreign lambdas:
        delta H to (0.4, 1) (20001 pts)
        delta H to (0.6, 1) (20001 pts)
        delta H to (0.8, 1) (20001 pts)



md15.edr: 0.0 - 20001.0; lambda = (0.8, 1)
    foreign lambdas:
        delta H to (0.6, 1) (20001 pts)
        delta H to (0.8, 1) (20001 pts)
        delta H to (1, 1) (20001 pts)



md16.edr: 0.0 - 20001.0; lambda = (1, 1)
    foreign lambdas:
        delta H to (0.8, 1) (20001 pts)
        delta H to (1, 1) (20001 pts)



md1.edr: 0.0 - 20001.0; lambda = (0, 0)
    foreign lambdas:
        delta H to (0, 0) (20001 pts)
        delta H to (0, 0.1) (20001 pts)



md2.edr: 0.0 - 20001.0; lambda = (0, 0.1)
    foreign lambdas:
        delta H to (0, 0) (20001 pts)
        delta H to (0, 0.1) (20001 pts)
        delta H to (0, 0.2) (20001 pts)



md3.edr: 0.0 - 20001.0; lambda = (0, 0.2)
    foreign lambdas:
        delta H to (0, 0.1) (20001 pts)
        delta H to (0, 0.2) (20001 pts)
        delta H to (0, 0.3) (20001 pts)



md4.edr: 0.0 - 20001.0; lambda = (0, 0.3)
    foreign lambdas:
        delta H to (0, 0.2) (20001 pts)
        delta H to (0, 0.3) (20001 pts)
        delta H to (0, 0.4) (20001 pts)



md5.edr: 0.0 - 20001.0; lambda = (0, 0.4)
    foreign lambdas:
        delta H to (0, 0.3) (20001 pts)
        delta H to (0, 0.4) (20001 pts)
        delta H to (0, 0.5) (20001 pts)



md6.edr: 0.0 - 20001.0; lambda = (0, 0.5)
    foreign lambdas:
        delta H to (0, 0.4) (20001 pts)
        delta H to (0, 0.5) (20001 pts)
        delta H to (0, 0.6) (20001 pts)



md7.edr: 0.0 - 20001.0; lambda = (0, 0.6)
    foreign lambdas:
        delta H to (0, 0.5) (20001 pts)
        delta H to (0, 0.6) (20001 pts)
        delta H to (0, 0.7) (20001 pts)



md8.edr: 0.0 - 20001.0; lambda = (0, 0.7)
    foreign lambdas:
        delta H to (0, 0.6) (20001 pts)
        delta H to (0, 0.7) (20001 pts)
        delta H to (0, 0.8) (20001 pts)



md9.edr: 0.0 - 20001.0; lambda = (0, 0.8)
    foreign lambdas:
        delta H to (0, 0.7) (20001 pts)
        delta H to (0, 0.8) (20001 pts)
        delta H to (0, 0.9) (20001 pts)



   Samples in time interval: 0.000 - 20001.000
Removing samples outside of: 0.000 - 9000.000

Temperature: 298.15 K

Detailed results in kT (see help for explanation):

 lam_A  lam_B      DG   +/-     s_A   +/-     s_B   +/-   stdev   +/- 
     0      1    1.17  0.08    0.88  0.10    0.93  0.10    1.37  0.06
     1      2    1.57  0.21    2.44  0.15    1.89  0.19    2.37  0.15
     2      3    0.17  0.04    2.40  0.10    1.39  0.04    2.00  0.04
     3      4   -0.67  0.04    1.41  0.07    0.88  0.04    1.53  0.03
     4      5   -1.02  0.04    1.16  0.04    0.72  0.03    1.35  0.02
     5      6   -1.34  0.03    0.95  0.05    0.62  0.04    1.20  0.03
     6      7   -1.58  0.03    0.77  0.03    0.49  0.02    1.10  0.02
     7      8   -1.70  0.01    0.72  0.03    0.45  0.02    1.04  0.01
     8      9   -1.84  0.02    0.65  0.05    0.41  0.03    0.97  0.02
     9     10   -1.95  0.02    0.54  0.02    0.34  0.02    0.90  0.01
    10     11   -0.05  0.03    0.01  0.02    0.01  0.02    0.35  0.02
    11     12   -0.15  0.02    0.09  0.02    0.10  0.02    0.36  0.02
    12     13   -0.37  0.05    0.13  0.05    0.15  0.05    0.48  0.04
    13     14   -0.66  0.04    0.14  0.09    0.18  0.10    0.63  0.03
    14     15   -1.39  0.14    0.54  0.12    0.65  0.12    1.03  0.08


Final results in kJ/mol:

point      0 -      1,   DG  2.90 +/-  0.19
point      1 -      2,   DG  3.90 +/-  0.52
point      2 -      3,   DG  0.41 +/-  0.11
point      3 -      4,   DG -1.66 +/-  0.11
point      4 -      5,   DG -2.54 +/-  0.10
point      5 -      6,   DG -3.31 +/-  0.06
point      6 -      7,   DG -3.91 +/-  0.08
point      7 -      8,   DG -4.22 +/-  0.03
point      8 -      9,   DG -4.57 +/-  0.04
point      9 -     10,   DG -4.85 +/-  0.05
point     10 -     11,   DG -0.12 +/-  0.06
point     11 -     12,   DG -0.37 +/-  0.05
point     12 -     13,   DG -0.93 +/-  0.11
point     13 -     14,   DG -1.65 +/-  0.10
point     14 -     15,   DG -3.44 +/-  0.35

total      0 -     15,   DG -24.35 +/-  1.25

