
md10.edr: 0.0 - 20001.0; lambda = (0, 0.9)
    foreign lambdas:
        delta H to (0, 0.8) (20001 pts)
        delta H to (0, 0.9) (20001 pts)
        delta H to (0, 1) (20001 pts)



md11.edr: 0.0 - 20001.0; lambda = (0, 1)
    foreign lambdas:
        delta H to (0, 0.9) (20001 pts)
        delta H to (0, 1) (20001 pts)
        delta H to (0.2, 1) (20001 pts)



md12.edr: 0.0 - 20001.0; lambda = (0.2, 1)
    foreign lambdas:
        delta H to (0, 1) (20001 pts)
        delta H to (0.2, 1) (20001 pts)
        delta H to (0.4, 1) (20001 pts)



md13.edr: 0.0 - 20001.0; lambda = (0.4, 1)
    foreign lambdas:
        delta H to (0.2, 1) (20001 pts)
        delta H to (0.4, 1) (20001 pts)
        delta H to (0.6, 1) (20001 pts)



md14.edr: 0.0 - 20001.0; lambda = (0.6, 1)
    foreign lambdas:
        delta H to (0.4, 1) (20001 pts)
        delta H to (0.6, 1) (20001 pts)
        delta H to (0.8, 1) (20001 pts)



md15.edr: 0.0 - 20001.0; lambda = (0.8, 1)
    foreign lambdas:
        delta H to (0.6, 1) (20001 pts)
        delta H to (0.8, 1) (20001 pts)
        delta H to (1, 1) (20001 pts)



md16.edr: 0.0 - 20001.0; lambda = (1, 1)
    foreign lambdas:
        delta H to (0.8, 1) (20001 pts)
        delta H to (1, 1) (20001 pts)



md1.edr: 0.0 - 20001.0; lambda = (0, 0)
    foreign lambdas:
        delta H to (0, 0) (20001 pts)
        delta H to (0, 0.1) (20001 pts)



md2.edr: 0.0 - 20001.0; lambda = (0, 0.1)
    foreign lambdas:
        delta H to (0, 0) (20001 pts)
        delta H to (0, 0.1) (20001 pts)
        delta H to (0, 0.2) (20001 pts)



md3.edr: 0.0 - 20001.0; lambda = (0, 0.2)
    foreign lambdas:
        delta H to (0, 0.1) (20001 pts)
        delta H to (0, 0.2) (20001 pts)
        delta H to (0, 0.3) (20001 pts)



md4.edr: 0.0 - 20001.0; lambda = (0, 0.3)
    foreign lambdas:
        delta H to (0, 0.2) (20001 pts)
        delta H to (0, 0.3) (20001 pts)
        delta H to (0, 0.4) (20001 pts)



md5.edr: 0.0 - 20001.0; lambda = (0, 0.4)
    foreign lambdas:
        delta H to (0, 0.3) (20001 pts)
        delta H to (0, 0.4) (20001 pts)
        delta H to (0, 0.5) (20001 pts)



md6.edr: 0.0 - 20001.0; lambda = (0, 0.5)
    foreign lambdas:
        delta H to (0, 0.4) (20001 pts)
        delta H to (0, 0.5) (20001 pts)
        delta H to (0, 0.6) (20001 pts)



md7.edr: 0.0 - 20001.0; lambda = (0, 0.6)
    foreign lambdas:
        delta H to (0, 0.5) (20001 pts)
        delta H to (0, 0.6) (20001 pts)
        delta H to (0, 0.7) (20001 pts)



md8.edr: 0.0 - 20001.0; lambda = (0, 0.7)
    foreign lambdas:
        delta H to (0, 0.6) (20001 pts)
        delta H to (0, 0.7) (20001 pts)
        delta H to (0, 0.8) (20001 pts)



md9.edr: 0.0 - 20001.0; lambda = (0, 0.8)
    foreign lambdas:
        delta H to (0, 0.7) (20001 pts)
        delta H to (0, 0.8) (20001 pts)
        delta H to (0, 0.9) (20001 pts)



   Samples in time interval: 0.000 - 20001.000
Removing samples outside of: 0.000 - 3000.000

Temperature: 298.15 K

Detailed results in kT (see help for explanation):

 lam_A  lam_B      DG   +/-     s_A   +/-     s_B   +/-   stdev   +/- 
     0      1    1.21  0.07    0.80  0.19    0.84  0.21    1.30  0.10
     1      2    1.86  0.22    2.49  0.31    2.07  0.21    2.49  0.17
     2      3    0.15  0.17    2.60  0.25    1.49  0.13    2.09  0.12
     3      4   -0.73  0.09    1.31  0.09    0.80  0.06    1.47  0.05
     4      5   -1.03  0.07    1.14  0.10    0.71  0.06    1.33  0.05
     5      6   -1.31  0.03    0.88  0.08    0.58  0.06    1.18  0.04
     6      7   -1.49  0.03    0.82  0.04    0.52  0.02    1.13  0.02
     7      8   -1.71  0.01    0.79  0.04    0.50  0.03    1.05  0.01
     8      9   -1.87  0.02    0.58  0.05    0.35  0.03    0.94  0.03
     9     10   -1.98  0.02    0.57  0.04    0.38  0.03    0.91  0.03
    10     11   -0.07  0.06    0.04  0.03    0.03  0.03    0.36  0.02
    11     12   -0.16  0.01    0.06  0.04    0.07  0.04    0.35  0.03
    12     13   -0.29  0.04    0.06  0.03    0.08  0.04    0.43  0.02
    13     14   -0.59  0.07    0.21  0.05    0.26  0.06    0.62  0.05
    14     15   -1.36  0.22    0.50  0.13    0.61  0.14    0.99  0.12


Final results in kJ/mol:

point      0 -      1,   DG  3.01 +/-  0.17
point      1 -      2,   DG  4.62 +/-  0.55
point      2 -      3,   DG  0.38 +/-  0.41
point      3 -      4,   DG -1.82 +/-  0.22
point      4 -      5,   DG -2.55 +/-  0.18
point      5 -      6,   DG -3.25 +/-  0.09
point      6 -      7,   DG -3.69 +/-  0.07
point      7 -      8,   DG -4.25 +/-  0.04
point      8 -      9,   DG -4.64 +/-  0.06
point      9 -     10,   DG -4.90 +/-  0.04
point     10 -     11,   DG -0.17 +/-  0.14
point     11 -     12,   DG -0.40 +/-  0.04
point     12 -     13,   DG -0.73 +/-  0.09
point     13 -     14,   DG -1.46 +/-  0.17
point     14 -     15,   DG -3.37 +/-  0.55

total      0 -     15,   DG -23.23 +/-  1.77

