
md10.edr: 0.0 - 20001.0; lambda = (0, 0.9)
    foreign lambdas:
        delta H to (0, 0.8) (20001 pts)
        delta H to (0, 0.9) (20001 pts)
        delta H to (0, 1) (20001 pts)



md11.edr: 0.0 - 20001.0; lambda = (0, 1)
    foreign lambdas:
        delta H to (0, 0.9) (20001 pts)
        delta H to (0, 1) (20001 pts)
        delta H to (0.2, 1) (20001 pts)



md12.edr: 0.0 - 20001.0; lambda = (0.2, 1)
    foreign lambdas:
        delta H to (0, 1) (20001 pts)
        delta H to (0.2, 1) (20001 pts)
        delta H to (0.4, 1) (20001 pts)



md13.edr: 0.0 - 20001.0; lambda = (0.4, 1)
    foreign lambdas:
        delta H to (0.2, 1) (20001 pts)
        delta H to (0.4, 1) (20001 pts)
        delta H to (0.6, 1) (20001 pts)



md14.edr: 0.0 - 20001.0; lambda = (0.6, 1)
    foreign lambdas:
        delta H to (0.4, 1) (20001 pts)
        delta H to (0.6, 1) (20001 pts)
        delta H to (0.8, 1) (20001 pts)



md15.edr: 0.0 - 20001.0; lambda = (0.8, 1)
    foreign lambdas:
        delta H to (0.6, 1) (20001 pts)
        delta H to (0.8, 1) (20001 pts)
        delta H to (1, 1) (20001 pts)



md16.edr: 0.0 - 20001.0; lambda = (1, 1)
    foreign lambdas:
        delta H to (0.8, 1) (20001 pts)
        delta H to (1, 1) (20001 pts)



md1.edr: 0.0 - 20001.0; lambda = (0, 0)
    foreign lambdas:
        delta H to (0, 0) (20001 pts)
        delta H to (0, 0.1) (20001 pts)



md2.edr: 0.0 - 20001.0; lambda = (0, 0.1)
    foreign lambdas:
        delta H to (0, 0) (20001 pts)
        delta H to (0, 0.1) (20001 pts)
        delta H to (0, 0.2) (20001 pts)



md3.edr: 0.0 - 20001.0; lambda = (0, 0.2)
    foreign lambdas:
        delta H to (0, 0.1) (20001 pts)
        delta H to (0, 0.2) (20001 pts)
        delta H to (0, 0.3) (20001 pts)



md4.edr: 0.0 - 20001.0; lambda = (0, 0.3)
    foreign lambdas:
        delta H to (0, 0.2) (20001 pts)
        delta H to (0, 0.3) (20001 pts)
        delta H to (0, 0.4) (20001 pts)



md5.edr: 0.0 - 20001.0; lambda = (0, 0.4)
    foreign lambdas:
        delta H to (0, 0.3) (20001 pts)
        delta H to (0, 0.4) (20001 pts)
        delta H to (0, 0.5) (20001 pts)



md6.edr: 0.0 - 20001.0; lambda = (0, 0.5)
    foreign lambdas:
        delta H to (0, 0.4) (20001 pts)
        delta H to (0, 0.5) (20001 pts)
        delta H to (0, 0.6) (20001 pts)



md7.edr: 0.0 - 20001.0; lambda = (0, 0.6)
    foreign lambdas:
        delta H to (0, 0.5) (20001 pts)
        delta H to (0, 0.6) (20001 pts)
        delta H to (0, 0.7) (20001 pts)



md8.edr: 0.0 - 20001.0; lambda = (0, 0.7)
    foreign lambdas:
        delta H to (0, 0.6) (20001 pts)
        delta H to (0, 0.7) (20001 pts)
        delta H to (0, 0.8) (20001 pts)



md9.edr: 0.0 - 20001.0; lambda = (0, 0.8)
    foreign lambdas:
        delta H to (0, 0.7) (20001 pts)
        delta H to (0, 0.8) (20001 pts)
        delta H to (0, 0.9) (20001 pts)



   Samples in time interval: 0.000 - 20001.000
Removing samples outside of: 0.000 - 7000.000

Temperature: 298.15 K

Detailed results in kT (see help for explanation):

 lam_A  lam_B      DG   +/-     s_A   +/-     s_B   +/-   stdev   +/- 
     0      1    1.22  0.04    0.83  0.14    0.87  0.14    1.35  0.07
     1      2    1.73  0.12    2.53  0.23    1.98  0.20    2.43  0.16
     2      3    0.20  0.07    2.46  0.09    1.43  0.04    2.04  0.04
     3      4   -0.65  0.04    1.40  0.07    0.88  0.05    1.53  0.03
     4      5   -1.00  0.03    1.18  0.02    0.74  0.02    1.36  0.02
     5      6   -1.32  0.03    0.94  0.03    0.62  0.02    1.20  0.02
     6      7   -1.55  0.03    0.80  0.02    0.51  0.02    1.11  0.01
     7      8   -1.71  0.01    0.75  0.02    0.46  0.02    1.05  0.01
     8      9   -1.84  0.02    0.61  0.03    0.38  0.02    0.95  0.02
     9     10   -1.94  0.02    0.56  0.01    0.36  0.01    0.91  0.01
    10     11   -0.05  0.02    0.02  0.02    0.02  0.02    0.34  0.01
    11     12   -0.16  0.02    0.09  0.02    0.09  0.02    0.36  0.02
    12     13   -0.40  0.05    0.14  0.05    0.16  0.05    0.50  0.03
    13     14   -0.63  0.06    0.07  0.08    0.11  0.09    0.60  0.03
    14     15   -1.32  0.19    0.57  0.10    0.69  0.08    1.03  0.06


Final results in kJ/mol:

point      0 -      1,   DG  3.02 +/-  0.11
point      1 -      2,   DG  4.30 +/-  0.30
point      2 -      3,   DG  0.50 +/-  0.17
point      3 -      4,   DG -1.60 +/-  0.10
point      4 -      5,   DG -2.49 +/-  0.08
point      5 -      6,   DG -3.27 +/-  0.07
point      6 -      7,   DG -3.85 +/-  0.09
point      7 -      8,   DG -4.23 +/-  0.03
point      8 -      9,   DG -4.56 +/-  0.04
point      9 -     10,   DG -4.81 +/-  0.05
point     10 -     11,   DG -0.13 +/-  0.06
point     11 -     12,   DG -0.41 +/-  0.05
point     12 -     13,   DG -0.99 +/-  0.13
point     13 -     14,   DG -1.57 +/-  0.14
point     14 -     15,   DG -3.26 +/-  0.47

total      0 -     15,   DG -23.38 +/-  0.90

