
md10.edr: 0.0 - 20001.0; lambda = (0, 0.9)
    foreign lambdas:
        delta H to (0, 0.8) (20001 pts)
        delta H to (0, 0.9) (20001 pts)
        delta H to (0, 1) (20001 pts)



md11.edr: 0.0 - 20001.0; lambda = (0, 1)
    foreign lambdas:
        delta H to (0, 0.9) (20001 pts)
        delta H to (0, 1) (20001 pts)
        delta H to (0.2, 1) (20001 pts)



md12.edr: 0.0 - 20001.0; lambda = (0.2, 1)
    foreign lambdas:
        delta H to (0, 1) (20001 pts)
        delta H to (0.2, 1) (20001 pts)
        delta H to (0.4, 1) (20001 pts)



md13.edr: 0.0 - 20001.0; lambda = (0.4, 1)
    foreign lambdas:
        delta H to (0.2, 1) (20001 pts)
        delta H to (0.4, 1) (20001 pts)
        delta H to (0.6, 1) (20001 pts)



md14.edr: 0.0 - 20001.0; lambda = (0.6, 1)
    foreign lambdas:
        delta H to (0.4, 1) (20001 pts)
        delta H to (0.6, 1) (20001 pts)
        delta H to (0.8, 1) (20001 pts)



md15.edr: 0.0 - 20001.0; lambda = (0.8, 1)
    foreign lambdas:
        delta H to (0.6, 1) (20001 pts)
        delta H to (0.8, 1) (20001 pts)
        delta H to (1, 1) (20001 pts)



md16.edr: 0.0 - 20001.0; lambda = (1, 1)
    foreign lambdas:
        delta H to (0.8, 1) (20001 pts)
        delta H to (1, 1) (20001 pts)



md1.edr: 0.0 - 20001.0; lambda = (0, 0)
    foreign lambdas:
        delta H to (0, 0) (20001 pts)
        delta H to (0, 0.1) (20001 pts)



md2.edr: 0.0 - 20001.0; lambda = (0, 0.1)
    foreign lambdas:
        delta H to (0, 0) (20001 pts)
        delta H to (0, 0.1) (20001 pts)
        delta H to (0, 0.2) (20001 pts)



md3.edr: 0.0 - 20001.0; lambda = (0, 0.2)
    foreign lambdas:
        delta H to (0, 0.1) (20001 pts)
        delta H to (0, 0.2) (20001 pts)
        delta H to (0, 0.3) (20001 pts)



md4.edr: 0.0 - 20001.0; lambda = (0, 0.3)
    foreign lambdas:
        delta H to (0, 0.2) (20001 pts)
        delta H to (0, 0.3) (20001 pts)
        delta H to (0, 0.4) (20001 pts)



md5.edr: 0.0 - 20001.0; lambda = (0, 0.4)
    foreign lambdas:
        delta H to (0, 0.3) (20001 pts)
        delta H to (0, 0.4) (20001 pts)
        delta H to (0, 0.5) (20001 pts)



md6.edr: 0.0 - 20001.0; lambda = (0, 0.5)
    foreign lambdas:
        delta H to (0, 0.4) (20001 pts)
        delta H to (0, 0.5) (20001 pts)
        delta H to (0, 0.6) (20001 pts)



md7.edr: 0.0 - 20001.0; lambda = (0, 0.6)
    foreign lambdas:
        delta H to (0, 0.5) (20001 pts)
        delta H to (0, 0.6) (20001 pts)
        delta H to (0, 0.7) (20001 pts)



md8.edr: 0.0 - 20001.0; lambda = (0, 0.7)
    foreign lambdas:
        delta H to (0, 0.6) (20001 pts)
        delta H to (0, 0.7) (20001 pts)
        delta H to (0, 0.8) (20001 pts)



md9.edr: 0.0 - 20001.0; lambda = (0, 0.8)
    foreign lambdas:
        delta H to (0, 0.7) (20001 pts)
        delta H to (0, 0.8) (20001 pts)
        delta H to (0, 0.9) (20001 pts)



   Samples in time interval: 0.000 - 20001.000
Removing samples outside of: 0.000 - 1000.000

Temperature: 298.15 K

Detailed results in kT (see help for explanation):

 lam_A  lam_B      DG   +/-     s_A   +/-     s_B   +/-   stdev   +/- 
     0      1    1.23  0.16    1.16  0.20    1.21  0.21    1.49  0.12
     1      2    1.76  0.24    1.86  0.19    1.63  0.12    2.18  0.10
     2      3    0.38  0.19    3.01  0.41    1.70  0.20    2.30  0.20
     3      4   -0.78  0.16    1.43  0.21    0.85  0.14    1.50  0.09
     4      5   -1.16  0.06    1.08  0.05    0.68  0.05    1.28  0.03
     5      6   -1.39  0.05    0.81  0.07    0.54  0.04    1.13  0.04
     6      7   -1.49  0.02    0.81  0.04    0.51  0.04    1.13  0.02
     7      8   -1.72  0.04    0.83  0.04    0.53  0.03    1.06  0.03
     8      9   -1.88  0.04    0.48  0.04    0.29  0.03    0.89  0.03
     9     10   -1.94  0.03    0.61  0.06    0.41  0.04    0.93  0.03
    10     11   -0.01  0.07    0.09  0.03    0.08  0.03    0.39  0.03
    11     12   -0.20  0.04    0.10  0.07    0.11  0.07    0.41  0.04
    12     13   -0.33  0.04    0.02  0.06    0.04  0.07    0.42  0.03
    13     14   -0.68  0.13    0.31  0.12    0.40  0.16    0.70  0.12
    14     15   -1.76  0.18    0.69  0.15    0.71  0.16    1.06  0.08


Final results in kJ/mol:

point      0 -      1,   DG  3.05 +/-  0.40
point      1 -      2,   DG  4.36 +/-  0.59
point      2 -      3,   DG  0.93 +/-  0.48
point      3 -      4,   DG -1.92 +/-  0.39
point      4 -      5,   DG -2.89 +/-  0.15
point      5 -      6,   DG -3.44 +/-  0.12
point      6 -      7,   DG -3.68 +/-  0.06
point      7 -      8,   DG -4.25 +/-  0.09
point      8 -      9,   DG -4.67 +/-  0.10
point      9 -     10,   DG -4.80 +/-  0.07
point     10 -     11,   DG -0.03 +/-  0.16
point     11 -     12,   DG -0.49 +/-  0.09
point     12 -     13,   DG -0.81 +/-  0.10
point     13 -     14,   DG -1.68 +/-  0.32
point     14 -     15,   DG -4.36 +/-  0.45

total      0 -     15,   DG -24.67 +/-  1.13

