
md10.edr: 0.0 - 20001.0; lambda = (0, 0.9)
    foreign lambdas:
        delta H to (0, 0.8) (20001 pts)
        delta H to (0, 0.9) (20001 pts)
        delta H to (0, 1) (20001 pts)



md11.edr: 0.0 - 20001.0; lambda = (0, 1)
    foreign lambdas:
        delta H to (0, 0.9) (20001 pts)
        delta H to (0, 1) (20001 pts)
        delta H to (0.2, 1) (20001 pts)



md12.edr: 0.0 - 20001.0; lambda = (0.2, 1)
    foreign lambdas:
        delta H to (0, 1) (20001 pts)
        delta H to (0.2, 1) (20001 pts)
        delta H to (0.4, 1) (20001 pts)



md13.edr: 0.0 - 20001.0; lambda = (0.4, 1)
    foreign lambdas:
        delta H to (0.2, 1) (20001 pts)
        delta H to (0.4, 1) (20001 pts)
        delta H to (0.6, 1) (20001 pts)



md14.edr: 0.0 - 20001.0; lambda = (0.6, 1)
    foreign lambdas:
        delta H to (0.4, 1) (20001 pts)
        delta H to (0.6, 1) (20001 pts)
        delta H to (0.8, 1) (20001 pts)



md15.edr: 0.0 - 20001.0; lambda = (0.8, 1)
    foreign lambdas:
        delta H to (0.6, 1) (20001 pts)
        delta H to (0.8, 1) (20001 pts)
        delta H to (1, 1) (20001 pts)



md16.edr: 0.0 - 20001.0; lambda = (1, 1)
    foreign lambdas:
        delta H to (0.8, 1) (20001 pts)
        delta H to (1, 1) (20001 pts)



md1.edr: 0.0 - 20001.0; lambda = (0, 0)
    foreign lambdas:
        delta H to (0, 0) (20001 pts)
        delta H to (0, 0.1) (20001 pts)



md2.edr: 0.0 - 20001.0; lambda = (0, 0.1)
    foreign lambdas:
        delta H to (0, 0) (20001 pts)
        delta H to (0, 0.1) (20001 pts)
        delta H to (0, 0.2) (20001 pts)



md3.edr: 0.0 - 20001.0; lambda = (0, 0.2)
    foreign lambdas:
        delta H to (0, 0.1) (20001 pts)
        delta H to (0, 0.2) (20001 pts)
        delta H to (0, 0.3) (20001 pts)



md4.edr: 0.0 - 20001.0; lambda = (0, 0.3)
    foreign lambdas:
        delta H to (0, 0.2) (20001 pts)
        delta H to (0, 0.3) (20001 pts)
        delta H to (0, 0.4) (20001 pts)



md5.edr: 0.0 - 20001.0; lambda = (0, 0.4)
    foreign lambdas:
        delta H to (0, 0.3) (20001 pts)
        delta H to (0, 0.4) (20001 pts)
        delta H to (0, 0.5) (20001 pts)



md6.edr: 0.0 - 20001.0; lambda = (0, 0.5)
    foreign lambdas:
        delta H to (0, 0.4) (20001 pts)
        delta H to (0, 0.5) (20001 pts)
        delta H to (0, 0.6) (20001 pts)



md7.edr: 0.0 - 20001.0; lambda = (0, 0.6)
    foreign lambdas:
        delta H to (0, 0.5) (20001 pts)
        delta H to (0, 0.6) (20001 pts)
        delta H to (0, 0.7) (20001 pts)



md8.edr: 0.0 - 20001.0; lambda = (0, 0.7)
    foreign lambdas:
        delta H to (0, 0.6) (20001 pts)
        delta H to (0, 0.7) (20001 pts)
        delta H to (0, 0.8) (20001 pts)



md9.edr: 0.0 - 20001.0; lambda = (0, 0.8)
    foreign lambdas:
        delta H to (0, 0.7) (20001 pts)
        delta H to (0, 0.8) (20001 pts)
        delta H to (0, 0.9) (20001 pts)



   Samples in time interval: 0.000 - 20001.000
Removing samples outside of: 0.000 - 8000.000

Temperature: 298.15 K

Detailed results in kT (see help for explanation):

 lam_A  lam_B      DG   +/-     s_A   +/-     s_B   +/-   stdev   +/- 
     0      1    1.20  0.04    0.84  0.10    0.89  0.10    1.35  0.06
     1      2    1.68  0.13    2.50  0.18    1.96  0.19    2.42  0.14
     2      3    0.18  0.09    2.45  0.09    1.42  0.05    2.02  0.05
     3      4   -0.66  0.07    1.39  0.06    0.87  0.04    1.52  0.03
     4      5   -1.01  0.04    1.18  0.07    0.73  0.05    1.35  0.03
     5      6   -1.33  0.02    0.96  0.04    0.63  0.03    1.21  0.02
     6      7   -1.57  0.04    0.78  0.03    0.50  0.01    1.10  0.02
     7      8   -1.70  0.01    0.73  0.03    0.45  0.02    1.04  0.01
     8      9   -1.84  0.01    0.63  0.04    0.39  0.03    0.96  0.02
     9     10   -1.94  0.01    0.54  0.02    0.35  0.01    0.90  0.01
    10     11   -0.05  0.02    0.02  0.03    0.02  0.02    0.34  0.01
    11     12   -0.15  0.02    0.08  0.03    0.08  0.03    0.35  0.02
    12     13   -0.38  0.04    0.15  0.04    0.18  0.04    0.50  0.03
    13     14   -0.65  0.03    0.09  0.06    0.12  0.07    0.61  0.01
    14     15   -1.34  0.12    0.57  0.08    0.68  0.07    1.02  0.05


Final results in kJ/mol:

point      0 -      1,   DG  2.98 +/-  0.11
point      1 -      2,   DG  4.17 +/-  0.32
point      2 -      3,   DG  0.44 +/-  0.22
point      3 -      4,   DG -1.64 +/-  0.17
point      4 -      5,   DG -2.50 +/-  0.10
point      5 -      6,   DG -3.30 +/-  0.05
point      6 -      7,   DG -3.90 +/-  0.09
point      7 -      8,   DG -4.23 +/-  0.02
point      8 -      9,   DG -4.56 +/-  0.03
point      9 -     10,   DG -4.82 +/-  0.03
point     10 -     11,   DG -0.13 +/-  0.06
point     11 -     12,   DG -0.37 +/-  0.05
point     12 -     13,   DG -0.95 +/-  0.11
point     13 -     14,   DG -1.61 +/-  0.07
point     14 -     15,   DG -3.32 +/-  0.31

total      0 -     15,   DG -23.75 +/-  0.72

