
md10.edr: 0.0 - 20001.0; lambda = (0, 0.9)
    foreign lambdas:
        delta H to (0, 0.8) (20001 pts)
        delta H to (0, 0.9) (20001 pts)
        delta H to (0, 1) (20001 pts)



md11.edr: 0.0 - 20001.0; lambda = (0, 1)
    foreign lambdas:
        delta H to (0, 0.9) (20001 pts)
        delta H to (0, 1) (20001 pts)
        delta H to (0.2, 1) (20001 pts)



md12.edr: 0.0 - 20001.0; lambda = (0.2, 1)
    foreign lambdas:
        delta H to (0, 1) (20001 pts)
        delta H to (0.2, 1) (20001 pts)
        delta H to (0.4, 1) (20001 pts)



md13.edr: 0.0 - 20001.0; lambda = (0.4, 1)
    foreign lambdas:
        delta H to (0.2, 1) (20001 pts)
        delta H to (0.4, 1) (20001 pts)
        delta H to (0.6, 1) (20001 pts)



md14.edr: 0.0 - 20001.0; lambda = (0.6, 1)
    foreign lambdas:
        delta H to (0.4, 1) (20001 pts)
        delta H to (0.6, 1) (20001 pts)
        delta H to (0.8, 1) (20001 pts)



md15.edr: 0.0 - 20001.0; lambda = (0.8, 1)
    foreign lambdas:
        delta H to (0.6, 1) (20001 pts)
        delta H to (0.8, 1) (20001 pts)
        delta H to (1, 1) (20001 pts)



md16.edr: 0.0 - 20001.0; lambda = (1, 1)
    foreign lambdas:
        delta H to (0.8, 1) (20001 pts)
        delta H to (1, 1) (20001 pts)



md1.edr: 0.0 - 20001.0; lambda = (0, 0)
    foreign lambdas:
        delta H to (0, 0) (20001 pts)
        delta H to (0, 0.1) (20001 pts)



md2.edr: 0.0 - 20001.0; lambda = (0, 0.1)
    foreign lambdas:
        delta H to (0, 0) (20001 pts)
        delta H to (0, 0.1) (20001 pts)
        delta H to (0, 0.2) (20001 pts)



md3.edr: 0.0 - 20001.0; lambda = (0, 0.2)
    foreign lambdas:
        delta H to (0, 0.1) (20001 pts)
        delta H to (0, 0.2) (20001 pts)
        delta H to (0, 0.3) (20001 pts)



md4.edr: 0.0 - 20001.0; lambda = (0, 0.3)
    foreign lambdas:
        delta H to (0, 0.2) (20001 pts)
        delta H to (0, 0.3) (20001 pts)
        delta H to (0, 0.4) (20001 pts)



md5.edr: 0.0 - 20001.0; lambda = (0, 0.4)
    foreign lambdas:
        delta H to (0, 0.3) (20001 pts)
        delta H to (0, 0.4) (20001 pts)
        delta H to (0, 0.5) (20001 pts)



md6.edr: 0.0 - 20001.0; lambda = (0, 0.5)
    foreign lambdas:
        delta H to (0, 0.4) (20001 pts)
        delta H to (0, 0.5) (20001 pts)
        delta H to (0, 0.6) (20001 pts)



md7.edr: 0.0 - 20001.0; lambda = (0, 0.6)
    foreign lambdas:
        delta H to (0, 0.5) (20001 pts)
        delta H to (0, 0.6) (20001 pts)
        delta H to (0, 0.7) (20001 pts)



md8.edr: 0.0 - 20001.0; lambda = (0, 0.7)
    foreign lambdas:
        delta H to (0, 0.6) (20001 pts)
        delta H to (0, 0.7) (20001 pts)
        delta H to (0, 0.8) (20001 pts)



md9.edr: 0.0 - 20001.0; lambda = (0, 0.8)
    foreign lambdas:
        delta H to (0, 0.7) (20001 pts)
        delta H to (0, 0.8) (20001 pts)
        delta H to (0, 0.9) (20001 pts)



   Samples in time interval: 0.000 - 20001.000
Removing samples outside of: 0.000 - 1000.000

Temperature: 298.15 K

Detailed results in kT (see help for explanation):

 lam_A  lam_B      DG   +/-     s_A   +/-     s_B   +/-   stdev   +/- 
     0      1    0.77  0.16    0.73  0.14    0.74  0.15    1.31  0.07
     1      2    1.28  0.23    2.29  0.22    1.78  0.22    2.28  0.15
     2      3   -0.04  0.11    2.28  0.23    1.29  0.08    1.90  0.07
     3      4   -0.78  0.02    1.26  0.10    0.82  0.07    1.45  0.06
     4      5   -1.11  0.06    1.16  0.05    0.75  0.06    1.33  0.03
     5      6   -1.36  0.07    0.73  0.08    0.46  0.05    1.09  0.05
     6      7   -1.58  0.05    0.89  0.08    0.56  0.05    1.07  0.04
     7      8   -1.78  0.03    0.51  0.05    0.31  0.04    0.89  0.02
     8      9   -1.79  0.02    0.60  0.03    0.38  0.02    0.92  0.02
     9     10   -1.97  0.04    0.59  0.03    0.40  0.03    0.90  0.02
    10     11   -0.04  0.04    0.03  0.02    0.03  0.02    0.22  0.01
    11     12   -0.11  0.02    0.04  0.05    0.05  0.05    0.25  0.05
    12     13   -0.27  0.04    0.11  0.06    0.12  0.06    0.37  0.04
    13     14   -0.67  0.03    0.28  0.07    0.30  0.07    0.56  0.06
    14     15   -1.26  0.10    0.29  0.11    0.32  0.10    0.75  0.06


Final results in kJ/mol:

point      0 -      1,   DG  1.90 +/-  0.40
point      1 -      2,   DG  3.17 +/-  0.57
point      2 -      3,   DG -0.11 +/-  0.27
point      3 -      4,   DG -1.93 +/-  0.04
point      4 -      5,   DG -2.75 +/-  0.15
point      5 -      6,   DG -3.38 +/-  0.17
point      6 -      7,   DG -3.91 +/-  0.13
point      7 -      8,   DG -4.41 +/-  0.08
point      8 -      9,   DG -4.44 +/-  0.04
point      9 -     10,   DG -4.88 +/-  0.10
point     10 -     11,   DG -0.10 +/-  0.10
point     11 -     12,   DG -0.28 +/-  0.05
point     12 -     13,   DG -0.67 +/-  0.11
point     13 -     14,   DG -1.66 +/-  0.06
point     14 -     15,   DG -3.12 +/-  0.25

total      0 -     15,   DG -26.56 +/-  1.22

