
md10.edr: 0.0 - 20001.0; lambda = (0, 0.9)
    foreign lambdas:
        delta H to (0, 0.8) (20001 pts)
        delta H to (0, 0.9) (20001 pts)
        delta H to (0, 1) (20001 pts)



md11.edr: 0.0 - 20001.0; lambda = (0, 1)
    foreign lambdas:
        delta H to (0, 0.9) (20001 pts)
        delta H to (0, 1) (20001 pts)
        delta H to (0.2, 1) (20001 pts)



md12.edr: 0.0 - 20001.0; lambda = (0.2, 1)
    foreign lambdas:
        delta H to (0, 1) (20001 pts)
        delta H to (0.2, 1) (20001 pts)
        delta H to (0.4, 1) (20001 pts)



md13.edr: 0.0 - 20001.0; lambda = (0.4, 1)
    foreign lambdas:
        delta H to (0.2, 1) (20001 pts)
        delta H to (0.4, 1) (20001 pts)
        delta H to (0.6, 1) (20001 pts)



md14.edr: 0.0 - 20001.0; lambda = (0.6, 1)
    foreign lambdas:
        delta H to (0.4, 1) (20001 pts)
        delta H to (0.6, 1) (20001 pts)
        delta H to (0.8, 1) (20001 pts)



md15.edr: 0.0 - 20001.0; lambda = (0.8, 1)
    foreign lambdas:
        delta H to (0.6, 1) (20001 pts)
        delta H to (0.8, 1) (20001 pts)
        delta H to (1, 1) (20001 pts)



md16.edr: 0.0 - 20001.0; lambda = (1, 1)
    foreign lambdas:
        delta H to (0.8, 1) (20001 pts)
        delta H to (1, 1) (20001 pts)



md1.edr: 0.0 - 20001.0; lambda = (0, 0)
    foreign lambdas:
        delta H to (0, 0) (20001 pts)
        delta H to (0, 0.1) (20001 pts)



md2.edr: 0.0 - 20001.0; lambda = (0, 0.1)
    foreign lambdas:
        delta H to (0, 0) (20001 pts)
        delta H to (0, 0.1) (20001 pts)
        delta H to (0, 0.2) (20001 pts)



md3.edr: 0.0 - 20001.0; lambda = (0, 0.2)
    foreign lambdas:
        delta H to (0, 0.1) (20001 pts)
        delta H to (0, 0.2) (20001 pts)
        delta H to (0, 0.3) (20001 pts)



md4.edr: 0.0 - 20001.0; lambda = (0, 0.3)
    foreign lambdas:
        delta H to (0, 0.2) (20001 pts)
        delta H to (0, 0.3) (20001 pts)
        delta H to (0, 0.4) (20001 pts)



md5.edr: 0.0 - 20001.0; lambda = (0, 0.4)
    foreign lambdas:
        delta H to (0, 0.3) (20001 pts)
        delta H to (0, 0.4) (20001 pts)
        delta H to (0, 0.5) (20001 pts)



md6.edr: 0.0 - 20001.0; lambda = (0, 0.5)
    foreign lambdas:
        delta H to (0, 0.4) (20001 pts)
        delta H to (0, 0.5) (20001 pts)
        delta H to (0, 0.6) (20001 pts)



md7.edr: 0.0 - 20001.0; lambda = (0, 0.6)
    foreign lambdas:
        delta H to (0, 0.5) (20001 pts)
        delta H to (0, 0.6) (20001 pts)
        delta H to (0, 0.7) (20001 pts)



md8.edr: 0.0 - 20001.0; lambda = (0, 0.7)
    foreign lambdas:
        delta H to (0, 0.6) (20001 pts)
        delta H to (0, 0.7) (20001 pts)
        delta H to (0, 0.8) (20001 pts)



md9.edr: 0.0 - 20001.0; lambda = (0, 0.8)
    foreign lambdas:
        delta H to (0, 0.7) (20001 pts)
        delta H to (0, 0.8) (20001 pts)
        delta H to (0, 0.9) (20001 pts)



   Samples in time interval: 0.000 - 20001.000
Removing samples outside of: 0.000 - 4000.000

Temperature: 298.15 K

Detailed results in kT (see help for explanation):

 lam_A  lam_B      DG   +/-     s_A   +/-     s_B   +/-   stdev   +/- 
     0      1    0.96  0.16    0.89  0.08    0.93  0.09    1.41  0.03
     1      2    1.23  0.14    2.33  0.18    1.78  0.12    2.29  0.09
     2      3   -0.03  0.14    2.23  0.11    1.25  0.06    1.89  0.06
     3      4   -0.73  0.07    1.35  0.12    0.84  0.07    1.48  0.05
     4      5   -1.06  0.02    1.15  0.03    0.73  0.02    1.33  0.01
     5      6   -1.35  0.03    0.82  0.04    0.51  0.02    1.14  0.02
     6      7   -1.54  0.02    0.88  0.03    0.56  0.01    1.12  0.02
     7      8   -1.74  0.01    0.66  0.04    0.42  0.03    1.00  0.03
     8      9   -1.84  0.01    0.65  0.03    0.41  0.02    0.98  0.02
     9     10   -1.99  0.02    0.57  0.02    0.38  0.02    0.91  0.02
    10     11   -0.08  0.01    0.05  0.02    0.05  0.02    0.26  0.01
    11     12   -0.18  0.03    0.04  0.04    0.05  0.04    0.33  0.04
    12     13   -0.36  0.03    0.13  0.04    0.14  0.04    0.43  0.03
    13     14   -0.78  0.09    0.28  0.07    0.33  0.08    0.66  0.06
    14     15   -1.24  0.11    0.14  0.11    0.19  0.11    0.83  0.06


Final results in kJ/mol:

point      0 -      1,   DG  2.38 +/-  0.40
point      1 -      2,   DG  3.04 +/-  0.34
point      2 -      3,   DG -0.08 +/-  0.36
point      3 -      4,   DG -1.81 +/-  0.17
point      4 -      5,   DG -2.63 +/-  0.05
point      5 -      6,   DG -3.34 +/-  0.07
point      6 -      7,   DG -3.82 +/-  0.05
point      7 -      8,   DG -4.32 +/-  0.03
point      8 -      9,   DG -4.56 +/-  0.03
point      9 -     10,   DG -4.92 +/-  0.05
point     10 -     11,   DG -0.21 +/-  0.04
point     11 -     12,   DG -0.44 +/-  0.08
point     12 -     13,   DG -0.89 +/-  0.08
point     13 -     14,   DG -1.93 +/-  0.23
point     14 -     15,   DG -3.08 +/-  0.27

total      0 -     15,   DG -26.61 +/-  1.37

