
md10.edr: 0.0 - 20001.0; lambda = (0, 0.9)
    foreign lambdas:
        delta H to (0, 0.8) (20001 pts)
        delta H to (0, 0.9) (20001 pts)
        delta H to (0, 1) (20001 pts)



md11.edr: 0.0 - 20001.0; lambda = (0, 1)
    foreign lambdas:
        delta H to (0, 0.9) (20001 pts)
        delta H to (0, 1) (20001 pts)
        delta H to (0.2, 1) (20001 pts)



md12.edr: 0.0 - 20001.0; lambda = (0.2, 1)
    foreign lambdas:
        delta H to (0, 1) (20001 pts)
        delta H to (0.2, 1) (20001 pts)
        delta H to (0.4, 1) (20001 pts)



md13.edr: 0.0 - 20001.0; lambda = (0.4, 1)
    foreign lambdas:
        delta H to (0.2, 1) (20001 pts)
        delta H to (0.4, 1) (20001 pts)
        delta H to (0.6, 1) (20001 pts)



md14.edr: 0.0 - 20001.0; lambda = (0.6, 1)
    foreign lambdas:
        delta H to (0.4, 1) (20001 pts)
        delta H to (0.6, 1) (20001 pts)
        delta H to (0.8, 1) (20001 pts)



md15.edr: 0.0 - 20001.0; lambda = (0.8, 1)
    foreign lambdas:
        delta H to (0.6, 1) (20001 pts)
        delta H to (0.8, 1) (20001 pts)
        delta H to (1, 1) (20001 pts)



md16.edr: 0.0 - 20001.0; lambda = (1, 1)
    foreign lambdas:
        delta H to (0.8, 1) (20001 pts)
        delta H to (1, 1) (20001 pts)



md1.edr: 0.0 - 20001.0; lambda = (0, 0)
    foreign lambdas:
        delta H to (0, 0) (20001 pts)
        delta H to (0, 0.1) (20001 pts)



md2.edr: 0.0 - 20001.0; lambda = (0, 0.1)
    foreign lambdas:
        delta H to (0, 0) (20001 pts)
        delta H to (0, 0.1) (20001 pts)
        delta H to (0, 0.2) (20001 pts)



md3.edr: 0.0 - 20001.0; lambda = (0, 0.2)
    foreign lambdas:
        delta H to (0, 0.1) (20001 pts)
        delta H to (0, 0.2) (20001 pts)
        delta H to (0, 0.3) (20001 pts)



md4.edr: 0.0 - 20001.0; lambda = (0, 0.3)
    foreign lambdas:
        delta H to (0, 0.2) (20001 pts)
        delta H to (0, 0.3) (20001 pts)
        delta H to (0, 0.4) (20001 pts)



md5.edr: 0.0 - 20001.0; lambda = (0, 0.4)
    foreign lambdas:
        delta H to (0, 0.3) (20001 pts)
        delta H to (0, 0.4) (20001 pts)
        delta H to (0, 0.5) (20001 pts)



md6.edr: 0.0 - 20001.0; lambda = (0, 0.5)
    foreign lambdas:
        delta H to (0, 0.4) (20001 pts)
        delta H to (0, 0.5) (20001 pts)
        delta H to (0, 0.6) (20001 pts)



md7.edr: 0.0 - 20001.0; lambda = (0, 0.6)
    foreign lambdas:
        delta H to (0, 0.5) (20001 pts)
        delta H to (0, 0.6) (20001 pts)
        delta H to (0, 0.7) (20001 pts)



md8.edr: 0.0 - 20001.0; lambda = (0, 0.7)
    foreign lambdas:
        delta H to (0, 0.6) (20001 pts)
        delta H to (0, 0.7) (20001 pts)
        delta H to (0, 0.8) (20001 pts)



md9.edr: 0.0 - 20001.0; lambda = (0, 0.8)
    foreign lambdas:
        delta H to (0, 0.7) (20001 pts)
        delta H to (0, 0.8) (20001 pts)
        delta H to (0, 0.9) (20001 pts)



   Samples in time interval: 0.000 - 20001.000
Removing samples outside of: 0.000 - 18000.000

Temperature: 298.15 K

Detailed results in kT (see help for explanation):

 lam_A  lam_B      DG   +/-     s_A   +/-     s_B   +/-   stdev   +/- 
     0      1    1.04  0.02    0.89  0.04    0.92  0.03    1.38  0.02
     1      2    1.45  0.07    2.28  0.09    1.79  0.07    2.29  0.06
     2      3    0.15  0.08    2.43  0.14    1.39  0.08    2.02  0.07
     3      4   -0.71  0.01    1.44  0.03    0.89  0.02    1.51  0.01
     4      5   -1.10  0.02    1.09  0.02    0.71  0.01    1.31  0.01
     5      6   -1.33  0.01    0.88  0.03    0.55  0.02    1.19  0.02
     6      7   -1.53  0.02    0.88  0.02    0.57  0.01    1.14  0.01
     7      8   -1.74  0.01    0.72  0.02    0.45  0.01    1.03  0.01
     8      9   -1.86  0.01    0.63  0.02    0.40  0.01    0.96  0.01
     9     10   -1.97  0.01    0.55  0.01    0.35  0.01    0.90  0.00
    10     11   -0.09  0.01    0.05  0.01    0.05  0.01    0.33  0.02
    11     12   -0.21  0.02    0.06  0.01    0.07  0.01    0.39  0.02
    12     13   -0.39  0.03    0.11  0.03    0.12  0.03    0.47  0.01
    13     14   -0.74  0.04    0.23  0.09    0.28  0.10    0.66  0.05
    14     15   -1.26  0.05    0.24  0.11    0.31  0.12    0.87  0.02


Final results in kJ/mol:

point      0 -      1,   DG  2.58 +/-  0.06
point      1 -      2,   DG  3.59 +/-  0.16
point      2 -      3,   DG  0.38 +/-  0.19
point      3 -      4,   DG -1.77 +/-  0.02
point      4 -      5,   DG -2.72 +/-  0.04
point      5 -      6,   DG -3.31 +/-  0.03
point      6 -      7,   DG -3.79 +/-  0.05
point      7 -      8,   DG -4.31 +/-  0.02
point      8 -      9,   DG -4.62 +/-  0.02
point      9 -     10,   DG -4.89 +/-  0.03
point     10 -     11,   DG -0.23 +/-  0.04
point     11 -     12,   DG -0.51 +/-  0.05
point     12 -     13,   DG -0.96 +/-  0.06
point     13 -     14,   DG -1.82 +/-  0.10
point     14 -     15,   DG -3.12 +/-  0.11

total      0 -     15,   DG -25.51 +/-  0.45

