
md10.edr: 0.0 - 20001.0; lambda = (0, 0.9)
    foreign lambdas:
        delta H to (0, 0.8) (20001 pts)
        delta H to (0, 0.9) (20001 pts)
        delta H to (0, 1) (20001 pts)



md11.edr: 0.0 - 20001.0; lambda = (0, 1)
    foreign lambdas:
        delta H to (0, 0.9) (20001 pts)
        delta H to (0, 1) (20001 pts)
        delta H to (0.2, 1) (20001 pts)



md12.edr: 0.0 - 20001.0; lambda = (0.2, 1)
    foreign lambdas:
        delta H to (0, 1) (20001 pts)
        delta H to (0.2, 1) (20001 pts)
        delta H to (0.4, 1) (20001 pts)



md13.edr: 0.0 - 20001.0; lambda = (0.4, 1)
    foreign lambdas:
        delta H to (0.2, 1) (20001 pts)
        delta H to (0.4, 1) (20001 pts)
        delta H to (0.6, 1) (20001 pts)



md14.edr: 0.0 - 20001.0; lambda = (0.6, 1)
    foreign lambdas:
        delta H to (0.4, 1) (20001 pts)
        delta H to (0.6, 1) (20001 pts)
        delta H to (0.8, 1) (20001 pts)



md15.edr: 0.0 - 20001.0; lambda = (0.8, 1)
    foreign lambdas:
        delta H to (0.6, 1) (20001 pts)
        delta H to (0.8, 1) (20001 pts)
        delta H to (1, 1) (20001 pts)



md16.edr: 0.0 - 20001.0; lambda = (1, 1)
    foreign lambdas:
        delta H to (0.8, 1) (20001 pts)
        delta H to (1, 1) (20001 pts)



md1.edr: 0.0 - 20001.0; lambda = (0, 0)
    foreign lambdas:
        delta H to (0, 0) (20001 pts)
        delta H to (0, 0.1) (20001 pts)



md2.edr: 0.0 - 20001.0; lambda = (0, 0.1)
    foreign lambdas:
        delta H to (0, 0) (20001 pts)
        delta H to (0, 0.1) (20001 pts)
        delta H to (0, 0.2) (20001 pts)



md3.edr: 0.0 - 20001.0; lambda = (0, 0.2)
    foreign lambdas:
        delta H to (0, 0.1) (20001 pts)
        delta H to (0, 0.2) (20001 pts)
        delta H to (0, 0.3) (20001 pts)



md4.edr: 0.0 - 20001.0; lambda = (0, 0.3)
    foreign lambdas:
        delta H to (0, 0.2) (20001 pts)
        delta H to (0, 0.3) (20001 pts)
        delta H to (0, 0.4) (20001 pts)



md5.edr: 0.0 - 20001.0; lambda = (0, 0.4)
    foreign lambdas:
        delta H to (0, 0.3) (20001 pts)
        delta H to (0, 0.4) (20001 pts)
        delta H to (0, 0.5) (20001 pts)



md6.edr: 0.0 - 20001.0; lambda = (0, 0.5)
    foreign lambdas:
        delta H to (0, 0.4) (20001 pts)
        delta H to (0, 0.5) (20001 pts)
        delta H to (0, 0.6) (20001 pts)



md7.edr: 0.0 - 20001.0; lambda = (0, 0.6)
    foreign lambdas:
        delta H to (0, 0.5) (20001 pts)
        delta H to (0, 0.6) (20001 pts)
        delta H to (0, 0.7) (20001 pts)



md8.edr: 0.0 - 20001.0; lambda = (0, 0.7)
    foreign lambdas:
        delta H to (0, 0.6) (20001 pts)
        delta H to (0, 0.7) (20001 pts)
        delta H to (0, 0.8) (20001 pts)



md9.edr: 0.0 - 20001.0; lambda = (0, 0.8)
    foreign lambdas:
        delta H to (0, 0.7) (20001 pts)
        delta H to (0, 0.8) (20001 pts)
        delta H to (0, 0.9) (20001 pts)



   Samples in time interval: 0.000 - 20001.000
Removing samples outside of: 0.000 - 10000.000

Temperature: 298.15 K

Detailed results in kT (see help for explanation):

 lam_A  lam_B      DG   +/-     s_A   +/-     s_B   +/-   stdev   +/- 
     0      1    1.01  0.07    0.95  0.05    0.96  0.05    1.43  0.02
     1      2    1.39  0.12    2.22  0.08    1.74  0.07    2.24  0.05
     2      3    0.15  0.10    2.42  0.10    1.37  0.06    2.00  0.06
     3      4   -0.70  0.06    1.42  0.08    0.88  0.05    1.50  0.04
     4      5   -1.08  0.02    1.11  0.04    0.72  0.02    1.31  0.02
     5      6   -1.34  0.02    0.83  0.02    0.53  0.01    1.16  0.02
     6      7   -1.53  0.01    0.91  0.02    0.58  0.02    1.15  0.02
     7      8   -1.76  0.01    0.69  0.02    0.43  0.01    1.01  0.01
     8      9   -1.86  0.01    0.61  0.02    0.38  0.01    0.95  0.01
     9     10   -1.97  0.02    0.55  0.02    0.36  0.01    0.90  0.01
    10     11   -0.10  0.02    0.06  0.01    0.06  0.01    0.33  0.03
    11     12   -0.21  0.02    0.05  0.02    0.06  0.02    0.38  0.02
    12     13   -0.40  0.03    0.13  0.02    0.14  0.02    0.47  0.01
    13     14   -0.70  0.06    0.16  0.06    0.20  0.07    0.61  0.04
    14     15   -1.19  0.06    0.28  0.09    0.36  0.10    0.87  0.03


Final results in kJ/mol:

point      0 -      1,   DG  2.51 +/-  0.17
point      1 -      2,   DG  3.44 +/-  0.29
point      2 -      3,   DG  0.36 +/-  0.25
point      3 -      4,   DG -1.74 +/-  0.15
point      4 -      5,   DG -2.69 +/-  0.05
point      5 -      6,   DG -3.31 +/-  0.06
point      6 -      7,   DG -3.78 +/-  0.03
point      7 -      8,   DG -4.35 +/-  0.02
point      8 -      9,   DG -4.62 +/-  0.03
point      9 -     10,   DG -4.89 +/-  0.04
point     10 -     11,   DG -0.24 +/-  0.04
point     11 -     12,   DG -0.52 +/-  0.06
point     12 -     13,   DG -1.00 +/-  0.09
point     13 -     14,   DG -1.75 +/-  0.16
point     14 -     15,   DG -2.95 +/-  0.14

total      0 -     15,   DG -25.52 +/-  0.71

