
md10.edr: 0.0 - 20001.0; lambda = (0, 0.9)
    foreign lambdas:
        delta H to (0, 0.8) (20001 pts)
        delta H to (0, 0.9) (20001 pts)
        delta H to (0, 1) (20001 pts)



md11.edr: 0.0 - 20001.0; lambda = (0, 1)
    foreign lambdas:
        delta H to (0, 0.9) (20001 pts)
        delta H to (0, 1) (20001 pts)
        delta H to (0.2, 1) (20001 pts)



md12.edr: 0.0 - 20001.0; lambda = (0.2, 1)
    foreign lambdas:
        delta H to (0, 1) (20001 pts)
        delta H to (0.2, 1) (20001 pts)
        delta H to (0.4, 1) (20001 pts)



md13.edr: 0.0 - 20001.0; lambda = (0.4, 1)
    foreign lambdas:
        delta H to (0.2, 1) (20001 pts)
        delta H to (0.4, 1) (20001 pts)
        delta H to (0.6, 1) (20001 pts)



md14.edr: 0.0 - 20001.0; lambda = (0.6, 1)
    foreign lambdas:
        delta H to (0.4, 1) (20001 pts)
        delta H to (0.6, 1) (20001 pts)
        delta H to (0.8, 1) (20001 pts)



md15.edr: 0.0 - 20001.0; lambda = (0.8, 1)
    foreign lambdas:
        delta H to (0.6, 1) (20001 pts)
        delta H to (0.8, 1) (20001 pts)
        delta H to (1, 1) (20001 pts)



md16.edr: 0.0 - 20001.0; lambda = (1, 1)
    foreign lambdas:
        delta H to (0.8, 1) (20001 pts)
        delta H to (1, 1) (20001 pts)



md1.edr: 0.0 - 20001.0; lambda = (0, 0)
    foreign lambdas:
        delta H to (0, 0) (20001 pts)
        delta H to (0, 0.1) (20001 pts)



md2.edr: 0.0 - 20001.0; lambda = (0, 0.1)
    foreign lambdas:
        delta H to (0, 0) (20001 pts)
        delta H to (0, 0.1) (20001 pts)
        delta H to (0, 0.2) (20001 pts)



md3.edr: 0.0 - 20001.0; lambda = (0, 0.2)
    foreign lambdas:
        delta H to (0, 0.1) (20001 pts)
        delta H to (0, 0.2) (20001 pts)
        delta H to (0, 0.3) (20001 pts)



md4.edr: 0.0 - 20001.0; lambda = (0, 0.3)
    foreign lambdas:
        delta H to (0, 0.2) (20001 pts)
        delta H to (0, 0.3) (20001 pts)
        delta H to (0, 0.4) (20001 pts)



md5.edr: 0.0 - 20001.0; lambda = (0, 0.4)
    foreign lambdas:
        delta H to (0, 0.3) (20001 pts)
        delta H to (0, 0.4) (20001 pts)
        delta H to (0, 0.5) (20001 pts)



md6.edr: 0.0 - 20001.0; lambda = (0, 0.5)
    foreign lambdas:
        delta H to (0, 0.4) (20001 pts)
        delta H to (0, 0.5) (20001 pts)
        delta H to (0, 0.6) (20001 pts)



md7.edr: 0.0 - 20001.0; lambda = (0, 0.6)
    foreign lambdas:
        delta H to (0, 0.5) (20001 pts)
        delta H to (0, 0.6) (20001 pts)
        delta H to (0, 0.7) (20001 pts)



md8.edr: 0.0 - 20001.0; lambda = (0, 0.7)
    foreign lambdas:
        delta H to (0, 0.6) (20001 pts)
        delta H to (0, 0.7) (20001 pts)
        delta H to (0, 0.8) (20001 pts)



md9.edr: 0.0 - 20001.0; lambda = (0, 0.8)
    foreign lambdas:
        delta H to (0, 0.7) (20001 pts)
        delta H to (0, 0.8) (20001 pts)
        delta H to (0, 0.9) (20001 pts)



   Samples in time interval: 0.000 - 20001.000
Removing samples outside of: 0.000 - 6000.000

Temperature: 298.15 K

Detailed results in kT (see help for explanation):

 lam_A  lam_B      DG   +/-     s_A   +/-     s_B   +/-   stdev   +/- 
     0      1    1.04  0.13    0.90  0.04    0.91  0.06    1.40  0.02
     1      2    1.41  0.16    2.33  0.13    1.83  0.08    2.32  0.07
     2      3    0.05  0.11    2.39  0.20    1.33  0.12    1.97  0.10
     3      4   -0.74  0.06    1.35  0.11    0.83  0.07    1.47  0.05
     4      5   -1.07  0.02    1.12  0.04    0.71  0.03    1.32  0.01
     5      6   -1.34  0.03    0.83  0.04    0.52  0.03    1.16  0.02
     6      7   -1.54  0.02    0.91  0.02    0.58  0.02    1.14  0.02
     7      8   -1.75  0.02    0.69  0.04    0.43  0.03    1.01  0.02
     8      9   -1.85  0.02    0.62  0.03    0.39  0.02    0.96  0.02
     9     10   -1.98  0.02    0.56  0.02    0.36  0.02    0.90  0.01
    10     11   -0.10  0.02    0.05  0.01    0.05  0.01    0.29  0.02
    11     12   -0.20  0.03    0.05  0.03    0.05  0.03    0.35  0.03
    12     13   -0.37  0.04    0.12  0.04    0.13  0.04    0.45  0.03
    13     14   -0.73  0.06    0.23  0.06    0.28  0.07    0.64  0.04
    14     15   -1.19  0.10    0.17  0.07    0.23  0.08    0.83  0.05


Final results in kJ/mol:

point      0 -      1,   DG  2.58 +/-  0.32
point      1 -      2,   DG  3.49 +/-  0.40
point      2 -      3,   DG  0.11 +/-  0.27
point      3 -      4,   DG -1.84 +/-  0.16
point      4 -      5,   DG -2.65 +/-  0.05
point      5 -      6,   DG -3.31 +/-  0.06
point      6 -      7,   DG -3.81 +/-  0.05
point      7 -      8,   DG -4.34 +/-  0.04
point      8 -      9,   DG -4.59 +/-  0.04
point      9 -     10,   DG -4.90 +/-  0.05
point     10 -     11,   DG -0.25 +/-  0.04
point     11 -     12,   DG -0.49 +/-  0.08
point     12 -     13,   DG -0.91 +/-  0.09
point     13 -     14,   DG -1.81 +/-  0.14
point     14 -     15,   DG -2.94 +/-  0.24

total      0 -     15,   DG -25.67 +/-  1.04

