
md10.edr: 0.0 - 20001.0; lambda = (0, 0.9)
    foreign lambdas:
        delta H to (0, 0.8) (20001 pts)
        delta H to (0, 0.9) (20001 pts)
        delta H to (0, 1) (20001 pts)



md11.edr: 0.0 - 20001.0; lambda = (0, 1)
    foreign lambdas:
        delta H to (0, 0.9) (20001 pts)
        delta H to (0, 1) (20001 pts)
        delta H to (0.2, 1) (20001 pts)



md12.edr: 0.0 - 20001.0; lambda = (0.2, 1)
    foreign lambdas:
        delta H to (0, 1) (20001 pts)
        delta H to (0.2, 1) (20001 pts)
        delta H to (0.4, 1) (20001 pts)



md13.edr: 0.0 - 20001.0; lambda = (0.4, 1)
    foreign lambdas:
        delta H to (0.2, 1) (20001 pts)
        delta H to (0.4, 1) (20001 pts)
        delta H to (0.6, 1) (20001 pts)



md14.edr: 0.0 - 20001.0; lambda = (0.6, 1)
    foreign lambdas:
        delta H to (0.4, 1) (20001 pts)
        delta H to (0.6, 1) (20001 pts)
        delta H to (0.8, 1) (20001 pts)



md15.edr: 0.0 - 20001.0; lambda = (0.8, 1)
    foreign lambdas:
        delta H to (0.6, 1) (20001 pts)
        delta H to (0.8, 1) (20001 pts)
        delta H to (1, 1) (20001 pts)



md16.edr: 0.0 - 20001.0; lambda = (1, 1)
    foreign lambdas:
        delta H to (0.8, 1) (20001 pts)
        delta H to (1, 1) (20001 pts)



md1.edr: 0.0 - 20001.0; lambda = (0, 0)
    foreign lambdas:
        delta H to (0, 0) (20001 pts)
        delta H to (0, 0.1) (20001 pts)



md2.edr: 0.0 - 20001.0; lambda = (0, 0.1)
    foreign lambdas:
        delta H to (0, 0) (20001 pts)
        delta H to (0, 0.1) (20001 pts)
        delta H to (0, 0.2) (20001 pts)



md3.edr: 0.0 - 20001.0; lambda = (0, 0.2)
    foreign lambdas:
        delta H to (0, 0.1) (20001 pts)
        delta H to (0, 0.2) (20001 pts)
        delta H to (0, 0.3) (20001 pts)



md4.edr: 0.0 - 20001.0; lambda = (0, 0.3)
    foreign lambdas:
        delta H to (0, 0.2) (20001 pts)
        delta H to (0, 0.3) (20001 pts)
        delta H to (0, 0.4) (20001 pts)



md5.edr: 0.0 - 20001.0; lambda = (0, 0.4)
    foreign lambdas:
        delta H to (0, 0.3) (20001 pts)
        delta H to (0, 0.4) (20001 pts)
        delta H to (0, 0.5) (20001 pts)



md6.edr: 0.0 - 20001.0; lambda = (0, 0.5)
    foreign lambdas:
        delta H to (0, 0.4) (20001 pts)
        delta H to (0, 0.5) (20001 pts)
        delta H to (0, 0.6) (20001 pts)



md7.edr: 0.0 - 20001.0; lambda = (0, 0.6)
    foreign lambdas:
        delta H to (0, 0.5) (20001 pts)
        delta H to (0, 0.6) (20001 pts)
        delta H to (0, 0.7) (20001 pts)



md8.edr: 0.0 - 20001.0; lambda = (0, 0.7)
    foreign lambdas:
        delta H to (0, 0.6) (20001 pts)
        delta H to (0, 0.7) (20001 pts)
        delta H to (0, 0.8) (20001 pts)



md9.edr: 0.0 - 20001.0; lambda = (0, 0.8)
    foreign lambdas:
        delta H to (0, 0.7) (20001 pts)
        delta H to (0, 0.8) (20001 pts)
        delta H to (0, 0.9) (20001 pts)



   Samples in time interval: 0.000 - 20001.000
Removing samples outside of: 0.000 - 14000.000

Temperature: 298.15 K

Detailed results in kT (see help for explanation):

 lam_A  lam_B      DG   +/-     s_A   +/-     s_B   +/-   stdev   +/- 
     0      1    1.03  0.04    0.91  0.04    0.94  0.03    1.40  0.03
     1      2    1.46  0.06    2.21  0.06    1.73  0.05    2.24  0.04
     2      3    0.18  0.08    2.53  0.09    1.44  0.06    2.06  0.05
     3      4   -0.73  0.05    1.40  0.05    0.86  0.03    1.49  0.03
     4      5   -1.10  0.02    1.10  0.02    0.71  0.01    1.31  0.01
     5      6   -1.33  0.02    0.85  0.02    0.54  0.01    1.17  0.02
     6      7   -1.52  0.02    0.90  0.04    0.58  0.02    1.15  0.02
     7      8   -1.74  0.01    0.70  0.02    0.44  0.01    1.02  0.01
     8      9   -1.86  0.01    0.62  0.02    0.39  0.01    0.96  0.01
     9     10   -1.96  0.01    0.54  0.01    0.35  0.01    0.90  0.01
    10     11   -0.09  0.01    0.05  0.01    0.05  0.01    0.32  0.03
    11     12   -0.20  0.02    0.06  0.01    0.06  0.01    0.38  0.01
    12     13   -0.41  0.04    0.15  0.02    0.16  0.02    0.48  0.02
    13     14   -0.71  0.05    0.14  0.04    0.18  0.05    0.61  0.02
    14     15   -1.21  0.05    0.33  0.07    0.40  0.08    0.87  0.03


Final results in kJ/mol:

point      0 -      1,   DG  2.57 +/-  0.09
point      1 -      2,   DG  3.62 +/-  0.14
point      2 -      3,   DG  0.45 +/-  0.20
point      3 -      4,   DG -1.80 +/-  0.11
point      4 -      5,   DG -2.72 +/-  0.04
point      5 -      6,   DG -3.31 +/-  0.06
point      6 -      7,   DG -3.76 +/-  0.05
point      7 -      8,   DG -4.31 +/-  0.03
point      8 -      9,   DG -4.61 +/-  0.03
point      9 -     10,   DG -4.86 +/-  0.03
point     10 -     11,   DG -0.23 +/-  0.04
point     11 -     12,   DG -0.49 +/-  0.06
point     12 -     13,   DG -1.01 +/-  0.09
point     13 -     14,   DG -1.75 +/-  0.12
point     14 -     15,   DG -3.00 +/-  0.13

total      0 -     15,   DG -25.21 +/-  0.32

