
md10.edr: 0.0 - 20001.0; lambda = (0, 0.9)
    foreign lambdas:
        delta H to (0, 0.8) (20001 pts)
        delta H to (0, 0.9) (20001 pts)
        delta H to (0, 1) (20001 pts)



md11.edr: 0.0 - 20001.0; lambda = (0, 1)
    foreign lambdas:
        delta H to (0, 0.9) (20001 pts)
        delta H to (0, 1) (20001 pts)
        delta H to (0.2, 1) (20001 pts)



md12.edr: 0.0 - 20001.0; lambda = (0.2, 1)
    foreign lambdas:
        delta H to (0, 1) (20001 pts)
        delta H to (0.2, 1) (20001 pts)
        delta H to (0.4, 1) (20001 pts)



md13.edr: 0.0 - 20001.0; lambda = (0.4, 1)
    foreign lambdas:
        delta H to (0.2, 1) (20001 pts)
        delta H to (0.4, 1) (20001 pts)
        delta H to (0.6, 1) (20001 pts)



md14.edr: 0.0 - 20001.0; lambda = (0.6, 1)
    foreign lambdas:
        delta H to (0.4, 1) (20001 pts)
        delta H to (0.6, 1) (20001 pts)
        delta H to (0.8, 1) (20001 pts)



md15.edr: 0.0 - 20001.0; lambda = (0.8, 1)
    foreign lambdas:
        delta H to (0.6, 1) (20001 pts)
        delta H to (0.8, 1) (20001 pts)
        delta H to (1, 1) (20001 pts)



md16.edr: 0.0 - 20001.0; lambda = (1, 1)
    foreign lambdas:
        delta H to (0.8, 1) (20001 pts)
        delta H to (1, 1) (20001 pts)



md1.edr: 0.0 - 20001.0; lambda = (0, 0)
    foreign lambdas:
        delta H to (0, 0) (20001 pts)
        delta H to (0, 0.1) (20001 pts)



md2.edr: 0.0 - 20001.0; lambda = (0, 0.1)
    foreign lambdas:
        delta H to (0, 0) (20001 pts)
        delta H to (0, 0.1) (20001 pts)
        delta H to (0, 0.2) (20001 pts)



md3.edr: 0.0 - 20001.0; lambda = (0, 0.2)
    foreign lambdas:
        delta H to (0, 0.1) (20001 pts)
        delta H to (0, 0.2) (20001 pts)
        delta H to (0, 0.3) (20001 pts)



md4.edr: 0.0 - 20001.0; lambda = (0, 0.3)
    foreign lambdas:
        delta H to (0, 0.2) (20001 pts)
        delta H to (0, 0.3) (20001 pts)
        delta H to (0, 0.4) (20001 pts)



md5.edr: 0.0 - 20001.0; lambda = (0, 0.4)
    foreign lambdas:
        delta H to (0, 0.3) (20001 pts)
        delta H to (0, 0.4) (20001 pts)
        delta H to (0, 0.5) (20001 pts)



md6.edr: 0.0 - 20001.0; lambda = (0, 0.5)
    foreign lambdas:
        delta H to (0, 0.4) (20001 pts)
        delta H to (0, 0.5) (20001 pts)
        delta H to (0, 0.6) (20001 pts)



md7.edr: 0.0 - 20001.0; lambda = (0, 0.6)
    foreign lambdas:
        delta H to (0, 0.5) (20001 pts)
        delta H to (0, 0.6) (20001 pts)
        delta H to (0, 0.7) (20001 pts)



md8.edr: 0.0 - 20001.0; lambda = (0, 0.7)
    foreign lambdas:
        delta H to (0, 0.6) (20001 pts)
        delta H to (0, 0.7) (20001 pts)
        delta H to (0, 0.8) (20001 pts)



md9.edr: 0.0 - 20001.0; lambda = (0, 0.8)
    foreign lambdas:
        delta H to (0, 0.7) (20001 pts)
        delta H to (0, 0.8) (20001 pts)
        delta H to (0, 0.9) (20001 pts)



Temperature: 298.15 K

Detailed results in kT (see help for explanation):

 lam_A  lam_B      DG   +/-     s_A   +/-     s_B   +/-   stdev   +/- 
     0      1    1.10  0.11    0.86  0.04    0.92  0.05    1.37  0.02
     1      2    1.48  0.10    2.36  0.11    1.83  0.08    2.36  0.06
     2      3    0.11  0.03    2.41  0.08    1.37  0.03    2.00  0.03
     3      4   -0.73  0.03    1.43  0.05    0.88  0.03    1.51  0.02
     4      5   -1.11  0.02    1.06  0.01    0.67  0.01    1.30  0.01
     5      6   -1.33  0.01    0.92  0.03    0.59  0.02    1.20  0.01
     6      7   -1.56  0.01    0.82  0.01    0.53  0.01    1.10  0.01
     7      8   -1.74  0.02    0.69  0.02    0.44  0.01    1.01  0.01
     8      9   -1.87  0.01    0.60  0.02    0.39  0.01    0.95  0.01
     9     10   -1.96  0.00    0.55  0.01    0.36  0.01    0.90  0.01
    10     11   -0.12  0.02    0.07  0.02    0.07  0.02    0.36  0.02
    11     12   -0.27  0.02    0.08  0.02    0.09  0.02    0.40  0.01
    12     13   -0.51  0.04    0.15  0.03    0.17  0.03    0.49  0.02
    13     14   -0.76  0.04    0.09  0.06    0.13  0.07    0.61  0.03
    14     15   -1.39  0.12    0.50  0.10    0.59  0.11    0.97  0.06


Final results in kJ/mol:

point      0 -      1,   DG  2.72 +/-  0.26
point      1 -      2,   DG  3.66 +/-  0.25
point      2 -      3,   DG  0.26 +/-  0.08
point      3 -      4,   DG -1.82 +/-  0.08
point      4 -      5,   DG -2.76 +/-  0.04
point      5 -      6,   DG -3.30 +/-  0.02
point      6 -      7,   DG -3.87 +/-  0.04
point      7 -      8,   DG -4.32 +/-  0.04
point      8 -      9,   DG -4.63 +/-  0.02
point      9 -     10,   DG -4.85 +/-  0.01
point     10 -     11,   DG -0.30 +/-  0.04
point     11 -     12,   DG -0.67 +/-  0.05
point     12 -     13,   DG -1.26 +/-  0.10
point     13 -     14,   DG -1.89 +/-  0.10
point     14 -     15,   DG -3.45 +/-  0.31

total      0 -     15,   DG -26.47 +/-  0.81

