
md10.edr: 0.0 - 20001.0; lambda = (0, 0.9)
    foreign lambdas:
        delta H to (0, 0.8) (20001 pts)
        delta H to (0, 0.9) (20001 pts)
        delta H to (0, 1) (20001 pts)



md11.edr: 0.0 - 20001.0; lambda = (0, 1)
    foreign lambdas:
        delta H to (0, 0.9) (20001 pts)
        delta H to (0, 1) (20001 pts)
        delta H to (0.2, 1) (20001 pts)



md12.edr: 0.0 - 20001.0; lambda = (0.2, 1)
    foreign lambdas:
        delta H to (0, 1) (20001 pts)
        delta H to (0.2, 1) (20001 pts)
        delta H to (0.4, 1) (20001 pts)



md13.edr: 0.0 - 20001.0; lambda = (0.4, 1)
    foreign lambdas:
        delta H to (0.2, 1) (20001 pts)
        delta H to (0.4, 1) (20001 pts)
        delta H to (0.6, 1) (20001 pts)



md14.edr: 0.0 - 20001.0; lambda = (0.6, 1)
    foreign lambdas:
        delta H to (0.4, 1) (20001 pts)
        delta H to (0.6, 1) (20001 pts)
        delta H to (0.8, 1) (20001 pts)



md15.edr: 0.0 - 20001.0; lambda = (0.8, 1)
    foreign lambdas:
        delta H to (0.6, 1) (20001 pts)
        delta H to (0.8, 1) (20001 pts)
        delta H to (1, 1) (20001 pts)



md16.edr: 0.0 - 20001.0; lambda = (1, 1)
    foreign lambdas:
        delta H to (0.8, 1) (20001 pts)
        delta H to (1, 1) (20001 pts)



md1.edr: 0.0 - 20001.0; lambda = (0, 0)
    foreign lambdas:
        delta H to (0, 0) (20001 pts)
        delta H to (0, 0.1) (20001 pts)



md2.edr: 0.0 - 20001.0; lambda = (0, 0.1)
    foreign lambdas:
        delta H to (0, 0) (20001 pts)
        delta H to (0, 0.1) (20001 pts)
        delta H to (0, 0.2) (20001 pts)



md3.edr: 0.0 - 20001.0; lambda = (0, 0.2)
    foreign lambdas:
        delta H to (0, 0.1) (20001 pts)
        delta H to (0, 0.2) (20001 pts)
        delta H to (0, 0.3) (20001 pts)



md4.edr: 0.0 - 20001.0; lambda = (0, 0.3)
    foreign lambdas:
        delta H to (0, 0.2) (20001 pts)
        delta H to (0, 0.3) (20001 pts)
        delta H to (0, 0.4) (20001 pts)



md5.edr: 0.0 - 20001.0; lambda = (0, 0.4)
    foreign lambdas:
        delta H to (0, 0.3) (20001 pts)
        delta H to (0, 0.4) (20001 pts)
        delta H to (0, 0.5) (20001 pts)



md6.edr: 0.0 - 20001.0; lambda = (0, 0.5)
    foreign lambdas:
        delta H to (0, 0.4) (20001 pts)
        delta H to (0, 0.5) (20001 pts)
        delta H to (0, 0.6) (20001 pts)



md7.edr: 0.0 - 20001.0; lambda = (0, 0.6)
    foreign lambdas:
        delta H to (0, 0.5) (20001 pts)
        delta H to (0, 0.6) (20001 pts)
        delta H to (0, 0.7) (20001 pts)



md8.edr: 0.0 - 20001.0; lambda = (0, 0.7)
    foreign lambdas:
        delta H to (0, 0.6) (20001 pts)
        delta H to (0, 0.7) (20001 pts)
        delta H to (0, 0.8) (20001 pts)



md9.edr: 0.0 - 20001.0; lambda = (0, 0.8)
    foreign lambdas:
        delta H to (0, 0.7) (20001 pts)
        delta H to (0, 0.8) (20001 pts)
        delta H to (0, 0.9) (20001 pts)



   Samples in time interval: 0.000 - 20001.000
Removing samples outside of: 0.000 - 5000.000

Temperature: 298.15 K

Detailed results in kT (see help for explanation):

 lam_A  lam_B      DG   +/-     s_A   +/-     s_B   +/-   stdev   +/- 
     0      1    1.23  0.15    0.92  0.14    0.95  0.15    1.40  0.08
     1      2    1.71  0.31    2.37  0.14    1.92  0.17    2.39  0.09
     2      3    0.19  0.17    2.60  0.24    1.42  0.12    2.06  0.11
     3      4   -0.70  0.08    1.48  0.12    0.90  0.07    1.53  0.05
     4      5   -1.07  0.03    1.03  0.06    0.66  0.04    1.29  0.03
     5      6   -1.32  0.03    0.99  0.03    0.66  0.02    1.24  0.01
     6      7   -1.61  0.05    0.83  0.05    0.53  0.03    1.11  0.02
     7      8   -1.79  0.02    0.72  0.03    0.46  0.02    1.02  0.01
     8      9   -1.89  0.02    0.54  0.04    0.34  0.03    0.92  0.02
     9     10   -1.96  0.02    0.54  0.03    0.36  0.03    0.90  0.01
    10     11   -0.13  0.02    0.07  0.03    0.07  0.03    0.40  0.01
    11     12   -0.30  0.05    0.09  0.06    0.10  0.06    0.42  0.04
    12     13   -0.51  0.08    0.11  0.03    0.12  0.03    0.48  0.02
    13     14   -0.69  0.09    0.05  0.04    0.07  0.04    0.55  0.03
    14     15   -1.02  0.10    0.26  0.16    0.31  0.17    0.74  0.05


Final results in kJ/mol:

point      0 -      1,   DG  3.06 +/-  0.37
point      1 -      2,   DG  4.25 +/-  0.78
point      2 -      3,   DG  0.47 +/-  0.43
point      3 -      4,   DG -1.73 +/-  0.19
point      4 -      5,   DG -2.66 +/-  0.08
point      5 -      6,   DG -3.27 +/-  0.08
point      6 -      7,   DG -3.99 +/-  0.11
point      7 -      8,   DG -4.45 +/-  0.05
point      8 -      9,   DG -4.69 +/-  0.06
point      9 -     10,   DG -4.86 +/-  0.06
point     10 -     11,   DG -0.33 +/-  0.05
point     11 -     12,   DG -0.75 +/-  0.12
point     12 -     13,   DG -1.27 +/-  0.20
point     13 -     14,   DG -1.70 +/-  0.21
point     14 -     15,   DG -2.52 +/-  0.25

total      0 -     15,   DG -24.45 +/-  1.45

