
md10.edr: 0.0 - 20001.0; lambda = (0, 0.9)
    foreign lambdas:
        delta H to (0, 0.8) (20001 pts)
        delta H to (0, 0.9) (20001 pts)
        delta H to (0, 1) (20001 pts)



md11.edr: 0.0 - 20001.0; lambda = (0, 1)
    foreign lambdas:
        delta H to (0, 0.9) (20001 pts)
        delta H to (0, 1) (20001 pts)
        delta H to (0.2, 1) (20001 pts)



md12.edr: 0.0 - 20001.0; lambda = (0.2, 1)
    foreign lambdas:
        delta H to (0, 1) (20001 pts)
        delta H to (0.2, 1) (20001 pts)
        delta H to (0.4, 1) (20001 pts)



md13.edr: 0.0 - 20001.0; lambda = (0.4, 1)
    foreign lambdas:
        delta H to (0.2, 1) (20001 pts)
        delta H to (0.4, 1) (20001 pts)
        delta H to (0.6, 1) (20001 pts)



md14.edr: 0.0 - 20001.0; lambda = (0.6, 1)
    foreign lambdas:
        delta H to (0.4, 1) (20001 pts)
        delta H to (0.6, 1) (20001 pts)
        delta H to (0.8, 1) (20001 pts)



md15.edr: 0.0 - 20001.0; lambda = (0.8, 1)
    foreign lambdas:
        delta H to (0.6, 1) (20001 pts)
        delta H to (0.8, 1) (20001 pts)
        delta H to (1, 1) (20001 pts)



md16.edr: 0.0 - 20001.0; lambda = (1, 1)
    foreign lambdas:
        delta H to (0.8, 1) (20001 pts)
        delta H to (1, 1) (20001 pts)



md1.edr: 0.0 - 20001.0; lambda = (0, 0)
    foreign lambdas:
        delta H to (0, 0) (20001 pts)
        delta H to (0, 0.1) (20001 pts)



md2.edr: 0.0 - 20001.0; lambda = (0, 0.1)
    foreign lambdas:
        delta H to (0, 0) (20001 pts)
        delta H to (0, 0.1) (20001 pts)
        delta H to (0, 0.2) (20001 pts)



md3.edr: 0.0 - 20001.0; lambda = (0, 0.2)
    foreign lambdas:
        delta H to (0, 0.1) (20001 pts)
        delta H to (0, 0.2) (20001 pts)
        delta H to (0, 0.3) (20001 pts)



md4.edr: 0.0 - 20001.0; lambda = (0, 0.3)
    foreign lambdas:
        delta H to (0, 0.2) (20001 pts)
        delta H to (0, 0.3) (20001 pts)
        delta H to (0, 0.4) (20001 pts)



md5.edr: 0.0 - 20001.0; lambda = (0, 0.4)
    foreign lambdas:
        delta H to (0, 0.3) (20001 pts)
        delta H to (0, 0.4) (20001 pts)
        delta H to (0, 0.5) (20001 pts)



md6.edr: 0.0 - 20001.0; lambda = (0, 0.5)
    foreign lambdas:
        delta H to (0, 0.4) (20001 pts)
        delta H to (0, 0.5) (20001 pts)
        delta H to (0, 0.6) (20001 pts)



md7.edr: 0.0 - 20001.0; lambda = (0, 0.6)
    foreign lambdas:
        delta H to (0, 0.5) (20001 pts)
        delta H to (0, 0.6) (20001 pts)
        delta H to (0, 0.7) (20001 pts)



md8.edr: 0.0 - 20001.0; lambda = (0, 0.7)
    foreign lambdas:
        delta H to (0, 0.6) (20001 pts)
        delta H to (0, 0.7) (20001 pts)
        delta H to (0, 0.8) (20001 pts)



md9.edr: 0.0 - 20001.0; lambda = (0, 0.8)
    foreign lambdas:
        delta H to (0, 0.7) (20001 pts)
        delta H to (0, 0.8) (20001 pts)
        delta H to (0, 0.9) (20001 pts)



   Samples in time interval: 0.000 - 20001.000
Removing samples outside of: 0.000 - 6000.000

Temperature: 298.15 K

Detailed results in kT (see help for explanation):

 lam_A  lam_B      DG   +/-     s_A   +/-     s_B   +/-   stdev   +/- 
     0      1    1.21  0.12    0.91  0.11    0.95  0.11    1.40  0.06
     1      2    1.62  0.26    2.40  0.16    1.90  0.11    2.40  0.08
     2      3    0.17  0.15    2.44  0.26    1.34  0.14    2.00  0.11
     3      4   -0.64  0.08    1.56  0.12    0.95  0.08    1.57  0.06
     4      5   -1.08  0.02    1.05  0.05    0.68  0.03    1.29  0.02
     5      6   -1.32  0.02    0.98  0.04    0.65  0.02    1.23  0.02
     6      7   -1.61  0.03    0.82  0.03    0.53  0.02    1.11  0.02
     7      8   -1.78  0.02    0.72  0.04    0.46  0.03    1.03  0.01
     8      9   -1.89  0.02    0.57  0.05    0.35  0.03    0.93  0.02
     9     10   -1.97  0.02    0.54  0.02    0.36  0.02    0.90  0.01
    10     11   -0.14  0.02    0.04  0.05    0.05  0.04    0.39  0.02
    11     12   -0.28  0.05    0.09  0.05    0.10  0.06    0.41  0.04
    12     13   -0.50  0.08    0.12  0.04    0.14  0.04    0.47  0.03
    13     14   -0.73  0.09    0.09  0.07    0.12  0.08    0.56  0.02
    14     15   -1.15  0.17    0.30  0.14    0.37  0.14    0.81  0.07


Final results in kJ/mol:

point      0 -      1,   DG  3.00 +/-  0.30
point      1 -      2,   DG  4.01 +/-  0.64
point      2 -      3,   DG  0.42 +/-  0.38
point      3 -      4,   DG -1.60 +/-  0.20
point      4 -      5,   DG -2.67 +/-  0.06
point      5 -      6,   DG -3.28 +/-  0.06
point      6 -      7,   DG -3.98 +/-  0.08
point      7 -      8,   DG -4.42 +/-  0.04
point      8 -      9,   DG -4.69 +/-  0.05
point      9 -     10,   DG -4.88 +/-  0.05
point     10 -     11,   DG -0.34 +/-  0.05
point     11 -     12,   DG -0.68 +/-  0.13
point     12 -     13,   DG -1.24 +/-  0.20
point     13 -     14,   DG -1.80 +/-  0.22
point     14 -     15,   DG -2.84 +/-  0.41

total      0 -     15,   DG -24.99 +/-  1.33

