
md10.edr: 0.0 - 20001.0; lambda = (0, 0.9)
    foreign lambdas:
        delta H to (0, 0.8) (20001 pts)
        delta H to (0, 0.9) (20001 pts)
        delta H to (0, 1) (20001 pts)



md11.edr: 0.0 - 20001.0; lambda = (0, 1)
    foreign lambdas:
        delta H to (0, 0.9) (20001 pts)
        delta H to (0, 1) (20001 pts)
        delta H to (0.2, 1) (20001 pts)



md12.edr: 0.0 - 20001.0; lambda = (0.2, 1)
    foreign lambdas:
        delta H to (0, 1) (20001 pts)
        delta H to (0.2, 1) (20001 pts)
        delta H to (0.4, 1) (20001 pts)



md13.edr: 0.0 - 20001.0; lambda = (0.4, 1)
    foreign lambdas:
        delta H to (0.2, 1) (20001 pts)
        delta H to (0.4, 1) (20001 pts)
        delta H to (0.6, 1) (20001 pts)



md14.edr: 0.0 - 20001.0; lambda = (0.6, 1)
    foreign lambdas:
        delta H to (0.4, 1) (20001 pts)
        delta H to (0.6, 1) (20001 pts)
        delta H to (0.8, 1) (20001 pts)



md15.edr: 0.0 - 20001.0; lambda = (0.8, 1)
    foreign lambdas:
        delta H to (0.6, 1) (20001 pts)
        delta H to (0.8, 1) (20001 pts)
        delta H to (1, 1) (20001 pts)



md16.edr: 0.0 - 20001.0; lambda = (1, 1)
    foreign lambdas:
        delta H to (0.8, 1) (20001 pts)
        delta H to (1, 1) (20001 pts)



md1.edr: 0.0 - 20001.0; lambda = (0, 0)
    foreign lambdas:
        delta H to (0, 0) (20001 pts)
        delta H to (0, 0.1) (20001 pts)



md2.edr: 0.0 - 20001.0; lambda = (0, 0.1)
    foreign lambdas:
        delta H to (0, 0) (20001 pts)
        delta H to (0, 0.1) (20001 pts)
        delta H to (0, 0.2) (20001 pts)



md3.edr: 0.0 - 20001.0; lambda = (0, 0.2)
    foreign lambdas:
        delta H to (0, 0.1) (20001 pts)
        delta H to (0, 0.2) (20001 pts)
        delta H to (0, 0.3) (20001 pts)



md4.edr: 0.0 - 20001.0; lambda = (0, 0.3)
    foreign lambdas:
        delta H to (0, 0.2) (20001 pts)
        delta H to (0, 0.3) (20001 pts)
        delta H to (0, 0.4) (20001 pts)



md5.edr: 0.0 - 20001.0; lambda = (0, 0.4)
    foreign lambdas:
        delta H to (0, 0.3) (20001 pts)
        delta H to (0, 0.4) (20001 pts)
        delta H to (0, 0.5) (20001 pts)



md6.edr: 0.0 - 20001.0; lambda = (0, 0.5)
    foreign lambdas:
        delta H to (0, 0.4) (20001 pts)
        delta H to (0, 0.5) (20001 pts)
        delta H to (0, 0.6) (20001 pts)



md7.edr: 0.0 - 20001.0; lambda = (0, 0.6)
    foreign lambdas:
        delta H to (0, 0.5) (20001 pts)
        delta H to (0, 0.6) (20001 pts)
        delta H to (0, 0.7) (20001 pts)



md8.edr: 0.0 - 20001.0; lambda = (0, 0.7)
    foreign lambdas:
        delta H to (0, 0.6) (20001 pts)
        delta H to (0, 0.7) (20001 pts)
        delta H to (0, 0.8) (20001 pts)



md9.edr: 0.0 - 20001.0; lambda = (0, 0.8)
    foreign lambdas:
        delta H to (0, 0.7) (20001 pts)
        delta H to (0, 0.8) (20001 pts)
        delta H to (0, 0.9) (20001 pts)



   Samples in time interval: 0.000 - 20001.000
Removing samples outside of: 0.000 - 1000.000

Temperature: 298.15 K

Detailed results in kT (see help for explanation):

 lam_A  lam_B      DG   +/-     s_A   +/-     s_B   +/-   stdev   +/- 
     0      1    0.97  0.22    1.34  0.13    1.35  0.16    1.60  0.11
     1      2    0.79  0.15    2.06  0.18    1.66  0.16    2.16  0.10
     2      3   -0.37  0.07    1.86  0.12    1.10  0.11    1.71  0.05
     3      4   -0.83  0.08    1.10  0.12    0.67  0.08    1.39  0.04
     4      5   -1.04  0.04    1.16  0.08    0.75  0.05    1.34  0.03
     5      6   -1.39  0.07    1.03  0.07    0.68  0.05    1.25  0.04
     6      7   -1.61  0.06    0.76  0.05    0.47  0.02    1.08  0.02
     7      8   -1.80  0.04    0.72  0.06    0.47  0.03    0.98  0.02
     8      9   -1.84  0.02    0.46  0.03    0.31  0.02    0.89  0.03
     9     10   -1.92  0.02    0.57  0.02    0.39  0.02    0.91  0.02
    10     11   -0.08  0.06    0.18  0.03    0.18  0.03    0.44  0.01
    11     12   -0.42  0.04    0.17  0.04    0.17  0.04    0.43  0.02
    12     13   -0.69  0.07    0.10  0.07    0.11  0.07    0.52  0.05
    13     14   -0.78  0.06   -0.03  0.10   -0.01  0.09    0.52  0.04
    14     15   -0.87  0.17    0.10  0.12    0.14  0.13    0.61  0.07


Final results in kJ/mol:

point      0 -      1,   DG  2.40 +/-  0.55
point      1 -      2,   DG  1.96 +/-  0.38
point      2 -      3,   DG -0.91 +/-  0.18
point      3 -      4,   DG -2.06 +/-  0.20
point      4 -      5,   DG -2.57 +/-  0.09
point      5 -      6,   DG -3.44 +/-  0.19
point      6 -      7,   DG -3.99 +/-  0.15
point      7 -      8,   DG -4.45 +/-  0.10
point      8 -      9,   DG -4.55 +/-  0.04
point      9 -     10,   DG -4.75 +/-  0.04
point     10 -     11,   DG -0.19 +/-  0.14
point     11 -     12,   DG -1.04 +/-  0.11
point     12 -     13,   DG -1.71 +/-  0.18
point     13 -     14,   DG -1.92 +/-  0.16
point     14 -     15,   DG -2.16 +/-  0.43

total      0 -     15,   DG -29.40 +/-  1.07

