
md10.edr: 0.0 - 20001.0; lambda = (0, 0.9)
    foreign lambdas:
        delta H to (0, 0.8) (20001 pts)
        delta H to (0, 0.9) (20001 pts)
        delta H to (0, 1) (20001 pts)



md11.edr: 0.0 - 20001.0; lambda = (0, 1)
    foreign lambdas:
        delta H to (0, 0.9) (20001 pts)
        delta H to (0, 1) (20001 pts)
        delta H to (0.2, 1) (20001 pts)



md12.edr: 0.0 - 20001.0; lambda = (0.2, 1)
    foreign lambdas:
        delta H to (0, 1) (20001 pts)
        delta H to (0.2, 1) (20001 pts)
        delta H to (0.4, 1) (20001 pts)



md13.edr: 0.0 - 20001.0; lambda = (0.4, 1)
    foreign lambdas:
        delta H to (0.2, 1) (20001 pts)
        delta H to (0.4, 1) (20001 pts)
        delta H to (0.6, 1) (20001 pts)



md14.edr: 0.0 - 20001.0; lambda = (0.6, 1)
    foreign lambdas:
        delta H to (0.4, 1) (20001 pts)
        delta H to (0.6, 1) (20001 pts)
        delta H to (0.8, 1) (20001 pts)



md15.edr: 0.0 - 20001.0; lambda = (0.8, 1)
    foreign lambdas:
        delta H to (0.6, 1) (20001 pts)
        delta H to (0.8, 1) (20001 pts)
        delta H to (1, 1) (20001 pts)



md16.edr: 0.0 - 20001.0; lambda = (1, 1)
    foreign lambdas:
        delta H to (0.8, 1) (20001 pts)
        delta H to (1, 1) (20001 pts)



md1.edr: 0.0 - 20001.0; lambda = (0, 0)
    foreign lambdas:
        delta H to (0, 0) (20001 pts)
        delta H to (0, 0.1) (20001 pts)



md2.edr: 0.0 - 20001.0; lambda = (0, 0.1)
    foreign lambdas:
        delta H to (0, 0) (20001 pts)
        delta H to (0, 0.1) (20001 pts)
        delta H to (0, 0.2) (20001 pts)



md3.edr: 0.0 - 20001.0; lambda = (0, 0.2)
    foreign lambdas:
        delta H to (0, 0.1) (20001 pts)
        delta H to (0, 0.2) (20001 pts)
        delta H to (0, 0.3) (20001 pts)



md4.edr: 0.0 - 20001.0; lambda = (0, 0.3)
    foreign lambdas:
        delta H to (0, 0.2) (20001 pts)
        delta H to (0, 0.3) (20001 pts)
        delta H to (0, 0.4) (20001 pts)



md5.edr: 0.0 - 20001.0; lambda = (0, 0.4)
    foreign lambdas:
        delta H to (0, 0.3) (20001 pts)
        delta H to (0, 0.4) (20001 pts)
        delta H to (0, 0.5) (20001 pts)



md6.edr: 0.0 - 20001.0; lambda = (0, 0.5)
    foreign lambdas:
        delta H to (0, 0.4) (20001 pts)
        delta H to (0, 0.5) (20001 pts)
        delta H to (0, 0.6) (20001 pts)



md7.edr: 0.0 - 20001.0; lambda = (0, 0.6)
    foreign lambdas:
        delta H to (0, 0.5) (20001 pts)
        delta H to (0, 0.6) (20001 pts)
        delta H to (0, 0.7) (20001 pts)



md8.edr: 0.0 - 20001.0; lambda = (0, 0.7)
    foreign lambdas:
        delta H to (0, 0.6) (20001 pts)
        delta H to (0, 0.7) (20001 pts)
        delta H to (0, 0.8) (20001 pts)



md9.edr: 0.0 - 20001.0; lambda = (0, 0.8)
    foreign lambdas:
        delta H to (0, 0.7) (20001 pts)
        delta H to (0, 0.8) (20001 pts)
        delta H to (0, 0.9) (20001 pts)



   Samples in time interval: 0.000 - 20001.000
Removing samples outside of: 0.000 - 2000.000

Temperature: 298.15 K

Detailed results in kT (see help for explanation):

 lam_A  lam_B      DG   +/-     s_A   +/-     s_B   +/-   stdev   +/- 
     0      1    1.23  0.14    1.06  0.15    1.11  0.14    1.50  0.10
     1      2    1.36  0.33    2.40  0.20    1.84  0.13    2.29  0.08
     2      3    0.04  0.21    2.23  0.29    1.24  0.16    1.92  0.15
     3      4   -0.64  0.13    1.44  0.17    0.86  0.11    1.53  0.07
     4      5   -1.00  0.03    1.12  0.04    0.72  0.04    1.34  0.02
     5      6   -1.30  0.05    0.99  0.08    0.65  0.05    1.26  0.02
     6      7   -1.53  0.06    0.87  0.08    0.55  0.06    1.13  0.04
     7      8   -1.78  0.01    0.74  0.04    0.49  0.03    1.01  0.01
     8      9   -1.84  0.01    0.44  0.04    0.28  0.03    0.88  0.03
     9     10   -1.91  0.02    0.58  0.02    0.40  0.02    0.90  0.02
    10     11   -0.09  0.03    0.10  0.04    0.10  0.04    0.41  0.02
    11     12   -0.42  0.02    0.23  0.04    0.23  0.05    0.49  0.04
    12     13   -0.70  0.06    0.05  0.07    0.07  0.07    0.50  0.04
    13     14   -0.84  0.06    0.07  0.08    0.08  0.08    0.52  0.02
    14     15   -0.83  0.10   -0.10  0.14   -0.07  0.14    0.58  0.05


Final results in kJ/mol:

point      0 -      1,   DG  3.04 +/-  0.36
point      1 -      2,   DG  3.38 +/-  0.82
point      2 -      3,   DG  0.09 +/-  0.52
point      3 -      4,   DG -1.59 +/-  0.31
point      4 -      5,   DG -2.49 +/-  0.06
point      5 -      6,   DG -3.22 +/-  0.13
point      6 -      7,   DG -3.79 +/-  0.16
point      7 -      8,   DG -4.41 +/-  0.03
point      8 -      9,   DG -4.55 +/-  0.02
point      9 -     10,   DG -4.73 +/-  0.04
point     10 -     11,   DG -0.23 +/-  0.08
point     11 -     12,   DG -1.04 +/-  0.04
point     12 -     13,   DG -1.74 +/-  0.14
point     13 -     14,   DG -2.07 +/-  0.14
point     14 -     15,   DG -2.05 +/-  0.24

total      0 -     15,   DG -25.40 +/-  1.97

