
md10.edr: 0.0 - 20001.0; lambda = (0, 0.9)
    foreign lambdas:
        delta H to (0, 0.8) (20001 pts)
        delta H to (0, 0.9) (20001 pts)
        delta H to (0, 1) (20001 pts)



md11.edr: 0.0 - 20001.0; lambda = (0, 1)
    foreign lambdas:
        delta H to (0, 0.9) (20001 pts)
        delta H to (0, 1) (20001 pts)
        delta H to (0.2, 1) (20001 pts)



md12.edr: 0.0 - 20001.0; lambda = (0.2, 1)
    foreign lambdas:
        delta H to (0, 1) (20001 pts)
        delta H to (0.2, 1) (20001 pts)
        delta H to (0.4, 1) (20001 pts)



md13.edr: 0.0 - 20001.0; lambda = (0.4, 1)
    foreign lambdas:
        delta H to (0.2, 1) (20001 pts)
        delta H to (0.4, 1) (20001 pts)
        delta H to (0.6, 1) (20001 pts)



md14.edr: 0.0 - 20001.0; lambda = (0.6, 1)
    foreign lambdas:
        delta H to (0.4, 1) (20001 pts)
        delta H to (0.6, 1) (20001 pts)
        delta H to (0.8, 1) (20001 pts)



md15.edr: 0.0 - 20001.0; lambda = (0.8, 1)
    foreign lambdas:
        delta H to (0.6, 1) (20001 pts)
        delta H to (0.8, 1) (20001 pts)
        delta H to (1, 1) (20001 pts)



md16.edr: 0.0 - 20001.0; lambda = (1, 1)
    foreign lambdas:
        delta H to (0.8, 1) (20001 pts)
        delta H to (1, 1) (20001 pts)



md1.edr: 0.0 - 20001.0; lambda = (0, 0)
    foreign lambdas:
        delta H to (0, 0) (20001 pts)
        delta H to (0, 0.1) (20001 pts)



md2.edr: 0.0 - 20001.0; lambda = (0, 0.1)
    foreign lambdas:
        delta H to (0, 0) (20001 pts)
        delta H to (0, 0.1) (20001 pts)
        delta H to (0, 0.2) (20001 pts)



md3.edr: 0.0 - 20001.0; lambda = (0, 0.2)
    foreign lambdas:
        delta H to (0, 0.1) (20001 pts)
        delta H to (0, 0.2) (20001 pts)
        delta H to (0, 0.3) (20001 pts)



md4.edr: 0.0 - 20001.0; lambda = (0, 0.3)
    foreign lambdas:
        delta H to (0, 0.2) (20001 pts)
        delta H to (0, 0.3) (20001 pts)
        delta H to (0, 0.4) (20001 pts)



md5.edr: 0.0 - 20001.0; lambda = (0, 0.4)
    foreign lambdas:
        delta H to (0, 0.3) (20001 pts)
        delta H to (0, 0.4) (20001 pts)
        delta H to (0, 0.5) (20001 pts)



md6.edr: 0.0 - 20001.0; lambda = (0, 0.5)
    foreign lambdas:
        delta H to (0, 0.4) (20001 pts)
        delta H to (0, 0.5) (20001 pts)
        delta H to (0, 0.6) (20001 pts)



md7.edr: 0.0 - 20001.0; lambda = (0, 0.6)
    foreign lambdas:
        delta H to (0, 0.5) (20001 pts)
        delta H to (0, 0.6) (20001 pts)
        delta H to (0, 0.7) (20001 pts)



md8.edr: 0.0 - 20001.0; lambda = (0, 0.7)
    foreign lambdas:
        delta H to (0, 0.6) (20001 pts)
        delta H to (0, 0.7) (20001 pts)
        delta H to (0, 0.8) (20001 pts)



md9.edr: 0.0 - 20001.0; lambda = (0, 0.8)
    foreign lambdas:
        delta H to (0, 0.7) (20001 pts)
        delta H to (0, 0.8) (20001 pts)
        delta H to (0, 0.9) (20001 pts)



   Samples in time interval: 0.000 - 20001.000
Removing samples outside of: 0.000 - 1000.000

Temperature: 298.15 K

Detailed results in kT (see help for explanation):

 lam_A  lam_B      DG   +/-     s_A   +/-     s_B   +/-   stdev   +/- 
     0      1    1.04  0.02    0.13  0.02    0.15  0.02    0.58  0.01
     1      2    3.09  0.04    0.67  0.04    0.79  0.06    1.23  0.02
     2      3    3.40  0.08    2.54  0.08    2.13  0.11    2.61  0.05
     3      4    1.32  0.02    2.71  0.10    1.50  0.05    2.11  0.03
     4      5    0.15  0.04    1.24  0.07    0.72  0.03    1.47  0.03
     5      6   -0.39  0.01    1.08  0.06    0.63  0.02    1.20  0.03
     6      7   -0.78  0.01    0.63  0.02    0.42  0.01    0.98  0.01
     7      8   -0.97  0.02    0.48  0.01    0.31  0.01    0.86  0.01
     8      9   -1.07  0.02    0.43  0.01    0.30  0.02    0.82  0.01
     9     10   -1.15  0.01    0.33  0.01    0.22  0.01    0.77  0.01
    10     11   -0.26  0.01    0.31  0.01    0.32  0.01    0.78  0.01
    11     12   -0.93  0.02    0.35  0.01    0.40  0.01    0.89  0.01
    12     13   -1.92  0.04    0.59  0.02    0.66  0.03    1.11  0.01
    13     14   -3.24  0.05    0.67  0.01    0.71  0.01    1.21  0.01
    14     15   -4.77  0.02    0.81  0.04    0.82  0.03    1.33  0.01


Final results in kJ/mol:

point      0 -      1,   DG  2.59 +/-  0.04
point      1 -      2,   DG  7.66 +/-  0.11
point      2 -      3,   DG  8.43 +/-  0.19
point      3 -      4,   DG  3.27 +/-  0.06
point      4 -      5,   DG  0.38 +/-  0.11
point      5 -      6,   DG -0.98 +/-  0.03
point      6 -      7,   DG -1.94 +/-  0.03
point      7 -      8,   DG -2.41 +/-  0.05
point      8 -      9,   DG -2.66 +/-  0.04
point      9 -     10,   DG -2.86 +/-  0.03
point     10 -     11,   DG -0.64 +/-  0.04
point     11 -     12,   DG -2.30 +/-  0.05
point     12 -     13,   DG -4.75 +/-  0.10
point     13 -     14,   DG -8.04 +/-  0.12
point     14 -     15,   DG -11.82 +/-  0.06

total      0 -     15,   DG -16.07 +/-  0.38

