
md10.edr: 0.0 - 20001.0; lambda = (0, 0.9)
    foreign lambdas:
        delta H to (0, 0.8) (20001 pts)
        delta H to (0, 0.9) (20001 pts)
        delta H to (0, 1) (20001 pts)



md11.edr: 0.0 - 20001.0; lambda = (0, 1)
    foreign lambdas:
        delta H to (0, 0.9) (20001 pts)
        delta H to (0, 1) (20001 pts)
        delta H to (0.2, 1) (20001 pts)



md12.edr: 0.0 - 20001.0; lambda = (0.2, 1)
    foreign lambdas:
        delta H to (0, 1) (20001 pts)
        delta H to (0.2, 1) (20001 pts)
        delta H to (0.4, 1) (20001 pts)



md13.edr: 0.0 - 20001.0; lambda = (0.4, 1)
    foreign lambdas:
        delta H to (0.2, 1) (20001 pts)
        delta H to (0.4, 1) (20001 pts)
        delta H to (0.6, 1) (20001 pts)



md14.edr: 0.0 - 20001.0; lambda = (0.6, 1)
    foreign lambdas:
        delta H to (0.4, 1) (20001 pts)
        delta H to (0.6, 1) (20001 pts)
        delta H to (0.8, 1) (20001 pts)



md15.edr: 0.0 - 20001.0; lambda = (0.8, 1)
    foreign lambdas:
        delta H to (0.6, 1) (20001 pts)
        delta H to (0.8, 1) (20001 pts)
        delta H to (1, 1) (20001 pts)



md16.edr: 0.0 - 20001.0; lambda = (1, 1)
    foreign lambdas:
        delta H to (0.8, 1) (20001 pts)
        delta H to (1, 1) (20001 pts)



md1.edr: 0.0 - 20001.0; lambda = (0, 0)
    foreign lambdas:
        delta H to (0, 0) (20001 pts)
        delta H to (0, 0.1) (20001 pts)



md2.edr: 0.0 - 20001.0; lambda = (0, 0.1)
    foreign lambdas:
        delta H to (0, 0) (20001 pts)
        delta H to (0, 0.1) (20001 pts)
        delta H to (0, 0.2) (20001 pts)



md3.edr: 0.0 - 20001.0; lambda = (0, 0.2)
    foreign lambdas:
        delta H to (0, 0.1) (20001 pts)
        delta H to (0, 0.2) (20001 pts)
        delta H to (0, 0.3) (20001 pts)



md4.edr: 0.0 - 20001.0; lambda = (0, 0.3)
    foreign lambdas:
        delta H to (0, 0.2) (20001 pts)
        delta H to (0, 0.3) (20001 pts)
        delta H to (0, 0.4) (20001 pts)



md5.edr: 0.0 - 20001.0; lambda = (0, 0.4)
    foreign lambdas:
        delta H to (0, 0.3) (20001 pts)
        delta H to (0, 0.4) (20001 pts)
        delta H to (0, 0.5) (20001 pts)



md6.edr: 0.0 - 20001.0; lambda = (0, 0.5)
    foreign lambdas:
        delta H to (0, 0.4) (20001 pts)
        delta H to (0, 0.5) (20001 pts)
        delta H to (0, 0.6) (20001 pts)



md7.edr: 0.0 - 20001.0; lambda = (0, 0.6)
    foreign lambdas:
        delta H to (0, 0.5) (20001 pts)
        delta H to (0, 0.6) (20001 pts)
        delta H to (0, 0.7) (20001 pts)



md8.edr: 0.0 - 20001.0; lambda = (0, 0.7)
    foreign lambdas:
        delta H to (0, 0.6) (20001 pts)
        delta H to (0, 0.7) (20001 pts)
        delta H to (0, 0.8) (20001 pts)



md9.edr: 0.0 - 20001.0; lambda = (0, 0.8)
    foreign lambdas:
        delta H to (0, 0.7) (20001 pts)
        delta H to (0, 0.8) (20001 pts)
        delta H to (0, 0.9) (20001 pts)



   Samples in time interval: 0.000 - 20001.000
Removing samples outside of: 0.000 - 9000.000

Temperature: 298.15 K

Detailed results in kT (see help for explanation):

 lam_A  lam_B      DG   +/-     s_A   +/-     s_B   +/-   stdev   +/- 
     0      1    1.25  0.13    1.04  0.07    1.07  0.09    1.45  0.05
     1      2    1.44  0.09    2.40  0.16    1.89  0.12    2.37  0.11
     2      3    0.11  0.08    2.20  0.20    1.24  0.10    1.90  0.08
     3      4   -0.65  0.05    1.48  0.05    0.91  0.03    1.54  0.02
     4      5   -1.06  0.02    1.11  0.06    0.70  0.04    1.31  0.02
     5      6   -1.36  0.02    0.96  0.04    0.62  0.02    1.21  0.02
     6      7   -1.57  0.01    0.82  0.02    0.53  0.02    1.12  0.01
     7      8   -1.73  0.01    0.70  0.03    0.43  0.02    1.03  0.01
     8      9   -1.84  0.01    0.64  0.03    0.40  0.02    0.96  0.01
     9     10   -1.96  0.02    0.54  0.01    0.35  0.01    0.89  0.00
    10     11   -0.06  0.01    0.06  0.01    0.06  0.01    0.34  0.02
    11     12   -0.22  0.02    0.10  0.02    0.10  0.02    0.37  0.03
    12     13   -0.37  0.03    0.04  0.04    0.05  0.04    0.40  0.01
    13     14   -0.56  0.05    0.14  0.06    0.17  0.07    0.53  0.04
    14     15   -0.98  0.11    0.25  0.20    0.37  0.23    0.85  0.10


Final results in kJ/mol:

point      0 -      1,   DG  3.10 +/-  0.33
point      1 -      2,   DG  3.57 +/-  0.23
point      2 -      3,   DG  0.27 +/-  0.21
point      3 -      4,   DG -1.60 +/-  0.13
point      4 -      5,   DG -2.63 +/-  0.06
point      5 -      6,   DG -3.36 +/-  0.05
point      6 -      7,   DG -3.89 +/-  0.02
point      7 -      8,   DG -4.29 +/-  0.04
point      8 -      9,   DG -4.56 +/-  0.03
point      9 -     10,   DG -4.85 +/-  0.05
point     10 -     11,   DG -0.16 +/-  0.03
point     11 -     12,   DG -0.55 +/-  0.06
point     12 -     13,   DG -0.91 +/-  0.08
point     13 -     14,   DG -1.38 +/-  0.13
point     14 -     15,   DG -2.42 +/-  0.26

total      0 -     15,   DG -23.67 +/-  0.85

