
md10.edr: 0.0 - 20001.0; lambda = (0, 0.9)
    foreign lambdas:
        delta H to (0, 0.8) (20001 pts)
        delta H to (0, 0.9) (20001 pts)
        delta H to (0, 1) (20001 pts)



md11.edr: 0.0 - 20001.0; lambda = (0, 1)
    foreign lambdas:
        delta H to (0, 0.9) (20001 pts)
        delta H to (0, 1) (20001 pts)
        delta H to (0.2, 1) (20001 pts)



md12.edr: 0.0 - 20001.0; lambda = (0.2, 1)
    foreign lambdas:
        delta H to (0, 1) (20001 pts)
        delta H to (0.2, 1) (20001 pts)
        delta H to (0.4, 1) (20001 pts)



md13.edr: 0.0 - 20001.0; lambda = (0.4, 1)
    foreign lambdas:
        delta H to (0.2, 1) (20001 pts)
        delta H to (0.4, 1) (20001 pts)
        delta H to (0.6, 1) (20001 pts)



md14.edr: 0.0 - 20001.0; lambda = (0.6, 1)
    foreign lambdas:
        delta H to (0.4, 1) (20001 pts)
        delta H to (0.6, 1) (20001 pts)
        delta H to (0.8, 1) (20001 pts)



md15.edr: 0.0 - 20001.0; lambda = (0.8, 1)
    foreign lambdas:
        delta H to (0.6, 1) (20001 pts)
        delta H to (0.8, 1) (20001 pts)
        delta H to (1, 1) (20001 pts)



md16.edr: 0.0 - 20001.0; lambda = (1, 1)
    foreign lambdas:
        delta H to (0.8, 1) (20001 pts)
        delta H to (1, 1) (20001 pts)



md1.edr: 0.0 - 20001.0; lambda = (0, 0)
    foreign lambdas:
        delta H to (0, 0) (20001 pts)
        delta H to (0, 0.1) (20001 pts)



md2.edr: 0.0 - 20001.0; lambda = (0, 0.1)
    foreign lambdas:
        delta H to (0, 0) (20001 pts)
        delta H to (0, 0.1) (20001 pts)
        delta H to (0, 0.2) (20001 pts)



md3.edr: 0.0 - 20001.0; lambda = (0, 0.2)
    foreign lambdas:
        delta H to (0, 0.1) (20001 pts)
        delta H to (0, 0.2) (20001 pts)
        delta H to (0, 0.3) (20001 pts)



md4.edr: 0.0 - 20001.0; lambda = (0, 0.3)
    foreign lambdas:
        delta H to (0, 0.2) (20001 pts)
        delta H to (0, 0.3) (20001 pts)
        delta H to (0, 0.4) (20001 pts)



md5.edr: 0.0 - 20001.0; lambda = (0, 0.4)
    foreign lambdas:
        delta H to (0, 0.3) (20001 pts)
        delta H to (0, 0.4) (20001 pts)
        delta H to (0, 0.5) (20001 pts)



md6.edr: 0.0 - 20001.0; lambda = (0, 0.5)
    foreign lambdas:
        delta H to (0, 0.4) (20001 pts)
        delta H to (0, 0.5) (20001 pts)
        delta H to (0, 0.6) (20001 pts)



md7.edr: 0.0 - 20001.0; lambda = (0, 0.6)
    foreign lambdas:
        delta H to (0, 0.5) (20001 pts)
        delta H to (0, 0.6) (20001 pts)
        delta H to (0, 0.7) (20001 pts)



md8.edr: 0.0 - 20001.0; lambda = (0, 0.7)
    foreign lambdas:
        delta H to (0, 0.6) (20001 pts)
        delta H to (0, 0.7) (20001 pts)
        delta H to (0, 0.8) (20001 pts)



md9.edr: 0.0 - 20001.0; lambda = (0, 0.8)
    foreign lambdas:
        delta H to (0, 0.7) (20001 pts)
        delta H to (0, 0.8) (20001 pts)
        delta H to (0, 0.9) (20001 pts)



   Samples in time interval: 0.000 - 20001.000
Removing samples outside of: 0.000 - 15000.000

Temperature: 298.15 K

Detailed results in kT (see help for explanation):

 lam_A  lam_B      DG   +/-     s_A   +/-     s_B   +/-   stdev   +/- 
     0      1    1.18  0.10    0.89  0.12    0.92  0.12    1.37  0.06
     1      2    1.53  0.11    2.52  0.12    1.97  0.10    2.44  0.09
     2      3    0.13  0.07    2.20  0.16    1.27  0.09    1.91  0.08
     3      4   -0.66  0.04    1.52  0.05    0.94  0.03    1.55  0.02
     4      5   -1.08  0.01    1.06  0.03    0.67  0.02    1.29  0.01
     5      6   -1.34  0.01    0.95  0.03    0.62  0.01    1.21  0.01
     6      7   -1.55  0.02    0.81  0.03    0.52  0.02    1.12  0.01
     7      8   -1.70  0.02    0.70  0.02    0.43  0.02    1.03  0.01
     8      9   -1.83  0.01    0.63  0.01    0.40  0.01    0.96  0.01
     9     10   -1.96  0.02    0.53  0.01    0.35  0.01    0.89  0.01
    10     11   -0.06  0.01    0.07  0.01    0.06  0.01    0.34  0.02
    11     12   -0.21  0.01    0.08  0.02    0.08  0.01    0.37  0.02
    12     13   -0.34  0.03    0.05  0.03    0.06  0.03    0.40  0.02
    13     14   -0.51  0.04    0.11  0.03    0.14  0.04    0.51  0.03
    14     15   -0.93  0.07    0.27  0.09    0.39  0.10    0.85  0.03


Final results in kJ/mol:

point      0 -      1,   DG  2.94 +/-  0.26
point      1 -      2,   DG  3.78 +/-  0.27
point      2 -      3,   DG  0.33 +/-  0.17
point      3 -      4,   DG -1.63 +/-  0.09
point      4 -      5,   DG -2.67 +/-  0.03
point      5 -      6,   DG -3.33 +/-  0.03
point      6 -      7,   DG -3.85 +/-  0.06
point      7 -      8,   DG -4.22 +/-  0.05
point      8 -      9,   DG -4.55 +/-  0.03
point      9 -     10,   DG -4.86 +/-  0.05
point     10 -     11,   DG -0.16 +/-  0.02
point     11 -     12,   DG -0.51 +/-  0.03
point     12 -     13,   DG -0.84 +/-  0.07
point     13 -     14,   DG -1.27 +/-  0.10
point     14 -     15,   DG -2.30 +/-  0.16

total      0 -     15,   DG -23.14 +/-  0.76

