
md10.edr: 0.0 - 20001.0; lambda = (0, 0.9)
    foreign lambdas:
        delta H to (0, 0.8) (20001 pts)
        delta H to (0, 0.9) (20001 pts)
        delta H to (0, 1) (20001 pts)



md11.edr: 0.0 - 20001.0; lambda = (0, 1)
    foreign lambdas:
        delta H to (0, 0.9) (20001 pts)
        delta H to (0, 1) (20001 pts)
        delta H to (0.2, 1) (20001 pts)



md12.edr: 0.0 - 20001.0; lambda = (0.2, 1)
    foreign lambdas:
        delta H to (0, 1) (20001 pts)
        delta H to (0.2, 1) (20001 pts)
        delta H to (0.4, 1) (20001 pts)



md13.edr: 0.0 - 20001.0; lambda = (0.4, 1)
    foreign lambdas:
        delta H to (0.2, 1) (20001 pts)
        delta H to (0.4, 1) (20001 pts)
        delta H to (0.6, 1) (20001 pts)



md14.edr: 0.0 - 20001.0; lambda = (0.6, 1)
    foreign lambdas:
        delta H to (0.4, 1) (20001 pts)
        delta H to (0.6, 1) (20001 pts)
        delta H to (0.8, 1) (20001 pts)



md15.edr: 0.0 - 20001.0; lambda = (0.8, 1)
    foreign lambdas:
        delta H to (0.6, 1) (20001 pts)
        delta H to (0.8, 1) (20001 pts)
        delta H to (1, 1) (20001 pts)



md16.edr: 0.0 - 20001.0; lambda = (1, 1)
    foreign lambdas:
        delta H to (0.8, 1) (20001 pts)
        delta H to (1, 1) (20001 pts)



md1.edr: 0.0 - 20001.0; lambda = (0, 0)
    foreign lambdas:
        delta H to (0, 0) (20001 pts)
        delta H to (0, 0.1) (20001 pts)



md2.edr: 0.0 - 20001.0; lambda = (0, 0.1)
    foreign lambdas:
        delta H to (0, 0) (20001 pts)
        delta H to (0, 0.1) (20001 pts)
        delta H to (0, 0.2) (20001 pts)



md3.edr: 0.0 - 20001.0; lambda = (0, 0.2)
    foreign lambdas:
        delta H to (0, 0.1) (20001 pts)
        delta H to (0, 0.2) (20001 pts)
        delta H to (0, 0.3) (20001 pts)



md4.edr: 0.0 - 20001.0; lambda = (0, 0.3)
    foreign lambdas:
        delta H to (0, 0.2) (20001 pts)
        delta H to (0, 0.3) (20001 pts)
        delta H to (0, 0.4) (20001 pts)



md5.edr: 0.0 - 20001.0; lambda = (0, 0.4)
    foreign lambdas:
        delta H to (0, 0.3) (20001 pts)
        delta H to (0, 0.4) (20001 pts)
        delta H to (0, 0.5) (20001 pts)



md6.edr: 0.0 - 20001.0; lambda = (0, 0.5)
    foreign lambdas:
        delta H to (0, 0.4) (20001 pts)
        delta H to (0, 0.5) (20001 pts)
        delta H to (0, 0.6) (20001 pts)



md7.edr: 0.0 - 20001.0; lambda = (0, 0.6)
    foreign lambdas:
        delta H to (0, 0.5) (20001 pts)
        delta H to (0, 0.6) (20001 pts)
        delta H to (0, 0.7) (20001 pts)



md8.edr: 0.0 - 20001.0; lambda = (0, 0.7)
    foreign lambdas:
        delta H to (0, 0.6) (20001 pts)
        delta H to (0, 0.7) (20001 pts)
        delta H to (0, 0.8) (20001 pts)



md9.edr: 0.0 - 20001.0; lambda = (0, 0.8)
    foreign lambdas:
        delta H to (0, 0.7) (20001 pts)
        delta H to (0, 0.8) (20001 pts)
        delta H to (0, 0.9) (20001 pts)



   Samples in time interval: 0.000 - 20001.000
Removing samples outside of: 0.000 - 2000.000

Temperature: 298.15 K

Detailed results in kT (see help for explanation):

 lam_A  lam_B      DG   +/-     s_A   +/-     s_B   +/-   stdev   +/- 
     0      1    0.93  0.11    0.82  0.08    0.85  0.09    1.32  0.05
     1      2    1.23  0.04    2.51  0.10    1.91  0.05    2.37  0.06
     2      3   -0.04  0.06    1.84  0.10    1.06  0.03    1.76  0.02
     3      4   -0.59  0.04    1.43  0.13    0.88  0.06    1.54  0.05
     4      5   -0.99  0.07    1.24  0.03    0.77  0.02    1.36  0.02
     5      6   -1.36  0.05    0.91  0.06    0.62  0.04    1.19  0.03
     6      7   -1.54  0.04    0.85  0.03    0.56  0.02    1.14  0.02
     7      8   -1.73  0.05    0.62  0.06    0.39  0.05    1.01  0.03
     8      9   -1.85  0.03    0.69  0.06    0.43  0.04    0.98  0.02
     9     10   -1.96  0.02    0.56  0.03    0.36  0.02    0.90  0.01
    10     11   -0.07  0.02    0.05  0.01    0.05  0.01    0.29  0.02
    11     12   -0.16  0.02    0.04  0.02    0.04  0.02    0.29  0.01
    12     13   -0.34  0.04    0.14  0.06    0.15  0.06    0.38  0.04
    13     14   -0.58  0.07    0.09  0.12    0.11  0.12    0.50  0.05
    14     15   -1.10  0.17    0.41  0.11    0.48  0.12    0.82  0.06


Final results in kJ/mol:

point      0 -      1,   DG  2.30 +/-  0.28
point      1 -      2,   DG  3.05 +/-  0.10
point      2 -      3,   DG -0.10 +/-  0.14
point      3 -      4,   DG -1.46 +/-  0.10
point      4 -      5,   DG -2.45 +/-  0.17
point      5 -      6,   DG -3.38 +/-  0.12
point      6 -      7,   DG -3.83 +/-  0.10
point      7 -      8,   DG -4.29 +/-  0.12
point      8 -      9,   DG -4.58 +/-  0.07
point      9 -     10,   DG -4.87 +/-  0.05
point     10 -     11,   DG -0.17 +/-  0.04
point     11 -     12,   DG -0.39 +/-  0.05
point     12 -     13,   DG -0.85 +/-  0.10
point     13 -     14,   DG -1.45 +/-  0.18
point     14 -     15,   DG -2.74 +/-  0.43

total      0 -     15,   DG -25.19 +/-  1.05

