
md10.edr: 0.0 - 20001.0; lambda = (0, 0.9)
    foreign lambdas:
        delta H to (0, 0.8) (20001 pts)
        delta H to (0, 0.9) (20001 pts)
        delta H to (0, 1) (20001 pts)



md11.edr: 0.0 - 20001.0; lambda = (0, 1)
    foreign lambdas:
        delta H to (0, 0.9) (20001 pts)
        delta H to (0, 1) (20001 pts)
        delta H to (0.2, 1) (20001 pts)



md12.edr: 0.0 - 20001.0; lambda = (0.2, 1)
    foreign lambdas:
        delta H to (0, 1) (20001 pts)
        delta H to (0.2, 1) (20001 pts)
        delta H to (0.4, 1) (20001 pts)



md13.edr: 0.0 - 20001.0; lambda = (0.4, 1)
    foreign lambdas:
        delta H to (0.2, 1) (20001 pts)
        delta H to (0.4, 1) (20001 pts)
        delta H to (0.6, 1) (20001 pts)



md14.edr: 0.0 - 20001.0; lambda = (0.6, 1)
    foreign lambdas:
        delta H to (0.4, 1) (20001 pts)
        delta H to (0.6, 1) (20001 pts)
        delta H to (0.8, 1) (20001 pts)



md15.edr: 0.0 - 20001.0; lambda = (0.8, 1)
    foreign lambdas:
        delta H to (0.6, 1) (20001 pts)
        delta H to (0.8, 1) (20001 pts)
        delta H to (1, 1) (20001 pts)



md16.edr: 0.0 - 20001.0; lambda = (1, 1)
    foreign lambdas:
        delta H to (0.8, 1) (20001 pts)
        delta H to (1, 1) (20001 pts)



md1.edr: 0.0 - 20001.0; lambda = (0, 0)
    foreign lambdas:
        delta H to (0, 0) (20001 pts)
        delta H to (0, 0.1) (20001 pts)



md2.edr: 0.0 - 20001.0; lambda = (0, 0.1)
    foreign lambdas:
        delta H to (0, 0) (20001 pts)
        delta H to (0, 0.1) (20001 pts)
        delta H to (0, 0.2) (20001 pts)



md3.edr: 0.0 - 20001.0; lambda = (0, 0.2)
    foreign lambdas:
        delta H to (0, 0.1) (20001 pts)
        delta H to (0, 0.2) (20001 pts)
        delta H to (0, 0.3) (20001 pts)



md4.edr: 0.0 - 20001.0; lambda = (0, 0.3)
    foreign lambdas:
        delta H to (0, 0.2) (20001 pts)
        delta H to (0, 0.3) (20001 pts)
        delta H to (0, 0.4) (20001 pts)



md5.edr: 0.0 - 20001.0; lambda = (0, 0.4)
    foreign lambdas:
        delta H to (0, 0.3) (20001 pts)
        delta H to (0, 0.4) (20001 pts)
        delta H to (0, 0.5) (20001 pts)



md6.edr: 0.0 - 20001.0; lambda = (0, 0.5)
    foreign lambdas:
        delta H to (0, 0.4) (20001 pts)
        delta H to (0, 0.5) (20001 pts)
        delta H to (0, 0.6) (20001 pts)



md7.edr: 0.0 - 20001.0; lambda = (0, 0.6)
    foreign lambdas:
        delta H to (0, 0.5) (20001 pts)
        delta H to (0, 0.6) (20001 pts)
        delta H to (0, 0.7) (20001 pts)



md8.edr: 0.0 - 20001.0; lambda = (0, 0.7)
    foreign lambdas:
        delta H to (0, 0.6) (20001 pts)
        delta H to (0, 0.7) (20001 pts)
        delta H to (0, 0.8) (20001 pts)



md9.edr: 0.0 - 20001.0; lambda = (0, 0.8)
    foreign lambdas:
        delta H to (0, 0.7) (20001 pts)
        delta H to (0, 0.8) (20001 pts)
        delta H to (0, 0.9) (20001 pts)



   Samples in time interval: 0.000 - 20001.000
Removing samples outside of: 0.000 - 1000.000

Temperature: 298.15 K

Detailed results in kT (see help for explanation):

 lam_A  lam_B      DG   +/-     s_A   +/-     s_B   +/-   stdev   +/- 
     0      1    0.83  0.09    0.62  0.10    0.67  0.11    1.19  0.09
     1      2    1.20  0.12    2.66  0.20    2.00  0.17    2.47  0.14
     2      3   -0.10  0.08    1.69  0.13    1.01  0.07    1.74  0.06
     3      4   -0.64  0.02    1.56  0.08    0.94  0.05    1.58  0.05
     4      5   -1.08  0.04    1.19  0.08    0.73  0.03    1.32  0.02
     5      6   -1.38  0.08    0.87  0.04    0.60  0.04    1.17  0.03
     6      7   -1.52  0.09    0.88  0.11    0.58  0.07    1.13  0.06
     7      8   -1.71  0.05    0.55  0.07    0.34  0.06    0.98  0.03
     8      9   -1.82  0.05    0.73  0.04    0.45  0.02    0.98  0.01
     9     10   -1.96  0.04    0.55  0.03    0.37  0.02    0.91  0.02
    10     11   -0.06  0.04    0.05  0.03    0.05  0.03    0.32  0.03
    11     12   -0.15  0.05    0.03  0.03    0.03  0.03    0.30  0.03
    12     13   -0.31  0.04    0.14  0.08    0.15  0.08    0.36  0.05
    13     14   -0.71  0.02    0.25  0.13    0.27  0.14    0.56  0.05
    14     15   -1.44  0.07    0.47  0.14    0.51  0.15    0.80  0.09


Final results in kJ/mol:

point      0 -      1,   DG  2.05 +/-  0.21
point      1 -      2,   DG  2.98 +/-  0.29
point      2 -      3,   DG -0.25 +/-  0.19
point      3 -      4,   DG -1.58 +/-  0.05
point      4 -      5,   DG -2.67 +/-  0.09
point      5 -      6,   DG -3.42 +/-  0.19
point      6 -      7,   DG -3.78 +/-  0.22
point      7 -      8,   DG -4.24 +/-  0.14
point      8 -      9,   DG -4.52 +/-  0.12
point      9 -     10,   DG -4.87 +/-  0.10
point     10 -     11,   DG -0.15 +/-  0.10
point     11 -     12,   DG -0.36 +/-  0.13
point     12 -     13,   DG -0.78 +/-  0.09
point     13 -     14,   DG -1.76 +/-  0.05
point     14 -     15,   DG -3.58 +/-  0.17

total      0 -     15,   DG -26.92 +/-  0.48

