
md10.edr: 0.0 - 20001.0; lambda = (0, 0.9)
    foreign lambdas:
        delta H to (0, 0.8) (20001 pts)
        delta H to (0, 0.9) (20001 pts)
        delta H to (0, 1) (20001 pts)



md11.edr: 0.0 - 20001.0; lambda = (0, 1)
    foreign lambdas:
        delta H to (0, 0.9) (20001 pts)
        delta H to (0, 1) (20001 pts)
        delta H to (0.2, 1) (20001 pts)



md12.edr: 0.0 - 20001.0; lambda = (0.2, 1)
    foreign lambdas:
        delta H to (0, 1) (20001 pts)
        delta H to (0.2, 1) (20001 pts)
        delta H to (0.4, 1) (20001 pts)



md13.edr: 0.0 - 20001.0; lambda = (0.4, 1)
    foreign lambdas:
        delta H to (0.2, 1) (20001 pts)
        delta H to (0.4, 1) (20001 pts)
        delta H to (0.6, 1) (20001 pts)



md14.edr: 0.0 - 20001.0; lambda = (0.6, 1)
    foreign lambdas:
        delta H to (0.4, 1) (20001 pts)
        delta H to (0.6, 1) (20001 pts)
        delta H to (0.8, 1) (20001 pts)



md15.edr: 0.0 - 20001.0; lambda = (0.8, 1)
    foreign lambdas:
        delta H to (0.6, 1) (20001 pts)
        delta H to (0.8, 1) (20001 pts)
        delta H to (1, 1) (20001 pts)



md16.edr: 0.0 - 20001.0; lambda = (1, 1)
    foreign lambdas:
        delta H to (0.8, 1) (20001 pts)
        delta H to (1, 1) (20001 pts)



md1.edr: 0.0 - 20001.0; lambda = (0, 0)
    foreign lambdas:
        delta H to (0, 0) (20001 pts)
        delta H to (0, 0.1) (20001 pts)



md2.edr: 0.0 - 20001.0; lambda = (0, 0.1)
    foreign lambdas:
        delta H to (0, 0) (20001 pts)
        delta H to (0, 0.1) (20001 pts)
        delta H to (0, 0.2) (20001 pts)



md3.edr: 0.0 - 20001.0; lambda = (0, 0.2)
    foreign lambdas:
        delta H to (0, 0.1) (20001 pts)
        delta H to (0, 0.2) (20001 pts)
        delta H to (0, 0.3) (20001 pts)



md4.edr: 0.0 - 20001.0; lambda = (0, 0.3)
    foreign lambdas:
        delta H to (0, 0.2) (20001 pts)
        delta H to (0, 0.3) (20001 pts)
        delta H to (0, 0.4) (20001 pts)



md5.edr: 0.0 - 20001.0; lambda = (0, 0.4)
    foreign lambdas:
        delta H to (0, 0.3) (20001 pts)
        delta H to (0, 0.4) (20001 pts)
        delta H to (0, 0.5) (20001 pts)



md6.edr: 0.0 - 20001.0; lambda = (0, 0.5)
    foreign lambdas:
        delta H to (0, 0.4) (20001 pts)
        delta H to (0, 0.5) (20001 pts)
        delta H to (0, 0.6) (20001 pts)



md7.edr: 0.0 - 20001.0; lambda = (0, 0.6)
    foreign lambdas:
        delta H to (0, 0.5) (20001 pts)
        delta H to (0, 0.6) (20001 pts)
        delta H to (0, 0.7) (20001 pts)



md8.edr: 0.0 - 20001.0; lambda = (0, 0.7)
    foreign lambdas:
        delta H to (0, 0.6) (20001 pts)
        delta H to (0, 0.7) (20001 pts)
        delta H to (0, 0.8) (20001 pts)



md9.edr: 0.0 - 20001.0; lambda = (0, 0.8)
    foreign lambdas:
        delta H to (0, 0.7) (20001 pts)
        delta H to (0, 0.8) (20001 pts)
        delta H to (0, 0.9) (20001 pts)



   Samples in time interval: 0.000 - 20001.000
Removing samples outside of: 0.000 - 12000.000

Temperature: 298.15 K

Detailed results in kT (see help for explanation):

 lam_A  lam_B      DG   +/-     s_A   +/-     s_B   +/-   stdev   +/- 
     0      1    1.21  0.12    0.95  0.09    0.98  0.09    1.40  0.05
     1      2    1.45  0.09    2.49  0.18    1.94  0.12    2.42  0.12
     2      3    0.10  0.06    2.15  0.16    1.23  0.07    1.89  0.06
     3      4   -0.67  0.04    1.50  0.05    0.92  0.02    1.55  0.02
     4      5   -1.07  0.02    1.08  0.04    0.67  0.03    1.30  0.02
     5      6   -1.34  0.01    0.94  0.02    0.61  0.01    1.20  0.01
     6      7   -1.54  0.02    0.83  0.03    0.53  0.02    1.13  0.01
     7      8   -1.70  0.02    0.71  0.03    0.44  0.02    1.03  0.01
     8      9   -1.84  0.01    0.63  0.01    0.40  0.01    0.96  0.00
     9     10   -1.96  0.01    0.54  0.01    0.35  0.01    0.89  0.00
    10     11   -0.07  0.01    0.06  0.01    0.05  0.01    0.33  0.02
    11     12   -0.21  0.02    0.09  0.01    0.09  0.01    0.37  0.02
    12     13   -0.34  0.02    0.03  0.03    0.04  0.03    0.39  0.01
    13     14   -0.51  0.05    0.13  0.03    0.16  0.03    0.51  0.03
    14     15   -0.94  0.11    0.26  0.14    0.39  0.16    0.85  0.08


Final results in kJ/mol:

point      0 -      1,   DG  3.00 +/-  0.30
point      1 -      2,   DG  3.61 +/-  0.23
point      2 -      3,   DG  0.24 +/-  0.14
point      3 -      4,   DG -1.65 +/-  0.09
point      4 -      5,   DG -2.66 +/-  0.06
point      5 -      6,   DG -3.33 +/-  0.04
point      6 -      7,   DG -3.82 +/-  0.05
point      7 -      8,   DG -4.23 +/-  0.05
point      8 -      9,   DG -4.56 +/-  0.03
point      9 -     10,   DG -4.86 +/-  0.03
point     10 -     11,   DG -0.17 +/-  0.02
point     11 -     12,   DG -0.53 +/-  0.04
point     12 -     13,   DG -0.84 +/-  0.06
point     13 -     14,   DG -1.26 +/-  0.13
point     14 -     15,   DG -2.32 +/-  0.27

total      0 -     15,   DG -23.38 +/-  0.77

