
md10.edr: 0.0 - 20001.0; lambda = (0, 0.9)
    foreign lambdas:
        delta H to (0, 0.8) (20001 pts)
        delta H to (0, 0.9) (20001 pts)
        delta H to (0, 1) (20001 pts)



md11.edr: 0.0 - 20001.0; lambda = (0, 1)
    foreign lambdas:
        delta H to (0, 0.9) (20001 pts)
        delta H to (0, 1) (20001 pts)
        delta H to (0.2, 1) (20001 pts)



md12.edr: 0.0 - 20001.0; lambda = (0.2, 1)
    foreign lambdas:
        delta H to (0, 1) (20001 pts)
        delta H to (0.2, 1) (20001 pts)
        delta H to (0.4, 1) (20001 pts)



md13.edr: 0.0 - 20001.0; lambda = (0.4, 1)
    foreign lambdas:
        delta H to (0.2, 1) (20001 pts)
        delta H to (0.4, 1) (20001 pts)
        delta H to (0.6, 1) (20001 pts)



md14.edr: 0.0 - 20001.0; lambda = (0.6, 1)
    foreign lambdas:
        delta H to (0.4, 1) (20001 pts)
        delta H to (0.6, 1) (20001 pts)
        delta H to (0.8, 1) (20001 pts)



md15.edr: 0.0 - 20001.0; lambda = (0.8, 1)
    foreign lambdas:
        delta H to (0.6, 1) (20001 pts)
        delta H to (0.8, 1) (20001 pts)
        delta H to (1, 1) (20001 pts)



md16.edr: 0.0 - 20001.0; lambda = (1, 1)
    foreign lambdas:
        delta H to (0.8, 1) (20001 pts)
        delta H to (1, 1) (20001 pts)



md1.edr: 0.0 - 20001.0; lambda = (0, 0)
    foreign lambdas:
        delta H to (0, 0) (20001 pts)
        delta H to (0, 0.1) (20001 pts)



md2.edr: 0.0 - 20001.0; lambda = (0, 0.1)
    foreign lambdas:
        delta H to (0, 0) (20001 pts)
        delta H to (0, 0.1) (20001 pts)
        delta H to (0, 0.2) (20001 pts)



md3.edr: 0.0 - 20001.0; lambda = (0, 0.2)
    foreign lambdas:
        delta H to (0, 0.1) (20001 pts)
        delta H to (0, 0.2) (20001 pts)
        delta H to (0, 0.3) (20001 pts)



md4.edr: 0.0 - 20001.0; lambda = (0, 0.3)
    foreign lambdas:
        delta H to (0, 0.2) (20001 pts)
        delta H to (0, 0.3) (20001 pts)
        delta H to (0, 0.4) (20001 pts)



md5.edr: 0.0 - 20001.0; lambda = (0, 0.4)
    foreign lambdas:
        delta H to (0, 0.3) (20001 pts)
        delta H to (0, 0.4) (20001 pts)
        delta H to (0, 0.5) (20001 pts)



md6.edr: 0.0 - 20001.0; lambda = (0, 0.5)
    foreign lambdas:
        delta H to (0, 0.4) (20001 pts)
        delta H to (0, 0.5) (20001 pts)
        delta H to (0, 0.6) (20001 pts)



md7.edr: 0.0 - 20001.0; lambda = (0, 0.6)
    foreign lambdas:
        delta H to (0, 0.5) (20001 pts)
        delta H to (0, 0.6) (20001 pts)
        delta H to (0, 0.7) (20001 pts)



md8.edr: 0.0 - 20001.0; lambda = (0, 0.7)
    foreign lambdas:
        delta H to (0, 0.6) (20001 pts)
        delta H to (0, 0.7) (20001 pts)
        delta H to (0, 0.8) (20001 pts)



md9.edr: 0.0 - 20001.0; lambda = (0, 0.8)
    foreign lambdas:
        delta H to (0, 0.7) (20001 pts)
        delta H to (0, 0.8) (20001 pts)
        delta H to (0, 0.9) (20001 pts)



   Samples in time interval: 0.000 - 20001.000
Removing samples outside of: 0.000 - 7000.000

Temperature: 298.15 K

Detailed results in kT (see help for explanation):

 lam_A  lam_B      DG   +/-     s_A   +/-     s_B   +/-   stdev   +/- 
     0      1    0.90  0.08    0.94  0.04    0.97  0.05    1.41  0.02
     1      2    1.19  0.10    2.16  0.08    1.65  0.06    2.19  0.05
     2      3   -0.00  0.06    2.30  0.08    1.34  0.06    1.98  0.04
     3      4   -0.77  0.05    1.39  0.06    0.84  0.03    1.49  0.02
     4      5   -1.12  0.04    1.12  0.05    0.71  0.03    1.32  0.02
     5      6   -1.40  0.03    0.92  0.03    0.61  0.03    1.20  0.01
     6      7   -1.59  0.03    0.80  0.04    0.50  0.03    1.12  0.02
     7      8   -1.73  0.02    0.70  0.02    0.44  0.01    1.02  0.02
     8      9   -1.87  0.01    0.63  0.03    0.41  0.02    0.96  0.01
     9     10   -1.98  0.02    0.52  0.02    0.34  0.02    0.89  0.01
    10     11   -0.08  0.02    0.02  0.04    0.02  0.04    0.34  0.02
    11     12   -0.23  0.04    0.12  0.01    0.13  0.01    0.41  0.03
    12     13   -0.59  0.09    0.24  0.08    0.28  0.09    0.59  0.06
    13     14   -0.91  0.10    0.04  0.13    0.09  0.13    0.65  0.06
    14     15   -1.35  0.07    0.35  0.18    0.47  0.20    0.93  0.09


Final results in kJ/mol:

point      0 -      1,   DG  2.23 +/-  0.20
point      1 -      2,   DG  2.96 +/-  0.24
point      2 -      3,   DG -0.00 +/-  0.15
point      3 -      4,   DG -1.92 +/-  0.12
point      4 -      5,   DG -2.77 +/-  0.11
point      5 -      6,   DG -3.48 +/-  0.08
point      6 -      7,   DG -3.93 +/-  0.07
point      7 -      8,   DG -4.28 +/-  0.05
point      8 -      9,   DG -4.64 +/-  0.03
point      9 -     10,   DG -4.91 +/-  0.05
point     10 -     11,   DG -0.20 +/-  0.05
point     11 -     12,   DG -0.56 +/-  0.10
point     12 -     13,   DG -1.47 +/-  0.22
point     13 -     14,   DG -2.26 +/-  0.26
point     14 -     15,   DG -3.35 +/-  0.18

total      0 -     15,   DG -28.58 +/-  0.78

