
md10.edr: 0.0 - 20001.0; lambda = (0, 0.9)
    foreign lambdas:
        delta H to (0, 0.8) (20001 pts)
        delta H to (0, 0.9) (20001 pts)
        delta H to (0, 1) (20001 pts)



md11.edr: 0.0 - 20001.0; lambda = (0, 1)
    foreign lambdas:
        delta H to (0, 0.9) (20001 pts)
        delta H to (0, 1) (20001 pts)
        delta H to (0.2, 1) (20001 pts)



md12.edr: 0.0 - 20001.0; lambda = (0.2, 1)
    foreign lambdas:
        delta H to (0, 1) (20001 pts)
        delta H to (0.2, 1) (20001 pts)
        delta H to (0.4, 1) (20001 pts)



md13.edr: 0.0 - 20001.0; lambda = (0.4, 1)
    foreign lambdas:
        delta H to (0.2, 1) (20001 pts)
        delta H to (0.4, 1) (20001 pts)
        delta H to (0.6, 1) (20001 pts)



md14.edr: 0.0 - 20001.0; lambda = (0.6, 1)
    foreign lambdas:
        delta H to (0.4, 1) (20001 pts)
        delta H to (0.6, 1) (20001 pts)
        delta H to (0.8, 1) (20001 pts)



md15.edr: 0.0 - 20001.0; lambda = (0.8, 1)
    foreign lambdas:
        delta H to (0.6, 1) (20001 pts)
        delta H to (0.8, 1) (20001 pts)
        delta H to (1, 1) (20001 pts)



md16.edr: 0.0 - 20001.0; lambda = (1, 1)
    foreign lambdas:
        delta H to (0.8, 1) (20001 pts)
        delta H to (1, 1) (20001 pts)



md1.edr: 0.0 - 20001.0; lambda = (0, 0)
    foreign lambdas:
        delta H to (0, 0) (20001 pts)
        delta H to (0, 0.1) (20001 pts)



md2.edr: 0.0 - 20001.0; lambda = (0, 0.1)
    foreign lambdas:
        delta H to (0, 0) (20001 pts)
        delta H to (0, 0.1) (20001 pts)
        delta H to (0, 0.2) (20001 pts)



md3.edr: 0.0 - 20001.0; lambda = (0, 0.2)
    foreign lambdas:
        delta H to (0, 0.1) (20001 pts)
        delta H to (0, 0.2) (20001 pts)
        delta H to (0, 0.3) (20001 pts)



md4.edr: 0.0 - 20001.0; lambda = (0, 0.3)
    foreign lambdas:
        delta H to (0, 0.2) (20001 pts)
        delta H to (0, 0.3) (20001 pts)
        delta H to (0, 0.4) (20001 pts)



md5.edr: 0.0 - 20001.0; lambda = (0, 0.4)
    foreign lambdas:
        delta H to (0, 0.3) (20001 pts)
        delta H to (0, 0.4) (20001 pts)
        delta H to (0, 0.5) (20001 pts)



md6.edr: 0.0 - 20001.0; lambda = (0, 0.5)
    foreign lambdas:
        delta H to (0, 0.4) (20001 pts)
        delta H to (0, 0.5) (20001 pts)
        delta H to (0, 0.6) (20001 pts)



md7.edr: 0.0 - 20001.0; lambda = (0, 0.6)
    foreign lambdas:
        delta H to (0, 0.5) (20001 pts)
        delta H to (0, 0.6) (20001 pts)
        delta H to (0, 0.7) (20001 pts)



md8.edr: 0.0 - 20001.0; lambda = (0, 0.7)
    foreign lambdas:
        delta H to (0, 0.6) (20001 pts)
        delta H to (0, 0.7) (20001 pts)
        delta H to (0, 0.8) (20001 pts)



md9.edr: 0.0 - 20001.0; lambda = (0, 0.8)
    foreign lambdas:
        delta H to (0, 0.7) (20001 pts)
        delta H to (0, 0.8) (20001 pts)
        delta H to (0, 0.9) (20001 pts)



   Samples in time interval: 0.000 - 20001.000
Removing samples outside of: 0.000 - 6000.000

Temperature: 298.15 K

Detailed results in kT (see help for explanation):

 lam_A  lam_B      DG   +/-     s_A   +/-     s_B   +/-   stdev   +/- 
     0      1    0.91  0.10    0.95  0.05    0.99  0.06    1.42  0.03
     1      2    1.16  0.17    2.17  0.08    1.64  0.07    2.19  0.06
     2      3   -0.00  0.09    2.26  0.13    1.33  0.09    1.98  0.06
     3      4   -0.76  0.05    1.40  0.04    0.83  0.02    1.49  0.01
     4      5   -1.10  0.05    1.13  0.05    0.72  0.03    1.33  0.02
     5      6   -1.39  0.04    0.93  0.04    0.61  0.03    1.21  0.02
     6      7   -1.59  0.04    0.79  0.04    0.49  0.02    1.11  0.02
     7      8   -1.72  0.02    0.70  0.04    0.44  0.02    1.02  0.02
     8      9   -1.88  0.02    0.65  0.03    0.42  0.02    0.96  0.01
     9     10   -1.99  0.02    0.51  0.02    0.33  0.02    0.89  0.01
    10     11   -0.09  0.02   -0.01  0.03   -0.00  0.03    0.33  0.02
    11     12   -0.21  0.04    0.12  0.03    0.13  0.03    0.40  0.04
    12     13   -0.58  0.11    0.25  0.08    0.29  0.10    0.60  0.07
    13     14   -0.89  0.13    0.02  0.13    0.07  0.13    0.66  0.07
    14     15   -1.41  0.13    0.45  0.21    0.56  0.23    0.97  0.11


Final results in kJ/mol:

point      0 -      1,   DG  2.25 +/-  0.26
point      1 -      2,   DG  2.87 +/-  0.43
point      2 -      3,   DG -0.00 +/-  0.23
point      3 -      4,   DG -1.89 +/-  0.12
point      4 -      5,   DG -2.73 +/-  0.13
point      5 -      6,   DG -3.45 +/-  0.09
point      6 -      7,   DG -3.94 +/-  0.10
point      7 -      8,   DG -4.26 +/-  0.04
point      8 -      9,   DG -4.66 +/-  0.04
point      9 -     10,   DG -4.92 +/-  0.06
point     10 -     11,   DG -0.23 +/-  0.05
point     11 -     12,   DG -0.51 +/-  0.11
point     12 -     13,   DG -1.43 +/-  0.27
point     13 -     14,   DG -2.21 +/-  0.32
point     14 -     15,   DG -3.49 +/-  0.33

total      0 -     15,   DG -28.62 +/-  1.45

