
md10.edr: 0.0 - 20001.0; lambda = (0, 0.9)
    foreign lambdas:
        delta H to (0, 0.8) (20001 pts)
        delta H to (0, 0.9) (20001 pts)
        delta H to (0, 1) (20001 pts)



md11.edr: 0.0 - 20001.0; lambda = (0, 1)
    foreign lambdas:
        delta H to (0, 0.9) (20001 pts)
        delta H to (0, 1) (20001 pts)
        delta H to (0.2, 1) (20001 pts)



md12.edr: 0.0 - 20001.0; lambda = (0.2, 1)
    foreign lambdas:
        delta H to (0, 1) (20001 pts)
        delta H to (0.2, 1) (20001 pts)
        delta H to (0.4, 1) (20001 pts)



md13.edr: 0.0 - 20001.0; lambda = (0.4, 1)
    foreign lambdas:
        delta H to (0.2, 1) (20001 pts)
        delta H to (0.4, 1) (20001 pts)
        delta H to (0.6, 1) (20001 pts)



md14.edr: 0.0 - 20001.0; lambda = (0.6, 1)
    foreign lambdas:
        delta H to (0.4, 1) (20001 pts)
        delta H to (0.6, 1) (20001 pts)
        delta H to (0.8, 1) (20001 pts)



md15.edr: 0.0 - 20001.0; lambda = (0.8, 1)
    foreign lambdas:
        delta H to (0.6, 1) (20001 pts)
        delta H to (0.8, 1) (20001 pts)
        delta H to (1, 1) (20001 pts)



md16.edr: 0.0 - 20001.0; lambda = (1, 1)
    foreign lambdas:
        delta H to (0.8, 1) (20001 pts)
        delta H to (1, 1) (20001 pts)



md1.edr: 0.0 - 20001.0; lambda = (0, 0)
    foreign lambdas:
        delta H to (0, 0) (20001 pts)
        delta H to (0, 0.1) (20001 pts)



md2.edr: 0.0 - 20001.0; lambda = (0, 0.1)
    foreign lambdas:
        delta H to (0, 0) (20001 pts)
        delta H to (0, 0.1) (20001 pts)
        delta H to (0, 0.2) (20001 pts)



md3.edr: 0.0 - 20001.0; lambda = (0, 0.2)
    foreign lambdas:
        delta H to (0, 0.1) (20001 pts)
        delta H to (0, 0.2) (20001 pts)
        delta H to (0, 0.3) (20001 pts)



md4.edr: 0.0 - 20001.0; lambda = (0, 0.3)
    foreign lambdas:
        delta H to (0, 0.2) (20001 pts)
        delta H to (0, 0.3) (20001 pts)
        delta H to (0, 0.4) (20001 pts)



md5.edr: 0.0 - 20001.0; lambda = (0, 0.4)
    foreign lambdas:
        delta H to (0, 0.3) (20001 pts)
        delta H to (0, 0.4) (20001 pts)
        delta H to (0, 0.5) (20001 pts)



md6.edr: 0.0 - 20001.0; lambda = (0, 0.5)
    foreign lambdas:
        delta H to (0, 0.4) (20001 pts)
        delta H to (0, 0.5) (20001 pts)
        delta H to (0, 0.6) (20001 pts)



md7.edr: 0.0 - 20001.0; lambda = (0, 0.6)
    foreign lambdas:
        delta H to (0, 0.5) (20001 pts)
        delta H to (0, 0.6) (20001 pts)
        delta H to (0, 0.7) (20001 pts)



md8.edr: 0.0 - 20001.0; lambda = (0, 0.7)
    foreign lambdas:
        delta H to (0, 0.6) (20001 pts)
        delta H to (0, 0.7) (20001 pts)
        delta H to (0, 0.8) (20001 pts)



md9.edr: 0.0 - 20001.0; lambda = (0, 0.8)
    foreign lambdas:
        delta H to (0, 0.7) (20001 pts)
        delta H to (0, 0.8) (20001 pts)
        delta H to (0, 0.9) (20001 pts)



   Samples in time interval: 0.000 - 20001.000
Removing samples outside of: 0.000 - 18000.000

Temperature: 298.15 K

Detailed results in kT (see help for explanation):

 lam_A  lam_B      DG   +/-     s_A   +/-     s_B   +/-   stdev   +/- 
     0      1    1.11  0.09    0.90  0.03    0.95  0.03    1.39  0.02
     1      2    1.44  0.13    2.37  0.09    1.81  0.09    2.32  0.06
     2      3    0.07  0.04    2.39  0.05    1.41  0.03    2.02  0.03
     3      4   -0.78  0.02    1.38  0.02    0.84  0.02    1.49  0.01
     4      5   -1.11  0.02    1.10  0.03    0.71  0.01    1.32  0.02
     5      6   -1.39  0.02    0.93  0.02    0.60  0.01    1.21  0.01
     6      7   -1.59  0.02    0.80  0.03    0.50  0.02    1.11  0.02
     7      8   -1.72  0.01    0.69  0.02    0.43  0.01    1.02  0.01
     8      9   -1.87  0.01    0.64  0.01    0.41  0.01    0.96  0.01
     9     10   -1.98  0.01    0.54  0.01    0.35  0.01    0.90  0.01
    10     11   -0.08  0.01    0.04  0.01    0.04  0.01    0.34  0.00
    11     12   -0.26  0.02    0.13  0.01    0.14  0.01    0.41  0.01
    12     13   -0.59  0.05    0.20  0.04    0.22  0.05    0.56  0.04
    13     14   -0.90  0.06    0.09  0.09    0.13  0.10    0.64  0.03
    14     15   -1.55  0.11    0.52  0.17    0.66  0.19    1.04  0.08


Final results in kJ/mol:

point      0 -      1,   DG  2.75 +/-  0.23
point      1 -      2,   DG  3.57 +/-  0.33
point      2 -      3,   DG  0.18 +/-  0.11
point      3 -      4,   DG -1.92 +/-  0.06
point      4 -      5,   DG -2.76 +/-  0.06
point      5 -      6,   DG -3.44 +/-  0.05
point      6 -      7,   DG -3.95 +/-  0.04
point      7 -      8,   DG -4.27 +/-  0.03
point      8 -      9,   DG -4.63 +/-  0.02
point      9 -     10,   DG -4.92 +/-  0.01
point     10 -     11,   DG -0.20 +/-  0.03
point     11 -     12,   DG -0.63 +/-  0.06
point     12 -     13,   DG -1.47 +/-  0.14
point     13 -     14,   DG -2.24 +/-  0.16
point     14 -     15,   DG -3.85 +/-  0.27

total      0 -     15,   DG -27.78 +/-  0.55

