
md10.edr: 0.0 - 20001.0; lambda = (0, 0.9)
    foreign lambdas:
        delta H to (0, 0.8) (20001 pts)
        delta H to (0, 0.9) (20001 pts)
        delta H to (0, 1) (20001 pts)



md11.edr: 0.0 - 20001.0; lambda = (0, 1)
    foreign lambdas:
        delta H to (0, 0.9) (20001 pts)
        delta H to (0, 1) (20001 pts)
        delta H to (0.2, 1) (20001 pts)



md12.edr: 0.0 - 20001.0; lambda = (0.2, 1)
    foreign lambdas:
        delta H to (0, 1) (20001 pts)
        delta H to (0.2, 1) (20001 pts)
        delta H to (0.4, 1) (20001 pts)



md13.edr: 0.0 - 20001.0; lambda = (0.4, 1)
    foreign lambdas:
        delta H to (0.2, 1) (20001 pts)
        delta H to (0.4, 1) (20001 pts)
        delta H to (0.6, 1) (20001 pts)



md14.edr: 0.0 - 20001.0; lambda = (0.6, 1)
    foreign lambdas:
        delta H to (0.4, 1) (20001 pts)
        delta H to (0.6, 1) (20001 pts)
        delta H to (0.8, 1) (20001 pts)



md15.edr: 0.0 - 20001.0; lambda = (0.8, 1)
    foreign lambdas:
        delta H to (0.6, 1) (20001 pts)
        delta H to (0.8, 1) (20001 pts)
        delta H to (1, 1) (20001 pts)



md16.edr: 0.0 - 20001.0; lambda = (1, 1)
    foreign lambdas:
        delta H to (0.8, 1) (20001 pts)
        delta H to (1, 1) (20001 pts)



md1.edr: 0.0 - 20001.0; lambda = (0, 0)
    foreign lambdas:
        delta H to (0, 0) (20001 pts)
        delta H to (0, 0.1) (20001 pts)



md2.edr: 0.0 - 20001.0; lambda = (0, 0.1)
    foreign lambdas:
        delta H to (0, 0) (20001 pts)
        delta H to (0, 0.1) (20001 pts)
        delta H to (0, 0.2) (20001 pts)



md3.edr: 0.0 - 20001.0; lambda = (0, 0.2)
    foreign lambdas:
        delta H to (0, 0.1) (20001 pts)
        delta H to (0, 0.2) (20001 pts)
        delta H to (0, 0.3) (20001 pts)



md4.edr: 0.0 - 20001.0; lambda = (0, 0.3)
    foreign lambdas:
        delta H to (0, 0.2) (20001 pts)
        delta H to (0, 0.3) (20001 pts)
        delta H to (0, 0.4) (20001 pts)



md5.edr: 0.0 - 20001.0; lambda = (0, 0.4)
    foreign lambdas:
        delta H to (0, 0.3) (20001 pts)
        delta H to (0, 0.4) (20001 pts)
        delta H to (0, 0.5) (20001 pts)



md6.edr: 0.0 - 20001.0; lambda = (0, 0.5)
    foreign lambdas:
        delta H to (0, 0.4) (20001 pts)
        delta H to (0, 0.5) (20001 pts)
        delta H to (0, 0.6) (20001 pts)



md7.edr: 0.0 - 20001.0; lambda = (0, 0.6)
    foreign lambdas:
        delta H to (0, 0.5) (20001 pts)
        delta H to (0, 0.6) (20001 pts)
        delta H to (0, 0.7) (20001 pts)



md8.edr: 0.0 - 20001.0; lambda = (0, 0.7)
    foreign lambdas:
        delta H to (0, 0.6) (20001 pts)
        delta H to (0, 0.7) (20001 pts)
        delta H to (0, 0.8) (20001 pts)



md9.edr: 0.0 - 20001.0; lambda = (0, 0.8)
    foreign lambdas:
        delta H to (0, 0.7) (20001 pts)
        delta H to (0, 0.8) (20001 pts)
        delta H to (0, 0.9) (20001 pts)



   Samples in time interval: 0.000 - 20001.000
Removing samples outside of: 0.000 - 3000.000

Temperature: 298.15 K

Detailed results in kT (see help for explanation):

 lam_A  lam_B      DG   +/-     s_A   +/-     s_B   +/-   stdev   +/- 
     0      1    0.97  0.12    0.91  0.09    0.95  0.10    1.40  0.05
     1      2    1.32  0.10    2.22  0.04    1.74  0.04    2.24  0.02
     2      3    0.06  0.10    2.30  0.10    1.36  0.09    2.01  0.05
     3      4   -0.71  0.05    1.38  0.10    0.84  0.06    1.50  0.03
     4      5   -1.06  0.06    1.16  0.05    0.75  0.03    1.34  0.03
     5      6   -1.33  0.03    0.91  0.06    0.60  0.05    1.21  0.03
     6      7   -1.53  0.02    0.84  0.07    0.53  0.05    1.15  0.02
     7      8   -1.71  0.03    0.74  0.05    0.45  0.03    1.06  0.02
     8      9   -1.88  0.02    0.67  0.03    0.43  0.02    0.97  0.01
     9     10   -1.97  0.03    0.49  0.04    0.31  0.03    0.88  0.02
    10     11   -0.10  0.03    0.01  0.04    0.01  0.04    0.29  0.03
    11     12   -0.23  0.05    0.12  0.06    0.13  0.06    0.39  0.04
    12     13   -0.76  0.10    0.41  0.08    0.47  0.09    0.70  0.07
    13     14   -1.01  0.15   -0.22  0.03   -0.17  0.03    0.69  0.07
    14     15   -1.41  0.21    0.56  0.24    0.70  0.27    1.04  0.17

WARNING: Some of these results violate the Second Law of Thermodynamics: 
         This is can be the result of severe undersampling, or (more likely)
         there is something wrong with the simulations.


Final results in kJ/mol:

point      0 -      1,   DG  2.41 +/-  0.30
point      1 -      2,   DG  3.27 +/-  0.25
point      2 -      3,   DG  0.14 +/-  0.25
point      3 -      4,   DG -1.76 +/-  0.13
point      4 -      5,   DG -2.63 +/-  0.16
point      5 -      6,   DG -3.30 +/-  0.06
point      6 -      7,   DG -3.80 +/-  0.05
point      7 -      8,   DG -4.23 +/-  0.08
point      8 -      9,   DG -4.65 +/-  0.04
point      9 -     10,   DG -4.89 +/-  0.08
point     10 -     11,   DG -0.25 +/-  0.07
point     11 -     12,   DG -0.57 +/-  0.12
point     12 -     13,   DG -1.90 +/-  0.24
point     13 -     14,   DG -2.51 +/-  0.38
point     14 -     15,   DG -3.48 +/-  0.53

total      0 -     15,   DG -28.16 +/-  1.36

