
md10.edr: 0.0 - 20001.0; lambda = (0, 0.9)
    foreign lambdas:
        delta H to (0, 0.8) (20001 pts)
        delta H to (0, 0.9) (20001 pts)
        delta H to (0, 1) (20001 pts)



md11.edr: 0.0 - 20001.0; lambda = (0, 1)
    foreign lambdas:
        delta H to (0, 0.9) (20001 pts)
        delta H to (0, 1) (20001 pts)
        delta H to (0.2, 1) (20001 pts)



md12.edr: 0.0 - 20001.0; lambda = (0.2, 1)
    foreign lambdas:
        delta H to (0, 1) (20001 pts)
        delta H to (0.2, 1) (20001 pts)
        delta H to (0.4, 1) (20001 pts)



md13.edr: 0.0 - 20001.0; lambda = (0.4, 1)
    foreign lambdas:
        delta H to (0.2, 1) (20001 pts)
        delta H to (0.4, 1) (20001 pts)
        delta H to (0.6, 1) (20001 pts)



md14.edr: 0.0 - 20001.0; lambda = (0.6, 1)
    foreign lambdas:
        delta H to (0.4, 1) (20001 pts)
        delta H to (0.6, 1) (20001 pts)
        delta H to (0.8, 1) (20001 pts)



md15.edr: 0.0 - 20001.0; lambda = (0.8, 1)
    foreign lambdas:
        delta H to (0.6, 1) (20001 pts)
        delta H to (0.8, 1) (20001 pts)
        delta H to (1, 1) (20001 pts)



md16.edr: 0.0 - 20001.0; lambda = (1, 1)
    foreign lambdas:
        delta H to (0.8, 1) (20001 pts)
        delta H to (1, 1) (20001 pts)



md1.edr: 0.0 - 20001.0; lambda = (0, 0)
    foreign lambdas:
        delta H to (0, 0) (20001 pts)
        delta H to (0, 0.1) (20001 pts)



md2.edr: 0.0 - 20001.0; lambda = (0, 0.1)
    foreign lambdas:
        delta H to (0, 0) (20001 pts)
        delta H to (0, 0.1) (20001 pts)
        delta H to (0, 0.2) (20001 pts)



md3.edr: 0.0 - 20001.0; lambda = (0, 0.2)
    foreign lambdas:
        delta H to (0, 0.1) (20001 pts)
        delta H to (0, 0.2) (20001 pts)
        delta H to (0, 0.3) (20001 pts)



md4.edr: 0.0 - 20001.0; lambda = (0, 0.3)
    foreign lambdas:
        delta H to (0, 0.2) (20001 pts)
        delta H to (0, 0.3) (20001 pts)
        delta H to (0, 0.4) (20001 pts)



md5.edr: 0.0 - 20001.0; lambda = (0, 0.4)
    foreign lambdas:
        delta H to (0, 0.3) (20001 pts)
        delta H to (0, 0.4) (20001 pts)
        delta H to (0, 0.5) (20001 pts)



md6.edr: 0.0 - 20001.0; lambda = (0, 0.5)
    foreign lambdas:
        delta H to (0, 0.4) (20001 pts)
        delta H to (0, 0.5) (20001 pts)
        delta H to (0, 0.6) (20001 pts)



md7.edr: 0.0 - 20001.0; lambda = (0, 0.6)
    foreign lambdas:
        delta H to (0, 0.5) (20001 pts)
        delta H to (0, 0.6) (20001 pts)
        delta H to (0, 0.7) (20001 pts)



md8.edr: 0.0 - 20001.0; lambda = (0, 0.7)
    foreign lambdas:
        delta H to (0, 0.6) (20001 pts)
        delta H to (0, 0.7) (20001 pts)
        delta H to (0, 0.8) (20001 pts)



md9.edr: 0.0 - 20001.0; lambda = (0, 0.8)
    foreign lambdas:
        delta H to (0, 0.7) (20001 pts)
        delta H to (0, 0.8) (20001 pts)
        delta H to (0, 0.9) (20001 pts)



   Samples in time interval: 0.000 - 20001.000
Removing samples outside of: 0.000 - 2000.000

Temperature: 298.15 K

Detailed results in kT (see help for explanation):

 lam_A  lam_B      DG   +/-     s_A   +/-     s_B   +/-   stdev   +/- 
     0      1    1.02  0.10    0.98  0.13    1.02  0.15    1.42  0.09
     1      2    1.26  0.19    2.21  0.16    1.73  0.19    2.23  0.13
     2      3    0.02  0.10    2.28  0.10    1.33  0.10    1.98  0.06
     3      4   -0.67  0.04    1.35  0.05    0.84  0.04    1.52  0.02
     4      5   -1.00  0.04    1.19  0.11    0.76  0.07    1.36  0.04
     5      6   -1.32  0.03    0.98  0.07    0.66  0.05    1.24  0.03
     6      7   -1.55  0.02    0.82  0.08    0.52  0.06    1.15  0.03
     7      8   -1.71  0.04    0.77  0.03    0.48  0.03    1.08  0.02
     8      9   -1.89  0.02    0.68  0.04    0.44  0.02    0.98  0.02
     9     10   -2.01  0.02    0.50  0.03    0.32  0.02    0.88  0.01
    10     11   -0.12  0.03    0.04  0.04    0.04  0.04    0.32  0.03
    11     12   -0.23  0.07    0.07  0.07    0.08  0.08    0.38  0.04
    12     13   -0.82  0.13    0.51  0.06    0.58  0.07    0.78  0.06
    13     14   -1.18  0.09   -0.22  0.14   -0.17  0.12    0.73  0.08
    14     15   -1.32  0.24    0.31  0.17    0.39  0.17    0.89  0.11


Final results in kJ/mol:

point      0 -      1,   DG  2.53 +/-  0.25
point      1 -      2,   DG  3.13 +/-  0.47
point      2 -      3,   DG  0.05 +/-  0.25
point      3 -      4,   DG -1.66 +/-  0.10
point      4 -      5,   DG -2.47 +/-  0.11
point      5 -      6,   DG -3.26 +/-  0.07
point      6 -      7,   DG -3.85 +/-  0.06
point      7 -      8,   DG -4.24 +/-  0.11
point      8 -      9,   DG -4.69 +/-  0.04
point      9 -     10,   DG -4.99 +/-  0.06
point     10 -     11,   DG -0.31 +/-  0.08
point     11 -     12,   DG -0.57 +/-  0.16
point     12 -     13,   DG -2.04 +/-  0.33
point     13 -     14,   DG -2.94 +/-  0.22
point     14 -     15,   DG -3.28 +/-  0.60

total      0 -     15,   DG -28.60 +/-  1.39

