
md10.edr: 0.0 - 20001.0; lambda = (0, 0.9)
    foreign lambdas:
        delta H to (0, 0.8) (20001 pts)
        delta H to (0, 0.9) (20001 pts)
        delta H to (0, 1) (20001 pts)



md11.edr: 0.0 - 20001.0; lambda = (0, 1)
    foreign lambdas:
        delta H to (0, 0.9) (20001 pts)
        delta H to (0, 1) (20001 pts)
        delta H to (0.2, 1) (20001 pts)



md12.edr: 0.0 - 20001.0; lambda = (0.2, 1)
    foreign lambdas:
        delta H to (0, 1) (20001 pts)
        delta H to (0.2, 1) (20001 pts)
        delta H to (0.4, 1) (20001 pts)



md13.edr: 0.0 - 20001.0; lambda = (0.4, 1)
    foreign lambdas:
        delta H to (0.2, 1) (20001 pts)
        delta H to (0.4, 1) (20001 pts)
        delta H to (0.6, 1) (20001 pts)



md14.edr: 0.0 - 20001.0; lambda = (0.6, 1)
    foreign lambdas:
        delta H to (0.4, 1) (20001 pts)
        delta H to (0.6, 1) (20001 pts)
        delta H to (0.8, 1) (20001 pts)



md15.edr: 0.0 - 20001.0; lambda = (0.8, 1)
    foreign lambdas:
        delta H to (0.6, 1) (20001 pts)
        delta H to (0.8, 1) (20001 pts)
        delta H to (1, 1) (20001 pts)



md16.edr: 0.0 - 20001.0; lambda = (1, 1)
    foreign lambdas:
        delta H to (0.8, 1) (20001 pts)
        delta H to (1, 1) (20001 pts)



md1.edr: 0.0 - 20001.0; lambda = (0, 0)
    foreign lambdas:
        delta H to (0, 0) (20001 pts)
        delta H to (0, 0.1) (20001 pts)



md2.edr: 0.0 - 20001.0; lambda = (0, 0.1)
    foreign lambdas:
        delta H to (0, 0) (20001 pts)
        delta H to (0, 0.1) (20001 pts)
        delta H to (0, 0.2) (20001 pts)



md3.edr: 0.0 - 20001.0; lambda = (0, 0.2)
    foreign lambdas:
        delta H to (0, 0.1) (20001 pts)
        delta H to (0, 0.2) (20001 pts)
        delta H to (0, 0.3) (20001 pts)



md4.edr: 0.0 - 20001.0; lambda = (0, 0.3)
    foreign lambdas:
        delta H to (0, 0.2) (20001 pts)
        delta H to (0, 0.3) (20001 pts)
        delta H to (0, 0.4) (20001 pts)



md5.edr: 0.0 - 20001.0; lambda = (0, 0.4)
    foreign lambdas:
        delta H to (0, 0.3) (20001 pts)
        delta H to (0, 0.4) (20001 pts)
        delta H to (0, 0.5) (20001 pts)



md6.edr: 0.0 - 20001.0; lambda = (0, 0.5)
    foreign lambdas:
        delta H to (0, 0.4) (20001 pts)
        delta H to (0, 0.5) (20001 pts)
        delta H to (0, 0.6) (20001 pts)



md7.edr: 0.0 - 20001.0; lambda = (0, 0.6)
    foreign lambdas:
        delta H to (0, 0.5) (20001 pts)
        delta H to (0, 0.6) (20001 pts)
        delta H to (0, 0.7) (20001 pts)



md8.edr: 0.0 - 20001.0; lambda = (0, 0.7)
    foreign lambdas:
        delta H to (0, 0.6) (20001 pts)
        delta H to (0, 0.7) (20001 pts)
        delta H to (0, 0.8) (20001 pts)



md9.edr: 0.0 - 20001.0; lambda = (0, 0.8)
    foreign lambdas:
        delta H to (0, 0.7) (20001 pts)
        delta H to (0, 0.8) (20001 pts)
        delta H to (0, 0.9) (20001 pts)



   Samples in time interval: 0.000 - 20001.000
Removing samples outside of: 0.000 - 10000.000

Temperature: 298.15 K

Detailed results in kT (see help for explanation):

 lam_A  lam_B      DG   +/-     s_A   +/-     s_B   +/-   stdev   +/- 
     0      1    0.96  0.06    0.90  0.06    0.95  0.05    1.40  0.02
     1      2    1.24  0.08    2.26  0.12    1.69  0.07    2.23  0.06
     2      3   -0.00  0.02    2.32  0.04    1.37  0.03    1.99  0.01
     3      4   -0.80  0.04    1.35  0.03    0.82  0.01    1.48  0.01
     4      5   -1.13  0.04    1.12  0.03    0.71  0.02    1.32  0.01
     5      6   -1.41  0.02    0.89  0.04    0.58  0.03    1.19  0.02
     6      7   -1.59  0.02    0.84  0.04    0.53  0.03    1.13  0.02
     7      8   -1.74  0.02    0.69  0.02    0.43  0.02    1.02  0.01
     8      9   -1.87  0.01    0.64  0.01    0.41  0.01    0.97  0.01
     9     10   -1.98  0.01    0.54  0.02    0.35  0.02    0.90  0.01
    10     11   -0.07  0.02    0.02  0.02    0.02  0.02    0.34  0.01
    11     12   -0.23  0.03    0.13  0.02    0.14  0.02    0.40  0.02
    12     13   -0.60  0.08    0.23  0.07    0.26  0.08    0.56  0.06
    13     14   -0.95  0.10    0.10  0.12    0.15  0.12    0.66  0.05
    14     15   -1.38  0.12    0.29  0.18    0.39  0.20    0.91  0.10


Final results in kJ/mol:

point      0 -      1,   DG  2.38 +/-  0.15
point      1 -      2,   DG  3.06 +/-  0.20
point      2 -      3,   DG -0.00 +/-  0.05
point      3 -      4,   DG -1.98 +/-  0.09
point      4 -      5,   DG -2.81 +/-  0.09
point      5 -      6,   DG -3.50 +/-  0.06
point      6 -      7,   DG -3.95 +/-  0.04
point      7 -      8,   DG -4.32 +/-  0.04
point      8 -      9,   DG -4.62 +/-  0.03
point      9 -     10,   DG -4.91 +/-  0.03
point     10 -     11,   DG -0.18 +/-  0.04
point     11 -     12,   DG -0.57 +/-  0.08
point     12 -     13,   DG -1.48 +/-  0.20
point     13 -     14,   DG -2.36 +/-  0.24
point     14 -     15,   DG -3.43 +/-  0.31

total      0 -     15,   DG -28.67 +/-  0.21

