
md10.edr: 0.0 - 20001.0; lambda = (0, 0.9)
    foreign lambdas:
        delta H to (0, 0.8) (20001 pts)
        delta H to (0, 0.9) (20001 pts)
        delta H to (0, 1) (20001 pts)



md11.edr: 0.0 - 20001.0; lambda = (0, 1)
    foreign lambdas:
        delta H to (0, 0.9) (20001 pts)
        delta H to (0, 1) (20001 pts)
        delta H to (0.2, 1) (20001 pts)



md12.edr: 0.0 - 20001.0; lambda = (0.2, 1)
    foreign lambdas:
        delta H to (0, 1) (20001 pts)
        delta H to (0.2, 1) (20001 pts)
        delta H to (0.4, 1) (20001 pts)



md13.edr: 0.0 - 20001.0; lambda = (0.4, 1)
    foreign lambdas:
        delta H to (0.2, 1) (20001 pts)
        delta H to (0.4, 1) (20001 pts)
        delta H to (0.6, 1) (20001 pts)



md14.edr: 0.0 - 20001.0; lambda = (0.6, 1)
    foreign lambdas:
        delta H to (0.4, 1) (20001 pts)
        delta H to (0.6, 1) (20001 pts)
        delta H to (0.8, 1) (20001 pts)



md15.edr: 0.0 - 20001.0; lambda = (0.8, 1)
    foreign lambdas:
        delta H to (0.6, 1) (20001 pts)
        delta H to (0.8, 1) (20001 pts)
        delta H to (1, 1) (20001 pts)



md16.edr: 0.0 - 20001.0; lambda = (1, 1)
    foreign lambdas:
        delta H to (0.8, 1) (20001 pts)
        delta H to (1, 1) (20001 pts)



md1.edr: 0.0 - 20001.0; lambda = (0, 0)
    foreign lambdas:
        delta H to (0, 0) (20001 pts)
        delta H to (0, 0.1) (20001 pts)



md2.edr: 0.0 - 20001.0; lambda = (0, 0.1)
    foreign lambdas:
        delta H to (0, 0) (20001 pts)
        delta H to (0, 0.1) (20001 pts)
        delta H to (0, 0.2) (20001 pts)



md3.edr: 0.0 - 20001.0; lambda = (0, 0.2)
    foreign lambdas:
        delta H to (0, 0.1) (20001 pts)
        delta H to (0, 0.2) (20001 pts)
        delta H to (0, 0.3) (20001 pts)



md4.edr: 0.0 - 20001.0; lambda = (0, 0.3)
    foreign lambdas:
        delta H to (0, 0.2) (20001 pts)
        delta H to (0, 0.3) (20001 pts)
        delta H to (0, 0.4) (20001 pts)



md5.edr: 0.0 - 20001.0; lambda = (0, 0.4)
    foreign lambdas:
        delta H to (0, 0.3) (20001 pts)
        delta H to (0, 0.4) (20001 pts)
        delta H to (0, 0.5) (20001 pts)



md6.edr: 0.0 - 20001.0; lambda = (0, 0.5)
    foreign lambdas:
        delta H to (0, 0.4) (20001 pts)
        delta H to (0, 0.5) (20001 pts)
        delta H to (0, 0.6) (20001 pts)



md7.edr: 0.0 - 20001.0; lambda = (0, 0.6)
    foreign lambdas:
        delta H to (0, 0.5) (20001 pts)
        delta H to (0, 0.6) (20001 pts)
        delta H to (0, 0.7) (20001 pts)



md8.edr: 0.0 - 20001.0; lambda = (0, 0.7)
    foreign lambdas:
        delta H to (0, 0.6) (20001 pts)
        delta H to (0, 0.7) (20001 pts)
        delta H to (0, 0.8) (20001 pts)



md9.edr: 0.0 - 20001.0; lambda = (0, 0.8)
    foreign lambdas:
        delta H to (0, 0.7) (20001 pts)
        delta H to (0, 0.8) (20001 pts)
        delta H to (0, 0.9) (20001 pts)



   Samples in time interval: 0.000 - 20001.000
Removing samples outside of: 0.000 - 13000.000

Temperature: 298.15 K

Detailed results in kT (see help for explanation):

 lam_A  lam_B      DG   +/-     s_A   +/-     s_B   +/-   stdev   +/- 
     0      1    1.04  0.09    0.91  0.03    0.95  0.03    1.40  0.01
     1      2    1.37  0.15    2.31  0.09    1.75  0.08    2.27  0.06
     2      3    0.07  0.07    2.37  0.04    1.39  0.03    2.01  0.02
     3      4   -0.76  0.06    1.42  0.07    0.86  0.05    1.50  0.03
     4      5   -1.12  0.03    1.11  0.02    0.71  0.02    1.32  0.01
     5      6   -1.40  0.03    0.93  0.04    0.61  0.03    1.21  0.02
     6      7   -1.60  0.02    0.81  0.04    0.51  0.03    1.11  0.02
     7      8   -1.74  0.01    0.69  0.02    0.43  0.01    1.02  0.01
     8      9   -1.88  0.01    0.64  0.01    0.41  0.01    0.96  0.01
     9     10   -1.99  0.01    0.54  0.02    0.35  0.01    0.90  0.01
    10     11   -0.08  0.02    0.04  0.02    0.04  0.02    0.34  0.01
    11     12   -0.25  0.03    0.13  0.01    0.14  0.01    0.42  0.02
    12     13   -0.61  0.04    0.22  0.06    0.25  0.07    0.57  0.04
    13     14   -0.94  0.08    0.08  0.10    0.13  0.10    0.66  0.04
    14     15   -1.46  0.11    0.40  0.18    0.53  0.20    0.98  0.09


Final results in kJ/mol:

point      0 -      1,   DG  2.59 +/-  0.23
point      1 -      2,   DG  3.39 +/-  0.36
point      2 -      3,   DG  0.17 +/-  0.18
point      3 -      4,   DG -1.88 +/-  0.14
point      4 -      5,   DG -2.77 +/-  0.08
point      5 -      6,   DG -3.47 +/-  0.07
point      6 -      7,   DG -3.97 +/-  0.04
point      7 -      8,   DG -4.31 +/-  0.04
point      8 -      9,   DG -4.65 +/-  0.03
point      9 -     10,   DG -4.93 +/-  0.02
point     10 -     11,   DG -0.20 +/-  0.06
point     11 -     12,   DG -0.62 +/-  0.07
point     12 -     13,   DG -1.51 +/-  0.11
point     13 -     14,   DG -2.33 +/-  0.21
point     14 -     15,   DG -3.63 +/-  0.28

total      0 -     15,   DG -28.11 +/-  0.69

