
md10.edr: 0.0 - 20001.0; lambda = (0, 0.9)
    foreign lambdas:
        delta H to (0, 0.8) (20001 pts)
        delta H to (0, 0.9) (20001 pts)
        delta H to (0, 1) (20001 pts)



md11.edr: 0.0 - 20001.0; lambda = (0, 1)
    foreign lambdas:
        delta H to (0, 0.9) (20001 pts)
        delta H to (0, 1) (20001 pts)
        delta H to (0.2, 1) (20001 pts)



md12.edr: 0.0 - 20001.0; lambda = (0.2, 1)
    foreign lambdas:
        delta H to (0, 1) (20001 pts)
        delta H to (0.2, 1) (20001 pts)
        delta H to (0.4, 1) (20001 pts)



md13.edr: 0.0 - 20001.0; lambda = (0.4, 1)
    foreign lambdas:
        delta H to (0.2, 1) (20001 pts)
        delta H to (0.4, 1) (20001 pts)
        delta H to (0.6, 1) (20001 pts)



md14.edr: 0.0 - 20001.0; lambda = (0.6, 1)
    foreign lambdas:
        delta H to (0.4, 1) (20001 pts)
        delta H to (0.6, 1) (20001 pts)
        delta H to (0.8, 1) (20001 pts)



md15.edr: 0.0 - 20001.0; lambda = (0.8, 1)
    foreign lambdas:
        delta H to (0.6, 1) (20001 pts)
        delta H to (0.8, 1) (20001 pts)
        delta H to (1, 1) (20001 pts)



md16.edr: 0.0 - 20001.0; lambda = (1, 1)
    foreign lambdas:
        delta H to (0.8, 1) (20001 pts)
        delta H to (1, 1) (20001 pts)



md1.edr: 0.0 - 20001.0; lambda = (0, 0)
    foreign lambdas:
        delta H to (0, 0) (20001 pts)
        delta H to (0, 0.1) (20001 pts)



md2.edr: 0.0 - 20001.0; lambda = (0, 0.1)
    foreign lambdas:
        delta H to (0, 0) (20001 pts)
        delta H to (0, 0.1) (20001 pts)
        delta H to (0, 0.2) (20001 pts)



md3.edr: 0.0 - 20001.0; lambda = (0, 0.2)
    foreign lambdas:
        delta H to (0, 0.1) (20001 pts)
        delta H to (0, 0.2) (20001 pts)
        delta H to (0, 0.3) (20001 pts)



md4.edr: 0.0 - 20001.0; lambda = (0, 0.3)
    foreign lambdas:
        delta H to (0, 0.2) (20001 pts)
        delta H to (0, 0.3) (20001 pts)
        delta H to (0, 0.4) (20001 pts)



md5.edr: 0.0 - 20001.0; lambda = (0, 0.4)
    foreign lambdas:
        delta H to (0, 0.3) (20001 pts)
        delta H to (0, 0.4) (20001 pts)
        delta H to (0, 0.5) (20001 pts)



md6.edr: 0.0 - 20001.0; lambda = (0, 0.5)
    foreign lambdas:
        delta H to (0, 0.4) (20001 pts)
        delta H to (0, 0.5) (20001 pts)
        delta H to (0, 0.6) (20001 pts)



md7.edr: 0.0 - 20001.0; lambda = (0, 0.6)
    foreign lambdas:
        delta H to (0, 0.5) (20001 pts)
        delta H to (0, 0.6) (20001 pts)
        delta H to (0, 0.7) (20001 pts)



md8.edr: 0.0 - 20001.0; lambda = (0, 0.7)
    foreign lambdas:
        delta H to (0, 0.6) (20001 pts)
        delta H to (0, 0.7) (20001 pts)
        delta H to (0, 0.8) (20001 pts)



md9.edr: 0.0 - 20001.0; lambda = (0, 0.8)
    foreign lambdas:
        delta H to (0, 0.7) (20001 pts)
        delta H to (0, 0.8) (20001 pts)
        delta H to (0, 0.9) (20001 pts)



   Samples in time interval: 0.000 - 20001.000
Removing samples outside of: 0.000 - 1000.000

Temperature: 298.15 K

Detailed results in kT (see help for explanation):

 lam_A  lam_B      DG   +/-     s_A   +/-     s_B   +/-   stdev   +/- 
     0      1    1.07  0.01    0.13  0.01    0.15  0.01    0.55  0.01
     1      2    3.16  0.04    0.65  0.05    0.79  0.06    1.23  0.03
     2      3    3.19  0.11    2.87  0.09    2.23  0.12    2.70  0.08
     3      4    1.10  0.04    2.35  0.10    1.32  0.06    1.96  0.03
     4      5    0.05  0.03    1.26  0.03    0.79  0.01    1.37  0.02
     5      6   -0.47  0.02    0.82  0.01    0.52  0.01    1.11  0.01
     6      7   -0.74  0.04    0.63  0.02    0.41  0.02    0.97  0.02
     7      8   -0.94  0.02    0.50  0.04    0.33  0.03    0.87  0.03
     8      9   -1.07  0.02    0.40  0.01    0.26  0.02    0.78  0.02
     9     10   -1.14  0.02    0.35  0.04    0.24  0.02    0.75  0.02
    10     11   -0.26  0.02    0.34  0.03    0.35  0.03    0.78  0.01
    11     12   -0.96  0.03    0.35  0.04    0.41  0.05    0.88  0.02
    12     13   -1.93  0.02    0.56  0.05    0.64  0.05    1.12  0.03
    13     14   -3.28  0.06    0.71  0.03    0.74  0.02    1.24  0.02
    14     15   -4.77  0.05    0.75  0.03    0.77  0.03    1.29  0.01


Final results in kJ/mol:

point      0 -      1,   DG  2.66 +/-  0.03
point      1 -      2,   DG  7.83 +/-  0.11
point      2 -      3,   DG  7.91 +/-  0.26
point      3 -      4,   DG  2.72 +/-  0.10
point      4 -      5,   DG  0.11 +/-  0.07
point      5 -      6,   DG -1.16 +/-  0.05
point      6 -      7,   DG -1.84 +/-  0.10
point      7 -      8,   DG -2.34 +/-  0.05
point      8 -      9,   DG -2.64 +/-  0.05
point      9 -     10,   DG -2.82 +/-  0.05
point     10 -     11,   DG -0.64 +/-  0.05
point     11 -     12,   DG -2.38 +/-  0.07
point     12 -     13,   DG -4.78 +/-  0.04
point     13 -     14,   DG -8.13 +/-  0.14
point     14 -     15,   DG -11.82 +/-  0.13

total      0 -     15,   DG -17.34 +/-  0.38

