
md10.edr: 0.0 - 20001.0; lambda = (0, 0.9)
    foreign lambdas:
        delta H to (0, 0.8) (20001 pts)
        delta H to (0, 0.9) (20001 pts)
        delta H to (0, 1) (20001 pts)



md11.edr: 0.0 - 20001.0; lambda = (0, 1)
    foreign lambdas:
        delta H to (0, 0.9) (20001 pts)
        delta H to (0, 1) (20001 pts)
        delta H to (0.2, 1) (20001 pts)



md12.edr: 0.0 - 20001.0; lambda = (0.2, 1)
    foreign lambdas:
        delta H to (0, 1) (20001 pts)
        delta H to (0.2, 1) (20001 pts)
        delta H to (0.4, 1) (20001 pts)



md13.edr: 0.0 - 20001.0; lambda = (0.4, 1)
    foreign lambdas:
        delta H to (0.2, 1) (20001 pts)
        delta H to (0.4, 1) (20001 pts)
        delta H to (0.6, 1) (20001 pts)



md14.edr: 0.0 - 20001.0; lambda = (0.6, 1)
    foreign lambdas:
        delta H to (0.4, 1) (20001 pts)
        delta H to (0.6, 1) (20001 pts)
        delta H to (0.8, 1) (20001 pts)



md15.edr: 0.0 - 20001.0; lambda = (0.8, 1)
    foreign lambdas:
        delta H to (0.6, 1) (20001 pts)
        delta H to (0.8, 1) (20001 pts)
        delta H to (1, 1) (20001 pts)



md16.edr: 0.0 - 20001.0; lambda = (1, 1)
    foreign lambdas:
        delta H to (0.8, 1) (20001 pts)
        delta H to (1, 1) (20001 pts)



md1.edr: 0.0 - 20001.0; lambda = (0, 0)
    foreign lambdas:
        delta H to (0, 0) (20001 pts)
        delta H to (0, 0.1) (20001 pts)



md2.edr: 0.0 - 20001.0; lambda = (0, 0.1)
    foreign lambdas:
        delta H to (0, 0) (20001 pts)
        delta H to (0, 0.1) (20001 pts)
        delta H to (0, 0.2) (20001 pts)



md3.edr: 0.0 - 20001.0; lambda = (0, 0.2)
    foreign lambdas:
        delta H to (0, 0.1) (20001 pts)
        delta H to (0, 0.2) (20001 pts)
        delta H to (0, 0.3) (20001 pts)



md4.edr: 0.0 - 20001.0; lambda = (0, 0.3)
    foreign lambdas:
        delta H to (0, 0.2) (20001 pts)
        delta H to (0, 0.3) (20001 pts)
        delta H to (0, 0.4) (20001 pts)



md5.edr: 0.0 - 20001.0; lambda = (0, 0.4)
    foreign lambdas:
        delta H to (0, 0.3) (20001 pts)
        delta H to (0, 0.4) (20001 pts)
        delta H to (0, 0.5) (20001 pts)



md6.edr: 0.0 - 20001.0; lambda = (0, 0.5)
    foreign lambdas:
        delta H to (0, 0.4) (20001 pts)
        delta H to (0, 0.5) (20001 pts)
        delta H to (0, 0.6) (20001 pts)



md7.edr: 0.0 - 20001.0; lambda = (0, 0.6)
    foreign lambdas:
        delta H to (0, 0.5) (20001 pts)
        delta H to (0, 0.6) (20001 pts)
        delta H to (0, 0.7) (20001 pts)



md8.edr: 0.0 - 20001.0; lambda = (0, 0.7)
    foreign lambdas:
        delta H to (0, 0.6) (20001 pts)
        delta H to (0, 0.7) (20001 pts)
        delta H to (0, 0.8) (20001 pts)



md9.edr: 0.0 - 20001.0; lambda = (0, 0.8)
    foreign lambdas:
        delta H to (0, 0.7) (20001 pts)
        delta H to (0, 0.8) (20001 pts)
        delta H to (0, 0.9) (20001 pts)



   Samples in time interval: 0.000 - 20001.000
Removing samples outside of: 0.000 - 2000.000

Temperature: 298.15 K

Detailed results in kT (see help for explanation):

 lam_A  lam_B      DG   +/-     s_A   +/-     s_B   +/-   stdev   +/- 
     0      1    1.07  0.00    0.14  0.01    0.15  0.01    0.54  0.00
     1      2    3.14  0.04    0.65  0.03    0.79  0.04    1.22  0.03
     2      3    3.20  0.10    2.83  0.07    2.24  0.09    2.72  0.07
     3      4    1.11  0.04    2.34  0.07    1.32  0.05    1.95  0.03
     4      5    0.05  0.01    1.28  0.04    0.78  0.01    1.39  0.01
     5      6   -0.48  0.02    0.84  0.02    0.53  0.02    1.12  0.02
     6      7   -0.76  0.03    0.61  0.02    0.39  0.02    0.96  0.02
     7      8   -0.94  0.02    0.51  0.04    0.33  0.02    0.87  0.02
     8      9   -1.07  0.01    0.41  0.01    0.27  0.01    0.79  0.01
     9     10   -1.15  0.01    0.34  0.02    0.24  0.01    0.74  0.01
    10     11   -0.25  0.01    0.32  0.01    0.34  0.01    0.78  0.01
    11     12   -0.96  0.02    0.37  0.02    0.42  0.02    0.89  0.01
    12     13   -1.94  0.03    0.56  0.03    0.62  0.04    1.11  0.02
    13     14   -3.23  0.05    0.67  0.01    0.70  0.02    1.22  0.01
    14     15   -4.72  0.04    0.80  0.02    0.82  0.02    1.32  0.01


Final results in kJ/mol:

point      0 -      1,   DG  2.66 +/-  0.01
point      1 -      2,   DG  7.79 +/-  0.11
point      2 -      3,   DG  7.94 +/-  0.25
point      3 -      4,   DG  2.74 +/-  0.10
point      4 -      5,   DG  0.12 +/-  0.04
point      5 -      6,   DG -1.18 +/-  0.06
point      6 -      7,   DG -1.88 +/-  0.08
point      7 -      8,   DG -2.34 +/-  0.04
point      8 -      9,   DG -2.66 +/-  0.02
point      9 -     10,   DG -2.85 +/-  0.02
point     10 -     11,   DG -0.61 +/-  0.04
point     11 -     12,   DG -2.38 +/-  0.05
point     12 -     13,   DG -4.81 +/-  0.07
point     13 -     14,   DG -8.01 +/-  0.12
point     14 -     15,   DG -11.71 +/-  0.11

total      0 -     15,   DG -17.19 +/-  0.17

