
md10.edr: 0.0 - 20001.0; lambda = (0, 0.9)
    foreign lambdas:
        delta H to (0, 0.8) (20001 pts)
        delta H to (0, 0.9) (20001 pts)
        delta H to (0, 1) (20001 pts)



md11.edr: 0.0 - 20001.0; lambda = (0, 1)
    foreign lambdas:
        delta H to (0, 0.9) (20001 pts)
        delta H to (0, 1) (20001 pts)
        delta H to (0.2, 1) (20001 pts)



md12.edr: 0.0 - 20001.0; lambda = (0.2, 1)
    foreign lambdas:
        delta H to (0, 1) (20001 pts)
        delta H to (0.2, 1) (20001 pts)
        delta H to (0.4, 1) (20001 pts)



md13.edr: 0.0 - 20001.0; lambda = (0.4, 1)
    foreign lambdas:
        delta H to (0.2, 1) (20001 pts)
        delta H to (0.4, 1) (20001 pts)
        delta H to (0.6, 1) (20001 pts)



md14.edr: 0.0 - 20001.0; lambda = (0.6, 1)
    foreign lambdas:
        delta H to (0.4, 1) (20001 pts)
        delta H to (0.6, 1) (20001 pts)
        delta H to (0.8, 1) (20001 pts)



md15.edr: 0.0 - 20001.0; lambda = (0.8, 1)
    foreign lambdas:
        delta H to (0.6, 1) (20001 pts)
        delta H to (0.8, 1) (20001 pts)
        delta H to (1, 1) (20001 pts)



md16.edr: 0.0 - 20001.0; lambda = (1, 1)
    foreign lambdas:
        delta H to (0.8, 1) (20001 pts)
        delta H to (1, 1) (20001 pts)



md1.edr: 0.0 - 20001.0; lambda = (0, 0)
    foreign lambdas:
        delta H to (0, 0) (20001 pts)
        delta H to (0, 0.1) (20001 pts)



md2.edr: 0.0 - 20001.0; lambda = (0, 0.1)
    foreign lambdas:
        delta H to (0, 0) (20001 pts)
        delta H to (0, 0.1) (20001 pts)
        delta H to (0, 0.2) (20001 pts)



md3.edr: 0.0 - 20001.0; lambda = (0, 0.2)
    foreign lambdas:
        delta H to (0, 0.1) (20001 pts)
        delta H to (0, 0.2) (20001 pts)
        delta H to (0, 0.3) (20001 pts)



md4.edr: 0.0 - 20001.0; lambda = (0, 0.3)
    foreign lambdas:
        delta H to (0, 0.2) (20001 pts)
        delta H to (0, 0.3) (20001 pts)
        delta H to (0, 0.4) (20001 pts)



md5.edr: 0.0 - 20001.0; lambda = (0, 0.4)
    foreign lambdas:
        delta H to (0, 0.3) (20001 pts)
        delta H to (0, 0.4) (20001 pts)
        delta H to (0, 0.5) (20001 pts)



md6.edr: 0.0 - 20001.0; lambda = (0, 0.5)
    foreign lambdas:
        delta H to (0, 0.4) (20001 pts)
        delta H to (0, 0.5) (20001 pts)
        delta H to (0, 0.6) (20001 pts)



md7.edr: 0.0 - 20001.0; lambda = (0, 0.6)
    foreign lambdas:
        delta H to (0, 0.5) (20001 pts)
        delta H to (0, 0.6) (20001 pts)
        delta H to (0, 0.7) (20001 pts)



md8.edr: 0.0 - 20001.0; lambda = (0, 0.7)
    foreign lambdas:
        delta H to (0, 0.6) (20001 pts)
        delta H to (0, 0.7) (20001 pts)
        delta H to (0, 0.8) (20001 pts)



md9.edr: 0.0 - 20001.0; lambda = (0, 0.8)
    foreign lambdas:
        delta H to (0, 0.7) (20001 pts)
        delta H to (0, 0.8) (20001 pts)
        delta H to (0, 0.9) (20001 pts)



   Samples in time interval: 0.000 - 20001.000
Removing samples outside of: 0.000 - 16000.000

Temperature: 298.15 K

Detailed results in kT (see help for explanation):

 lam_A  lam_B      DG   +/-     s_A   +/-     s_B   +/-   stdev   +/- 
     0      1    1.18  0.06    0.88  0.06    0.92  0.07    1.38  0.03
     1      2    1.48  0.05    2.57  0.08    1.97  0.07    2.44  0.05
     2      3    0.01  0.03    2.24  0.05    1.30  0.03    1.93  0.02
     3      4   -0.74  0.02    1.31  0.03    0.80  0.02    1.44  0.01
     4      5   -1.04  0.02    1.09  0.03    0.70  0.02    1.32  0.01
     5      6   -1.31  0.01    0.92  0.01    0.59  0.01    1.19  0.01
     6      7   -1.51  0.02    0.81  0.02    0.51  0.02    1.10  0.01
     7      8   -1.68  0.02    0.70  0.02    0.44  0.01    1.02  0.01
     8      9   -1.82  0.01    0.59  0.01    0.38  0.01    0.93  0.01
     9     10   -1.91  0.01    0.51  0.01    0.33  0.01    0.87  0.01
    10     11   -0.09  0.01    0.06  0.03    0.06  0.03    0.35  0.02
    11     12   -0.19  0.02    0.03  0.02    0.04  0.02    0.35  0.01
    12     13   -0.30  0.02    0.08  0.03    0.09  0.03    0.39  0.02
    13     14   -0.57  0.08    0.17  0.07    0.23  0.09    0.58  0.06
    14     15   -1.14  0.14    0.33  0.10    0.44  0.12    0.88  0.08


Final results in kJ/mol:

point      0 -      1,   DG  2.93 +/-  0.15
point      1 -      2,   DG  3.67 +/-  0.14
point      2 -      3,   DG  0.04 +/-  0.08
point      3 -      4,   DG -1.83 +/-  0.05
point      4 -      5,   DG -2.57 +/-  0.04
point      5 -      6,   DG -3.24 +/-  0.03
point      6 -      7,   DG -3.75 +/-  0.04
point      7 -      8,   DG -4.17 +/-  0.06
point      8 -      9,   DG -4.51 +/-  0.03
point      9 -     10,   DG -4.73 +/-  0.03
point     10 -     11,   DG -0.22 +/-  0.01
point     11 -     12,   DG -0.46 +/-  0.05
point     12 -     13,   DG -0.75 +/-  0.04
point     13 -     14,   DG -1.42 +/-  0.19
point     14 -     15,   DG -2.82 +/-  0.35

total      0 -     15,   DG -23.84 +/-  0.71

