
md10.edr: 0.0 - 20001.0; lambda = (0, 0.9)
    foreign lambdas:
        delta H to (0, 0.8) (20001 pts)
        delta H to (0, 0.9) (20001 pts)
        delta H to (0, 1) (20001 pts)



md11.edr: 0.0 - 20001.0; lambda = (0, 1)
    foreign lambdas:
        delta H to (0, 0.9) (20001 pts)
        delta H to (0, 1) (20001 pts)
        delta H to (0.2, 1) (20001 pts)



md12.edr: 0.0 - 20001.0; lambda = (0.2, 1)
    foreign lambdas:
        delta H to (0, 1) (20001 pts)
        delta H to (0.2, 1) (20001 pts)
        delta H to (0.4, 1) (20001 pts)



md13.edr: 0.0 - 20001.0; lambda = (0.4, 1)
    foreign lambdas:
        delta H to (0.2, 1) (20001 pts)
        delta H to (0.4, 1) (20001 pts)
        delta H to (0.6, 1) (20001 pts)



md14.edr: 0.0 - 20001.0; lambda = (0.6, 1)
    foreign lambdas:
        delta H to (0.4, 1) (20001 pts)
        delta H to (0.6, 1) (20001 pts)
        delta H to (0.8, 1) (20001 pts)



md15.edr: 0.0 - 20001.0; lambda = (0.8, 1)
    foreign lambdas:
        delta H to (0.6, 1) (20001 pts)
        delta H to (0.8, 1) (20001 pts)
        delta H to (1, 1) (20001 pts)



md16.edr: 0.0 - 20001.0; lambda = (1, 1)
    foreign lambdas:
        delta H to (0.8, 1) (20001 pts)
        delta H to (1, 1) (20001 pts)



md1.edr: 0.0 - 20001.0; lambda = (0, 0)
    foreign lambdas:
        delta H to (0, 0) (20001 pts)
        delta H to (0, 0.1) (20001 pts)



md2.edr: 0.0 - 20001.0; lambda = (0, 0.1)
    foreign lambdas:
        delta H to (0, 0) (20001 pts)
        delta H to (0, 0.1) (20001 pts)
        delta H to (0, 0.2) (20001 pts)



md3.edr: 0.0 - 20001.0; lambda = (0, 0.2)
    foreign lambdas:
        delta H to (0, 0.1) (20001 pts)
        delta H to (0, 0.2) (20001 pts)
        delta H to (0, 0.3) (20001 pts)



md4.edr: 0.0 - 20001.0; lambda = (0, 0.3)
    foreign lambdas:
        delta H to (0, 0.2) (20001 pts)
        delta H to (0, 0.3) (20001 pts)
        delta H to (0, 0.4) (20001 pts)



md5.edr: 0.0 - 20001.0; lambda = (0, 0.4)
    foreign lambdas:
        delta H to (0, 0.3) (20001 pts)
        delta H to (0, 0.4) (20001 pts)
        delta H to (0, 0.5) (20001 pts)



md6.edr: 0.0 - 20001.0; lambda = (0, 0.5)
    foreign lambdas:
        delta H to (0, 0.4) (20001 pts)
        delta H to (0, 0.5) (20001 pts)
        delta H to (0, 0.6) (20001 pts)



md7.edr: 0.0 - 20001.0; lambda = (0, 0.6)
    foreign lambdas:
        delta H to (0, 0.5) (20001 pts)
        delta H to (0, 0.6) (20001 pts)
        delta H to (0, 0.7) (20001 pts)



md8.edr: 0.0 - 20001.0; lambda = (0, 0.7)
    foreign lambdas:
        delta H to (0, 0.6) (20001 pts)
        delta H to (0, 0.7) (20001 pts)
        delta H to (0, 0.8) (20001 pts)



md9.edr: 0.0 - 20001.0; lambda = (0, 0.8)
    foreign lambdas:
        delta H to (0, 0.7) (20001 pts)
        delta H to (0, 0.8) (20001 pts)
        delta H to (0, 0.9) (20001 pts)



   Samples in time interval: 0.000 - 20001.000
Removing samples outside of: 0.000 - 6000.000

Temperature: 298.15 K

Detailed results in kT (see help for explanation):

 lam_A  lam_B      DG   +/-     s_A   +/-     s_B   +/-   stdev   +/- 
     0      1    1.14  0.09    0.80  0.06    0.83  0.07    1.35  0.02
     1      2    1.57  0.06    2.62  0.10    2.05  0.06    2.51  0.07
     2      3    0.02  0.07    2.26  0.12    1.29  0.07    1.93  0.06
     3      4   -0.74  0.04    1.31  0.09    0.78  0.04    1.43  0.03
     4      5   -1.03  0.06    1.09  0.04    0.70  0.03    1.30  0.03
     5      6   -1.32  0.03    0.89  0.06    0.57  0.04    1.17  0.03
     6      7   -1.54  0.02    0.83  0.04    0.52  0.03    1.11  0.02
     7      8   -1.70  0.03    0.70  0.03    0.45  0.01    1.03  0.01
     8      9   -1.81  0.01    0.61  0.02    0.38  0.02    0.95  0.01
     9     10   -1.89  0.01    0.50  0.02    0.32  0.01    0.87  0.01
    10     11   -0.08  0.02    0.07  0.05    0.07  0.05    0.32  0.05
    11     12   -0.20  0.03    0.04  0.04    0.05  0.04    0.36  0.04
    12     13   -0.35  0.03    0.10  0.07    0.12  0.07    0.43  0.04
    13     14   -0.57  0.08    0.10  0.08    0.14  0.09    0.55  0.05
    14     15   -0.93  0.07    0.22  0.13    0.29  0.13    0.72  0.03


Final results in kJ/mol:

point      0 -      1,   DG  2.81 +/-  0.23
point      1 -      2,   DG  3.88 +/-  0.14
point      2 -      3,   DG  0.04 +/-  0.17
point      3 -      4,   DG -1.84 +/-  0.10
point      4 -      5,   DG -2.56 +/-  0.14
point      5 -      6,   DG -3.28 +/-  0.08
point      6 -      7,   DG -3.81 +/-  0.04
point      7 -      8,   DG -4.21 +/-  0.07
point      8 -      9,   DG -4.49 +/-  0.03
point      9 -     10,   DG -4.69 +/-  0.04
point     10 -     11,   DG -0.20 +/-  0.06
point     11 -     12,   DG -0.49 +/-  0.08
point     12 -     13,   DG -0.86 +/-  0.07
point     13 -     14,   DG -1.40 +/-  0.19
point     14 -     15,   DG -2.31 +/-  0.18

total      0 -     15,   DG -23.41 +/-  0.47

