
md10.edr: 0.0 - 20001.0; lambda = (0, 0.9)
    foreign lambdas:
        delta H to (0, 0.8) (20001 pts)
        delta H to (0, 0.9) (20001 pts)
        delta H to (0, 1) (20001 pts)



md11.edr: 0.0 - 20001.0; lambda = (0, 1)
    foreign lambdas:
        delta H to (0, 0.9) (20001 pts)
        delta H to (0, 1) (20001 pts)
        delta H to (0.2, 1) (20001 pts)



md12.edr: 0.0 - 20001.0; lambda = (0.2, 1)
    foreign lambdas:
        delta H to (0, 1) (20001 pts)
        delta H to (0.2, 1) (20001 pts)
        delta H to (0.4, 1) (20001 pts)



md13.edr: 0.0 - 20001.0; lambda = (0.4, 1)
    foreign lambdas:
        delta H to (0.2, 1) (20001 pts)
        delta H to (0.4, 1) (20001 pts)
        delta H to (0.6, 1) (20001 pts)



md14.edr: 0.0 - 20001.0; lambda = (0.6, 1)
    foreign lambdas:
        delta H to (0.4, 1) (20001 pts)
        delta H to (0.6, 1) (20001 pts)
        delta H to (0.8, 1) (20001 pts)



md15.edr: 0.0 - 20001.0; lambda = (0.8, 1)
    foreign lambdas:
        delta H to (0.6, 1) (20001 pts)
        delta H to (0.8, 1) (20001 pts)
        delta H to (1, 1) (20001 pts)



md16.edr: 0.0 - 20001.0; lambda = (1, 1)
    foreign lambdas:
        delta H to (0.8, 1) (20001 pts)
        delta H to (1, 1) (20001 pts)



md1.edr: 0.0 - 20001.0; lambda = (0, 0)
    foreign lambdas:
        delta H to (0, 0) (20001 pts)
        delta H to (0, 0.1) (20001 pts)



md2.edr: 0.0 - 20001.0; lambda = (0, 0.1)
    foreign lambdas:
        delta H to (0, 0) (20001 pts)
        delta H to (0, 0.1) (20001 pts)
        delta H to (0, 0.2) (20001 pts)



md3.edr: 0.0 - 20001.0; lambda = (0, 0.2)
    foreign lambdas:
        delta H to (0, 0.1) (20001 pts)
        delta H to (0, 0.2) (20001 pts)
        delta H to (0, 0.3) (20001 pts)



md4.edr: 0.0 - 20001.0; lambda = (0, 0.3)
    foreign lambdas:
        delta H to (0, 0.2) (20001 pts)
        delta H to (0, 0.3) (20001 pts)
        delta H to (0, 0.4) (20001 pts)



md5.edr: 0.0 - 20001.0; lambda = (0, 0.4)
    foreign lambdas:
        delta H to (0, 0.3) (20001 pts)
        delta H to (0, 0.4) (20001 pts)
        delta H to (0, 0.5) (20001 pts)



md6.edr: 0.0 - 20001.0; lambda = (0, 0.5)
    foreign lambdas:
        delta H to (0, 0.4) (20001 pts)
        delta H to (0, 0.5) (20001 pts)
        delta H to (0, 0.6) (20001 pts)



md7.edr: 0.0 - 20001.0; lambda = (0, 0.6)
    foreign lambdas:
        delta H to (0, 0.5) (20001 pts)
        delta H to (0, 0.6) (20001 pts)
        delta H to (0, 0.7) (20001 pts)



md8.edr: 0.0 - 20001.0; lambda = (0, 0.7)
    foreign lambdas:
        delta H to (0, 0.6) (20001 pts)
        delta H to (0, 0.7) (20001 pts)
        delta H to (0, 0.8) (20001 pts)



md9.edr: 0.0 - 20001.0; lambda = (0, 0.8)
    foreign lambdas:
        delta H to (0, 0.7) (20001 pts)
        delta H to (0, 0.8) (20001 pts)
        delta H to (0, 0.9) (20001 pts)



   Samples in time interval: 0.000 - 20001.000
Removing samples outside of: 0.000 - 3000.000

Temperature: 298.15 K

Detailed results in kT (see help for explanation):

 lam_A  lam_B      DG   +/-     s_A   +/-     s_B   +/-   stdev   +/- 
     0      1    1.08  0.11    0.73  0.11    0.73  0.10    1.29  0.07
     1      2    1.64  0.04    2.63  0.18    2.12  0.12    2.56  0.13
     2      3   -0.04  0.05    2.30  0.13    1.30  0.06    1.92  0.04
     3      4   -0.75  0.04    1.19  0.10    0.73  0.05    1.40  0.04
     4      5   -0.98  0.06    1.11  0.05    0.71  0.04    1.31  0.04
     5      6   -1.29  0.03    0.88  0.05    0.57  0.04    1.16  0.03
     6      7   -1.57  0.01    0.86  0.05    0.56  0.03    1.10  0.03
     7      8   -1.74  0.02    0.66  0.03    0.42  0.02    1.01  0.01
     8      9   -1.81  0.02    0.61  0.04    0.39  0.03    0.95  0.02
     9     10   -1.90  0.02    0.47  0.03    0.30  0.02    0.85  0.01
    10     11   -0.09  0.03    0.06  0.04    0.06  0.04    0.32  0.04
    11     12   -0.16  0.03    0.01  0.07    0.01  0.07    0.37  0.06
    12     13   -0.37  0.09    0.20  0.06    0.22  0.07    0.48  0.07
    13     14   -0.68  0.09    0.09  0.15    0.14  0.17    0.61  0.09
    14     15   -0.93  0.13    0.11  0.15    0.18  0.14    0.74  0.06


Final results in kJ/mol:

point      0 -      1,   DG  2.67 +/-  0.26
point      1 -      2,   DG  4.08 +/-  0.10
point      2 -      3,   DG -0.11 +/-  0.11
point      3 -      4,   DG -1.85 +/-  0.10
point      4 -      5,   DG -2.44 +/-  0.15
point      5 -      6,   DG -3.20 +/-  0.08
point      6 -      7,   DG -3.88 +/-  0.03
point      7 -      8,   DG -4.32 +/-  0.04
point      8 -      9,   DG -4.49 +/-  0.06
point      9 -     10,   DG -4.72 +/-  0.04
point     10 -     11,   DG -0.21 +/-  0.08
point     11 -     12,   DG -0.39 +/-  0.07
point     12 -     13,   DG -0.91 +/-  0.22
point     13 -     14,   DG -1.68 +/-  0.21
point     14 -     15,   DG -2.31 +/-  0.33

total      0 -     15,   DG -23.78 +/-  0.79

