
md10.edr: 0.0 - 20001.0; lambda = (0, 0.9)
    foreign lambdas:
        delta H to (0, 0.8) (20001 pts)
        delta H to (0, 0.9) (20001 pts)
        delta H to (0, 1) (20001 pts)



md11.edr: 0.0 - 20001.0; lambda = (0, 1)
    foreign lambdas:
        delta H to (0, 0.9) (20001 pts)
        delta H to (0, 1) (20001 pts)
        delta H to (0.2, 1) (20001 pts)



md12.edr: 0.0 - 20001.0; lambda = (0.2, 1)
    foreign lambdas:
        delta H to (0, 1) (20001 pts)
        delta H to (0.2, 1) (20001 pts)
        delta H to (0.4, 1) (20001 pts)



md13.edr: 0.0 - 20001.0; lambda = (0.4, 1)
    foreign lambdas:
        delta H to (0.2, 1) (20001 pts)
        delta H to (0.4, 1) (20001 pts)
        delta H to (0.6, 1) (20001 pts)



md14.edr: 0.0 - 20001.0; lambda = (0.6, 1)
    foreign lambdas:
        delta H to (0.4, 1) (20001 pts)
        delta H to (0.6, 1) (20001 pts)
        delta H to (0.8, 1) (20001 pts)



md15.edr: 0.0 - 20001.0; lambda = (0.8, 1)
    foreign lambdas:
        delta H to (0.6, 1) (20001 pts)
        delta H to (0.8, 1) (20001 pts)
        delta H to (1, 1) (20001 pts)



md16.edr: 0.0 - 20001.0; lambda = (1, 1)
    foreign lambdas:
        delta H to (0.8, 1) (20001 pts)
        delta H to (1, 1) (20001 pts)



md1.edr: 0.0 - 20001.0; lambda = (0, 0)
    foreign lambdas:
        delta H to (0, 0) (20001 pts)
        delta H to (0, 0.1) (20001 pts)



md2.edr: 0.0 - 20001.0; lambda = (0, 0.1)
    foreign lambdas:
        delta H to (0, 0) (20001 pts)
        delta H to (0, 0.1) (20001 pts)
        delta H to (0, 0.2) (20001 pts)



md3.edr: 0.0 - 20001.0; lambda = (0, 0.2)
    foreign lambdas:
        delta H to (0, 0.1) (20001 pts)
        delta H to (0, 0.2) (20001 pts)
        delta H to (0, 0.3) (20001 pts)



md4.edr: 0.0 - 20001.0; lambda = (0, 0.3)
    foreign lambdas:
        delta H to (0, 0.2) (20001 pts)
        delta H to (0, 0.3) (20001 pts)
        delta H to (0, 0.4) (20001 pts)



md5.edr: 0.0 - 20001.0; lambda = (0, 0.4)
    foreign lambdas:
        delta H to (0, 0.3) (20001 pts)
        delta H to (0, 0.4) (20001 pts)
        delta H to (0, 0.5) (20001 pts)



md6.edr: 0.0 - 20001.0; lambda = (0, 0.5)
    foreign lambdas:
        delta H to (0, 0.4) (20001 pts)
        delta H to (0, 0.5) (20001 pts)
        delta H to (0, 0.6) (20001 pts)



md7.edr: 0.0 - 20001.0; lambda = (0, 0.6)
    foreign lambdas:
        delta H to (0, 0.5) (20001 pts)
        delta H to (0, 0.6) (20001 pts)
        delta H to (0, 0.7) (20001 pts)



md8.edr: 0.0 - 20001.0; lambda = (0, 0.7)
    foreign lambdas:
        delta H to (0, 0.6) (20001 pts)
        delta H to (0, 0.7) (20001 pts)
        delta H to (0, 0.8) (20001 pts)



md9.edr: 0.0 - 20001.0; lambda = (0, 0.8)
    foreign lambdas:
        delta H to (0, 0.7) (20001 pts)
        delta H to (0, 0.8) (20001 pts)
        delta H to (0, 0.9) (20001 pts)



   Samples in time interval: 0.000 - 20001.000
Removing samples outside of: 0.000 - 2000.000

Temperature: 298.15 K

Detailed results in kT (see help for explanation):

 lam_A  lam_B      DG   +/-     s_A   +/-     s_B   +/-   stdev   +/- 
     0      1    1.18  0.15    0.78  0.06    0.79  0.07    1.32  0.05
     1      2    1.71  0.17    2.67  0.20    2.16  0.23    2.60  0.22
     2      3   -0.06  0.10    2.33  0.23    1.28  0.11    1.89  0.08
     3      4   -0.71  0.10    1.14  0.07    0.72  0.05    1.39  0.04
     4      5   -0.93  0.05    1.16  0.08    0.76  0.06    1.36  0.04
     5      6   -1.26  0.01    0.92  0.06    0.60  0.04    1.20  0.02
     6      7   -1.56  0.02    0.87  0.05    0.55  0.03    1.10  0.03
     7      8   -1.72  0.02    0.64  0.02    0.41  0.01    1.01  0.01
     8      9   -1.79  0.02    0.65  0.03    0.41  0.02    0.95  0.02
     9     10   -1.91  0.02    0.45  0.03    0.30  0.02    0.84  0.02
    10     11   -0.05  0.01    0.01  0.02    0.01  0.02    0.28  0.04
    11     12   -0.14  0.04    0.08  0.04    0.08  0.05    0.37  0.07
    12     13   -0.48  0.06    0.26  0.06    0.29  0.07    0.54  0.04
    13     14   -0.65  0.09   -0.11  0.04   -0.10  0.04    0.51  0.04
    14     15   -0.82  0.15    0.27  0.05    0.31  0.06    0.67  0.07

WARNING: Some of these results violate the Second Law of Thermodynamics: 
         This is can be the result of severe undersampling, or (more likely)
         there is something wrong with the simulations.


Final results in kJ/mol:

point      0 -      1,   DG  2.94 +/-  0.37
point      1 -      2,   DG  4.25 +/-  0.41
point      2 -      3,   DG -0.15 +/-  0.25
point      3 -      4,   DG -1.76 +/-  0.26
point      4 -      5,   DG -2.30 +/-  0.13
point      5 -      6,   DG -3.12 +/-  0.03
point      6 -      7,   DG -3.88 +/-  0.06
point      7 -      8,   DG -4.27 +/-  0.05
point      8 -      9,   DG -4.45 +/-  0.05
point      9 -     10,   DG -4.72 +/-  0.05
point     10 -     11,   DG -0.13 +/-  0.02
point     11 -     12,   DG -0.34 +/-  0.10
point     12 -     13,   DG -1.19 +/-  0.14
point     13 -     14,   DG -1.62 +/-  0.22
point     14 -     15,   DG -2.03 +/-  0.37

total      0 -     15,   DG -22.76 +/-  1.55

