
md10.edr: 0.0 - 20001.0; lambda = (0, 0.9)
    foreign lambdas:
        delta H to (0, 0.8) (20001 pts)
        delta H to (0, 0.9) (20001 pts)
        delta H to (0, 1) (20001 pts)



md11.edr: 0.0 - 20001.0; lambda = (0, 1)
    foreign lambdas:
        delta H to (0, 0.9) (20001 pts)
        delta H to (0, 1) (20001 pts)
        delta H to (0.2, 1) (20001 pts)



md12.edr: 0.0 - 20001.0; lambda = (0.2, 1)
    foreign lambdas:
        delta H to (0, 1) (20001 pts)
        delta H to (0.2, 1) (20001 pts)
        delta H to (0.4, 1) (20001 pts)



md13.edr: 0.0 - 20001.0; lambda = (0.4, 1)
    foreign lambdas:
        delta H to (0.2, 1) (20001 pts)
        delta H to (0.4, 1) (20001 pts)
        delta H to (0.6, 1) (20001 pts)



md14.edr: 0.0 - 20001.0; lambda = (0.6, 1)
    foreign lambdas:
        delta H to (0.4, 1) (20001 pts)
        delta H to (0.6, 1) (20001 pts)
        delta H to (0.8, 1) (20001 pts)



md15.edr: 0.0 - 20001.0; lambda = (0.8, 1)
    foreign lambdas:
        delta H to (0.6, 1) (20001 pts)
        delta H to (0.8, 1) (20001 pts)
        delta H to (1, 1) (20001 pts)



md16.edr: 0.0 - 20001.0; lambda = (1, 1)
    foreign lambdas:
        delta H to (0.8, 1) (20001 pts)
        delta H to (1, 1) (20001 pts)



md1.edr: 0.0 - 20001.0; lambda = (0, 0)
    foreign lambdas:
        delta H to (0, 0) (20001 pts)
        delta H to (0, 0.1) (20001 pts)



md2.edr: 0.0 - 20001.0; lambda = (0, 0.1)
    foreign lambdas:
        delta H to (0, 0) (20001 pts)
        delta H to (0, 0.1) (20001 pts)
        delta H to (0, 0.2) (20001 pts)



md3.edr: 0.0 - 20001.0; lambda = (0, 0.2)
    foreign lambdas:
        delta H to (0, 0.1) (20001 pts)
        delta H to (0, 0.2) (20001 pts)
        delta H to (0, 0.3) (20001 pts)



md4.edr: 0.0 - 20001.0; lambda = (0, 0.3)
    foreign lambdas:
        delta H to (0, 0.2) (20001 pts)
        delta H to (0, 0.3) (20001 pts)
        delta H to (0, 0.4) (20001 pts)



md5.edr: 0.0 - 20001.0; lambda = (0, 0.4)
    foreign lambdas:
        delta H to (0, 0.3) (20001 pts)
        delta H to (0, 0.4) (20001 pts)
        delta H to (0, 0.5) (20001 pts)



md6.edr: 0.0 - 20001.0; lambda = (0, 0.5)
    foreign lambdas:
        delta H to (0, 0.4) (20001 pts)
        delta H to (0, 0.5) (20001 pts)
        delta H to (0, 0.6) (20001 pts)



md7.edr: 0.0 - 20001.0; lambda = (0, 0.6)
    foreign lambdas:
        delta H to (0, 0.5) (20001 pts)
        delta H to (0, 0.6) (20001 pts)
        delta H to (0, 0.7) (20001 pts)



md8.edr: 0.0 - 20001.0; lambda = (0, 0.7)
    foreign lambdas:
        delta H to (0, 0.6) (20001 pts)
        delta H to (0, 0.7) (20001 pts)
        delta H to (0, 0.8) (20001 pts)



md9.edr: 0.0 - 20001.0; lambda = (0, 0.8)
    foreign lambdas:
        delta H to (0, 0.7) (20001 pts)
        delta H to (0, 0.8) (20001 pts)
        delta H to (0, 0.9) (20001 pts)



   Samples in time interval: 0.000 - 20001.000
Removing samples outside of: 0.000 - 10000.000

Temperature: 298.15 K

Detailed results in kT (see help for explanation):

 lam_A  lam_B      DG   +/-     s_A   +/-     s_B   +/-   stdev   +/- 
     0      1    1.20  0.08    0.83  0.07    0.87  0.06    1.37  0.03
     1      2    1.57  0.10    2.65  0.12    2.04  0.07    2.49  0.08
     2      3    0.02  0.03    2.27  0.04    1.32  0.03    1.94  0.02
     3      4   -0.76  0.02    1.30  0.05    0.79  0.02    1.43  0.02
     4      5   -1.04  0.03    1.08  0.02    0.69  0.02    1.31  0.02
     5      6   -1.31  0.02    0.92  0.04    0.59  0.03    1.19  0.02
     6      7   -1.52  0.02    0.82  0.03    0.51  0.02    1.11  0.01
     7      8   -1.67  0.03    0.71  0.03    0.45  0.02    1.03  0.01
     8      9   -1.81  0.02    0.61  0.01    0.39  0.01    0.94  0.01
     9     10   -1.90  0.01    0.51  0.02    0.33  0.01    0.88  0.01
    10     11   -0.08  0.02    0.10  0.04    0.10  0.04    0.35  0.04
    11     12   -0.21  0.02    0.02  0.04    0.03  0.04    0.36  0.01
    12     13   -0.32  0.04    0.08  0.05    0.09  0.06    0.40  0.04
    13     14   -0.52  0.06    0.11  0.07    0.14  0.08    0.51  0.04
    14     15   -0.95  0.04    0.29  0.08    0.37  0.08    0.74  0.02


Final results in kJ/mol:

point      0 -      1,   DG  2.98 +/-  0.19
point      1 -      2,   DG  3.89 +/-  0.24
point      2 -      3,   DG  0.04 +/-  0.08
point      3 -      4,   DG -1.87 +/-  0.05
point      4 -      5,   DG -2.57 +/-  0.08
point      5 -      6,   DG -3.26 +/-  0.06
point      6 -      7,   DG -3.76 +/-  0.05
point      7 -      8,   DG -4.13 +/-  0.07
point      8 -      9,   DG -4.49 +/-  0.04
point      9 -     10,   DG -4.72 +/-  0.04
point     10 -     11,   DG -0.21 +/-  0.06
point     11 -     12,   DG -0.52 +/-  0.06
point     12 -     13,   DG -0.78 +/-  0.10
point     13 -     14,   DG -1.29 +/-  0.15
point     14 -     15,   DG -2.36 +/-  0.10

total      0 -     15,   DG -23.06 +/-  0.51

