
md10.edr: 0.0 - 20001.0; lambda = (0, 0.9)
    foreign lambdas:
        delta H to (0, 0.8) (20001 pts)
        delta H to (0, 0.9) (20001 pts)
        delta H to (0, 1) (20001 pts)



md11.edr: 0.0 - 20001.0; lambda = (0, 1)
    foreign lambdas:
        delta H to (0, 0.9) (20001 pts)
        delta H to (0, 1) (20001 pts)
        delta H to (0.2, 1) (20001 pts)



md12.edr: 0.0 - 20001.0; lambda = (0.2, 1)
    foreign lambdas:
        delta H to (0, 1) (20001 pts)
        delta H to (0.2, 1) (20001 pts)
        delta H to (0.4, 1) (20001 pts)



md13.edr: 0.0 - 20001.0; lambda = (0.4, 1)
    foreign lambdas:
        delta H to (0.2, 1) (20001 pts)
        delta H to (0.4, 1) (20001 pts)
        delta H to (0.6, 1) (20001 pts)



md14.edr: 0.0 - 20001.0; lambda = (0.6, 1)
    foreign lambdas:
        delta H to (0.4, 1) (20001 pts)
        delta H to (0.6, 1) (20001 pts)
        delta H to (0.8, 1) (20001 pts)



md15.edr: 0.0 - 20001.0; lambda = (0.8, 1)
    foreign lambdas:
        delta H to (0.6, 1) (20001 pts)
        delta H to (0.8, 1) (20001 pts)
        delta H to (1, 1) (20001 pts)



md16.edr: 0.0 - 20001.0; lambda = (1, 1)
    foreign lambdas:
        delta H to (0.8, 1) (20001 pts)
        delta H to (1, 1) (20001 pts)



md1.edr: 0.0 - 20001.0; lambda = (0, 0)
    foreign lambdas:
        delta H to (0, 0) (20001 pts)
        delta H to (0, 0.1) (20001 pts)



md2.edr: 0.0 - 20001.0; lambda = (0, 0.1)
    foreign lambdas:
        delta H to (0, 0) (20001 pts)
        delta H to (0, 0.1) (20001 pts)
        delta H to (0, 0.2) (20001 pts)



md3.edr: 0.0 - 20001.0; lambda = (0, 0.2)
    foreign lambdas:
        delta H to (0, 0.1) (20001 pts)
        delta H to (0, 0.2) (20001 pts)
        delta H to (0, 0.3) (20001 pts)



md4.edr: 0.0 - 20001.0; lambda = (0, 0.3)
    foreign lambdas:
        delta H to (0, 0.2) (20001 pts)
        delta H to (0, 0.3) (20001 pts)
        delta H to (0, 0.4) (20001 pts)



md5.edr: 0.0 - 20001.0; lambda = (0, 0.4)
    foreign lambdas:
        delta H to (0, 0.3) (20001 pts)
        delta H to (0, 0.4) (20001 pts)
        delta H to (0, 0.5) (20001 pts)



md6.edr: 0.0 - 20001.0; lambda = (0, 0.5)
    foreign lambdas:
        delta H to (0, 0.4) (20001 pts)
        delta H to (0, 0.5) (20001 pts)
        delta H to (0, 0.6) (20001 pts)



md7.edr: 0.0 - 20001.0; lambda = (0, 0.6)
    foreign lambdas:
        delta H to (0, 0.5) (20001 pts)
        delta H to (0, 0.6) (20001 pts)
        delta H to (0, 0.7) (20001 pts)



md8.edr: 0.0 - 20001.0; lambda = (0, 0.7)
    foreign lambdas:
        delta H to (0, 0.6) (20001 pts)
        delta H to (0, 0.7) (20001 pts)
        delta H to (0, 0.8) (20001 pts)



md9.edr: 0.0 - 20001.0; lambda = (0, 0.8)
    foreign lambdas:
        delta H to (0, 0.7) (20001 pts)
        delta H to (0, 0.8) (20001 pts)
        delta H to (0, 0.9) (20001 pts)



Temperature: 298.15 K

Detailed results in kT (see help for explanation):

 lam_A  lam_B      DG   +/-     s_A   +/-     s_B   +/-   stdev   +/- 
     0      1    1.21  0.04    0.62  0.04    0.67  0.05    1.28  0.02
     1      2    1.87  0.06    2.68  0.11    2.10  0.09    2.54  0.07
     2      3    0.26  0.07    2.45  0.10    1.41  0.06    2.03  0.05
     3      4   -0.61  0.03    1.48  0.04    0.92  0.02    1.53  0.02
     4      5   -1.04  0.02    1.09  0.03    0.69  0.01    1.31  0.01
     5      6   -1.32  0.02    0.92  0.03    0.60  0.01    1.19  0.01
     6      7   -1.51  0.01    0.78  0.01    0.49  0.01    1.10  0.00
     7      8   -1.66  0.02    0.73  0.02    0.46  0.01    1.03  0.01
     8      9   -1.81  0.01    0.59  0.01    0.38  0.01    0.93  0.01
     9     10   -1.91  0.01    0.53  0.01    0.35  0.01    0.89  0.00
    10     11   -0.08  0.01    0.04  0.01    0.04  0.01    0.30  0.02
    11     12   -0.19  0.02    0.07  0.01    0.07  0.01    0.36  0.01
    12     13   -0.40  0.02    0.14  0.01    0.16  0.01    0.48  0.01
    13     14   -0.65  0.03    0.09  0.04    0.13  0.05    0.61  0.03
    14     15   -1.22  0.11    0.44  0.11    0.55  0.11    0.98  0.04


Final results in kJ/mol:

point      0 -      1,   DG  3.00 +/-  0.09
point      1 -      2,   DG  4.63 +/-  0.15
point      2 -      3,   DG  0.63 +/-  0.18
point      3 -      4,   DG -1.52 +/-  0.07
point      4 -      5,   DG -2.59 +/-  0.04
point      5 -      6,   DG -3.27 +/-  0.04
point      6 -      7,   DG -3.75 +/-  0.03
point      7 -      8,   DG -4.12 +/-  0.04
point      8 -      9,   DG -4.49 +/-  0.03
point      9 -     10,   DG -4.73 +/-  0.02
point     10 -     11,   DG -0.20 +/-  0.03
point     11 -     12,   DG -0.47 +/-  0.06
point     12 -     13,   DG -0.99 +/-  0.06
point     13 -     14,   DG -1.60 +/-  0.07
point     14 -     15,   DG -3.02 +/-  0.27

total      0 -     15,   DG -22.49 +/-  0.66

