
md10.edr: 0.0 - 20001.0; lambda = (0, 0.9)
    foreign lambdas:
        delta H to (0, 0.8) (20001 pts)
        delta H to (0, 0.9) (20001 pts)
        delta H to (0, 1) (20001 pts)



md11.edr: 0.0 - 20001.0; lambda = (0, 1)
    foreign lambdas:
        delta H to (0, 0.9) (20001 pts)
        delta H to (0, 1) (20001 pts)
        delta H to (0.2, 1) (20001 pts)



md12.edr: 0.0 - 20001.0; lambda = (0.2, 1)
    foreign lambdas:
        delta H to (0, 1) (20001 pts)
        delta H to (0.2, 1) (20001 pts)
        delta H to (0.4, 1) (20001 pts)



md13.edr: 0.0 - 20001.0; lambda = (0.4, 1)
    foreign lambdas:
        delta H to (0.2, 1) (20001 pts)
        delta H to (0.4, 1) (20001 pts)
        delta H to (0.6, 1) (20001 pts)



md14.edr: 0.0 - 20001.0; lambda = (0.6, 1)
    foreign lambdas:
        delta H to (0.4, 1) (20001 pts)
        delta H to (0.6, 1) (20001 pts)
        delta H to (0.8, 1) (20001 pts)



md15.edr: 0.0 - 20001.0; lambda = (0.8, 1)
    foreign lambdas:
        delta H to (0.6, 1) (20001 pts)
        delta H to (0.8, 1) (20001 pts)
        delta H to (1, 1) (20001 pts)



md16.edr: 0.0 - 20001.0; lambda = (1, 1)
    foreign lambdas:
        delta H to (0.8, 1) (20001 pts)
        delta H to (1, 1) (20001 pts)



md1.edr: 0.0 - 20001.0; lambda = (0, 0)
    foreign lambdas:
        delta H to (0, 0) (20001 pts)
        delta H to (0, 0.1) (20001 pts)



md2.edr: 0.0 - 20001.0; lambda = (0, 0.1)
    foreign lambdas:
        delta H to (0, 0) (20001 pts)
        delta H to (0, 0.1) (20001 pts)
        delta H to (0, 0.2) (20001 pts)



md3.edr: 0.0 - 20001.0; lambda = (0, 0.2)
    foreign lambdas:
        delta H to (0, 0.1) (20001 pts)
        delta H to (0, 0.2) (20001 pts)
        delta H to (0, 0.3) (20001 pts)



md4.edr: 0.0 - 20001.0; lambda = (0, 0.3)
    foreign lambdas:
        delta H to (0, 0.2) (20001 pts)
        delta H to (0, 0.3) (20001 pts)
        delta H to (0, 0.4) (20001 pts)



md5.edr: 0.0 - 20001.0; lambda = (0, 0.4)
    foreign lambdas:
        delta H to (0, 0.3) (20001 pts)
        delta H to (0, 0.4) (20001 pts)
        delta H to (0, 0.5) (20001 pts)



md6.edr: 0.0 - 20001.0; lambda = (0, 0.5)
    foreign lambdas:
        delta H to (0, 0.4) (20001 pts)
        delta H to (0, 0.5) (20001 pts)
        delta H to (0, 0.6) (20001 pts)



md7.edr: 0.0 - 20001.0; lambda = (0, 0.6)
    foreign lambdas:
        delta H to (0, 0.5) (20001 pts)
        delta H to (0, 0.6) (20001 pts)
        delta H to (0, 0.7) (20001 pts)



md8.edr: 0.0 - 20001.0; lambda = (0, 0.7)
    foreign lambdas:
        delta H to (0, 0.6) (20001 pts)
        delta H to (0, 0.7) (20001 pts)
        delta H to (0, 0.8) (20001 pts)



md9.edr: 0.0 - 20001.0; lambda = (0, 0.8)
    foreign lambdas:
        delta H to (0, 0.7) (20001 pts)
        delta H to (0, 0.8) (20001 pts)
        delta H to (0, 0.9) (20001 pts)



   Samples in time interval: 0.000 - 20001.000
Removing samples outside of: 0.000 - 8000.000

Temperature: 298.15 K

Detailed results in kT (see help for explanation):

 lam_A  lam_B      DG   +/-     s_A   +/-     s_B   +/-   stdev   +/- 
     0      1    1.21  0.04    0.69  0.09    0.73  0.09    1.31  0.03
     1      2    1.89  0.08    2.50  0.15    1.98  0.10    2.44  0.09
     2      3    0.38  0.10    2.64  0.13    1.51  0.09    2.11  0.07
     3      4   -0.60  0.03    1.49  0.07    0.94  0.04    1.55  0.03
     4      5   -1.04  0.03    1.10  0.02    0.69  0.01    1.33  0.01
     5      6   -1.33  0.02    0.96  0.04    0.61  0.03    1.21  0.02
     6      7   -1.52  0.01    0.77  0.02    0.48  0.02    1.10  0.01
     7      8   -1.64  0.02    0.71  0.03    0.45  0.02    1.03  0.01
     8      9   -1.79  0.02    0.61  0.01    0.39  0.01    0.95  0.01
     9     10   -1.89  0.02    0.53  0.02    0.35  0.01    0.89  0.01
    10     11   -0.07  0.02    0.05  0.01    0.06  0.01    0.28  0.01
    11     12   -0.18  0.03    0.05  0.03    0.06  0.04    0.35  0.03
    12     13   -0.36  0.05    0.13  0.03    0.15  0.03    0.46  0.03
    13     14   -0.66  0.05    0.14  0.06    0.19  0.06    0.61  0.03
    14     15   -1.16  0.02    0.31  0.10    0.41  0.11    0.89  0.02


Final results in kJ/mol:

point      0 -      1,   DG  2.99 +/-  0.10
point      1 -      2,   DG  4.68 +/-  0.21
point      2 -      3,   DG  0.95 +/-  0.25
point      3 -      4,   DG -1.49 +/-  0.08
point      4 -      5,   DG -2.58 +/-  0.06
point      5 -      6,   DG -3.29 +/-  0.04
point      6 -      7,   DG -3.77 +/-  0.03
point      7 -      8,   DG -4.07 +/-  0.04
point      8 -      9,   DG -4.43 +/-  0.04
point      9 -     10,   DG -4.68 +/-  0.04
point     10 -     11,   DG -0.18 +/-  0.04
point     11 -     12,   DG -0.44 +/-  0.08
point     12 -     13,   DG -0.90 +/-  0.11
point     13 -     14,   DG -1.62 +/-  0.11
point     14 -     15,   DG -2.87 +/-  0.06

total      0 -     15,   DG -21.70 +/-  0.63

