
md10.edr: 0.0 - 20001.0; lambda = (0, 0.9)
    foreign lambdas:
        delta H to (0, 0.8) (20001 pts)
        delta H to (0, 0.9) (20001 pts)
        delta H to (0, 1) (20001 pts)



md11.edr: 0.0 - 20001.0; lambda = (0, 1)
    foreign lambdas:
        delta H to (0, 0.9) (20001 pts)
        delta H to (0, 1) (20001 pts)
        delta H to (0.2, 1) (20001 pts)



md12.edr: 0.0 - 20001.0; lambda = (0.2, 1)
    foreign lambdas:
        delta H to (0, 1) (20001 pts)
        delta H to (0.2, 1) (20001 pts)
        delta H to (0.4, 1) (20001 pts)



md13.edr: 0.0 - 20001.0; lambda = (0.4, 1)
    foreign lambdas:
        delta H to (0.2, 1) (20001 pts)
        delta H to (0.4, 1) (20001 pts)
        delta H to (0.6, 1) (20001 pts)



md14.edr: 0.0 - 20001.0; lambda = (0.6, 1)
    foreign lambdas:
        delta H to (0.4, 1) (20001 pts)
        delta H to (0.6, 1) (20001 pts)
        delta H to (0.8, 1) (20001 pts)



md15.edr: 0.0 - 20001.0; lambda = (0.8, 1)
    foreign lambdas:
        delta H to (0.6, 1) (20001 pts)
        delta H to (0.8, 1) (20001 pts)
        delta H to (1, 1) (20001 pts)



md16.edr: 0.0 - 20001.0; lambda = (1, 1)
    foreign lambdas:
        delta H to (0.8, 1) (20001 pts)
        delta H to (1, 1) (20001 pts)



md1.edr: 0.0 - 20001.0; lambda = (0, 0)
    foreign lambdas:
        delta H to (0, 0) (20001 pts)
        delta H to (0, 0.1) (20001 pts)



md2.edr: 0.0 - 20001.0; lambda = (0, 0.1)
    foreign lambdas:
        delta H to (0, 0) (20001 pts)
        delta H to (0, 0.1) (20001 pts)
        delta H to (0, 0.2) (20001 pts)



md3.edr: 0.0 - 20001.0; lambda = (0, 0.2)
    foreign lambdas:
        delta H to (0, 0.1) (20001 pts)
        delta H to (0, 0.2) (20001 pts)
        delta H to (0, 0.3) (20001 pts)



md4.edr: 0.0 - 20001.0; lambda = (0, 0.3)
    foreign lambdas:
        delta H to (0, 0.2) (20001 pts)
        delta H to (0, 0.3) (20001 pts)
        delta H to (0, 0.4) (20001 pts)



md5.edr: 0.0 - 20001.0; lambda = (0, 0.4)
    foreign lambdas:
        delta H to (0, 0.3) (20001 pts)
        delta H to (0, 0.4) (20001 pts)
        delta H to (0, 0.5) (20001 pts)



md6.edr: 0.0 - 20001.0; lambda = (0, 0.5)
    foreign lambdas:
        delta H to (0, 0.4) (20001 pts)
        delta H to (0, 0.5) (20001 pts)
        delta H to (0, 0.6) (20001 pts)



md7.edr: 0.0 - 20001.0; lambda = (0, 0.6)
    foreign lambdas:
        delta H to (0, 0.5) (20001 pts)
        delta H to (0, 0.6) (20001 pts)
        delta H to (0, 0.7) (20001 pts)



md8.edr: 0.0 - 20001.0; lambda = (0, 0.7)
    foreign lambdas:
        delta H to (0, 0.6) (20001 pts)
        delta H to (0, 0.7) (20001 pts)
        delta H to (0, 0.8) (20001 pts)



md9.edr: 0.0 - 20001.0; lambda = (0, 0.8)
    foreign lambdas:
        delta H to (0, 0.7) (20001 pts)
        delta H to (0, 0.8) (20001 pts)
        delta H to (0, 0.9) (20001 pts)



   Samples in time interval: 0.000 - 20001.000
Removing samples outside of: 0.000 - 14000.000

Temperature: 298.15 K

Detailed results in kT (see help for explanation):

 lam_A  lam_B      DG   +/-     s_A   +/-     s_B   +/-   stdev   +/- 
     0      1    1.21  0.03    0.60  0.08    0.63  0.08    1.27  0.03
     1      2    1.91  0.10    2.70  0.14    2.13  0.11    2.57  0.09
     2      3    0.25  0.13    2.47  0.16    1.42  0.09    2.03  0.08
     3      4   -0.65  0.04    1.43  0.06    0.90  0.03    1.51  0.03
     4      5   -1.06  0.03    1.09  0.04    0.68  0.03    1.31  0.02
     5      6   -1.33  0.02    0.94  0.03    0.61  0.02    1.20  0.01
     6      7   -1.53  0.01    0.77  0.02    0.48  0.02    1.09  0.01
     7      8   -1.66  0.02    0.71  0.02    0.45  0.01    1.02  0.01
     8      9   -1.80  0.02    0.59  0.01    0.38  0.01    0.94  0.01
     9     10   -1.90  0.01    0.54  0.01    0.35  0.01    0.89  0.01
    10     11   -0.09  0.01    0.06  0.01    0.06  0.01    0.32  0.02
    11     12   -0.20  0.02    0.05  0.02    0.06  0.02    0.36  0.01
    12     13   -0.39  0.04    0.13  0.02    0.15  0.02    0.46  0.03
    13     14   -0.60  0.06    0.06  0.06    0.10  0.07    0.57  0.04
    14     15   -1.18  0.08    0.49  0.11    0.61  0.12    0.98  0.05


Final results in kJ/mol:

point      0 -      1,   DG  3.00 +/-  0.07
point      1 -      2,   DG  4.73 +/-  0.25
point      2 -      3,   DG  0.62 +/-  0.32
point      3 -      4,   DG -1.60 +/-  0.10
point      4 -      5,   DG -2.62 +/-  0.07
point      5 -      6,   DG -3.29 +/-  0.04
point      6 -      7,   DG -3.78 +/-  0.03
point      7 -      8,   DG -4.12 +/-  0.05
point      8 -      9,   DG -4.46 +/-  0.04
point      9 -     10,   DG -4.71 +/-  0.02
point     10 -     11,   DG -0.23 +/-  0.03
point     11 -     12,   DG -0.50 +/-  0.06
point     12 -     13,   DG -0.97 +/-  0.11
point     13 -     14,   DG -1.48 +/-  0.15
point     14 -     15,   DG -2.94 +/-  0.20

total      0 -     15,   DG -22.35 +/-  0.95

