
md10.edr: 0.0 - 20001.0; lambda = (0, 0.9)
    foreign lambdas:
        delta H to (0, 0.8) (20001 pts)
        delta H to (0, 0.9) (20001 pts)
        delta H to (0, 1) (20001 pts)



md11.edr: 0.0 - 20001.0; lambda = (0, 1)
    foreign lambdas:
        delta H to (0, 0.9) (20001 pts)
        delta H to (0, 1) (20001 pts)
        delta H to (0.2, 1) (20001 pts)



md12.edr: 0.0 - 20001.0; lambda = (0.2, 1)
    foreign lambdas:
        delta H to (0, 1) (20001 pts)
        delta H to (0.2, 1) (20001 pts)
        delta H to (0.4, 1) (20001 pts)



md13.edr: 0.0 - 20001.0; lambda = (0.4, 1)
    foreign lambdas:
        delta H to (0.2, 1) (20001 pts)
        delta H to (0.4, 1) (20001 pts)
        delta H to (0.6, 1) (20001 pts)



md14.edr: 0.0 - 20001.0; lambda = (0.6, 1)
    foreign lambdas:
        delta H to (0.4, 1) (20001 pts)
        delta H to (0.6, 1) (20001 pts)
        delta H to (0.8, 1) (20001 pts)



md15.edr: 0.0 - 20001.0; lambda = (0.8, 1)
    foreign lambdas:
        delta H to (0.6, 1) (20001 pts)
        delta H to (0.8, 1) (20001 pts)
        delta H to (1, 1) (20001 pts)



md16.edr: 0.0 - 20001.0; lambda = (1, 1)
    foreign lambdas:
        delta H to (0.8, 1) (20001 pts)
        delta H to (1, 1) (20001 pts)



md1.edr: 0.0 - 20001.0; lambda = (0, 0)
    foreign lambdas:
        delta H to (0, 0) (20001 pts)
        delta H to (0, 0.1) (20001 pts)



md2.edr: 0.0 - 20001.0; lambda = (0, 0.1)
    foreign lambdas:
        delta H to (0, 0) (20001 pts)
        delta H to (0, 0.1) (20001 pts)
        delta H to (0, 0.2) (20001 pts)



md3.edr: 0.0 - 20001.0; lambda = (0, 0.2)
    foreign lambdas:
        delta H to (0, 0.1) (20001 pts)
        delta H to (0, 0.2) (20001 pts)
        delta H to (0, 0.3) (20001 pts)



md4.edr: 0.0 - 20001.0; lambda = (0, 0.3)
    foreign lambdas:
        delta H to (0, 0.2) (20001 pts)
        delta H to (0, 0.3) (20001 pts)
        delta H to (0, 0.4) (20001 pts)



md5.edr: 0.0 - 20001.0; lambda = (0, 0.4)
    foreign lambdas:
        delta H to (0, 0.3) (20001 pts)
        delta H to (0, 0.4) (20001 pts)
        delta H to (0, 0.5) (20001 pts)



md6.edr: 0.0 - 20001.0; lambda = (0, 0.5)
    foreign lambdas:
        delta H to (0, 0.4) (20001 pts)
        delta H to (0, 0.5) (20001 pts)
        delta H to (0, 0.6) (20001 pts)



md7.edr: 0.0 - 20001.0; lambda = (0, 0.6)
    foreign lambdas:
        delta H to (0, 0.5) (20001 pts)
        delta H to (0, 0.6) (20001 pts)
        delta H to (0, 0.7) (20001 pts)



md8.edr: 0.0 - 20001.0; lambda = (0, 0.7)
    foreign lambdas:
        delta H to (0, 0.6) (20001 pts)
        delta H to (0, 0.7) (20001 pts)
        delta H to (0, 0.8) (20001 pts)



md9.edr: 0.0 - 20001.0; lambda = (0, 0.8)
    foreign lambdas:
        delta H to (0, 0.7) (20001 pts)
        delta H to (0, 0.8) (20001 pts)
        delta H to (0, 0.9) (20001 pts)



   Samples in time interval: 0.000 - 20001.000
Removing samples outside of: 0.000 - 1000.000

Temperature: 298.15 K

Detailed results in kT (see help for explanation):

 lam_A  lam_B      DG   +/-     s_A   +/-     s_B   +/-   stdev   +/- 
     0      1    1.12  0.22    0.79  0.11    0.83  0.12    1.33  0.06
     1      2    1.68  0.15    2.29  0.25    1.74  0.20    2.24  0.17
     2      3    0.46  0.09    2.49  0.09    1.62  0.06    2.14  0.05
     3      4   -0.54  0.08    1.36  0.16    0.87  0.12    1.51  0.07
     4      5   -0.90  0.10    1.18  0.15    0.74  0.11    1.39  0.07
     5      6   -1.27  0.09    1.07  0.16    0.68  0.11    1.25  0.08
     6      7   -1.48  0.04    0.72  0.04    0.47  0.03    1.09  0.03
     7      8   -1.56  0.08    0.79  0.07    0.50  0.05    1.09  0.03
     8      9   -1.74  0.07    0.62  0.06    0.38  0.04    0.95  0.02
     9     10   -1.89  0.03    0.53  0.02    0.35  0.02    0.86  0.01
    10     11   -0.14  0.04    0.10  0.02    0.11  0.02    0.30  0.02
    11     12   -0.26  0.06    0.02  0.06    0.02  0.06    0.36  0.03
    12     13   -0.46  0.03    0.18  0.11    0.21  0.11    0.52  0.06
    13     14   -0.52  0.05   -0.15  0.08   -0.12  0.08    0.50  0.05
    14     15   -1.16  0.07    0.76  0.03    0.88  0.14    1.00  0.07


Final results in kJ/mol:

point      0 -      1,   DG  2.78 +/-  0.55
point      1 -      2,   DG  4.17 +/-  0.36
point      2 -      3,   DG  1.15 +/-  0.23
point      3 -      4,   DG -1.33 +/-  0.21
point      4 -      5,   DG -2.24 +/-  0.25
point      5 -      6,   DG -3.14 +/-  0.22
point      6 -      7,   DG -3.67 +/-  0.11
point      7 -      8,   DG -3.88 +/-  0.19
point      8 -      9,   DG -4.31 +/-  0.16
point      9 -     10,   DG -4.69 +/-  0.06
point     10 -     11,   DG -0.34 +/-  0.11
point     11 -     12,   DG -0.64 +/-  0.15
point     12 -     13,   DG -1.14 +/-  0.08
point     13 -     14,   DG -1.29 +/-  0.13
point     14 -     15,   DG -2.88 +/-  0.18

total      0 -     15,   DG -21.46 +/-  1.14

