
md10.edr: 0.0 - 20001.0; lambda = (0, 0.9)
    foreign lambdas:
        delta H to (0, 0.8) (20001 pts)
        delta H to (0, 0.9) (20001 pts)
        delta H to (0, 1) (20001 pts)



md11.edr: 0.0 - 20001.0; lambda = (0, 1)
    foreign lambdas:
        delta H to (0, 0.9) (20001 pts)
        delta H to (0, 1) (20001 pts)
        delta H to (0.2, 1) (20001 pts)



md12.edr: 0.0 - 20001.0; lambda = (0.2, 1)
    foreign lambdas:
        delta H to (0, 1) (20001 pts)
        delta H to (0.2, 1) (20001 pts)
        delta H to (0.4, 1) (20001 pts)



md13.edr: 0.0 - 20001.0; lambda = (0.4, 1)
    foreign lambdas:
        delta H to (0.2, 1) (20001 pts)
        delta H to (0.4, 1) (20001 pts)
        delta H to (0.6, 1) (20001 pts)



md14.edr: 0.0 - 20001.0; lambda = (0.6, 1)
    foreign lambdas:
        delta H to (0.4, 1) (20001 pts)
        delta H to (0.6, 1) (20001 pts)
        delta H to (0.8, 1) (20001 pts)



md15.edr: 0.0 - 20001.0; lambda = (0.8, 1)
    foreign lambdas:
        delta H to (0.6, 1) (20001 pts)
        delta H to (0.8, 1) (20001 pts)
        delta H to (1, 1) (20001 pts)



md16.edr: 0.0 - 20001.0; lambda = (1, 1)
    foreign lambdas:
        delta H to (0.8, 1) (20001 pts)
        delta H to (1, 1) (20001 pts)



md1.edr: 0.0 - 20001.0; lambda = (0, 0)
    foreign lambdas:
        delta H to (0, 0) (20001 pts)
        delta H to (0, 0.1) (20001 pts)



md2.edr: 0.0 - 20001.0; lambda = (0, 0.1)
    foreign lambdas:
        delta H to (0, 0) (20001 pts)
        delta H to (0, 0.1) (20001 pts)
        delta H to (0, 0.2) (20001 pts)



md3.edr: 0.0 - 20001.0; lambda = (0, 0.2)
    foreign lambdas:
        delta H to (0, 0.1) (20001 pts)
        delta H to (0, 0.2) (20001 pts)
        delta H to (0, 0.3) (20001 pts)



md4.edr: 0.0 - 20001.0; lambda = (0, 0.3)
    foreign lambdas:
        delta H to (0, 0.2) (20001 pts)
        delta H to (0, 0.3) (20001 pts)
        delta H to (0, 0.4) (20001 pts)



md5.edr: 0.0 - 20001.0; lambda = (0, 0.4)
    foreign lambdas:
        delta H to (0, 0.3) (20001 pts)
        delta H to (0, 0.4) (20001 pts)
        delta H to (0, 0.5) (20001 pts)



md6.edr: 0.0 - 20001.0; lambda = (0, 0.5)
    foreign lambdas:
        delta H to (0, 0.4) (20001 pts)
        delta H to (0, 0.5) (20001 pts)
        delta H to (0, 0.6) (20001 pts)



md7.edr: 0.0 - 20001.0; lambda = (0, 0.6)
    foreign lambdas:
        delta H to (0, 0.5) (20001 pts)
        delta H to (0, 0.6) (20001 pts)
        delta H to (0, 0.7) (20001 pts)



md8.edr: 0.0 - 20001.0; lambda = (0, 0.7)
    foreign lambdas:
        delta H to (0, 0.6) (20001 pts)
        delta H to (0, 0.7) (20001 pts)
        delta H to (0, 0.8) (20001 pts)



md9.edr: 0.0 - 20001.0; lambda = (0, 0.8)
    foreign lambdas:
        delta H to (0, 0.7) (20001 pts)
        delta H to (0, 0.8) (20001 pts)
        delta H to (0, 0.9) (20001 pts)



   Samples in time interval: 0.000 - 20001.000
Removing samples outside of: 0.000 - 3000.000

Temperature: 298.15 K

Detailed results in kT (see help for explanation):

 lam_A  lam_B      DG   +/-     s_A   +/-     s_B   +/-   stdev   +/- 
     0      1    1.05  0.02    0.15  0.01    0.17  0.01    0.57  0.01
     1      2    3.09  0.03    0.65  0.03    0.76  0.03    1.22  0.01
     2      3    3.32  0.03    2.67  0.05    2.20  0.05    2.66  0.04
     3      4    1.24  0.02    2.51  0.07    1.40  0.04    2.04  0.03
     4      5    0.11  0.02    1.36  0.03    0.80  0.03    1.44  0.02
     5      6   -0.43  0.01    0.93  0.02    0.58  0.01    1.18  0.01
     6      7   -0.75  0.01    0.65  0.02    0.41  0.02    1.00  0.01
     7      8   -0.93  0.01    0.54  0.03    0.37  0.02    0.91  0.01
     8      9   -1.08  0.01    0.44  0.02    0.29  0.01    0.82  0.01
     9     10   -1.17  0.01    0.38  0.01    0.26  0.01    0.78  0.01
    10     11   -0.28  0.01    0.31  0.01    0.32  0.01    0.79  0.01
    11     12   -1.01  0.01    0.40  0.00    0.46  0.00    0.92  0.00
    12     13   -2.03  0.01    0.57  0.02    0.62  0.02    1.11  0.01
    13     14   -3.37  0.02    0.72  0.02    0.76  0.03    1.25  0.01
    14     15   -4.99  0.01    0.86  0.01    0.88  0.02    1.36  0.01


Final results in kJ/mol:

point      0 -      1,   DG  2.61 +/-  0.05
point      1 -      2,   DG  7.67 +/-  0.07
point      2 -      3,   DG  8.24 +/-  0.08
point      3 -      4,   DG  3.08 +/-  0.04
point      4 -      5,   DG  0.27 +/-  0.06
point      5 -      6,   DG -1.07 +/-  0.03
point      6 -      7,   DG -1.86 +/-  0.03
point      7 -      8,   DG -2.31 +/-  0.03
point      8 -      9,   DG -2.69 +/-  0.02
point      9 -     10,   DG -2.91 +/-  0.02
point     10 -     11,   DG -0.70 +/-  0.03
point     11 -     12,   DG -2.50 +/-  0.03
point     12 -     13,   DG -5.03 +/-  0.04
point     13 -     14,   DG -8.36 +/-  0.05
point     14 -     15,   DG -12.38 +/-  0.03

total      0 -     15,   DG -17.94 +/-  0.17

