
md10.edr: 0.0 - 20001.0; lambda = (0, 0.9)
    foreign lambdas:
        delta H to (0, 0.8) (20001 pts)
        delta H to (0, 0.9) (20001 pts)
        delta H to (0, 1) (20001 pts)



md11.edr: 0.0 - 20001.0; lambda = (0, 1)
    foreign lambdas:
        delta H to (0, 0.9) (20001 pts)
        delta H to (0, 1) (20001 pts)
        delta H to (0.2, 1) (20001 pts)



md12.edr: 0.0 - 20001.0; lambda = (0.2, 1)
    foreign lambdas:
        delta H to (0, 1) (20001 pts)
        delta H to (0.2, 1) (20001 pts)
        delta H to (0.4, 1) (20001 pts)



md13.edr: 0.0 - 20001.0; lambda = (0.4, 1)
    foreign lambdas:
        delta H to (0.2, 1) (20001 pts)
        delta H to (0.4, 1) (20001 pts)
        delta H to (0.6, 1) (20001 pts)



md14.edr: 0.0 - 20001.0; lambda = (0.6, 1)
    foreign lambdas:
        delta H to (0.4, 1) (20001 pts)
        delta H to (0.6, 1) (20001 pts)
        delta H to (0.8, 1) (20001 pts)



md15.edr: 0.0 - 20001.0; lambda = (0.8, 1)
    foreign lambdas:
        delta H to (0.6, 1) (20001 pts)
        delta H to (0.8, 1) (20001 pts)
        delta H to (1, 1) (20001 pts)



md16.edr: 0.0 - 20001.0; lambda = (1, 1)
    foreign lambdas:
        delta H to (0.8, 1) (20001 pts)
        delta H to (1, 1) (20001 pts)



md1.edr: 0.0 - 20001.0; lambda = (0, 0)
    foreign lambdas:
        delta H to (0, 0) (20001 pts)
        delta H to (0, 0.1) (20001 pts)



md2.edr: 0.0 - 20001.0; lambda = (0, 0.1)
    foreign lambdas:
        delta H to (0, 0) (20001 pts)
        delta H to (0, 0.1) (20001 pts)
        delta H to (0, 0.2) (20001 pts)



md3.edr: 0.0 - 20001.0; lambda = (0, 0.2)
    foreign lambdas:
        delta H to (0, 0.1) (20001 pts)
        delta H to (0, 0.2) (20001 pts)
        delta H to (0, 0.3) (20001 pts)



md4.edr: 0.0 - 20001.0; lambda = (0, 0.3)
    foreign lambdas:
        delta H to (0, 0.2) (20001 pts)
        delta H to (0, 0.3) (20001 pts)
        delta H to (0, 0.4) (20001 pts)



md5.edr: 0.0 - 20001.0; lambda = (0, 0.4)
    foreign lambdas:
        delta H to (0, 0.3) (20001 pts)
        delta H to (0, 0.4) (20001 pts)
        delta H to (0, 0.5) (20001 pts)



md6.edr: 0.0 - 20001.0; lambda = (0, 0.5)
    foreign lambdas:
        delta H to (0, 0.4) (20001 pts)
        delta H to (0, 0.5) (20001 pts)
        delta H to (0, 0.6) (20001 pts)



md7.edr: 0.0 - 20001.0; lambda = (0, 0.6)
    foreign lambdas:
        delta H to (0, 0.5) (20001 pts)
        delta H to (0, 0.6) (20001 pts)
        delta H to (0, 0.7) (20001 pts)



md8.edr: 0.0 - 20001.0; lambda = (0, 0.7)
    foreign lambdas:
        delta H to (0, 0.6) (20001 pts)
        delta H to (0, 0.7) (20001 pts)
        delta H to (0, 0.8) (20001 pts)



md9.edr: 0.0 - 20001.0; lambda = (0, 0.8)
    foreign lambdas:
        delta H to (0, 0.7) (20001 pts)
        delta H to (0, 0.8) (20001 pts)
        delta H to (0, 0.9) (20001 pts)



   Samples in time interval: 0.000 - 20001.000
Removing samples outside of: 0.000 - 16000.000

Temperature: 298.15 K

Detailed results in kT (see help for explanation):

 lam_A  lam_B      DG   +/-     s_A   +/-     s_B   +/-   stdev   +/- 
     0      1    1.07  0.01    0.15  0.00    0.16  0.00    0.56  0.00
     1      2    3.11  0.02    0.66  0.01    0.78  0.01    1.22  0.01
     2      3    3.39  0.02    2.62  0.03    2.19  0.02    2.62  0.02
     3      4    1.29  0.01    2.61  0.02    1.42  0.00    2.06  0.01
     4      5    0.14  0.01    1.39  0.02    0.83  0.01    1.45  0.01
     5      6   -0.42  0.01    0.92  0.01    0.58  0.01    1.18  0.01
     6      7   -0.74  0.00    0.67  0.01    0.43  0.01    1.01  0.00
     7      8   -0.94  0.01    0.53  0.00    0.35  0.00    0.90  0.00
     8      9   -1.08  0.01    0.44  0.01    0.30  0.01    0.82  0.00
     9     10   -1.18  0.01    0.38  0.01    0.26  0.00    0.77  0.00
    10     11   -0.28  0.00    0.31  0.00    0.32  0.00    0.79  0.00
    11     12   -1.00  0.01    0.39  0.01    0.44  0.01    0.92  0.00
    12     13   -2.01  0.01    0.57  0.01    0.63  0.01    1.12  0.01
    13     14   -3.37  0.01    0.73  0.01    0.77  0.01    1.25  0.00
    14     15   -4.99  0.01    0.85  0.01    0.88  0.01    1.36  0.01


Final results in kJ/mol:

point      0 -      1,   DG  2.64 +/-  0.02
point      1 -      2,   DG  7.71 +/-  0.04
point      2 -      3,   DG  8.41 +/-  0.04
point      3 -      4,   DG  3.20 +/-  0.03
point      4 -      5,   DG  0.34 +/-  0.03
point      5 -      6,   DG -1.03 +/-  0.01
point      6 -      7,   DG -1.85 +/-  0.00
point      7 -      8,   DG -2.33 +/-  0.02
point      8 -      9,   DG -2.68 +/-  0.01
point      9 -     10,   DG -2.93 +/-  0.02
point     10 -     11,   DG -0.70 +/-  0.01
point     11 -     12,   DG -2.47 +/-  0.01
point     12 -     13,   DG -4.98 +/-  0.03
point     13 -     14,   DG -8.36 +/-  0.03
point     14 -     15,   DG -12.37 +/-  0.01

total      0 -     15,   DG -17.40 +/-  0.15

