
md10.edr: 0.0 - 20001.0; lambda = (0, 0.9)
    foreign lambdas:
        delta H to (0, 0.8) (20001 pts)
        delta H to (0, 0.9) (20001 pts)
        delta H to (0, 1) (20001 pts)



md11.edr: 0.0 - 20001.0; lambda = (0, 1)
    foreign lambdas:
        delta H to (0, 0.9) (20001 pts)
        delta H to (0, 1) (20001 pts)
        delta H to (0.2, 1) (20001 pts)



md12.edr: 0.0 - 20001.0; lambda = (0.2, 1)
    foreign lambdas:
        delta H to (0, 1) (20001 pts)
        delta H to (0.2, 1) (20001 pts)
        delta H to (0.4, 1) (20001 pts)



md13.edr: 0.0 - 20001.0; lambda = (0.4, 1)
    foreign lambdas:
        delta H to (0.2, 1) (20001 pts)
        delta H to (0.4, 1) (20001 pts)
        delta H to (0.6, 1) (20001 pts)



md14.edr: 0.0 - 20001.0; lambda = (0.6, 1)
    foreign lambdas:
        delta H to (0.4, 1) (20001 pts)
        delta H to (0.6, 1) (20001 pts)
        delta H to (0.8, 1) (20001 pts)



md15.edr: 0.0 - 20001.0; lambda = (0.8, 1)
    foreign lambdas:
        delta H to (0.6, 1) (20001 pts)
        delta H to (0.8, 1) (20001 pts)
        delta H to (1, 1) (20001 pts)



md16.edr: 0.0 - 20001.0; lambda = (1, 1)
    foreign lambdas:
        delta H to (0.8, 1) (20001 pts)
        delta H to (1, 1) (20001 pts)



md1.edr: 0.0 - 20001.0; lambda = (0, 0)
    foreign lambdas:
        delta H to (0, 0) (20001 pts)
        delta H to (0, 0.1) (20001 pts)



md2.edr: 0.0 - 20001.0; lambda = (0, 0.1)
    foreign lambdas:
        delta H to (0, 0) (20001 pts)
        delta H to (0, 0.1) (20001 pts)
        delta H to (0, 0.2) (20001 pts)



md3.edr: 0.0 - 20001.0; lambda = (0, 0.2)
    foreign lambdas:
        delta H to (0, 0.1) (20001 pts)
        delta H to (0, 0.2) (20001 pts)
        delta H to (0, 0.3) (20001 pts)



md4.edr: 0.0 - 20001.0; lambda = (0, 0.3)
    foreign lambdas:
        delta H to (0, 0.2) (20001 pts)
        delta H to (0, 0.3) (20001 pts)
        delta H to (0, 0.4) (20001 pts)



md5.edr: 0.0 - 20001.0; lambda = (0, 0.4)
    foreign lambdas:
        delta H to (0, 0.3) (20001 pts)
        delta H to (0, 0.4) (20001 pts)
        delta H to (0, 0.5) (20001 pts)



md6.edr: 0.0 - 20001.0; lambda = (0, 0.5)
    foreign lambdas:
        delta H to (0, 0.4) (20001 pts)
        delta H to (0, 0.5) (20001 pts)
        delta H to (0, 0.6) (20001 pts)



md7.edr: 0.0 - 20001.0; lambda = (0, 0.6)
    foreign lambdas:
        delta H to (0, 0.5) (20001 pts)
        delta H to (0, 0.6) (20001 pts)
        delta H to (0, 0.7) (20001 pts)



md8.edr: 0.0 - 20001.0; lambda = (0, 0.7)
    foreign lambdas:
        delta H to (0, 0.6) (20001 pts)
        delta H to (0, 0.7) (20001 pts)
        delta H to (0, 0.8) (20001 pts)



md9.edr: 0.0 - 20001.0; lambda = (0, 0.8)
    foreign lambdas:
        delta H to (0, 0.7) (20001 pts)
        delta H to (0, 0.8) (20001 pts)
        delta H to (0, 0.9) (20001 pts)



   Samples in time interval: 0.000 - 20001.000
Removing samples outside of: 0.000 - 1000.000

Temperature: 298.15 K

Detailed results in kT (see help for explanation):

 lam_A  lam_B      DG   +/-     s_A   +/-     s_B   +/-   stdev   +/- 
     0      1    1.05  0.02    0.14  0.01    0.16  0.02    0.57  0.01
     1      2    3.08  0.01    0.67  0.03    0.81  0.04    1.24  0.02
     2      3    3.31  0.05    2.59  0.06    2.07  0.03    2.60  0.04
     3      4    1.29  0.01    2.67  0.08    1.47  0.04    2.10  0.03
     4      5    0.11  0.05    1.32  0.05    0.79  0.04    1.45  0.02
     5      6   -0.44  0.03    0.97  0.04    0.57  0.03    1.19  0.03
     6      7   -0.73  0.02    0.63  0.04    0.40  0.02    0.99  0.02
     7      8   -0.91  0.02    0.57  0.03    0.41  0.03    0.91  0.02
     8      9   -1.10  0.03    0.40  0.03    0.29  0.02    0.81  0.03
     9     10   -1.20  0.01    0.39  0.03    0.28  0.02    0.77  0.01
    10     11   -0.29  0.02    0.29  0.02    0.31  0.02    0.78  0.01
    11     12   -0.99  0.02    0.40  0.02    0.45  0.02    0.92  0.01
    12     13   -2.03  0.04    0.59  0.02    0.64  0.03    1.13  0.01
    13     14   -3.43  0.03    0.75  0.03    0.78  0.04    1.26  0.02
    14     15   -5.02  0.01    0.82  0.03    0.84  0.03    1.34  0.02


Final results in kJ/mol:

point      0 -      1,   DG  2.61 +/-  0.05
point      1 -      2,   DG  7.63 +/-  0.03
point      2 -      3,   DG  8.20 +/-  0.13
point      3 -      4,   DG  3.19 +/-  0.04
point      4 -      5,   DG  0.28 +/-  0.13
point      5 -      6,   DG -1.10 +/-  0.07
point      6 -      7,   DG -1.82 +/-  0.05
point      7 -      8,   DG -2.26 +/-  0.05
point      8 -      9,   DG -2.72 +/-  0.07
point      9 -     10,   DG -2.97 +/-  0.03
point     10 -     11,   DG -0.71 +/-  0.04
point     11 -     12,   DG -2.46 +/-  0.06
point     12 -     13,   DG -5.04 +/-  0.09
point     13 -     14,   DG -8.49 +/-  0.07
point     14 -     15,   DG -12.44 +/-  0.03

total      0 -     15,   DG -18.11 +/-  0.31

